[2023-07-17 16:23:21,219] {taskinstance.py:1159} INFO - Dependencies all met for <TaskInstance: get_stocks_dag.MSFT scheduled__2023-06-13T00:00:00+00:00 [queued]>
[2023-07-17 16:23:21,244] {taskinstance.py:1159} INFO - Dependencies all met for <TaskInstance: get_stocks_dag.MSFT scheduled__2023-06-13T00:00:00+00:00 [queued]>
[2023-07-17 16:23:21,245] {taskinstance.py:1356} INFO - 
--------------------------------------------------------------------------------
[2023-07-17 16:23:21,245] {taskinstance.py:1357} INFO - Starting attempt 1 of 1
[2023-07-17 16:23:21,245] {taskinstance.py:1358} INFO - 
--------------------------------------------------------------------------------
[2023-07-17 16:23:21,298] {taskinstance.py:1377} INFO - Executing <Task(_PythonDecoratedOperator): MSFT> on 2023-06-13 00:00:00+00:00
[2023-07-17 16:23:21,314] {standard_task_runner.py:52} INFO - Started process 10133 to run task
[2023-07-17 16:23:21,351] {standard_task_runner.py:79} INFO - Running: ['airflow', 'tasks', 'run', 'get_stocks_dag', 'MSFT', 'scheduled__2023-06-13T00:00:00+00:00', '--job-id', '170', '--raw', '--subdir', 'DAGS_FOLDER/get_stocks.py', '--cfg-path', '/tmp/tmposu5v8w_', '--error-file', '/tmp/tmpumeubjux']
[2023-07-17 16:23:21,352] {standard_task_runner.py:80} INFO - Job 170: Subtask MSFT
[2023-07-17 16:23:21,571] {task_command.py:370} INFO - Running <TaskInstance: get_stocks_dag.MSFT scheduled__2023-06-13T00:00:00+00:00 [running]> on host lucas-Estudos
[2023-07-17 16:23:21,772] {taskinstance.py:1569} INFO - Exporting the following env vars:
AIRFLOW_CTX_DAG_OWNER=airflow
AIRFLOW_CTX_DAG_ID=get_stocks_dag
AIRFLOW_CTX_TASK_ID=MSFT
AIRFLOW_CTX_EXECUTION_DATE=2023-06-13T00:00:00+00:00
AIRFLOW_CTX_TRY_NUMBER=1
AIRFLOW_CTX_DAG_RUN_ID=scheduled__2023-06-13T00:00:00+00:00
[2023-07-17 16:23:22,676] {python.py:173} INFO - Done. Returned value was: None
[2023-07-17 16:23:22,772] {taskinstance.py:1395} INFO - Marking task as SUCCESS. dag_id=get_stocks_dag, task_id=MSFT, execution_date=20230613T000000, start_date=20230717T192321, end_date=20230717T192322
[2023-07-17 16:23:22,885] {local_task_job.py:156} INFO - Task exited with return code 0
[2023-07-17 16:23:23,087] {local_task_job.py:273} INFO - 0 downstream tasks scheduled from follow-on schedule check
[2023-07-17 16:54:40,807] {taskinstance.py:1159} INFO - Dependencies all met for <TaskInstance: get_stocks_dag.MSFT scheduled__2023-06-13T00:00:00+00:00 [queued]>
[2023-07-17 16:54:40,821] {taskinstance.py:1159} INFO - Dependencies all met for <TaskInstance: get_stocks_dag.MSFT scheduled__2023-06-13T00:00:00+00:00 [queued]>
[2023-07-17 16:54:40,821] {taskinstance.py:1356} INFO - 
--------------------------------------------------------------------------------
[2023-07-17 16:54:40,821] {taskinstance.py:1357} INFO - Starting attempt 1 of 1
[2023-07-17 16:54:40,821] {taskinstance.py:1358} INFO - 
--------------------------------------------------------------------------------
[2023-07-17 16:54:40,842] {taskinstance.py:1377} INFO - Executing <Task(_PythonDecoratedOperator): MSFT> on 2023-06-13 00:00:00+00:00
[2023-07-17 16:54:40,850] {standard_task_runner.py:52} INFO - Started process 23000 to run task
[2023-07-17 16:54:40,868] {standard_task_runner.py:79} INFO - Running: ['airflow', 'tasks', 'run', 'get_stocks_dag', 'MSFT', 'scheduled__2023-06-13T00:00:00+00:00', '--job-id', '390', '--raw', '--subdir', 'DAGS_FOLDER/get_stocks.py', '--cfg-path', '/tmp/tmp0s_jxzrc', '--error-file', '/tmp/tmp5qzmiygs']
[2023-07-17 16:54:40,869] {standard_task_runner.py:80} INFO - Job 390: Subtask MSFT
[2023-07-17 16:54:40,996] {task_command.py:370} INFO - Running <TaskInstance: get_stocks_dag.MSFT scheduled__2023-06-13T00:00:00+00:00 [running]> on host lucas-Estudos
[2023-07-17 16:54:41,154] {taskinstance.py:1569} INFO - Exporting the following env vars:
AIRFLOW_CTX_DAG_OWNER=airflow
AIRFLOW_CTX_DAG_ID=get_stocks_dag
AIRFLOW_CTX_TASK_ID=MSFT
AIRFLOW_CTX_EXECUTION_DATE=2023-06-13T00:00:00+00:00
AIRFLOW_CTX_TRY_NUMBER=1
AIRFLOW_CTX_DAG_RUN_ID=scheduled__2023-06-13T00:00:00+00:00
[2023-07-17 16:54:41,756] {python.py:173} INFO - Done. Returned value was: None
[2023-07-17 16:54:41,797] {taskinstance.py:1395} INFO - Marking task as SUCCESS. dag_id=get_stocks_dag, task_id=MSFT, execution_date=20230613T000000, start_date=20230717T195440, end_date=20230717T195441
[2023-07-17 16:54:41,863] {local_task_job.py:156} INFO - Task exited with return code 0
[2023-07-17 16:54:41,970] {local_task_job.py:273} INFO - 0 downstream tasks scheduled from follow-on schedule check
[2023-07-17 21:04:07,163] {taskinstance.py:1159} INFO - Dependencies all met for <TaskInstance: get_stocks_dag.MSFT scheduled__2023-06-13T00:00:00+00:00 [queued]>
[2023-07-17 21:04:07,188] {taskinstance.py:1159} INFO - Dependencies all met for <TaskInstance: get_stocks_dag.MSFT scheduled__2023-06-13T00:00:00+00:00 [queued]>
[2023-07-17 21:04:07,189] {taskinstance.py:1356} INFO - 
--------------------------------------------------------------------------------
[2023-07-17 21:04:07,189] {taskinstance.py:1357} INFO - Starting attempt 1 of 1
[2023-07-17 21:04:07,189] {taskinstance.py:1358} INFO - 
--------------------------------------------------------------------------------
[2023-07-17 21:04:07,218] {taskinstance.py:1377} INFO - Executing <Task(_PythonDecoratedOperator): MSFT> on 2023-06-13 00:00:00+00:00
[2023-07-17 21:04:07,228] {standard_task_runner.py:52} INFO - Started process 26407 to run task
[2023-07-17 21:04:07,236] {standard_task_runner.py:79} INFO - Running: ['airflow', 'tasks', 'run', 'get_stocks_dag', 'MSFT', 'scheduled__2023-06-13T00:00:00+00:00', '--job-id', '609', '--raw', '--subdir', 'DAGS_FOLDER/get_stocks.py', '--cfg-path', '/tmp/tmpig2fdwyj', '--error-file', '/tmp/tmpsv7hujsx']
[2023-07-17 21:04:07,239] {standard_task_runner.py:80} INFO - Job 609: Subtask MSFT
[2023-07-17 21:04:07,439] {task_command.py:370} INFO - Running <TaskInstance: get_stocks_dag.MSFT scheduled__2023-06-13T00:00:00+00:00 [running]> on host lucas-Estudos
[2023-07-17 21:04:07,674] {taskinstance.py:1569} INFO - Exporting the following env vars:
AIRFLOW_CTX_DAG_OWNER=airflow
AIRFLOW_CTX_DAG_ID=get_stocks_dag
AIRFLOW_CTX_TASK_ID=MSFT
AIRFLOW_CTX_EXECUTION_DATE=2023-06-13T00:00:00+00:00
AIRFLOW_CTX_TRY_NUMBER=1
AIRFLOW_CTX_DAG_RUN_ID=scheduled__2023-06-13T00:00:00+00:00
[2023-07-17 21:04:11,410] {python.py:173} INFO - Done. Returned value was: None
[2023-07-17 21:04:11,468] {taskinstance.py:1395} INFO - Marking task as SUCCESS. dag_id=get_stocks_dag, task_id=MSFT, execution_date=20230613T000000, start_date=20230718T000407, end_date=20230718T000411
[2023-07-17 21:04:11,542] {local_task_job.py:156} INFO - Task exited with return code 0
[2023-07-17 21:04:11,675] {local_task_job.py:273} INFO - 0 downstream tasks scheduled from follow-on schedule check
[2023-07-17 22:09:04,658] {taskinstance.py:1159} INFO - Dependencies all met for <TaskInstance: get_stocks_dag.MSFT scheduled__2023-06-13T00:00:00+00:00 [queued]>
[2023-07-17 22:09:04,688] {taskinstance.py:1159} INFO - Dependencies all met for <TaskInstance: get_stocks_dag.MSFT scheduled__2023-06-13T00:00:00+00:00 [queued]>
[2023-07-17 22:09:04,689] {taskinstance.py:1356} INFO - 
--------------------------------------------------------------------------------
[2023-07-17 22:09:04,689] {taskinstance.py:1357} INFO - Starting attempt 1 of 1
[2023-07-17 22:09:04,689] {taskinstance.py:1358} INFO - 
--------------------------------------------------------------------------------
[2023-07-17 22:09:04,723] {taskinstance.py:1377} INFO - Executing <Task(_PythonDecoratedOperator): MSFT> on 2023-06-13 00:00:00+00:00
[2023-07-17 22:09:04,734] {standard_task_runner.py:52} INFO - Started process 76440 to run task
[2023-07-17 22:09:04,741] {standard_task_runner.py:79} INFO - Running: ['airflow', 'tasks', 'run', 'get_stocks_dag', 'MSFT', 'scheduled__2023-06-13T00:00:00+00:00', '--job-id', '958', '--raw', '--subdir', 'DAGS_FOLDER/get_stocks.py', '--cfg-path', '/tmp/tmpre5nwv8q', '--error-file', '/tmp/tmp46nvrqn1']
[2023-07-17 22:09:04,743] {standard_task_runner.py:80} INFO - Job 958: Subtask MSFT
[2023-07-17 22:09:04,915] {task_command.py:370} INFO - Running <TaskInstance: get_stocks_dag.MSFT scheduled__2023-06-13T00:00:00+00:00 [running]> on host lucas-Estudos
[2023-07-17 22:09:05,141] {taskinstance.py:1569} INFO - Exporting the following env vars:
AIRFLOW_CTX_DAG_OWNER=airflow
AIRFLOW_CTX_DAG_ID=get_stocks_dag
AIRFLOW_CTX_TASK_ID=MSFT
AIRFLOW_CTX_EXECUTION_DATE=2023-06-13T00:00:00+00:00
AIRFLOW_CTX_TRY_NUMBER=1
AIRFLOW_CTX_DAG_RUN_ID=scheduled__2023-06-13T00:00:00+00:00
[2023-07-17 22:09:09,846] {python.py:173} INFO - Done. Returned value was: None
[2023-07-17 22:09:09,897] {taskinstance.py:1395} INFO - Marking task as SUCCESS. dag_id=get_stocks_dag, task_id=MSFT, execution_date=20230613T000000, start_date=20230718T010904, end_date=20230718T010909
[2023-07-17 22:09:09,930] {local_task_job.py:220} WARNING - State of this instance has been externally set to success. Terminating instance.
[2023-07-17 22:09:09,953] {process_utils.py:125} INFO - Sending Signals.SIGTERM to group 76440. PIDs of all processes in the group: [76440]
[2023-07-17 22:09:09,953] {process_utils.py:80} INFO - Sending the signal Signals.SIGTERM to group 76440
[2023-07-17 22:09:09,954] {process_utils.py:75} INFO - Process psutil.Process(pid=76440, status='terminated', exitcode=0, started='22:09:03') (76440) terminated with exit code 0
[2023-07-18 10:53:54,848] {taskinstance.py:1159} INFO - Dependencies all met for <TaskInstance: get_stocks_dag.MSFT scheduled__2023-06-13T00:00:00+00:00 [queued]>
[2023-07-18 10:53:54,871] {taskinstance.py:1159} INFO - Dependencies all met for <TaskInstance: get_stocks_dag.MSFT scheduled__2023-06-13T00:00:00+00:00 [queued]>
[2023-07-18 10:53:54,871] {taskinstance.py:1356} INFO - 
--------------------------------------------------------------------------------
[2023-07-18 10:53:54,871] {taskinstance.py:1357} INFO - Starting attempt 1 of 1
[2023-07-18 10:53:54,871] {taskinstance.py:1358} INFO - 
--------------------------------------------------------------------------------
[2023-07-18 10:53:54,900] {taskinstance.py:1377} INFO - Executing <Task(_PythonDecoratedOperator): MSFT> on 2023-06-13 00:00:00+00:00
[2023-07-18 10:53:54,912] {standard_task_runner.py:52} INFO - Started process 21119 to run task
[2023-07-18 10:53:54,919] {standard_task_runner.py:79} INFO - Running: ['airflow', 'tasks', 'run', 'get_stocks_dag', 'MSFT', 'scheduled__2023-06-13T00:00:00+00:00', '--job-id', '1452', '--raw', '--subdir', 'DAGS_FOLDER/get_stocks.py', '--cfg-path', '/tmp/tmpcpbyztwt', '--error-file', '/tmp/tmp3f_02nr1']
[2023-07-18 10:53:54,921] {standard_task_runner.py:80} INFO - Job 1452: Subtask MSFT
[2023-07-18 10:53:55,104] {task_command.py:370} INFO - Running <TaskInstance: get_stocks_dag.MSFT scheduled__2023-06-13T00:00:00+00:00 [running]> on host lucas-Estudos
[2023-07-18 10:53:55,312] {taskinstance.py:1569} INFO - Exporting the following env vars:
AIRFLOW_CTX_DAG_OWNER=airflow
AIRFLOW_CTX_DAG_ID=get_stocks_dag
AIRFLOW_CTX_TASK_ID=MSFT
AIRFLOW_CTX_EXECUTION_DATE=2023-06-13T00:00:00+00:00
AIRFLOW_CTX_TRY_NUMBER=1
AIRFLOW_CTX_DAG_RUN_ID=scheduled__2023-06-13T00:00:00+00:00
[2023-07-18 10:53:55,944] {python.py:173} INFO - Done. Returned value was: None
[2023-07-18 10:53:56,057] {taskinstance.py:1395} INFO - Marking task as SUCCESS. dag_id=get_stocks_dag, task_id=MSFT, execution_date=20230613T000000, start_date=20230718T135354, end_date=20230718T135356
[2023-07-18 10:53:56,094] {local_task_job.py:156} INFO - Task exited with return code 0
[2023-07-18 10:53:56,201] {local_task_job.py:273} INFO - 0 downstream tasks scheduled from follow-on schedule check
