[2023-07-17 22:11:07,838] {taskinstance.py:1159} INFO - Dependencies all met for <TaskInstance: get_crypto_dag.DOGE scheduled__2023-06-05T00:00:00+00:00 [queued]>
[2023-07-17 22:11:07,867] {taskinstance.py:1159} INFO - Dependencies all met for <TaskInstance: get_crypto_dag.DOGE scheduled__2023-06-05T00:00:00+00:00 [queued]>
[2023-07-17 22:11:07,867] {taskinstance.py:1356} INFO - 
--------------------------------------------------------------------------------
[2023-07-17 22:11:07,868] {taskinstance.py:1357} INFO - Starting attempt 1 of 1
[2023-07-17 22:11:07,868] {taskinstance.py:1358} INFO - 
--------------------------------------------------------------------------------
[2023-07-17 22:11:07,890] {taskinstance.py:1377} INFO - Executing <Task(_PythonDecoratedOperator): DOGE> on 2023-06-05 00:00:00+00:00
[2023-07-17 22:11:07,897] {standard_task_runner.py:52} INFO - Started process 80611 to run task
[2023-07-17 22:11:07,900] {standard_task_runner.py:79} INFO - Running: ['airflow', 'tasks', 'run', 'get_crypto_dag', 'DOGE', 'scheduled__2023-06-05T00:00:00+00:00', '--job-id', '989', '--raw', '--subdir', 'DAGS_FOLDER/get_crypto.py', '--cfg-path', '/tmp/tmptjgc8rwh', '--error-file', '/tmp/tmp93r5ve6r']
[2023-07-17 22:11:07,901] {standard_task_runner.py:80} INFO - Job 989: Subtask DOGE
[2023-07-17 22:11:08,018] {task_command.py:370} INFO - Running <TaskInstance: get_crypto_dag.DOGE scheduled__2023-06-05T00:00:00+00:00 [running]> on host lucas-Estudos
[2023-07-17 22:11:08,098] {taskinstance.py:1569} INFO - Exporting the following env vars:
AIRFLOW_CTX_DAG_OWNER=airflow
AIRFLOW_CTX_DAG_ID=get_crypto_dag
AIRFLOW_CTX_TASK_ID=DOGE
AIRFLOW_CTX_EXECUTION_DATE=2023-06-05T00:00:00+00:00
AIRFLOW_CTX_TRY_NUMBER=1
AIRFLOW_CTX_DAG_RUN_ID=scheduled__2023-06-05T00:00:00+00:00
[2023-07-17 22:11:11,741] {base.py:162} ERROR - DOGE: No timezone found, symbol may be delisted
[2023-07-17 22:11:11,750] {python.py:173} INFO - Done. Returned value was: None
[2023-07-17 22:11:11,802] {taskinstance.py:1395} INFO - Marking task as SUCCESS. dag_id=get_crypto_dag, task_id=DOGE, execution_date=20230605T000000, start_date=20230718T011107, end_date=20230718T011111
[2023-07-17 22:11:11,850] {local_task_job.py:156} INFO - Task exited with return code 0
[2023-07-17 22:11:11,964] {local_task_job.py:273} INFO - 0 downstream tasks scheduled from follow-on schedule check
[2023-07-18 10:47:43,638] {taskinstance.py:1159} INFO - Dependencies all met for <TaskInstance: get_crypto_dag.DOGE scheduled__2023-06-05T00:00:00+00:00 [queued]>
[2023-07-18 10:47:43,668] {taskinstance.py:1159} INFO - Dependencies all met for <TaskInstance: get_crypto_dag.DOGE scheduled__2023-06-05T00:00:00+00:00 [queued]>
[2023-07-18 10:47:43,669] {taskinstance.py:1356} INFO - 
--------------------------------------------------------------------------------
[2023-07-18 10:47:43,669] {taskinstance.py:1357} INFO - Starting attempt 1 of 1
[2023-07-18 10:47:43,669] {taskinstance.py:1358} INFO - 
--------------------------------------------------------------------------------
[2023-07-18 10:47:43,704] {taskinstance.py:1377} INFO - Executing <Task(_PythonDecoratedOperator): DOGE> on 2023-06-05 00:00:00+00:00
[2023-07-18 10:47:43,720] {standard_task_runner.py:52} INFO - Started process 17622 to run task
[2023-07-18 10:47:43,728] {standard_task_runner.py:79} INFO - Running: ['airflow', 'tasks', 'run', 'get_crypto_dag', 'DOGE', 'scheduled__2023-06-05T00:00:00+00:00', '--job-id', '1395', '--raw', '--subdir', 'DAGS_FOLDER/get_crypto.py', '--cfg-path', '/tmp/tmpfsbzywf5', '--error-file', '/tmp/tmp59yh06wi']
[2023-07-18 10:47:43,730] {standard_task_runner.py:80} INFO - Job 1395: Subtask DOGE
[2023-07-18 10:47:43,921] {task_command.py:370} INFO - Running <TaskInstance: get_crypto_dag.DOGE scheduled__2023-06-05T00:00:00+00:00 [running]> on host lucas-Estudos
[2023-07-18 10:47:43,982] {taskinstance.py:1569} INFO - Exporting the following env vars:
AIRFLOW_CTX_DAG_OWNER=airflow
AIRFLOW_CTX_DAG_ID=get_crypto_dag
AIRFLOW_CTX_TASK_ID=DOGE
AIRFLOW_CTX_EXECUTION_DATE=2023-06-05T00:00:00+00:00
AIRFLOW_CTX_TRY_NUMBER=1
AIRFLOW_CTX_DAG_RUN_ID=scheduled__2023-06-05T00:00:00+00:00
[2023-07-18 10:47:44,529] {base.py:162} ERROR - DOGE: No timezone found, symbol may be delisted
[2023-07-18 10:47:44,537] {python.py:173} INFO - Done. Returned value was: None
[2023-07-18 10:47:44,592] {taskinstance.py:1395} INFO - Marking task as SUCCESS. dag_id=get_crypto_dag, task_id=DOGE, execution_date=20230605T000000, start_date=20230718T134743, end_date=20230718T134744
[2023-07-18 10:47:44,664] {local_task_job.py:156} INFO - Task exited with return code 0
[2023-07-18 10:47:44,785] {local_task_job.py:273} INFO - 0 downstream tasks scheduled from follow-on schedule check
