[2023-07-17 21:53:06,565] {taskinstance.py:1159} INFO - Dependencies all met for <TaskInstance: get_crypto_dag.BTC scheduled__2023-05-02T00:00:00+00:00 [queued]>
[2023-07-17 21:53:06,579] {taskinstance.py:1159} INFO - Dependencies all met for <TaskInstance: get_crypto_dag.BTC scheduled__2023-05-02T00:00:00+00:00 [queued]>
[2023-07-17 21:53:06,579] {taskinstance.py:1356} INFO - 
--------------------------------------------------------------------------------
[2023-07-17 21:53:06,579] {taskinstance.py:1357} INFO - Starting attempt 1 of 1
[2023-07-17 21:53:06,579] {taskinstance.py:1358} INFO - 
--------------------------------------------------------------------------------
[2023-07-17 21:53:06,595] {taskinstance.py:1377} INFO - Executing <Task(_PythonDecoratedOperator): BTC> on 2023-05-02 00:00:00+00:00
[2023-07-17 21:53:06,601] {standard_task_runner.py:52} INFO - Started process 44018 to run task
[2023-07-17 21:53:06,610] {standard_task_runner.py:79} INFO - Running: ['airflow', 'tasks', 'run', 'get_crypto_dag', 'BTC', 'scheduled__2023-05-02T00:00:00+00:00', '--job-id', '721', '--raw', '--subdir', 'DAGS_FOLDER/get_crypto.py', '--cfg-path', '/tmp/tmpoqry90h2', '--error-file', '/tmp/tmpjupv28fn']
[2023-07-17 21:53:06,611] {standard_task_runner.py:80} INFO - Job 721: Subtask BTC
[2023-07-17 21:53:06,709] {task_command.py:370} INFO - Running <TaskInstance: get_crypto_dag.BTC scheduled__2023-05-02T00:00:00+00:00 [running]> on host lucas-Estudos
[2023-07-17 21:53:06,794] {taskinstance.py:1569} INFO - Exporting the following env vars:
AIRFLOW_CTX_DAG_OWNER=airflow
AIRFLOW_CTX_DAG_ID=get_crypto_dag
AIRFLOW_CTX_TASK_ID=BTC
AIRFLOW_CTX_EXECUTION_DATE=2023-05-02T00:00:00+00:00
AIRFLOW_CTX_TRY_NUMBER=1
AIRFLOW_CTX_DAG_RUN_ID=scheduled__2023-05-02T00:00:00+00:00
[2023-07-17 21:53:08,329] {base.py:297} ERROR - BTC: No price data found, symbol may be delisted (1h 2023-05-01 -> 2023-05-02)
[2023-07-17 21:53:08,336] {python.py:173} INFO - Done. Returned value was: None
[2023-07-17 21:53:08,387] {taskinstance.py:1395} INFO - Marking task as SUCCESS. dag_id=get_crypto_dag, task_id=BTC, execution_date=20230502T000000, start_date=20230718T005306, end_date=20230718T005308
[2023-07-17 21:53:08,464] {local_task_job.py:156} INFO - Task exited with return code 0
[2023-07-17 21:53:08,572] {local_task_job.py:273} INFO - 0 downstream tasks scheduled from follow-on schedule check
[2023-07-18 10:21:51,485] {taskinstance.py:1159} INFO - Dependencies all met for <TaskInstance: get_crypto_dag.BTC scheduled__2023-05-02T00:00:00+00:00 [queued]>
[2023-07-18 10:21:51,492] {taskinstance.py:1159} INFO - Dependencies all met for <TaskInstance: get_crypto_dag.BTC scheduled__2023-05-02T00:00:00+00:00 [queued]>
[2023-07-18 10:21:51,492] {taskinstance.py:1356} INFO - 
--------------------------------------------------------------------------------
[2023-07-18 10:21:51,492] {taskinstance.py:1357} INFO - Starting attempt 1 of 1
[2023-07-18 10:21:51,492] {taskinstance.py:1358} INFO - 
--------------------------------------------------------------------------------
[2023-07-18 10:21:51,502] {taskinstance.py:1377} INFO - Executing <Task(_PythonDecoratedOperator): BTC> on 2023-05-02 00:00:00+00:00
[2023-07-18 10:21:51,506] {standard_task_runner.py:52} INFO - Started process 10037 to run task
[2023-07-18 10:21:51,508] {standard_task_runner.py:79} INFO - Running: ['airflow', 'tasks', 'run', 'get_crypto_dag', 'BTC', 'scheduled__2023-05-02T00:00:00+00:00', '--job-id', '1157', '--raw', '--subdir', 'DAGS_FOLDER/get_crypto.py', '--cfg-path', '/tmp/tmpxquxynle', '--error-file', '/tmp/tmpnk9uefpt']
[2023-07-18 10:21:51,509] {standard_task_runner.py:80} INFO - Job 1157: Subtask BTC
[2023-07-18 10:21:51,567] {task_command.py:370} INFO - Running <TaskInstance: get_crypto_dag.BTC scheduled__2023-05-02T00:00:00+00:00 [running]> on host lucas-Estudos
[2023-07-18 10:21:51,795] {taskinstance.py:1569} INFO - Exporting the following env vars:
AIRFLOW_CTX_DAG_OWNER=airflow
AIRFLOW_CTX_DAG_ID=get_crypto_dag
AIRFLOW_CTX_TASK_ID=BTC
AIRFLOW_CTX_EXECUTION_DATE=2023-05-02T00:00:00+00:00
AIRFLOW_CTX_TRY_NUMBER=1
AIRFLOW_CTX_DAG_RUN_ID=scheduled__2023-05-02T00:00:00+00:00
[2023-07-18 10:21:52,274] {base.py:297} ERROR - BTC: No price data found, symbol may be delisted (1h 2023-05-01 -> 2023-05-02)
[2023-07-18 10:21:52,279] {python.py:173} INFO - Done. Returned value was: None
[2023-07-18 10:21:52,314] {taskinstance.py:1395} INFO - Marking task as SUCCESS. dag_id=get_crypto_dag, task_id=BTC, execution_date=20230502T000000, start_date=20230718T132151, end_date=20230718T132152
[2023-07-18 10:21:52,363] {local_task_job.py:156} INFO - Task exited with return code 0
[2023-07-18 10:21:52,496] {local_task_job.py:273} INFO - 0 downstream tasks scheduled from follow-on schedule check
