[2023-07-17 16:23:23,765] {taskinstance.py:1159} INFO - Dependencies all met for <TaskInstance: get_stocks_dag.GOOG scheduled__2023-06-14T00:00:00+00:00 [queued]>
[2023-07-17 16:23:23,778] {taskinstance.py:1159} INFO - Dependencies all met for <TaskInstance: get_stocks_dag.GOOG scheduled__2023-06-14T00:00:00+00:00 [queued]>
[2023-07-17 16:23:23,778] {taskinstance.py:1356} INFO - 
--------------------------------------------------------------------------------
[2023-07-17 16:23:23,778] {taskinstance.py:1357} INFO - Starting attempt 1 of 1
[2023-07-17 16:23:23,778] {taskinstance.py:1358} INFO - 
--------------------------------------------------------------------------------
[2023-07-17 16:23:23,803] {taskinstance.py:1377} INFO - Executing <Task(_PythonDecoratedOperator): GOOG> on 2023-06-14 00:00:00+00:00
[2023-07-17 16:23:23,811] {standard_task_runner.py:52} INFO - Started process 10502 to run task
[2023-07-17 16:23:23,823] {standard_task_runner.py:79} INFO - Running: ['airflow', 'tasks', 'run', 'get_stocks_dag', 'GOOG', 'scheduled__2023-06-14T00:00:00+00:00', '--job-id', '182', '--raw', '--subdir', 'DAGS_FOLDER/get_stocks.py', '--cfg-path', '/tmp/tmpmfh2mfwj', '--error-file', '/tmp/tmpjv2e5onx']
[2023-07-17 16:23:23,834] {standard_task_runner.py:80} INFO - Job 182: Subtask GOOG
[2023-07-17 16:23:23,956] {task_command.py:370} INFO - Running <TaskInstance: get_stocks_dag.GOOG scheduled__2023-06-14T00:00:00+00:00 [running]> on host lucas-Estudos
[2023-07-17 16:23:24,100] {taskinstance.py:1569} INFO - Exporting the following env vars:
AIRFLOW_CTX_DAG_OWNER=airflow
AIRFLOW_CTX_DAG_ID=get_stocks_dag
AIRFLOW_CTX_TASK_ID=GOOG
AIRFLOW_CTX_EXECUTION_DATE=2023-06-14T00:00:00+00:00
AIRFLOW_CTX_TRY_NUMBER=1
AIRFLOW_CTX_DAG_RUN_ID=scheduled__2023-06-14T00:00:00+00:00
[2023-07-17 16:23:24,628] {python.py:173} INFO - Done. Returned value was: None
[2023-07-17 16:23:24,680] {taskinstance.py:1395} INFO - Marking task as SUCCESS. dag_id=get_stocks_dag, task_id=GOOG, execution_date=20230614T000000, start_date=20230717T192323, end_date=20230717T192324
[2023-07-17 16:23:24,748] {local_task_job.py:156} INFO - Task exited with return code 0
[2023-07-17 16:23:24,909] {local_task_job.py:273} INFO - 0 downstream tasks scheduled from follow-on schedule check
[2023-07-17 16:54:42,707] {taskinstance.py:1159} INFO - Dependencies all met for <TaskInstance: get_stocks_dag.GOOG scheduled__2023-06-14T00:00:00+00:00 [queued]>
[2023-07-17 16:54:42,755] {taskinstance.py:1159} INFO - Dependencies all met for <TaskInstance: get_stocks_dag.GOOG scheduled__2023-06-14T00:00:00+00:00 [queued]>
[2023-07-17 16:54:42,756] {taskinstance.py:1356} INFO - 
--------------------------------------------------------------------------------
[2023-07-17 16:54:42,756] {taskinstance.py:1357} INFO - Starting attempt 1 of 1
[2023-07-17 16:54:42,756] {taskinstance.py:1358} INFO - 
--------------------------------------------------------------------------------
[2023-07-17 16:54:42,789] {taskinstance.py:1377} INFO - Executing <Task(_PythonDecoratedOperator): GOOG> on 2023-06-14 00:00:00+00:00
[2023-07-17 16:54:42,799] {standard_task_runner.py:52} INFO - Started process 23150 to run task
[2023-07-17 16:54:42,812] {standard_task_runner.py:79} INFO - Running: ['airflow', 'tasks', 'run', 'get_stocks_dag', 'GOOG', 'scheduled__2023-06-14T00:00:00+00:00', '--job-id', '399', '--raw', '--subdir', 'DAGS_FOLDER/get_stocks.py', '--cfg-path', '/tmp/tmpxxi4ax6r', '--error-file', '/tmp/tmpcazrcr51']
[2023-07-17 16:54:42,813] {standard_task_runner.py:80} INFO - Job 399: Subtask GOOG
[2023-07-17 16:54:42,981] {task_command.py:370} INFO - Running <TaskInstance: get_stocks_dag.GOOG scheduled__2023-06-14T00:00:00+00:00 [running]> on host lucas-Estudos
[2023-07-17 16:54:43,173] {taskinstance.py:1569} INFO - Exporting the following env vars:
AIRFLOW_CTX_DAG_OWNER=airflow
AIRFLOW_CTX_DAG_ID=get_stocks_dag
AIRFLOW_CTX_TASK_ID=GOOG
AIRFLOW_CTX_EXECUTION_DATE=2023-06-14T00:00:00+00:00
AIRFLOW_CTX_TRY_NUMBER=1
AIRFLOW_CTX_DAG_RUN_ID=scheduled__2023-06-14T00:00:00+00:00
[2023-07-17 16:54:43,965] {python.py:173} INFO - Done. Returned value was: None
[2023-07-17 16:54:43,989] {taskinstance.py:1395} INFO - Marking task as SUCCESS. dag_id=get_stocks_dag, task_id=GOOG, execution_date=20230614T000000, start_date=20230717T195442, end_date=20230717T195443
[2023-07-17 16:54:44,031] {local_task_job.py:156} INFO - Task exited with return code 0
[2023-07-17 16:54:44,097] {local_task_job.py:273} INFO - 0 downstream tasks scheduled from follow-on schedule check
[2023-07-17 21:04:20,424] {taskinstance.py:1159} INFO - Dependencies all met for <TaskInstance: get_stocks_dag.GOOG scheduled__2023-06-14T00:00:00+00:00 [queued]>
[2023-07-17 21:04:20,448] {taskinstance.py:1159} INFO - Dependencies all met for <TaskInstance: get_stocks_dag.GOOG scheduled__2023-06-14T00:00:00+00:00 [queued]>
[2023-07-17 21:04:20,448] {taskinstance.py:1356} INFO - 
--------------------------------------------------------------------------------
[2023-07-17 21:04:20,449] {taskinstance.py:1357} INFO - Starting attempt 1 of 1
[2023-07-17 21:04:20,449] {taskinstance.py:1358} INFO - 
--------------------------------------------------------------------------------
[2023-07-17 21:04:20,475] {taskinstance.py:1377} INFO - Executing <Task(_PythonDecoratedOperator): GOOG> on 2023-06-14 00:00:00+00:00
[2023-07-17 21:04:20,485] {standard_task_runner.py:52} INFO - Started process 26795 to run task
[2023-07-17 21:04:20,492] {standard_task_runner.py:79} INFO - Running: ['airflow', 'tasks', 'run', 'get_stocks_dag', 'GOOG', 'scheduled__2023-06-14T00:00:00+00:00', '--job-id', '613', '--raw', '--subdir', 'DAGS_FOLDER/get_stocks.py', '--cfg-path', '/tmp/tmp1qs8xt7m', '--error-file', '/tmp/tmpea5qhq1_']
[2023-07-17 21:04:20,494] {standard_task_runner.py:80} INFO - Job 613: Subtask GOOG
[2023-07-17 21:04:20,688] {task_command.py:370} INFO - Running <TaskInstance: get_stocks_dag.GOOG scheduled__2023-06-14T00:00:00+00:00 [running]> on host lucas-Estudos
[2023-07-17 21:04:20,903] {taskinstance.py:1569} INFO - Exporting the following env vars:
AIRFLOW_CTX_DAG_OWNER=airflow
AIRFLOW_CTX_DAG_ID=get_stocks_dag
AIRFLOW_CTX_TASK_ID=GOOG
AIRFLOW_CTX_EXECUTION_DATE=2023-06-14T00:00:00+00:00
AIRFLOW_CTX_TRY_NUMBER=1
AIRFLOW_CTX_DAG_RUN_ID=scheduled__2023-06-14T00:00:00+00:00
[2023-07-17 21:04:24,621] {python.py:173} INFO - Done. Returned value was: None
[2023-07-17 21:04:24,674] {taskinstance.py:1395} INFO - Marking task as SUCCESS. dag_id=get_stocks_dag, task_id=GOOG, execution_date=20230614T000000, start_date=20230718T000420, end_date=20230718T000424
[2023-07-17 21:04:24,720] {local_task_job.py:156} INFO - Task exited with return code 0
[2023-07-17 21:04:24,839] {local_task_job.py:273} INFO - 0 downstream tasks scheduled from follow-on schedule check
[2023-07-17 22:09:49,018] {taskinstance.py:1159} INFO - Dependencies all met for <TaskInstance: get_stocks_dag.GOOG scheduled__2023-06-14T00:00:00+00:00 [queued]>
[2023-07-17 22:09:49,045] {taskinstance.py:1159} INFO - Dependencies all met for <TaskInstance: get_stocks_dag.GOOG scheduled__2023-06-14T00:00:00+00:00 [queued]>
[2023-07-17 22:09:49,045] {taskinstance.py:1356} INFO - 
--------------------------------------------------------------------------------
[2023-07-17 22:09:49,046] {taskinstance.py:1357} INFO - Starting attempt 1 of 1
[2023-07-17 22:09:49,046] {taskinstance.py:1358} INFO - 
--------------------------------------------------------------------------------
[2023-07-17 22:09:49,066] {taskinstance.py:1377} INFO - Executing <Task(_PythonDecoratedOperator): GOOG> on 2023-06-14 00:00:00+00:00
[2023-07-17 22:09:49,073] {standard_task_runner.py:52} INFO - Started process 77957 to run task
[2023-07-17 22:09:49,076] {standard_task_runner.py:79} INFO - Running: ['airflow', 'tasks', 'run', 'get_stocks_dag', 'GOOG', 'scheduled__2023-06-14T00:00:00+00:00', '--job-id', '968', '--raw', '--subdir', 'DAGS_FOLDER/get_stocks.py', '--cfg-path', '/tmp/tmp7m4_6rus', '--error-file', '/tmp/tmpbburdn_v']
[2023-07-17 22:09:49,077] {standard_task_runner.py:80} INFO - Job 968: Subtask GOOG
[2023-07-17 22:09:49,156] {task_command.py:370} INFO - Running <TaskInstance: get_stocks_dag.GOOG scheduled__2023-06-14T00:00:00+00:00 [running]> on host lucas-Estudos
[2023-07-17 22:09:49,406] {taskinstance.py:1569} INFO - Exporting the following env vars:
AIRFLOW_CTX_DAG_OWNER=airflow
AIRFLOW_CTX_DAG_ID=get_stocks_dag
AIRFLOW_CTX_TASK_ID=GOOG
AIRFLOW_CTX_EXECUTION_DATE=2023-06-14T00:00:00+00:00
AIRFLOW_CTX_TRY_NUMBER=1
AIRFLOW_CTX_DAG_RUN_ID=scheduled__2023-06-14T00:00:00+00:00
[2023-07-17 22:09:50,077] {python.py:173} INFO - Done. Returned value was: None
[2023-07-17 22:09:50,251] {taskinstance.py:1395} INFO - Marking task as SUCCESS. dag_id=get_stocks_dag, task_id=GOOG, execution_date=20230614T000000, start_date=20230718T010949, end_date=20230718T010950
[2023-07-17 22:09:50,332] {local_task_job.py:156} INFO - Task exited with return code 0
[2023-07-17 22:09:50,511] {local_task_job.py:273} INFO - 0 downstream tasks scheduled from follow-on schedule check
[2023-07-18 10:54:07,179] {taskinstance.py:1159} INFO - Dependencies all met for <TaskInstance: get_stocks_dag.GOOG scheduled__2023-06-14T00:00:00+00:00 [queued]>
[2023-07-18 10:54:07,201] {taskinstance.py:1159} INFO - Dependencies all met for <TaskInstance: get_stocks_dag.GOOG scheduled__2023-06-14T00:00:00+00:00 [queued]>
[2023-07-18 10:54:07,202] {taskinstance.py:1356} INFO - 
--------------------------------------------------------------------------------
[2023-07-18 10:54:07,202] {taskinstance.py:1357} INFO - Starting attempt 1 of 1
[2023-07-18 10:54:07,202] {taskinstance.py:1358} INFO - 
--------------------------------------------------------------------------------
[2023-07-18 10:54:07,229] {taskinstance.py:1377} INFO - Executing <Task(_PythonDecoratedOperator): GOOG> on 2023-06-14 00:00:00+00:00
[2023-07-18 10:54:07,238] {standard_task_runner.py:52} INFO - Started process 21173 to run task
[2023-07-18 10:54:07,244] {standard_task_runner.py:79} INFO - Running: ['airflow', 'tasks', 'run', 'get_stocks_dag', 'GOOG', 'scheduled__2023-06-14T00:00:00+00:00', '--job-id', '1454', '--raw', '--subdir', 'DAGS_FOLDER/get_stocks.py', '--cfg-path', '/tmp/tmpxt97iupv', '--error-file', '/tmp/tmp396375jf']
[2023-07-18 10:54:07,247] {standard_task_runner.py:80} INFO - Job 1454: Subtask GOOG
[2023-07-18 10:54:07,430] {task_command.py:370} INFO - Running <TaskInstance: get_stocks_dag.GOOG scheduled__2023-06-14T00:00:00+00:00 [running]> on host lucas-Estudos
[2023-07-18 10:54:07,645] {taskinstance.py:1569} INFO - Exporting the following env vars:
AIRFLOW_CTX_DAG_OWNER=airflow
AIRFLOW_CTX_DAG_ID=get_stocks_dag
AIRFLOW_CTX_TASK_ID=GOOG
AIRFLOW_CTX_EXECUTION_DATE=2023-06-14T00:00:00+00:00
AIRFLOW_CTX_TRY_NUMBER=1
AIRFLOW_CTX_DAG_RUN_ID=scheduled__2023-06-14T00:00:00+00:00
[2023-07-18 10:54:08,336] {python.py:173} INFO - Done. Returned value was: None
[2023-07-18 10:54:08,386] {taskinstance.py:1395} INFO - Marking task as SUCCESS. dag_id=get_stocks_dag, task_id=GOOG, execution_date=20230614T000000, start_date=20230718T135407, end_date=20230718T135408
[2023-07-18 10:54:08,461] {local_task_job.py:156} INFO - Task exited with return code 0
[2023-07-18 10:54:08,572] {local_task_job.py:273} INFO - 0 downstream tasks scheduled from follow-on schedule check
