[2023-07-17 14:54:45,824] {taskinstance.py:1159} INFO - Dependencies all met for <TaskInstance: get_stocks_dag.MSFT scheduled__2023-07-13T00:00:00+00:00 [queued]>
[2023-07-17 14:54:45,828] {taskinstance.py:1159} INFO - Dependencies all met for <TaskInstance: get_stocks_dag.MSFT scheduled__2023-07-13T00:00:00+00:00 [queued]>
[2023-07-17 14:54:45,828] {taskinstance.py:1356} INFO - 
--------------------------------------------------------------------------------
[2023-07-17 14:54:45,828] {taskinstance.py:1357} INFO - Starting attempt 1 of 1
[2023-07-17 14:54:45,828] {taskinstance.py:1358} INFO - 
--------------------------------------------------------------------------------
[2023-07-17 14:54:45,835] {taskinstance.py:1377} INFO - Executing <Task(_PythonDecoratedOperator): MSFT> on 2023-07-13 00:00:00+00:00
[2023-07-17 14:54:45,838] {standard_task_runner.py:52} INFO - Started process 25153 to run task
[2023-07-17 14:54:45,840] {standard_task_runner.py:79} INFO - Running: ['airflow', 'tasks', 'run', 'get_stocks_dag', 'MSFT', 'scheduled__2023-07-13T00:00:00+00:00', '--job-id', '16', '--raw', '--subdir', 'DAGS_FOLDER/get_stocks.py', '--cfg-path', '/tmp/tmp2be27kfb', '--error-file', '/tmp/tmp1vbjwaoq']
[2023-07-17 14:54:45,840] {standard_task_runner.py:80} INFO - Job 16: Subtask MSFT
[2023-07-17 14:54:45,869] {task_command.py:370} INFO - Running <TaskInstance: get_stocks_dag.MSFT scheduled__2023-07-13T00:00:00+00:00 [running]> on host lucas-Estudos
[2023-07-17 14:54:45,923] {taskinstance.py:1569} INFO - Exporting the following env vars:
AIRFLOW_CTX_DAG_OWNER=airflow
AIRFLOW_CTX_DAG_ID=get_stocks_dag
AIRFLOW_CTX_TASK_ID=MSFT
AIRFLOW_CTX_EXECUTION_DATE=2023-07-13T00:00:00+00:00
AIRFLOW_CTX_TRY_NUMBER=1
AIRFLOW_CTX_DAG_RUN_ID=scheduled__2023-07-13T00:00:00+00:00
[2023-07-17 14:54:46,382] {python.py:173} INFO - Done. Returned value was: None
[2023-07-17 14:54:46,397] {taskinstance.py:1395} INFO - Marking task as SUCCESS. dag_id=get_stocks_dag, task_id=MSFT, execution_date=20230713T000000, start_date=20230717T175445, end_date=20230717T175446
[2023-07-17 14:54:46,453] {local_task_job.py:156} INFO - Task exited with return code 0
[2023-07-17 14:54:46,499] {local_task_job.py:273} INFO - 0 downstream tasks scheduled from follow-on schedule check
[2023-07-17 16:07:06,373] {taskinstance.py:1159} INFO - Dependencies all met for <TaskInstance: get_stocks_dag.MSFT scheduled__2023-07-13T00:00:00+00:00 [queued]>
[2023-07-17 16:07:06,439] {taskinstance.py:1159} INFO - Dependencies all met for <TaskInstance: get_stocks_dag.MSFT scheduled__2023-07-13T00:00:00+00:00 [queued]>
[2023-07-17 16:07:06,439] {taskinstance.py:1356} INFO - 
--------------------------------------------------------------------------------
[2023-07-17 16:07:06,439] {taskinstance.py:1357} INFO - Starting attempt 1 of 1
[2023-07-17 16:07:06,439] {taskinstance.py:1358} INFO - 
--------------------------------------------------------------------------------
[2023-07-17 16:07:06,532] {taskinstance.py:1377} INFO - Executing <Task(_PythonDecoratedOperator): MSFT> on 2023-07-13 00:00:00+00:00
[2023-07-17 16:07:06,541] {standard_task_runner.py:52} INFO - Started process 26268 to run task
[2023-07-17 16:07:06,567] {standard_task_runner.py:79} INFO - Running: ['airflow', 'tasks', 'run', 'get_stocks_dag', 'MSFT', 'scheduled__2023-07-13T00:00:00+00:00', '--job-id', '13', '--raw', '--subdir', 'DAGS_FOLDER/get_stocks.py', '--cfg-path', '/tmp/tmpk5e2skwk', '--error-file', '/tmp/tmpxtltpr5t']
[2023-07-17 16:07:06,577] {standard_task_runner.py:80} INFO - Job 13: Subtask MSFT
[2023-07-17 16:07:07,028] {task_command.py:370} INFO - Running <TaskInstance: get_stocks_dag.MSFT scheduled__2023-07-13T00:00:00+00:00 [running]> on host lucas-Estudos
[2023-07-17 16:07:07,554] {taskinstance.py:1569} INFO - Exporting the following env vars:
AIRFLOW_CTX_DAG_OWNER=airflow
AIRFLOW_CTX_DAG_ID=get_stocks_dag
AIRFLOW_CTX_TASK_ID=MSFT
AIRFLOW_CTX_EXECUTION_DATE=2023-07-13T00:00:00+00:00
AIRFLOW_CTX_TRY_NUMBER=1
AIRFLOW_CTX_DAG_RUN_ID=scheduled__2023-07-13T00:00:00+00:00
[2023-07-17 16:07:08,247] {python.py:173} INFO - Done. Returned value was: None
[2023-07-17 16:07:08,280] {taskinstance.py:1395} INFO - Marking task as SUCCESS. dag_id=get_stocks_dag, task_id=MSFT, execution_date=20230713T000000, start_date=20230717T190706, end_date=20230717T190708
[2023-07-17 16:07:08,313] {local_task_job.py:156} INFO - Task exited with return code 0
[2023-07-17 16:07:08,398] {local_task_job.py:273} INFO - 0 downstream tasks scheduled from follow-on schedule check
[2023-07-17 16:23:50,900] {taskinstance.py:1159} INFO - Dependencies all met for <TaskInstance: get_stocks_dag.MSFT scheduled__2023-07-13T00:00:00+00:00 [queued]>
[2023-07-17 16:23:50,938] {taskinstance.py:1159} INFO - Dependencies all met for <TaskInstance: get_stocks_dag.MSFT scheduled__2023-07-13T00:00:00+00:00 [queued]>
[2023-07-17 16:23:50,939] {taskinstance.py:1356} INFO - 
--------------------------------------------------------------------------------
[2023-07-17 16:23:50,939] {taskinstance.py:1357} INFO - Starting attempt 1 of 1
[2023-07-17 16:23:50,939] {taskinstance.py:1358} INFO - 
--------------------------------------------------------------------------------
[2023-07-17 16:23:51,011] {taskinstance.py:1377} INFO - Executing <Task(_PythonDecoratedOperator): MSFT> on 2023-07-13 00:00:00+00:00
[2023-07-17 16:23:51,023] {standard_task_runner.py:52} INFO - Started process 12800 to run task
[2023-07-17 16:23:51,052] {standard_task_runner.py:79} INFO - Running: ['airflow', 'tasks', 'run', 'get_stocks_dag', 'MSFT', 'scheduled__2023-07-13T00:00:00+00:00', '--job-id', '264', '--raw', '--subdir', 'DAGS_FOLDER/get_stocks.py', '--cfg-path', '/tmp/tmpr1x2n5ew', '--error-file', '/tmp/tmpk_rv42ee']
[2023-07-17 16:23:51,054] {standard_task_runner.py:80} INFO - Job 264: Subtask MSFT
[2023-07-17 16:23:51,286] {task_command.py:370} INFO - Running <TaskInstance: get_stocks_dag.MSFT scheduled__2023-07-13T00:00:00+00:00 [running]> on host lucas-Estudos
[2023-07-17 16:23:51,469] {taskinstance.py:1569} INFO - Exporting the following env vars:
AIRFLOW_CTX_DAG_OWNER=airflow
AIRFLOW_CTX_DAG_ID=get_stocks_dag
AIRFLOW_CTX_TASK_ID=MSFT
AIRFLOW_CTX_EXECUTION_DATE=2023-07-13T00:00:00+00:00
AIRFLOW_CTX_TRY_NUMBER=1
AIRFLOW_CTX_DAG_RUN_ID=scheduled__2023-07-13T00:00:00+00:00
[2023-07-17 16:23:52,009] {python.py:173} INFO - Done. Returned value was: None
[2023-07-17 16:23:52,078] {taskinstance.py:1395} INFO - Marking task as SUCCESS. dag_id=get_stocks_dag, task_id=MSFT, execution_date=20230713T000000, start_date=20230717T192350, end_date=20230717T192352
[2023-07-17 16:23:52,149] {local_task_job.py:156} INFO - Task exited with return code 0
[2023-07-17 16:23:52,233] {local_task_job.py:273} INFO - 0 downstream tasks scheduled from follow-on schedule check
[2023-07-17 16:55:11,055] {taskinstance.py:1159} INFO - Dependencies all met for <TaskInstance: get_stocks_dag.MSFT scheduled__2023-07-13T00:00:00+00:00 [queued]>
[2023-07-17 16:55:11,072] {taskinstance.py:1159} INFO - Dependencies all met for <TaskInstance: get_stocks_dag.MSFT scheduled__2023-07-13T00:00:00+00:00 [queued]>
[2023-07-17 16:55:11,073] {taskinstance.py:1356} INFO - 
--------------------------------------------------------------------------------
[2023-07-17 16:55:11,073] {taskinstance.py:1357} INFO - Starting attempt 1 of 1
[2023-07-17 16:55:11,073] {taskinstance.py:1358} INFO - 
--------------------------------------------------------------------------------
[2023-07-17 16:55:11,120] {taskinstance.py:1377} INFO - Executing <Task(_PythonDecoratedOperator): MSFT> on 2023-07-13 00:00:00+00:00
[2023-07-17 16:55:11,127] {standard_task_runner.py:52} INFO - Started process 25583 to run task
[2023-07-17 16:55:11,157] {standard_task_runner.py:79} INFO - Running: ['airflow', 'tasks', 'run', 'get_stocks_dag', 'MSFT', 'scheduled__2023-07-13T00:00:00+00:00', '--job-id', '478', '--raw', '--subdir', 'DAGS_FOLDER/get_stocks.py', '--cfg-path', '/tmp/tmpqpyun3gc', '--error-file', '/tmp/tmpudh1_e0_']
[2023-07-17 16:55:11,158] {standard_task_runner.py:80} INFO - Job 478: Subtask MSFT
[2023-07-17 16:55:11,386] {task_command.py:370} INFO - Running <TaskInstance: get_stocks_dag.MSFT scheduled__2023-07-13T00:00:00+00:00 [running]> on host lucas-Estudos
[2023-07-17 16:55:11,641] {taskinstance.py:1569} INFO - Exporting the following env vars:
AIRFLOW_CTX_DAG_OWNER=airflow
AIRFLOW_CTX_DAG_ID=get_stocks_dag
AIRFLOW_CTX_TASK_ID=MSFT
AIRFLOW_CTX_EXECUTION_DATE=2023-07-13T00:00:00+00:00
AIRFLOW_CTX_TRY_NUMBER=1
AIRFLOW_CTX_DAG_RUN_ID=scheduled__2023-07-13T00:00:00+00:00
[2023-07-17 16:55:12,462] {python.py:173} INFO - Done. Returned value was: None
[2023-07-17 16:55:12,562] {taskinstance.py:1395} INFO - Marking task as SUCCESS. dag_id=get_stocks_dag, task_id=MSFT, execution_date=20230713T000000, start_date=20230717T195511, end_date=20230717T195512
[2023-07-17 16:55:12,688] {local_task_job.py:156} INFO - Task exited with return code 0
[2023-07-17 16:55:12,795] {local_task_job.py:273} INFO - 0 downstream tasks scheduled from follow-on schedule check
[2023-07-17 21:09:58,144] {taskinstance.py:1159} INFO - Dependencies all met for <TaskInstance: get_stocks_dag.MSFT scheduled__2023-07-13T00:00:00+00:00 [queued]>
[2023-07-17 21:09:58,167] {taskinstance.py:1159} INFO - Dependencies all met for <TaskInstance: get_stocks_dag.MSFT scheduled__2023-07-13T00:00:00+00:00 [queued]>
[2023-07-17 21:09:58,168] {taskinstance.py:1356} INFO - 
--------------------------------------------------------------------------------
[2023-07-17 21:09:58,168] {taskinstance.py:1357} INFO - Starting attempt 1 of 1
[2023-07-17 21:09:58,168] {taskinstance.py:1358} INFO - 
--------------------------------------------------------------------------------
[2023-07-17 21:09:58,196] {taskinstance.py:1377} INFO - Executing <Task(_PythonDecoratedOperator): MSFT> on 2023-07-13 00:00:00+00:00
[2023-07-17 21:09:58,206] {standard_task_runner.py:52} INFO - Started process 37975 to run task
[2023-07-17 21:09:58,213] {standard_task_runner.py:79} INFO - Running: ['airflow', 'tasks', 'run', 'get_stocks_dag', 'MSFT', 'scheduled__2023-07-13T00:00:00+00:00', '--job-id', '697', '--raw', '--subdir', 'DAGS_FOLDER/get_stocks.py', '--cfg-path', '/tmp/tmpxf4_foig', '--error-file', '/tmp/tmpcn5ckg1p']
[2023-07-17 21:09:58,215] {standard_task_runner.py:80} INFO - Job 697: Subtask MSFT
[2023-07-17 21:09:58,412] {task_command.py:370} INFO - Running <TaskInstance: get_stocks_dag.MSFT scheduled__2023-07-13T00:00:00+00:00 [running]> on host lucas-Estudos
[2023-07-17 21:09:58,650] {taskinstance.py:1569} INFO - Exporting the following env vars:
AIRFLOW_CTX_DAG_OWNER=airflow
AIRFLOW_CTX_DAG_ID=get_stocks_dag
AIRFLOW_CTX_TASK_ID=MSFT
AIRFLOW_CTX_EXECUTION_DATE=2023-07-13T00:00:00+00:00
AIRFLOW_CTX_TRY_NUMBER=1
AIRFLOW_CTX_DAG_RUN_ID=scheduled__2023-07-13T00:00:00+00:00
[2023-07-17 21:10:02,308] {python.py:173} INFO - Done. Returned value was: None
[2023-07-17 21:10:02,362] {taskinstance.py:1395} INFO - Marking task as SUCCESS. dag_id=get_stocks_dag, task_id=MSFT, execution_date=20230713T000000, start_date=20230718T000958, end_date=20230718T001002
[2023-07-17 21:10:02,441] {local_task_job.py:156} INFO - Task exited with return code 0
[2023-07-17 21:10:02,569] {local_task_job.py:273} INFO - 0 downstream tasks scheduled from follow-on schedule check
[2023-07-17 22:20:57,915] {taskinstance.py:1159} INFO - Dependencies all met for <TaskInstance: get_stocks_dag.MSFT scheduled__2023-07-13T00:00:00+00:00 [queued]>
[2023-07-17 22:20:57,930] {taskinstance.py:1159} INFO - Dependencies all met for <TaskInstance: get_stocks_dag.MSFT scheduled__2023-07-13T00:00:00+00:00 [queued]>
[2023-07-17 22:20:57,930] {taskinstance.py:1356} INFO - 
--------------------------------------------------------------------------------
[2023-07-17 22:20:57,931] {taskinstance.py:1357} INFO - Starting attempt 1 of 1
[2023-07-17 22:20:57,931] {taskinstance.py:1358} INFO - 
--------------------------------------------------------------------------------
[2023-07-17 22:20:57,953] {taskinstance.py:1377} INFO - Executing <Task(_PythonDecoratedOperator): MSFT> on 2023-07-13 00:00:00+00:00
[2023-07-17 22:20:57,960] {standard_task_runner.py:52} INFO - Started process 100476 to run task
[2023-07-17 22:20:57,964] {standard_task_runner.py:79} INFO - Running: ['airflow', 'tasks', 'run', 'get_stocks_dag', 'MSFT', 'scheduled__2023-07-13T00:00:00+00:00', '--job-id', '1134', '--raw', '--subdir', 'DAGS_FOLDER/get_stocks.py', '--cfg-path', '/tmp/tmpm657s8du', '--error-file', '/tmp/tmppbbnc29n']
[2023-07-17 22:20:57,966] {standard_task_runner.py:80} INFO - Job 1134: Subtask MSFT
[2023-07-17 22:20:58,047] {task_command.py:370} INFO - Running <TaskInstance: get_stocks_dag.MSFT scheduled__2023-07-13T00:00:00+00:00 [running]> on host lucas-Estudos
[2023-07-17 22:20:58,114] {taskinstance.py:1569} INFO - Exporting the following env vars:
AIRFLOW_CTX_DAG_OWNER=airflow
AIRFLOW_CTX_DAG_ID=get_stocks_dag
AIRFLOW_CTX_TASK_ID=MSFT
AIRFLOW_CTX_EXECUTION_DATE=2023-07-13T00:00:00+00:00
AIRFLOW_CTX_TRY_NUMBER=1
AIRFLOW_CTX_DAG_RUN_ID=scheduled__2023-07-13T00:00:00+00:00
[2023-07-17 22:21:02,864] {python.py:173} INFO - Done. Returned value was: None
[2023-07-17 22:21:02,924] {taskinstance.py:1395} INFO - Marking task as SUCCESS. dag_id=get_stocks_dag, task_id=MSFT, execution_date=20230713T000000, start_date=20230718T012057, end_date=20230718T012102
[2023-07-17 22:21:02,999] {local_task_job.py:156} INFO - Task exited with return code 0
[2023-07-17 22:21:03,156] {local_task_job.py:273} INFO - 0 downstream tasks scheduled from follow-on schedule check
