[2023-07-17 16:22:45,991] {taskinstance.py:1159} INFO - Dependencies all met for <TaskInstance: get_stocks_dag.AAPL scheduled__2023-05-03T00:00:00+00:00 [queued]>
[2023-07-17 16:22:46,011] {taskinstance.py:1159} INFO - Dependencies all met for <TaskInstance: get_stocks_dag.AAPL scheduled__2023-05-03T00:00:00+00:00 [queued]>
[2023-07-17 16:22:46,011] {taskinstance.py:1356} INFO - 
--------------------------------------------------------------------------------
[2023-07-17 16:22:46,011] {taskinstance.py:1357} INFO - Starting attempt 1 of 1
[2023-07-17 16:22:46,011] {taskinstance.py:1358} INFO - 
--------------------------------------------------------------------------------
[2023-07-17 16:22:46,070] {taskinstance.py:1377} INFO - Executing <Task(_PythonDecoratedOperator): AAPL> on 2023-05-03 00:00:00+00:00
[2023-07-17 16:22:46,090] {standard_task_runner.py:79} INFO - Running: ['airflow', 'tasks', 'run', 'get_stocks_dag', 'AAPL', 'scheduled__2023-05-03T00:00:00+00:00', '--job-id', '61', '--raw', '--subdir', 'DAGS_FOLDER/get_stocks.py', '--cfg-path', '/tmp/tmp709uw1in', '--error-file', '/tmp/tmp8n9pzplu']
[2023-07-17 16:22:46,091] {standard_task_runner.py:80} INFO - Job 61: Subtask AAPL
[2023-07-17 16:22:46,077] {standard_task_runner.py:52} INFO - Started process 6884 to run task
[2023-07-17 16:22:46,305] {task_command.py:370} INFO - Running <TaskInstance: get_stocks_dag.AAPL scheduled__2023-05-03T00:00:00+00:00 [running]> on host lucas-Estudos
[2023-07-17 16:22:46,577] {taskinstance.py:1569} INFO - Exporting the following env vars:
AIRFLOW_CTX_DAG_OWNER=airflow
AIRFLOW_CTX_DAG_ID=get_stocks_dag
AIRFLOW_CTX_TASK_ID=AAPL
AIRFLOW_CTX_EXECUTION_DATE=2023-05-03T00:00:00+00:00
AIRFLOW_CTX_TRY_NUMBER=1
AIRFLOW_CTX_DAG_RUN_ID=scheduled__2023-05-03T00:00:00+00:00
[2023-07-17 16:22:47,306] {python.py:173} INFO - Done. Returned value was: None
[2023-07-17 16:22:47,379] {taskinstance.py:1395} INFO - Marking task as SUCCESS. dag_id=get_stocks_dag, task_id=AAPL, execution_date=20230503T000000, start_date=20230717T192245, end_date=20230717T192247
[2023-07-17 16:22:47,484] {local_task_job.py:156} INFO - Task exited with return code 0
[2023-07-17 16:22:47,786] {local_task_job.py:273} INFO - 0 downstream tasks scheduled from follow-on schedule check
[2023-07-17 16:54:05,270] {taskinstance.py:1159} INFO - Dependencies all met for <TaskInstance: get_stocks_dag.AAPL scheduled__2023-05-03T00:00:00+00:00 [queued]>
[2023-07-17 16:54:05,289] {taskinstance.py:1159} INFO - Dependencies all met for <TaskInstance: get_stocks_dag.AAPL scheduled__2023-05-03T00:00:00+00:00 [queued]>
[2023-07-17 16:54:05,290] {taskinstance.py:1356} INFO - 
--------------------------------------------------------------------------------
[2023-07-17 16:54:05,290] {taskinstance.py:1357} INFO - Starting attempt 1 of 1
[2023-07-17 16:54:05,290] {taskinstance.py:1358} INFO - 
--------------------------------------------------------------------------------
[2023-07-17 16:54:05,353] {taskinstance.py:1377} INFO - Executing <Task(_PythonDecoratedOperator): AAPL> on 2023-05-03 00:00:00+00:00
[2023-07-17 16:54:05,369] {standard_task_runner.py:52} INFO - Started process 19752 to run task
[2023-07-17 16:54:05,391] {standard_task_runner.py:79} INFO - Running: ['airflow', 'tasks', 'run', 'get_stocks_dag', 'AAPL', 'scheduled__2023-05-03T00:00:00+00:00', '--job-id', '273', '--raw', '--subdir', 'DAGS_FOLDER/get_stocks.py', '--cfg-path', '/tmp/tmp9gwwfwnz', '--error-file', '/tmp/tmpz38b_kkz']
[2023-07-17 16:54:05,392] {standard_task_runner.py:80} INFO - Job 273: Subtask AAPL
[2023-07-17 16:54:05,616] {task_command.py:370} INFO - Running <TaskInstance: get_stocks_dag.AAPL scheduled__2023-05-03T00:00:00+00:00 [running]> on host lucas-Estudos
[2023-07-17 16:54:06,071] {taskinstance.py:1569} INFO - Exporting the following env vars:
AIRFLOW_CTX_DAG_OWNER=airflow
AIRFLOW_CTX_DAG_ID=get_stocks_dag
AIRFLOW_CTX_TASK_ID=AAPL
AIRFLOW_CTX_EXECUTION_DATE=2023-05-03T00:00:00+00:00
AIRFLOW_CTX_TRY_NUMBER=1
AIRFLOW_CTX_DAG_RUN_ID=scheduled__2023-05-03T00:00:00+00:00
[2023-07-17 16:54:06,718] {python.py:173} INFO - Done. Returned value was: None
[2023-07-17 16:54:06,781] {taskinstance.py:1395} INFO - Marking task as SUCCESS. dag_id=get_stocks_dag, task_id=AAPL, execution_date=20230503T000000, start_date=20230717T195405, end_date=20230717T195406
[2023-07-17 16:54:06,846] {local_task_job.py:156} INFO - Task exited with return code 0
[2023-07-17 16:54:07,003] {local_task_job.py:273} INFO - 0 downstream tasks scheduled from follow-on schedule check
[2023-07-17 20:56:14,177] {taskinstance.py:1159} INFO - Dependencies all met for <TaskInstance: get_stocks_dag.AAPL scheduled__2023-05-03T00:00:00+00:00 [queued]>
[2023-07-17 20:56:14,202] {taskinstance.py:1159} INFO - Dependencies all met for <TaskInstance: get_stocks_dag.AAPL scheduled__2023-05-03T00:00:00+00:00 [queued]>
[2023-07-17 20:56:14,202] {taskinstance.py:1356} INFO - 
--------------------------------------------------------------------------------
[2023-07-17 20:56:14,203] {taskinstance.py:1357} INFO - Starting attempt 1 of 1
[2023-07-17 20:56:14,203] {taskinstance.py:1358} INFO - 
--------------------------------------------------------------------------------
[2023-07-17 20:56:14,233] {taskinstance.py:1377} INFO - Executing <Task(_PythonDecoratedOperator): AAPL> on 2023-05-03 00:00:00+00:00
[2023-07-17 20:56:14,245] {standard_task_runner.py:52} INFO - Started process 13745 to run task
[2023-07-17 20:56:14,251] {standard_task_runner.py:79} INFO - Running: ['airflow', 'tasks', 'run', 'get_stocks_dag', 'AAPL', 'scheduled__2023-05-03T00:00:00+00:00', '--job-id', '494', '--raw', '--subdir', 'DAGS_FOLDER/get_stocks.py', '--cfg-path', '/tmp/tmpz2yy8wb4', '--error-file', '/tmp/tmp0fmy2iyq']
[2023-07-17 20:56:14,254] {standard_task_runner.py:80} INFO - Job 494: Subtask AAPL
[2023-07-17 20:56:14,452] {task_command.py:370} INFO - Running <TaskInstance: get_stocks_dag.AAPL scheduled__2023-05-03T00:00:00+00:00 [running]> on host lucas-Estudos
[2023-07-17 20:56:14,691] {taskinstance.py:1569} INFO - Exporting the following env vars:
AIRFLOW_CTX_DAG_OWNER=airflow
AIRFLOW_CTX_DAG_ID=get_stocks_dag
AIRFLOW_CTX_TASK_ID=AAPL
AIRFLOW_CTX_EXECUTION_DATE=2023-05-03T00:00:00+00:00
AIRFLOW_CTX_TRY_NUMBER=1
AIRFLOW_CTX_DAG_RUN_ID=scheduled__2023-05-03T00:00:00+00:00
[2023-07-17 20:56:16,339] {python.py:173} INFO - Done. Returned value was: None
[2023-07-17 20:56:16,392] {taskinstance.py:1395} INFO - Marking task as SUCCESS. dag_id=get_stocks_dag, task_id=AAPL, execution_date=20230503T000000, start_date=20230717T235614, end_date=20230717T235616
[2023-07-17 20:56:16,471] {local_task_job.py:156} INFO - Task exited with return code 0
[2023-07-17 20:56:16,585] {local_task_job.py:273} INFO - 0 downstream tasks scheduled from follow-on schedule check
[2023-07-17 21:53:01,357] {taskinstance.py:1159} INFO - Dependencies all met for <TaskInstance: get_stocks_dag.AAPL scheduled__2023-05-03T00:00:00+00:00 [queued]>
[2023-07-17 21:53:01,367] {taskinstance.py:1159} INFO - Dependencies all met for <TaskInstance: get_stocks_dag.AAPL scheduled__2023-05-03T00:00:00+00:00 [queued]>
[2023-07-17 21:53:01,367] {taskinstance.py:1356} INFO - 
--------------------------------------------------------------------------------
[2023-07-17 21:53:01,368] {taskinstance.py:1357} INFO - Starting attempt 1 of 1
[2023-07-17 21:53:01,368] {taskinstance.py:1358} INFO - 
--------------------------------------------------------------------------------
[2023-07-17 21:53:01,381] {taskinstance.py:1377} INFO - Executing <Task(_PythonDecoratedOperator): AAPL> on 2023-05-03 00:00:00+00:00
[2023-07-17 21:53:01,392] {standard_task_runner.py:52} INFO - Started process 43829 to run task
[2023-07-17 21:53:01,398] {standard_task_runner.py:79} INFO - Running: ['airflow', 'tasks', 'run', 'get_stocks_dag', 'AAPL', 'scheduled__2023-05-03T00:00:00+00:00', '--job-id', '720', '--raw', '--subdir', 'DAGS_FOLDER/get_stocks.py', '--cfg-path', '/tmp/tmp9hskgn97', '--error-file', '/tmp/tmpdlmjjsyz']
[2023-07-17 21:53:01,400] {standard_task_runner.py:80} INFO - Job 720: Subtask AAPL
[2023-07-17 21:53:01,510] {task_command.py:370} INFO - Running <TaskInstance: get_stocks_dag.AAPL scheduled__2023-05-03T00:00:00+00:00 [running]> on host lucas-Estudos
[2023-07-17 21:53:01,639] {taskinstance.py:1569} INFO - Exporting the following env vars:
AIRFLOW_CTX_DAG_OWNER=airflow
AIRFLOW_CTX_DAG_ID=get_stocks_dag
AIRFLOW_CTX_TASK_ID=AAPL
AIRFLOW_CTX_EXECUTION_DATE=2023-05-03T00:00:00+00:00
AIRFLOW_CTX_TRY_NUMBER=1
AIRFLOW_CTX_DAG_RUN_ID=scheduled__2023-05-03T00:00:00+00:00
[2023-07-17 21:53:04,382] {python.py:173} INFO - Done. Returned value was: None
[2023-07-17 21:53:04,436] {taskinstance.py:1395} INFO - Marking task as SUCCESS. dag_id=get_stocks_dag, task_id=AAPL, execution_date=20230503T000000, start_date=20230718T005301, end_date=20230718T005304
[2023-07-17 21:53:04,501] {local_task_job.py:156} INFO - Task exited with return code 0
[2023-07-17 21:53:04,626] {local_task_job.py:273} INFO - 0 downstream tasks scheduled from follow-on schedule check
[2023-07-18 10:22:40,298] {taskinstance.py:1159} INFO - Dependencies all met for <TaskInstance: get_stocks_dag.AAPL scheduled__2023-05-03T00:00:00+00:00 [queued]>
[2023-07-18 10:22:40,305] {taskinstance.py:1159} INFO - Dependencies all met for <TaskInstance: get_stocks_dag.AAPL scheduled__2023-05-03T00:00:00+00:00 [queued]>
[2023-07-18 10:22:40,305] {taskinstance.py:1356} INFO - 
--------------------------------------------------------------------------------
[2023-07-18 10:22:40,305] {taskinstance.py:1357} INFO - Starting attempt 1 of 1
[2023-07-18 10:22:40,305] {taskinstance.py:1358} INFO - 
--------------------------------------------------------------------------------
[2023-07-18 10:22:40,314] {taskinstance.py:1377} INFO - Executing <Task(_PythonDecoratedOperator): AAPL> on 2023-05-03 00:00:00+00:00
[2023-07-18 10:22:40,318] {standard_task_runner.py:52} INFO - Started process 10298 to run task
[2023-07-18 10:22:40,320] {standard_task_runner.py:79} INFO - Running: ['airflow', 'tasks', 'run', 'get_stocks_dag', 'AAPL', 'scheduled__2023-05-03T00:00:00+00:00', '--job-id', '1165', '--raw', '--subdir', 'DAGS_FOLDER/get_stocks.py', '--cfg-path', '/tmp/tmpaleobrhb', '--error-file', '/tmp/tmpmv99fwqr']
[2023-07-18 10:22:40,321] {standard_task_runner.py:80} INFO - Job 1165: Subtask AAPL
[2023-07-18 10:22:40,460] {task_command.py:370} INFO - Running <TaskInstance: get_stocks_dag.AAPL scheduled__2023-05-03T00:00:00+00:00 [running]> on host lucas-Estudos
[2023-07-18 10:22:40,670] {taskinstance.py:1569} INFO - Exporting the following env vars:
AIRFLOW_CTX_DAG_OWNER=airflow
AIRFLOW_CTX_DAG_ID=get_stocks_dag
AIRFLOW_CTX_TASK_ID=AAPL
AIRFLOW_CTX_EXECUTION_DATE=2023-05-03T00:00:00+00:00
AIRFLOW_CTX_TRY_NUMBER=1
AIRFLOW_CTX_DAG_RUN_ID=scheduled__2023-05-03T00:00:00+00:00
[2023-07-18 10:22:41,363] {python.py:173} INFO - Done. Returned value was: None
[2023-07-18 10:22:41,407] {taskinstance.py:1395} INFO - Marking task as SUCCESS. dag_id=get_stocks_dag, task_id=AAPL, execution_date=20230503T000000, start_date=20230718T132240, end_date=20230718T132241
[2023-07-18 10:22:41,456] {local_task_job.py:156} INFO - Task exited with return code 0
[2023-07-18 10:22:41,562] {local_task_job.py:273} INFO - 0 downstream tasks scheduled from follow-on schedule check
