[2023-07-17 22:17:40,422] {taskinstance.py:1159} INFO - Dependencies all met for <TaskInstance: get_crypto_dag.ETH scheduled__2023-06-17T00:00:00+00:00 [queued]>
[2023-07-17 22:17:40,432] {taskinstance.py:1159} INFO - Dependencies all met for <TaskInstance: get_crypto_dag.ETH scheduled__2023-06-17T00:00:00+00:00 [queued]>
[2023-07-17 22:17:40,433] {taskinstance.py:1356} INFO - 
--------------------------------------------------------------------------------
[2023-07-17 22:17:40,433] {taskinstance.py:1357} INFO - Starting attempt 1 of 1
[2023-07-17 22:17:40,433] {taskinstance.py:1358} INFO - 
--------------------------------------------------------------------------------
[2023-07-17 22:17:40,447] {taskinstance.py:1377} INFO - Executing <Task(_PythonDecoratedOperator): ETH> on 2023-06-17 00:00:00+00:00
[2023-07-17 22:17:40,453] {standard_task_runner.py:52} INFO - Started process 93834 to run task
[2023-07-17 22:17:40,457] {standard_task_runner.py:79} INFO - Running: ['airflow', 'tasks', 'run', 'get_crypto_dag', 'ETH', 'scheduled__2023-06-17T00:00:00+00:00', '--job-id', '1084', '--raw', '--subdir', 'DAGS_FOLDER/get_crypto.py', '--cfg-path', '/tmp/tmppvitnbub', '--error-file', '/tmp/tmpkm1tootq']
[2023-07-17 22:17:40,458] {standard_task_runner.py:80} INFO - Job 1084: Subtask ETH
[2023-07-17 22:17:40,538] {task_command.py:370} INFO - Running <TaskInstance: get_crypto_dag.ETH scheduled__2023-06-17T00:00:00+00:00 [running]> on host lucas-Estudos
[2023-07-17 22:17:40,652] {taskinstance.py:1569} INFO - Exporting the following env vars:
AIRFLOW_CTX_DAG_OWNER=airflow
AIRFLOW_CTX_DAG_ID=get_crypto_dag
AIRFLOW_CTX_TASK_ID=ETH
AIRFLOW_CTX_EXECUTION_DATE=2023-06-17T00:00:00+00:00
AIRFLOW_CTX_TRY_NUMBER=1
AIRFLOW_CTX_DAG_RUN_ID=scheduled__2023-06-17T00:00:00+00:00
[2023-07-17 22:17:44,262] {base.py:162} ERROR - ETH: No timezone found, symbol may be delisted
[2023-07-17 22:17:44,272] {python.py:173} INFO - Done. Returned value was: None
[2023-07-17 22:17:44,322] {taskinstance.py:1395} INFO - Marking task as SUCCESS. dag_id=get_crypto_dag, task_id=ETH, execution_date=20230617T000000, start_date=20230718T011740, end_date=20230718T011744
[2023-07-17 22:17:44,369] {local_task_job.py:156} INFO - Task exited with return code 0
[2023-07-17 22:17:44,541] {local_task_job.py:273} INFO - 0 downstream tasks scheduled from follow-on schedule check
[2023-07-18 10:57:14,419] {taskinstance.py:1159} INFO - Dependencies all met for <TaskInstance: get_crypto_dag.ETH scheduled__2023-06-17T00:00:00+00:00 [queued]>
[2023-07-18 10:57:14,427] {taskinstance.py:1159} INFO - Dependencies all met for <TaskInstance: get_crypto_dag.ETH scheduled__2023-06-17T00:00:00+00:00 [queued]>
[2023-07-18 10:57:14,427] {taskinstance.py:1356} INFO - 
--------------------------------------------------------------------------------
[2023-07-18 10:57:14,427] {taskinstance.py:1357} INFO - Starting attempt 1 of 1
[2023-07-18 10:57:14,427] {taskinstance.py:1358} INFO - 
--------------------------------------------------------------------------------
[2023-07-18 10:57:14,436] {taskinstance.py:1377} INFO - Executing <Task(_PythonDecoratedOperator): ETH> on 2023-06-17 00:00:00+00:00
[2023-07-18 10:57:14,440] {standard_task_runner.py:52} INFO - Started process 21957 to run task
[2023-07-18 10:57:14,442] {standard_task_runner.py:79} INFO - Running: ['airflow', 'tasks', 'run', 'get_crypto_dag', 'ETH', 'scheduled__2023-06-17T00:00:00+00:00', '--job-id', '1481', '--raw', '--subdir', 'DAGS_FOLDER/get_crypto.py', '--cfg-path', '/tmp/tmpj6e6imd7', '--error-file', '/tmp/tmpxmyr8bhs']
[2023-07-18 10:57:14,443] {standard_task_runner.py:80} INFO - Job 1481: Subtask ETH
[2023-07-18 10:57:14,493] {task_command.py:370} INFO - Running <TaskInstance: get_crypto_dag.ETH scheduled__2023-06-17T00:00:00+00:00 [running]> on host lucas-Estudos
[2023-07-18 10:57:14,557] {taskinstance.py:1569} INFO - Exporting the following env vars:
AIRFLOW_CTX_DAG_OWNER=airflow
AIRFLOW_CTX_DAG_ID=get_crypto_dag
AIRFLOW_CTX_TASK_ID=ETH
AIRFLOW_CTX_EXECUTION_DATE=2023-06-17T00:00:00+00:00
AIRFLOW_CTX_TRY_NUMBER=1
AIRFLOW_CTX_DAG_RUN_ID=scheduled__2023-06-17T00:00:00+00:00
[2023-07-18 10:57:15,070] {base.py:162} ERROR - ETH: No timezone found, symbol may be delisted
[2023-07-18 10:57:15,078] {python.py:173} INFO - Done. Returned value was: None
[2023-07-18 10:57:15,125] {taskinstance.py:1395} INFO - Marking task as SUCCESS. dag_id=get_crypto_dag, task_id=ETH, execution_date=20230617T000000, start_date=20230718T135714, end_date=20230718T135715
[2023-07-18 10:57:15,177] {local_task_job.py:156} INFO - Task exited with return code 0
[2023-07-18 10:57:15,289] {local_task_job.py:273} INFO - 0 downstream tasks scheduled from follow-on schedule check
