[2023-07-18 11:03:37,968] {taskinstance.py:1159} INFO - Dependencies all met for <TaskInstance: get_crypto_dag.ETH scheduled__2023-06-26T00:00:00+00:00 [queued]>
[2023-07-18 11:03:37,990] {taskinstance.py:1159} INFO - Dependencies all met for <TaskInstance: get_crypto_dag.ETH scheduled__2023-06-26T00:00:00+00:00 [queued]>
[2023-07-18 11:03:37,990] {taskinstance.py:1356} INFO - 
--------------------------------------------------------------------------------
[2023-07-18 11:03:37,990] {taskinstance.py:1357} INFO - Starting attempt 1 of 1
[2023-07-18 11:03:37,990] {taskinstance.py:1358} INFO - 
--------------------------------------------------------------------------------
[2023-07-18 11:03:38,014] {taskinstance.py:1377} INFO - Executing <Task(_PythonDecoratedOperator): ETH> on 2023-06-26 00:00:00+00:00
[2023-07-18 11:03:38,023] {standard_task_runner.py:52} INFO - Started process 25909 to run task
[2023-07-18 11:03:38,029] {standard_task_runner.py:79} INFO - Running: ['airflow', 'tasks', 'run', 'get_crypto_dag', 'ETH', 'scheduled__2023-06-26T00:00:00+00:00', '--job-id', '1539', '--raw', '--subdir', 'DAGS_FOLDER/get_crypto.py', '--cfg-path', '/tmp/tmpcrja4yy1', '--error-file', '/tmp/tmpf64bmt7s']
[2023-07-18 11:03:38,032] {standard_task_runner.py:80} INFO - Job 1539: Subtask ETH
[2023-07-18 11:03:38,209] {task_command.py:370} INFO - Running <TaskInstance: get_crypto_dag.ETH scheduled__2023-06-26T00:00:00+00:00 [running]> on host lucas-Estudos
[2023-07-18 11:03:38,417] {taskinstance.py:1569} INFO - Exporting the following env vars:
AIRFLOW_CTX_DAG_OWNER=airflow
AIRFLOW_CTX_DAG_ID=get_crypto_dag
AIRFLOW_CTX_TASK_ID=ETH
AIRFLOW_CTX_EXECUTION_DATE=2023-06-26T00:00:00+00:00
AIRFLOW_CTX_TRY_NUMBER=1
AIRFLOW_CTX_DAG_RUN_ID=scheduled__2023-06-26T00:00:00+00:00
[2023-07-18 11:03:38,975] {base.py:162} ERROR - ETH: No timezone found, symbol may be delisted
[2023-07-18 11:03:38,983] {python.py:173} INFO - Done. Returned value was: None
[2023-07-18 11:03:39,029] {taskinstance.py:1395} INFO - Marking task as SUCCESS. dag_id=get_crypto_dag, task_id=ETH, execution_date=20230626T000000, start_date=20230718T140337, end_date=20230718T140339
[2023-07-18 11:03:39,085] {local_task_job.py:156} INFO - Task exited with return code 0
[2023-07-18 11:03:39,191] {local_task_job.py:273} INFO - 0 downstream tasks scheduled from follow-on schedule check
