[2023-07-17 22:16:38,994] {taskinstance.py:1159} INFO - Dependencies all met for <TaskInstance: get_crypto_dag.ETH scheduled__2023-06-16T00:00:00+00:00 [queued]>
[2023-07-17 22:16:39,024] {taskinstance.py:1159} INFO - Dependencies all met for <TaskInstance: get_crypto_dag.ETH scheduled__2023-06-16T00:00:00+00:00 [queued]>
[2023-07-17 22:16:39,025] {taskinstance.py:1356} INFO - 
--------------------------------------------------------------------------------
[2023-07-17 22:16:39,025] {taskinstance.py:1357} INFO - Starting attempt 1 of 1
[2023-07-17 22:16:39,025] {taskinstance.py:1358} INFO - 
--------------------------------------------------------------------------------
[2023-07-17 22:16:39,058] {taskinstance.py:1377} INFO - Executing <Task(_PythonDecoratedOperator): ETH> on 2023-06-16 00:00:00+00:00
[2023-07-17 22:16:39,066] {standard_task_runner.py:52} INFO - Started process 91775 to run task
[2023-07-17 22:16:39,070] {standard_task_runner.py:79} INFO - Running: ['airflow', 'tasks', 'run', 'get_crypto_dag', 'ETH', 'scheduled__2023-06-16T00:00:00+00:00', '--job-id', '1071', '--raw', '--subdir', 'DAGS_FOLDER/get_crypto.py', '--cfg-path', '/tmp/tmpbz34rgg5', '--error-file', '/tmp/tmpg2eesvd_']
[2023-07-17 22:16:39,072] {standard_task_runner.py:80} INFO - Job 1071: Subtask ETH
[2023-07-17 22:16:39,189] {task_command.py:370} INFO - Running <TaskInstance: get_crypto_dag.ETH scheduled__2023-06-16T00:00:00+00:00 [running]> on host lucas-Estudos
[2023-07-17 22:16:39,353] {taskinstance.py:1569} INFO - Exporting the following env vars:
AIRFLOW_CTX_DAG_OWNER=airflow
AIRFLOW_CTX_DAG_ID=get_crypto_dag
AIRFLOW_CTX_TASK_ID=ETH
AIRFLOW_CTX_EXECUTION_DATE=2023-06-16T00:00:00+00:00
AIRFLOW_CTX_TRY_NUMBER=1
AIRFLOW_CTX_DAG_RUN_ID=scheduled__2023-06-16T00:00:00+00:00
[2023-07-17 22:16:43,950] {base.py:162} ERROR - ETH: No timezone found, symbol may be delisted
[2023-07-17 22:16:43,959] {python.py:173} INFO - Done. Returned value was: None
[2023-07-17 22:16:44,009] {taskinstance.py:1395} INFO - Marking task as SUCCESS. dag_id=get_crypto_dag, task_id=ETH, execution_date=20230616T000000, start_date=20230718T011638, end_date=20230718T011644
[2023-07-17 22:16:44,058] {local_task_job.py:156} INFO - Task exited with return code 0
[2023-07-17 22:16:44,180] {local_task_job.py:273} INFO - 0 downstream tasks scheduled from follow-on schedule check
[2023-07-18 10:55:54,273] {taskinstance.py:1159} INFO - Dependencies all met for <TaskInstance: get_crypto_dag.ETH scheduled__2023-06-16T00:00:00+00:00 [queued]>
[2023-07-18 10:55:54,295] {taskinstance.py:1159} INFO - Dependencies all met for <TaskInstance: get_crypto_dag.ETH scheduled__2023-06-16T00:00:00+00:00 [queued]>
[2023-07-18 10:55:54,295] {taskinstance.py:1356} INFO - 
--------------------------------------------------------------------------------
[2023-07-18 10:55:54,295] {taskinstance.py:1357} INFO - Starting attempt 1 of 1
[2023-07-18 10:55:54,296] {taskinstance.py:1358} INFO - 
--------------------------------------------------------------------------------
[2023-07-18 10:55:54,322] {taskinstance.py:1377} INFO - Executing <Task(_PythonDecoratedOperator): ETH> on 2023-06-16 00:00:00+00:00
[2023-07-18 10:55:54,331] {standard_task_runner.py:52} INFO - Started process 21637 to run task
[2023-07-18 10:55:54,337] {standard_task_runner.py:79} INFO - Running: ['airflow', 'tasks', 'run', 'get_crypto_dag', 'ETH', 'scheduled__2023-06-16T00:00:00+00:00', '--job-id', '1470', '--raw', '--subdir', 'DAGS_FOLDER/get_crypto.py', '--cfg-path', '/tmp/tmpo97sytx9', '--error-file', '/tmp/tmp0otdkrh5']
[2023-07-18 10:55:54,339] {standard_task_runner.py:80} INFO - Job 1470: Subtask ETH
[2023-07-18 10:55:54,502] {task_command.py:370} INFO - Running <TaskInstance: get_crypto_dag.ETH scheduled__2023-06-16T00:00:00+00:00 [running]> on host lucas-Estudos
[2023-07-18 10:55:54,694] {taskinstance.py:1569} INFO - Exporting the following env vars:
AIRFLOW_CTX_DAG_OWNER=airflow
AIRFLOW_CTX_DAG_ID=get_crypto_dag
AIRFLOW_CTX_TASK_ID=ETH
AIRFLOW_CTX_EXECUTION_DATE=2023-06-16T00:00:00+00:00
AIRFLOW_CTX_TRY_NUMBER=1
AIRFLOW_CTX_DAG_RUN_ID=scheduled__2023-06-16T00:00:00+00:00
[2023-07-18 10:55:55,504] {base.py:162} ERROR - ETH: No timezone found, symbol may be delisted
[2023-07-18 10:55:55,513] {python.py:173} INFO - Done. Returned value was: None
[2023-07-18 10:55:55,559] {taskinstance.py:1395} INFO - Marking task as SUCCESS. dag_id=get_crypto_dag, task_id=ETH, execution_date=20230616T000000, start_date=20230718T135554, end_date=20230718T135555
[2023-07-18 10:55:55,634] {local_task_job.py:156} INFO - Task exited with return code 0
[2023-07-18 10:55:55,741] {local_task_job.py:273} INFO - 0 downstream tasks scheduled from follow-on schedule check
