[2023-07-17 16:23:33,903] {taskinstance.py:1159} INFO - Dependencies all met for <TaskInstance: get_stocks_dag.AAPL scheduled__2023-06-24T00:00:00+00:00 [queued]>
[2023-07-17 16:23:33,921] {taskinstance.py:1159} INFO - Dependencies all met for <TaskInstance: get_stocks_dag.AAPL scheduled__2023-06-24T00:00:00+00:00 [queued]>
[2023-07-17 16:23:33,921] {taskinstance.py:1356} INFO - 
--------------------------------------------------------------------------------
[2023-07-17 16:23:33,921] {taskinstance.py:1357} INFO - Starting attempt 1 of 1
[2023-07-17 16:23:33,922] {taskinstance.py:1358} INFO - 
--------------------------------------------------------------------------------
[2023-07-17 16:23:33,982] {taskinstance.py:1377} INFO - Executing <Task(_PythonDecoratedOperator): AAPL> on 2023-06-24 00:00:00+00:00
[2023-07-17 16:23:34,001] {standard_task_runner.py:52} INFO - Started process 11318 to run task
[2023-07-17 16:23:34,021] {standard_task_runner.py:79} INFO - Running: ['airflow', 'tasks', 'run', 'get_stocks_dag', 'AAPL', 'scheduled__2023-06-24T00:00:00+00:00', '--job-id', '210', '--raw', '--subdir', 'DAGS_FOLDER/get_stocks.py', '--cfg-path', '/tmp/tmp3h5qsn1u', '--error-file', '/tmp/tmptvdko240']
[2023-07-17 16:23:34,022] {standard_task_runner.py:80} INFO - Job 210: Subtask AAPL
[2023-07-17 16:23:34,247] {task_command.py:370} INFO - Running <TaskInstance: get_stocks_dag.AAPL scheduled__2023-06-24T00:00:00+00:00 [running]> on host lucas-Estudos
[2023-07-17 16:23:34,665] {taskinstance.py:1569} INFO - Exporting the following env vars:
AIRFLOW_CTX_DAG_OWNER=airflow
AIRFLOW_CTX_DAG_ID=get_stocks_dag
AIRFLOW_CTX_TASK_ID=AAPL
AIRFLOW_CTX_EXECUTION_DATE=2023-06-24T00:00:00+00:00
AIRFLOW_CTX_TRY_NUMBER=1
AIRFLOW_CTX_DAG_RUN_ID=scheduled__2023-06-24T00:00:00+00:00
[2023-07-17 16:23:35,501] {python.py:173} INFO - Done. Returned value was: None
[2023-07-17 16:23:35,529] {taskinstance.py:1395} INFO - Marking task as SUCCESS. dag_id=get_stocks_dag, task_id=AAPL, execution_date=20230624T000000, start_date=20230717T192333, end_date=20230717T192335
[2023-07-17 16:23:35,559] {local_task_job.py:156} INFO - Task exited with return code 0
[2023-07-17 16:23:35,642] {local_task_job.py:273} INFO - 0 downstream tasks scheduled from follow-on schedule check
[2023-07-17 16:54:52,937] {taskinstance.py:1159} INFO - Dependencies all met for <TaskInstance: get_stocks_dag.AAPL scheduled__2023-06-24T00:00:00+00:00 [queued]>
[2023-07-17 16:54:52,984] {taskinstance.py:1159} INFO - Dependencies all met for <TaskInstance: get_stocks_dag.AAPL scheduled__2023-06-24T00:00:00+00:00 [queued]>
[2023-07-17 16:54:52,985] {taskinstance.py:1356} INFO - 
--------------------------------------------------------------------------------
[2023-07-17 16:54:52,985] {taskinstance.py:1357} INFO - Starting attempt 1 of 1
[2023-07-17 16:54:52,985] {taskinstance.py:1358} INFO - 
--------------------------------------------------------------------------------
[2023-07-17 16:54:53,051] {taskinstance.py:1377} INFO - Executing <Task(_PythonDecoratedOperator): AAPL> on 2023-06-24 00:00:00+00:00
[2023-07-17 16:54:53,101] {standard_task_runner.py:79} INFO - Running: ['airflow', 'tasks', 'run', 'get_stocks_dag', 'AAPL', 'scheduled__2023-06-24T00:00:00+00:00', '--job-id', '430', '--raw', '--subdir', 'DAGS_FOLDER/get_stocks.py', '--cfg-path', '/tmp/tmp1e39nvm6', '--error-file', '/tmp/tmpnvaopgxy']
[2023-07-17 16:54:53,102] {standard_task_runner.py:80} INFO - Job 430: Subtask AAPL
[2023-07-17 16:54:53,089] {standard_task_runner.py:52} INFO - Started process 24058 to run task
[2023-07-17 16:54:53,316] {task_command.py:370} INFO - Running <TaskInstance: get_stocks_dag.AAPL scheduled__2023-06-24T00:00:00+00:00 [running]> on host lucas-Estudos
[2023-07-17 16:54:53,540] {taskinstance.py:1569} INFO - Exporting the following env vars:
AIRFLOW_CTX_DAG_OWNER=airflow
AIRFLOW_CTX_DAG_ID=get_stocks_dag
AIRFLOW_CTX_TASK_ID=AAPL
AIRFLOW_CTX_EXECUTION_DATE=2023-06-24T00:00:00+00:00
AIRFLOW_CTX_TRY_NUMBER=1
AIRFLOW_CTX_DAG_RUN_ID=scheduled__2023-06-24T00:00:00+00:00
[2023-07-17 16:54:54,142] {python.py:173} INFO - Done. Returned value was: None
[2023-07-17 16:54:54,214] {taskinstance.py:1395} INFO - Marking task as SUCCESS. dag_id=get_stocks_dag, task_id=AAPL, execution_date=20230624T000000, start_date=20230717T195452, end_date=20230717T195454
[2023-07-17 16:54:54,274] {local_task_job.py:156} INFO - Task exited with return code 0
[2023-07-17 16:54:54,369] {local_task_job.py:273} INFO - 0 downstream tasks scheduled from follow-on schedule check
[2023-07-17 21:06:36,783] {taskinstance.py:1159} INFO - Dependencies all met for <TaskInstance: get_stocks_dag.AAPL scheduled__2023-06-24T00:00:00+00:00 [queued]>
[2023-07-17 21:06:36,791] {taskinstance.py:1159} INFO - Dependencies all met for <TaskInstance: get_stocks_dag.AAPL scheduled__2023-06-24T00:00:00+00:00 [queued]>
[2023-07-17 21:06:36,791] {taskinstance.py:1356} INFO - 
--------------------------------------------------------------------------------
[2023-07-17 21:06:36,791] {taskinstance.py:1357} INFO - Starting attempt 1 of 1
[2023-07-17 21:06:36,791] {taskinstance.py:1358} INFO - 
--------------------------------------------------------------------------------
[2023-07-17 21:06:36,801] {taskinstance.py:1377} INFO - Executing <Task(_PythonDecoratedOperator): AAPL> on 2023-06-24 00:00:00+00:00
[2023-07-17 21:06:36,805] {standard_task_runner.py:52} INFO - Started process 32460 to run task
[2023-07-17 21:06:36,808] {standard_task_runner.py:79} INFO - Running: ['airflow', 'tasks', 'run', 'get_stocks_dag', 'AAPL', 'scheduled__2023-06-24T00:00:00+00:00', '--job-id', '647', '--raw', '--subdir', 'DAGS_FOLDER/get_stocks.py', '--cfg-path', '/tmp/tmpl_k4633c', '--error-file', '/tmp/tmpz9tl2kte']
[2023-07-17 21:06:36,809] {standard_task_runner.py:80} INFO - Job 647: Subtask AAPL
[2023-07-17 21:06:36,932] {task_command.py:370} INFO - Running <TaskInstance: get_stocks_dag.AAPL scheduled__2023-06-24T00:00:00+00:00 [running]> on host lucas-Estudos
[2023-07-17 21:06:37,170] {taskinstance.py:1569} INFO - Exporting the following env vars:
AIRFLOW_CTX_DAG_OWNER=airflow
AIRFLOW_CTX_DAG_ID=get_stocks_dag
AIRFLOW_CTX_TASK_ID=AAPL
AIRFLOW_CTX_EXECUTION_DATE=2023-06-24T00:00:00+00:00
AIRFLOW_CTX_TRY_NUMBER=1
AIRFLOW_CTX_DAG_RUN_ID=scheduled__2023-06-24T00:00:00+00:00
[2023-07-17 21:06:40,905] {python.py:173} INFO - Done. Returned value was: None
[2023-07-17 21:06:40,968] {taskinstance.py:1395} INFO - Marking task as SUCCESS. dag_id=get_stocks_dag, task_id=AAPL, execution_date=20230624T000000, start_date=20230718T000636, end_date=20230718T000640
[2023-07-17 21:06:41,035] {local_task_job.py:156} INFO - Task exited with return code 0
[2023-07-17 21:06:41,163] {local_task_job.py:273} INFO - 0 downstream tasks scheduled from follow-on schedule check
[2023-07-17 22:14:15,124] {taskinstance.py:1159} INFO - Dependencies all met for <TaskInstance: get_stocks_dag.AAPL scheduled__2023-06-24T00:00:00+00:00 [queued]>
[2023-07-17 22:14:15,141] {taskinstance.py:1159} INFO - Dependencies all met for <TaskInstance: get_stocks_dag.AAPL scheduled__2023-06-24T00:00:00+00:00 [queued]>
[2023-07-17 22:14:15,141] {taskinstance.py:1356} INFO - 
--------------------------------------------------------------------------------
[2023-07-17 22:14:15,141] {taskinstance.py:1357} INFO - Starting attempt 1 of 1
[2023-07-17 22:14:15,141] {taskinstance.py:1358} INFO - 
--------------------------------------------------------------------------------
[2023-07-17 22:14:15,156] {taskinstance.py:1377} INFO - Executing <Task(_PythonDecoratedOperator): AAPL> on 2023-06-24 00:00:00+00:00
[2023-07-17 22:14:15,163] {standard_task_runner.py:52} INFO - Started process 86906 to run task
[2023-07-17 22:14:15,166] {standard_task_runner.py:79} INFO - Running: ['airflow', 'tasks', 'run', 'get_stocks_dag', 'AAPL', 'scheduled__2023-06-24T00:00:00+00:00', '--job-id', '1034', '--raw', '--subdir', 'DAGS_FOLDER/get_stocks.py', '--cfg-path', '/tmp/tmp0wgfq47p', '--error-file', '/tmp/tmp5ngk72tk']
[2023-07-17 22:14:15,167] {standard_task_runner.py:80} INFO - Job 1034: Subtask AAPL
[2023-07-17 22:14:15,222] {task_command.py:370} INFO - Running <TaskInstance: get_stocks_dag.AAPL scheduled__2023-06-24T00:00:00+00:00 [running]> on host lucas-Estudos
[2023-07-17 22:14:15,330] {taskinstance.py:1569} INFO - Exporting the following env vars:
AIRFLOW_CTX_DAG_OWNER=airflow
AIRFLOW_CTX_DAG_ID=get_stocks_dag
AIRFLOW_CTX_TASK_ID=AAPL
AIRFLOW_CTX_EXECUTION_DATE=2023-06-24T00:00:00+00:00
AIRFLOW_CTX_TRY_NUMBER=1
AIRFLOW_CTX_DAG_RUN_ID=scheduled__2023-06-24T00:00:00+00:00
[2023-07-17 22:14:17,440] {python.py:173} INFO - Done. Returned value was: None
[2023-07-17 22:14:17,494] {taskinstance.py:1395} INFO - Marking task as SUCCESS. dag_id=get_stocks_dag, task_id=AAPL, execution_date=20230624T000000, start_date=20230718T011415, end_date=20230718T011417
[2023-07-17 22:14:17,548] {local_task_job.py:156} INFO - Task exited with return code 0
[2023-07-17 22:14:17,718] {local_task_job.py:273} INFO - 0 downstream tasks scheduled from follow-on schedule check
[2023-07-18 11:02:29,726] {taskinstance.py:1159} INFO - Dependencies all met for <TaskInstance: get_stocks_dag.AAPL scheduled__2023-06-24T00:00:00+00:00 [queued]>
[2023-07-18 11:02:29,734] {taskinstance.py:1159} INFO - Dependencies all met for <TaskInstance: get_stocks_dag.AAPL scheduled__2023-06-24T00:00:00+00:00 [queued]>
[2023-07-18 11:02:29,734] {taskinstance.py:1356} INFO - 
--------------------------------------------------------------------------------
[2023-07-18 11:02:29,734] {taskinstance.py:1357} INFO - Starting attempt 1 of 1
[2023-07-18 11:02:29,734] {taskinstance.py:1358} INFO - 
--------------------------------------------------------------------------------
[2023-07-18 11:02:29,746] {taskinstance.py:1377} INFO - Executing <Task(_PythonDecoratedOperator): AAPL> on 2023-06-24 00:00:00+00:00
[2023-07-18 11:02:29,752] {standard_task_runner.py:52} INFO - Started process 25594 to run task
[2023-07-18 11:02:29,755] {standard_task_runner.py:79} INFO - Running: ['airflow', 'tasks', 'run', 'get_stocks_dag', 'AAPL', 'scheduled__2023-06-24T00:00:00+00:00', '--job-id', '1529', '--raw', '--subdir', 'DAGS_FOLDER/get_stocks.py', '--cfg-path', '/tmp/tmpuwy9wz85', '--error-file', '/tmp/tmpf9b5zx99']
[2023-07-18 11:02:29,756] {standard_task_runner.py:80} INFO - Job 1529: Subtask AAPL
[2023-07-18 11:02:29,939] {task_command.py:370} INFO - Running <TaskInstance: get_stocks_dag.AAPL scheduled__2023-06-24T00:00:00+00:00 [running]> on host lucas-Estudos
[2023-07-18 11:02:30,189] {taskinstance.py:1569} INFO - Exporting the following env vars:
AIRFLOW_CTX_DAG_OWNER=airflow
AIRFLOW_CTX_DAG_ID=get_stocks_dag
AIRFLOW_CTX_TASK_ID=AAPL
AIRFLOW_CTX_EXECUTION_DATE=2023-06-24T00:00:00+00:00
AIRFLOW_CTX_TRY_NUMBER=1
AIRFLOW_CTX_DAG_RUN_ID=scheduled__2023-06-24T00:00:00+00:00
[2023-07-18 11:02:30,828] {python.py:173} INFO - Done. Returned value was: None
[2023-07-18 11:02:30,882] {taskinstance.py:1395} INFO - Marking task as SUCCESS. dag_id=get_stocks_dag, task_id=AAPL, execution_date=20230624T000000, start_date=20230718T140229, end_date=20230718T140230
[2023-07-18 11:02:30,931] {local_task_job.py:156} INFO - Task exited with return code 0
[2023-07-18 11:02:31,059] {local_task_job.py:273} INFO - 0 downstream tasks scheduled from follow-on schedule check
