[2023-07-17 16:23:17,095] {taskinstance.py:1159} INFO - Dependencies all met for <TaskInstance: get_stocks_dag.AAPL scheduled__2023-06-07T00:00:00+00:00 [queued]>
[2023-07-17 16:23:17,128] {taskinstance.py:1159} INFO - Dependencies all met for <TaskInstance: get_stocks_dag.AAPL scheduled__2023-06-07T00:00:00+00:00 [queued]>
[2023-07-17 16:23:17,128] {taskinstance.py:1356} INFO - 
--------------------------------------------------------------------------------
[2023-07-17 16:23:17,128] {taskinstance.py:1357} INFO - Starting attempt 1 of 1
[2023-07-17 16:23:17,128] {taskinstance.py:1358} INFO - 
--------------------------------------------------------------------------------
[2023-07-17 16:23:17,253] {taskinstance.py:1377} INFO - Executing <Task(_PythonDecoratedOperator): AAPL> on 2023-06-07 00:00:00+00:00
[2023-07-17 16:23:17,310] {standard_task_runner.py:52} INFO - Started process 9705 to run task
[2023-07-17 16:23:17,352] {standard_task_runner.py:79} INFO - Running: ['airflow', 'tasks', 'run', 'get_stocks_dag', 'AAPL', 'scheduled__2023-06-07T00:00:00+00:00', '--job-id', '156', '--raw', '--subdir', 'DAGS_FOLDER/get_stocks.py', '--cfg-path', '/tmp/tmpzwsnjvbv', '--error-file', '/tmp/tmp07l3gkua']
[2023-07-17 16:23:17,353] {standard_task_runner.py:80} INFO - Job 156: Subtask AAPL
[2023-07-17 16:23:17,536] {task_command.py:370} INFO - Running <TaskInstance: get_stocks_dag.AAPL scheduled__2023-06-07T00:00:00+00:00 [running]> on host lucas-Estudos
[2023-07-17 16:23:17,851] {taskinstance.py:1569} INFO - Exporting the following env vars:
AIRFLOW_CTX_DAG_OWNER=airflow
AIRFLOW_CTX_DAG_ID=get_stocks_dag
AIRFLOW_CTX_TASK_ID=AAPL
AIRFLOW_CTX_EXECUTION_DATE=2023-06-07T00:00:00+00:00
AIRFLOW_CTX_TRY_NUMBER=1
AIRFLOW_CTX_DAG_RUN_ID=scheduled__2023-06-07T00:00:00+00:00
[2023-07-17 16:23:18,853] {python.py:173} INFO - Done. Returned value was: None
[2023-07-17 16:23:18,942] {taskinstance.py:1395} INFO - Marking task as SUCCESS. dag_id=get_stocks_dag, task_id=AAPL, execution_date=20230607T000000, start_date=20230717T192317, end_date=20230717T192318
[2023-07-17 16:23:19,016] {local_task_job.py:156} INFO - Task exited with return code 0
[2023-07-17 16:23:19,317] {local_task_job.py:273} INFO - 0 downstream tasks scheduled from follow-on schedule check
[2023-07-17 16:54:36,696] {taskinstance.py:1159} INFO - Dependencies all met for <TaskInstance: get_stocks_dag.AAPL scheduled__2023-06-07T00:00:00+00:00 [queued]>
[2023-07-17 16:54:36,708] {taskinstance.py:1159} INFO - Dependencies all met for <TaskInstance: get_stocks_dag.AAPL scheduled__2023-06-07T00:00:00+00:00 [queued]>
[2023-07-17 16:54:36,708] {taskinstance.py:1356} INFO - 
--------------------------------------------------------------------------------
[2023-07-17 16:54:36,708] {taskinstance.py:1357} INFO - Starting attempt 1 of 1
[2023-07-17 16:54:36,708] {taskinstance.py:1358} INFO - 
--------------------------------------------------------------------------------
[2023-07-17 16:54:36,727] {taskinstance.py:1377} INFO - Executing <Task(_PythonDecoratedOperator): AAPL> on 2023-06-07 00:00:00+00:00
[2023-07-17 16:54:36,733] {standard_task_runner.py:52} INFO - Started process 22606 to run task
[2023-07-17 16:54:36,738] {standard_task_runner.py:79} INFO - Running: ['airflow', 'tasks', 'run', 'get_stocks_dag', 'AAPL', 'scheduled__2023-06-07T00:00:00+00:00', '--job-id', '375', '--raw', '--subdir', 'DAGS_FOLDER/get_stocks.py', '--cfg-path', '/tmp/tmpixz165s9', '--error-file', '/tmp/tmp5pvzxv4a']
[2023-07-17 16:54:36,739] {standard_task_runner.py:80} INFO - Job 375: Subtask AAPL
[2023-07-17 16:54:36,834] {task_command.py:370} INFO - Running <TaskInstance: get_stocks_dag.AAPL scheduled__2023-06-07T00:00:00+00:00 [running]> on host lucas-Estudos
[2023-07-17 16:54:36,934] {taskinstance.py:1569} INFO - Exporting the following env vars:
AIRFLOW_CTX_DAG_OWNER=airflow
AIRFLOW_CTX_DAG_ID=get_stocks_dag
AIRFLOW_CTX_TASK_ID=AAPL
AIRFLOW_CTX_EXECUTION_DATE=2023-06-07T00:00:00+00:00
AIRFLOW_CTX_TRY_NUMBER=1
AIRFLOW_CTX_DAG_RUN_ID=scheduled__2023-06-07T00:00:00+00:00
[2023-07-17 16:54:37,364] {python.py:173} INFO - Done. Returned value was: None
[2023-07-17 16:54:37,402] {taskinstance.py:1395} INFO - Marking task as SUCCESS. dag_id=get_stocks_dag, task_id=AAPL, execution_date=20230607T000000, start_date=20230717T195436, end_date=20230717T195437
[2023-07-17 16:54:37,433] {local_task_job.py:156} INFO - Task exited with return code 0
[2023-07-17 16:54:37,511] {local_task_job.py:273} INFO - 0 downstream tasks scheduled from follow-on schedule check
[2023-07-17 21:02:59,003] {taskinstance.py:1159} INFO - Dependencies all met for <TaskInstance: get_stocks_dag.AAPL scheduled__2023-06-07T00:00:00+00:00 [queued]>
[2023-07-17 21:02:59,028] {taskinstance.py:1159} INFO - Dependencies all met for <TaskInstance: get_stocks_dag.AAPL scheduled__2023-06-07T00:00:00+00:00 [queued]>
[2023-07-17 21:02:59,029] {taskinstance.py:1356} INFO - 
--------------------------------------------------------------------------------
[2023-07-17 21:02:59,029] {taskinstance.py:1357} INFO - Starting attempt 1 of 1
[2023-07-17 21:02:59,029] {taskinstance.py:1358} INFO - 
--------------------------------------------------------------------------------
[2023-07-17 21:02:59,058] {taskinstance.py:1377} INFO - Executing <Task(_PythonDecoratedOperator): AAPL> on 2023-06-07 00:00:00+00:00
[2023-07-17 21:02:59,068] {standard_task_runner.py:52} INFO - Started process 24628 to run task
[2023-07-17 21:02:59,075] {standard_task_runner.py:79} INFO - Running: ['airflow', 'tasks', 'run', 'get_stocks_dag', 'AAPL', 'scheduled__2023-06-07T00:00:00+00:00', '--job-id', '592', '--raw', '--subdir', 'DAGS_FOLDER/get_stocks.py', '--cfg-path', '/tmp/tmp08jsc9x_', '--error-file', '/tmp/tmpphq8evrd']
[2023-07-17 21:02:59,077] {standard_task_runner.py:80} INFO - Job 592: Subtask AAPL
[2023-07-17 21:02:59,281] {task_command.py:370} INFO - Running <TaskInstance: get_stocks_dag.AAPL scheduled__2023-06-07T00:00:00+00:00 [running]> on host lucas-Estudos
[2023-07-17 21:02:59,517] {taskinstance.py:1569} INFO - Exporting the following env vars:
AIRFLOW_CTX_DAG_OWNER=airflow
AIRFLOW_CTX_DAG_ID=get_stocks_dag
AIRFLOW_CTX_TASK_ID=AAPL
AIRFLOW_CTX_EXECUTION_DATE=2023-06-07T00:00:00+00:00
AIRFLOW_CTX_TRY_NUMBER=1
AIRFLOW_CTX_DAG_RUN_ID=scheduled__2023-06-07T00:00:00+00:00
[2023-07-17 21:03:03,203] {python.py:173} INFO - Done. Returned value was: None
[2023-07-17 21:03:03,323] {taskinstance.py:1395} INFO - Marking task as SUCCESS. dag_id=get_stocks_dag, task_id=AAPL, execution_date=20230607T000000, start_date=20230718T000259, end_date=20230718T000303
[2023-07-17 21:03:03,382] {local_task_job.py:156} INFO - Task exited with return code 0
[2023-07-17 21:03:03,508] {local_task_job.py:273} INFO - 0 downstream tasks scheduled from follow-on schedule check
[2023-07-17 22:07:14,674] {taskinstance.py:1159} INFO - Dependencies all met for <TaskInstance: get_stocks_dag.AAPL scheduled__2023-06-07T00:00:00+00:00 [queued]>
[2023-07-17 22:07:14,688] {taskinstance.py:1159} INFO - Dependencies all met for <TaskInstance: get_stocks_dag.AAPL scheduled__2023-06-07T00:00:00+00:00 [queued]>
[2023-07-17 22:07:14,688] {taskinstance.py:1356} INFO - 
--------------------------------------------------------------------------------
[2023-07-17 22:07:14,688] {taskinstance.py:1357} INFO - Starting attempt 1 of 1
[2023-07-17 22:07:14,688] {taskinstance.py:1358} INFO - 
--------------------------------------------------------------------------------
[2023-07-17 22:07:14,706] {taskinstance.py:1377} INFO - Executing <Task(_PythonDecoratedOperator): AAPL> on 2023-06-07 00:00:00+00:00
[2023-07-17 22:07:14,713] {standard_task_runner.py:52} INFO - Started process 72688 to run task
[2023-07-17 22:07:14,716] {standard_task_runner.py:79} INFO - Running: ['airflow', 'tasks', 'run', 'get_stocks_dag', 'AAPL', 'scheduled__2023-06-07T00:00:00+00:00', '--job-id', '930', '--raw', '--subdir', 'DAGS_FOLDER/get_stocks.py', '--cfg-path', '/tmp/tmp7g13eqm1', '--error-file', '/tmp/tmpz5g9re8e']
[2023-07-17 22:07:14,717] {standard_task_runner.py:80} INFO - Job 930: Subtask AAPL
[2023-07-17 22:07:14,812] {task_command.py:370} INFO - Running <TaskInstance: get_stocks_dag.AAPL scheduled__2023-06-07T00:00:00+00:00 [running]> on host lucas-Estudos
[2023-07-17 22:07:15,065] {taskinstance.py:1569} INFO - Exporting the following env vars:
AIRFLOW_CTX_DAG_OWNER=airflow
AIRFLOW_CTX_DAG_ID=get_stocks_dag
AIRFLOW_CTX_TASK_ID=AAPL
AIRFLOW_CTX_EXECUTION_DATE=2023-06-07T00:00:00+00:00
AIRFLOW_CTX_TRY_NUMBER=1
AIRFLOW_CTX_DAG_RUN_ID=scheduled__2023-06-07T00:00:00+00:00
[2023-07-17 22:07:27,747] {python.py:173} INFO - Done. Returned value was: None
[2023-07-17 22:07:27,768] {taskinstance.py:1395} INFO - Marking task as SUCCESS. dag_id=get_stocks_dag, task_id=AAPL, execution_date=20230607T000000, start_date=20230718T010714, end_date=20230718T010727
[2023-07-17 22:07:27,822] {local_task_job.py:156} INFO - Task exited with return code 0
[2023-07-17 22:07:27,862] {local_task_job.py:273} INFO - 0 downstream tasks scheduled from follow-on schedule check
[2023-07-18 10:49:32,006] {taskinstance.py:1159} INFO - Dependencies all met for <TaskInstance: get_stocks_dag.AAPL scheduled__2023-06-07T00:00:00+00:00 [queued]>
[2023-07-18 10:49:32,037] {taskinstance.py:1159} INFO - Dependencies all met for <TaskInstance: get_stocks_dag.AAPL scheduled__2023-06-07T00:00:00+00:00 [queued]>
[2023-07-18 10:49:32,037] {taskinstance.py:1356} INFO - 
--------------------------------------------------------------------------------
[2023-07-18 10:49:32,037] {taskinstance.py:1357} INFO - Starting attempt 1 of 1
[2023-07-18 10:49:32,037] {taskinstance.py:1358} INFO - 
--------------------------------------------------------------------------------
[2023-07-18 10:49:32,069] {taskinstance.py:1377} INFO - Executing <Task(_PythonDecoratedOperator): AAPL> on 2023-06-07 00:00:00+00:00
[2023-07-18 10:49:32,082] {standard_task_runner.py:52} INFO - Started process 18107 to run task
[2023-07-18 10:49:32,090] {standard_task_runner.py:79} INFO - Running: ['airflow', 'tasks', 'run', 'get_stocks_dag', 'AAPL', 'scheduled__2023-06-07T00:00:00+00:00', '--job-id', '1412', '--raw', '--subdir', 'DAGS_FOLDER/get_stocks.py', '--cfg-path', '/tmp/tmp2pk5pjx3', '--error-file', '/tmp/tmpn768qmv2']
[2023-07-18 10:49:32,093] {standard_task_runner.py:80} INFO - Job 1412: Subtask AAPL
[2023-07-18 10:49:32,296] {task_command.py:370} INFO - Running <TaskInstance: get_stocks_dag.AAPL scheduled__2023-06-07T00:00:00+00:00 [running]> on host lucas-Estudos
[2023-07-18 10:49:32,532] {taskinstance.py:1569} INFO - Exporting the following env vars:
AIRFLOW_CTX_DAG_OWNER=airflow
AIRFLOW_CTX_DAG_ID=get_stocks_dag
AIRFLOW_CTX_TASK_ID=AAPL
AIRFLOW_CTX_EXECUTION_DATE=2023-06-07T00:00:00+00:00
AIRFLOW_CTX_TRY_NUMBER=1
AIRFLOW_CTX_DAG_RUN_ID=scheduled__2023-06-07T00:00:00+00:00
[2023-07-18 10:49:33,089] {python.py:173} INFO - Done. Returned value was: None
[2023-07-18 10:49:33,123] {taskinstance.py:1395} INFO - Marking task as SUCCESS. dag_id=get_stocks_dag, task_id=AAPL, execution_date=20230607T000000, start_date=20230718T134932, end_date=20230718T134933
[2023-07-18 10:49:33,186] {local_task_job.py:156} INFO - Task exited with return code 0
[2023-07-18 10:49:33,293] {local_task_job.py:273} INFO - 0 downstream tasks scheduled from follow-on schedule check
