[2023-07-17 22:01:17,281] {taskinstance.py:1159} INFO - Dependencies all met for <TaskInstance: get_crypto_dag.ETH scheduled__2023-05-18T00:00:00+00:00 [queued]>
[2023-07-17 22:01:17,297] {taskinstance.py:1159} INFO - Dependencies all met for <TaskInstance: get_crypto_dag.ETH scheduled__2023-05-18T00:00:00+00:00 [queued]>
[2023-07-17 22:01:17,297] {taskinstance.py:1356} INFO - 
--------------------------------------------------------------------------------
[2023-07-17 22:01:17,297] {taskinstance.py:1357} INFO - Starting attempt 1 of 1
[2023-07-17 22:01:17,297] {taskinstance.py:1358} INFO - 
--------------------------------------------------------------------------------
[2023-07-17 22:01:17,314] {taskinstance.py:1377} INFO - Executing <Task(_PythonDecoratedOperator): ETH> on 2023-05-18 00:00:00+00:00
[2023-07-17 22:01:17,320] {standard_task_runner.py:52} INFO - Started process 60565 to run task
[2023-07-17 22:01:17,324] {standard_task_runner.py:79} INFO - Running: ['airflow', 'tasks', 'run', 'get_crypto_dag', 'ETH', 'scheduled__2023-05-18T00:00:00+00:00', '--job-id', '842', '--raw', '--subdir', 'DAGS_FOLDER/get_crypto.py', '--cfg-path', '/tmp/tmpl3ok6_l1', '--error-file', '/tmp/tmpdij7zys_']
[2023-07-17 22:01:17,325] {standard_task_runner.py:80} INFO - Job 842: Subtask ETH
[2023-07-17 22:01:17,402] {task_command.py:370} INFO - Running <TaskInstance: get_crypto_dag.ETH scheduled__2023-05-18T00:00:00+00:00 [running]> on host lucas-Estudos
[2023-07-17 22:01:17,647] {taskinstance.py:1569} INFO - Exporting the following env vars:
AIRFLOW_CTX_DAG_OWNER=airflow
AIRFLOW_CTX_DAG_ID=get_crypto_dag
AIRFLOW_CTX_TASK_ID=ETH
AIRFLOW_CTX_EXECUTION_DATE=2023-05-18T00:00:00+00:00
AIRFLOW_CTX_TRY_NUMBER=1
AIRFLOW_CTX_DAG_RUN_ID=scheduled__2023-05-18T00:00:00+00:00
[2023-07-17 22:01:19,348] {base.py:162} ERROR - ETH: No timezone found, symbol may be delisted
[2023-07-17 22:01:19,363] {python.py:173} INFO - Done. Returned value was: None
[2023-07-17 22:01:19,423] {taskinstance.py:1395} INFO - Marking task as SUCCESS. dag_id=get_crypto_dag, task_id=ETH, execution_date=20230518T000000, start_date=20230718T010117, end_date=20230718T010119
[2023-07-17 22:01:19,503] {local_task_job.py:156} INFO - Task exited with return code 0
[2023-07-17 22:01:19,561] {local_task_job.py:273} INFO - 0 downstream tasks scheduled from follow-on schedule check
[2023-07-18 10:34:02,007] {taskinstance.py:1159} INFO - Dependencies all met for <TaskInstance: get_crypto_dag.ETH scheduled__2023-05-18T00:00:00+00:00 [queued]>
[2023-07-18 10:34:02,028] {taskinstance.py:1159} INFO - Dependencies all met for <TaskInstance: get_crypto_dag.ETH scheduled__2023-05-18T00:00:00+00:00 [queued]>
[2023-07-18 10:34:02,029] {taskinstance.py:1356} INFO - 
--------------------------------------------------------------------------------
[2023-07-18 10:34:02,029] {taskinstance.py:1357} INFO - Starting attempt 1 of 1
[2023-07-18 10:34:02,029] {taskinstance.py:1358} INFO - 
--------------------------------------------------------------------------------
[2023-07-18 10:34:02,055] {taskinstance.py:1377} INFO - Executing <Task(_PythonDecoratedOperator): ETH> on 2023-05-18 00:00:00+00:00
[2023-07-18 10:34:02,065] {standard_task_runner.py:52} INFO - Started process 13695 to run task
[2023-07-18 10:34:02,073] {standard_task_runner.py:79} INFO - Running: ['airflow', 'tasks', 'run', 'get_crypto_dag', 'ETH', 'scheduled__2023-05-18T00:00:00+00:00', '--job-id', '1271', '--raw', '--subdir', 'DAGS_FOLDER/get_crypto.py', '--cfg-path', '/tmp/tmpdd4wkad3', '--error-file', '/tmp/tmpy_mkpjb3']
[2023-07-18 10:34:02,075] {standard_task_runner.py:80} INFO - Job 1271: Subtask ETH
[2023-07-18 10:34:02,245] {task_command.py:370} INFO - Running <TaskInstance: get_crypto_dag.ETH scheduled__2023-05-18T00:00:00+00:00 [running]> on host lucas-Estudos
[2023-07-18 10:34:02,510] {taskinstance.py:1569} INFO - Exporting the following env vars:
AIRFLOW_CTX_DAG_OWNER=airflow
AIRFLOW_CTX_DAG_ID=get_crypto_dag
AIRFLOW_CTX_TASK_ID=ETH
AIRFLOW_CTX_EXECUTION_DATE=2023-05-18T00:00:00+00:00
AIRFLOW_CTX_TRY_NUMBER=1
AIRFLOW_CTX_DAG_RUN_ID=scheduled__2023-05-18T00:00:00+00:00
[2023-07-18 10:34:03,008] {base.py:162} ERROR - ETH: No timezone found, symbol may be delisted
[2023-07-18 10:34:03,018] {python.py:173} INFO - Done. Returned value was: None
[2023-07-18 10:34:03,083] {taskinstance.py:1395} INFO - Marking task as SUCCESS. dag_id=get_crypto_dag, task_id=ETH, execution_date=20230518T000000, start_date=20230718T133402, end_date=20230718T133403
[2023-07-18 10:34:03,169] {local_task_job.py:156} INFO - Task exited with return code 0
[2023-07-18 10:34:03,281] {local_task_job.py:273} INFO - 0 downstream tasks scheduled from follow-on schedule check
