[2023-07-17 22:03:18,843] {taskinstance.py:1159} INFO - Dependencies all met for <TaskInstance: get_crypto_dag.AVAX scheduled__2023-05-22T00:00:00+00:00 [queued]>
[2023-07-17 22:03:18,874] {taskinstance.py:1159} INFO - Dependencies all met for <TaskInstance: get_crypto_dag.AVAX scheduled__2023-05-22T00:00:00+00:00 [queued]>
[2023-07-17 22:03:18,874] {taskinstance.py:1356} INFO - 
--------------------------------------------------------------------------------
[2023-07-17 22:03:18,874] {taskinstance.py:1357} INFO - Starting attempt 1 of 1
[2023-07-17 22:03:18,874] {taskinstance.py:1358} INFO - 
--------------------------------------------------------------------------------
[2023-07-17 22:03:18,900] {taskinstance.py:1377} INFO - Executing <Task(_PythonDecoratedOperator): AVAX> on 2023-05-22 00:00:00+00:00
[2023-07-17 22:03:18,908] {standard_task_runner.py:52} INFO - Started process 64715 to run task
[2023-07-17 22:03:18,914] {standard_task_runner.py:79} INFO - Running: ['airflow', 'tasks', 'run', 'get_crypto_dag', 'AVAX', 'scheduled__2023-05-22T00:00:00+00:00', '--job-id', '872', '--raw', '--subdir', 'DAGS_FOLDER/get_crypto.py', '--cfg-path', '/tmp/tmpgxxdh0y1', '--error-file', '/tmp/tmpstj17row']
[2023-07-17 22:03:18,916] {standard_task_runner.py:80} INFO - Job 872: Subtask AVAX
[2023-07-17 22:03:19,036] {task_command.py:370} INFO - Running <TaskInstance: get_crypto_dag.AVAX scheduled__2023-05-22T00:00:00+00:00 [running]> on host lucas-Estudos
[2023-07-17 22:03:19,140] {taskinstance.py:1569} INFO - Exporting the following env vars:
AIRFLOW_CTX_DAG_OWNER=airflow
AIRFLOW_CTX_DAG_ID=get_crypto_dag
AIRFLOW_CTX_TASK_ID=AVAX
AIRFLOW_CTX_EXECUTION_DATE=2023-05-22T00:00:00+00:00
AIRFLOW_CTX_TRY_NUMBER=1
AIRFLOW_CTX_DAG_RUN_ID=scheduled__2023-05-22T00:00:00+00:00
[2023-07-17 22:03:21,714] {base.py:162} ERROR - AVAX: No timezone found, symbol may be delisted
[2023-07-17 22:03:21,725] {python.py:173} INFO - Done. Returned value was: None
[2023-07-17 22:03:21,797] {taskinstance.py:1395} INFO - Marking task as SUCCESS. dag_id=get_crypto_dag, task_id=AVAX, execution_date=20230522T000000, start_date=20230718T010318, end_date=20230718T010321
[2023-07-17 22:03:21,863] {local_task_job.py:156} INFO - Task exited with return code 0
[2023-07-17 22:03:21,921] {local_task_job.py:273} INFO - 0 downstream tasks scheduled from follow-on schedule check
[2023-07-18 10:36:52,366] {taskinstance.py:1159} INFO - Dependencies all met for <TaskInstance: get_crypto_dag.AVAX scheduled__2023-05-22T00:00:00+00:00 [queued]>
[2023-07-18 10:36:52,391] {taskinstance.py:1159} INFO - Dependencies all met for <TaskInstance: get_crypto_dag.AVAX scheduled__2023-05-22T00:00:00+00:00 [queued]>
[2023-07-18 10:36:52,391] {taskinstance.py:1356} INFO - 
--------------------------------------------------------------------------------
[2023-07-18 10:36:52,391] {taskinstance.py:1357} INFO - Starting attempt 1 of 1
[2023-07-18 10:36:52,392] {taskinstance.py:1358} INFO - 
--------------------------------------------------------------------------------
[2023-07-18 10:36:52,419] {taskinstance.py:1377} INFO - Executing <Task(_PythonDecoratedOperator): AVAX> on 2023-05-22 00:00:00+00:00
[2023-07-18 10:36:52,428] {standard_task_runner.py:52} INFO - Started process 14442 to run task
[2023-07-18 10:36:52,435] {standard_task_runner.py:79} INFO - Running: ['airflow', 'tasks', 'run', 'get_crypto_dag', 'AVAX', 'scheduled__2023-05-22T00:00:00+00:00', '--job-id', '1297', '--raw', '--subdir', 'DAGS_FOLDER/get_crypto.py', '--cfg-path', '/tmp/tmpfx6r1aoc', '--error-file', '/tmp/tmpo8co8tsy']
[2023-07-18 10:36:52,437] {standard_task_runner.py:80} INFO - Job 1297: Subtask AVAX
[2023-07-18 10:36:52,625] {task_command.py:370} INFO - Running <TaskInstance: get_crypto_dag.AVAX scheduled__2023-05-22T00:00:00+00:00 [running]> on host lucas-Estudos
[2023-07-18 10:36:52,843] {taskinstance.py:1569} INFO - Exporting the following env vars:
AIRFLOW_CTX_DAG_OWNER=airflow
AIRFLOW_CTX_DAG_ID=get_crypto_dag
AIRFLOW_CTX_TASK_ID=AVAX
AIRFLOW_CTX_EXECUTION_DATE=2023-05-22T00:00:00+00:00
AIRFLOW_CTX_TRY_NUMBER=1
AIRFLOW_CTX_DAG_RUN_ID=scheduled__2023-05-22T00:00:00+00:00
[2023-07-18 10:36:53,379] {base.py:162} ERROR - AVAX: No timezone found, symbol may be delisted
[2023-07-18 10:36:53,389] {python.py:173} INFO - Done. Returned value was: None
[2023-07-18 10:36:53,439] {taskinstance.py:1395} INFO - Marking task as SUCCESS. dag_id=get_crypto_dag, task_id=AVAX, execution_date=20230522T000000, start_date=20230718T133652, end_date=20230718T133653
[2023-07-18 10:36:53,490] {local_task_job.py:156} INFO - Task exited with return code 0
[2023-07-18 10:36:53,602] {local_task_job.py:273} INFO - 0 downstream tasks scheduled from follow-on schedule check
