[2023-07-08 01:04:54,321] {taskinstance.py:1159} INFO - Dependencies all met for <TaskInstance: dados_climaticos.cria_pasta scheduled__2022-07-18T00:00:00+00:00 [queued]>
[2023-07-08 01:04:54,328] {taskinstance.py:1159} INFO - Dependencies all met for <TaskInstance: dados_climaticos.cria_pasta scheduled__2022-07-18T00:00:00+00:00 [queued]>
[2023-07-08 01:04:54,328] {taskinstance.py:1356} INFO - 
--------------------------------------------------------------------------------
[2023-07-08 01:04:54,328] {taskinstance.py:1357} INFO - Starting attempt 1 of 1
[2023-07-08 01:04:54,328] {taskinstance.py:1358} INFO - 
--------------------------------------------------------------------------------
[2023-07-08 01:04:54,343] {taskinstance.py:1377} INFO - Executing <Task(BashOperator): cria_pasta> on 2022-07-18 00:00:00+00:00
[2023-07-08 01:04:54,349] {standard_task_runner.py:52} INFO - Started process 37305 to run task
[2023-07-08 01:04:54,352] {standard_task_runner.py:79} INFO - Running: ['airflow', 'tasks', 'run', 'dados_climaticos', 'cria_pasta', 'scheduled__2022-07-18T00:00:00+00:00', '--job-id', '15', '--raw', '--subdir', 'DAGS_FOLDER/dados_climaticos.py', '--cfg-path', '/tmp/tmp251ggy47', '--error-file', '/tmp/tmpsu5291i5']
[2023-07-08 01:04:54,353] {standard_task_runner.py:80} INFO - Job 15: Subtask cria_pasta
[2023-07-08 01:04:54,390] {task_command.py:370} INFO - Running <TaskInstance: dados_climaticos.cria_pasta scheduled__2022-07-18T00:00:00+00:00 [running]> on host lucas-Estudos
[2023-07-08 01:04:54,448] {taskinstance.py:1569} INFO - Exporting the following env vars:
AIRFLOW_CTX_DAG_OWNER=airflow
AIRFLOW_CTX_DAG_ID=dados_climaticos
AIRFLOW_CTX_TASK_ID=cria_pasta
AIRFLOW_CTX_EXECUTION_DATE=2022-07-18T00:00:00+00:00
AIRFLOW_CTX_TRY_NUMBER=1
AIRFLOW_CTX_DAG_RUN_ID=scheduled__2022-07-18T00:00:00+00:00
[2023-07-08 01:04:54,449] {subprocess.py:62} INFO - Tmp dir root location: 
 /tmp
[2023-07-08 01:04:54,450] {subprocess.py:74} INFO - Running command: ['bash', '-c', 'mkdir -p "/home/lucas/Área de Trabalho/apresentação/DadosExtraidos/semana=2022-07-25"']
[2023-07-08 01:04:54,459] {subprocess.py:85} INFO - Output:
[2023-07-08 01:04:54,462] {subprocess.py:96} INFO - Command exited with return code 0
[2023-07-08 01:04:54,484] {taskinstance.py:1395} INFO - Marking task as SUCCESS. dag_id=dados_climaticos, task_id=cria_pasta, execution_date=20220718T000000, start_date=20230708T040454, end_date=20230708T040454
[2023-07-08 01:04:54,527] {local_task_job.py:156} INFO - Task exited with return code 0
[2023-07-08 01:04:54,554] {local_task_job.py:273} INFO - 1 downstream tasks scheduled from follow-on schedule check
