[2023-07-17 22:05:57,763] {taskinstance.py:1159} INFO - Dependencies all met for <TaskInstance: get_crypto_dag.AVAX scheduled__2023-05-27T00:00:00+00:00 [queued]>
[2023-07-17 22:05:57,775] {taskinstance.py:1159} INFO - Dependencies all met for <TaskInstance: get_crypto_dag.AVAX scheduled__2023-05-27T00:00:00+00:00 [queued]>
[2023-07-17 22:05:57,775] {taskinstance.py:1356} INFO - 
--------------------------------------------------------------------------------
[2023-07-17 22:05:57,775] {taskinstance.py:1357} INFO - Starting attempt 1 of 1
[2023-07-17 22:05:57,775] {taskinstance.py:1358} INFO - 
--------------------------------------------------------------------------------
[2023-07-17 22:05:57,794] {taskinstance.py:1377} INFO - Executing <Task(_PythonDecoratedOperator): AVAX> on 2023-05-27 00:00:00+00:00
[2023-07-17 22:05:57,801] {standard_task_runner.py:52} INFO - Started process 70133 to run task
[2023-07-17 22:05:57,804] {standard_task_runner.py:79} INFO - Running: ['airflow', 'tasks', 'run', 'get_crypto_dag', 'AVAX', 'scheduled__2023-05-27T00:00:00+00:00', '--job-id', '912', '--raw', '--subdir', 'DAGS_FOLDER/get_crypto.py', '--cfg-path', '/tmp/tmpaddf6th9', '--error-file', '/tmp/tmpbt5j5w7o']
[2023-07-17 22:05:57,806] {standard_task_runner.py:80} INFO - Job 912: Subtask AVAX
[2023-07-17 22:05:57,897] {task_command.py:370} INFO - Running <TaskInstance: get_crypto_dag.AVAX scheduled__2023-05-27T00:00:00+00:00 [running]> on host lucas-Estudos
[2023-07-17 22:05:57,985] {taskinstance.py:1569} INFO - Exporting the following env vars:
AIRFLOW_CTX_DAG_OWNER=airflow
AIRFLOW_CTX_DAG_ID=get_crypto_dag
AIRFLOW_CTX_TASK_ID=AVAX
AIRFLOW_CTX_EXECUTION_DATE=2023-05-27T00:00:00+00:00
AIRFLOW_CTX_TRY_NUMBER=1
AIRFLOW_CTX_DAG_RUN_ID=scheduled__2023-05-27T00:00:00+00:00
[2023-07-17 22:06:01,628] {base.py:162} ERROR - AVAX: No timezone found, symbol may be delisted
[2023-07-17 22:06:01,637] {python.py:173} INFO - Done. Returned value was: None
[2023-07-17 22:06:01,698] {taskinstance.py:1395} INFO - Marking task as SUCCESS. dag_id=get_crypto_dag, task_id=AVAX, execution_date=20230527T000000, start_date=20230718T010557, end_date=20230718T010601
[2023-07-17 22:06:01,755] {local_task_job.py:156} INFO - Task exited with return code 0
[2023-07-17 22:06:01,883] {local_task_job.py:273} INFO - 0 downstream tasks scheduled from follow-on schedule check
[2023-07-18 10:41:18,412] {taskinstance.py:1159} INFO - Dependencies all met for <TaskInstance: get_crypto_dag.AVAX scheduled__2023-05-27T00:00:00+00:00 [queued]>
[2023-07-18 10:41:18,436] {taskinstance.py:1159} INFO - Dependencies all met for <TaskInstance: get_crypto_dag.AVAX scheduled__2023-05-27T00:00:00+00:00 [queued]>
[2023-07-18 10:41:18,437] {taskinstance.py:1356} INFO - 
--------------------------------------------------------------------------------
[2023-07-18 10:41:18,437] {taskinstance.py:1357} INFO - Starting attempt 1 of 1
[2023-07-18 10:41:18,437] {taskinstance.py:1358} INFO - 
--------------------------------------------------------------------------------
[2023-07-18 10:41:18,464] {taskinstance.py:1377} INFO - Executing <Task(_PythonDecoratedOperator): AVAX> on 2023-05-27 00:00:00+00:00
[2023-07-18 10:41:18,473] {standard_task_runner.py:52} INFO - Started process 15743 to run task
[2023-07-18 10:41:18,480] {standard_task_runner.py:79} INFO - Running: ['airflow', 'tasks', 'run', 'get_crypto_dag', 'AVAX', 'scheduled__2023-05-27T00:00:00+00:00', '--job-id', '1337', '--raw', '--subdir', 'DAGS_FOLDER/get_crypto.py', '--cfg-path', '/tmp/tmptzmbmf5z', '--error-file', '/tmp/tmpe5t62hfv']
[2023-07-18 10:41:18,482] {standard_task_runner.py:80} INFO - Job 1337: Subtask AVAX
[2023-07-18 10:41:18,666] {task_command.py:370} INFO - Running <TaskInstance: get_crypto_dag.AVAX scheduled__2023-05-27T00:00:00+00:00 [running]> on host lucas-Estudos
[2023-07-18 10:41:18,800] {taskinstance.py:1569} INFO - Exporting the following env vars:
AIRFLOW_CTX_DAG_OWNER=airflow
AIRFLOW_CTX_DAG_ID=get_crypto_dag
AIRFLOW_CTX_TASK_ID=AVAX
AIRFLOW_CTX_EXECUTION_DATE=2023-05-27T00:00:00+00:00
AIRFLOW_CTX_TRY_NUMBER=1
AIRFLOW_CTX_DAG_RUN_ID=scheduled__2023-05-27T00:00:00+00:00
[2023-07-18 10:41:19,353] {base.py:162} ERROR - AVAX: No timezone found, symbol may be delisted
[2023-07-18 10:41:19,361] {python.py:173} INFO - Done. Returned value was: None
[2023-07-18 10:41:19,407] {taskinstance.py:1395} INFO - Marking task as SUCCESS. dag_id=get_crypto_dag, task_id=AVAX, execution_date=20230527T000000, start_date=20230718T134118, end_date=20230718T134119
[2023-07-18 10:41:19,455] {local_task_job.py:156} INFO - Task exited with return code 0
[2023-07-18 10:41:19,504] {local_task_job.py:273} INFO - 0 downstream tasks scheduled from follow-on schedule check
