[2023-07-17 22:09:29,139] {taskinstance.py:1159} INFO - Dependencies all met for <TaskInstance: get_crypto_dag.AVAX scheduled__2023-06-02T00:00:00+00:00 [queued]>
[2023-07-17 22:09:29,151] {taskinstance.py:1159} INFO - Dependencies all met for <TaskInstance: get_crypto_dag.AVAX scheduled__2023-06-02T00:00:00+00:00 [queued]>
[2023-07-17 22:09:29,152] {taskinstance.py:1356} INFO - 
--------------------------------------------------------------------------------
[2023-07-17 22:09:29,152] {taskinstance.py:1357} INFO - Starting attempt 1 of 1
[2023-07-17 22:09:29,152] {taskinstance.py:1358} INFO - 
--------------------------------------------------------------------------------
[2023-07-17 22:09:29,166] {taskinstance.py:1377} INFO - Executing <Task(_PythonDecoratedOperator): AVAX> on 2023-06-02 00:00:00+00:00
[2023-07-17 22:09:29,173] {standard_task_runner.py:52} INFO - Started process 77277 to run task
[2023-07-17 22:09:29,177] {standard_task_runner.py:79} INFO - Running: ['airflow', 'tasks', 'run', 'get_crypto_dag', 'AVAX', 'scheduled__2023-06-02T00:00:00+00:00', '--job-id', '964', '--raw', '--subdir', 'DAGS_FOLDER/get_crypto.py', '--cfg-path', '/tmp/tmpw_8n1_1n', '--error-file', '/tmp/tmpx6umtlqu']
[2023-07-17 22:09:29,178] {standard_task_runner.py:80} INFO - Job 964: Subtask AVAX
[2023-07-17 22:09:29,236] {task_command.py:370} INFO - Running <TaskInstance: get_crypto_dag.AVAX scheduled__2023-06-02T00:00:00+00:00 [running]> on host lucas-Estudos
[2023-07-17 22:09:29,298] {taskinstance.py:1569} INFO - Exporting the following env vars:
AIRFLOW_CTX_DAG_OWNER=airflow
AIRFLOW_CTX_DAG_ID=get_crypto_dag
AIRFLOW_CTX_TASK_ID=AVAX
AIRFLOW_CTX_EXECUTION_DATE=2023-06-02T00:00:00+00:00
AIRFLOW_CTX_TRY_NUMBER=1
AIRFLOW_CTX_DAG_RUN_ID=scheduled__2023-06-02T00:00:00+00:00
[2023-07-17 22:09:33,025] {base.py:162} ERROR - AVAX: No timezone found, symbol may be delisted
[2023-07-17 22:09:33,035] {python.py:173} INFO - Done. Returned value was: None
[2023-07-17 22:09:33,084] {taskinstance.py:1395} INFO - Marking task as SUCCESS. dag_id=get_crypto_dag, task_id=AVAX, execution_date=20230602T000000, start_date=20230718T010929, end_date=20230718T010933
[2023-07-17 22:09:33,164] {local_task_job.py:156} INFO - Task exited with return code 0
[2023-07-17 22:09:33,277] {local_task_job.py:273} INFO - 0 downstream tasks scheduled from follow-on schedule check
[2023-07-18 10:45:40,455] {taskinstance.py:1159} INFO - Dependencies all met for <TaskInstance: get_crypto_dag.AVAX scheduled__2023-06-02T00:00:00+00:00 [queued]>
[2023-07-18 10:45:40,474] {taskinstance.py:1159} INFO - Dependencies all met for <TaskInstance: get_crypto_dag.AVAX scheduled__2023-06-02T00:00:00+00:00 [queued]>
[2023-07-18 10:45:40,474] {taskinstance.py:1356} INFO - 
--------------------------------------------------------------------------------
[2023-07-18 10:45:40,474] {taskinstance.py:1357} INFO - Starting attempt 1 of 1
[2023-07-18 10:45:40,474] {taskinstance.py:1358} INFO - 
--------------------------------------------------------------------------------
[2023-07-18 10:45:40,496] {taskinstance.py:1377} INFO - Executing <Task(_PythonDecoratedOperator): AVAX> on 2023-06-02 00:00:00+00:00
[2023-07-18 10:45:40,504] {standard_task_runner.py:52} INFO - Started process 17056 to run task
[2023-07-18 10:45:40,510] {standard_task_runner.py:79} INFO - Running: ['airflow', 'tasks', 'run', 'get_crypto_dag', 'AVAX', 'scheduled__2023-06-02T00:00:00+00:00', '--job-id', '1376', '--raw', '--subdir', 'DAGS_FOLDER/get_crypto.py', '--cfg-path', '/tmp/tmp67qz7sid', '--error-file', '/tmp/tmp57ojomn9']
[2023-07-18 10:45:40,511] {standard_task_runner.py:80} INFO - Job 1376: Subtask AVAX
[2023-07-18 10:45:40,666] {task_command.py:370} INFO - Running <TaskInstance: get_crypto_dag.AVAX scheduled__2023-06-02T00:00:00+00:00 [running]> on host lucas-Estudos
[2023-07-18 10:45:40,850] {taskinstance.py:1569} INFO - Exporting the following env vars:
AIRFLOW_CTX_DAG_OWNER=airflow
AIRFLOW_CTX_DAG_ID=get_crypto_dag
AIRFLOW_CTX_TASK_ID=AVAX
AIRFLOW_CTX_EXECUTION_DATE=2023-06-02T00:00:00+00:00
AIRFLOW_CTX_TRY_NUMBER=1
AIRFLOW_CTX_DAG_RUN_ID=scheduled__2023-06-02T00:00:00+00:00
[2023-07-18 10:45:41,397] {base.py:162} ERROR - AVAX: No timezone found, symbol may be delisted
[2023-07-18 10:45:41,403] {python.py:173} INFO - Done. Returned value was: None
[2023-07-18 10:45:41,444] {taskinstance.py:1395} INFO - Marking task as SUCCESS. dag_id=get_crypto_dag, task_id=AVAX, execution_date=20230602T000000, start_date=20230718T134540, end_date=20230718T134541
[2023-07-18 10:45:41,484] {local_task_job.py:156} INFO - Task exited with return code 0
[2023-07-18 10:45:41,520] {local_task_job.py:273} INFO - 0 downstream tasks scheduled from follow-on schedule check
