[2023-07-17 22:03:02,756] {taskinstance.py:1159} INFO - Dependencies all met for <TaskInstance: get_crypto_dag.AVAX scheduled__2023-05-21T00:00:00+00:00 [queued]>
[2023-07-17 22:03:02,788] {taskinstance.py:1159} INFO - Dependencies all met for <TaskInstance: get_crypto_dag.AVAX scheduled__2023-05-21T00:00:00+00:00 [queued]>
[2023-07-17 22:03:02,788] {taskinstance.py:1356} INFO - 
--------------------------------------------------------------------------------
[2023-07-17 22:03:02,789] {taskinstance.py:1357} INFO - Starting attempt 1 of 1
[2023-07-17 22:03:02,789] {taskinstance.py:1358} INFO - 
--------------------------------------------------------------------------------
[2023-07-17 22:03:02,818] {taskinstance.py:1377} INFO - Executing <Task(_PythonDecoratedOperator): AVAX> on 2023-05-21 00:00:00+00:00
[2023-07-17 22:03:02,828] {standard_task_runner.py:52} INFO - Started process 64185 to run task
[2023-07-17 22:03:02,832] {standard_task_runner.py:79} INFO - Running: ['airflow', 'tasks', 'run', 'get_crypto_dag', 'AVAX', 'scheduled__2023-05-21T00:00:00+00:00', '--job-id', '868', '--raw', '--subdir', 'DAGS_FOLDER/get_crypto.py', '--cfg-path', '/tmp/tmpue7pdb1k', '--error-file', '/tmp/tmphm_9yen3']
[2023-07-17 22:03:02,833] {standard_task_runner.py:80} INFO - Job 868: Subtask AVAX
[2023-07-17 22:03:02,912] {task_command.py:370} INFO - Running <TaskInstance: get_crypto_dag.AVAX scheduled__2023-05-21T00:00:00+00:00 [running]> on host lucas-Estudos
[2023-07-17 22:03:03,110] {taskinstance.py:1569} INFO - Exporting the following env vars:
AIRFLOW_CTX_DAG_OWNER=airflow
AIRFLOW_CTX_DAG_ID=get_crypto_dag
AIRFLOW_CTX_TASK_ID=AVAX
AIRFLOW_CTX_EXECUTION_DATE=2023-05-21T00:00:00+00:00
AIRFLOW_CTX_TRY_NUMBER=1
AIRFLOW_CTX_DAG_RUN_ID=scheduled__2023-05-21T00:00:00+00:00
[2023-07-17 22:03:06,767] {base.py:162} ERROR - AVAX: No timezone found, symbol may be delisted
[2023-07-17 22:03:06,779] {python.py:173} INFO - Done. Returned value was: None
[2023-07-17 22:03:06,844] {taskinstance.py:1395} INFO - Marking task as SUCCESS. dag_id=get_crypto_dag, task_id=AVAX, execution_date=20230521T000000, start_date=20230718T010302, end_date=20230718T010306
[2023-07-17 22:03:06,899] {local_task_job.py:156} INFO - Task exited with return code 0
[2023-07-17 22:03:07,052] {local_task_job.py:273} INFO - 0 downstream tasks scheduled from follow-on schedule check
[2023-07-18 10:36:40,404] {taskinstance.py:1159} INFO - Dependencies all met for <TaskInstance: get_crypto_dag.AVAX scheduled__2023-05-21T00:00:00+00:00 [queued]>
[2023-07-18 10:36:40,428] {taskinstance.py:1159} INFO - Dependencies all met for <TaskInstance: get_crypto_dag.AVAX scheduled__2023-05-21T00:00:00+00:00 [queued]>
[2023-07-18 10:36:40,428] {taskinstance.py:1356} INFO - 
--------------------------------------------------------------------------------
[2023-07-18 10:36:40,429] {taskinstance.py:1357} INFO - Starting attempt 1 of 1
[2023-07-18 10:36:40,429] {taskinstance.py:1358} INFO - 
--------------------------------------------------------------------------------
[2023-07-18 10:36:40,455] {taskinstance.py:1377} INFO - Executing <Task(_PythonDecoratedOperator): AVAX> on 2023-05-21 00:00:00+00:00
[2023-07-18 10:36:40,465] {standard_task_runner.py:52} INFO - Started process 14392 to run task
[2023-07-18 10:36:40,471] {standard_task_runner.py:79} INFO - Running: ['airflow', 'tasks', 'run', 'get_crypto_dag', 'AVAX', 'scheduled__2023-05-21T00:00:00+00:00', '--job-id', '1296', '--raw', '--subdir', 'DAGS_FOLDER/get_crypto.py', '--cfg-path', '/tmp/tmpz7mzes2l', '--error-file', '/tmp/tmp59h8j4vo']
[2023-07-18 10:36:40,474] {standard_task_runner.py:80} INFO - Job 1296: Subtask AVAX
[2023-07-18 10:36:40,664] {task_command.py:370} INFO - Running <TaskInstance: get_crypto_dag.AVAX scheduled__2023-05-21T00:00:00+00:00 [running]> on host lucas-Estudos
[2023-07-18 10:36:40,916] {taskinstance.py:1569} INFO - Exporting the following env vars:
AIRFLOW_CTX_DAG_OWNER=airflow
AIRFLOW_CTX_DAG_ID=get_crypto_dag
AIRFLOW_CTX_TASK_ID=AVAX
AIRFLOW_CTX_EXECUTION_DATE=2023-05-21T00:00:00+00:00
AIRFLOW_CTX_TRY_NUMBER=1
AIRFLOW_CTX_DAG_RUN_ID=scheduled__2023-05-21T00:00:00+00:00
[2023-07-18 10:36:44,807] {base.py:162} ERROR - AVAX: No timezone found, symbol may be delisted
[2023-07-18 10:36:44,814] {python.py:173} INFO - Done. Returned value was: None
[2023-07-18 10:36:44,865] {taskinstance.py:1395} INFO - Marking task as SUCCESS. dag_id=get_crypto_dag, task_id=AVAX, execution_date=20230521T000000, start_date=20230718T133640, end_date=20230718T133644
[2023-07-18 10:36:44,941] {local_task_job.py:156} INFO - Task exited with return code 0
[2023-07-18 10:36:45,065] {local_task_job.py:273} INFO - 0 downstream tasks scheduled from follow-on schedule check
