[2023-07-17 22:14:00,649] {taskinstance.py:1159} INFO - Dependencies all met for <TaskInstance: get_crypto_dag.ETH scheduled__2023-06-11T00:00:00+00:00 [queued]>
[2023-07-17 22:14:00,664] {taskinstance.py:1159} INFO - Dependencies all met for <TaskInstance: get_crypto_dag.ETH scheduled__2023-06-11T00:00:00+00:00 [queued]>
[2023-07-17 22:14:00,664] {taskinstance.py:1356} INFO - 
--------------------------------------------------------------------------------
[2023-07-17 22:14:00,664] {taskinstance.py:1357} INFO - Starting attempt 1 of 1
[2023-07-17 22:14:00,664] {taskinstance.py:1358} INFO - 
--------------------------------------------------------------------------------
[2023-07-17 22:14:00,676] {taskinstance.py:1377} INFO - Executing <Task(_PythonDecoratedOperator): ETH> on 2023-06-11 00:00:00+00:00
[2023-07-17 22:14:00,682] {standard_task_runner.py:52} INFO - Started process 86403 to run task
[2023-07-17 22:14:00,688] {standard_task_runner.py:79} INFO - Running: ['airflow', 'tasks', 'run', 'get_crypto_dag', 'ETH', 'scheduled__2023-06-11T00:00:00+00:00', '--job-id', '1031', '--raw', '--subdir', 'DAGS_FOLDER/get_crypto.py', '--cfg-path', '/tmp/tmpf6397kos', '--error-file', '/tmp/tmp2fazczmd']
[2023-07-17 22:14:00,689] {standard_task_runner.py:80} INFO - Job 1031: Subtask ETH
[2023-07-17 22:14:00,761] {task_command.py:370} INFO - Running <TaskInstance: get_crypto_dag.ETH scheduled__2023-06-11T00:00:00+00:00 [running]> on host lucas-Estudos
[2023-07-17 22:14:00,823] {taskinstance.py:1569} INFO - Exporting the following env vars:
AIRFLOW_CTX_DAG_OWNER=airflow
AIRFLOW_CTX_DAG_ID=get_crypto_dag
AIRFLOW_CTX_TASK_ID=ETH
AIRFLOW_CTX_EXECUTION_DATE=2023-06-11T00:00:00+00:00
AIRFLOW_CTX_TRY_NUMBER=1
AIRFLOW_CTX_DAG_RUN_ID=scheduled__2023-06-11T00:00:00+00:00
[2023-07-17 22:14:09,614] {base.py:162} ERROR - ETH: No timezone found, symbol may be delisted
[2023-07-17 22:14:09,623] {python.py:173} INFO - Done. Returned value was: None
[2023-07-17 22:14:09,672] {taskinstance.py:1395} INFO - Marking task as SUCCESS. dag_id=get_crypto_dag, task_id=ETH, execution_date=20230611T000000, start_date=20230718T011400, end_date=20230718T011409
[2023-07-17 22:14:09,718] {local_task_job.py:156} INFO - Task exited with return code 0
[2023-07-17 22:14:09,820] {local_task_job.py:273} INFO - 0 downstream tasks scheduled from follow-on schedule check
[2023-07-18 10:52:21,713] {taskinstance.py:1159} INFO - Dependencies all met for <TaskInstance: get_crypto_dag.ETH scheduled__2023-06-11T00:00:00+00:00 [queued]>
[2023-07-18 10:52:21,733] {taskinstance.py:1159} INFO - Dependencies all met for <TaskInstance: get_crypto_dag.ETH scheduled__2023-06-11T00:00:00+00:00 [queued]>
[2023-07-18 10:52:21,733] {taskinstance.py:1356} INFO - 
--------------------------------------------------------------------------------
[2023-07-18 10:52:21,734] {taskinstance.py:1357} INFO - Starting attempt 1 of 1
[2023-07-18 10:52:21,734] {taskinstance.py:1358} INFO - 
--------------------------------------------------------------------------------
[2023-07-18 10:52:21,757] {taskinstance.py:1377} INFO - Executing <Task(_PythonDecoratedOperator): ETH> on 2023-06-11 00:00:00+00:00
[2023-07-18 10:52:21,768] {standard_task_runner.py:52} INFO - Started process 20600 to run task
[2023-07-18 10:52:21,774] {standard_task_runner.py:79} INFO - Running: ['airflow', 'tasks', 'run', 'get_crypto_dag', 'ETH', 'scheduled__2023-06-11T00:00:00+00:00', '--job-id', '1439', '--raw', '--subdir', 'DAGS_FOLDER/get_crypto.py', '--cfg-path', '/tmp/tmpnyyzs970', '--error-file', '/tmp/tmp5axpzbwt']
[2023-07-18 10:52:21,776] {standard_task_runner.py:80} INFO - Job 1439: Subtask ETH
[2023-07-18 10:52:21,957] {task_command.py:370} INFO - Running <TaskInstance: get_crypto_dag.ETH scheduled__2023-06-11T00:00:00+00:00 [running]> on host lucas-Estudos
[2023-07-18 10:52:22,049] {taskinstance.py:1569} INFO - Exporting the following env vars:
AIRFLOW_CTX_DAG_OWNER=airflow
AIRFLOW_CTX_DAG_ID=get_crypto_dag
AIRFLOW_CTX_TASK_ID=ETH
AIRFLOW_CTX_EXECUTION_DATE=2023-06-11T00:00:00+00:00
AIRFLOW_CTX_TRY_NUMBER=1
AIRFLOW_CTX_DAG_RUN_ID=scheduled__2023-06-11T00:00:00+00:00
[2023-07-18 10:52:25,682] {base.py:162} ERROR - ETH: No timezone found, symbol may be delisted
[2023-07-18 10:52:25,691] {python.py:173} INFO - Done. Returned value was: None
[2023-07-18 10:52:25,740] {taskinstance.py:1395} INFO - Marking task as SUCCESS. dag_id=get_crypto_dag, task_id=ETH, execution_date=20230611T000000, start_date=20230718T135221, end_date=20230718T135225
[2023-07-18 10:52:25,799] {local_task_job.py:156} INFO - Task exited with return code 0
[2023-07-18 10:52:25,900] {local_task_job.py:273} INFO - 0 downstream tasks scheduled from follow-on schedule check
