[2023-07-17 16:23:22,302] {taskinstance.py:1159} INFO - Dependencies all met for <TaskInstance: get_stocks_dag.GOOG scheduled__2023-06-13T00:00:00+00:00 [queued]>
[2023-07-17 16:23:22,324] {taskinstance.py:1159} INFO - Dependencies all met for <TaskInstance: get_stocks_dag.GOOG scheduled__2023-06-13T00:00:00+00:00 [queued]>
[2023-07-17 16:23:22,324] {taskinstance.py:1356} INFO - 
--------------------------------------------------------------------------------
[2023-07-17 16:23:22,325] {taskinstance.py:1357} INFO - Starting attempt 1 of 1
[2023-07-17 16:23:22,325] {taskinstance.py:1358} INFO - 
--------------------------------------------------------------------------------
[2023-07-17 16:23:22,363] {taskinstance.py:1377} INFO - Executing <Task(_PythonDecoratedOperator): GOOG> on 2023-06-13 00:00:00+00:00
[2023-07-17 16:23:22,371] {standard_task_runner.py:52} INFO - Started process 10270 to run task
[2023-07-17 16:23:22,383] {standard_task_runner.py:79} INFO - Running: ['airflow', 'tasks', 'run', 'get_stocks_dag', 'GOOG', 'scheduled__2023-06-13T00:00:00+00:00', '--job-id', '179', '--raw', '--subdir', 'DAGS_FOLDER/get_stocks.py', '--cfg-path', '/tmp/tmp_r522irv', '--error-file', '/tmp/tmp_26v36ed']
[2023-07-17 16:23:22,384] {standard_task_runner.py:80} INFO - Job 179: Subtask GOOG
[2023-07-17 16:23:22,580] {task_command.py:370} INFO - Running <TaskInstance: get_stocks_dag.GOOG scheduled__2023-06-13T00:00:00+00:00 [running]> on host lucas-Estudos
[2023-07-17 16:23:23,005] {taskinstance.py:1569} INFO - Exporting the following env vars:
AIRFLOW_CTX_DAG_OWNER=airflow
AIRFLOW_CTX_DAG_ID=get_stocks_dag
AIRFLOW_CTX_TASK_ID=GOOG
AIRFLOW_CTX_EXECUTION_DATE=2023-06-13T00:00:00+00:00
AIRFLOW_CTX_TRY_NUMBER=1
AIRFLOW_CTX_DAG_RUN_ID=scheduled__2023-06-13T00:00:00+00:00
[2023-07-17 16:23:23,718] {python.py:173} INFO - Done. Returned value was: None
[2023-07-17 16:23:23,749] {taskinstance.py:1395} INFO - Marking task as SUCCESS. dag_id=get_stocks_dag, task_id=GOOG, execution_date=20230613T000000, start_date=20230717T192322, end_date=20230717T192323
[2023-07-17 16:23:23,813] {local_task_job.py:156} INFO - Task exited with return code 0
[2023-07-17 16:23:23,908] {local_task_job.py:273} INFO - 0 downstream tasks scheduled from follow-on schedule check
[2023-07-17 16:54:40,884] {taskinstance.py:1159} INFO - Dependencies all met for <TaskInstance: get_stocks_dag.GOOG scheduled__2023-06-13T00:00:00+00:00 [queued]>
[2023-07-17 16:54:40,896] {taskinstance.py:1159} INFO - Dependencies all met for <TaskInstance: get_stocks_dag.GOOG scheduled__2023-06-13T00:00:00+00:00 [queued]>
[2023-07-17 16:54:40,896] {taskinstance.py:1356} INFO - 
--------------------------------------------------------------------------------
[2023-07-17 16:54:40,897] {taskinstance.py:1357} INFO - Starting attempt 1 of 1
[2023-07-17 16:54:40,897] {taskinstance.py:1358} INFO - 
--------------------------------------------------------------------------------
[2023-07-17 16:54:40,919] {taskinstance.py:1377} INFO - Executing <Task(_PythonDecoratedOperator): GOOG> on 2023-06-13 00:00:00+00:00
[2023-07-17 16:54:40,929] {standard_task_runner.py:52} INFO - Started process 23011 to run task
[2023-07-17 16:54:40,947] {standard_task_runner.py:79} INFO - Running: ['airflow', 'tasks', 'run', 'get_stocks_dag', 'GOOG', 'scheduled__2023-06-13T00:00:00+00:00', '--job-id', '391', '--raw', '--subdir', 'DAGS_FOLDER/get_stocks.py', '--cfg-path', '/tmp/tmpw2gf4uam', '--error-file', '/tmp/tmpdq4iiadk']
[2023-07-17 16:54:40,948] {standard_task_runner.py:80} INFO - Job 391: Subtask GOOG
[2023-07-17 16:54:41,131] {task_command.py:370} INFO - Running <TaskInstance: get_stocks_dag.GOOG scheduled__2023-06-13T00:00:00+00:00 [running]> on host lucas-Estudos
[2023-07-17 16:54:41,424] {taskinstance.py:1569} INFO - Exporting the following env vars:
AIRFLOW_CTX_DAG_OWNER=airflow
AIRFLOW_CTX_DAG_ID=get_stocks_dag
AIRFLOW_CTX_TASK_ID=GOOG
AIRFLOW_CTX_EXECUTION_DATE=2023-06-13T00:00:00+00:00
AIRFLOW_CTX_TRY_NUMBER=1
AIRFLOW_CTX_DAG_RUN_ID=scheduled__2023-06-13T00:00:00+00:00
[2023-07-17 16:54:42,209] {python.py:173} INFO - Done. Returned value was: None
[2023-07-17 16:54:42,295] {taskinstance.py:1395} INFO - Marking task as SUCCESS. dag_id=get_stocks_dag, task_id=GOOG, execution_date=20230613T000000, start_date=20230717T195440, end_date=20230717T195442
[2023-07-17 16:54:42,454] {local_task_job.py:156} INFO - Task exited with return code 0
[2023-07-17 16:54:42,538] {local_task_job.py:273} INFO - 0 downstream tasks scheduled from follow-on schedule check
[2023-07-17 21:04:09,451] {taskinstance.py:1159} INFO - Dependencies all met for <TaskInstance: get_stocks_dag.GOOG scheduled__2023-06-13T00:00:00+00:00 [queued]>
[2023-07-17 21:04:09,470] {taskinstance.py:1159} INFO - Dependencies all met for <TaskInstance: get_stocks_dag.GOOG scheduled__2023-06-13T00:00:00+00:00 [queued]>
[2023-07-17 21:04:09,470] {taskinstance.py:1356} INFO - 
--------------------------------------------------------------------------------
[2023-07-17 21:04:09,470] {taskinstance.py:1357} INFO - Starting attempt 1 of 1
[2023-07-17 21:04:09,471] {taskinstance.py:1358} INFO - 
--------------------------------------------------------------------------------
[2023-07-17 21:04:09,497] {taskinstance.py:1377} INFO - Executing <Task(_PythonDecoratedOperator): GOOG> on 2023-06-13 00:00:00+00:00
[2023-07-17 21:04:09,507] {standard_task_runner.py:52} INFO - Started process 26514 to run task
[2023-07-17 21:04:09,514] {standard_task_runner.py:79} INFO - Running: ['airflow', 'tasks', 'run', 'get_stocks_dag', 'GOOG', 'scheduled__2023-06-13T00:00:00+00:00', '--job-id', '610', '--raw', '--subdir', 'DAGS_FOLDER/get_stocks.py', '--cfg-path', '/tmp/tmpr6emb99w', '--error-file', '/tmp/tmp0xifzt8t']
[2023-07-17 21:04:09,516] {standard_task_runner.py:80} INFO - Job 610: Subtask GOOG
[2023-07-17 21:04:09,695] {task_command.py:370} INFO - Running <TaskInstance: get_stocks_dag.GOOG scheduled__2023-06-13T00:00:00+00:00 [running]> on host lucas-Estudos
[2023-07-17 21:04:09,910] {taskinstance.py:1569} INFO - Exporting the following env vars:
AIRFLOW_CTX_DAG_OWNER=airflow
AIRFLOW_CTX_DAG_ID=get_stocks_dag
AIRFLOW_CTX_TASK_ID=GOOG
AIRFLOW_CTX_EXECUTION_DATE=2023-06-13T00:00:00+00:00
AIRFLOW_CTX_TRY_NUMBER=1
AIRFLOW_CTX_DAG_RUN_ID=scheduled__2023-06-13T00:00:00+00:00
[2023-07-17 21:04:30,460] {python.py:173} INFO - Done. Returned value was: None
[2023-07-17 21:04:30,516] {taskinstance.py:1395} INFO - Marking task as SUCCESS. dag_id=get_stocks_dag, task_id=GOOG, execution_date=20230613T000000, start_date=20230718T000409, end_date=20230718T000430
[2023-07-17 21:04:30,559] {local_task_job.py:156} INFO - Task exited with return code 0
[2023-07-17 21:04:30,672] {local_task_job.py:273} INFO - 0 downstream tasks scheduled from follow-on schedule check
[2023-07-17 22:09:17,508] {taskinstance.py:1159} INFO - Dependencies all met for <TaskInstance: get_stocks_dag.GOOG scheduled__2023-06-13T00:00:00+00:00 [queued]>
[2023-07-17 22:09:17,525] {taskinstance.py:1159} INFO - Dependencies all met for <TaskInstance: get_stocks_dag.GOOG scheduled__2023-06-13T00:00:00+00:00 [queued]>
[2023-07-17 22:09:17,525] {taskinstance.py:1356} INFO - 
--------------------------------------------------------------------------------
[2023-07-17 22:09:17,526] {taskinstance.py:1357} INFO - Starting attempt 1 of 1
[2023-07-17 22:09:17,526] {taskinstance.py:1358} INFO - 
--------------------------------------------------------------------------------
[2023-07-17 22:09:17,541] {taskinstance.py:1377} INFO - Executing <Task(_PythonDecoratedOperator): GOOG> on 2023-06-13 00:00:00+00:00
[2023-07-17 22:09:17,549] {standard_task_runner.py:52} INFO - Started process 76860 to run task
[2023-07-17 22:09:17,553] {standard_task_runner.py:79} INFO - Running: ['airflow', 'tasks', 'run', 'get_stocks_dag', 'GOOG', 'scheduled__2023-06-13T00:00:00+00:00', '--job-id', '961', '--raw', '--subdir', 'DAGS_FOLDER/get_stocks.py', '--cfg-path', '/tmp/tmpf40shugi', '--error-file', '/tmp/tmphpoyi124']
[2023-07-17 22:09:17,554] {standard_task_runner.py:80} INFO - Job 961: Subtask GOOG
[2023-07-17 22:09:17,739] {task_command.py:370} INFO - Running <TaskInstance: get_stocks_dag.GOOG scheduled__2023-06-13T00:00:00+00:00 [running]> on host lucas-Estudos
[2023-07-17 22:09:17,998] {taskinstance.py:1569} INFO - Exporting the following env vars:
AIRFLOW_CTX_DAG_OWNER=airflow
AIRFLOW_CTX_DAG_ID=get_stocks_dag
AIRFLOW_CTX_TASK_ID=GOOG
AIRFLOW_CTX_EXECUTION_DATE=2023-06-13T00:00:00+00:00
AIRFLOW_CTX_TRY_NUMBER=1
AIRFLOW_CTX_DAG_RUN_ID=scheduled__2023-06-13T00:00:00+00:00
[2023-07-17 22:09:21,701] {python.py:173} INFO - Done. Returned value was: None
[2023-07-17 22:09:21,747] {taskinstance.py:1395} INFO - Marking task as SUCCESS. dag_id=get_stocks_dag, task_id=GOOG, execution_date=20230613T000000, start_date=20230718T010917, end_date=20230718T010921
[2023-07-17 22:09:21,822] {local_task_job.py:156} INFO - Task exited with return code 0
[2023-07-17 22:09:21,862] {local_task_job.py:273} INFO - 0 downstream tasks scheduled from follow-on schedule check
[2023-07-18 10:53:44,083] {taskinstance.py:1159} INFO - Dependencies all met for <TaskInstance: get_stocks_dag.GOOG scheduled__2023-06-13T00:00:00+00:00 [queued]>
[2023-07-18 10:53:44,107] {taskinstance.py:1159} INFO - Dependencies all met for <TaskInstance: get_stocks_dag.GOOG scheduled__2023-06-13T00:00:00+00:00 [queued]>
[2023-07-18 10:53:44,108] {taskinstance.py:1356} INFO - 
--------------------------------------------------------------------------------
[2023-07-18 10:53:44,108] {taskinstance.py:1357} INFO - Starting attempt 1 of 1
[2023-07-18 10:53:44,108] {taskinstance.py:1358} INFO - 
--------------------------------------------------------------------------------
[2023-07-18 10:53:44,137] {taskinstance.py:1377} INFO - Executing <Task(_PythonDecoratedOperator): GOOG> on 2023-06-13 00:00:00+00:00
[2023-07-18 10:53:44,151] {standard_task_runner.py:52} INFO - Started process 21082 to run task
[2023-07-18 10:53:44,159] {standard_task_runner.py:79} INFO - Running: ['airflow', 'tasks', 'run', 'get_stocks_dag', 'GOOG', 'scheduled__2023-06-13T00:00:00+00:00', '--job-id', '1451', '--raw', '--subdir', 'DAGS_FOLDER/get_stocks.py', '--cfg-path', '/tmp/tmply2q6ub7', '--error-file', '/tmp/tmp6knp_x9z']
[2023-07-18 10:53:44,161] {standard_task_runner.py:80} INFO - Job 1451: Subtask GOOG
[2023-07-18 10:53:44,355] {task_command.py:370} INFO - Running <TaskInstance: get_stocks_dag.GOOG scheduled__2023-06-13T00:00:00+00:00 [running]> on host lucas-Estudos
[2023-07-18 10:53:44,469] {taskinstance.py:1569} INFO - Exporting the following env vars:
AIRFLOW_CTX_DAG_OWNER=airflow
AIRFLOW_CTX_DAG_ID=get_stocks_dag
AIRFLOW_CTX_TASK_ID=GOOG
AIRFLOW_CTX_EXECUTION_DATE=2023-06-13T00:00:00+00:00
AIRFLOW_CTX_TRY_NUMBER=1
AIRFLOW_CTX_DAG_RUN_ID=scheduled__2023-06-13T00:00:00+00:00
[2023-07-18 10:53:46,050] {python.py:173} INFO - Done. Returned value was: None
[2023-07-18 10:53:46,098] {taskinstance.py:1395} INFO - Marking task as SUCCESS. dag_id=get_stocks_dag, task_id=GOOG, execution_date=20230613T000000, start_date=20230718T135344, end_date=20230718T135346
[2023-07-18 10:53:46,139] {local_task_job.py:156} INFO - Task exited with return code 0
[2023-07-18 10:53:46,250] {local_task_job.py:273} INFO - 0 downstream tasks scheduled from follow-on schedule check
