[2023-07-17 21:52:58,743] {taskinstance.py:1159} INFO - Dependencies all met for <TaskInstance: get_crypto_dag.ETH scheduled__2023-05-02T00:00:00+00:00 [queued]>
[2023-07-17 21:52:58,785] {taskinstance.py:1159} INFO - Dependencies all met for <TaskInstance: get_crypto_dag.ETH scheduled__2023-05-02T00:00:00+00:00 [queued]>
[2023-07-17 21:52:58,785] {taskinstance.py:1356} INFO - 
--------------------------------------------------------------------------------
[2023-07-17 21:52:58,786] {taskinstance.py:1357} INFO - Starting attempt 1 of 1
[2023-07-17 21:52:58,786] {taskinstance.py:1358} INFO - 
--------------------------------------------------------------------------------
[2023-07-17 21:52:58,812] {taskinstance.py:1377} INFO - Executing <Task(_PythonDecoratedOperator): ETH> on 2023-05-02 00:00:00+00:00
[2023-07-17 21:52:58,820] {standard_task_runner.py:52} INFO - Started process 43774 to run task
[2023-07-17 21:52:58,826] {standard_task_runner.py:79} INFO - Running: ['airflow', 'tasks', 'run', 'get_crypto_dag', 'ETH', 'scheduled__2023-05-02T00:00:00+00:00', '--job-id', '719', '--raw', '--subdir', 'DAGS_FOLDER/get_crypto.py', '--cfg-path', '/tmp/tmp127wn5vu', '--error-file', '/tmp/tmpqr5gj0dy']
[2023-07-17 21:52:58,827] {standard_task_runner.py:80} INFO - Job 719: Subtask ETH
[2023-07-17 21:52:58,922] {task_command.py:370} INFO - Running <TaskInstance: get_crypto_dag.ETH scheduled__2023-05-02T00:00:00+00:00 [running]> on host lucas-Estudos
[2023-07-17 21:52:59,033] {taskinstance.py:1569} INFO - Exporting the following env vars:
AIRFLOW_CTX_DAG_OWNER=airflow
AIRFLOW_CTX_DAG_ID=get_crypto_dag
AIRFLOW_CTX_TASK_ID=ETH
AIRFLOW_CTX_EXECUTION_DATE=2023-05-02T00:00:00+00:00
AIRFLOW_CTX_TRY_NUMBER=1
AIRFLOW_CTX_DAG_RUN_ID=scheduled__2023-05-02T00:00:00+00:00
[2023-07-17 21:53:00,625] {base.py:162} ERROR - ETH: No timezone found, symbol may be delisted
[2023-07-17 21:53:00,634] {python.py:173} INFO - Done. Returned value was: None
[2023-07-17 21:53:00,685] {taskinstance.py:1395} INFO - Marking task as SUCCESS. dag_id=get_crypto_dag, task_id=ETH, execution_date=20230502T000000, start_date=20230718T005258, end_date=20230718T005300
[2023-07-17 21:53:00,767] {local_task_job.py:156} INFO - Task exited with return code 0
[2023-07-17 21:53:00,889] {local_task_job.py:273} INFO - 0 downstream tasks scheduled from follow-on schedule check
[2023-07-18 10:21:55,961] {taskinstance.py:1159} INFO - Dependencies all met for <TaskInstance: get_crypto_dag.ETH scheduled__2023-05-02T00:00:00+00:00 [queued]>
[2023-07-18 10:21:55,986] {taskinstance.py:1159} INFO - Dependencies all met for <TaskInstance: get_crypto_dag.ETH scheduled__2023-05-02T00:00:00+00:00 [queued]>
[2023-07-18 10:21:55,986] {taskinstance.py:1356} INFO - 
--------------------------------------------------------------------------------
[2023-07-18 10:21:55,987] {taskinstance.py:1357} INFO - Starting attempt 1 of 1
[2023-07-18 10:21:55,987] {taskinstance.py:1358} INFO - 
--------------------------------------------------------------------------------
[2023-07-18 10:21:56,022] {taskinstance.py:1377} INFO - Executing <Task(_PythonDecoratedOperator): ETH> on 2023-05-02 00:00:00+00:00
[2023-07-18 10:21:56,034] {standard_task_runner.py:52} INFO - Started process 10071 to run task
[2023-07-18 10:21:56,043] {standard_task_runner.py:79} INFO - Running: ['airflow', 'tasks', 'run', 'get_crypto_dag', 'ETH', 'scheduled__2023-05-02T00:00:00+00:00', '--job-id', '1158', '--raw', '--subdir', 'DAGS_FOLDER/get_crypto.py', '--cfg-path', '/tmp/tmpjploxoyk', '--error-file', '/tmp/tmppjty2h8b']
[2023-07-18 10:21:56,045] {standard_task_runner.py:80} INFO - Job 1158: Subtask ETH
[2023-07-18 10:21:56,260] {task_command.py:370} INFO - Running <TaskInstance: get_crypto_dag.ETH scheduled__2023-05-02T00:00:00+00:00 [running]> on host lucas-Estudos
[2023-07-18 10:21:56,433] {taskinstance.py:1569} INFO - Exporting the following env vars:
AIRFLOW_CTX_DAG_OWNER=airflow
AIRFLOW_CTX_DAG_ID=get_crypto_dag
AIRFLOW_CTX_TASK_ID=ETH
AIRFLOW_CTX_EXECUTION_DATE=2023-05-02T00:00:00+00:00
AIRFLOW_CTX_TRY_NUMBER=1
AIRFLOW_CTX_DAG_RUN_ID=scheduled__2023-05-02T00:00:00+00:00
[2023-07-18 10:21:56,878] {base.py:162} ERROR - ETH: No timezone found, symbol may be delisted
[2023-07-18 10:21:56,888] {python.py:173} INFO - Done. Returned value was: None
[2023-07-18 10:21:56,942] {taskinstance.py:1395} INFO - Marking task as SUCCESS. dag_id=get_crypto_dag, task_id=ETH, execution_date=20230502T000000, start_date=20230718T132155, end_date=20230718T132156
[2023-07-18 10:21:57,017] {local_task_job.py:156} INFO - Task exited with return code 0
[2023-07-18 10:21:57,270] {local_task_job.py:273} INFO - 0 downstream tasks scheduled from follow-on schedule check
