[2023-07-17 21:53:19,728] {taskinstance.py:1159} INFO - Dependencies all met for <TaskInstance: get_crypto_dag.AVAX scheduled__2023-05-03T00:00:00+00:00 [queued]>
[2023-07-17 21:53:19,741] {taskinstance.py:1159} INFO - Dependencies all met for <TaskInstance: get_crypto_dag.AVAX scheduled__2023-05-03T00:00:00+00:00 [queued]>
[2023-07-17 21:53:19,741] {taskinstance.py:1356} INFO - 
--------------------------------------------------------------------------------
[2023-07-17 21:53:19,741] {taskinstance.py:1357} INFO - Starting attempt 1 of 1
[2023-07-17 21:53:19,741] {taskinstance.py:1358} INFO - 
--------------------------------------------------------------------------------
[2023-07-17 21:53:19,759] {taskinstance.py:1377} INFO - Executing <Task(_PythonDecoratedOperator): AVAX> on 2023-05-03 00:00:00+00:00
[2023-07-17 21:53:19,767] {standard_task_runner.py:52} INFO - Started process 44458 to run task
[2023-07-17 21:53:19,772] {standard_task_runner.py:79} INFO - Running: ['airflow', 'tasks', 'run', 'get_crypto_dag', 'AVAX', 'scheduled__2023-05-03T00:00:00+00:00', '--job-id', '725', '--raw', '--subdir', 'DAGS_FOLDER/get_crypto.py', '--cfg-path', '/tmp/tmp24vr6b7y', '--error-file', '/tmp/tmpkqlp43k8']
[2023-07-17 21:53:19,773] {standard_task_runner.py:80} INFO - Job 725: Subtask AVAX
[2023-07-17 21:53:19,878] {task_command.py:370} INFO - Running <TaskInstance: get_crypto_dag.AVAX scheduled__2023-05-03T00:00:00+00:00 [running]> on host lucas-Estudos
[2023-07-17 21:53:19,970] {taskinstance.py:1569} INFO - Exporting the following env vars:
AIRFLOW_CTX_DAG_OWNER=airflow
AIRFLOW_CTX_DAG_ID=get_crypto_dag
AIRFLOW_CTX_TASK_ID=AVAX
AIRFLOW_CTX_EXECUTION_DATE=2023-05-03T00:00:00+00:00
AIRFLOW_CTX_TRY_NUMBER=1
AIRFLOW_CTX_DAG_RUN_ID=scheduled__2023-05-03T00:00:00+00:00
[2023-07-17 21:53:24,475] {base.py:162} ERROR - AVAX: No timezone found, symbol may be delisted
[2023-07-17 21:53:24,482] {python.py:173} INFO - Done. Returned value was: None
[2023-07-17 21:53:24,535] {taskinstance.py:1395} INFO - Marking task as SUCCESS. dag_id=get_crypto_dag, task_id=AVAX, execution_date=20230503T000000, start_date=20230718T005319, end_date=20230718T005324
[2023-07-17 21:53:24,602] {local_task_job.py:156} INFO - Task exited with return code 0
[2023-07-17 21:53:24,721] {local_task_job.py:273} INFO - 0 downstream tasks scheduled from follow-on schedule check
[2023-07-18 10:23:28,616] {taskinstance.py:1159} INFO - Dependencies all met for <TaskInstance: get_crypto_dag.AVAX scheduled__2023-05-03T00:00:00+00:00 [queued]>
[2023-07-18 10:23:28,639] {taskinstance.py:1159} INFO - Dependencies all met for <TaskInstance: get_crypto_dag.AVAX scheduled__2023-05-03T00:00:00+00:00 [queued]>
[2023-07-18 10:23:28,639] {taskinstance.py:1356} INFO - 
--------------------------------------------------------------------------------
[2023-07-18 10:23:28,640] {taskinstance.py:1357} INFO - Starting attempt 1 of 1
[2023-07-18 10:23:28,640] {taskinstance.py:1358} INFO - 
--------------------------------------------------------------------------------
[2023-07-18 10:23:28,666] {taskinstance.py:1377} INFO - Executing <Task(_PythonDecoratedOperator): AVAX> on 2023-05-03 00:00:00+00:00
[2023-07-18 10:23:28,676] {standard_task_runner.py:52} INFO - Started process 10505 to run task
[2023-07-18 10:23:28,683] {standard_task_runner.py:79} INFO - Running: ['airflow', 'tasks', 'run', 'get_crypto_dag', 'AVAX', 'scheduled__2023-05-03T00:00:00+00:00', '--job-id', '1172', '--raw', '--subdir', 'DAGS_FOLDER/get_crypto.py', '--cfg-path', '/tmp/tmp0r97vjy6', '--error-file', '/tmp/tmp7j92yjsn']
[2023-07-18 10:23:28,685] {standard_task_runner.py:80} INFO - Job 1172: Subtask AVAX
[2023-07-18 10:23:28,870] {task_command.py:370} INFO - Running <TaskInstance: get_crypto_dag.AVAX scheduled__2023-05-03T00:00:00+00:00 [running]> on host lucas-Estudos
[2023-07-18 10:23:29,085] {taskinstance.py:1569} INFO - Exporting the following env vars:
AIRFLOW_CTX_DAG_OWNER=airflow
AIRFLOW_CTX_DAG_ID=get_crypto_dag
AIRFLOW_CTX_TASK_ID=AVAX
AIRFLOW_CTX_EXECUTION_DATE=2023-05-03T00:00:00+00:00
AIRFLOW_CTX_TRY_NUMBER=1
AIRFLOW_CTX_DAG_RUN_ID=scheduled__2023-05-03T00:00:00+00:00
[2023-07-18 10:23:29,582] {base.py:162} ERROR - AVAX: No timezone found, symbol may be delisted
[2023-07-18 10:23:29,589] {python.py:173} INFO - Done. Returned value was: None
[2023-07-18 10:23:29,636] {taskinstance.py:1395} INFO - Marking task as SUCCESS. dag_id=get_crypto_dag, task_id=AVAX, execution_date=20230503T000000, start_date=20230718T132328, end_date=20230718T132329
[2023-07-18 10:23:29,698] {local_task_job.py:156} INFO - Task exited with return code 0
[2023-07-18 10:23:29,801] {local_task_job.py:273} INFO - 0 downstream tasks scheduled from follow-on schedule check
