[2023-07-17 16:23:21,633] {taskinstance.py:1159} INFO - Dependencies all met for <TaskInstance: get_stocks_dag.TSLA scheduled__2023-06-09T00:00:00+00:00 [queued]>
[2023-07-17 16:23:21,689] {taskinstance.py:1159} INFO - Dependencies all met for <TaskInstance: get_stocks_dag.TSLA scheduled__2023-06-09T00:00:00+00:00 [queued]>
[2023-07-17 16:23:21,689] {taskinstance.py:1356} INFO - 
--------------------------------------------------------------------------------
[2023-07-17 16:23:21,689] {taskinstance.py:1357} INFO - Starting attempt 1 of 1
[2023-07-17 16:23:21,690] {taskinstance.py:1358} INFO - 
--------------------------------------------------------------------------------
[2023-07-17 16:23:21,757] {taskinstance.py:1377} INFO - Executing <Task(_PythonDecoratedOperator): TSLA> on 2023-06-09 00:00:00+00:00
[2023-07-17 16:23:21,764] {standard_task_runner.py:52} INFO - Started process 10212 to run task
[2023-07-17 16:23:21,792] {standard_task_runner.py:79} INFO - Running: ['airflow', 'tasks', 'run', 'get_stocks_dag', 'TSLA', 'scheduled__2023-06-09T00:00:00+00:00', '--job-id', '174', '--raw', '--subdir', 'DAGS_FOLDER/get_stocks.py', '--cfg-path', '/tmp/tmpih3hp26b', '--error-file', '/tmp/tmpdahs88jt']
[2023-07-17 16:23:21,797] {standard_task_runner.py:80} INFO - Job 174: Subtask TSLA
[2023-07-17 16:23:22,019] {task_command.py:370} INFO - Running <TaskInstance: get_stocks_dag.TSLA scheduled__2023-06-09T00:00:00+00:00 [running]> on host lucas-Estudos
[2023-07-17 16:23:22,192] {taskinstance.py:1569} INFO - Exporting the following env vars:
AIRFLOW_CTX_DAG_OWNER=airflow
AIRFLOW_CTX_DAG_ID=get_stocks_dag
AIRFLOW_CTX_TASK_ID=TSLA
AIRFLOW_CTX_EXECUTION_DATE=2023-06-09T00:00:00+00:00
AIRFLOW_CTX_TRY_NUMBER=1
AIRFLOW_CTX_DAG_RUN_ID=scheduled__2023-06-09T00:00:00+00:00
[2023-07-17 16:23:22,874] {python.py:173} INFO - Done. Returned value was: None
[2023-07-17 16:23:23,100] {taskinstance.py:1395} INFO - Marking task as SUCCESS. dag_id=get_stocks_dag, task_id=TSLA, execution_date=20230609T000000, start_date=20230717T192321, end_date=20230717T192323
[2023-07-17 16:23:23,217] {local_task_job.py:156} INFO - Task exited with return code 0
[2023-07-17 16:23:23,306] {local_task_job.py:273} INFO - 0 downstream tasks scheduled from follow-on schedule check
[2023-07-17 16:54:39,092] {taskinstance.py:1159} INFO - Dependencies all met for <TaskInstance: get_stocks_dag.TSLA scheduled__2023-06-09T00:00:00+00:00 [queued]>
[2023-07-17 16:54:39,123] {taskinstance.py:1159} INFO - Dependencies all met for <TaskInstance: get_stocks_dag.TSLA scheduled__2023-06-09T00:00:00+00:00 [queued]>
[2023-07-17 16:54:39,123] {taskinstance.py:1356} INFO - 
--------------------------------------------------------------------------------
[2023-07-17 16:54:39,123] {taskinstance.py:1357} INFO - Starting attempt 1 of 1
[2023-07-17 16:54:39,123] {taskinstance.py:1358} INFO - 
--------------------------------------------------------------------------------
[2023-07-17 16:54:39,145] {taskinstance.py:1377} INFO - Executing <Task(_PythonDecoratedOperator): TSLA> on 2023-06-09 00:00:00+00:00
[2023-07-17 16:54:39,153] {standard_task_runner.py:52} INFO - Started process 22778 to run task
[2023-07-17 16:54:39,159] {standard_task_runner.py:79} INFO - Running: ['airflow', 'tasks', 'run', 'get_stocks_dag', 'TSLA', 'scheduled__2023-06-09T00:00:00+00:00', '--job-id', '385', '--raw', '--subdir', 'DAGS_FOLDER/get_stocks.py', '--cfg-path', '/tmp/tmpc7tl4_bp', '--error-file', '/tmp/tmpl7iq5p4q']
[2023-07-17 16:54:39,160] {standard_task_runner.py:80} INFO - Job 385: Subtask TSLA
[2023-07-17 16:54:39,289] {task_command.py:370} INFO - Running <TaskInstance: get_stocks_dag.TSLA scheduled__2023-06-09T00:00:00+00:00 [running]> on host lucas-Estudos
[2023-07-17 16:54:39,392] {taskinstance.py:1569} INFO - Exporting the following env vars:
AIRFLOW_CTX_DAG_OWNER=airflow
AIRFLOW_CTX_DAG_ID=get_stocks_dag
AIRFLOW_CTX_TASK_ID=TSLA
AIRFLOW_CTX_EXECUTION_DATE=2023-06-09T00:00:00+00:00
AIRFLOW_CTX_TRY_NUMBER=1
AIRFLOW_CTX_DAG_RUN_ID=scheduled__2023-06-09T00:00:00+00:00
[2023-07-17 16:54:40,139] {python.py:173} INFO - Done. Returned value was: None
[2023-07-17 16:54:40,248] {taskinstance.py:1395} INFO - Marking task as SUCCESS. dag_id=get_stocks_dag, task_id=TSLA, execution_date=20230609T000000, start_date=20230717T195439, end_date=20230717T195440
[2023-07-17 16:54:40,299] {local_task_job.py:156} INFO - Task exited with return code 0
[2023-07-17 16:54:40,418] {local_task_job.py:273} INFO - 0 downstream tasks scheduled from follow-on schedule check
[2023-07-17 21:03:43,397] {taskinstance.py:1159} INFO - Dependencies all met for <TaskInstance: get_stocks_dag.TSLA scheduled__2023-06-09T00:00:00+00:00 [queued]>
[2023-07-17 21:03:43,413] {taskinstance.py:1159} INFO - Dependencies all met for <TaskInstance: get_stocks_dag.TSLA scheduled__2023-06-09T00:00:00+00:00 [queued]>
[2023-07-17 21:03:43,413] {taskinstance.py:1356} INFO - 
--------------------------------------------------------------------------------
[2023-07-17 21:03:43,413] {taskinstance.py:1357} INFO - Starting attempt 1 of 1
[2023-07-17 21:03:43,414] {taskinstance.py:1358} INFO - 
--------------------------------------------------------------------------------
[2023-07-17 21:03:43,438] {taskinstance.py:1377} INFO - Executing <Task(_PythonDecoratedOperator): TSLA> on 2023-06-09 00:00:00+00:00
[2023-07-17 21:03:43,450] {standard_task_runner.py:52} INFO - Started process 25778 to run task
[2023-07-17 21:03:43,456] {standard_task_runner.py:79} INFO - Running: ['airflow', 'tasks', 'run', 'get_stocks_dag', 'TSLA', 'scheduled__2023-06-09T00:00:00+00:00', '--job-id', '603', '--raw', '--subdir', 'DAGS_FOLDER/get_stocks.py', '--cfg-path', '/tmp/tmp9k6bn19r', '--error-file', '/tmp/tmpzf1dv1wz']
[2023-07-17 21:03:43,459] {standard_task_runner.py:80} INFO - Job 603: Subtask TSLA
[2023-07-17 21:03:43,651] {task_command.py:370} INFO - Running <TaskInstance: get_stocks_dag.TSLA scheduled__2023-06-09T00:00:00+00:00 [running]> on host lucas-Estudos
[2023-07-17 21:03:43,878] {taskinstance.py:1569} INFO - Exporting the following env vars:
AIRFLOW_CTX_DAG_OWNER=airflow
AIRFLOW_CTX_DAG_ID=get_stocks_dag
AIRFLOW_CTX_TASK_ID=TSLA
AIRFLOW_CTX_EXECUTION_DATE=2023-06-09T00:00:00+00:00
AIRFLOW_CTX_TRY_NUMBER=1
AIRFLOW_CTX_DAG_RUN_ID=scheduled__2023-06-09T00:00:00+00:00
[2023-07-17 21:03:47,662] {python.py:173} INFO - Done. Returned value was: None
[2023-07-17 21:03:47,714] {taskinstance.py:1395} INFO - Marking task as SUCCESS. dag_id=get_stocks_dag, task_id=TSLA, execution_date=20230609T000000, start_date=20230718T000343, end_date=20230718T000347
[2023-07-17 21:03:47,764] {local_task_job.py:156} INFO - Task exited with return code 0
[2023-07-17 21:03:47,878] {local_task_job.py:273} INFO - 0 downstream tasks scheduled from follow-on schedule check
[2023-07-17 22:08:18,153] {taskinstance.py:1159} INFO - Dependencies all met for <TaskInstance: get_stocks_dag.TSLA scheduled__2023-06-09T00:00:00+00:00 [queued]>
[2023-07-17 22:08:18,164] {taskinstance.py:1159} INFO - Dependencies all met for <TaskInstance: get_stocks_dag.TSLA scheduled__2023-06-09T00:00:00+00:00 [queued]>
[2023-07-17 22:08:18,164] {taskinstance.py:1356} INFO - 
--------------------------------------------------------------------------------
[2023-07-17 22:08:18,164] {taskinstance.py:1357} INFO - Starting attempt 1 of 1
[2023-07-17 22:08:18,164] {taskinstance.py:1358} INFO - 
--------------------------------------------------------------------------------
[2023-07-17 22:08:18,181] {taskinstance.py:1377} INFO - Executing <Task(_PythonDecoratedOperator): TSLA> on 2023-06-09 00:00:00+00:00
[2023-07-17 22:08:18,186] {standard_task_runner.py:52} INFO - Started process 74835 to run task
[2023-07-17 22:08:18,190] {standard_task_runner.py:79} INFO - Running: ['airflow', 'tasks', 'run', 'get_stocks_dag', 'TSLA', 'scheduled__2023-06-09T00:00:00+00:00', '--job-id', '946', '--raw', '--subdir', 'DAGS_FOLDER/get_stocks.py', '--cfg-path', '/tmp/tmpgxr5a3td', '--error-file', '/tmp/tmpj9m387x2']
[2023-07-17 22:08:18,192] {standard_task_runner.py:80} INFO - Job 946: Subtask TSLA
[2023-07-17 22:08:18,260] {task_command.py:370} INFO - Running <TaskInstance: get_stocks_dag.TSLA scheduled__2023-06-09T00:00:00+00:00 [running]> on host lucas-Estudos
[2023-07-17 22:08:18,328] {taskinstance.py:1569} INFO - Exporting the following env vars:
AIRFLOW_CTX_DAG_OWNER=airflow
AIRFLOW_CTX_DAG_ID=get_stocks_dag
AIRFLOW_CTX_TASK_ID=TSLA
AIRFLOW_CTX_EXECUTION_DATE=2023-06-09T00:00:00+00:00
AIRFLOW_CTX_TRY_NUMBER=1
AIRFLOW_CTX_DAG_RUN_ID=scheduled__2023-06-09T00:00:00+00:00
[2023-07-17 22:08:22,012] {python.py:173} INFO - Done. Returned value was: None
[2023-07-17 22:08:22,165] {taskinstance.py:1395} INFO - Marking task as SUCCESS. dag_id=get_stocks_dag, task_id=TSLA, execution_date=20230609T000000, start_date=20230718T010818, end_date=20230718T010822
[2023-07-17 22:08:22,214] {local_task_job.py:156} INFO - Task exited with return code 0
[2023-07-17 22:08:22,390] {local_task_job.py:273} INFO - 0 downstream tasks scheduled from follow-on schedule check
[2023-07-18 10:50:33,311] {taskinstance.py:1159} INFO - Dependencies all met for <TaskInstance: get_stocks_dag.TSLA scheduled__2023-06-09T00:00:00+00:00 [queued]>
[2023-07-18 10:50:33,334] {taskinstance.py:1159} INFO - Dependencies all met for <TaskInstance: get_stocks_dag.TSLA scheduled__2023-06-09T00:00:00+00:00 [queued]>
[2023-07-18 10:50:33,335] {taskinstance.py:1356} INFO - 
--------------------------------------------------------------------------------
[2023-07-18 10:50:33,335] {taskinstance.py:1357} INFO - Starting attempt 1 of 1
[2023-07-18 10:50:33,335] {taskinstance.py:1358} INFO - 
--------------------------------------------------------------------------------
[2023-07-18 10:50:33,362] {taskinstance.py:1377} INFO - Executing <Task(_PythonDecoratedOperator): TSLA> on 2023-06-09 00:00:00+00:00
[2023-07-18 10:50:33,372] {standard_task_runner.py:52} INFO - Started process 18992 to run task
[2023-07-18 10:50:33,379] {standard_task_runner.py:79} INFO - Running: ['airflow', 'tasks', 'run', 'get_stocks_dag', 'TSLA', 'scheduled__2023-06-09T00:00:00+00:00', '--job-id', '1422', '--raw', '--subdir', 'DAGS_FOLDER/get_stocks.py', '--cfg-path', '/tmp/tmpne7lu0sa', '--error-file', '/tmp/tmp5j90n4kr']
[2023-07-18 10:50:33,381] {standard_task_runner.py:80} INFO - Job 1422: Subtask TSLA
[2023-07-18 10:50:33,563] {task_command.py:370} INFO - Running <TaskInstance: get_stocks_dag.TSLA scheduled__2023-06-09T00:00:00+00:00 [running]> on host lucas-Estudos
[2023-07-18 10:50:33,783] {taskinstance.py:1569} INFO - Exporting the following env vars:
AIRFLOW_CTX_DAG_OWNER=airflow
AIRFLOW_CTX_DAG_ID=get_stocks_dag
AIRFLOW_CTX_TASK_ID=TSLA
AIRFLOW_CTX_EXECUTION_DATE=2023-06-09T00:00:00+00:00
AIRFLOW_CTX_TRY_NUMBER=1
AIRFLOW_CTX_DAG_RUN_ID=scheduled__2023-06-09T00:00:00+00:00
[2023-07-18 10:50:34,722] {python.py:173} INFO - Done. Returned value was: None
[2023-07-18 10:50:34,768] {taskinstance.py:1395} INFO - Marking task as SUCCESS. dag_id=get_stocks_dag, task_id=TSLA, execution_date=20230609T000000, start_date=20230718T135033, end_date=20230718T135034
[2023-07-18 10:50:34,836] {local_task_job.py:156} INFO - Task exited with return code 0
[2023-07-18 10:50:34,937] {local_task_job.py:273} INFO - 0 downstream tasks scheduled from follow-on schedule check
