[2023-07-17 16:22:54,284] {taskinstance.py:1159} INFO - Dependencies all met for <TaskInstance: get_stocks_dag.MSFT scheduled__2023-05-12T00:00:00+00:00 [queued]>
[2023-07-17 16:22:54,342] {taskinstance.py:1159} INFO - Dependencies all met for <TaskInstance: get_stocks_dag.MSFT scheduled__2023-05-12T00:00:00+00:00 [queued]>
[2023-07-17 16:22:54,342] {taskinstance.py:1356} INFO - 
--------------------------------------------------------------------------------
[2023-07-17 16:22:54,342] {taskinstance.py:1357} INFO - Starting attempt 1 of 1
[2023-07-17 16:22:54,342] {taskinstance.py:1358} INFO - 
--------------------------------------------------------------------------------
[2023-07-17 16:22:54,449] {taskinstance.py:1377} INFO - Executing <Task(_PythonDecoratedOperator): MSFT> on 2023-05-12 00:00:00+00:00
[2023-07-17 16:22:54,478] {standard_task_runner.py:52} INFO - Started process 7797 to run task
[2023-07-17 16:22:54,487] {standard_task_runner.py:79} INFO - Running: ['airflow', 'tasks', 'run', 'get_stocks_dag', 'MSFT', 'scheduled__2023-05-12T00:00:00+00:00', '--job-id', '87', '--raw', '--subdir', 'DAGS_FOLDER/get_stocks.py', '--cfg-path', '/tmp/tmpka10ea9h', '--error-file', '/tmp/tmp7p7xaud6']
[2023-07-17 16:22:54,499] {standard_task_runner.py:80} INFO - Job 87: Subtask MSFT
[2023-07-17 16:22:54,647] {task_command.py:370} INFO - Running <TaskInstance: get_stocks_dag.MSFT scheduled__2023-05-12T00:00:00+00:00 [running]> on host lucas-Estudos
[2023-07-17 16:22:54,844] {taskinstance.py:1569} INFO - Exporting the following env vars:
AIRFLOW_CTX_DAG_OWNER=airflow
AIRFLOW_CTX_DAG_ID=get_stocks_dag
AIRFLOW_CTX_TASK_ID=MSFT
AIRFLOW_CTX_EXECUTION_DATE=2023-05-12T00:00:00+00:00
AIRFLOW_CTX_TRY_NUMBER=1
AIRFLOW_CTX_DAG_RUN_ID=scheduled__2023-05-12T00:00:00+00:00
[2023-07-17 16:22:56,068] {python.py:173} INFO - Done. Returned value was: None
[2023-07-17 16:22:56,182] {taskinstance.py:1395} INFO - Marking task as SUCCESS. dag_id=get_stocks_dag, task_id=MSFT, execution_date=20230512T000000, start_date=20230717T192254, end_date=20230717T192256
[2023-07-17 16:22:56,287] {local_task_job.py:156} INFO - Task exited with return code 0
[2023-07-17 16:22:56,521] {local_task_job.py:273} INFO - 0 downstream tasks scheduled from follow-on schedule check
[2023-07-17 16:54:15,985] {taskinstance.py:1159} INFO - Dependencies all met for <TaskInstance: get_stocks_dag.MSFT scheduled__2023-05-12T00:00:00+00:00 [queued]>
[2023-07-17 16:54:16,026] {taskinstance.py:1159} INFO - Dependencies all met for <TaskInstance: get_stocks_dag.MSFT scheduled__2023-05-12T00:00:00+00:00 [queued]>
[2023-07-17 16:54:16,026] {taskinstance.py:1356} INFO - 
--------------------------------------------------------------------------------
[2023-07-17 16:54:16,026] {taskinstance.py:1357} INFO - Starting attempt 1 of 1
[2023-07-17 16:54:16,026] {taskinstance.py:1358} INFO - 
--------------------------------------------------------------------------------
[2023-07-17 16:54:16,103] {taskinstance.py:1377} INFO - Executing <Task(_PythonDecoratedOperator): MSFT> on 2023-05-12 00:00:00+00:00
[2023-07-17 16:54:16,132] {standard_task_runner.py:52} INFO - Started process 20616 to run task
[2023-07-17 16:54:16,149] {standard_task_runner.py:79} INFO - Running: ['airflow', 'tasks', 'run', 'get_stocks_dag', 'MSFT', 'scheduled__2023-05-12T00:00:00+00:00', '--job-id', '302', '--raw', '--subdir', 'DAGS_FOLDER/get_stocks.py', '--cfg-path', '/tmp/tmp79r5f2uw', '--error-file', '/tmp/tmpzx71epyc']
[2023-07-17 16:54:16,150] {standard_task_runner.py:80} INFO - Job 302: Subtask MSFT
[2023-07-17 16:54:16,350] {task_command.py:370} INFO - Running <TaskInstance: get_stocks_dag.MSFT scheduled__2023-05-12T00:00:00+00:00 [running]> on host lucas-Estudos
[2023-07-17 16:54:16,600] {taskinstance.py:1569} INFO - Exporting the following env vars:
AIRFLOW_CTX_DAG_OWNER=airflow
AIRFLOW_CTX_DAG_ID=get_stocks_dag
AIRFLOW_CTX_TASK_ID=MSFT
AIRFLOW_CTX_EXECUTION_DATE=2023-05-12T00:00:00+00:00
AIRFLOW_CTX_TRY_NUMBER=1
AIRFLOW_CTX_DAG_RUN_ID=scheduled__2023-05-12T00:00:00+00:00
[2023-07-17 16:54:17,550] {python.py:173} INFO - Done. Returned value was: None
[2023-07-17 16:54:17,605] {taskinstance.py:1395} INFO - Marking task as SUCCESS. dag_id=get_stocks_dag, task_id=MSFT, execution_date=20230512T000000, start_date=20230717T195415, end_date=20230717T195417
[2023-07-17 16:54:17,685] {local_task_job.py:156} INFO - Task exited with return code 0
[2023-07-17 16:54:17,767] {local_task_job.py:273} INFO - 0 downstream tasks scheduled from follow-on schedule check
[2023-07-17 20:58:06,228] {taskinstance.py:1159} INFO - Dependencies all met for <TaskInstance: get_stocks_dag.MSFT scheduled__2023-05-12T00:00:00+00:00 [queued]>
[2023-07-17 20:58:06,253] {taskinstance.py:1159} INFO - Dependencies all met for <TaskInstance: get_stocks_dag.MSFT scheduled__2023-05-12T00:00:00+00:00 [queued]>
[2023-07-17 20:58:06,253] {taskinstance.py:1356} INFO - 
--------------------------------------------------------------------------------
[2023-07-17 20:58:06,254] {taskinstance.py:1357} INFO - Starting attempt 1 of 1
[2023-07-17 20:58:06,254] {taskinstance.py:1358} INFO - 
--------------------------------------------------------------------------------
[2023-07-17 20:58:06,284] {taskinstance.py:1377} INFO - Executing <Task(_PythonDecoratedOperator): MSFT> on 2023-05-12 00:00:00+00:00
[2023-07-17 20:58:06,293] {standard_task_runner.py:52} INFO - Started process 16792 to run task
[2023-07-17 20:58:06,300] {standard_task_runner.py:79} INFO - Running: ['airflow', 'tasks', 'run', 'get_stocks_dag', 'MSFT', 'scheduled__2023-05-12T00:00:00+00:00', '--job-id', '521', '--raw', '--subdir', 'DAGS_FOLDER/get_stocks.py', '--cfg-path', '/tmp/tmpa_2jdlt7', '--error-file', '/tmp/tmp9cctecag']
[2023-07-17 20:58:06,303] {standard_task_runner.py:80} INFO - Job 521: Subtask MSFT
[2023-07-17 20:58:06,503] {task_command.py:370} INFO - Running <TaskInstance: get_stocks_dag.MSFT scheduled__2023-05-12T00:00:00+00:00 [running]> on host lucas-Estudos
[2023-07-17 20:58:06,713] {taskinstance.py:1569} INFO - Exporting the following env vars:
AIRFLOW_CTX_DAG_OWNER=airflow
AIRFLOW_CTX_DAG_ID=get_stocks_dag
AIRFLOW_CTX_TASK_ID=MSFT
AIRFLOW_CTX_EXECUTION_DATE=2023-05-12T00:00:00+00:00
AIRFLOW_CTX_TRY_NUMBER=1
AIRFLOW_CTX_DAG_RUN_ID=scheduled__2023-05-12T00:00:00+00:00
[2023-07-17 20:58:10,632] {python.py:173} INFO - Done. Returned value was: None
[2023-07-17 20:58:10,683] {taskinstance.py:1395} INFO - Marking task as SUCCESS. dag_id=get_stocks_dag, task_id=MSFT, execution_date=20230512T000000, start_date=20230717T235806, end_date=20230717T235810
[2023-07-17 20:58:10,729] {local_task_job.py:156} INFO - Task exited with return code 0
[2023-07-17 20:58:10,854] {local_task_job.py:273} INFO - 0 downstream tasks scheduled from follow-on schedule check
[2023-07-17 21:57:06,054] {taskinstance.py:1159} INFO - Dependencies all met for <TaskInstance: get_stocks_dag.MSFT scheduled__2023-05-12T00:00:00+00:00 [queued]>
[2023-07-17 21:57:06,088] {taskinstance.py:1159} INFO - Dependencies all met for <TaskInstance: get_stocks_dag.MSFT scheduled__2023-05-12T00:00:00+00:00 [queued]>
[2023-07-17 21:57:06,088] {taskinstance.py:1356} INFO - 
--------------------------------------------------------------------------------
[2023-07-17 21:57:06,089] {taskinstance.py:1357} INFO - Starting attempt 1 of 1
[2023-07-17 21:57:06,089] {taskinstance.py:1358} INFO - 
--------------------------------------------------------------------------------
[2023-07-17 21:57:06,114] {taskinstance.py:1377} INFO - Executing <Task(_PythonDecoratedOperator): MSFT> on 2023-05-12 00:00:00+00:00
[2023-07-17 21:57:06,123] {standard_task_runner.py:52} INFO - Started process 52039 to run task
[2023-07-17 21:57:06,127] {standard_task_runner.py:79} INFO - Running: ['airflow', 'tasks', 'run', 'get_stocks_dag', 'MSFT', 'scheduled__2023-05-12T00:00:00+00:00', '--job-id', '779', '--raw', '--subdir', 'DAGS_FOLDER/get_stocks.py', '--cfg-path', '/tmp/tmpuk4los94', '--error-file', '/tmp/tmptrdv0m6l']
[2023-07-17 21:57:06,128] {standard_task_runner.py:80} INFO - Job 779: Subtask MSFT
[2023-07-17 21:57:06,225] {task_command.py:370} INFO - Running <TaskInstance: get_stocks_dag.MSFT scheduled__2023-05-12T00:00:00+00:00 [running]> on host lucas-Estudos
[2023-07-17 21:57:06,317] {taskinstance.py:1569} INFO - Exporting the following env vars:
AIRFLOW_CTX_DAG_OWNER=airflow
AIRFLOW_CTX_DAG_ID=get_stocks_dag
AIRFLOW_CTX_TASK_ID=MSFT
AIRFLOW_CTX_EXECUTION_DATE=2023-05-12T00:00:00+00:00
AIRFLOW_CTX_TRY_NUMBER=1
AIRFLOW_CTX_DAG_RUN_ID=scheduled__2023-05-12T00:00:00+00:00
[2023-07-17 21:57:08,001] {python.py:173} INFO - Done. Returned value was: None
[2023-07-17 21:57:08,057] {taskinstance.py:1395} INFO - Marking task as SUCCESS. dag_id=get_stocks_dag, task_id=MSFT, execution_date=20230512T000000, start_date=20230718T005706, end_date=20230718T005708
[2023-07-17 21:57:08,106] {local_task_job.py:156} INFO - Task exited with return code 0
[2023-07-17 21:57:08,226] {local_task_job.py:273} INFO - 0 downstream tasks scheduled from follow-on schedule check
[2023-07-18 10:29:38,219] {taskinstance.py:1159} INFO - Dependencies all met for <TaskInstance: get_stocks_dag.MSFT scheduled__2023-05-12T00:00:00+00:00 [queued]>
[2023-07-18 10:29:38,241] {taskinstance.py:1159} INFO - Dependencies all met for <TaskInstance: get_stocks_dag.MSFT scheduled__2023-05-12T00:00:00+00:00 [queued]>
[2023-07-18 10:29:38,242] {taskinstance.py:1356} INFO - 
--------------------------------------------------------------------------------
[2023-07-18 10:29:38,242] {taskinstance.py:1357} INFO - Starting attempt 1 of 1
[2023-07-18 10:29:38,242] {taskinstance.py:1358} INFO - 
--------------------------------------------------------------------------------
[2023-07-18 10:29:38,270] {taskinstance.py:1377} INFO - Executing <Task(_PythonDecoratedOperator): MSFT> on 2023-05-12 00:00:00+00:00
[2023-07-18 10:29:38,279] {standard_task_runner.py:52} INFO - Started process 12353 to run task
[2023-07-18 10:29:38,286] {standard_task_runner.py:79} INFO - Running: ['airflow', 'tasks', 'run', 'get_stocks_dag', 'MSFT', 'scheduled__2023-05-12T00:00:00+00:00', '--job-id', '1230', '--raw', '--subdir', 'DAGS_FOLDER/get_stocks.py', '--cfg-path', '/tmp/tmp5ob_6py3', '--error-file', '/tmp/tmpzn4wyy21']
[2023-07-18 10:29:38,288] {standard_task_runner.py:80} INFO - Job 1230: Subtask MSFT
[2023-07-18 10:29:38,478] {task_command.py:370} INFO - Running <TaskInstance: get_stocks_dag.MSFT scheduled__2023-05-12T00:00:00+00:00 [running]> on host lucas-Estudos
[2023-07-18 10:29:38,699] {taskinstance.py:1569} INFO - Exporting the following env vars:
AIRFLOW_CTX_DAG_OWNER=airflow
AIRFLOW_CTX_DAG_ID=get_stocks_dag
AIRFLOW_CTX_TASK_ID=MSFT
AIRFLOW_CTX_EXECUTION_DATE=2023-05-12T00:00:00+00:00
AIRFLOW_CTX_TRY_NUMBER=1
AIRFLOW_CTX_DAG_RUN_ID=scheduled__2023-05-12T00:00:00+00:00
[2023-07-18 10:29:40,253] {python.py:173} INFO - Done. Returned value was: None
[2023-07-18 10:29:40,300] {taskinstance.py:1395} INFO - Marking task as SUCCESS. dag_id=get_stocks_dag, task_id=MSFT, execution_date=20230512T000000, start_date=20230718T132938, end_date=20230718T132940
[2023-07-18 10:29:40,345] {local_task_job.py:156} INFO - Task exited with return code 0
[2023-07-18 10:29:40,414] {local_task_job.py:273} INFO - 0 downstream tasks scheduled from follow-on schedule check
