[2023-07-17 22:09:44,834] {taskinstance.py:1159} INFO - Dependencies all met for <TaskInstance: get_crypto_dag.ETH scheduled__2023-06-03T00:00:00+00:00 [queued]>
[2023-07-17 22:09:44,856] {taskinstance.py:1159} INFO - Dependencies all met for <TaskInstance: get_crypto_dag.ETH scheduled__2023-06-03T00:00:00+00:00 [queued]>
[2023-07-17 22:09:44,856] {taskinstance.py:1356} INFO - 
--------------------------------------------------------------------------------
[2023-07-17 22:09:44,856] {taskinstance.py:1357} INFO - Starting attempt 1 of 1
[2023-07-17 22:09:44,856] {taskinstance.py:1358} INFO - 
--------------------------------------------------------------------------------
[2023-07-17 22:09:44,879] {taskinstance.py:1377} INFO - Executing <Task(_PythonDecoratedOperator): ETH> on 2023-06-03 00:00:00+00:00
[2023-07-17 22:09:44,884] {standard_task_runner.py:52} INFO - Started process 77801 to run task
[2023-07-17 22:09:44,888] {standard_task_runner.py:79} INFO - Running: ['airflow', 'tasks', 'run', 'get_crypto_dag', 'ETH', 'scheduled__2023-06-03T00:00:00+00:00', '--job-id', '967', '--raw', '--subdir', 'DAGS_FOLDER/get_crypto.py', '--cfg-path', '/tmp/tmp5_8mv2dg', '--error-file', '/tmp/tmpj_lux8uu']
[2023-07-17 22:09:44,889] {standard_task_runner.py:80} INFO - Job 967: Subtask ETH
[2023-07-17 22:09:44,972] {task_command.py:370} INFO - Running <TaskInstance: get_crypto_dag.ETH scheduled__2023-06-03T00:00:00+00:00 [running]> on host lucas-Estudos
[2023-07-17 22:09:45,088] {taskinstance.py:1569} INFO - Exporting the following env vars:
AIRFLOW_CTX_DAG_OWNER=airflow
AIRFLOW_CTX_DAG_ID=get_crypto_dag
AIRFLOW_CTX_TASK_ID=ETH
AIRFLOW_CTX_EXECUTION_DATE=2023-06-03T00:00:00+00:00
AIRFLOW_CTX_TRY_NUMBER=1
AIRFLOW_CTX_DAG_RUN_ID=scheduled__2023-06-03T00:00:00+00:00
[2023-07-17 22:09:46,033] {base.py:162} ERROR - ETH: No timezone found, symbol may be delisted
[2023-07-17 22:09:46,041] {python.py:173} INFO - Done. Returned value was: None
[2023-07-17 22:09:46,221] {taskinstance.py:1395} INFO - Marking task as SUCCESS. dag_id=get_crypto_dag, task_id=ETH, execution_date=20230603T000000, start_date=20230718T010944, end_date=20230718T010946
[2023-07-17 22:09:46,304] {local_task_job.py:156} INFO - Task exited with return code 0
[2023-07-17 22:09:46,477] {local_task_job.py:273} INFO - 0 downstream tasks scheduled from follow-on schedule check
[2023-07-18 10:46:58,393] {taskinstance.py:1159} INFO - Dependencies all met for <TaskInstance: get_crypto_dag.ETH scheduled__2023-06-03T00:00:00+00:00 [queued]>
[2023-07-18 10:46:58,424] {taskinstance.py:1159} INFO - Dependencies all met for <TaskInstance: get_crypto_dag.ETH scheduled__2023-06-03T00:00:00+00:00 [queued]>
[2023-07-18 10:46:58,424] {taskinstance.py:1356} INFO - 
--------------------------------------------------------------------------------
[2023-07-18 10:46:58,424] {taskinstance.py:1357} INFO - Starting attempt 1 of 1
[2023-07-18 10:46:58,425] {taskinstance.py:1358} INFO - 
--------------------------------------------------------------------------------
[2023-07-18 10:46:58,458] {taskinstance.py:1377} INFO - Executing <Task(_PythonDecoratedOperator): ETH> on 2023-06-03 00:00:00+00:00
[2023-07-18 10:46:58,473] {standard_task_runner.py:52} INFO - Started process 17425 to run task
[2023-07-18 10:46:58,481] {standard_task_runner.py:79} INFO - Running: ['airflow', 'tasks', 'run', 'get_crypto_dag', 'ETH', 'scheduled__2023-06-03T00:00:00+00:00', '--job-id', '1388', '--raw', '--subdir', 'DAGS_FOLDER/get_crypto.py', '--cfg-path', '/tmp/tmpde1uau4e', '--error-file', '/tmp/tmpio4si4pg']
[2023-07-18 10:46:58,484] {standard_task_runner.py:80} INFO - Job 1388: Subtask ETH
[2023-07-18 10:46:58,689] {task_command.py:370} INFO - Running <TaskInstance: get_crypto_dag.ETH scheduled__2023-06-03T00:00:00+00:00 [running]> on host lucas-Estudos
[2023-07-18 10:46:58,924] {taskinstance.py:1569} INFO - Exporting the following env vars:
AIRFLOW_CTX_DAG_OWNER=airflow
AIRFLOW_CTX_DAG_ID=get_crypto_dag
AIRFLOW_CTX_TASK_ID=ETH
AIRFLOW_CTX_EXECUTION_DATE=2023-06-03T00:00:00+00:00
AIRFLOW_CTX_TRY_NUMBER=1
AIRFLOW_CTX_DAG_RUN_ID=scheduled__2023-06-03T00:00:00+00:00
[2023-07-18 10:46:59,533] {base.py:162} ERROR - ETH: No timezone found, symbol may be delisted
[2023-07-18 10:46:59,540] {python.py:173} INFO - Done. Returned value was: None
[2023-07-18 10:46:59,591] {taskinstance.py:1395} INFO - Marking task as SUCCESS. dag_id=get_crypto_dag, task_id=ETH, execution_date=20230603T000000, start_date=20230718T134658, end_date=20230718T134659
[2023-07-18 10:46:59,658] {local_task_job.py:156} INFO - Task exited with return code 0
[2023-07-18 10:46:59,765] {local_task_job.py:273} INFO - 0 downstream tasks scheduled from follow-on schedule check
