[2023-07-17 22:01:02,660] {taskinstance.py:1159} INFO - Dependencies all met for <TaskInstance: get_crypto_dag.AVAX scheduled__2023-05-17T00:00:00+00:00 [queued]>
[2023-07-17 22:01:02,699] {taskinstance.py:1159} INFO - Dependencies all met for <TaskInstance: get_crypto_dag.AVAX scheduled__2023-05-17T00:00:00+00:00 [queued]>
[2023-07-17 22:01:02,699] {taskinstance.py:1356} INFO - 
--------------------------------------------------------------------------------
[2023-07-17 22:01:02,699] {taskinstance.py:1357} INFO - Starting attempt 1 of 1
[2023-07-17 22:01:02,700] {taskinstance.py:1358} INFO - 
--------------------------------------------------------------------------------
[2023-07-17 22:01:02,726] {taskinstance.py:1377} INFO - Executing <Task(_PythonDecoratedOperator): AVAX> on 2023-05-17 00:00:00+00:00
[2023-07-17 22:01:02,736] {standard_task_runner.py:52} INFO - Started process 60084 to run task
[2023-07-17 22:01:02,740] {standard_task_runner.py:79} INFO - Running: ['airflow', 'tasks', 'run', 'get_crypto_dag', 'AVAX', 'scheduled__2023-05-17T00:00:00+00:00', '--job-id', '839', '--raw', '--subdir', 'DAGS_FOLDER/get_crypto.py', '--cfg-path', '/tmp/tmpquhwhd9m', '--error-file', '/tmp/tmp2h4hpfs4']
[2023-07-17 22:01:02,741] {standard_task_runner.py:80} INFO - Job 839: Subtask AVAX
[2023-07-17 22:01:02,816] {task_command.py:370} INFO - Running <TaskInstance: get_crypto_dag.AVAX scheduled__2023-05-17T00:00:00+00:00 [running]> on host lucas-Estudos
[2023-07-17 22:01:02,949] {taskinstance.py:1569} INFO - Exporting the following env vars:
AIRFLOW_CTX_DAG_OWNER=airflow
AIRFLOW_CTX_DAG_ID=get_crypto_dag
AIRFLOW_CTX_TASK_ID=AVAX
AIRFLOW_CTX_EXECUTION_DATE=2023-05-17T00:00:00+00:00
AIRFLOW_CTX_TRY_NUMBER=1
AIRFLOW_CTX_DAG_RUN_ID=scheduled__2023-05-17T00:00:00+00:00
[2023-07-17 22:01:05,623] {base.py:162} ERROR - AVAX: No timezone found, symbol may be delisted
[2023-07-17 22:01:05,633] {python.py:173} INFO - Done. Returned value was: None
[2023-07-17 22:01:05,686] {taskinstance.py:1395} INFO - Marking task as SUCCESS. dag_id=get_crypto_dag, task_id=AVAX, execution_date=20230517T000000, start_date=20230718T010102, end_date=20230718T010105
[2023-07-17 22:01:05,763] {local_task_job.py:156} INFO - Task exited with return code 0
[2023-07-17 22:01:05,900] {local_task_job.py:273} INFO - 0 downstream tasks scheduled from follow-on schedule check
[2023-07-18 10:33:36,882] {taskinstance.py:1159} INFO - Dependencies all met for <TaskInstance: get_crypto_dag.AVAX scheduled__2023-05-17T00:00:00+00:00 [queued]>
[2023-07-18 10:33:36,911] {taskinstance.py:1159} INFO - Dependencies all met for <TaskInstance: get_crypto_dag.AVAX scheduled__2023-05-17T00:00:00+00:00 [queued]>
[2023-07-18 10:33:36,911] {taskinstance.py:1356} INFO - 
--------------------------------------------------------------------------------
[2023-07-18 10:33:36,911] {taskinstance.py:1357} INFO - Starting attempt 1 of 1
[2023-07-18 10:33:36,912] {taskinstance.py:1358} INFO - 
--------------------------------------------------------------------------------
[2023-07-18 10:33:36,950] {taskinstance.py:1377} INFO - Executing <Task(_PythonDecoratedOperator): AVAX> on 2023-05-17 00:00:00+00:00
[2023-07-18 10:33:36,965] {standard_task_runner.py:52} INFO - Started process 13577 to run task
[2023-07-18 10:33:36,972] {standard_task_runner.py:79} INFO - Running: ['airflow', 'tasks', 'run', 'get_crypto_dag', 'AVAX', 'scheduled__2023-05-17T00:00:00+00:00', '--job-id', '1267', '--raw', '--subdir', 'DAGS_FOLDER/get_crypto.py', '--cfg-path', '/tmp/tmp2xtrc0y9', '--error-file', '/tmp/tmpr9v7a53o']
[2023-07-18 10:33:36,975] {standard_task_runner.py:80} INFO - Job 1267: Subtask AVAX
[2023-07-18 10:33:37,181] {task_command.py:370} INFO - Running <TaskInstance: get_crypto_dag.AVAX scheduled__2023-05-17T00:00:00+00:00 [running]> on host lucas-Estudos
[2023-07-18 10:33:37,400] {taskinstance.py:1569} INFO - Exporting the following env vars:
AIRFLOW_CTX_DAG_OWNER=airflow
AIRFLOW_CTX_DAG_ID=get_crypto_dag
AIRFLOW_CTX_TASK_ID=AVAX
AIRFLOW_CTX_EXECUTION_DATE=2023-05-17T00:00:00+00:00
AIRFLOW_CTX_TRY_NUMBER=1
AIRFLOW_CTX_DAG_RUN_ID=scheduled__2023-05-17T00:00:00+00:00
[2023-07-18 10:33:38,019] {base.py:162} ERROR - AVAX: No timezone found, symbol may be delisted
[2023-07-18 10:33:38,030] {python.py:173} INFO - Done. Returned value was: None
[2023-07-18 10:33:38,086] {taskinstance.py:1395} INFO - Marking task as SUCCESS. dag_id=get_crypto_dag, task_id=AVAX, execution_date=20230517T000000, start_date=20230718T133336, end_date=20230718T133338
[2023-07-18 10:33:38,150] {local_task_job.py:156} INFO - Task exited with return code 0
[2023-07-18 10:33:38,319] {local_task_job.py:273} INFO - 0 downstream tasks scheduled from follow-on schedule check
