[2023-07-17 16:23:42,267] {taskinstance.py:1159} INFO - Dependencies all met for <TaskInstance: get_stocks_dag.GOOG scheduled__2023-07-04T00:00:00+00:00 [queued]>
[2023-07-17 16:23:42,284] {taskinstance.py:1159} INFO - Dependencies all met for <TaskInstance: get_stocks_dag.GOOG scheduled__2023-07-04T00:00:00+00:00 [queued]>
[2023-07-17 16:23:42,284] {taskinstance.py:1356} INFO - 
--------------------------------------------------------------------------------
[2023-07-17 16:23:42,285] {taskinstance.py:1357} INFO - Starting attempt 1 of 1
[2023-07-17 16:23:42,285] {taskinstance.py:1358} INFO - 
--------------------------------------------------------------------------------
[2023-07-17 16:23:42,317] {taskinstance.py:1377} INFO - Executing <Task(_PythonDecoratedOperator): GOOG> on 2023-07-04 00:00:00+00:00
[2023-07-17 16:23:42,329] {standard_task_runner.py:52} INFO - Started process 12004 to run task
[2023-07-17 16:23:42,378] {standard_task_runner.py:79} INFO - Running: ['airflow', 'tasks', 'run', 'get_stocks_dag', 'GOOG', 'scheduled__2023-07-04T00:00:00+00:00', '--job-id', '239', '--raw', '--subdir', 'DAGS_FOLDER/get_stocks.py', '--cfg-path', '/tmp/tmp63pxp50t', '--error-file', '/tmp/tmpe36mk7dj']
[2023-07-17 16:23:42,379] {standard_task_runner.py:80} INFO - Job 239: Subtask GOOG
[2023-07-17 16:23:42,565] {task_command.py:370} INFO - Running <TaskInstance: get_stocks_dag.GOOG scheduled__2023-07-04T00:00:00+00:00 [running]> on host lucas-Estudos
[2023-07-17 16:23:42,838] {taskinstance.py:1569} INFO - Exporting the following env vars:
AIRFLOW_CTX_DAG_OWNER=airflow
AIRFLOW_CTX_DAG_ID=get_stocks_dag
AIRFLOW_CTX_TASK_ID=GOOG
AIRFLOW_CTX_EXECUTION_DATE=2023-07-04T00:00:00+00:00
AIRFLOW_CTX_TRY_NUMBER=1
AIRFLOW_CTX_DAG_RUN_ID=scheduled__2023-07-04T00:00:00+00:00
[2023-07-17 16:23:43,549] {python.py:173} INFO - Done. Returned value was: None
[2023-07-17 16:23:43,590] {taskinstance.py:1395} INFO - Marking task as SUCCESS. dag_id=get_stocks_dag, task_id=GOOG, execution_date=20230704T000000, start_date=20230717T192342, end_date=20230717T192343
[2023-07-17 16:23:43,641] {local_task_job.py:156} INFO - Task exited with return code 0
[2023-07-17 16:23:43,720] {local_task_job.py:273} INFO - 0 downstream tasks scheduled from follow-on schedule check
[2023-07-17 16:55:01,834] {taskinstance.py:1159} INFO - Dependencies all met for <TaskInstance: get_stocks_dag.GOOG scheduled__2023-07-04T00:00:00+00:00 [queued]>
[2023-07-17 16:55:01,889] {taskinstance.py:1159} INFO - Dependencies all met for <TaskInstance: get_stocks_dag.GOOG scheduled__2023-07-04T00:00:00+00:00 [queued]>
[2023-07-17 16:55:01,889] {taskinstance.py:1356} INFO - 
--------------------------------------------------------------------------------
[2023-07-17 16:55:01,889] {taskinstance.py:1357} INFO - Starting attempt 1 of 1
[2023-07-17 16:55:01,889] {taskinstance.py:1358} INFO - 
--------------------------------------------------------------------------------
[2023-07-17 16:55:01,959] {taskinstance.py:1377} INFO - Executing <Task(_PythonDecoratedOperator): GOOG> on 2023-07-04 00:00:00+00:00
[2023-07-17 16:55:01,969] {standard_task_runner.py:52} INFO - Started process 24807 to run task
[2023-07-17 16:55:01,978] {standard_task_runner.py:79} INFO - Running: ['airflow', 'tasks', 'run', 'get_stocks_dag', 'GOOG', 'scheduled__2023-07-04T00:00:00+00:00', '--job-id', '453', '--raw', '--subdir', 'DAGS_FOLDER/get_stocks.py', '--cfg-path', '/tmp/tmprc_jva44', '--error-file', '/tmp/tmpdufoegtn']
[2023-07-17 16:55:01,981] {standard_task_runner.py:80} INFO - Job 453: Subtask GOOG
[2023-07-17 16:55:02,105] {task_command.py:370} INFO - Running <TaskInstance: get_stocks_dag.GOOG scheduled__2023-07-04T00:00:00+00:00 [running]> on host lucas-Estudos
[2023-07-17 16:55:02,382] {taskinstance.py:1569} INFO - Exporting the following env vars:
AIRFLOW_CTX_DAG_OWNER=airflow
AIRFLOW_CTX_DAG_ID=get_stocks_dag
AIRFLOW_CTX_TASK_ID=GOOG
AIRFLOW_CTX_EXECUTION_DATE=2023-07-04T00:00:00+00:00
AIRFLOW_CTX_TRY_NUMBER=1
AIRFLOW_CTX_DAG_RUN_ID=scheduled__2023-07-04T00:00:00+00:00
[2023-07-17 16:55:03,996] {python.py:173} INFO - Done. Returned value was: None
[2023-07-17 16:55:04,029] {taskinstance.py:1395} INFO - Marking task as SUCCESS. dag_id=get_stocks_dag, task_id=GOOG, execution_date=20230704T000000, start_date=20230717T195501, end_date=20230717T195504
[2023-07-17 16:55:04,063] {local_task_job.py:156} INFO - Task exited with return code 0
[2023-07-17 16:55:04,155] {local_task_job.py:273} INFO - 0 downstream tasks scheduled from follow-on schedule check
[2023-07-17 21:08:11,284] {taskinstance.py:1159} INFO - Dependencies all met for <TaskInstance: get_stocks_dag.GOOG scheduled__2023-07-04T00:00:00+00:00 [queued]>
[2023-07-17 21:08:11,295] {taskinstance.py:1159} INFO - Dependencies all met for <TaskInstance: get_stocks_dag.GOOG scheduled__2023-07-04T00:00:00+00:00 [queued]>
[2023-07-17 21:08:11,295] {taskinstance.py:1356} INFO - 
--------------------------------------------------------------------------------
[2023-07-17 21:08:11,295] {taskinstance.py:1357} INFO - Starting attempt 1 of 1
[2023-07-17 21:08:11,295] {taskinstance.py:1358} INFO - 
--------------------------------------------------------------------------------
[2023-07-17 21:08:11,307] {taskinstance.py:1377} INFO - Executing <Task(_PythonDecoratedOperator): GOOG> on 2023-07-04 00:00:00+00:00
[2023-07-17 21:08:11,314] {standard_task_runner.py:52} INFO - Started process 35039 to run task
[2023-07-17 21:08:11,317] {standard_task_runner.py:79} INFO - Running: ['airflow', 'tasks', 'run', 'get_stocks_dag', 'GOOG', 'scheduled__2023-07-04T00:00:00+00:00', '--job-id', '670', '--raw', '--subdir', 'DAGS_FOLDER/get_stocks.py', '--cfg-path', '/tmp/tmp3e3_nx9l', '--error-file', '/tmp/tmpreiv28u2']
[2023-07-17 21:08:11,317] {standard_task_runner.py:80} INFO - Job 670: Subtask GOOG
[2023-07-17 21:08:11,387] {task_command.py:370} INFO - Running <TaskInstance: get_stocks_dag.GOOG scheduled__2023-07-04T00:00:00+00:00 [running]> on host lucas-Estudos
[2023-07-17 21:08:11,473] {taskinstance.py:1569} INFO - Exporting the following env vars:
AIRFLOW_CTX_DAG_OWNER=airflow
AIRFLOW_CTX_DAG_ID=get_stocks_dag
AIRFLOW_CTX_TASK_ID=GOOG
AIRFLOW_CTX_EXECUTION_DATE=2023-07-04T00:00:00+00:00
AIRFLOW_CTX_TRY_NUMBER=1
AIRFLOW_CTX_DAG_RUN_ID=scheduled__2023-07-04T00:00:00+00:00
[2023-07-17 21:08:24,327] {python.py:173} INFO - Done. Returned value was: None
[2023-07-17 21:08:24,380] {taskinstance.py:1395} INFO - Marking task as SUCCESS. dag_id=get_stocks_dag, task_id=GOOG, execution_date=20230704T000000, start_date=20230718T000811, end_date=20230718T000824
[2023-07-17 21:08:24,425] {local_task_job.py:156} INFO - Task exited with return code 0
[2023-07-17 21:08:24,539] {local_task_job.py:273} INFO - 0 downstream tasks scheduled from follow-on schedule check
[2023-07-17 22:17:22,401] {taskinstance.py:1159} INFO - Dependencies all met for <TaskInstance: get_stocks_dag.GOOG scheduled__2023-07-04T00:00:00+00:00 [queued]>
[2023-07-17 22:17:22,435] {taskinstance.py:1159} INFO - Dependencies all met for <TaskInstance: get_stocks_dag.GOOG scheduled__2023-07-04T00:00:00+00:00 [queued]>
[2023-07-17 22:17:22,436] {taskinstance.py:1356} INFO - 
--------------------------------------------------------------------------------
[2023-07-17 22:17:22,436] {taskinstance.py:1357} INFO - Starting attempt 1 of 1
[2023-07-17 22:17:22,436] {taskinstance.py:1358} INFO - 
--------------------------------------------------------------------------------
[2023-07-17 22:17:22,464] {taskinstance.py:1377} INFO - Executing <Task(_PythonDecoratedOperator): GOOG> on 2023-07-04 00:00:00+00:00
[2023-07-17 22:17:22,474] {standard_task_runner.py:52} INFO - Started process 93202 to run task
[2023-07-17 22:17:22,479] {standard_task_runner.py:79} INFO - Running: ['airflow', 'tasks', 'run', 'get_stocks_dag', 'GOOG', 'scheduled__2023-07-04T00:00:00+00:00', '--job-id', '1079', '--raw', '--subdir', 'DAGS_FOLDER/get_stocks.py', '--cfg-path', '/tmp/tmpnbarcmur', '--error-file', '/tmp/tmpqx49vais']
[2023-07-17 22:17:22,481] {standard_task_runner.py:80} INFO - Job 1079: Subtask GOOG
[2023-07-17 22:17:22,616] {task_command.py:370} INFO - Running <TaskInstance: get_stocks_dag.GOOG scheduled__2023-07-04T00:00:00+00:00 [running]> on host lucas-Estudos
[2023-07-17 22:17:22,854] {taskinstance.py:1569} INFO - Exporting the following env vars:
AIRFLOW_CTX_DAG_OWNER=airflow
AIRFLOW_CTX_DAG_ID=get_stocks_dag
AIRFLOW_CTX_TASK_ID=GOOG
AIRFLOW_CTX_EXECUTION_DATE=2023-07-04T00:00:00+00:00
AIRFLOW_CTX_TRY_NUMBER=1
AIRFLOW_CTX_DAG_RUN_ID=scheduled__2023-07-04T00:00:00+00:00
[2023-07-17 22:17:23,518] {python.py:173} INFO - Done. Returned value was: None
[2023-07-17 22:17:23,566] {taskinstance.py:1395} INFO - Marking task as SUCCESS. dag_id=get_stocks_dag, task_id=GOOG, execution_date=20230704T000000, start_date=20230718T011722, end_date=20230718T011723
[2023-07-17 22:17:23,616] {local_task_job.py:156} INFO - Task exited with return code 0
[2023-07-17 22:17:23,720] {local_task_job.py:273} INFO - 0 downstream tasks scheduled from follow-on schedule check
[2023-07-18 11:09:21,831] {taskinstance.py:1159} INFO - Dependencies all met for <TaskInstance: get_stocks_dag.GOOG scheduled__2023-07-04T00:00:00+00:00 [queued]>
[2023-07-18 11:09:21,856] {taskinstance.py:1159} INFO - Dependencies all met for <TaskInstance: get_stocks_dag.GOOG scheduled__2023-07-04T00:00:00+00:00 [queued]>
[2023-07-18 11:09:21,856] {taskinstance.py:1356} INFO - 
--------------------------------------------------------------------------------
[2023-07-18 11:09:21,856] {taskinstance.py:1357} INFO - Starting attempt 1 of 1
[2023-07-18 11:09:21,856] {taskinstance.py:1358} INFO - 
--------------------------------------------------------------------------------
[2023-07-18 11:09:21,885] {taskinstance.py:1377} INFO - Executing <Task(_PythonDecoratedOperator): GOOG> on 2023-07-04 00:00:00+00:00
[2023-07-18 11:09:21,895] {standard_task_runner.py:52} INFO - Started process 27564 to run task
[2023-07-18 11:09:21,902] {standard_task_runner.py:79} INFO - Running: ['airflow', 'tasks', 'run', 'get_stocks_dag', 'GOOG', 'scheduled__2023-07-04T00:00:00+00:00', '--job-id', '1591', '--raw', '--subdir', 'DAGS_FOLDER/get_stocks.py', '--cfg-path', '/tmp/tmpp5k09tvf', '--error-file', '/tmp/tmpdjh8wpar']
[2023-07-18 11:09:21,905] {standard_task_runner.py:80} INFO - Job 1591: Subtask GOOG
[2023-07-18 11:09:22,105] {task_command.py:370} INFO - Running <TaskInstance: get_stocks_dag.GOOG scheduled__2023-07-04T00:00:00+00:00 [running]> on host lucas-Estudos
[2023-07-18 11:09:22,360] {taskinstance.py:1569} INFO - Exporting the following env vars:
AIRFLOW_CTX_DAG_OWNER=airflow
AIRFLOW_CTX_DAG_ID=get_stocks_dag
AIRFLOW_CTX_TASK_ID=GOOG
AIRFLOW_CTX_EXECUTION_DATE=2023-07-04T00:00:00+00:00
AIRFLOW_CTX_TRY_NUMBER=1
AIRFLOW_CTX_DAG_RUN_ID=scheduled__2023-07-04T00:00:00+00:00
[2023-07-18 11:09:22,970] {python.py:173} INFO - Done. Returned value was: None
[2023-07-18 11:09:23,039] {taskinstance.py:1395} INFO - Marking task as SUCCESS. dag_id=get_stocks_dag, task_id=GOOG, execution_date=20230704T000000, start_date=20230718T140921, end_date=20230718T140923
[2023-07-18 11:09:23,117] {local_task_job.py:156} INFO - Task exited with return code 0
[2023-07-18 11:09:23,230] {local_task_job.py:273} INFO - 0 downstream tasks scheduled from follow-on schedule check
