[2023-07-17 22:00:40,083] {taskinstance.py:1159} INFO - Dependencies all met for <TaskInstance: get_crypto_dag.BTC scheduled__2023-05-17T00:00:00+00:00 [queued]>
[2023-07-17 22:00:40,103] {taskinstance.py:1159} INFO - Dependencies all met for <TaskInstance: get_crypto_dag.BTC scheduled__2023-05-17T00:00:00+00:00 [queued]>
[2023-07-17 22:00:40,104] {taskinstance.py:1356} INFO - 
--------------------------------------------------------------------------------
[2023-07-17 22:00:40,104] {taskinstance.py:1357} INFO - Starting attempt 1 of 1
[2023-07-17 22:00:40,104] {taskinstance.py:1358} INFO - 
--------------------------------------------------------------------------------
[2023-07-17 22:00:40,126] {taskinstance.py:1377} INFO - Executing <Task(_PythonDecoratedOperator): BTC> on 2023-05-17 00:00:00+00:00
[2023-07-17 22:00:40,135] {standard_task_runner.py:52} INFO - Started process 59308 to run task
[2023-07-17 22:00:40,142] {standard_task_runner.py:79} INFO - Running: ['airflow', 'tasks', 'run', 'get_crypto_dag', 'BTC', 'scheduled__2023-05-17T00:00:00+00:00', '--job-id', '833', '--raw', '--subdir', 'DAGS_FOLDER/get_crypto.py', '--cfg-path', '/tmp/tmppdprpiwh', '--error-file', '/tmp/tmp2wfj10eq']
[2023-07-17 22:00:40,143] {standard_task_runner.py:80} INFO - Job 833: Subtask BTC
[2023-07-17 22:00:40,251] {task_command.py:370} INFO - Running <TaskInstance: get_crypto_dag.BTC scheduled__2023-05-17T00:00:00+00:00 [running]> on host lucas-Estudos
[2023-07-17 22:00:40,373] {taskinstance.py:1569} INFO - Exporting the following env vars:
AIRFLOW_CTX_DAG_OWNER=airflow
AIRFLOW_CTX_DAG_ID=get_crypto_dag
AIRFLOW_CTX_TASK_ID=BTC
AIRFLOW_CTX_EXECUTION_DATE=2023-05-17T00:00:00+00:00
AIRFLOW_CTX_TRY_NUMBER=1
AIRFLOW_CTX_DAG_RUN_ID=scheduled__2023-05-17T00:00:00+00:00
[2023-07-17 22:00:42,835] {base.py:297} ERROR - BTC: No price data found, symbol may be delisted (1h 2023-05-16 -> 2023-05-17)
[2023-07-17 22:00:42,842] {python.py:173} INFO - Done. Returned value was: None
[2023-07-17 22:00:42,894] {taskinstance.py:1395} INFO - Marking task as SUCCESS. dag_id=get_crypto_dag, task_id=BTC, execution_date=20230517T000000, start_date=20230718T010040, end_date=20230718T010042
[2023-07-17 22:00:42,964] {local_task_job.py:156} INFO - Task exited with return code 0
[2023-07-17 22:00:43,100] {local_task_job.py:273} INFO - 0 downstream tasks scheduled from follow-on schedule check
[2023-07-18 10:33:24,295] {taskinstance.py:1159} INFO - Dependencies all met for <TaskInstance: get_crypto_dag.BTC scheduled__2023-05-17T00:00:00+00:00 [queued]>
[2023-07-18 10:33:24,319] {taskinstance.py:1159} INFO - Dependencies all met for <TaskInstance: get_crypto_dag.BTC scheduled__2023-05-17T00:00:00+00:00 [queued]>
[2023-07-18 10:33:24,319] {taskinstance.py:1356} INFO - 
--------------------------------------------------------------------------------
[2023-07-18 10:33:24,319] {taskinstance.py:1357} INFO - Starting attempt 1 of 1
[2023-07-18 10:33:24,320] {taskinstance.py:1358} INFO - 
--------------------------------------------------------------------------------
[2023-07-18 10:33:24,352] {taskinstance.py:1377} INFO - Executing <Task(_PythonDecoratedOperator): BTC> on 2023-05-17 00:00:00+00:00
[2023-07-18 10:33:24,363] {standard_task_runner.py:52} INFO - Started process 13514 to run task
[2023-07-18 10:33:24,369] {standard_task_runner.py:79} INFO - Running: ['airflow', 'tasks', 'run', 'get_crypto_dag', 'BTC', 'scheduled__2023-05-17T00:00:00+00:00', '--job-id', '1265', '--raw', '--subdir', 'DAGS_FOLDER/get_crypto.py', '--cfg-path', '/tmp/tmpzvxm1vz9', '--error-file', '/tmp/tmpbqe6wj5s']
[2023-07-18 10:33:24,371] {standard_task_runner.py:80} INFO - Job 1265: Subtask BTC
[2023-07-18 10:33:24,564] {task_command.py:370} INFO - Running <TaskInstance: get_crypto_dag.BTC scheduled__2023-05-17T00:00:00+00:00 [running]> on host lucas-Estudos
[2023-07-18 10:33:24,806] {taskinstance.py:1569} INFO - Exporting the following env vars:
AIRFLOW_CTX_DAG_OWNER=airflow
AIRFLOW_CTX_DAG_ID=get_crypto_dag
AIRFLOW_CTX_TASK_ID=BTC
AIRFLOW_CTX_EXECUTION_DATE=2023-05-17T00:00:00+00:00
AIRFLOW_CTX_TRY_NUMBER=1
AIRFLOW_CTX_DAG_RUN_ID=scheduled__2023-05-17T00:00:00+00:00
[2023-07-18 10:33:25,422] {base.py:297} ERROR - BTC: No price data found, symbol may be delisted (1h 2023-05-16 -> 2023-05-17)
[2023-07-18 10:33:25,428] {python.py:173} INFO - Done. Returned value was: None
[2023-07-18 10:33:25,477] {taskinstance.py:1395} INFO - Marking task as SUCCESS. dag_id=get_crypto_dag, task_id=BTC, execution_date=20230517T000000, start_date=20230718T133324, end_date=20230718T133325
[2023-07-18 10:33:25,545] {local_task_job.py:156} INFO - Task exited with return code 0
[2023-07-18 10:33:25,660] {local_task_job.py:273} INFO - 0 downstream tasks scheduled from follow-on schedule check
