[2023-07-17 16:23:20,631] {taskinstance.py:1159} INFO - Dependencies all met for <TaskInstance: get_stocks_dag.AAPL scheduled__2023-06-09T00:00:00+00:00 [queued]>
[2023-07-17 16:23:20,688] {taskinstance.py:1159} INFO - Dependencies all met for <TaskInstance: get_stocks_dag.AAPL scheduled__2023-06-09T00:00:00+00:00 [queued]>
[2023-07-17 16:23:20,689] {taskinstance.py:1356} INFO - 
--------------------------------------------------------------------------------
[2023-07-17 16:23:20,689] {taskinstance.py:1357} INFO - Starting attempt 1 of 1
[2023-07-17 16:23:20,689] {taskinstance.py:1358} INFO - 
--------------------------------------------------------------------------------
[2023-07-17 16:23:20,765] {taskinstance.py:1377} INFO - Executing <Task(_PythonDecoratedOperator): AAPL> on 2023-06-09 00:00:00+00:00
[2023-07-17 16:23:20,810] {standard_task_runner.py:52} INFO - Started process 10050 to run task
[2023-07-17 16:23:20,869] {standard_task_runner.py:79} INFO - Running: ['airflow', 'tasks', 'run', 'get_stocks_dag', 'AAPL', 'scheduled__2023-06-09T00:00:00+00:00', '--job-id', '168', '--raw', '--subdir', 'DAGS_FOLDER/get_stocks.py', '--cfg-path', '/tmp/tmpsprzoc5k', '--error-file', '/tmp/tmpurntxpfp']
[2023-07-17 16:23:20,870] {standard_task_runner.py:80} INFO - Job 168: Subtask AAPL
[2023-07-17 16:23:21,170] {task_command.py:370} INFO - Running <TaskInstance: get_stocks_dag.AAPL scheduled__2023-06-09T00:00:00+00:00 [running]> on host lucas-Estudos
[2023-07-17 16:23:21,567] {taskinstance.py:1569} INFO - Exporting the following env vars:
AIRFLOW_CTX_DAG_OWNER=airflow
AIRFLOW_CTX_DAG_ID=get_stocks_dag
AIRFLOW_CTX_TASK_ID=AAPL
AIRFLOW_CTX_EXECUTION_DATE=2023-06-09T00:00:00+00:00
AIRFLOW_CTX_TRY_NUMBER=1
AIRFLOW_CTX_DAG_RUN_ID=scheduled__2023-06-09T00:00:00+00:00
[2023-07-17 16:23:22,602] {python.py:173} INFO - Done. Returned value was: None
[2023-07-17 16:23:22,757] {taskinstance.py:1395} INFO - Marking task as SUCCESS. dag_id=get_stocks_dag, task_id=AAPL, execution_date=20230609T000000, start_date=20230717T192320, end_date=20230717T192322
[2023-07-17 16:23:22,824] {local_task_job.py:156} INFO - Task exited with return code 0
[2023-07-17 16:23:23,131] {local_task_job.py:273} INFO - 0 downstream tasks scheduled from follow-on schedule check
[2023-07-17 16:54:38,957] {taskinstance.py:1159} INFO - Dependencies all met for <TaskInstance: get_stocks_dag.AAPL scheduled__2023-06-09T00:00:00+00:00 [queued]>
[2023-07-17 16:54:38,976] {taskinstance.py:1159} INFO - Dependencies all met for <TaskInstance: get_stocks_dag.AAPL scheduled__2023-06-09T00:00:00+00:00 [queued]>
[2023-07-17 16:54:38,976] {taskinstance.py:1356} INFO - 
--------------------------------------------------------------------------------
[2023-07-17 16:54:38,976] {taskinstance.py:1357} INFO - Starting attempt 1 of 1
[2023-07-17 16:54:38,976] {taskinstance.py:1358} INFO - 
--------------------------------------------------------------------------------
[2023-07-17 16:54:38,996] {taskinstance.py:1377} INFO - Executing <Task(_PythonDecoratedOperator): AAPL> on 2023-06-09 00:00:00+00:00
[2023-07-17 16:54:39,003] {standard_task_runner.py:52} INFO - Started process 22759 to run task
[2023-07-17 16:54:39,019] {standard_task_runner.py:79} INFO - Running: ['airflow', 'tasks', 'run', 'get_stocks_dag', 'AAPL', 'scheduled__2023-06-09T00:00:00+00:00', '--job-id', '383', '--raw', '--subdir', 'DAGS_FOLDER/get_stocks.py', '--cfg-path', '/tmp/tmp8lghsf9r', '--error-file', '/tmp/tmpl0_86_hp']
[2023-07-17 16:54:39,020] {standard_task_runner.py:80} INFO - Job 383: Subtask AAPL
[2023-07-17 16:54:39,154] {task_command.py:370} INFO - Running <TaskInstance: get_stocks_dag.AAPL scheduled__2023-06-09T00:00:00+00:00 [running]> on host lucas-Estudos
[2023-07-17 16:54:39,335] {taskinstance.py:1569} INFO - Exporting the following env vars:
AIRFLOW_CTX_DAG_OWNER=airflow
AIRFLOW_CTX_DAG_ID=get_stocks_dag
AIRFLOW_CTX_TASK_ID=AAPL
AIRFLOW_CTX_EXECUTION_DATE=2023-06-09T00:00:00+00:00
AIRFLOW_CTX_TRY_NUMBER=1
AIRFLOW_CTX_DAG_RUN_ID=scheduled__2023-06-09T00:00:00+00:00
[2023-07-17 16:54:39,858] {python.py:173} INFO - Done. Returned value was: None
[2023-07-17 16:54:39,973] {taskinstance.py:1395} INFO - Marking task as SUCCESS. dag_id=get_stocks_dag, task_id=AAPL, execution_date=20230609T000000, start_date=20230717T195438, end_date=20230717T195439
[2023-07-17 16:54:40,060] {local_task_job.py:156} INFO - Task exited with return code 0
[2023-07-17 16:54:40,240] {local_task_job.py:273} INFO - 0 downstream tasks scheduled from follow-on schedule check
[2023-07-17 21:03:30,440] {taskinstance.py:1159} INFO - Dependencies all met for <TaskInstance: get_stocks_dag.AAPL scheduled__2023-06-09T00:00:00+00:00 [queued]>
[2023-07-17 21:03:30,451] {taskinstance.py:1159} INFO - Dependencies all met for <TaskInstance: get_stocks_dag.AAPL scheduled__2023-06-09T00:00:00+00:00 [queued]>
[2023-07-17 21:03:30,451] {taskinstance.py:1356} INFO - 
--------------------------------------------------------------------------------
[2023-07-17 21:03:30,451] {taskinstance.py:1357} INFO - Starting attempt 1 of 1
[2023-07-17 21:03:30,451] {taskinstance.py:1358} INFO - 
--------------------------------------------------------------------------------
[2023-07-17 21:03:30,466] {taskinstance.py:1377} INFO - Executing <Task(_PythonDecoratedOperator): AAPL> on 2023-06-09 00:00:00+00:00
[2023-07-17 21:03:30,472] {standard_task_runner.py:52} INFO - Started process 25438 to run task
[2023-07-17 21:03:30,476] {standard_task_runner.py:79} INFO - Running: ['airflow', 'tasks', 'run', 'get_stocks_dag', 'AAPL', 'scheduled__2023-06-09T00:00:00+00:00', '--job-id', '600', '--raw', '--subdir', 'DAGS_FOLDER/get_stocks.py', '--cfg-path', '/tmp/tmp9h32j19a', '--error-file', '/tmp/tmp9zdh9g9w']
[2023-07-17 21:03:30,477] {standard_task_runner.py:80} INFO - Job 600: Subtask AAPL
[2023-07-17 21:03:30,662] {task_command.py:370} INFO - Running <TaskInstance: get_stocks_dag.AAPL scheduled__2023-06-09T00:00:00+00:00 [running]> on host lucas-Estudos
[2023-07-17 21:03:30,885] {taskinstance.py:1569} INFO - Exporting the following env vars:
AIRFLOW_CTX_DAG_OWNER=airflow
AIRFLOW_CTX_DAG_ID=get_stocks_dag
AIRFLOW_CTX_TASK_ID=AAPL
AIRFLOW_CTX_EXECUTION_DATE=2023-06-09T00:00:00+00:00
AIRFLOW_CTX_TRY_NUMBER=1
AIRFLOW_CTX_DAG_RUN_ID=scheduled__2023-06-09T00:00:00+00:00
[2023-07-17 21:03:41,622] {python.py:173} INFO - Done. Returned value was: None
[2023-07-17 21:03:41,679] {taskinstance.py:1395} INFO - Marking task as SUCCESS. dag_id=get_stocks_dag, task_id=AAPL, execution_date=20230609T000000, start_date=20230718T000330, end_date=20230718T000341
[2023-07-17 21:03:41,720] {local_task_job.py:156} INFO - Task exited with return code 0
[2023-07-17 21:03:41,830] {local_task_job.py:273} INFO - 0 downstream tasks scheduled from follow-on schedule check
[2023-07-17 22:07:53,275] {taskinstance.py:1159} INFO - Dependencies all met for <TaskInstance: get_stocks_dag.AAPL scheduled__2023-06-09T00:00:00+00:00 [queued]>
[2023-07-17 22:07:53,305] {taskinstance.py:1159} INFO - Dependencies all met for <TaskInstance: get_stocks_dag.AAPL scheduled__2023-06-09T00:00:00+00:00 [queued]>
[2023-07-17 22:07:53,305] {taskinstance.py:1356} INFO - 
--------------------------------------------------------------------------------
[2023-07-17 22:07:53,305] {taskinstance.py:1357} INFO - Starting attempt 1 of 1
[2023-07-17 22:07:53,305] {taskinstance.py:1358} INFO - 
--------------------------------------------------------------------------------
[2023-07-17 22:07:53,325] {taskinstance.py:1377} INFO - Executing <Task(_PythonDecoratedOperator): AAPL> on 2023-06-09 00:00:00+00:00
[2023-07-17 22:07:53,334] {standard_task_runner.py:52} INFO - Started process 73971 to run task
[2023-07-17 22:07:53,338] {standard_task_runner.py:79} INFO - Running: ['airflow', 'tasks', 'run', 'get_stocks_dag', 'AAPL', 'scheduled__2023-06-09T00:00:00+00:00', '--job-id', '940', '--raw', '--subdir', 'DAGS_FOLDER/get_stocks.py', '--cfg-path', '/tmp/tmp82vl0xn_', '--error-file', '/tmp/tmppvovsvpi']
[2023-07-17 22:07:53,339] {standard_task_runner.py:80} INFO - Job 940: Subtask AAPL
[2023-07-17 22:07:53,433] {task_command.py:370} INFO - Running <TaskInstance: get_stocks_dag.AAPL scheduled__2023-06-09T00:00:00+00:00 [running]> on host lucas-Estudos
[2023-07-17 22:07:53,506] {taskinstance.py:1569} INFO - Exporting the following env vars:
AIRFLOW_CTX_DAG_OWNER=airflow
AIRFLOW_CTX_DAG_ID=get_stocks_dag
AIRFLOW_CTX_TASK_ID=AAPL
AIRFLOW_CTX_EXECUTION_DATE=2023-06-09T00:00:00+00:00
AIRFLOW_CTX_TRY_NUMBER=1
AIRFLOW_CTX_DAG_RUN_ID=scheduled__2023-06-09T00:00:00+00:00
[2023-07-17 22:08:07,164] {python.py:173} INFO - Done. Returned value was: None
[2023-07-17 22:08:07,262] {taskinstance.py:1395} INFO - Marking task as SUCCESS. dag_id=get_stocks_dag, task_id=AAPL, execution_date=20230609T000000, start_date=20230718T010753, end_date=20230718T010807
[2023-07-17 22:08:07,318] {local_task_job.py:156} INFO - Task exited with return code 0
[2023-07-17 22:08:07,430] {local_task_job.py:273} INFO - 0 downstream tasks scheduled from follow-on schedule check
[2023-07-18 10:51:04,806] {taskinstance.py:1159} INFO - Dependencies all met for <TaskInstance: get_stocks_dag.AAPL scheduled__2023-06-09T00:00:00+00:00 [queued]>
[2023-07-18 10:51:04,815] {taskinstance.py:1159} INFO - Dependencies all met for <TaskInstance: get_stocks_dag.AAPL scheduled__2023-06-09T00:00:00+00:00 [queued]>
[2023-07-18 10:51:04,815] {taskinstance.py:1356} INFO - 
--------------------------------------------------------------------------------
[2023-07-18 10:51:04,816] {taskinstance.py:1357} INFO - Starting attempt 1 of 1
[2023-07-18 10:51:04,816] {taskinstance.py:1358} INFO - 
--------------------------------------------------------------------------------
[2023-07-18 10:51:04,828] {taskinstance.py:1377} INFO - Executing <Task(_PythonDecoratedOperator): AAPL> on 2023-06-09 00:00:00+00:00
[2023-07-18 10:51:04,833] {standard_task_runner.py:52} INFO - Started process 19198 to run task
[2023-07-18 10:51:04,837] {standard_task_runner.py:79} INFO - Running: ['airflow', 'tasks', 'run', 'get_stocks_dag', 'AAPL', 'scheduled__2023-06-09T00:00:00+00:00', '--job-id', '1427', '--raw', '--subdir', 'DAGS_FOLDER/get_stocks.py', '--cfg-path', '/tmp/tmpwy24wkvf', '--error-file', '/tmp/tmpfuyqu6qp']
[2023-07-18 10:51:04,838] {standard_task_runner.py:80} INFO - Job 1427: Subtask AAPL
[2023-07-18 10:51:05,008] {task_command.py:370} INFO - Running <TaskInstance: get_stocks_dag.AAPL scheduled__2023-06-09T00:00:00+00:00 [running]> on host lucas-Estudos
[2023-07-18 10:51:05,227] {taskinstance.py:1569} INFO - Exporting the following env vars:
AIRFLOW_CTX_DAG_OWNER=airflow
AIRFLOW_CTX_DAG_ID=get_stocks_dag
AIRFLOW_CTX_TASK_ID=AAPL
AIRFLOW_CTX_EXECUTION_DATE=2023-06-09T00:00:00+00:00
AIRFLOW_CTX_TRY_NUMBER=1
AIRFLOW_CTX_DAG_RUN_ID=scheduled__2023-06-09T00:00:00+00:00
[2023-07-18 10:51:05,770] {python.py:173} INFO - Done. Returned value was: None
[2023-07-18 10:51:05,786] {taskinstance.py:1395} INFO - Marking task as SUCCESS. dag_id=get_stocks_dag, task_id=AAPL, execution_date=20230609T000000, start_date=20230718T135104, end_date=20230718T135105
[2023-07-18 10:51:05,812] {local_task_job.py:156} INFO - Task exited with return code 0
[2023-07-18 10:51:06,021] {local_task_job.py:273} INFO - 0 downstream tasks scheduled from follow-on schedule check
