[2023-07-17 21:52:31,225] {taskinstance.py:1159} INFO - Dependencies all met for <TaskInstance: get_crypto_dag.ETH scheduled__2023-05-01T00:00:00+00:00 [queued]>
[2023-07-17 21:52:31,247] {taskinstance.py:1159} INFO - Dependencies all met for <TaskInstance: get_crypto_dag.ETH scheduled__2023-05-01T00:00:00+00:00 [queued]>
[2023-07-17 21:52:31,248] {taskinstance.py:1356} INFO - 
--------------------------------------------------------------------------------
[2023-07-17 21:52:31,248] {taskinstance.py:1357} INFO - Starting attempt 1 of 1
[2023-07-17 21:52:31,248] {taskinstance.py:1358} INFO - 
--------------------------------------------------------------------------------
[2023-07-17 21:52:31,279] {taskinstance.py:1377} INFO - Executing <Task(_PythonDecoratedOperator): ETH> on 2023-05-01 00:00:00+00:00
[2023-07-17 21:52:31,287] {standard_task_runner.py:52} INFO - Started process 42792 to run task
[2023-07-17 21:52:31,293] {standard_task_runner.py:79} INFO - Running: ['airflow', 'tasks', 'run', 'get_crypto_dag', 'ETH', 'scheduled__2023-05-01T00:00:00+00:00', '--job-id', '713', '--raw', '--subdir', 'DAGS_FOLDER/get_crypto.py', '--cfg-path', '/tmp/tmpye4ff6e_', '--error-file', '/tmp/tmpf_zp62r7']
[2023-07-17 21:52:31,295] {standard_task_runner.py:80} INFO - Job 713: Subtask ETH
[2023-07-17 21:52:31,403] {task_command.py:370} INFO - Running <TaskInstance: get_crypto_dag.ETH scheduled__2023-05-01T00:00:00+00:00 [running]> on host lucas-Estudos
[2023-07-17 21:52:31,519] {taskinstance.py:1569} INFO - Exporting the following env vars:
AIRFLOW_CTX_DAG_OWNER=airflow
AIRFLOW_CTX_DAG_ID=get_crypto_dag
AIRFLOW_CTX_TASK_ID=ETH
AIRFLOW_CTX_EXECUTION_DATE=2023-05-01T00:00:00+00:00
AIRFLOW_CTX_TRY_NUMBER=1
AIRFLOW_CTX_DAG_RUN_ID=scheduled__2023-05-01T00:00:00+00:00
[2023-07-17 21:52:31,925] {base.py:162} ERROR - ETH: No timezone found, symbol may be delisted
[2023-07-17 21:52:31,933] {python.py:173} INFO - Done. Returned value was: None
[2023-07-17 21:52:31,991] {taskinstance.py:1395} INFO - Marking task as SUCCESS. dag_id=get_crypto_dag, task_id=ETH, execution_date=20230501T000000, start_date=20230718T005231, end_date=20230718T005231
[2023-07-17 21:52:32,071] {local_task_job.py:156} INFO - Task exited with return code 0
[2023-07-17 21:52:32,233] {local_task_job.py:273} INFO - 0 downstream tasks scheduled from follow-on schedule check
[2023-07-18 10:21:37,159] {taskinstance.py:1159} INFO - Dependencies all met for <TaskInstance: get_crypto_dag.ETH scheduled__2023-05-01T00:00:00+00:00 [queued]>
[2023-07-18 10:21:37,190] {taskinstance.py:1159} INFO - Dependencies all met for <TaskInstance: get_crypto_dag.ETH scheduled__2023-05-01T00:00:00+00:00 [queued]>
[2023-07-18 10:21:37,190] {taskinstance.py:1356} INFO - 
--------------------------------------------------------------------------------
[2023-07-18 10:21:37,190] {taskinstance.py:1357} INFO - Starting attempt 1 of 1
[2023-07-18 10:21:37,190] {taskinstance.py:1358} INFO - 
--------------------------------------------------------------------------------
[2023-07-18 10:21:37,228] {taskinstance.py:1377} INFO - Executing <Task(_PythonDecoratedOperator): ETH> on 2023-05-01 00:00:00+00:00
[2023-07-18 10:21:37,242] {standard_task_runner.py:52} INFO - Started process 9984 to run task
[2023-07-18 10:21:37,251] {standard_task_runner.py:79} INFO - Running: ['airflow', 'tasks', 'run', 'get_crypto_dag', 'ETH', 'scheduled__2023-05-01T00:00:00+00:00', '--job-id', '1156', '--raw', '--subdir', 'DAGS_FOLDER/get_crypto.py', '--cfg-path', '/tmp/tmptxincne0', '--error-file', '/tmp/tmpg8pq68sw']
[2023-07-18 10:21:37,253] {standard_task_runner.py:80} INFO - Job 1156: Subtask ETH
[2023-07-18 10:21:37,421] {task_command.py:370} INFO - Running <TaskInstance: get_crypto_dag.ETH scheduled__2023-05-01T00:00:00+00:00 [running]> on host lucas-Estudos
[2023-07-18 10:21:37,627] {taskinstance.py:1569} INFO - Exporting the following env vars:
AIRFLOW_CTX_DAG_OWNER=airflow
AIRFLOW_CTX_DAG_ID=get_crypto_dag
AIRFLOW_CTX_TASK_ID=ETH
AIRFLOW_CTX_EXECUTION_DATE=2023-05-01T00:00:00+00:00
AIRFLOW_CTX_TRY_NUMBER=1
AIRFLOW_CTX_DAG_RUN_ID=scheduled__2023-05-01T00:00:00+00:00
[2023-07-18 10:21:44,265] {base.py:162} ERROR - ETH: No timezone found, symbol may be delisted
[2023-07-18 10:21:44,271] {python.py:173} INFO - Done. Returned value was: None
[2023-07-18 10:21:44,311] {taskinstance.py:1395} INFO - Marking task as SUCCESS. dag_id=get_crypto_dag, task_id=ETH, execution_date=20230501T000000, start_date=20230718T132137, end_date=20230718T132144
[2023-07-18 10:21:44,358] {local_task_job.py:156} INFO - Task exited with return code 0
[2023-07-18 10:21:44,406] {local_task_job.py:273} INFO - 0 downstream tasks scheduled from follow-on schedule check
