[2023-07-17 22:20:48,472] {taskinstance.py:1159} INFO - Dependencies all met for <TaskInstance: get_crypto_dag.AVAX scheduled__2023-06-23T00:00:00+00:00 [queued]>
[2023-07-17 22:20:48,504] {taskinstance.py:1159} INFO - Dependencies all met for <TaskInstance: get_crypto_dag.AVAX scheduled__2023-06-23T00:00:00+00:00 [queued]>
[2023-07-17 22:20:48,505] {taskinstance.py:1356} INFO - 
--------------------------------------------------------------------------------
[2023-07-17 22:20:48,505] {taskinstance.py:1357} INFO - Starting attempt 1 of 1
[2023-07-17 22:20:48,505] {taskinstance.py:1358} INFO - 
--------------------------------------------------------------------------------
[2023-07-17 22:20:48,534] {taskinstance.py:1377} INFO - Executing <Task(_PythonDecoratedOperator): AVAX> on 2023-06-23 00:00:00+00:00
[2023-07-17 22:20:48,543] {standard_task_runner.py:52} INFO - Started process 100139 to run task
[2023-07-17 22:20:48,548] {standard_task_runner.py:79} INFO - Running: ['airflow', 'tasks', 'run', 'get_crypto_dag', 'AVAX', 'scheduled__2023-06-23T00:00:00+00:00', '--job-id', '1131', '--raw', '--subdir', 'DAGS_FOLDER/get_crypto.py', '--cfg-path', '/tmp/tmphoyjqfue', '--error-file', '/tmp/tmpl7up2mey']
[2023-07-17 22:20:48,549] {standard_task_runner.py:80} INFO - Job 1131: Subtask AVAX
[2023-07-17 22:20:48,604] {task_command.py:370} INFO - Running <TaskInstance: get_crypto_dag.AVAX scheduled__2023-06-23T00:00:00+00:00 [running]> on host lucas-Estudos
[2023-07-17 22:20:48,665] {taskinstance.py:1569} INFO - Exporting the following env vars:
AIRFLOW_CTX_DAG_OWNER=airflow
AIRFLOW_CTX_DAG_ID=get_crypto_dag
AIRFLOW_CTX_TASK_ID=AVAX
AIRFLOW_CTX_EXECUTION_DATE=2023-06-23T00:00:00+00:00
AIRFLOW_CTX_TRY_NUMBER=1
AIRFLOW_CTX_DAG_RUN_ID=scheduled__2023-06-23T00:00:00+00:00
[2023-07-17 22:20:51,344] {base.py:162} ERROR - AVAX: No timezone found, symbol may be delisted
[2023-07-17 22:20:51,359] {python.py:173} INFO - Done. Returned value was: None
[2023-07-17 22:20:51,398] {taskinstance.py:1395} INFO - Marking task as SUCCESS. dag_id=get_crypto_dag, task_id=AVAX, execution_date=20230623T000000, start_date=20230718T012048, end_date=20230718T012051
[2023-07-17 22:20:51,452] {local_task_job.py:156} INFO - Task exited with return code 0
[2023-07-17 22:20:51,484] {local_task_job.py:273} INFO - 0 downstream tasks scheduled from follow-on schedule check
[2023-07-18 11:01:38,567] {taskinstance.py:1159} INFO - Dependencies all met for <TaskInstance: get_crypto_dag.AVAX scheduled__2023-06-23T00:00:00+00:00 [queued]>
[2023-07-18 11:01:38,598] {taskinstance.py:1159} INFO - Dependencies all met for <TaskInstance: get_crypto_dag.AVAX scheduled__2023-06-23T00:00:00+00:00 [queued]>
[2023-07-18 11:01:38,598] {taskinstance.py:1356} INFO - 
--------------------------------------------------------------------------------
[2023-07-18 11:01:38,598] {taskinstance.py:1357} INFO - Starting attempt 1 of 1
[2023-07-18 11:01:38,599] {taskinstance.py:1358} INFO - 
--------------------------------------------------------------------------------
[2023-07-18 11:01:38,628] {taskinstance.py:1377} INFO - Executing <Task(_PythonDecoratedOperator): AVAX> on 2023-06-23 00:00:00+00:00
[2023-07-18 11:01:38,639] {standard_task_runner.py:52} INFO - Started process 25344 to run task
[2023-07-18 11:01:38,646] {standard_task_runner.py:79} INFO - Running: ['airflow', 'tasks', 'run', 'get_crypto_dag', 'AVAX', 'scheduled__2023-06-23T00:00:00+00:00', '--job-id', '1521', '--raw', '--subdir', 'DAGS_FOLDER/get_crypto.py', '--cfg-path', '/tmp/tmptzyqua2s', '--error-file', '/tmp/tmp1gap4tot']
[2023-07-18 11:01:38,648] {standard_task_runner.py:80} INFO - Job 1521: Subtask AVAX
[2023-07-18 11:01:38,843] {task_command.py:370} INFO - Running <TaskInstance: get_crypto_dag.AVAX scheduled__2023-06-23T00:00:00+00:00 [running]> on host lucas-Estudos
[2023-07-18 11:01:39,061] {taskinstance.py:1569} INFO - Exporting the following env vars:
AIRFLOW_CTX_DAG_OWNER=airflow
AIRFLOW_CTX_DAG_ID=get_crypto_dag
AIRFLOW_CTX_TASK_ID=AVAX
AIRFLOW_CTX_EXECUTION_DATE=2023-06-23T00:00:00+00:00
AIRFLOW_CTX_TRY_NUMBER=1
AIRFLOW_CTX_DAG_RUN_ID=scheduled__2023-06-23T00:00:00+00:00
[2023-07-18 11:01:40,593] {base.py:162} ERROR - AVAX: No timezone found, symbol may be delisted
[2023-07-18 11:01:40,595] {python.py:173} INFO - Done. Returned value was: None
[2023-07-18 11:01:40,611] {taskinstance.py:1395} INFO - Marking task as SUCCESS. dag_id=get_crypto_dag, task_id=AVAX, execution_date=20230623T000000, start_date=20230718T140138, end_date=20230718T140140
[2023-07-18 11:01:40,665] {local_task_job.py:156} INFO - Task exited with return code 0
[2023-07-18 11:01:40,765] {local_task_job.py:273} INFO - 0 downstream tasks scheduled from follow-on schedule check
