[2023-07-17 21:59:40,170] {taskinstance.py:1159} INFO - Dependencies all met for <TaskInstance: get_crypto_dag.BTC scheduled__2023-05-15T00:00:00+00:00 [queued]>
[2023-07-17 21:59:40,202] {taskinstance.py:1159} INFO - Dependencies all met for <TaskInstance: get_crypto_dag.BTC scheduled__2023-05-15T00:00:00+00:00 [queued]>
[2023-07-17 21:59:40,202] {taskinstance.py:1356} INFO - 
--------------------------------------------------------------------------------
[2023-07-17 21:59:40,203] {taskinstance.py:1357} INFO - Starting attempt 1 of 1
[2023-07-17 21:59:40,203] {taskinstance.py:1358} INFO - 
--------------------------------------------------------------------------------
[2023-07-17 21:59:40,241] {taskinstance.py:1377} INFO - Executing <Task(_PythonDecoratedOperator): BTC> on 2023-05-15 00:00:00+00:00
[2023-07-17 21:59:40,250] {standard_task_runner.py:52} INFO - Started process 57265 to run task
[2023-07-17 21:59:40,254] {standard_task_runner.py:79} INFO - Running: ['airflow', 'tasks', 'run', 'get_crypto_dag', 'BTC', 'scheduled__2023-05-15T00:00:00+00:00', '--job-id', '817', '--raw', '--subdir', 'DAGS_FOLDER/get_crypto.py', '--cfg-path', '/tmp/tmpy95yt4c4', '--error-file', '/tmp/tmp_7h03jfi']
[2023-07-17 21:59:40,255] {standard_task_runner.py:80} INFO - Job 817: Subtask BTC
[2023-07-17 21:59:40,359] {task_command.py:370} INFO - Running <TaskInstance: get_crypto_dag.BTC scheduled__2023-05-15T00:00:00+00:00 [running]> on host lucas-Estudos
[2023-07-17 21:59:40,460] {taskinstance.py:1569} INFO - Exporting the following env vars:
AIRFLOW_CTX_DAG_OWNER=airflow
AIRFLOW_CTX_DAG_ID=get_crypto_dag
AIRFLOW_CTX_TASK_ID=BTC
AIRFLOW_CTX_EXECUTION_DATE=2023-05-15T00:00:00+00:00
AIRFLOW_CTX_TRY_NUMBER=1
AIRFLOW_CTX_DAG_RUN_ID=scheduled__2023-05-15T00:00:00+00:00
[2023-07-17 21:59:41,041] {base.py:297} ERROR - BTC: No price data found, symbol may be delisted (1h 2023-05-14 -> 2023-05-15)
[2023-07-17 21:59:41,049] {python.py:173} INFO - Done. Returned value was: None
[2023-07-17 21:59:41,101] {taskinstance.py:1395} INFO - Marking task as SUCCESS. dag_id=get_crypto_dag, task_id=BTC, execution_date=20230515T000000, start_date=20230718T005940, end_date=20230718T005941
[2023-07-17 21:59:41,149] {local_task_job.py:156} INFO - Task exited with return code 0
[2023-07-17 21:59:41,289] {local_task_job.py:273} INFO - 0 downstream tasks scheduled from follow-on schedule check
[2023-07-18 10:31:40,321] {taskinstance.py:1159} INFO - Dependencies all met for <TaskInstance: get_crypto_dag.BTC scheduled__2023-05-15T00:00:00+00:00 [queued]>
[2023-07-18 10:31:40,344] {taskinstance.py:1159} INFO - Dependencies all met for <TaskInstance: get_crypto_dag.BTC scheduled__2023-05-15T00:00:00+00:00 [queued]>
[2023-07-18 10:31:40,345] {taskinstance.py:1356} INFO - 
--------------------------------------------------------------------------------
[2023-07-18 10:31:40,345] {taskinstance.py:1357} INFO - Starting attempt 1 of 1
[2023-07-18 10:31:40,345] {taskinstance.py:1358} INFO - 
--------------------------------------------------------------------------------
[2023-07-18 10:31:40,376] {taskinstance.py:1377} INFO - Executing <Task(_PythonDecoratedOperator): BTC> on 2023-05-15 00:00:00+00:00
[2023-07-18 10:31:40,386] {standard_task_runner.py:52} INFO - Started process 13038 to run task
[2023-07-18 10:31:40,393] {standard_task_runner.py:79} INFO - Running: ['airflow', 'tasks', 'run', 'get_crypto_dag', 'BTC', 'scheduled__2023-05-15T00:00:00+00:00', '--job-id', '1249', '--raw', '--subdir', 'DAGS_FOLDER/get_crypto.py', '--cfg-path', '/tmp/tmp66aoo4wi', '--error-file', '/tmp/tmpoxaegsht']
[2023-07-18 10:31:40,396] {standard_task_runner.py:80} INFO - Job 1249: Subtask BTC
[2023-07-18 10:31:40,585] {task_command.py:370} INFO - Running <TaskInstance: get_crypto_dag.BTC scheduled__2023-05-15T00:00:00+00:00 [running]> on host lucas-Estudos
[2023-07-18 10:31:40,828] {taskinstance.py:1569} INFO - Exporting the following env vars:
AIRFLOW_CTX_DAG_OWNER=airflow
AIRFLOW_CTX_DAG_ID=get_crypto_dag
AIRFLOW_CTX_TASK_ID=BTC
AIRFLOW_CTX_EXECUTION_DATE=2023-05-15T00:00:00+00:00
AIRFLOW_CTX_TRY_NUMBER=1
AIRFLOW_CTX_DAG_RUN_ID=scheduled__2023-05-15T00:00:00+00:00
[2023-07-18 10:31:43,444] {base.py:297} ERROR - BTC: No price data found, symbol may be delisted (1h 2023-05-14 -> 2023-05-15)
[2023-07-18 10:31:43,450] {python.py:173} INFO - Done. Returned value was: None
[2023-07-18 10:31:43,495] {taskinstance.py:1395} INFO - Marking task as SUCCESS. dag_id=get_crypto_dag, task_id=BTC, execution_date=20230515T000000, start_date=20230718T133140, end_date=20230718T133143
[2023-07-18 10:31:43,535] {local_task_job.py:156} INFO - Task exited with return code 0
[2023-07-18 10:31:43,647] {local_task_job.py:273} INFO - 0 downstream tasks scheduled from follow-on schedule check
