[2023-07-17 21:10:27,944] {taskinstance.py:1159} INFO - Dependencies all met for <TaskInstance: get_stocks_dag.MSFT scheduled__2023-07-15T00:00:00+00:00 [queued]>
[2023-07-17 21:10:27,952] {taskinstance.py:1159} INFO - Dependencies all met for <TaskInstance: get_stocks_dag.MSFT scheduled__2023-07-15T00:00:00+00:00 [queued]>
[2023-07-17 21:10:27,952] {taskinstance.py:1356} INFO - 
--------------------------------------------------------------------------------
[2023-07-17 21:10:27,952] {taskinstance.py:1357} INFO - Starting attempt 1 of 1
[2023-07-17 21:10:27,952] {taskinstance.py:1358} INFO - 
--------------------------------------------------------------------------------
[2023-07-17 21:10:27,961] {taskinstance.py:1377} INFO - Executing <Task(_PythonDecoratedOperator): MSFT> on 2023-07-15 00:00:00+00:00
[2023-07-17 21:10:27,966] {standard_task_runner.py:52} INFO - Started process 38785 to run task
[2023-07-17 21:10:27,968] {standard_task_runner.py:79} INFO - Running: ['airflow', 'tasks', 'run', 'get_stocks_dag', 'MSFT', 'scheduled__2023-07-15T00:00:00+00:00', '--job-id', '705', '--raw', '--subdir', 'DAGS_FOLDER/get_stocks.py', '--cfg-path', '/tmp/tmposf8m0y3', '--error-file', '/tmp/tmphnrsk78e']
[2023-07-17 21:10:27,969] {standard_task_runner.py:80} INFO - Job 705: Subtask MSFT
[2023-07-17 21:10:28,108] {task_command.py:370} INFO - Running <TaskInstance: get_stocks_dag.MSFT scheduled__2023-07-15T00:00:00+00:00 [running]> on host lucas-Estudos
[2023-07-17 21:10:28,338] {taskinstance.py:1569} INFO - Exporting the following env vars:
AIRFLOW_CTX_DAG_OWNER=airflow
AIRFLOW_CTX_DAG_ID=get_stocks_dag
AIRFLOW_CTX_TASK_ID=MSFT
AIRFLOW_CTX_EXECUTION_DATE=2023-07-15T00:00:00+00:00
AIRFLOW_CTX_TRY_NUMBER=1
AIRFLOW_CTX_DAG_RUN_ID=scheduled__2023-07-15T00:00:00+00:00
[2023-07-17 21:10:32,114] {python.py:173} INFO - Done. Returned value was: None
[2023-07-17 21:10:32,167] {taskinstance.py:1395} INFO - Marking task as SUCCESS. dag_id=get_stocks_dag, task_id=MSFT, execution_date=20230715T000000, start_date=20230718T001027, end_date=20230718T001032
[2023-07-17 21:10:32,236] {local_task_job.py:156} INFO - Task exited with return code 0
[2023-07-17 21:10:32,357] {local_task_job.py:273} INFO - 0 downstream tasks scheduled from follow-on schedule check
[2023-07-17 22:22:41,291] {taskinstance.py:1159} INFO - Dependencies all met for <TaskInstance: get_stocks_dag.MSFT scheduled__2023-07-15T00:00:00+00:00 [queued]>
[2023-07-17 22:22:41,334] {taskinstance.py:1159} INFO - Dependencies all met for <TaskInstance: get_stocks_dag.MSFT scheduled__2023-07-15T00:00:00+00:00 [queued]>
[2023-07-17 22:22:41,348] {taskinstance.py:1356} INFO - 
--------------------------------------------------------------------------------
[2023-07-17 22:22:41,348] {taskinstance.py:1357} INFO - Starting attempt 1 of 1
[2023-07-17 22:22:41,348] {taskinstance.py:1358} INFO - 
--------------------------------------------------------------------------------
[2023-07-17 22:22:41,382] {taskinstance.py:1377} INFO - Executing <Task(_PythonDecoratedOperator): MSFT> on 2023-07-15 00:00:00+00:00
[2023-07-17 22:22:41,396] {standard_task_runner.py:52} INFO - Started process 102983 to run task
[2023-07-17 22:22:41,412] {standard_task_runner.py:79} INFO - Running: ['airflow', 'tasks', 'run', 'get_stocks_dag', 'MSFT', 'scheduled__2023-07-15T00:00:00+00:00', '--job-id', '1150', '--raw', '--subdir', 'DAGS_FOLDER/get_stocks.py', '--cfg-path', '/tmp/tmpoi5dhezk', '--error-file', '/tmp/tmp26n1nk6z']
[2023-07-17 22:22:41,421] {standard_task_runner.py:80} INFO - Job 1150: Subtask MSFT
[2023-07-17 22:22:41,635] {task_command.py:370} INFO - Running <TaskInstance: get_stocks_dag.MSFT scheduled__2023-07-15T00:00:00+00:00 [running]> on host lucas-Estudos
[2023-07-17 22:22:42,596] {taskinstance.py:1569} INFO - Exporting the following env vars:
AIRFLOW_CTX_DAG_OWNER=airflow
AIRFLOW_CTX_DAG_ID=get_stocks_dag
AIRFLOW_CTX_TASK_ID=MSFT
AIRFLOW_CTX_EXECUTION_DATE=2023-07-15T00:00:00+00:00
AIRFLOW_CTX_TRY_NUMBER=1
AIRFLOW_CTX_DAG_RUN_ID=scheduled__2023-07-15T00:00:00+00:00
[2023-07-17 22:22:50,035] {python.py:173} INFO - Done. Returned value was: None
[2023-07-17 22:22:50,533] {taskinstance.py:1395} INFO - Marking task as SUCCESS. dag_id=get_stocks_dag, task_id=MSFT, execution_date=20230715T000000, start_date=20230718T012241, end_date=20230718T012250
[2023-07-17 22:22:50,604] {local_task_job.py:156} INFO - Task exited with return code 0
[2023-07-17 22:22:50,738] {local_task_job.py:273} INFO - 0 downstream tasks scheduled from follow-on schedule check
