[2023-07-18 11:06:23,386] {taskinstance.py:1159} INFO - Dependencies all met for <TaskInstance: get_crypto_dag.AVAX scheduled__2023-06-29T00:00:00+00:00 [queued]>
[2023-07-18 11:06:23,408] {taskinstance.py:1159} INFO - Dependencies all met for <TaskInstance: get_crypto_dag.AVAX scheduled__2023-06-29T00:00:00+00:00 [queued]>
[2023-07-18 11:06:23,408] {taskinstance.py:1356} INFO - 
--------------------------------------------------------------------------------
[2023-07-18 11:06:23,408] {taskinstance.py:1357} INFO - Starting attempt 1 of 1
[2023-07-18 11:06:23,408] {taskinstance.py:1358} INFO - 
--------------------------------------------------------------------------------
[2023-07-18 11:06:23,434] {taskinstance.py:1377} INFO - Executing <Task(_PythonDecoratedOperator): AVAX> on 2023-06-29 00:00:00+00:00
[2023-07-18 11:06:23,444] {standard_task_runner.py:52} INFO - Started process 26684 to run task
[2023-07-18 11:06:23,450] {standard_task_runner.py:79} INFO - Running: ['airflow', 'tasks', 'run', 'get_crypto_dag', 'AVAX', 'scheduled__2023-06-29T00:00:00+00:00', '--job-id', '1563', '--raw', '--subdir', 'DAGS_FOLDER/get_crypto.py', '--cfg-path', '/tmp/tmpzqbboiff', '--error-file', '/tmp/tmp2gfyt1ye']
[2023-07-18 11:06:23,452] {standard_task_runner.py:80} INFO - Job 1563: Subtask AVAX
[2023-07-18 11:06:23,627] {task_command.py:370} INFO - Running <TaskInstance: get_crypto_dag.AVAX scheduled__2023-06-29T00:00:00+00:00 [running]> on host lucas-Estudos
[2023-07-18 11:06:23,824] {taskinstance.py:1569} INFO - Exporting the following env vars:
AIRFLOW_CTX_DAG_OWNER=airflow
AIRFLOW_CTX_DAG_ID=get_crypto_dag
AIRFLOW_CTX_TASK_ID=AVAX
AIRFLOW_CTX_EXECUTION_DATE=2023-06-29T00:00:00+00:00
AIRFLOW_CTX_TRY_NUMBER=1
AIRFLOW_CTX_DAG_RUN_ID=scheduled__2023-06-29T00:00:00+00:00
[2023-07-18 11:06:24,342] {base.py:162} ERROR - AVAX: No timezone found, symbol may be delisted
[2023-07-18 11:06:24,349] {python.py:173} INFO - Done. Returned value was: None
[2023-07-18 11:06:24,399] {taskinstance.py:1395} INFO - Marking task as SUCCESS. dag_id=get_crypto_dag, task_id=AVAX, execution_date=20230629T000000, start_date=20230718T140623, end_date=20230718T140624
[2023-07-18 11:06:24,465] {local_task_job.py:156} INFO - Task exited with return code 0
[2023-07-18 11:06:24,569] {local_task_job.py:273} INFO - 0 downstream tasks scheduled from follow-on schedule check
