[2023-07-17 22:00:35,933] {taskinstance.py:1159} INFO - Dependencies all met for <TaskInstance: get_crypto_dag.ETH scheduled__2023-05-16T00:00:00+00:00 [queued]>
[2023-07-17 22:00:35,945] {taskinstance.py:1159} INFO - Dependencies all met for <TaskInstance: get_crypto_dag.ETH scheduled__2023-05-16T00:00:00+00:00 [queued]>
[2023-07-17 22:00:35,945] {taskinstance.py:1356} INFO - 
--------------------------------------------------------------------------------
[2023-07-17 22:00:35,945] {taskinstance.py:1357} INFO - Starting attempt 1 of 1
[2023-07-17 22:00:35,945] {taskinstance.py:1358} INFO - 
--------------------------------------------------------------------------------
[2023-07-17 22:00:35,959] {taskinstance.py:1377} INFO - Executing <Task(_PythonDecoratedOperator): ETH> on 2023-05-16 00:00:00+00:00
[2023-07-17 22:00:35,968] {standard_task_runner.py:52} INFO - Started process 59132 to run task
[2023-07-17 22:00:35,970] {standard_task_runner.py:79} INFO - Running: ['airflow', 'tasks', 'run', 'get_crypto_dag', 'ETH', 'scheduled__2023-05-16T00:00:00+00:00', '--job-id', '832', '--raw', '--subdir', 'DAGS_FOLDER/get_crypto.py', '--cfg-path', '/tmp/tmpm_6r6ifd', '--error-file', '/tmp/tmpl0vcuzk0']
[2023-07-17 22:00:35,971] {standard_task_runner.py:80} INFO - Job 832: Subtask ETH
[2023-07-17 22:00:36,051] {task_command.py:370} INFO - Running <TaskInstance: get_crypto_dag.ETH scheduled__2023-05-16T00:00:00+00:00 [running]> on host lucas-Estudos
[2023-07-17 22:00:36,180] {taskinstance.py:1569} INFO - Exporting the following env vars:
AIRFLOW_CTX_DAG_OWNER=airflow
AIRFLOW_CTX_DAG_ID=get_crypto_dag
AIRFLOW_CTX_TASK_ID=ETH
AIRFLOW_CTX_EXECUTION_DATE=2023-05-16T00:00:00+00:00
AIRFLOW_CTX_TRY_NUMBER=1
AIRFLOW_CTX_DAG_RUN_ID=scheduled__2023-05-16T00:00:00+00:00
[2023-07-17 22:00:38,892] {base.py:162} ERROR - ETH: No timezone found, symbol may be delisted
[2023-07-17 22:00:38,894] {python.py:173} INFO - Done. Returned value was: None
[2023-07-17 22:00:38,913] {taskinstance.py:1395} INFO - Marking task as SUCCESS. dag_id=get_crypto_dag, task_id=ETH, execution_date=20230516T000000, start_date=20230718T010035, end_date=20230718T010038
[2023-07-17 22:00:38,954] {local_task_job.py:156} INFO - Task exited with return code 0
[2023-07-17 22:00:39,086] {local_task_job.py:273} INFO - 0 downstream tasks scheduled from follow-on schedule check
[2023-07-18 10:32:38,406] {taskinstance.py:1159} INFO - Dependencies all met for <TaskInstance: get_crypto_dag.ETH scheduled__2023-05-16T00:00:00+00:00 [queued]>
[2023-07-18 10:32:38,421] {taskinstance.py:1159} INFO - Dependencies all met for <TaskInstance: get_crypto_dag.ETH scheduled__2023-05-16T00:00:00+00:00 [queued]>
[2023-07-18 10:32:38,421] {taskinstance.py:1356} INFO - 
--------------------------------------------------------------------------------
[2023-07-18 10:32:38,421] {taskinstance.py:1357} INFO - Starting attempt 1 of 1
[2023-07-18 10:32:38,421] {taskinstance.py:1358} INFO - 
--------------------------------------------------------------------------------
[2023-07-18 10:32:38,433] {taskinstance.py:1377} INFO - Executing <Task(_PythonDecoratedOperator): ETH> on 2023-05-16 00:00:00+00:00
[2023-07-18 10:32:38,437] {standard_task_runner.py:52} INFO - Started process 13321 to run task
[2023-07-18 10:32:38,440] {standard_task_runner.py:79} INFO - Running: ['airflow', 'tasks', 'run', 'get_crypto_dag', 'ETH', 'scheduled__2023-05-16T00:00:00+00:00', '--job-id', '1258', '--raw', '--subdir', 'DAGS_FOLDER/get_crypto.py', '--cfg-path', '/tmp/tmpotzb2r7n', '--error-file', '/tmp/tmp34l2hab4']
[2023-07-18 10:32:38,441] {standard_task_runner.py:80} INFO - Job 1258: Subtask ETH
[2023-07-18 10:32:38,504] {task_command.py:370} INFO - Running <TaskInstance: get_crypto_dag.ETH scheduled__2023-05-16T00:00:00+00:00 [running]> on host lucas-Estudos
[2023-07-18 10:32:38,580] {taskinstance.py:1569} INFO - Exporting the following env vars:
AIRFLOW_CTX_DAG_OWNER=airflow
AIRFLOW_CTX_DAG_ID=get_crypto_dag
AIRFLOW_CTX_TASK_ID=ETH
AIRFLOW_CTX_EXECUTION_DATE=2023-05-16T00:00:00+00:00
AIRFLOW_CTX_TRY_NUMBER=1
AIRFLOW_CTX_DAG_RUN_ID=scheduled__2023-05-16T00:00:00+00:00
[2023-07-18 10:32:39,116] {base.py:162} ERROR - ETH: No timezone found, symbol may be delisted
[2023-07-18 10:32:39,130] {python.py:173} INFO - Done. Returned value was: None
[2023-07-18 10:32:39,212] {taskinstance.py:1395} INFO - Marking task as SUCCESS. dag_id=get_crypto_dag, task_id=ETH, execution_date=20230516T000000, start_date=20230718T133238, end_date=20230718T133239
[2023-07-18 10:32:39,254] {local_task_job.py:156} INFO - Task exited with return code 0
[2023-07-18 10:32:39,377] {local_task_job.py:273} INFO - 0 downstream tasks scheduled from follow-on schedule check
