[2023-07-17 22:03:51,621] {taskinstance.py:1159} INFO - Dependencies all met for <TaskInstance: get_crypto_dag.AVAX scheduled__2023-05-23T00:00:00+00:00 [queued]>
[2023-07-17 22:03:51,653] {taskinstance.py:1159} INFO - Dependencies all met for <TaskInstance: get_crypto_dag.AVAX scheduled__2023-05-23T00:00:00+00:00 [queued]>
[2023-07-17 22:03:51,654] {taskinstance.py:1356} INFO - 
--------------------------------------------------------------------------------
[2023-07-17 22:03:51,654] {taskinstance.py:1357} INFO - Starting attempt 1 of 1
[2023-07-17 22:03:51,654] {taskinstance.py:1358} INFO - 
--------------------------------------------------------------------------------
[2023-07-17 22:03:51,682] {taskinstance.py:1377} INFO - Executing <Task(_PythonDecoratedOperator): AVAX> on 2023-05-23 00:00:00+00:00
[2023-07-17 22:03:51,693] {standard_task_runner.py:52} INFO - Started process 65823 to run task
[2023-07-17 22:03:51,697] {standard_task_runner.py:79} INFO - Running: ['airflow', 'tasks', 'run', 'get_crypto_dag', 'AVAX', 'scheduled__2023-05-23T00:00:00+00:00', '--job-id', '880', '--raw', '--subdir', 'DAGS_FOLDER/get_crypto.py', '--cfg-path', '/tmp/tmpqfnqhmns', '--error-file', '/tmp/tmpazt1spry']
[2023-07-17 22:03:51,698] {standard_task_runner.py:80} INFO - Job 880: Subtask AVAX
[2023-07-17 22:03:51,792] {task_command.py:370} INFO - Running <TaskInstance: get_crypto_dag.AVAX scheduled__2023-05-23T00:00:00+00:00 [running]> on host lucas-Estudos
[2023-07-17 22:03:51,896] {taskinstance.py:1569} INFO - Exporting the following env vars:
AIRFLOW_CTX_DAG_OWNER=airflow
AIRFLOW_CTX_DAG_ID=get_crypto_dag
AIRFLOW_CTX_TASK_ID=AVAX
AIRFLOW_CTX_EXECUTION_DATE=2023-05-23T00:00:00+00:00
AIRFLOW_CTX_TRY_NUMBER=1
AIRFLOW_CTX_DAG_RUN_ID=scheduled__2023-05-23T00:00:00+00:00
[2023-07-17 22:03:53,565] {base.py:162} ERROR - AVAX: No timezone found, symbol may be delisted
[2023-07-17 22:03:53,573] {python.py:173} INFO - Done. Returned value was: None
[2023-07-17 22:03:53,628] {taskinstance.py:1395} INFO - Marking task as SUCCESS. dag_id=get_crypto_dag, task_id=AVAX, execution_date=20230523T000000, start_date=20230718T010351, end_date=20230718T010353
[2023-07-17 22:03:53,677] {local_task_job.py:156} INFO - Task exited with return code 0
[2023-07-17 22:03:53,805] {local_task_job.py:273} INFO - 0 downstream tasks scheduled from follow-on schedule check
[2023-07-18 10:37:48,410] {taskinstance.py:1159} INFO - Dependencies all met for <TaskInstance: get_crypto_dag.AVAX scheduled__2023-05-23T00:00:00+00:00 [queued]>
[2023-07-18 10:37:48,438] {taskinstance.py:1159} INFO - Dependencies all met for <TaskInstance: get_crypto_dag.AVAX scheduled__2023-05-23T00:00:00+00:00 [queued]>
[2023-07-18 10:37:48,438] {taskinstance.py:1356} INFO - 
--------------------------------------------------------------------------------
[2023-07-18 10:37:48,439] {taskinstance.py:1357} INFO - Starting attempt 1 of 1
[2023-07-18 10:37:48,439] {taskinstance.py:1358} INFO - 
--------------------------------------------------------------------------------
[2023-07-18 10:37:48,469] {taskinstance.py:1377} INFO - Executing <Task(_PythonDecoratedOperator): AVAX> on 2023-05-23 00:00:00+00:00
[2023-07-18 10:37:48,482] {standard_task_runner.py:52} INFO - Started process 14718 to run task
[2023-07-18 10:37:48,489] {standard_task_runner.py:79} INFO - Running: ['airflow', 'tasks', 'run', 'get_crypto_dag', 'AVAX', 'scheduled__2023-05-23T00:00:00+00:00', '--job-id', '1306', '--raw', '--subdir', 'DAGS_FOLDER/get_crypto.py', '--cfg-path', '/tmp/tmpqkrpzpy0', '--error-file', '/tmp/tmps8s2z9of']
[2023-07-18 10:37:48,492] {standard_task_runner.py:80} INFO - Job 1306: Subtask AVAX
[2023-07-18 10:37:48,708] {task_command.py:370} INFO - Running <TaskInstance: get_crypto_dag.AVAX scheduled__2023-05-23T00:00:00+00:00 [running]> on host lucas-Estudos
[2023-07-18 10:37:48,934] {taskinstance.py:1569} INFO - Exporting the following env vars:
AIRFLOW_CTX_DAG_OWNER=airflow
AIRFLOW_CTX_DAG_ID=get_crypto_dag
AIRFLOW_CTX_TASK_ID=AVAX
AIRFLOW_CTX_EXECUTION_DATE=2023-05-23T00:00:00+00:00
AIRFLOW_CTX_TRY_NUMBER=1
AIRFLOW_CTX_DAG_RUN_ID=scheduled__2023-05-23T00:00:00+00:00
[2023-07-18 10:37:49,529] {base.py:162} ERROR - AVAX: No timezone found, symbol may be delisted
[2023-07-18 10:37:49,535] {python.py:173} INFO - Done. Returned value was: None
[2023-07-18 10:37:49,593] {taskinstance.py:1395} INFO - Marking task as SUCCESS. dag_id=get_crypto_dag, task_id=AVAX, execution_date=20230523T000000, start_date=20230718T133748, end_date=20230718T133749
[2023-07-18 10:37:49,664] {local_task_job.py:156} INFO - Task exited with return code 0
[2023-07-18 10:37:49,778] {local_task_job.py:273} INFO - 0 downstream tasks scheduled from follow-on schedule check
