[2023-07-17 16:23:06,433] {taskinstance.py:1159} INFO - Dependencies all met for <TaskInstance: get_stocks_dag.GOOG scheduled__2023-05-25T00:00:00+00:00 [queued]>
[2023-07-17 16:23:06,470] {taskinstance.py:1159} INFO - Dependencies all met for <TaskInstance: get_stocks_dag.GOOG scheduled__2023-05-25T00:00:00+00:00 [queued]>
[2023-07-17 16:23:06,471] {taskinstance.py:1356} INFO - 
--------------------------------------------------------------------------------
[2023-07-17 16:23:06,471] {taskinstance.py:1357} INFO - Starting attempt 1 of 1
[2023-07-17 16:23:06,471] {taskinstance.py:1358} INFO - 
--------------------------------------------------------------------------------
[2023-07-17 16:23:06,571] {taskinstance.py:1377} INFO - Executing <Task(_PythonDecoratedOperator): GOOG> on 2023-05-25 00:00:00+00:00
[2023-07-17 16:23:06,598] {standard_task_runner.py:52} INFO - Started process 8875 to run task
[2023-07-17 16:23:06,621] {standard_task_runner.py:79} INFO - Running: ['airflow', 'tasks', 'run', 'get_stocks_dag', 'GOOG', 'scheduled__2023-05-25T00:00:00+00:00', '--job-id', '126', '--raw', '--subdir', 'DAGS_FOLDER/get_stocks.py', '--cfg-path', '/tmp/tmp07u2fzih', '--error-file', '/tmp/tmpvxeuna37']
[2023-07-17 16:23:06,632] {standard_task_runner.py:80} INFO - Job 126: Subtask GOOG
[2023-07-17 16:23:06,797] {task_command.py:370} INFO - Running <TaskInstance: get_stocks_dag.GOOG scheduled__2023-05-25T00:00:00+00:00 [running]> on host lucas-Estudos
[2023-07-17 16:23:07,010] {taskinstance.py:1569} INFO - Exporting the following env vars:
AIRFLOW_CTX_DAG_OWNER=airflow
AIRFLOW_CTX_DAG_ID=get_stocks_dag
AIRFLOW_CTX_TASK_ID=GOOG
AIRFLOW_CTX_EXECUTION_DATE=2023-05-25T00:00:00+00:00
AIRFLOW_CTX_TRY_NUMBER=1
AIRFLOW_CTX_DAG_RUN_ID=scheduled__2023-05-25T00:00:00+00:00
[2023-07-17 16:23:07,948] {python.py:173} INFO - Done. Returned value was: None
[2023-07-17 16:23:07,988] {taskinstance.py:1395} INFO - Marking task as SUCCESS. dag_id=get_stocks_dag, task_id=GOOG, execution_date=20230525T000000, start_date=20230717T192306, end_date=20230717T192307
[2023-07-17 16:23:08,057] {local_task_job.py:156} INFO - Task exited with return code 0
[2023-07-17 16:23:08,121] {local_task_job.py:273} INFO - 0 downstream tasks scheduled from follow-on schedule check
[2023-07-17 16:54:25,995] {taskinstance.py:1159} INFO - Dependencies all met for <TaskInstance: get_stocks_dag.GOOG scheduled__2023-05-25T00:00:00+00:00 [queued]>
[2023-07-17 16:54:26,006] {taskinstance.py:1159} INFO - Dependencies all met for <TaskInstance: get_stocks_dag.GOOG scheduled__2023-05-25T00:00:00+00:00 [queued]>
[2023-07-17 16:54:26,007] {taskinstance.py:1356} INFO - 
--------------------------------------------------------------------------------
[2023-07-17 16:54:26,007] {taskinstance.py:1357} INFO - Starting attempt 1 of 1
[2023-07-17 16:54:26,007] {taskinstance.py:1358} INFO - 
--------------------------------------------------------------------------------
[2023-07-17 16:54:26,025] {taskinstance.py:1377} INFO - Executing <Task(_PythonDecoratedOperator): GOOG> on 2023-05-25 00:00:00+00:00
[2023-07-17 16:54:26,032] {standard_task_runner.py:52} INFO - Started process 21610 to run task
[2023-07-17 16:54:26,040] {standard_task_runner.py:79} INFO - Running: ['airflow', 'tasks', 'run', 'get_stocks_dag', 'GOOG', 'scheduled__2023-05-25T00:00:00+00:00', '--job-id', '340', '--raw', '--subdir', 'DAGS_FOLDER/get_stocks.py', '--cfg-path', '/tmp/tmpix142ijw', '--error-file', '/tmp/tmpgbrjeye1']
[2023-07-17 16:54:26,041] {standard_task_runner.py:80} INFO - Job 340: Subtask GOOG
[2023-07-17 16:54:26,141] {task_command.py:370} INFO - Running <TaskInstance: get_stocks_dag.GOOG scheduled__2023-05-25T00:00:00+00:00 [running]> on host lucas-Estudos
[2023-07-17 16:54:26,239] {taskinstance.py:1569} INFO - Exporting the following env vars:
AIRFLOW_CTX_DAG_OWNER=airflow
AIRFLOW_CTX_DAG_ID=get_stocks_dag
AIRFLOW_CTX_TASK_ID=GOOG
AIRFLOW_CTX_EXECUTION_DATE=2023-05-25T00:00:00+00:00
AIRFLOW_CTX_TRY_NUMBER=1
AIRFLOW_CTX_DAG_RUN_ID=scheduled__2023-05-25T00:00:00+00:00
[2023-07-17 16:54:26,813] {python.py:173} INFO - Done. Returned value was: None
[2023-07-17 16:54:26,899] {taskinstance.py:1395} INFO - Marking task as SUCCESS. dag_id=get_stocks_dag, task_id=GOOG, execution_date=20230525T000000, start_date=20230717T195425, end_date=20230717T195426
[2023-07-17 16:54:26,957] {local_task_job.py:156} INFO - Task exited with return code 0
[2023-07-17 16:54:27,088] {local_task_job.py:273} INFO - 0 downstream tasks scheduled from follow-on schedule check
[2023-07-17 21:00:40,846] {taskinstance.py:1159} INFO - Dependencies all met for <TaskInstance: get_stocks_dag.GOOG scheduled__2023-05-25T00:00:00+00:00 [queued]>
[2023-07-17 21:00:40,873] {taskinstance.py:1159} INFO - Dependencies all met for <TaskInstance: get_stocks_dag.GOOG scheduled__2023-05-25T00:00:00+00:00 [queued]>
[2023-07-17 21:00:40,873] {taskinstance.py:1356} INFO - 
--------------------------------------------------------------------------------
[2023-07-17 21:00:40,874] {taskinstance.py:1357} INFO - Starting attempt 1 of 1
[2023-07-17 21:00:40,874] {taskinstance.py:1358} INFO - 
--------------------------------------------------------------------------------
[2023-07-17 21:00:40,902] {taskinstance.py:1377} INFO - Executing <Task(_PythonDecoratedOperator): GOOG> on 2023-05-25 00:00:00+00:00
[2023-07-17 21:00:40,912] {standard_task_runner.py:52} INFO - Started process 20933 to run task
[2023-07-17 21:00:40,919] {standard_task_runner.py:79} INFO - Running: ['airflow', 'tasks', 'run', 'get_stocks_dag', 'GOOG', 'scheduled__2023-05-25T00:00:00+00:00', '--job-id', '558', '--raw', '--subdir', 'DAGS_FOLDER/get_stocks.py', '--cfg-path', '/tmp/tmpus044snm', '--error-file', '/tmp/tmpf8kl7ii6']
[2023-07-17 21:00:40,921] {standard_task_runner.py:80} INFO - Job 558: Subtask GOOG
[2023-07-17 21:00:41,108] {task_command.py:370} INFO - Running <TaskInstance: get_stocks_dag.GOOG scheduled__2023-05-25T00:00:00+00:00 [running]> on host lucas-Estudos
[2023-07-17 21:00:41,335] {taskinstance.py:1569} INFO - Exporting the following env vars:
AIRFLOW_CTX_DAG_OWNER=airflow
AIRFLOW_CTX_DAG_ID=get_stocks_dag
AIRFLOW_CTX_TASK_ID=GOOG
AIRFLOW_CTX_EXECUTION_DATE=2023-05-25T00:00:00+00:00
AIRFLOW_CTX_TRY_NUMBER=1
AIRFLOW_CTX_DAG_RUN_ID=scheduled__2023-05-25T00:00:00+00:00
[2023-07-17 21:00:54,393] {python.py:173} INFO - Done. Returned value was: None
[2023-07-17 21:00:54,507] {taskinstance.py:1395} INFO - Marking task as SUCCESS. dag_id=get_stocks_dag, task_id=GOOG, execution_date=20230525T000000, start_date=20230718T000040, end_date=20230718T000054
[2023-07-17 21:00:54,560] {local_task_job.py:156} INFO - Task exited with return code 0
[2023-07-17 21:00:54,666] {local_task_job.py:273} INFO - 0 downstream tasks scheduled from follow-on schedule check
[2023-07-17 22:02:18,777] {taskinstance.py:1159} INFO - Dependencies all met for <TaskInstance: get_stocks_dag.GOOG scheduled__2023-05-25T00:00:00+00:00 [queued]>
[2023-07-17 22:02:18,792] {taskinstance.py:1159} INFO - Dependencies all met for <TaskInstance: get_stocks_dag.GOOG scheduled__2023-05-25T00:00:00+00:00 [queued]>
[2023-07-17 22:02:18,792] {taskinstance.py:1356} INFO - 
--------------------------------------------------------------------------------
[2023-07-17 22:02:18,792] {taskinstance.py:1357} INFO - Starting attempt 1 of 1
[2023-07-17 22:02:18,792] {taskinstance.py:1358} INFO - 
--------------------------------------------------------------------------------
[2023-07-17 22:02:18,813] {taskinstance.py:1377} INFO - Executing <Task(_PythonDecoratedOperator): GOOG> on 2023-05-25 00:00:00+00:00
[2023-07-17 22:02:18,823] {standard_task_runner.py:52} INFO - Started process 62670 to run task
[2023-07-17 22:02:18,827] {standard_task_runner.py:79} INFO - Running: ['airflow', 'tasks', 'run', 'get_stocks_dag', 'GOOG', 'scheduled__2023-05-25T00:00:00+00:00', '--job-id', '857', '--raw', '--subdir', 'DAGS_FOLDER/get_stocks.py', '--cfg-path', '/tmp/tmpclat4sif', '--error-file', '/tmp/tmpheu7apyz']
[2023-07-17 22:02:18,829] {standard_task_runner.py:80} INFO - Job 857: Subtask GOOG
[2023-07-17 22:02:18,898] {task_command.py:370} INFO - Running <TaskInstance: get_stocks_dag.GOOG scheduled__2023-05-25T00:00:00+00:00 [running]> on host lucas-Estudos
[2023-07-17 22:02:18,988] {taskinstance.py:1569} INFO - Exporting the following env vars:
AIRFLOW_CTX_DAG_OWNER=airflow
AIRFLOW_CTX_DAG_ID=get_stocks_dag
AIRFLOW_CTX_TASK_ID=GOOG
AIRFLOW_CTX_EXECUTION_DATE=2023-05-25T00:00:00+00:00
AIRFLOW_CTX_TRY_NUMBER=1
AIRFLOW_CTX_DAG_RUN_ID=scheduled__2023-05-25T00:00:00+00:00
[2023-07-17 22:02:22,758] {python.py:173} INFO - Done. Returned value was: None
[2023-07-17 22:02:22,784] {taskinstance.py:1395} INFO - Marking task as SUCCESS. dag_id=get_stocks_dag, task_id=GOOG, execution_date=20230525T000000, start_date=20230718T010218, end_date=20230718T010222
[2023-07-17 22:02:22,818] {local_task_job.py:156} INFO - Task exited with return code 0
[2023-07-17 22:02:22,865] {local_task_job.py:273} INFO - 0 downstream tasks scheduled from follow-on schedule check
[2023-07-18 10:39:35,302] {taskinstance.py:1159} INFO - Dependencies all met for <TaskInstance: get_stocks_dag.GOOG scheduled__2023-05-25T00:00:00+00:00 [queued]>
[2023-07-18 10:39:35,325] {taskinstance.py:1159} INFO - Dependencies all met for <TaskInstance: get_stocks_dag.GOOG scheduled__2023-05-25T00:00:00+00:00 [queued]>
[2023-07-18 10:39:35,326] {taskinstance.py:1356} INFO - 
--------------------------------------------------------------------------------
[2023-07-18 10:39:35,326] {taskinstance.py:1357} INFO - Starting attempt 1 of 1
[2023-07-18 10:39:35,326] {taskinstance.py:1358} INFO - 
--------------------------------------------------------------------------------
[2023-07-18 10:39:35,355] {taskinstance.py:1377} INFO - Executing <Task(_PythonDecoratedOperator): GOOG> on 2023-05-25 00:00:00+00:00
[2023-07-18 10:39:35,364] {standard_task_runner.py:52} INFO - Started process 15181 to run task
[2023-07-18 10:39:35,371] {standard_task_runner.py:79} INFO - Running: ['airflow', 'tasks', 'run', 'get_stocks_dag', 'GOOG', 'scheduled__2023-05-25T00:00:00+00:00', '--job-id', '1322', '--raw', '--subdir', 'DAGS_FOLDER/get_stocks.py', '--cfg-path', '/tmp/tmp3zsy9mco', '--error-file', '/tmp/tmp83ue5ay1']
[2023-07-18 10:39:35,373] {standard_task_runner.py:80} INFO - Job 1322: Subtask GOOG
[2023-07-18 10:39:35,561] {task_command.py:370} INFO - Running <TaskInstance: get_stocks_dag.GOOG scheduled__2023-05-25T00:00:00+00:00 [running]> on host lucas-Estudos
[2023-07-18 10:39:35,781] {taskinstance.py:1569} INFO - Exporting the following env vars:
AIRFLOW_CTX_DAG_OWNER=airflow
AIRFLOW_CTX_DAG_ID=get_stocks_dag
AIRFLOW_CTX_TASK_ID=GOOG
AIRFLOW_CTX_EXECUTION_DATE=2023-05-25T00:00:00+00:00
AIRFLOW_CTX_TRY_NUMBER=1
AIRFLOW_CTX_DAG_RUN_ID=scheduled__2023-05-25T00:00:00+00:00
[2023-07-18 10:39:37,505] {python.py:173} INFO - Done. Returned value was: None
[2023-07-18 10:39:37,552] {taskinstance.py:1395} INFO - Marking task as SUCCESS. dag_id=get_stocks_dag, task_id=GOOG, execution_date=20230525T000000, start_date=20230718T133935, end_date=20230718T133937
[2023-07-18 10:39:37,631] {local_task_job.py:156} INFO - Task exited with return code 0
[2023-07-18 10:39:37,742] {local_task_job.py:273} INFO - 0 downstream tasks scheduled from follow-on schedule check
