[2023-07-17 21:52:52,436] {taskinstance.py:1159} INFO - Dependencies all met for <TaskInstance: get_crypto_dag.DOGE scheduled__2023-05-02T00:00:00+00:00 [queued]>
[2023-07-17 21:52:52,466] {taskinstance.py:1159} INFO - Dependencies all met for <TaskInstance: get_crypto_dag.DOGE scheduled__2023-05-02T00:00:00+00:00 [queued]>
[2023-07-17 21:52:52,467] {taskinstance.py:1356} INFO - 
--------------------------------------------------------------------------------
[2023-07-17 21:52:52,467] {taskinstance.py:1357} INFO - Starting attempt 1 of 1
[2023-07-17 21:52:52,467] {taskinstance.py:1358} INFO - 
--------------------------------------------------------------------------------
[2023-07-17 21:52:52,504] {taskinstance.py:1377} INFO - Executing <Task(_PythonDecoratedOperator): DOGE> on 2023-05-02 00:00:00+00:00
[2023-07-17 21:52:52,515] {standard_task_runner.py:52} INFO - Started process 43536 to run task
[2023-07-17 21:52:52,521] {standard_task_runner.py:79} INFO - Running: ['airflow', 'tasks', 'run', 'get_crypto_dag', 'DOGE', 'scheduled__2023-05-02T00:00:00+00:00', '--job-id', '718', '--raw', '--subdir', 'DAGS_FOLDER/get_crypto.py', '--cfg-path', '/tmp/tmp1xvbh12d', '--error-file', '/tmp/tmpel88z4fm']
[2023-07-17 21:52:52,523] {standard_task_runner.py:80} INFO - Job 718: Subtask DOGE
[2023-07-17 21:52:52,637] {task_command.py:370} INFO - Running <TaskInstance: get_crypto_dag.DOGE scheduled__2023-05-02T00:00:00+00:00 [running]> on host lucas-Estudos
[2023-07-17 21:52:52,733] {taskinstance.py:1569} INFO - Exporting the following env vars:
AIRFLOW_CTX_DAG_OWNER=airflow
AIRFLOW_CTX_DAG_ID=get_crypto_dag
AIRFLOW_CTX_TASK_ID=DOGE
AIRFLOW_CTX_EXECUTION_DATE=2023-05-02T00:00:00+00:00
AIRFLOW_CTX_TRY_NUMBER=1
AIRFLOW_CTX_DAG_RUN_ID=scheduled__2023-05-02T00:00:00+00:00
[2023-07-17 21:52:54,300] {base.py:162} ERROR - DOGE: No timezone found, symbol may be delisted
[2023-07-17 21:52:54,311] {python.py:173} INFO - Done. Returned value was: None
[2023-07-17 21:52:54,365] {taskinstance.py:1395} INFO - Marking task as SUCCESS. dag_id=get_crypto_dag, task_id=DOGE, execution_date=20230502T000000, start_date=20230718T005252, end_date=20230718T005254
[2023-07-17 21:52:54,420] {local_task_job.py:156} INFO - Task exited with return code 0
[2023-07-17 21:52:54,539] {local_task_job.py:273} INFO - 0 downstream tasks scheduled from follow-on schedule check
[2023-07-18 10:22:03,101] {taskinstance.py:1159} INFO - Dependencies all met for <TaskInstance: get_crypto_dag.DOGE scheduled__2023-05-02T00:00:00+00:00 [queued]>
[2023-07-18 10:22:03,109] {taskinstance.py:1159} INFO - Dependencies all met for <TaskInstance: get_crypto_dag.DOGE scheduled__2023-05-02T00:00:00+00:00 [queued]>
[2023-07-18 10:22:03,109] {taskinstance.py:1356} INFO - 
--------------------------------------------------------------------------------
[2023-07-18 10:22:03,109] {taskinstance.py:1357} INFO - Starting attempt 1 of 1
[2023-07-18 10:22:03,109] {taskinstance.py:1358} INFO - 
--------------------------------------------------------------------------------
[2023-07-18 10:22:03,117] {taskinstance.py:1377} INFO - Executing <Task(_PythonDecoratedOperator): DOGE> on 2023-05-02 00:00:00+00:00
[2023-07-18 10:22:03,122] {standard_task_runner.py:52} INFO - Started process 10100 to run task
[2023-07-18 10:22:03,124] {standard_task_runner.py:79} INFO - Running: ['airflow', 'tasks', 'run', 'get_crypto_dag', 'DOGE', 'scheduled__2023-05-02T00:00:00+00:00', '--job-id', '1159', '--raw', '--subdir', 'DAGS_FOLDER/get_crypto.py', '--cfg-path', '/tmp/tmpwlgu3fg6', '--error-file', '/tmp/tmp47e7kh1u']
[2023-07-18 10:22:03,125] {standard_task_runner.py:80} INFO - Job 1159: Subtask DOGE
[2023-07-18 10:22:03,251] {task_command.py:370} INFO - Running <TaskInstance: get_crypto_dag.DOGE scheduled__2023-05-02T00:00:00+00:00 [running]> on host lucas-Estudos
[2023-07-18 10:22:03,502] {taskinstance.py:1569} INFO - Exporting the following env vars:
AIRFLOW_CTX_DAG_OWNER=airflow
AIRFLOW_CTX_DAG_ID=get_crypto_dag
AIRFLOW_CTX_TASK_ID=DOGE
AIRFLOW_CTX_EXECUTION_DATE=2023-05-02T00:00:00+00:00
AIRFLOW_CTX_TRY_NUMBER=1
AIRFLOW_CTX_DAG_RUN_ID=scheduled__2023-05-02T00:00:00+00:00
[2023-07-18 10:22:04,149] {base.py:162} ERROR - DOGE: No timezone found, symbol may be delisted
[2023-07-18 10:22:04,157] {python.py:173} INFO - Done. Returned value was: None
[2023-07-18 10:22:04,209] {taskinstance.py:1395} INFO - Marking task as SUCCESS. dag_id=get_crypto_dag, task_id=DOGE, execution_date=20230502T000000, start_date=20230718T132203, end_date=20230718T132204
[2023-07-18 10:22:04,261] {local_task_job.py:156} INFO - Task exited with return code 0
[2023-07-18 10:22:04,493] {local_task_job.py:273} INFO - 0 downstream tasks scheduled from follow-on schedule check
