[2023-07-17 16:23:06,614] {taskinstance.py:1159} INFO - Dependencies all met for <TaskInstance: get_stocks_dag.TSLA scheduled__2023-05-25T00:00:00+00:00 [queued]>
[2023-07-17 16:23:06,661] {taskinstance.py:1159} INFO - Dependencies all met for <TaskInstance: get_stocks_dag.TSLA scheduled__2023-05-25T00:00:00+00:00 [queued]>
[2023-07-17 16:23:06,661] {taskinstance.py:1356} INFO - 
--------------------------------------------------------------------------------
[2023-07-17 16:23:06,662] {taskinstance.py:1357} INFO - Starting attempt 1 of 1
[2023-07-17 16:23:06,662] {taskinstance.py:1358} INFO - 
--------------------------------------------------------------------------------
[2023-07-17 16:23:06,715] {taskinstance.py:1377} INFO - Executing <Task(_PythonDecoratedOperator): TSLA> on 2023-05-25 00:00:00+00:00
[2023-07-17 16:23:06,743] {standard_task_runner.py:52} INFO - Started process 8887 to run task
[2023-07-17 16:23:06,776] {standard_task_runner.py:79} INFO - Running: ['airflow', 'tasks', 'run', 'get_stocks_dag', 'TSLA', 'scheduled__2023-05-25T00:00:00+00:00', '--job-id', '127', '--raw', '--subdir', 'DAGS_FOLDER/get_stocks.py', '--cfg-path', '/tmp/tmp4muu71dd', '--error-file', '/tmp/tmppswjdfhu']
[2023-07-17 16:23:06,777] {standard_task_runner.py:80} INFO - Job 127: Subtask TSLA
[2023-07-17 16:23:07,018] {task_command.py:370} INFO - Running <TaskInstance: get_stocks_dag.TSLA scheduled__2023-05-25T00:00:00+00:00 [running]> on host lucas-Estudos
[2023-07-17 16:23:07,188] {taskinstance.py:1569} INFO - Exporting the following env vars:
AIRFLOW_CTX_DAG_OWNER=airflow
AIRFLOW_CTX_DAG_ID=get_stocks_dag
AIRFLOW_CTX_TASK_ID=TSLA
AIRFLOW_CTX_EXECUTION_DATE=2023-05-25T00:00:00+00:00
AIRFLOW_CTX_TRY_NUMBER=1
AIRFLOW_CTX_DAG_RUN_ID=scheduled__2023-05-25T00:00:00+00:00
[2023-07-17 16:23:07,698] {python.py:173} INFO - Done. Returned value was: None
[2023-07-17 16:23:07,774] {taskinstance.py:1395} INFO - Marking task as SUCCESS. dag_id=get_stocks_dag, task_id=TSLA, execution_date=20230525T000000, start_date=20230717T192306, end_date=20230717T192307
[2023-07-17 16:23:07,870] {local_task_job.py:156} INFO - Task exited with return code 0
[2023-07-17 16:23:07,958] {local_task_job.py:273} INFO - 0 downstream tasks scheduled from follow-on schedule check
[2023-07-17 16:54:26,032] {taskinstance.py:1159} INFO - Dependencies all met for <TaskInstance: get_stocks_dag.TSLA scheduled__2023-05-25T00:00:00+00:00 [queued]>
[2023-07-17 16:54:26,046] {taskinstance.py:1159} INFO - Dependencies all met for <TaskInstance: get_stocks_dag.TSLA scheduled__2023-05-25T00:00:00+00:00 [queued]>
[2023-07-17 16:54:26,046] {taskinstance.py:1356} INFO - 
--------------------------------------------------------------------------------
[2023-07-17 16:54:26,046] {taskinstance.py:1357} INFO - Starting attempt 1 of 1
[2023-07-17 16:54:26,046] {taskinstance.py:1358} INFO - 
--------------------------------------------------------------------------------
[2023-07-17 16:54:26,068] {taskinstance.py:1377} INFO - Executing <Task(_PythonDecoratedOperator): TSLA> on 2023-05-25 00:00:00+00:00
[2023-07-17 16:54:26,077] {standard_task_runner.py:52} INFO - Started process 21614 to run task
[2023-07-17 16:54:26,081] {standard_task_runner.py:79} INFO - Running: ['airflow', 'tasks', 'run', 'get_stocks_dag', 'TSLA', 'scheduled__2023-05-25T00:00:00+00:00', '--job-id', '341', '--raw', '--subdir', 'DAGS_FOLDER/get_stocks.py', '--cfg-path', '/tmp/tmpkes3pxht', '--error-file', '/tmp/tmpekpppygi']
[2023-07-17 16:54:26,083] {standard_task_runner.py:80} INFO - Job 341: Subtask TSLA
[2023-07-17 16:54:26,170] {task_command.py:370} INFO - Running <TaskInstance: get_stocks_dag.TSLA scheduled__2023-05-25T00:00:00+00:00 [running]> on host lucas-Estudos
[2023-07-17 16:54:26,259] {taskinstance.py:1569} INFO - Exporting the following env vars:
AIRFLOW_CTX_DAG_OWNER=airflow
AIRFLOW_CTX_DAG_ID=get_stocks_dag
AIRFLOW_CTX_TASK_ID=TSLA
AIRFLOW_CTX_EXECUTION_DATE=2023-05-25T00:00:00+00:00
AIRFLOW_CTX_TRY_NUMBER=1
AIRFLOW_CTX_DAG_RUN_ID=scheduled__2023-05-25T00:00:00+00:00
[2023-07-17 16:54:26,716] {python.py:173} INFO - Done. Returned value was: None
[2023-07-17 16:54:26,814] {taskinstance.py:1395} INFO - Marking task as SUCCESS. dag_id=get_stocks_dag, task_id=TSLA, execution_date=20230525T000000, start_date=20230717T195426, end_date=20230717T195426
[2023-07-17 16:54:26,879] {local_task_job.py:156} INFO - Task exited with return code 0
[2023-07-17 16:54:26,971] {local_task_job.py:273} INFO - 0 downstream tasks scheduled from follow-on schedule check
[2023-07-17 21:00:44,658] {taskinstance.py:1159} INFO - Dependencies all met for <TaskInstance: get_stocks_dag.TSLA scheduled__2023-05-25T00:00:00+00:00 [queued]>
[2023-07-17 21:00:44,683] {taskinstance.py:1159} INFO - Dependencies all met for <TaskInstance: get_stocks_dag.TSLA scheduled__2023-05-25T00:00:00+00:00 [queued]>
[2023-07-17 21:00:44,683] {taskinstance.py:1356} INFO - 
--------------------------------------------------------------------------------
[2023-07-17 21:00:44,683] {taskinstance.py:1357} INFO - Starting attempt 1 of 1
[2023-07-17 21:00:44,683] {taskinstance.py:1358} INFO - 
--------------------------------------------------------------------------------
[2023-07-17 21:00:44,710] {taskinstance.py:1377} INFO - Executing <Task(_PythonDecoratedOperator): TSLA> on 2023-05-25 00:00:00+00:00
[2023-07-17 21:00:44,720] {standard_task_runner.py:52} INFO - Started process 21023 to run task
[2023-07-17 21:00:44,727] {standard_task_runner.py:79} INFO - Running: ['airflow', 'tasks', 'run', 'get_stocks_dag', 'TSLA', 'scheduled__2023-05-25T00:00:00+00:00', '--job-id', '559', '--raw', '--subdir', 'DAGS_FOLDER/get_stocks.py', '--cfg-path', '/tmp/tmpi6l5w_z7', '--error-file', '/tmp/tmpwzruejwp']
[2023-07-17 21:00:44,729] {standard_task_runner.py:80} INFO - Job 559: Subtask TSLA
[2023-07-17 21:00:44,996] {task_command.py:370} INFO - Running <TaskInstance: get_stocks_dag.TSLA scheduled__2023-05-25T00:00:00+00:00 [running]> on host lucas-Estudos
[2023-07-17 21:00:45,217] {taskinstance.py:1569} INFO - Exporting the following env vars:
AIRFLOW_CTX_DAG_OWNER=airflow
AIRFLOW_CTX_DAG_ID=get_stocks_dag
AIRFLOW_CTX_TASK_ID=TSLA
AIRFLOW_CTX_EXECUTION_DATE=2023-05-25T00:00:00+00:00
AIRFLOW_CTX_TRY_NUMBER=1
AIRFLOW_CTX_DAG_RUN_ID=scheduled__2023-05-25T00:00:00+00:00
[2023-07-17 21:00:48,958] {python.py:173} INFO - Done. Returned value was: None
[2023-07-17 21:00:49,013] {taskinstance.py:1395} INFO - Marking task as SUCCESS. dag_id=get_stocks_dag, task_id=TSLA, execution_date=20230525T000000, start_date=20230718T000044, end_date=20230718T000049
[2023-07-17 21:00:49,091] {local_task_job.py:156} INFO - Task exited with return code 0
[2023-07-17 21:00:49,216] {local_task_job.py:273} INFO - 0 downstream tasks scheduled from follow-on schedule check
[2023-07-17 22:02:13,898] {taskinstance.py:1159} INFO - Dependencies all met for <TaskInstance: get_stocks_dag.TSLA scheduled__2023-05-25T00:00:00+00:00 [queued]>
[2023-07-17 22:02:13,933] {taskinstance.py:1159} INFO - Dependencies all met for <TaskInstance: get_stocks_dag.TSLA scheduled__2023-05-25T00:00:00+00:00 [queued]>
[2023-07-17 22:02:13,933] {taskinstance.py:1356} INFO - 
--------------------------------------------------------------------------------
[2023-07-17 22:02:13,933] {taskinstance.py:1357} INFO - Starting attempt 1 of 1
[2023-07-17 22:02:13,934] {taskinstance.py:1358} INFO - 
--------------------------------------------------------------------------------
[2023-07-17 22:02:13,957] {taskinstance.py:1377} INFO - Executing <Task(_PythonDecoratedOperator): TSLA> on 2023-05-25 00:00:00+00:00
[2023-07-17 22:02:13,965] {standard_task_runner.py:52} INFO - Started process 62511 to run task
[2023-07-17 22:02:13,970] {standard_task_runner.py:79} INFO - Running: ['airflow', 'tasks', 'run', 'get_stocks_dag', 'TSLA', 'scheduled__2023-05-25T00:00:00+00:00', '--job-id', '856', '--raw', '--subdir', 'DAGS_FOLDER/get_stocks.py', '--cfg-path', '/tmp/tmpxlguyydv', '--error-file', '/tmp/tmp23ubuonu']
[2023-07-17 22:02:13,972] {standard_task_runner.py:80} INFO - Job 856: Subtask TSLA
[2023-07-17 22:02:14,081] {task_command.py:370} INFO - Running <TaskInstance: get_stocks_dag.TSLA scheduled__2023-05-25T00:00:00+00:00 [running]> on host lucas-Estudos
[2023-07-17 22:02:14,335] {taskinstance.py:1569} INFO - Exporting the following env vars:
AIRFLOW_CTX_DAG_OWNER=airflow
AIRFLOW_CTX_DAG_ID=get_stocks_dag
AIRFLOW_CTX_TASK_ID=TSLA
AIRFLOW_CTX_EXECUTION_DATE=2023-05-25T00:00:00+00:00
AIRFLOW_CTX_TRY_NUMBER=1
AIRFLOW_CTX_DAG_RUN_ID=scheduled__2023-05-25T00:00:00+00:00
[2023-07-17 22:02:19,054] {python.py:173} INFO - Done. Returned value was: None
[2023-07-17 22:02:19,092] {taskinstance.py:1395} INFO - Marking task as SUCCESS. dag_id=get_stocks_dag, task_id=TSLA, execution_date=20230525T000000, start_date=20230718T010213, end_date=20230718T010219
[2023-07-17 22:02:19,136] {local_task_job.py:156} INFO - Task exited with return code 0
[2023-07-17 22:02:19,251] {local_task_job.py:273} INFO - 0 downstream tasks scheduled from follow-on schedule check
[2023-07-18 10:39:33,593] {taskinstance.py:1159} INFO - Dependencies all met for <TaskInstance: get_stocks_dag.TSLA scheduled__2023-05-25T00:00:00+00:00 [queued]>
[2023-07-18 10:39:33,625] {taskinstance.py:1159} INFO - Dependencies all met for <TaskInstance: get_stocks_dag.TSLA scheduled__2023-05-25T00:00:00+00:00 [queued]>
[2023-07-18 10:39:33,625] {taskinstance.py:1356} INFO - 
--------------------------------------------------------------------------------
[2023-07-18 10:39:33,625] {taskinstance.py:1357} INFO - Starting attempt 1 of 1
[2023-07-18 10:39:33,626] {taskinstance.py:1358} INFO - 
--------------------------------------------------------------------------------
[2023-07-18 10:39:33,659] {taskinstance.py:1377} INFO - Executing <Task(_PythonDecoratedOperator): TSLA> on 2023-05-25 00:00:00+00:00
[2023-07-18 10:39:33,671] {standard_task_runner.py:52} INFO - Started process 15165 to run task
[2023-07-18 10:39:33,678] {standard_task_runner.py:79} INFO - Running: ['airflow', 'tasks', 'run', 'get_stocks_dag', 'TSLA', 'scheduled__2023-05-25T00:00:00+00:00', '--job-id', '1321', '--raw', '--subdir', 'DAGS_FOLDER/get_stocks.py', '--cfg-path', '/tmp/tmpzwpasefy', '--error-file', '/tmp/tmpkwmoz5v8']
[2023-07-18 10:39:33,680] {standard_task_runner.py:80} INFO - Job 1321: Subtask TSLA
[2023-07-18 10:39:33,871] {task_command.py:370} INFO - Running <TaskInstance: get_stocks_dag.TSLA scheduled__2023-05-25T00:00:00+00:00 [running]> on host lucas-Estudos
[2023-07-18 10:39:34,097] {taskinstance.py:1569} INFO - Exporting the following env vars:
AIRFLOW_CTX_DAG_OWNER=airflow
AIRFLOW_CTX_DAG_ID=get_stocks_dag
AIRFLOW_CTX_TASK_ID=TSLA
AIRFLOW_CTX_EXECUTION_DATE=2023-05-25T00:00:00+00:00
AIRFLOW_CTX_TRY_NUMBER=1
AIRFLOW_CTX_DAG_RUN_ID=scheduled__2023-05-25T00:00:00+00:00
[2023-07-18 10:39:34,709] {python.py:173} INFO - Done. Returned value was: None
[2023-07-18 10:39:34,759] {taskinstance.py:1395} INFO - Marking task as SUCCESS. dag_id=get_stocks_dag, task_id=TSLA, execution_date=20230525T000000, start_date=20230718T133933, end_date=20230718T133934
[2023-07-18 10:39:34,813] {local_task_job.py:156} INFO - Task exited with return code 0
[2023-07-18 10:39:34,921] {local_task_job.py:273} INFO - 0 downstream tasks scheduled from follow-on schedule check
