[2023-07-17 22:09:51,632] {taskinstance.py:1159} INFO - Dependencies all met for <TaskInstance: get_crypto_dag.BTC scheduled__2023-06-03T00:00:00+00:00 [queued]>
[2023-07-17 22:09:51,671] {taskinstance.py:1159} INFO - Dependencies all met for <TaskInstance: get_crypto_dag.BTC scheduled__2023-06-03T00:00:00+00:00 [queued]>
[2023-07-17 22:09:51,672] {taskinstance.py:1356} INFO - 
--------------------------------------------------------------------------------
[2023-07-17 22:09:51,672] {taskinstance.py:1357} INFO - Starting attempt 1 of 1
[2023-07-17 22:09:51,672] {taskinstance.py:1358} INFO - 
--------------------------------------------------------------------------------
[2023-07-17 22:09:51,699] {taskinstance.py:1377} INFO - Executing <Task(_PythonDecoratedOperator): BTC> on 2023-06-03 00:00:00+00:00
[2023-07-17 22:09:51,709] {standard_task_runner.py:52} INFO - Started process 78000 to run task
[2023-07-17 22:09:51,715] {standard_task_runner.py:79} INFO - Running: ['airflow', 'tasks', 'run', 'get_crypto_dag', 'BTC', 'scheduled__2023-06-03T00:00:00+00:00', '--job-id', '969', '--raw', '--subdir', 'DAGS_FOLDER/get_crypto.py', '--cfg-path', '/tmp/tmpm2h5emrk', '--error-file', '/tmp/tmpk12ctfho']
[2023-07-17 22:09:51,716] {standard_task_runner.py:80} INFO - Job 969: Subtask BTC
[2023-07-17 22:09:51,894] {task_command.py:370} INFO - Running <TaskInstance: get_crypto_dag.BTC scheduled__2023-06-03T00:00:00+00:00 [running]> on host lucas-Estudos
[2023-07-17 22:09:52,143] {taskinstance.py:1569} INFO - Exporting the following env vars:
AIRFLOW_CTX_DAG_OWNER=airflow
AIRFLOW_CTX_DAG_ID=get_crypto_dag
AIRFLOW_CTX_TASK_ID=BTC
AIRFLOW_CTX_EXECUTION_DATE=2023-06-03T00:00:00+00:00
AIRFLOW_CTX_TRY_NUMBER=1
AIRFLOW_CTX_DAG_RUN_ID=scheduled__2023-06-03T00:00:00+00:00
[2023-07-17 22:09:52,793] {base.py:297} ERROR - BTC: No price data found, symbol may be delisted (1h 2023-06-02 -> 2023-06-03)
[2023-07-17 22:09:52,800] {python.py:173} INFO - Done. Returned value was: None
[2023-07-17 22:09:52,999] {taskinstance.py:1395} INFO - Marking task as SUCCESS. dag_id=get_crypto_dag, task_id=BTC, execution_date=20230603T000000, start_date=20230718T010951, end_date=20230718T010952
[2023-07-17 22:09:53,051] {local_task_job.py:156} INFO - Task exited with return code 0
[2023-07-17 22:09:53,106] {local_task_job.py:273} INFO - 0 downstream tasks scheduled from follow-on schedule check
[2023-07-18 10:46:18,712] {taskinstance.py:1159} INFO - Dependencies all met for <TaskInstance: get_crypto_dag.BTC scheduled__2023-06-03T00:00:00+00:00 [queued]>
[2023-07-18 10:46:18,719] {taskinstance.py:1159} INFO - Dependencies all met for <TaskInstance: get_crypto_dag.BTC scheduled__2023-06-03T00:00:00+00:00 [queued]>
[2023-07-18 10:46:18,719] {taskinstance.py:1356} INFO - 
--------------------------------------------------------------------------------
[2023-07-18 10:46:18,719] {taskinstance.py:1357} INFO - Starting attempt 1 of 1
[2023-07-18 10:46:18,719] {taskinstance.py:1358} INFO - 
--------------------------------------------------------------------------------
[2023-07-18 10:46:18,727] {taskinstance.py:1377} INFO - Executing <Task(_PythonDecoratedOperator): BTC> on 2023-06-03 00:00:00+00:00
[2023-07-18 10:46:18,731] {standard_task_runner.py:52} INFO - Started process 17242 to run task
[2023-07-18 10:46:18,733] {standard_task_runner.py:79} INFO - Running: ['airflow', 'tasks', 'run', 'get_crypto_dag', 'BTC', 'scheduled__2023-06-03T00:00:00+00:00', '--job-id', '1382', '--raw', '--subdir', 'DAGS_FOLDER/get_crypto.py', '--cfg-path', '/tmp/tmp7xomwuwf', '--error-file', '/tmp/tmpjwwzuuzh']
[2023-07-18 10:46:18,734] {standard_task_runner.py:80} INFO - Job 1382: Subtask BTC
[2023-07-18 10:46:18,830] {task_command.py:370} INFO - Running <TaskInstance: get_crypto_dag.BTC scheduled__2023-06-03T00:00:00+00:00 [running]> on host lucas-Estudos
[2023-07-18 10:46:19,035] {taskinstance.py:1569} INFO - Exporting the following env vars:
AIRFLOW_CTX_DAG_OWNER=airflow
AIRFLOW_CTX_DAG_ID=get_crypto_dag
AIRFLOW_CTX_TASK_ID=BTC
AIRFLOW_CTX_EXECUTION_DATE=2023-06-03T00:00:00+00:00
AIRFLOW_CTX_TRY_NUMBER=1
AIRFLOW_CTX_DAG_RUN_ID=scheduled__2023-06-03T00:00:00+00:00
[2023-07-18 10:46:19,698] {base.py:297} ERROR - BTC: No price data found, symbol may be delisted (1h 2023-06-02 -> 2023-06-03)
[2023-07-18 10:46:19,704] {python.py:173} INFO - Done. Returned value was: None
[2023-07-18 10:46:19,782] {taskinstance.py:1395} INFO - Marking task as SUCCESS. dag_id=get_crypto_dag, task_id=BTC, execution_date=20230603T000000, start_date=20230718T134618, end_date=20230718T134619
[2023-07-18 10:46:19,829] {local_task_job.py:156} INFO - Task exited with return code 0
[2023-07-18 10:46:19,944] {local_task_job.py:273} INFO - 0 downstream tasks scheduled from follow-on schedule check
