[2023-07-17 22:19:38,862] {taskinstance.py:1159} INFO - Dependencies all met for <TaskInstance: get_crypto_dag.AVAX scheduled__2023-06-21T00:00:00+00:00 [queued]>
[2023-07-17 22:19:38,889] {taskinstance.py:1159} INFO - Dependencies all met for <TaskInstance: get_crypto_dag.AVAX scheduled__2023-06-21T00:00:00+00:00 [queued]>
[2023-07-17 22:19:38,890] {taskinstance.py:1356} INFO - 
--------------------------------------------------------------------------------
[2023-07-17 22:19:38,890] {taskinstance.py:1357} INFO - Starting attempt 1 of 1
[2023-07-17 22:19:38,890] {taskinstance.py:1358} INFO - 
--------------------------------------------------------------------------------
[2023-07-17 22:19:38,911] {taskinstance.py:1377} INFO - Executing <Task(_PythonDecoratedOperator): AVAX> on 2023-06-21 00:00:00+00:00
[2023-07-17 22:19:38,918] {standard_task_runner.py:52} INFO - Started process 97768 to run task
[2023-07-17 22:19:38,923] {standard_task_runner.py:79} INFO - Running: ['airflow', 'tasks', 'run', 'get_crypto_dag', 'AVAX', 'scheduled__2023-06-21T00:00:00+00:00', '--job-id', '1113', '--raw', '--subdir', 'DAGS_FOLDER/get_crypto.py', '--cfg-path', '/tmp/tmpfffqwu7o', '--error-file', '/tmp/tmpy63o2pl3']
[2023-07-17 22:19:38,925] {standard_task_runner.py:80} INFO - Job 1113: Subtask AVAX
[2023-07-17 22:19:39,005] {task_command.py:370} INFO - Running <TaskInstance: get_crypto_dag.AVAX scheduled__2023-06-21T00:00:00+00:00 [running]> on host lucas-Estudos
[2023-07-17 22:19:39,222] {taskinstance.py:1569} INFO - Exporting the following env vars:
AIRFLOW_CTX_DAG_OWNER=airflow
AIRFLOW_CTX_DAG_ID=get_crypto_dag
AIRFLOW_CTX_TASK_ID=AVAX
AIRFLOW_CTX_EXECUTION_DATE=2023-06-21T00:00:00+00:00
AIRFLOW_CTX_TRY_NUMBER=1
AIRFLOW_CTX_DAG_RUN_ID=scheduled__2023-06-21T00:00:00+00:00
[2023-07-17 22:19:39,741] {base.py:162} ERROR - AVAX: No timezone found, symbol may be delisted
[2023-07-17 22:19:39,751] {python.py:173} INFO - Done. Returned value was: None
[2023-07-17 22:19:39,803] {taskinstance.py:1395} INFO - Marking task as SUCCESS. dag_id=get_crypto_dag, task_id=AVAX, execution_date=20230621T000000, start_date=20230718T011938, end_date=20230718T011939
[2023-07-17 22:19:39,858] {local_task_job.py:156} INFO - Task exited with return code 0
[2023-07-17 22:19:39,983] {local_task_job.py:273} INFO - 0 downstream tasks scheduled from follow-on schedule check
[2023-07-18 11:00:02,378] {taskinstance.py:1159} INFO - Dependencies all met for <TaskInstance: get_crypto_dag.AVAX scheduled__2023-06-21T00:00:00+00:00 [queued]>
[2023-07-18 11:00:02,403] {taskinstance.py:1159} INFO - Dependencies all met for <TaskInstance: get_crypto_dag.AVAX scheduled__2023-06-21T00:00:00+00:00 [queued]>
[2023-07-18 11:00:02,403] {taskinstance.py:1356} INFO - 
--------------------------------------------------------------------------------
[2023-07-18 11:00:02,403] {taskinstance.py:1357} INFO - Starting attempt 1 of 1
[2023-07-18 11:00:02,403] {taskinstance.py:1358} INFO - 
--------------------------------------------------------------------------------
[2023-07-18 11:00:02,430] {taskinstance.py:1377} INFO - Executing <Task(_PythonDecoratedOperator): AVAX> on 2023-06-21 00:00:00+00:00
[2023-07-18 11:00:02,440] {standard_task_runner.py:52} INFO - Started process 24915 to run task
[2023-07-18 11:00:02,447] {standard_task_runner.py:79} INFO - Running: ['airflow', 'tasks', 'run', 'get_crypto_dag', 'AVAX', 'scheduled__2023-06-21T00:00:00+00:00', '--job-id', '1508', '--raw', '--subdir', 'DAGS_FOLDER/get_crypto.py', '--cfg-path', '/tmp/tmprjg4epqa', '--error-file', '/tmp/tmp3ehu83lb']
[2023-07-18 11:00:02,449] {standard_task_runner.py:80} INFO - Job 1508: Subtask AVAX
[2023-07-18 11:00:02,638] {task_command.py:370} INFO - Running <TaskInstance: get_crypto_dag.AVAX scheduled__2023-06-21T00:00:00+00:00 [running]> on host lucas-Estudos
[2023-07-18 11:00:02,851] {taskinstance.py:1569} INFO - Exporting the following env vars:
AIRFLOW_CTX_DAG_OWNER=airflow
AIRFLOW_CTX_DAG_ID=get_crypto_dag
AIRFLOW_CTX_TASK_ID=AVAX
AIRFLOW_CTX_EXECUTION_DATE=2023-06-21T00:00:00+00:00
AIRFLOW_CTX_TRY_NUMBER=1
AIRFLOW_CTX_DAG_RUN_ID=scheduled__2023-06-21T00:00:00+00:00
[2023-07-18 11:00:09,361] {base.py:162} ERROR - AVAX: No timezone found, symbol may be delisted
[2023-07-18 11:00:09,371] {python.py:173} INFO - Done. Returned value was: None
[2023-07-18 11:00:09,497] {taskinstance.py:1395} INFO - Marking task as SUCCESS. dag_id=get_crypto_dag, task_id=AVAX, execution_date=20230621T000000, start_date=20230718T140002, end_date=20230718T140009
[2023-07-18 11:00:09,562] {local_task_job.py:156} INFO - Task exited with return code 0
[2023-07-18 11:00:09,671] {local_task_job.py:273} INFO - 0 downstream tasks scheduled from follow-on schedule check
