[2023-07-17 16:16:27,394] {taskinstance.py:1159} INFO - Dependencies all met for <TaskInstance: get_stocks_dag.MSFT scheduled__2023-05-03T00:00:00+00:00 [queued]>
[2023-07-17 16:16:27,408] {taskinstance.py:1159} INFO - Dependencies all met for <TaskInstance: get_stocks_dag.MSFT scheduled__2023-05-03T00:00:00+00:00 [queued]>
[2023-07-17 16:16:27,416] {taskinstance.py:1356} INFO - 
--------------------------------------------------------------------------------
[2023-07-17 16:16:27,416] {taskinstance.py:1357} INFO - Starting attempt 1 of 1
[2023-07-17 16:16:27,416] {taskinstance.py:1358} INFO - 
--------------------------------------------------------------------------------
[2023-07-17 16:16:27,515] {taskinstance.py:1377} INFO - Executing <Task(_PythonDecoratedOperator): MSFT> on 2023-05-03 00:00:00+00:00
[2023-07-17 16:16:27,565] {standard_task_runner.py:52} INFO - Started process 32624 to run task
[2023-07-17 16:16:27,638] {standard_task_runner.py:79} INFO - Running: ['airflow', 'tasks', 'run', 'get_stocks_dag', 'MSFT', 'scheduled__2023-05-03T00:00:00+00:00', '--job-id', '24', '--raw', '--subdir', 'DAGS_FOLDER/get_stocks.py', '--cfg-path', '/tmp/tmp2inhgdjl', '--error-file', '/tmp/tmpdnu_9h1d']
[2023-07-17 16:16:27,689] {standard_task_runner.py:80} INFO - Job 24: Subtask MSFT
[2023-07-17 16:54:05,410] {taskinstance.py:1159} INFO - Dependencies all met for <TaskInstance: get_stocks_dag.MSFT scheduled__2023-05-03T00:00:00+00:00 [queued]>
[2023-07-17 16:54:05,425] {taskinstance.py:1159} INFO - Dependencies all met for <TaskInstance: get_stocks_dag.MSFT scheduled__2023-05-03T00:00:00+00:00 [queued]>
[2023-07-17 16:54:05,425] {taskinstance.py:1356} INFO - 
--------------------------------------------------------------------------------
[2023-07-17 16:54:05,425] {taskinstance.py:1357} INFO - Starting attempt 1 of 1
[2023-07-17 16:54:05,425] {taskinstance.py:1358} INFO - 
--------------------------------------------------------------------------------
[2023-07-17 16:54:05,497] {taskinstance.py:1377} INFO - Executing <Task(_PythonDecoratedOperator): MSFT> on 2023-05-03 00:00:00+00:00
[2023-07-17 16:54:05,521] {standard_task_runner.py:52} INFO - Started process 19765 to run task
[2023-07-17 16:54:05,579] {standard_task_runner.py:79} INFO - Running: ['airflow', 'tasks', 'run', 'get_stocks_dag', 'MSFT', 'scheduled__2023-05-03T00:00:00+00:00', '--job-id', '278', '--raw', '--subdir', 'DAGS_FOLDER/get_stocks.py', '--cfg-path', '/tmp/tmpawgbr0oc', '--error-file', '/tmp/tmp39uc3rhy']
[2023-07-17 16:54:05,640] {standard_task_runner.py:80} INFO - Job 278: Subtask MSFT
[2023-07-17 16:54:06,070] {task_command.py:370} INFO - Running <TaskInstance: get_stocks_dag.MSFT scheduled__2023-05-03T00:00:00+00:00 [running]> on host lucas-Estudos
[2023-07-17 16:54:06,327] {taskinstance.py:1569} INFO - Exporting the following env vars:
AIRFLOW_CTX_DAG_OWNER=airflow
AIRFLOW_CTX_DAG_ID=get_stocks_dag
AIRFLOW_CTX_TASK_ID=MSFT
AIRFLOW_CTX_EXECUTION_DATE=2023-05-03T00:00:00+00:00
AIRFLOW_CTX_TRY_NUMBER=1
AIRFLOW_CTX_DAG_RUN_ID=scheduled__2023-05-03T00:00:00+00:00
[2023-07-17 16:54:06,967] {python.py:173} INFO - Done. Returned value was: None
[2023-07-17 16:54:07,014] {taskinstance.py:1395} INFO - Marking task as SUCCESS. dag_id=get_stocks_dag, task_id=MSFT, execution_date=20230503T000000, start_date=20230717T195405, end_date=20230717T195407
[2023-07-17 16:54:07,084] {local_task_job.py:156} INFO - Task exited with return code 0
[2023-07-17 16:54:07,209] {local_task_job.py:273} INFO - 0 downstream tasks scheduled from follow-on schedule check
[2023-07-17 20:56:18,155] {taskinstance.py:1159} INFO - Dependencies all met for <TaskInstance: get_stocks_dag.MSFT scheduled__2023-05-03T00:00:00+00:00 [queued]>
[2023-07-17 20:56:18,180] {taskinstance.py:1159} INFO - Dependencies all met for <TaskInstance: get_stocks_dag.MSFT scheduled__2023-05-03T00:00:00+00:00 [queued]>
[2023-07-17 20:56:18,181] {taskinstance.py:1356} INFO - 
--------------------------------------------------------------------------------
[2023-07-17 20:56:18,181] {taskinstance.py:1357} INFO - Starting attempt 1 of 1
[2023-07-17 20:56:18,181] {taskinstance.py:1358} INFO - 
--------------------------------------------------------------------------------
[2023-07-17 20:56:18,209] {taskinstance.py:1377} INFO - Executing <Task(_PythonDecoratedOperator): MSFT> on 2023-05-03 00:00:00+00:00
[2023-07-17 20:56:18,218] {standard_task_runner.py:52} INFO - Started process 13864 to run task
[2023-07-17 20:56:18,226] {standard_task_runner.py:79} INFO - Running: ['airflow', 'tasks', 'run', 'get_stocks_dag', 'MSFT', 'scheduled__2023-05-03T00:00:00+00:00', '--job-id', '495', '--raw', '--subdir', 'DAGS_FOLDER/get_stocks.py', '--cfg-path', '/tmp/tmprvned1ah', '--error-file', '/tmp/tmpraz72tjf']
[2023-07-17 20:56:18,228] {standard_task_runner.py:80} INFO - Job 495: Subtask MSFT
[2023-07-17 20:56:18,429] {task_command.py:370} INFO - Running <TaskInstance: get_stocks_dag.MSFT scheduled__2023-05-03T00:00:00+00:00 [running]> on host lucas-Estudos
[2023-07-17 20:56:18,646] {taskinstance.py:1569} INFO - Exporting the following env vars:
AIRFLOW_CTX_DAG_OWNER=airflow
AIRFLOW_CTX_DAG_ID=get_stocks_dag
AIRFLOW_CTX_TASK_ID=MSFT
AIRFLOW_CTX_EXECUTION_DATE=2023-05-03T00:00:00+00:00
AIRFLOW_CTX_TRY_NUMBER=1
AIRFLOW_CTX_DAG_RUN_ID=scheduled__2023-05-03T00:00:00+00:00
[2023-07-17 20:56:30,368] {python.py:173} INFO - Done. Returned value was: None
[2023-07-17 20:56:30,486] {taskinstance.py:1395} INFO - Marking task as SUCCESS. dag_id=get_stocks_dag, task_id=MSFT, execution_date=20230503T000000, start_date=20230717T235618, end_date=20230717T235630
[2023-07-17 20:56:30,551] {local_task_job.py:156} INFO - Task exited with return code 0
[2023-07-17 20:56:30,661] {local_task_job.py:273} INFO - 0 downstream tasks scheduled from follow-on schedule check
[2023-07-17 21:53:07,885] {taskinstance.py:1159} INFO - Dependencies all met for <TaskInstance: get_stocks_dag.MSFT scheduled__2023-05-03T00:00:00+00:00 [queued]>
[2023-07-17 21:53:07,918] {taskinstance.py:1159} INFO - Dependencies all met for <TaskInstance: get_stocks_dag.MSFT scheduled__2023-05-03T00:00:00+00:00 [queued]>
[2023-07-17 21:53:07,918] {taskinstance.py:1356} INFO - 
--------------------------------------------------------------------------------
[2023-07-17 21:53:07,918] {taskinstance.py:1357} INFO - Starting attempt 1 of 1
[2023-07-17 21:53:07,919] {taskinstance.py:1358} INFO - 
--------------------------------------------------------------------------------
[2023-07-17 21:53:07,946] {taskinstance.py:1377} INFO - Executing <Task(_PythonDecoratedOperator): MSFT> on 2023-05-03 00:00:00+00:00
[2023-07-17 21:53:07,954] {standard_task_runner.py:52} INFO - Started process 44099 to run task
[2023-07-17 21:53:07,958] {standard_task_runner.py:79} INFO - Running: ['airflow', 'tasks', 'run', 'get_stocks_dag', 'MSFT', 'scheduled__2023-05-03T00:00:00+00:00', '--job-id', '722', '--raw', '--subdir', 'DAGS_FOLDER/get_stocks.py', '--cfg-path', '/tmp/tmp6ebtzwn4', '--error-file', '/tmp/tmpa9sptt27']
[2023-07-17 21:53:07,959] {standard_task_runner.py:80} INFO - Job 722: Subtask MSFT
[2023-07-17 21:53:08,061] {task_command.py:370} INFO - Running <TaskInstance: get_stocks_dag.MSFT scheduled__2023-05-03T00:00:00+00:00 [running]> on host lucas-Estudos
[2023-07-17 21:53:08,159] {taskinstance.py:1569} INFO - Exporting the following env vars:
AIRFLOW_CTX_DAG_OWNER=airflow
AIRFLOW_CTX_DAG_ID=get_stocks_dag
AIRFLOW_CTX_TASK_ID=MSFT
AIRFLOW_CTX_EXECUTION_DATE=2023-05-03T00:00:00+00:00
AIRFLOW_CTX_TRY_NUMBER=1
AIRFLOW_CTX_DAG_RUN_ID=scheduled__2023-05-03T00:00:00+00:00
[2023-07-17 21:53:11,877] {python.py:173} INFO - Done. Returned value was: None
[2023-07-17 21:53:11,957] {taskinstance.py:1395} INFO - Marking task as SUCCESS. dag_id=get_stocks_dag, task_id=MSFT, execution_date=20230503T000000, start_date=20230718T005307, end_date=20230718T005311
[2023-07-17 21:53:12,028] {local_task_job.py:156} INFO - Task exited with return code 0
[2023-07-17 21:53:12,099] {local_task_job.py:273} INFO - 0 downstream tasks scheduled from follow-on schedule check
[2023-07-18 10:22:45,295] {taskinstance.py:1159} INFO - Dependencies all met for <TaskInstance: get_stocks_dag.MSFT scheduled__2023-05-03T00:00:00+00:00 [queued]>
[2023-07-18 10:22:45,318] {taskinstance.py:1159} INFO - Dependencies all met for <TaskInstance: get_stocks_dag.MSFT scheduled__2023-05-03T00:00:00+00:00 [queued]>
[2023-07-18 10:22:45,318] {taskinstance.py:1356} INFO - 
--------------------------------------------------------------------------------
[2023-07-18 10:22:45,319] {taskinstance.py:1357} INFO - Starting attempt 1 of 1
[2023-07-18 10:22:45,319] {taskinstance.py:1358} INFO - 
--------------------------------------------------------------------------------
[2023-07-18 10:22:45,349] {taskinstance.py:1377} INFO - Executing <Task(_PythonDecoratedOperator): MSFT> on 2023-05-03 00:00:00+00:00
[2023-07-18 10:22:45,359] {standard_task_runner.py:52} INFO - Started process 10322 to run task
[2023-07-18 10:22:45,365] {standard_task_runner.py:79} INFO - Running: ['airflow', 'tasks', 'run', 'get_stocks_dag', 'MSFT', 'scheduled__2023-05-03T00:00:00+00:00', '--job-id', '1166', '--raw', '--subdir', 'DAGS_FOLDER/get_stocks.py', '--cfg-path', '/tmp/tmpy8fl7oa9', '--error-file', '/tmp/tmpsjmp9zu7']
[2023-07-18 10:22:45,367] {standard_task_runner.py:80} INFO - Job 1166: Subtask MSFT
[2023-07-18 10:22:45,554] {task_command.py:370} INFO - Running <TaskInstance: get_stocks_dag.MSFT scheduled__2023-05-03T00:00:00+00:00 [running]> on host lucas-Estudos
[2023-07-18 10:22:45,774] {taskinstance.py:1569} INFO - Exporting the following env vars:
AIRFLOW_CTX_DAG_OWNER=airflow
AIRFLOW_CTX_DAG_ID=get_stocks_dag
AIRFLOW_CTX_TASK_ID=MSFT
AIRFLOW_CTX_EXECUTION_DATE=2023-05-03T00:00:00+00:00
AIRFLOW_CTX_TRY_NUMBER=1
AIRFLOW_CTX_DAG_RUN_ID=scheduled__2023-05-03T00:00:00+00:00
[2023-07-18 10:22:46,792] {python.py:173} INFO - Done. Returned value was: None
[2023-07-18 10:22:46,841] {taskinstance.py:1395} INFO - Marking task as SUCCESS. dag_id=get_stocks_dag, task_id=MSFT, execution_date=20230503T000000, start_date=20230718T132245, end_date=20230718T132246
[2023-07-18 10:22:46,903] {local_task_job.py:156} INFO - Task exited with return code 0
[2023-07-18 10:22:47,054] {local_task_job.py:273} INFO - 0 downstream tasks scheduled from follow-on schedule check
