[2023-07-17 16:22:45,569] {taskinstance.py:1159} INFO - Dependencies all met for <TaskInstance: get_stocks_dag.MSFT scheduled__2023-05-03T00:00:00+00:00 [queued]>
[2023-07-17 16:22:45,607] {taskinstance.py:1159} INFO - Dependencies all met for <TaskInstance: get_stocks_dag.MSFT scheduled__2023-05-03T00:00:00+00:00 [queued]>
[2023-07-17 16:22:45,607] {taskinstance.py:1356} INFO - 
--------------------------------------------------------------------------------
[2023-07-17 16:22:45,608] {taskinstance.py:1357} INFO - Starting attempt 2 of 1
[2023-07-17 16:22:45,608] {taskinstance.py:1358} INFO - 
--------------------------------------------------------------------------------
[2023-07-17 16:22:45,704] {taskinstance.py:1377} INFO - Executing <Task(_PythonDecoratedOperator): MSFT> on 2023-05-03 00:00:00+00:00
[2023-07-17 16:22:45,731] {standard_task_runner.py:52} INFO - Started process 6822 to run task
[2023-07-17 16:22:45,763] {standard_task_runner.py:79} INFO - Running: ['airflow', 'tasks', 'run', 'get_stocks_dag', 'MSFT', 'scheduled__2023-05-03T00:00:00+00:00', '--job-id', '54', '--raw', '--subdir', 'DAGS_FOLDER/get_stocks.py', '--cfg-path', '/tmp/tmp8oylgris', '--error-file', '/tmp/tmpnat9jwps']
[2023-07-17 16:22:45,764] {standard_task_runner.py:80} INFO - Job 54: Subtask MSFT
[2023-07-17 16:22:46,006] {task_command.py:370} INFO - Running <TaskInstance: get_stocks_dag.MSFT scheduled__2023-05-03T00:00:00+00:00 [running]> on host lucas-Estudos
[2023-07-17 16:22:46,294] {taskinstance.py:1569} INFO - Exporting the following env vars:
AIRFLOW_CTX_DAG_OWNER=airflow
AIRFLOW_CTX_DAG_ID=get_stocks_dag
AIRFLOW_CTX_TASK_ID=MSFT
AIRFLOW_CTX_EXECUTION_DATE=2023-05-03T00:00:00+00:00
AIRFLOW_CTX_TRY_NUMBER=2
AIRFLOW_CTX_DAG_RUN_ID=scheduled__2023-05-03T00:00:00+00:00
[2023-07-17 16:22:47,140] {python.py:173} INFO - Done. Returned value was: None
[2023-07-17 16:22:47,175] {taskinstance.py:1395} INFO - Marking task as SUCCESS. dag_id=get_stocks_dag, task_id=MSFT, execution_date=20230503T000000, start_date=20230717T192245, end_date=20230717T192247
[2023-07-17 16:22:47,299] {local_task_job.py:156} INFO - Task exited with return code 0
[2023-07-17 16:22:47,419] {local_task_job.py:273} INFO - 0 downstream tasks scheduled from follow-on schedule check
