[2023-07-17 22:17:28,657] {taskinstance.py:1159} INFO - Dependencies all met for <TaskInstance: get_crypto_dag.BTC scheduled__2023-06-17T00:00:00+00:00 [queued]>
[2023-07-17 22:17:28,689] {taskinstance.py:1159} INFO - Dependencies all met for <TaskInstance: get_crypto_dag.BTC scheduled__2023-06-17T00:00:00+00:00 [queued]>
[2023-07-17 22:17:28,690] {taskinstance.py:1356} INFO - 
--------------------------------------------------------------------------------
[2023-07-17 22:17:28,690] {taskinstance.py:1357} INFO - Starting attempt 1 of 1
[2023-07-17 22:17:28,690] {taskinstance.py:1358} INFO - 
--------------------------------------------------------------------------------
[2023-07-17 22:17:28,714] {taskinstance.py:1377} INFO - Executing <Task(_PythonDecoratedOperator): BTC> on 2023-06-17 00:00:00+00:00
[2023-07-17 22:17:28,724] {standard_task_runner.py:52} INFO - Started process 93400 to run task
[2023-07-17 22:17:28,728] {standard_task_runner.py:79} INFO - Running: ['airflow', 'tasks', 'run', 'get_crypto_dag', 'BTC', 'scheduled__2023-06-17T00:00:00+00:00', '--job-id', '1080', '--raw', '--subdir', 'DAGS_FOLDER/get_crypto.py', '--cfg-path', '/tmp/tmpxk6y28ox', '--error-file', '/tmp/tmpgkhlv16n']
[2023-07-17 22:17:28,729] {standard_task_runner.py:80} INFO - Job 1080: Subtask BTC
[2023-07-17 22:17:28,809] {task_command.py:370} INFO - Running <TaskInstance: get_crypto_dag.BTC scheduled__2023-06-17T00:00:00+00:00 [running]> on host lucas-Estudos
[2023-07-17 22:17:28,884] {taskinstance.py:1569} INFO - Exporting the following env vars:
AIRFLOW_CTX_DAG_OWNER=airflow
AIRFLOW_CTX_DAG_ID=get_crypto_dag
AIRFLOW_CTX_TASK_ID=BTC
AIRFLOW_CTX_EXECUTION_DATE=2023-06-17T00:00:00+00:00
AIRFLOW_CTX_TRY_NUMBER=1
AIRFLOW_CTX_DAG_RUN_ID=scheduled__2023-06-17T00:00:00+00:00
[2023-07-17 22:17:29,404] {base.py:297} ERROR - BTC: No price data found, symbol may be delisted (1h 2023-06-16 -> 2023-06-17)
[2023-07-17 22:17:29,411] {python.py:173} INFO - Done. Returned value was: None
[2023-07-17 22:17:29,530] {taskinstance.py:1395} INFO - Marking task as SUCCESS. dag_id=get_crypto_dag, task_id=BTC, execution_date=20230617T000000, start_date=20230718T011728, end_date=20230718T011729
[2023-07-17 22:17:29,630] {local_task_job.py:156} INFO - Task exited with return code 0
[2023-07-17 22:17:29,734] {local_task_job.py:273} INFO - 0 downstream tasks scheduled from follow-on schedule check
[2023-07-18 10:57:08,744] {taskinstance.py:1159} INFO - Dependencies all met for <TaskInstance: get_crypto_dag.BTC scheduled__2023-06-17T00:00:00+00:00 [queued]>
[2023-07-18 10:57:08,766] {taskinstance.py:1159} INFO - Dependencies all met for <TaskInstance: get_crypto_dag.BTC scheduled__2023-06-17T00:00:00+00:00 [queued]>
[2023-07-18 10:57:08,766] {taskinstance.py:1356} INFO - 
--------------------------------------------------------------------------------
[2023-07-18 10:57:08,767] {taskinstance.py:1357} INFO - Starting attempt 1 of 1
[2023-07-18 10:57:08,767] {taskinstance.py:1358} INFO - 
--------------------------------------------------------------------------------
[2023-07-18 10:57:08,794] {taskinstance.py:1377} INFO - Executing <Task(_PythonDecoratedOperator): BTC> on 2023-06-17 00:00:00+00:00
[2023-07-18 10:57:08,803] {standard_task_runner.py:52} INFO - Started process 21927 to run task
[2023-07-18 10:57:08,810] {standard_task_runner.py:79} INFO - Running: ['airflow', 'tasks', 'run', 'get_crypto_dag', 'BTC', 'scheduled__2023-06-17T00:00:00+00:00', '--job-id', '1480', '--raw', '--subdir', 'DAGS_FOLDER/get_crypto.py', '--cfg-path', '/tmp/tmp44m5h1sb', '--error-file', '/tmp/tmpkaru67bp']
[2023-07-18 10:57:08,812] {standard_task_runner.py:80} INFO - Job 1480: Subtask BTC
[2023-07-18 10:57:08,988] {task_command.py:370} INFO - Running <TaskInstance: get_crypto_dag.BTC scheduled__2023-06-17T00:00:00+00:00 [running]> on host lucas-Estudos
[2023-07-18 10:57:09,189] {taskinstance.py:1569} INFO - Exporting the following env vars:
AIRFLOW_CTX_DAG_OWNER=airflow
AIRFLOW_CTX_DAG_ID=get_crypto_dag
AIRFLOW_CTX_TASK_ID=BTC
AIRFLOW_CTX_EXECUTION_DATE=2023-06-17T00:00:00+00:00
AIRFLOW_CTX_TRY_NUMBER=1
AIRFLOW_CTX_DAG_RUN_ID=scheduled__2023-06-17T00:00:00+00:00
[2023-07-18 10:57:09,737] {base.py:297} ERROR - BTC: No price data found, symbol may be delisted (1h 2023-06-16 -> 2023-06-17)
[2023-07-18 10:57:09,743] {python.py:173} INFO - Done. Returned value was: None
[2023-07-18 10:57:09,788] {taskinstance.py:1395} INFO - Marking task as SUCCESS. dag_id=get_crypto_dag, task_id=BTC, execution_date=20230617T000000, start_date=20230718T135708, end_date=20230718T135709
[2023-07-18 10:57:09,826] {local_task_job.py:156} INFO - Task exited with return code 0
[2023-07-18 10:57:09,926] {local_task_job.py:273} INFO - 0 downstream tasks scheduled from follow-on schedule check
