[2023-07-17 16:23:29,290] {taskinstance.py:1159} INFO - Dependencies all met for <TaskInstance: get_stocks_dag.AAPL scheduled__2023-06-20T00:00:00+00:00 [queued]>
[2023-07-17 16:23:29,341] {taskinstance.py:1159} INFO - Dependencies all met for <TaskInstance: get_stocks_dag.AAPL scheduled__2023-06-20T00:00:00+00:00 [queued]>
[2023-07-17 16:23:29,341] {taskinstance.py:1356} INFO - 
--------------------------------------------------------------------------------
[2023-07-17 16:23:29,342] {taskinstance.py:1357} INFO - Starting attempt 1 of 1
[2023-07-17 16:23:29,342] {taskinstance.py:1358} INFO - 
--------------------------------------------------------------------------------
[2023-07-17 16:23:29,394] {taskinstance.py:1377} INFO - Executing <Task(_PythonDecoratedOperator): AAPL> on 2023-06-20 00:00:00+00:00
[2023-07-17 16:23:29,410] {standard_task_runner.py:52} INFO - Started process 10806 to run task
[2023-07-17 16:23:29,437] {standard_task_runner.py:79} INFO - Running: ['airflow', 'tasks', 'run', 'get_stocks_dag', 'AAPL', 'scheduled__2023-06-20T00:00:00+00:00', '--job-id', '191', '--raw', '--subdir', 'DAGS_FOLDER/get_stocks.py', '--cfg-path', '/tmp/tmplec4y3q1', '--error-file', '/tmp/tmpaj1383lr']
[2023-07-17 16:23:29,438] {standard_task_runner.py:80} INFO - Job 191: Subtask AAPL
[2023-07-17 16:23:29,649] {task_command.py:370} INFO - Running <TaskInstance: get_stocks_dag.AAPL scheduled__2023-06-20T00:00:00+00:00 [running]> on host lucas-Estudos
[2023-07-17 16:23:30,090] {taskinstance.py:1569} INFO - Exporting the following env vars:
AIRFLOW_CTX_DAG_OWNER=airflow
AIRFLOW_CTX_DAG_ID=get_stocks_dag
AIRFLOW_CTX_TASK_ID=AAPL
AIRFLOW_CTX_EXECUTION_DATE=2023-06-20T00:00:00+00:00
AIRFLOW_CTX_TRY_NUMBER=1
AIRFLOW_CTX_DAG_RUN_ID=scheduled__2023-06-20T00:00:00+00:00
[2023-07-17 16:23:30,689] {base.py:297} ERROR - AAPL: No price data found, symbol may be delisted (1h 2023-06-19 -> 2023-06-20)
[2023-07-17 16:23:30,692] {python.py:173} INFO - Done. Returned value was: None
[2023-07-17 16:23:30,729] {taskinstance.py:1395} INFO - Marking task as SUCCESS. dag_id=get_stocks_dag, task_id=AAPL, execution_date=20230620T000000, start_date=20230717T192329, end_date=20230717T192330
[2023-07-17 16:23:30,854] {local_task_job.py:156} INFO - Task exited with return code 0
[2023-07-17 16:23:31,096] {local_task_job.py:273} INFO - 0 downstream tasks scheduled from follow-on schedule check
[2023-07-17 16:54:48,865] {taskinstance.py:1159} INFO - Dependencies all met for <TaskInstance: get_stocks_dag.AAPL scheduled__2023-06-20T00:00:00+00:00 [queued]>
[2023-07-17 16:54:48,891] {taskinstance.py:1159} INFO - Dependencies all met for <TaskInstance: get_stocks_dag.AAPL scheduled__2023-06-20T00:00:00+00:00 [queued]>
[2023-07-17 16:54:48,891] {taskinstance.py:1356} INFO - 
--------------------------------------------------------------------------------
[2023-07-17 16:54:48,891] {taskinstance.py:1357} INFO - Starting attempt 1 of 1
[2023-07-17 16:54:48,891] {taskinstance.py:1358} INFO - 
--------------------------------------------------------------------------------
[2023-07-17 16:54:48,917] {taskinstance.py:1377} INFO - Executing <Task(_PythonDecoratedOperator): AAPL> on 2023-06-20 00:00:00+00:00
[2023-07-17 16:54:48,923] {standard_task_runner.py:52} INFO - Started process 23649 to run task
[2023-07-17 16:54:48,946] {standard_task_runner.py:79} INFO - Running: ['airflow', 'tasks', 'run', 'get_stocks_dag', 'AAPL', 'scheduled__2023-06-20T00:00:00+00:00', '--job-id', '415', '--raw', '--subdir', 'DAGS_FOLDER/get_stocks.py', '--cfg-path', '/tmp/tmpsdl6w3_j', '--error-file', '/tmp/tmp_h29s79y']
[2023-07-17 16:54:48,947] {standard_task_runner.py:80} INFO - Job 415: Subtask AAPL
[2023-07-17 16:54:49,164] {task_command.py:370} INFO - Running <TaskInstance: get_stocks_dag.AAPL scheduled__2023-06-20T00:00:00+00:00 [running]> on host lucas-Estudos
[2023-07-17 16:54:49,397] {taskinstance.py:1569} INFO - Exporting the following env vars:
AIRFLOW_CTX_DAG_OWNER=airflow
AIRFLOW_CTX_DAG_ID=get_stocks_dag
AIRFLOW_CTX_TASK_ID=AAPL
AIRFLOW_CTX_EXECUTION_DATE=2023-06-20T00:00:00+00:00
AIRFLOW_CTX_TRY_NUMBER=1
AIRFLOW_CTX_DAG_RUN_ID=scheduled__2023-06-20T00:00:00+00:00
[2023-07-17 16:54:49,966] {base.py:297} ERROR - AAPL: No price data found, symbol may be delisted (1h 2023-06-19 -> 2023-06-20)
[2023-07-17 16:54:49,973] {python.py:173} INFO - Done. Returned value was: None
[2023-07-17 16:54:50,020] {taskinstance.py:1395} INFO - Marking task as SUCCESS. dag_id=get_stocks_dag, task_id=AAPL, execution_date=20230620T000000, start_date=20230717T195448, end_date=20230717T195450
[2023-07-17 16:54:50,117] {local_task_job.py:156} INFO - Task exited with return code 0
[2023-07-17 16:54:50,441] {local_task_job.py:273} INFO - 0 downstream tasks scheduled from follow-on schedule check
[2023-07-17 21:05:18,776] {taskinstance.py:1159} INFO - Dependencies all met for <TaskInstance: get_stocks_dag.AAPL scheduled__2023-06-20T00:00:00+00:00 [queued]>
[2023-07-17 21:05:18,790] {taskinstance.py:1159} INFO - Dependencies all met for <TaskInstance: get_stocks_dag.AAPL scheduled__2023-06-20T00:00:00+00:00 [queued]>
[2023-07-17 21:05:18,791] {taskinstance.py:1356} INFO - 
--------------------------------------------------------------------------------
[2023-07-17 21:05:18,791] {taskinstance.py:1357} INFO - Starting attempt 1 of 1
[2023-07-17 21:05:18,791] {taskinstance.py:1358} INFO - 
--------------------------------------------------------------------------------
[2023-07-17 21:05:18,816] {taskinstance.py:1377} INFO - Executing <Task(_PythonDecoratedOperator): AAPL> on 2023-06-20 00:00:00+00:00
[2023-07-17 21:05:18,827] {standard_task_runner.py:52} INFO - Started process 28367 to run task
[2023-07-17 21:05:18,836] {standard_task_runner.py:79} INFO - Running: ['airflow', 'tasks', 'run', 'get_stocks_dag', 'AAPL', 'scheduled__2023-06-20T00:00:00+00:00', '--job-id', '628', '--raw', '--subdir', 'DAGS_FOLDER/get_stocks.py', '--cfg-path', '/tmp/tmp_g6pkq30', '--error-file', '/tmp/tmp6hjcbe3z']
[2023-07-17 21:05:18,840] {standard_task_runner.py:80} INFO - Job 628: Subtask AAPL
[2023-07-17 21:05:19,039] {task_command.py:370} INFO - Running <TaskInstance: get_stocks_dag.AAPL scheduled__2023-06-20T00:00:00+00:00 [running]> on host lucas-Estudos
[2023-07-17 21:05:19,276] {taskinstance.py:1569} INFO - Exporting the following env vars:
AIRFLOW_CTX_DAG_OWNER=airflow
AIRFLOW_CTX_DAG_ID=get_stocks_dag
AIRFLOW_CTX_TASK_ID=AAPL
AIRFLOW_CTX_EXECUTION_DATE=2023-06-20T00:00:00+00:00
AIRFLOW_CTX_TRY_NUMBER=1
AIRFLOW_CTX_DAG_RUN_ID=scheduled__2023-06-20T00:00:00+00:00
[2023-07-17 21:05:32,968] {base.py:297} ERROR - AAPL: No price data found, symbol may be delisted (1h 2023-06-19 -> 2023-06-20)
[2023-07-17 21:05:32,975] {python.py:173} INFO - Done. Returned value was: None
[2023-07-17 21:05:33,024] {taskinstance.py:1395} INFO - Marking task as SUCCESS. dag_id=get_stocks_dag, task_id=AAPL, execution_date=20230620T000000, start_date=20230718T000518, end_date=20230718T000533
[2023-07-17 21:05:33,083] {local_task_job.py:156} INFO - Task exited with return code 0
[2023-07-17 21:05:33,199] {local_task_job.py:273} INFO - 0 downstream tasks scheduled from follow-on schedule check
[2023-07-17 22:11:40,397] {taskinstance.py:1159} INFO - Dependencies all met for <TaskInstance: get_stocks_dag.AAPL scheduled__2023-06-20T00:00:00+00:00 [queued]>
[2023-07-17 22:11:40,420] {taskinstance.py:1159} INFO - Dependencies all met for <TaskInstance: get_stocks_dag.AAPL scheduled__2023-06-20T00:00:00+00:00 [queued]>
[2023-07-17 22:11:40,420] {taskinstance.py:1356} INFO - 
--------------------------------------------------------------------------------
[2023-07-17 22:11:40,420] {taskinstance.py:1357} INFO - Starting attempt 1 of 1
[2023-07-17 22:11:40,420] {taskinstance.py:1358} INFO - 
--------------------------------------------------------------------------------
[2023-07-17 22:11:40,438] {taskinstance.py:1377} INFO - Executing <Task(_PythonDecoratedOperator): AAPL> on 2023-06-20 00:00:00+00:00
[2023-07-17 22:11:40,443] {standard_task_runner.py:52} INFO - Started process 81702 to run task
[2023-07-17 22:11:40,446] {standard_task_runner.py:79} INFO - Running: ['airflow', 'tasks', 'run', 'get_stocks_dag', 'AAPL', 'scheduled__2023-06-20T00:00:00+00:00', '--job-id', '997', '--raw', '--subdir', 'DAGS_FOLDER/get_stocks.py', '--cfg-path', '/tmp/tmpvumfq5u9', '--error-file', '/tmp/tmpqiys03di']
[2023-07-17 22:11:40,447] {standard_task_runner.py:80} INFO - Job 997: Subtask AAPL
[2023-07-17 22:11:40,565] {task_command.py:370} INFO - Running <TaskInstance: get_stocks_dag.AAPL scheduled__2023-06-20T00:00:00+00:00 [running]> on host lucas-Estudos
[2023-07-17 22:11:40,782] {taskinstance.py:1569} INFO - Exporting the following env vars:
AIRFLOW_CTX_DAG_OWNER=airflow
AIRFLOW_CTX_DAG_ID=get_stocks_dag
AIRFLOW_CTX_TASK_ID=AAPL
AIRFLOW_CTX_EXECUTION_DATE=2023-06-20T00:00:00+00:00
AIRFLOW_CTX_TRY_NUMBER=1
AIRFLOW_CTX_DAG_RUN_ID=scheduled__2023-06-20T00:00:00+00:00
[2023-07-17 22:11:47,484] {base.py:297} ERROR - AAPL: No price data found, symbol may be delisted (1h 2023-06-19 -> 2023-06-20)
[2023-07-17 22:11:47,490] {python.py:173} INFO - Done. Returned value was: None
[2023-07-17 22:11:47,544] {taskinstance.py:1395} INFO - Marking task as SUCCESS. dag_id=get_stocks_dag, task_id=AAPL, execution_date=20230620T000000, start_date=20230718T011140, end_date=20230718T011147
[2023-07-17 22:11:47,595] {local_task_job.py:156} INFO - Task exited with return code 0
[2023-07-17 22:11:47,696] {local_task_job.py:273} INFO - 0 downstream tasks scheduled from follow-on schedule check
[2023-07-18 10:58:30,731] {taskinstance.py:1159} INFO - Dependencies all met for <TaskInstance: get_stocks_dag.AAPL scheduled__2023-06-20T00:00:00+00:00 [queued]>
[2023-07-18 10:58:30,759] {taskinstance.py:1159} INFO - Dependencies all met for <TaskInstance: get_stocks_dag.AAPL scheduled__2023-06-20T00:00:00+00:00 [queued]>
[2023-07-18 10:58:30,759] {taskinstance.py:1356} INFO - 
--------------------------------------------------------------------------------
[2023-07-18 10:58:30,759] {taskinstance.py:1357} INFO - Starting attempt 1 of 1
[2023-07-18 10:58:30,760] {taskinstance.py:1358} INFO - 
--------------------------------------------------------------------------------
[2023-07-18 10:58:30,793] {taskinstance.py:1377} INFO - Executing <Task(_PythonDecoratedOperator): AAPL> on 2023-06-20 00:00:00+00:00
[2023-07-18 10:58:30,803] {standard_task_runner.py:52} INFO - Started process 24505 to run task
[2023-07-18 10:58:30,810] {standard_task_runner.py:79} INFO - Running: ['airflow', 'tasks', 'run', 'get_stocks_dag', 'AAPL', 'scheduled__2023-06-20T00:00:00+00:00', '--job-id', '1493', '--raw', '--subdir', 'DAGS_FOLDER/get_stocks.py', '--cfg-path', '/tmp/tmpivp2z2a6', '--error-file', '/tmp/tmpit8k00av']
[2023-07-18 10:58:30,813] {standard_task_runner.py:80} INFO - Job 1493: Subtask AAPL
[2023-07-18 10:58:31,006] {task_command.py:370} INFO - Running <TaskInstance: get_stocks_dag.AAPL scheduled__2023-06-20T00:00:00+00:00 [running]> on host lucas-Estudos
[2023-07-18 10:58:31,231] {taskinstance.py:1569} INFO - Exporting the following env vars:
AIRFLOW_CTX_DAG_OWNER=airflow
AIRFLOW_CTX_DAG_ID=get_stocks_dag
AIRFLOW_CTX_TASK_ID=AAPL
AIRFLOW_CTX_EXECUTION_DATE=2023-06-20T00:00:00+00:00
AIRFLOW_CTX_TRY_NUMBER=1
AIRFLOW_CTX_DAG_RUN_ID=scheduled__2023-06-20T00:00:00+00:00
[2023-07-18 10:58:31,886] {taskinstance.py:1889} ERROR - Task failed with exception
Traceback (most recent call last):
  File "/home/lucas/.local/lib/python3.10/site-packages/airflow/decorators/base.py", line 179, in execute
    return_value = super().execute(context)
  File "/home/lucas/.local/lib/python3.10/site-packages/airflow/operators/python.py", line 171, in execute
    return_value = self.execute_callable()
  File "/home/lucas/.local/lib/python3.10/site-packages/airflow/operators/python.py", line 189, in execute_callable
    return self.python_callable(*self.op_args, **self.op_kwargs)
  File "/home/lucas/Ãrea de Trabalho/Alura/EngenhariaDados/3-Executores do Airflow/Local and Celery/airflow_pipeline/dags/get_stocks.py", line 19, in get_history
    yfinance.Ticker(ticker).history(
  File "/home/lucas/.local/lib/python3.10/site-packages/yfinance/utils.py", line 105, in wrapper
    result = func(*args, **kwargs)
  File "/home/lucas/.local/lib/python3.10/site-packages/yfinance/base.py", line 299, in history
    logger.debug(f'{self.ticker}: yfinance received OHLC data: {quotes.index[0]} -> {quotes.index[-1]}')
  File "/home/lucas/.local/lib/python3.10/site-packages/pandas/core/indexes/base.py", line 5175, in __getitem__
    return getitem(key)
  File "/home/lucas/.local/lib/python3.10/site-packages/pandas/core/arrays/datetimelike.py", line 370, in __getitem__
    "Union[DatetimeLikeArrayT, DTScalarOrNaT]", super().__getitem__(key)
  File "/home/lucas/.local/lib/python3.10/site-packages/pandas/core/arrays/_mixins.py", line 272, in __getitem__
    result = self._ndarray[key]
IndexError: index 0 is out of bounds for axis 0 with size 0
[2023-07-18 10:58:31,943] {taskinstance.py:1395} INFO - Marking task as FAILED. dag_id=get_stocks_dag, task_id=AAPL, execution_date=20230620T000000, start_date=20230718T135830, end_date=20230718T135831
[2023-07-18 10:58:31,972] {standard_task_runner.py:92} ERROR - Failed to execute job 1493 for task AAPL (index 0 is out of bounds for axis 0 with size 0; 24505)
[2023-07-18 10:58:32,025] {local_task_job.py:156} INFO - Task exited with return code 1
[2023-07-18 10:58:32,143] {local_task_job.py:273} INFO - 0 downstream tasks scheduled from follow-on schedule check
