[2023-07-17 22:15:40,731] {taskinstance.py:1159} INFO - Dependencies all met for <TaskInstance: get_crypto_dag.ETH scheduled__2023-06-14T00:00:00+00:00 [queued]>
[2023-07-17 22:15:40,745] {taskinstance.py:1159} INFO - Dependencies all met for <TaskInstance: get_crypto_dag.ETH scheduled__2023-06-14T00:00:00+00:00 [queued]>
[2023-07-17 22:15:40,745] {taskinstance.py:1356} INFO - 
--------------------------------------------------------------------------------
[2023-07-17 22:15:40,745] {taskinstance.py:1357} INFO - Starting attempt 1 of 1
[2023-07-17 22:15:40,745] {taskinstance.py:1358} INFO - 
--------------------------------------------------------------------------------
[2023-07-17 22:15:40,765] {taskinstance.py:1377} INFO - Executing <Task(_PythonDecoratedOperator): ETH> on 2023-06-14 00:00:00+00:00
[2023-07-17 22:15:40,771] {standard_task_runner.py:52} INFO - Started process 89761 to run task
[2023-07-17 22:15:40,779] {standard_task_runner.py:79} INFO - Running: ['airflow', 'tasks', 'run', 'get_crypto_dag', 'ETH', 'scheduled__2023-06-14T00:00:00+00:00', '--job-id', '1056', '--raw', '--subdir', 'DAGS_FOLDER/get_crypto.py', '--cfg-path', '/tmp/tmpm_8jl5cq', '--error-file', '/tmp/tmpe523nsaa']
[2023-07-17 22:15:40,780] {standard_task_runner.py:80} INFO - Job 1056: Subtask ETH
[2023-07-17 22:15:40,841] {task_command.py:370} INFO - Running <TaskInstance: get_crypto_dag.ETH scheduled__2023-06-14T00:00:00+00:00 [running]> on host lucas-Estudos
[2023-07-17 22:15:40,908] {taskinstance.py:1569} INFO - Exporting the following env vars:
AIRFLOW_CTX_DAG_OWNER=airflow
AIRFLOW_CTX_DAG_ID=get_crypto_dag
AIRFLOW_CTX_TASK_ID=ETH
AIRFLOW_CTX_EXECUTION_DATE=2023-06-14T00:00:00+00:00
AIRFLOW_CTX_TRY_NUMBER=1
AIRFLOW_CTX_DAG_RUN_ID=scheduled__2023-06-14T00:00:00+00:00
[2023-07-17 22:15:44,538] {base.py:162} ERROR - ETH: No timezone found, symbol may be delisted
[2023-07-17 22:15:44,546] {python.py:173} INFO - Done. Returned value was: None
[2023-07-17 22:15:44,597] {taskinstance.py:1395} INFO - Marking task as SUCCESS. dag_id=get_crypto_dag, task_id=ETH, execution_date=20230614T000000, start_date=20230718T011540, end_date=20230718T011544
[2023-07-17 22:15:44,654] {local_task_job.py:156} INFO - Task exited with return code 0
[2023-07-17 22:15:44,773] {local_task_job.py:273} INFO - 0 downstream tasks scheduled from follow-on schedule check
[2023-07-18 10:54:35,929] {taskinstance.py:1159} INFO - Dependencies all met for <TaskInstance: get_crypto_dag.ETH scheduled__2023-06-14T00:00:00+00:00 [queued]>
[2023-07-18 10:54:35,953] {taskinstance.py:1159} INFO - Dependencies all met for <TaskInstance: get_crypto_dag.ETH scheduled__2023-06-14T00:00:00+00:00 [queued]>
[2023-07-18 10:54:35,954] {taskinstance.py:1356} INFO - 
--------------------------------------------------------------------------------
[2023-07-18 10:54:35,954] {taskinstance.py:1357} INFO - Starting attempt 1 of 1
[2023-07-18 10:54:35,954] {taskinstance.py:1358} INFO - 
--------------------------------------------------------------------------------
[2023-07-18 10:54:35,984] {taskinstance.py:1377} INFO - Executing <Task(_PythonDecoratedOperator): ETH> on 2023-06-14 00:00:00+00:00
[2023-07-18 10:54:35,994] {standard_task_runner.py:52} INFO - Started process 21316 to run task
[2023-07-18 10:54:36,001] {standard_task_runner.py:79} INFO - Running: ['airflow', 'tasks', 'run', 'get_crypto_dag', 'ETH', 'scheduled__2023-06-14T00:00:00+00:00', '--job-id', '1459', '--raw', '--subdir', 'DAGS_FOLDER/get_crypto.py', '--cfg-path', '/tmp/tmpml18_lej', '--error-file', '/tmp/tmptl5ur0od']
[2023-07-18 10:54:36,003] {standard_task_runner.py:80} INFO - Job 1459: Subtask ETH
[2023-07-18 10:54:36,187] {task_command.py:370} INFO - Running <TaskInstance: get_crypto_dag.ETH scheduled__2023-06-14T00:00:00+00:00 [running]> on host lucas-Estudos
[2023-07-18 10:54:36,387] {taskinstance.py:1569} INFO - Exporting the following env vars:
AIRFLOW_CTX_DAG_OWNER=airflow
AIRFLOW_CTX_DAG_ID=get_crypto_dag
AIRFLOW_CTX_TASK_ID=ETH
AIRFLOW_CTX_EXECUTION_DATE=2023-06-14T00:00:00+00:00
AIRFLOW_CTX_TRY_NUMBER=1
AIRFLOW_CTX_DAG_RUN_ID=scheduled__2023-06-14T00:00:00+00:00
[2023-07-18 10:54:36,963] {base.py:162} ERROR - ETH: No timezone found, symbol may be delisted
[2023-07-18 10:54:36,969] {python.py:173} INFO - Done. Returned value was: None
[2023-07-18 10:54:37,015] {taskinstance.py:1395} INFO - Marking task as SUCCESS. dag_id=get_crypto_dag, task_id=ETH, execution_date=20230614T000000, start_date=20230718T135435, end_date=20230718T135437
[2023-07-18 10:54:37,056] {local_task_job.py:156} INFO - Task exited with return code 0
[2023-07-18 10:54:37,162] {local_task_job.py:273} INFO - 0 downstream tasks scheduled from follow-on schedule check
