[2023-07-17 16:16:26,610] {taskinstance.py:1159} INFO - Dependencies all met for <TaskInstance: get_stocks_dag.TSLA scheduled__2023-05-02T00:00:00+00:00 [queued]>
[2023-07-17 16:16:26,656] {taskinstance.py:1159} INFO - Dependencies all met for <TaskInstance: get_stocks_dag.TSLA scheduled__2023-05-02T00:00:00+00:00 [queued]>
[2023-07-17 16:16:26,657] {taskinstance.py:1356} INFO - 
--------------------------------------------------------------------------------
[2023-07-17 16:16:26,657] {taskinstance.py:1357} INFO - Starting attempt 1 of 1
[2023-07-17 16:16:26,657] {taskinstance.py:1358} INFO - 
--------------------------------------------------------------------------------
[2023-07-17 16:16:26,776] {taskinstance.py:1377} INFO - Executing <Task(_PythonDecoratedOperator): TSLA> on 2023-05-02 00:00:00+00:00
[2023-07-17 16:16:26,807] {standard_task_runner.py:52} INFO - Started process 32598 to run task
[2023-07-17 16:16:26,852] {standard_task_runner.py:79} INFO - Running: ['airflow', 'tasks', 'run', 'get_stocks_dag', 'TSLA', 'scheduled__2023-05-02T00:00:00+00:00', '--job-id', '22', '--raw', '--subdir', 'DAGS_FOLDER/get_stocks.py', '--cfg-path', '/tmp/tmpvx0j6lzs', '--error-file', '/tmp/tmphjn9vj8n']
[2023-07-17 16:16:26,869] {standard_task_runner.py:80} INFO - Job 22: Subtask TSLA
[2023-07-17 16:16:27,782] {task_command.py:370} INFO - Running <TaskInstance: get_stocks_dag.TSLA scheduled__2023-05-02T00:00:00+00:00 [running]> on host lucas-Estudos
[2023-07-17 16:54:03,998] {taskinstance.py:1159} INFO - Dependencies all met for <TaskInstance: get_stocks_dag.TSLA scheduled__2023-05-02T00:00:00+00:00 [queued]>
[2023-07-17 16:54:04,016] {taskinstance.py:1159} INFO - Dependencies all met for <TaskInstance: get_stocks_dag.TSLA scheduled__2023-05-02T00:00:00+00:00 [queued]>
[2023-07-17 16:54:04,016] {taskinstance.py:1356} INFO - 
--------------------------------------------------------------------------------
[2023-07-17 16:54:04,016] {taskinstance.py:1357} INFO - Starting attempt 1 of 1
[2023-07-17 16:54:04,016] {taskinstance.py:1358} INFO - 
--------------------------------------------------------------------------------
[2023-07-17 16:54:04,042] {taskinstance.py:1377} INFO - Executing <Task(_PythonDecoratedOperator): TSLA> on 2023-05-02 00:00:00+00:00
[2023-07-17 16:54:04,062] {standard_task_runner.py:52} INFO - Started process 19602 to run task
[2023-07-17 16:54:04,087] {standard_task_runner.py:79} INFO - Running: ['airflow', 'tasks', 'run', 'get_stocks_dag', 'TSLA', 'scheduled__2023-05-02T00:00:00+00:00', '--job-id', '270', '--raw', '--subdir', 'DAGS_FOLDER/get_stocks.py', '--cfg-path', '/tmp/tmpzzol88c4', '--error-file', '/tmp/tmpv3ridui7']
[2023-07-17 16:54:04,104] {standard_task_runner.py:80} INFO - Job 270: Subtask TSLA
[2023-07-17 16:54:04,262] {task_command.py:370} INFO - Running <TaskInstance: get_stocks_dag.TSLA scheduled__2023-05-02T00:00:00+00:00 [running]> on host lucas-Estudos
[2023-07-17 16:54:04,527] {taskinstance.py:1569} INFO - Exporting the following env vars:
AIRFLOW_CTX_DAG_OWNER=airflow
AIRFLOW_CTX_DAG_ID=get_stocks_dag
AIRFLOW_CTX_TASK_ID=TSLA
AIRFLOW_CTX_EXECUTION_DATE=2023-05-02T00:00:00+00:00
AIRFLOW_CTX_TRY_NUMBER=1
AIRFLOW_CTX_DAG_RUN_ID=scheduled__2023-05-02T00:00:00+00:00
[2023-07-17 16:54:05,732] {python.py:173} INFO - Done. Returned value was: None
[2023-07-17 16:54:06,023] {taskinstance.py:1395} INFO - Marking task as SUCCESS. dag_id=get_stocks_dag, task_id=TSLA, execution_date=20230502T000000, start_date=20230717T195403, end_date=20230717T195406
[2023-07-17 16:54:06,074] {local_task_job.py:156} INFO - Task exited with return code 0
[2023-07-17 16:54:06,173] {local_task_job.py:273} INFO - 0 downstream tasks scheduled from follow-on schedule check
[2023-07-17 20:56:04,715] {taskinstance.py:1159} INFO - Dependencies all met for <TaskInstance: get_stocks_dag.TSLA scheduled__2023-05-02T00:00:00+00:00 [queued]>
[2023-07-17 20:56:04,741] {taskinstance.py:1159} INFO - Dependencies all met for <TaskInstance: get_stocks_dag.TSLA scheduled__2023-05-02T00:00:00+00:00 [queued]>
[2023-07-17 20:56:04,741] {taskinstance.py:1356} INFO - 
--------------------------------------------------------------------------------
[2023-07-17 20:56:04,741] {taskinstance.py:1357} INFO - Starting attempt 1 of 1
[2023-07-17 20:56:04,742] {taskinstance.py:1358} INFO - 
--------------------------------------------------------------------------------
[2023-07-17 20:56:04,774] {taskinstance.py:1377} INFO - Executing <Task(_PythonDecoratedOperator): TSLA> on 2023-05-02 00:00:00+00:00
[2023-07-17 20:56:04,785] {standard_task_runner.py:52} INFO - Started process 13517 to run task
[2023-07-17 20:56:04,791] {standard_task_runner.py:79} INFO - Running: ['airflow', 'tasks', 'run', 'get_stocks_dag', 'TSLA', 'scheduled__2023-05-02T00:00:00+00:00', '--job-id', '492', '--raw', '--subdir', 'DAGS_FOLDER/get_stocks.py', '--cfg-path', '/tmp/tmpbfegb_h6', '--error-file', '/tmp/tmphi9unjiq']
[2023-07-17 20:56:04,794] {standard_task_runner.py:80} INFO - Job 492: Subtask TSLA
[2023-07-17 20:56:05,006] {task_command.py:370} INFO - Running <TaskInstance: get_stocks_dag.TSLA scheduled__2023-05-02T00:00:00+00:00 [running]> on host lucas-Estudos
[2023-07-17 20:56:05,256] {taskinstance.py:1569} INFO - Exporting the following env vars:
AIRFLOW_CTX_DAG_OWNER=airflow
AIRFLOW_CTX_DAG_ID=get_stocks_dag
AIRFLOW_CTX_TASK_ID=TSLA
AIRFLOW_CTX_EXECUTION_DATE=2023-05-02T00:00:00+00:00
AIRFLOW_CTX_TRY_NUMBER=1
AIRFLOW_CTX_DAG_RUN_ID=scheduled__2023-05-02T00:00:00+00:00
[2023-07-17 20:56:18,995] {python.py:173} INFO - Done. Returned value was: None
[2023-07-17 20:56:19,403] {taskinstance.py:1395} INFO - Marking task as SUCCESS. dag_id=get_stocks_dag, task_id=TSLA, execution_date=20230502T000000, start_date=20230717T235604, end_date=20230717T235619
[2023-07-17 20:56:19,484] {local_task_job.py:156} INFO - Task exited with return code 0
[2023-07-17 20:56:19,617] {local_task_job.py:273} INFO - 0 downstream tasks scheduled from follow-on schedule check
[2023-07-17 21:52:09,630] {taskinstance.py:1159} INFO - Dependencies all met for <TaskInstance: get_stocks_dag.TSLA scheduled__2023-05-02T00:00:00+00:00 [queued]>
[2023-07-17 21:52:09,661] {taskinstance.py:1159} INFO - Dependencies all met for <TaskInstance: get_stocks_dag.TSLA scheduled__2023-05-02T00:00:00+00:00 [queued]>
[2023-07-17 21:52:09,661] {taskinstance.py:1356} INFO - 
--------------------------------------------------------------------------------
[2023-07-17 21:52:09,662] {taskinstance.py:1357} INFO - Starting attempt 1 of 1
[2023-07-17 21:52:09,662] {taskinstance.py:1358} INFO - 
--------------------------------------------------------------------------------
[2023-07-17 21:52:09,689] {taskinstance.py:1377} INFO - Executing <Task(_PythonDecoratedOperator): TSLA> on 2023-05-02 00:00:00+00:00
[2023-07-17 21:52:09,697] {standard_task_runner.py:52} INFO - Started process 42084 to run task
[2023-07-17 21:52:09,700] {standard_task_runner.py:79} INFO - Running: ['airflow', 'tasks', 'run', 'get_stocks_dag', 'TSLA', 'scheduled__2023-05-02T00:00:00+00:00', '--job-id', '711', '--raw', '--subdir', 'DAGS_FOLDER/get_stocks.py', '--cfg-path', '/tmp/tmpnnkyz51y', '--error-file', '/tmp/tmpsu3ltz_u']
[2023-07-17 21:52:09,702] {standard_task_runner.py:80} INFO - Job 711: Subtask TSLA
[2023-07-17 21:52:09,797] {task_command.py:370} INFO - Running <TaskInstance: get_stocks_dag.TSLA scheduled__2023-05-02T00:00:00+00:00 [running]> on host lucas-Estudos
[2023-07-17 21:52:09,910] {taskinstance.py:1569} INFO - Exporting the following env vars:
AIRFLOW_CTX_DAG_OWNER=airflow
AIRFLOW_CTX_DAG_ID=get_stocks_dag
AIRFLOW_CTX_TASK_ID=TSLA
AIRFLOW_CTX_EXECUTION_DATE=2023-05-02T00:00:00+00:00
AIRFLOW_CTX_TRY_NUMBER=1
AIRFLOW_CTX_DAG_RUN_ID=scheduled__2023-05-02T00:00:00+00:00
[2023-07-17 21:52:27,411] {python.py:173} INFO - Done. Returned value was: None
[2023-07-17 21:52:27,438] {taskinstance.py:1395} INFO - Marking task as SUCCESS. dag_id=get_stocks_dag, task_id=TSLA, execution_date=20230502T000000, start_date=20230718T005209, end_date=20230718T005227
[2023-07-17 21:52:27,472] {local_task_job.py:156} INFO - Task exited with return code 0
[2023-07-17 21:52:27,531] {local_task_job.py:273} INFO - 0 downstream tasks scheduled from follow-on schedule check
[2023-07-18 10:22:15,303] {taskinstance.py:1159} INFO - Dependencies all met for <TaskInstance: get_stocks_dag.TSLA scheduled__2023-05-02T00:00:00+00:00 [queued]>
[2023-07-18 10:22:15,327] {taskinstance.py:1159} INFO - Dependencies all met for <TaskInstance: get_stocks_dag.TSLA scheduled__2023-05-02T00:00:00+00:00 [queued]>
[2023-07-18 10:22:15,327] {taskinstance.py:1356} INFO - 
--------------------------------------------------------------------------------
[2023-07-18 10:22:15,327] {taskinstance.py:1357} INFO - Starting attempt 1 of 1
[2023-07-18 10:22:15,328] {taskinstance.py:1358} INFO - 
--------------------------------------------------------------------------------
[2023-07-18 10:22:15,359] {taskinstance.py:1377} INFO - Executing <Task(_PythonDecoratedOperator): TSLA> on 2023-05-02 00:00:00+00:00
[2023-07-18 10:22:15,369] {standard_task_runner.py:52} INFO - Started process 10164 to run task
[2023-07-18 10:22:15,377] {standard_task_runner.py:79} INFO - Running: ['airflow', 'tasks', 'run', 'get_stocks_dag', 'TSLA', 'scheduled__2023-05-02T00:00:00+00:00', '--job-id', '1161', '--raw', '--subdir', 'DAGS_FOLDER/get_stocks.py', '--cfg-path', '/tmp/tmpcwy3j_tb', '--error-file', '/tmp/tmprc2bblaf']
[2023-07-18 10:22:15,380] {standard_task_runner.py:80} INFO - Job 1161: Subtask TSLA
[2023-07-18 10:22:15,592] {task_command.py:370} INFO - Running <TaskInstance: get_stocks_dag.TSLA scheduled__2023-05-02T00:00:00+00:00 [running]> on host lucas-Estudos
[2023-07-18 10:22:15,723] {taskinstance.py:1569} INFO - Exporting the following env vars:
AIRFLOW_CTX_DAG_OWNER=airflow
AIRFLOW_CTX_DAG_ID=get_stocks_dag
AIRFLOW_CTX_TASK_ID=TSLA
AIRFLOW_CTX_EXECUTION_DATE=2023-05-02T00:00:00+00:00
AIRFLOW_CTX_TRY_NUMBER=1
AIRFLOW_CTX_DAG_RUN_ID=scheduled__2023-05-02T00:00:00+00:00
[2023-07-18 10:22:16,383] {python.py:173} INFO - Done. Returned value was: None
[2023-07-18 10:22:16,414] {taskinstance.py:1395} INFO - Marking task as SUCCESS. dag_id=get_stocks_dag, task_id=TSLA, execution_date=20230502T000000, start_date=20230718T132215, end_date=20230718T132216
[2023-07-18 10:22:16,473] {local_task_job.py:156} INFO - Task exited with return code 0
[2023-07-18 10:22:16,601] {local_task_job.py:273} INFO - 0 downstream tasks scheduled from follow-on schedule check
