[2023-07-17 16:22:46,426] {taskinstance.py:1159} INFO - Dependencies all met for <TaskInstance: get_stocks_dag.TSLA scheduled__2023-05-02T00:00:00+00:00 [queued]>
[2023-07-17 16:22:46,488] {taskinstance.py:1159} INFO - Dependencies all met for <TaskInstance: get_stocks_dag.TSLA scheduled__2023-05-02T00:00:00+00:00 [queued]>
[2023-07-17 16:22:46,488] {taskinstance.py:1356} INFO - 
--------------------------------------------------------------------------------
[2023-07-17 16:22:46,489] {taskinstance.py:1357} INFO - Starting attempt 2 of 1
[2023-07-17 16:22:46,489] {taskinstance.py:1358} INFO - 
--------------------------------------------------------------------------------
[2023-07-17 16:22:46,572] {taskinstance.py:1377} INFO - Executing <Task(_PythonDecoratedOperator): TSLA> on 2023-05-02 00:00:00+00:00
[2023-07-17 16:22:46,600] {standard_task_runner.py:79} INFO - Running: ['airflow', 'tasks', 'run', 'get_stocks_dag', 'TSLA', 'scheduled__2023-05-02T00:00:00+00:00', '--job-id', '67', '--raw', '--subdir', 'DAGS_FOLDER/get_stocks.py', '--cfg-path', '/tmp/tmp7wsjvyep', '--error-file', '/tmp/tmpvm8bkanr']
[2023-07-17 16:22:46,601] {standard_task_runner.py:80} INFO - Job 67: Subtask TSLA
[2023-07-17 16:22:46,590] {standard_task_runner.py:52} INFO - Started process 6990 to run task
[2023-07-17 16:22:46,871] {task_command.py:370} INFO - Running <TaskInstance: get_stocks_dag.TSLA scheduled__2023-05-02T00:00:00+00:00 [running]> on host lucas-Estudos
[2023-07-17 16:22:47,131] {taskinstance.py:1569} INFO - Exporting the following env vars:
AIRFLOW_CTX_DAG_OWNER=airflow
AIRFLOW_CTX_DAG_ID=get_stocks_dag
AIRFLOW_CTX_TASK_ID=TSLA
AIRFLOW_CTX_EXECUTION_DATE=2023-05-02T00:00:00+00:00
AIRFLOW_CTX_TRY_NUMBER=2
AIRFLOW_CTX_DAG_RUN_ID=scheduled__2023-05-02T00:00:00+00:00
[2023-07-17 16:22:48,103] {python.py:173} INFO - Done. Returned value was: None
[2023-07-17 16:22:48,187] {taskinstance.py:1395} INFO - Marking task as SUCCESS. dag_id=get_stocks_dag, task_id=TSLA, execution_date=20230502T000000, start_date=20230717T192246, end_date=20230717T192248
[2023-07-17 16:22:48,223] {local_task_job.py:156} INFO - Task exited with return code 0
[2023-07-17 16:22:48,434] {local_task_job.py:273} INFO - 0 downstream tasks scheduled from follow-on schedule check
