[2023-07-17 22:15:08,426] {taskinstance.py:1159} INFO - Dependencies all met for <TaskInstance: get_crypto_dag.ETH scheduled__2023-06-13T00:00:00+00:00 [queued]>
[2023-07-17 22:15:08,456] {taskinstance.py:1159} INFO - Dependencies all met for <TaskInstance: get_crypto_dag.ETH scheduled__2023-06-13T00:00:00+00:00 [queued]>
[2023-07-17 22:15:08,456] {taskinstance.py:1356} INFO - 
--------------------------------------------------------------------------------
[2023-07-17 22:15:08,457] {taskinstance.py:1357} INFO - Starting attempt 1 of 1
[2023-07-17 22:15:08,457] {taskinstance.py:1358} INFO - 
--------------------------------------------------------------------------------
[2023-07-17 22:15:08,488] {taskinstance.py:1377} INFO - Executing <Task(_PythonDecoratedOperator): ETH> on 2023-06-13 00:00:00+00:00
[2023-07-17 22:15:08,497] {standard_task_runner.py:52} INFO - Started process 88681 to run task
[2023-07-17 22:15:08,502] {standard_task_runner.py:79} INFO - Running: ['airflow', 'tasks', 'run', 'get_crypto_dag', 'ETH', 'scheduled__2023-06-13T00:00:00+00:00', '--job-id', '1048', '--raw', '--subdir', 'DAGS_FOLDER/get_crypto.py', '--cfg-path', '/tmp/tmpm9yzzwd8', '--error-file', '/tmp/tmpsjd0w2y8']
[2023-07-17 22:15:08,503] {standard_task_runner.py:80} INFO - Job 1048: Subtask ETH
[2023-07-17 22:15:08,670] {task_command.py:370} INFO - Running <TaskInstance: get_crypto_dag.ETH scheduled__2023-06-13T00:00:00+00:00 [running]> on host lucas-Estudos
[2023-07-17 22:15:08,881] {taskinstance.py:1569} INFO - Exporting the following env vars:
AIRFLOW_CTX_DAG_OWNER=airflow
AIRFLOW_CTX_DAG_ID=get_crypto_dag
AIRFLOW_CTX_TASK_ID=ETH
AIRFLOW_CTX_EXECUTION_DATE=2023-06-13T00:00:00+00:00
AIRFLOW_CTX_TRY_NUMBER=1
AIRFLOW_CTX_DAG_RUN_ID=scheduled__2023-06-13T00:00:00+00:00
[2023-07-17 22:15:12,592] {base.py:162} ERROR - ETH: No timezone found, symbol may be delisted
[2023-07-17 22:15:12,602] {python.py:173} INFO - Done. Returned value was: None
[2023-07-17 22:15:12,652] {taskinstance.py:1395} INFO - Marking task as SUCCESS. dag_id=get_crypto_dag, task_id=ETH, execution_date=20230613T000000, start_date=20230718T011508, end_date=20230718T011512
[2023-07-17 22:15:12,691] {local_task_job.py:156} INFO - Task exited with return code 0
[2023-07-17 22:15:12,813] {local_task_job.py:273} INFO - 0 downstream tasks scheduled from follow-on schedule check
[2023-07-18 10:53:32,114] {taskinstance.py:1159} INFO - Dependencies all met for <TaskInstance: get_crypto_dag.ETH scheduled__2023-06-13T00:00:00+00:00 [queued]>
[2023-07-18 10:53:32,122] {taskinstance.py:1159} INFO - Dependencies all met for <TaskInstance: get_crypto_dag.ETH scheduled__2023-06-13T00:00:00+00:00 [queued]>
[2023-07-18 10:53:32,122] {taskinstance.py:1356} INFO - 
--------------------------------------------------------------------------------
[2023-07-18 10:53:32,122] {taskinstance.py:1357} INFO - Starting attempt 1 of 1
[2023-07-18 10:53:32,123] {taskinstance.py:1358} INFO - 
--------------------------------------------------------------------------------
[2023-07-18 10:53:32,132] {taskinstance.py:1377} INFO - Executing <Task(_PythonDecoratedOperator): ETH> on 2023-06-13 00:00:00+00:00
[2023-07-18 10:53:32,136] {standard_task_runner.py:52} INFO - Started process 21031 to run task
[2023-07-18 10:53:32,138] {standard_task_runner.py:79} INFO - Running: ['airflow', 'tasks', 'run', 'get_crypto_dag', 'ETH', 'scheduled__2023-06-13T00:00:00+00:00', '--job-id', '1449', '--raw', '--subdir', 'DAGS_FOLDER/get_crypto.py', '--cfg-path', '/tmp/tmpbht2oimk', '--error-file', '/tmp/tmpxn0yjz8s']
[2023-07-18 10:53:32,139] {standard_task_runner.py:80} INFO - Job 1449: Subtask ETH
[2023-07-18 10:53:32,187] {task_command.py:370} INFO - Running <TaskInstance: get_crypto_dag.ETH scheduled__2023-06-13T00:00:00+00:00 [running]> on host lucas-Estudos
[2023-07-18 10:53:32,251] {taskinstance.py:1569} INFO - Exporting the following env vars:
AIRFLOW_CTX_DAG_OWNER=airflow
AIRFLOW_CTX_DAG_ID=get_crypto_dag
AIRFLOW_CTX_TASK_ID=ETH
AIRFLOW_CTX_EXECUTION_DATE=2023-06-13T00:00:00+00:00
AIRFLOW_CTX_TRY_NUMBER=1
AIRFLOW_CTX_DAG_RUN_ID=scheduled__2023-06-13T00:00:00+00:00
[2023-07-18 10:53:32,861] {base.py:162} ERROR - ETH: No timezone found, symbol may be delisted
[2023-07-18 10:53:32,867] {python.py:173} INFO - Done. Returned value was: None
[2023-07-18 10:53:32,916] {taskinstance.py:1395} INFO - Marking task as SUCCESS. dag_id=get_crypto_dag, task_id=ETH, execution_date=20230613T000000, start_date=20230718T135332, end_date=20230718T135332
[2023-07-18 10:53:32,953] {local_task_job.py:156} INFO - Task exited with return code 0
[2023-07-18 10:53:33,060] {local_task_job.py:273} INFO - 0 downstream tasks scheduled from follow-on schedule check
