[2023-07-17 22:06:13,556] {taskinstance.py:1159} INFO - Dependencies all met for <TaskInstance: get_crypto_dag.ETH scheduled__2023-05-27T00:00:00+00:00 [queued]>
[2023-07-17 22:06:13,570] {taskinstance.py:1159} INFO - Dependencies all met for <TaskInstance: get_crypto_dag.ETH scheduled__2023-05-27T00:00:00+00:00 [queued]>
[2023-07-17 22:06:13,570] {taskinstance.py:1356} INFO - 
--------------------------------------------------------------------------------
[2023-07-17 22:06:13,570] {taskinstance.py:1357} INFO - Starting attempt 1 of 1
[2023-07-17 22:06:13,571] {taskinstance.py:1358} INFO - 
--------------------------------------------------------------------------------
[2023-07-17 22:06:13,587] {taskinstance.py:1377} INFO - Executing <Task(_PythonDecoratedOperator): ETH> on 2023-05-27 00:00:00+00:00
[2023-07-17 22:06:13,593] {standard_task_runner.py:52} INFO - Started process 70638 to run task
[2023-07-17 22:06:13,595] {standard_task_runner.py:79} INFO - Running: ['airflow', 'tasks', 'run', 'get_crypto_dag', 'ETH', 'scheduled__2023-05-27T00:00:00+00:00', '--job-id', '915', '--raw', '--subdir', 'DAGS_FOLDER/get_crypto.py', '--cfg-path', '/tmp/tmpt7852_x9', '--error-file', '/tmp/tmpfx42ipqp']
[2023-07-17 22:06:13,596] {standard_task_runner.py:80} INFO - Job 915: Subtask ETH
[2023-07-17 22:06:13,768] {task_command.py:370} INFO - Running <TaskInstance: get_crypto_dag.ETH scheduled__2023-05-27T00:00:00+00:00 [running]> on host lucas-Estudos
[2023-07-17 22:06:14,032] {taskinstance.py:1569} INFO - Exporting the following env vars:
AIRFLOW_CTX_DAG_OWNER=airflow
AIRFLOW_CTX_DAG_ID=get_crypto_dag
AIRFLOW_CTX_TASK_ID=ETH
AIRFLOW_CTX_EXECUTION_DATE=2023-05-27T00:00:00+00:00
AIRFLOW_CTX_TRY_NUMBER=1
AIRFLOW_CTX_DAG_RUN_ID=scheduled__2023-05-27T00:00:00+00:00
[2023-07-17 22:06:14,568] {base.py:162} ERROR - ETH: No timezone found, symbol may be delisted
[2023-07-17 22:06:14,575] {python.py:173} INFO - Done. Returned value was: None
[2023-07-17 22:06:14,616] {taskinstance.py:1395} INFO - Marking task as SUCCESS. dag_id=get_crypto_dag, task_id=ETH, execution_date=20230527T000000, start_date=20230718T010613, end_date=20230718T010614
[2023-07-17 22:06:14,691] {local_task_job.py:156} INFO - Task exited with return code 0
[2023-07-17 22:06:14,823] {local_task_job.py:273} INFO - 0 downstream tasks scheduled from follow-on schedule check
[2023-07-18 10:41:06,487] {taskinstance.py:1159} INFO - Dependencies all met for <TaskInstance: get_crypto_dag.ETH scheduled__2023-05-27T00:00:00+00:00 [queued]>
[2023-07-18 10:41:06,515] {taskinstance.py:1159} INFO - Dependencies all met for <TaskInstance: get_crypto_dag.ETH scheduled__2023-05-27T00:00:00+00:00 [queued]>
[2023-07-18 10:41:06,516] {taskinstance.py:1356} INFO - 
--------------------------------------------------------------------------------
[2023-07-18 10:41:06,516] {taskinstance.py:1357} INFO - Starting attempt 1 of 1
[2023-07-18 10:41:06,516] {taskinstance.py:1358} INFO - 
--------------------------------------------------------------------------------
[2023-07-18 10:41:06,554] {taskinstance.py:1377} INFO - Executing <Task(_PythonDecoratedOperator): ETH> on 2023-05-27 00:00:00+00:00
[2023-07-18 10:41:06,567] {standard_task_runner.py:52} INFO - Started process 15689 to run task
[2023-07-18 10:41:06,577] {standard_task_runner.py:79} INFO - Running: ['airflow', 'tasks', 'run', 'get_crypto_dag', 'ETH', 'scheduled__2023-05-27T00:00:00+00:00', '--job-id', '1335', '--raw', '--subdir', 'DAGS_FOLDER/get_crypto.py', '--cfg-path', '/tmp/tmpc6ywqwh7', '--error-file', '/tmp/tmp6ujwwtl6']
[2023-07-18 10:41:06,580] {standard_task_runner.py:80} INFO - Job 1335: Subtask ETH
[2023-07-18 10:41:06,794] {task_command.py:370} INFO - Running <TaskInstance: get_crypto_dag.ETH scheduled__2023-05-27T00:00:00+00:00 [running]> on host lucas-Estudos
[2023-07-18 10:41:07,078] {taskinstance.py:1569} INFO - Exporting the following env vars:
AIRFLOW_CTX_DAG_OWNER=airflow
AIRFLOW_CTX_DAG_ID=get_crypto_dag
AIRFLOW_CTX_TASK_ID=ETH
AIRFLOW_CTX_EXECUTION_DATE=2023-05-27T00:00:00+00:00
AIRFLOW_CTX_TRY_NUMBER=1
AIRFLOW_CTX_DAG_RUN_ID=scheduled__2023-05-27T00:00:00+00:00
[2023-07-18 10:41:07,568] {base.py:162} ERROR - ETH: No timezone found, symbol may be delisted
[2023-07-18 10:41:07,572] {python.py:173} INFO - Done. Returned value was: None
[2023-07-18 10:41:07,594] {taskinstance.py:1395} INFO - Marking task as SUCCESS. dag_id=get_crypto_dag, task_id=ETH, execution_date=20230527T000000, start_date=20230718T134106, end_date=20230718T134107
[2023-07-18 10:41:07,632] {local_task_job.py:156} INFO - Task exited with return code 0
[2023-07-18 10:41:07,773] {local_task_job.py:273} INFO - 0 downstream tasks scheduled from follow-on schedule check
