[2023-07-17 16:23:48,693] {taskinstance.py:1159} INFO - Dependencies all met for <TaskInstance: get_stocks_dag.GOOG scheduled__2023-07-08T00:00:00+00:00 [queued]>
[2023-07-17 16:23:48,718] {taskinstance.py:1159} INFO - Dependencies all met for <TaskInstance: get_stocks_dag.GOOG scheduled__2023-07-08T00:00:00+00:00 [queued]>
[2023-07-17 16:23:48,718] {taskinstance.py:1356} INFO - 
--------------------------------------------------------------------------------
[2023-07-17 16:23:48,718] {taskinstance.py:1357} INFO - Starting attempt 1 of 1
[2023-07-17 16:23:48,719] {taskinstance.py:1358} INFO - 
--------------------------------------------------------------------------------
[2023-07-17 16:23:48,762] {taskinstance.py:1377} INFO - Executing <Task(_PythonDecoratedOperator): GOOG> on 2023-07-08 00:00:00+00:00
[2023-07-17 16:23:48,777] {standard_task_runner.py:52} INFO - Started process 12602 to run task
[2023-07-17 16:23:48,795] {standard_task_runner.py:79} INFO - Running: ['airflow', 'tasks', 'run', 'get_stocks_dag', 'GOOG', 'scheduled__2023-07-08T00:00:00+00:00', '--job-id', '253', '--raw', '--subdir', 'DAGS_FOLDER/get_stocks.py', '--cfg-path', '/tmp/tmp3660f1in', '--error-file', '/tmp/tmp1c4ztnw9']
[2023-07-17 16:23:48,796] {standard_task_runner.py:80} INFO - Job 253: Subtask GOOG
[2023-07-17 16:23:48,954] {task_command.py:370} INFO - Running <TaskInstance: get_stocks_dag.GOOG scheduled__2023-07-08T00:00:00+00:00 [running]> on host lucas-Estudos
[2023-07-17 16:23:49,335] {taskinstance.py:1569} INFO - Exporting the following env vars:
AIRFLOW_CTX_DAG_OWNER=airflow
AIRFLOW_CTX_DAG_ID=get_stocks_dag
AIRFLOW_CTX_TASK_ID=GOOG
AIRFLOW_CTX_EXECUTION_DATE=2023-07-08T00:00:00+00:00
AIRFLOW_CTX_TRY_NUMBER=1
AIRFLOW_CTX_DAG_RUN_ID=scheduled__2023-07-08T00:00:00+00:00
[2023-07-17 16:23:50,139] {python.py:173} INFO - Done. Returned value was: None
[2023-07-17 16:23:50,173] {taskinstance.py:1395} INFO - Marking task as SUCCESS. dag_id=get_stocks_dag, task_id=GOOG, execution_date=20230708T000000, start_date=20230717T192348, end_date=20230717T192350
[2023-07-17 16:23:50,276] {local_task_job.py:156} INFO - Task exited with return code 0
[2023-07-17 16:23:50,351] {local_task_job.py:273} INFO - 0 downstream tasks scheduled from follow-on schedule check
[2023-07-17 16:55:10,217] {taskinstance.py:1159} INFO - Dependencies all met for <TaskInstance: get_stocks_dag.GOOG scheduled__2023-07-08T00:00:00+00:00 [queued]>
[2023-07-17 16:55:10,261] {taskinstance.py:1159} INFO - Dependencies all met for <TaskInstance: get_stocks_dag.GOOG scheduled__2023-07-08T00:00:00+00:00 [queued]>
[2023-07-17 16:55:10,261] {taskinstance.py:1356} INFO - 
--------------------------------------------------------------------------------
[2023-07-17 16:55:10,261] {taskinstance.py:1357} INFO - Starting attempt 1 of 1
[2023-07-17 16:55:10,261] {taskinstance.py:1358} INFO - 
--------------------------------------------------------------------------------
[2023-07-17 16:55:10,372] {taskinstance.py:1377} INFO - Executing <Task(_PythonDecoratedOperator): GOOG> on 2023-07-08 00:00:00+00:00
[2023-07-17 16:55:10,398] {standard_task_runner.py:52} INFO - Started process 25516 to run task
[2023-07-17 16:55:10,412] {standard_task_runner.py:79} INFO - Running: ['airflow', 'tasks', 'run', 'get_stocks_dag', 'GOOG', 'scheduled__2023-07-08T00:00:00+00:00', '--job-id', '472', '--raw', '--subdir', 'DAGS_FOLDER/get_stocks.py', '--cfg-path', '/tmp/tmpnsp18v2r', '--error-file', '/tmp/tmp2xvwn_d9']
[2023-07-17 16:55:10,413] {standard_task_runner.py:80} INFO - Job 472: Subtask GOOG
[2023-07-17 16:55:10,713] {task_command.py:370} INFO - Running <TaskInstance: get_stocks_dag.GOOG scheduled__2023-07-08T00:00:00+00:00 [running]> on host lucas-Estudos
[2023-07-17 16:55:11,192] {taskinstance.py:1569} INFO - Exporting the following env vars:
AIRFLOW_CTX_DAG_OWNER=airflow
AIRFLOW_CTX_DAG_ID=get_stocks_dag
AIRFLOW_CTX_TASK_ID=GOOG
AIRFLOW_CTX_EXECUTION_DATE=2023-07-08T00:00:00+00:00
AIRFLOW_CTX_TRY_NUMBER=1
AIRFLOW_CTX_DAG_RUN_ID=scheduled__2023-07-08T00:00:00+00:00
[2023-07-17 16:55:11,968] {python.py:173} INFO - Done. Returned value was: None
[2023-07-17 16:55:12,069] {taskinstance.py:1395} INFO - Marking task as SUCCESS. dag_id=get_stocks_dag, task_id=GOOG, execution_date=20230708T000000, start_date=20230717T195510, end_date=20230717T195512
[2023-07-17 16:55:12,161] {local_task_job.py:156} INFO - Task exited with return code 0
[2023-07-17 16:55:12,354] {local_task_job.py:273} INFO - 0 downstream tasks scheduled from follow-on schedule check
[2023-07-17 21:09:17,307] {taskinstance.py:1159} INFO - Dependencies all met for <TaskInstance: get_stocks_dag.GOOG scheduled__2023-07-08T00:00:00+00:00 [queued]>
[2023-07-17 21:09:17,315] {taskinstance.py:1159} INFO - Dependencies all met for <TaskInstance: get_stocks_dag.GOOG scheduled__2023-07-08T00:00:00+00:00 [queued]>
[2023-07-17 21:09:17,316] {taskinstance.py:1356} INFO - 
--------------------------------------------------------------------------------
[2023-07-17 21:09:17,316] {taskinstance.py:1357} INFO - Starting attempt 1 of 1
[2023-07-17 21:09:17,316] {taskinstance.py:1358} INFO - 
--------------------------------------------------------------------------------
[2023-07-17 21:09:17,326] {taskinstance.py:1377} INFO - Executing <Task(_PythonDecoratedOperator): GOOG> on 2023-07-08 00:00:00+00:00
[2023-07-17 21:09:17,331] {standard_task_runner.py:52} INFO - Started process 36870 to run task
[2023-07-17 21:09:17,333] {standard_task_runner.py:79} INFO - Running: ['airflow', 'tasks', 'run', 'get_stocks_dag', 'GOOG', 'scheduled__2023-07-08T00:00:00+00:00', '--job-id', '686', '--raw', '--subdir', 'DAGS_FOLDER/get_stocks.py', '--cfg-path', '/tmp/tmphf4h9x8b', '--error-file', '/tmp/tmpvyzpzls6']
[2023-07-17 21:09:17,334] {standard_task_runner.py:80} INFO - Job 686: Subtask GOOG
[2023-07-17 21:09:17,459] {task_command.py:370} INFO - Running <TaskInstance: get_stocks_dag.GOOG scheduled__2023-07-08T00:00:00+00:00 [running]> on host lucas-Estudos
[2023-07-17 21:09:17,692] {taskinstance.py:1569} INFO - Exporting the following env vars:
AIRFLOW_CTX_DAG_OWNER=airflow
AIRFLOW_CTX_DAG_ID=get_stocks_dag
AIRFLOW_CTX_TASK_ID=GOOG
AIRFLOW_CTX_EXECUTION_DATE=2023-07-08T00:00:00+00:00
AIRFLOW_CTX_TRY_NUMBER=1
AIRFLOW_CTX_DAG_RUN_ID=scheduled__2023-07-08T00:00:00+00:00
[2023-07-17 21:09:20,434] {python.py:173} INFO - Done. Returned value was: None
[2023-07-17 21:09:20,487] {taskinstance.py:1395} INFO - Marking task as SUCCESS. dag_id=get_stocks_dag, task_id=GOOG, execution_date=20230708T000000, start_date=20230718T000917, end_date=20230718T000920
[2023-07-17 21:09:20,557] {local_task_job.py:156} INFO - Task exited with return code 0
[2023-07-17 21:09:20,680] {local_task_job.py:273} INFO - 0 downstream tasks scheduled from follow-on schedule check
[2023-07-17 22:19:26,712] {taskinstance.py:1159} INFO - Dependencies all met for <TaskInstance: get_stocks_dag.GOOG scheduled__2023-07-08T00:00:00+00:00 [queued]>
[2023-07-17 22:19:26,726] {taskinstance.py:1159} INFO - Dependencies all met for <TaskInstance: get_stocks_dag.GOOG scheduled__2023-07-08T00:00:00+00:00 [queued]>
[2023-07-17 22:19:26,726] {taskinstance.py:1356} INFO - 
--------------------------------------------------------------------------------
[2023-07-17 22:19:26,726] {taskinstance.py:1357} INFO - Starting attempt 1 of 1
[2023-07-17 22:19:26,727] {taskinstance.py:1358} INFO - 
--------------------------------------------------------------------------------
[2023-07-17 22:19:26,743] {taskinstance.py:1377} INFO - Executing <Task(_PythonDecoratedOperator): GOOG> on 2023-07-08 00:00:00+00:00
[2023-07-17 22:19:26,753] {standard_task_runner.py:52} INFO - Started process 97380 to run task
[2023-07-17 22:19:26,756] {standard_task_runner.py:79} INFO - Running: ['airflow', 'tasks', 'run', 'get_stocks_dag', 'GOOG', 'scheduled__2023-07-08T00:00:00+00:00', '--job-id', '1111', '--raw', '--subdir', 'DAGS_FOLDER/get_stocks.py', '--cfg-path', '/tmp/tmpo19xxidn', '--error-file', '/tmp/tmp_2xp9dkh']
[2023-07-17 22:19:26,758] {standard_task_runner.py:80} INFO - Job 1111: Subtask GOOG
[2023-07-17 22:19:26,841] {task_command.py:370} INFO - Running <TaskInstance: get_stocks_dag.GOOG scheduled__2023-07-08T00:00:00+00:00 [running]> on host lucas-Estudos
[2023-07-17 22:19:26,980] {taskinstance.py:1569} INFO - Exporting the following env vars:
AIRFLOW_CTX_DAG_OWNER=airflow
AIRFLOW_CTX_DAG_ID=get_stocks_dag
AIRFLOW_CTX_TASK_ID=GOOG
AIRFLOW_CTX_EXECUTION_DATE=2023-07-08T00:00:00+00:00
AIRFLOW_CTX_TRY_NUMBER=1
AIRFLOW_CTX_DAG_RUN_ID=scheduled__2023-07-08T00:00:00+00:00
[2023-07-17 22:19:30,659] {python.py:173} INFO - Done. Returned value was: None
[2023-07-17 22:19:30,706] {taskinstance.py:1395} INFO - Marking task as SUCCESS. dag_id=get_stocks_dag, task_id=GOOG, execution_date=20230708T000000, start_date=20230718T011926, end_date=20230718T011930
[2023-07-17 22:19:30,752] {local_task_job.py:156} INFO - Task exited with return code 0
[2023-07-17 22:19:30,897] {local_task_job.py:273} INFO - 0 downstream tasks scheduled from follow-on schedule check
