[2023-07-17 14:54:31,383] {taskinstance.py:1159} INFO - Dependencies all met for <TaskInstance: get_stocks_dag.AAPL scheduled__2023-07-12T00:00:00+00:00 [queued]>
[2023-07-17 14:54:31,390] {taskinstance.py:1159} INFO - Dependencies all met for <TaskInstance: get_stocks_dag.AAPL scheduled__2023-07-12T00:00:00+00:00 [queued]>
[2023-07-17 14:54:31,390] {taskinstance.py:1356} INFO - 
--------------------------------------------------------------------------------
[2023-07-17 14:54:31,390] {taskinstance.py:1357} INFO - Starting attempt 1 of 1
[2023-07-17 14:54:31,390] {taskinstance.py:1358} INFO - 
--------------------------------------------------------------------------------
[2023-07-17 14:54:31,408] {taskinstance.py:1377} INFO - Executing <Task(_PythonDecoratedOperator): AAPL> on 2023-07-12 00:00:00+00:00
[2023-07-17 14:54:31,415] {standard_task_runner.py:52} INFO - Started process 24943 to run task
[2023-07-17 14:54:31,419] {standard_task_runner.py:79} INFO - Running: ['airflow', 'tasks', 'run', 'get_stocks_dag', 'AAPL', 'scheduled__2023-07-12T00:00:00+00:00', '--job-id', '11', '--raw', '--subdir', 'DAGS_FOLDER/get_stocks.py', '--cfg-path', '/tmp/tmpn24wl278', '--error-file', '/tmp/tmpfufdw4f9']
[2023-07-17 14:54:31,419] {standard_task_runner.py:80} INFO - Job 11: Subtask AAPL
[2023-07-17 14:54:31,460] {task_command.py:370} INFO - Running <TaskInstance: get_stocks_dag.AAPL scheduled__2023-07-12T00:00:00+00:00 [running]> on host lucas-Estudos
[2023-07-17 14:54:31,512] {taskinstance.py:1569} INFO - Exporting the following env vars:
AIRFLOW_CTX_DAG_OWNER=airflow
AIRFLOW_CTX_DAG_ID=get_stocks_dag
AIRFLOW_CTX_TASK_ID=AAPL
AIRFLOW_CTX_EXECUTION_DATE=2023-07-12T00:00:00+00:00
AIRFLOW_CTX_TRY_NUMBER=1
AIRFLOW_CTX_DAG_RUN_ID=scheduled__2023-07-12T00:00:00+00:00
[2023-07-17 14:54:32,103] {python.py:173} INFO - Done. Returned value was: None
[2023-07-17 14:54:32,122] {taskinstance.py:1395} INFO - Marking task as SUCCESS. dag_id=get_stocks_dag, task_id=AAPL, execution_date=20230712T000000, start_date=20230717T175431, end_date=20230717T175432
[2023-07-17 14:54:32,194] {local_task_job.py:156} INFO - Task exited with return code 0
[2023-07-17 14:54:32,237] {local_task_job.py:273} INFO - 0 downstream tasks scheduled from follow-on schedule check
[2023-07-17 16:07:05,871] {taskinstance.py:1159} INFO - Dependencies all met for <TaskInstance: get_stocks_dag.AAPL scheduled__2023-07-12T00:00:00+00:00 [queued]>
[2023-07-17 16:07:05,899] {taskinstance.py:1159} INFO - Dependencies all met for <TaskInstance: get_stocks_dag.AAPL scheduled__2023-07-12T00:00:00+00:00 [queued]>
[2023-07-17 16:07:05,900] {taskinstance.py:1356} INFO - 
--------------------------------------------------------------------------------
[2023-07-17 16:07:05,900] {taskinstance.py:1357} INFO - Starting attempt 1 of 1
[2023-07-17 16:07:05,900] {taskinstance.py:1358} INFO - 
--------------------------------------------------------------------------------
[2023-07-17 16:07:05,964] {taskinstance.py:1377} INFO - Executing <Task(_PythonDecoratedOperator): AAPL> on 2023-07-12 00:00:00+00:00
[2023-07-17 16:07:05,975] {standard_task_runner.py:52} INFO - Started process 26238 to run task
[2023-07-17 16:07:06,012] {standard_task_runner.py:79} INFO - Running: ['airflow', 'tasks', 'run', 'get_stocks_dag', 'AAPL', 'scheduled__2023-07-12T00:00:00+00:00', '--job-id', '10', '--raw', '--subdir', 'DAGS_FOLDER/get_stocks.py', '--cfg-path', '/tmp/tmppshn7ky_', '--error-file', '/tmp/tmpbopedvqf']
[2023-07-17 16:07:06,013] {standard_task_runner.py:80} INFO - Job 10: Subtask AAPL
[2023-07-17 16:07:06,251] {task_command.py:370} INFO - Running <TaskInstance: get_stocks_dag.AAPL scheduled__2023-07-12T00:00:00+00:00 [running]> on host lucas-Estudos
[2023-07-17 16:07:06,524] {taskinstance.py:1569} INFO - Exporting the following env vars:
AIRFLOW_CTX_DAG_OWNER=airflow
AIRFLOW_CTX_DAG_ID=get_stocks_dag
AIRFLOW_CTX_TASK_ID=AAPL
AIRFLOW_CTX_EXECUTION_DATE=2023-07-12T00:00:00+00:00
AIRFLOW_CTX_TRY_NUMBER=1
AIRFLOW_CTX_DAG_RUN_ID=scheduled__2023-07-12T00:00:00+00:00
[2023-07-17 16:07:07,578] {python.py:173} INFO - Done. Returned value was: None
[2023-07-17 16:07:07,671] {taskinstance.py:1395} INFO - Marking task as SUCCESS. dag_id=get_stocks_dag, task_id=AAPL, execution_date=20230712T000000, start_date=20230717T190705, end_date=20230717T190707
[2023-07-17 16:07:07,763] {local_task_job.py:156} INFO - Task exited with return code 0
[2023-07-17 16:07:07,932] {local_task_job.py:273} INFO - 0 downstream tasks scheduled from follow-on schedule check
[2023-07-17 16:23:48,697] {taskinstance.py:1159} INFO - Dependencies all met for <TaskInstance: get_stocks_dag.AAPL scheduled__2023-07-12T00:00:00+00:00 [queued]>
[2023-07-17 16:23:48,731] {taskinstance.py:1159} INFO - Dependencies all met for <TaskInstance: get_stocks_dag.AAPL scheduled__2023-07-12T00:00:00+00:00 [queued]>
[2023-07-17 16:23:48,731] {taskinstance.py:1356} INFO - 
--------------------------------------------------------------------------------
[2023-07-17 16:23:48,731] {taskinstance.py:1357} INFO - Starting attempt 1 of 1
[2023-07-17 16:23:48,731] {taskinstance.py:1358} INFO - 
--------------------------------------------------------------------------------
[2023-07-17 16:23:48,774] {taskinstance.py:1377} INFO - Executing <Task(_PythonDecoratedOperator): AAPL> on 2023-07-12 00:00:00+00:00
[2023-07-17 16:23:48,786] {standard_task_runner.py:52} INFO - Started process 12604 to run task
[2023-07-17 16:23:48,807] {standard_task_runner.py:79} INFO - Running: ['airflow', 'tasks', 'run', 'get_stocks_dag', 'AAPL', 'scheduled__2023-07-12T00:00:00+00:00', '--job-id', '251', '--raw', '--subdir', 'DAGS_FOLDER/get_stocks.py', '--cfg-path', '/tmp/tmph743_kxo', '--error-file', '/tmp/tmp5ayv2126']
[2023-07-17 16:23:48,808] {standard_task_runner.py:80} INFO - Job 251: Subtask AAPL
[2023-07-17 16:23:48,956] {task_command.py:370} INFO - Running <TaskInstance: get_stocks_dag.AAPL scheduled__2023-07-12T00:00:00+00:00 [running]> on host lucas-Estudos
[2023-07-17 16:23:49,197] {taskinstance.py:1569} INFO - Exporting the following env vars:
AIRFLOW_CTX_DAG_OWNER=airflow
AIRFLOW_CTX_DAG_ID=get_stocks_dag
AIRFLOW_CTX_TASK_ID=AAPL
AIRFLOW_CTX_EXECUTION_DATE=2023-07-12T00:00:00+00:00
AIRFLOW_CTX_TRY_NUMBER=1
AIRFLOW_CTX_DAG_RUN_ID=scheduled__2023-07-12T00:00:00+00:00
[2023-07-17 16:23:49,832] {python.py:173} INFO - Done. Returned value was: None
[2023-07-17 16:23:49,910] {taskinstance.py:1395} INFO - Marking task as SUCCESS. dag_id=get_stocks_dag, task_id=AAPL, execution_date=20230712T000000, start_date=20230717T192348, end_date=20230717T192349
[2023-07-17 16:23:49,985] {local_task_job.py:156} INFO - Task exited with return code 0
[2023-07-17 16:23:50,142] {local_task_job.py:273} INFO - 0 downstream tasks scheduled from follow-on schedule check
[2023-07-17 16:55:10,750] {taskinstance.py:1159} INFO - Dependencies all met for <TaskInstance: get_stocks_dag.AAPL scheduled__2023-07-12T00:00:00+00:00 [queued]>
[2023-07-17 16:55:10,822] {taskinstance.py:1159} INFO - Dependencies all met for <TaskInstance: get_stocks_dag.AAPL scheduled__2023-07-12T00:00:00+00:00 [queued]>
[2023-07-17 16:55:10,822] {taskinstance.py:1356} INFO - 
--------------------------------------------------------------------------------
[2023-07-17 16:55:10,822] {taskinstance.py:1357} INFO - Starting attempt 1 of 1
[2023-07-17 16:55:10,822] {taskinstance.py:1358} INFO - 
--------------------------------------------------------------------------------
[2023-07-17 16:55:10,940] {taskinstance.py:1377} INFO - Executing <Task(_PythonDecoratedOperator): AAPL> on 2023-07-12 00:00:00+00:00
[2023-07-17 16:55:10,968] {standard_task_runner.py:52} INFO - Started process 25562 to run task
[2023-07-17 16:55:10,983] {standard_task_runner.py:79} INFO - Running: ['airflow', 'tasks', 'run', 'get_stocks_dag', 'AAPL', 'scheduled__2023-07-12T00:00:00+00:00', '--job-id', '474', '--raw', '--subdir', 'DAGS_FOLDER/get_stocks.py', '--cfg-path', '/tmp/tmpuzb7d9cg', '--error-file', '/tmp/tmp3b6hw7xt']
[2023-07-17 16:55:10,985] {standard_task_runner.py:80} INFO - Job 474: Subtask AAPL
[2023-07-17 16:55:11,218] {task_command.py:370} INFO - Running <TaskInstance: get_stocks_dag.AAPL scheduled__2023-07-12T00:00:00+00:00 [running]> on host lucas-Estudos
[2023-07-17 16:55:11,621] {taskinstance.py:1569} INFO - Exporting the following env vars:
AIRFLOW_CTX_DAG_OWNER=airflow
AIRFLOW_CTX_DAG_ID=get_stocks_dag
AIRFLOW_CTX_TASK_ID=AAPL
AIRFLOW_CTX_EXECUTION_DATE=2023-07-12T00:00:00+00:00
AIRFLOW_CTX_TRY_NUMBER=1
AIRFLOW_CTX_DAG_RUN_ID=scheduled__2023-07-12T00:00:00+00:00
[2023-07-17 16:55:12,302] {python.py:173} INFO - Done. Returned value was: None
[2023-07-17 16:55:12,354] {taskinstance.py:1395} INFO - Marking task as SUCCESS. dag_id=get_stocks_dag, task_id=AAPL, execution_date=20230712T000000, start_date=20230717T195510, end_date=20230717T195512
[2023-07-17 16:55:12,413] {local_task_job.py:156} INFO - Task exited with return code 0
[2023-07-17 16:55:12,502] {local_task_job.py:273} INFO - 0 downstream tasks scheduled from follow-on schedule check
[2023-07-17 21:09:40,844] {taskinstance.py:1159} INFO - Dependencies all met for <TaskInstance: get_stocks_dag.AAPL scheduled__2023-07-12T00:00:00+00:00 [queued]>
[2023-07-17 21:09:40,853] {taskinstance.py:1159} INFO - Dependencies all met for <TaskInstance: get_stocks_dag.AAPL scheduled__2023-07-12T00:00:00+00:00 [queued]>
[2023-07-17 21:09:40,853] {taskinstance.py:1356} INFO - 
--------------------------------------------------------------------------------
[2023-07-17 21:09:40,853] {taskinstance.py:1357} INFO - Starting attempt 1 of 1
[2023-07-17 21:09:40,854] {taskinstance.py:1358} INFO - 
--------------------------------------------------------------------------------
[2023-07-17 21:09:40,863] {taskinstance.py:1377} INFO - Executing <Task(_PythonDecoratedOperator): AAPL> on 2023-07-12 00:00:00+00:00
[2023-07-17 21:09:40,867] {standard_task_runner.py:52} INFO - Started process 37487 to run task
[2023-07-17 21:09:40,869] {standard_task_runner.py:79} INFO - Running: ['airflow', 'tasks', 'run', 'get_stocks_dag', 'AAPL', 'scheduled__2023-07-12T00:00:00+00:00', '--job-id', '692', '--raw', '--subdir', 'DAGS_FOLDER/get_stocks.py', '--cfg-path', '/tmp/tmpvp456yxv', '--error-file', '/tmp/tmpf30bmsf8']
[2023-07-17 21:09:40,870] {standard_task_runner.py:80} INFO - Job 692: Subtask AAPL
[2023-07-17 21:09:41,001] {task_command.py:370} INFO - Running <TaskInstance: get_stocks_dag.AAPL scheduled__2023-07-12T00:00:00+00:00 [running]> on host lucas-Estudos
[2023-07-17 21:09:41,247] {taskinstance.py:1569} INFO - Exporting the following env vars:
AIRFLOW_CTX_DAG_OWNER=airflow
AIRFLOW_CTX_DAG_ID=get_stocks_dag
AIRFLOW_CTX_TASK_ID=AAPL
AIRFLOW_CTX_EXECUTION_DATE=2023-07-12T00:00:00+00:00
AIRFLOW_CTX_TRY_NUMBER=1
AIRFLOW_CTX_DAG_RUN_ID=scheduled__2023-07-12T00:00:00+00:00
[2023-07-17 21:09:43,987] {python.py:173} INFO - Done. Returned value was: None
[2023-07-17 21:09:44,038] {taskinstance.py:1395} INFO - Marking task as SUCCESS. dag_id=get_stocks_dag, task_id=AAPL, execution_date=20230712T000000, start_date=20230718T000940, end_date=20230718T000944
[2023-07-17 21:09:44,093] {local_task_job.py:156} INFO - Task exited with return code 0
[2023-07-17 21:09:44,213] {local_task_job.py:273} INFO - 0 downstream tasks scheduled from follow-on schedule check
[2023-07-17 22:20:43,977] {taskinstance.py:1159} INFO - Dependencies all met for <TaskInstance: get_stocks_dag.AAPL scheduled__2023-07-12T00:00:00+00:00 [queued]>
[2023-07-17 22:20:43,989] {taskinstance.py:1159} INFO - Dependencies all met for <TaskInstance: get_stocks_dag.AAPL scheduled__2023-07-12T00:00:00+00:00 [queued]>
[2023-07-17 22:20:43,989] {taskinstance.py:1356} INFO - 
--------------------------------------------------------------------------------
[2023-07-17 22:20:43,989] {taskinstance.py:1357} INFO - Starting attempt 1 of 1
[2023-07-17 22:20:43,989] {taskinstance.py:1358} INFO - 
--------------------------------------------------------------------------------
[2023-07-17 22:20:44,003] {taskinstance.py:1377} INFO - Executing <Task(_PythonDecoratedOperator): AAPL> on 2023-07-12 00:00:00+00:00
[2023-07-17 22:20:44,010] {standard_task_runner.py:52} INFO - Started process 99986 to run task
[2023-07-17 22:20:44,014] {standard_task_runner.py:79} INFO - Running: ['airflow', 'tasks', 'run', 'get_stocks_dag', 'AAPL', 'scheduled__2023-07-12T00:00:00+00:00', '--job-id', '1130', '--raw', '--subdir', 'DAGS_FOLDER/get_stocks.py', '--cfg-path', '/tmp/tmpdekvhik2', '--error-file', '/tmp/tmpe_fh5gge']
[2023-07-17 22:20:44,015] {standard_task_runner.py:80} INFO - Job 1130: Subtask AAPL
[2023-07-17 22:20:44,096] {task_command.py:370} INFO - Running <TaskInstance: get_stocks_dag.AAPL scheduled__2023-07-12T00:00:00+00:00 [running]> on host lucas-Estudos
[2023-07-17 22:20:44,156] {taskinstance.py:1569} INFO - Exporting the following env vars:
AIRFLOW_CTX_DAG_OWNER=airflow
AIRFLOW_CTX_DAG_ID=get_stocks_dag
AIRFLOW_CTX_TASK_ID=AAPL
AIRFLOW_CTX_EXECUTION_DATE=2023-07-12T00:00:00+00:00
AIRFLOW_CTX_TRY_NUMBER=1
AIRFLOW_CTX_DAG_RUN_ID=scheduled__2023-07-12T00:00:00+00:00
[2023-07-17 22:20:46,885] {python.py:173} INFO - Done. Returned value was: None
[2023-07-17 22:20:46,937] {taskinstance.py:1395} INFO - Marking task as SUCCESS. dag_id=get_stocks_dag, task_id=AAPL, execution_date=20230712T000000, start_date=20230718T012043, end_date=20230718T012046
[2023-07-17 22:20:46,997] {local_task_job.py:156} INFO - Task exited with return code 0
[2023-07-17 22:20:47,225] {local_task_job.py:273} INFO - 0 downstream tasks scheduled from follow-on schedule check
