[2023-07-08 01:05:37,784] {taskinstance.py:1159} INFO - Dependencies all met for <TaskInstance: dados_climaticos.cria_pasta scheduled__2022-09-12T00:00:00+00:00 [queued]>
[2023-07-08 01:05:37,790] {taskinstance.py:1159} INFO - Dependencies all met for <TaskInstance: dados_climaticos.cria_pasta scheduled__2022-09-12T00:00:00+00:00 [queued]>
[2023-07-08 01:05:37,790] {taskinstance.py:1356} INFO - 
--------------------------------------------------------------------------------
[2023-07-08 01:05:37,790] {taskinstance.py:1357} INFO - Starting attempt 1 of 1
[2023-07-08 01:05:37,790] {taskinstance.py:1358} INFO - 
--------------------------------------------------------------------------------
[2023-07-08 01:05:37,803] {taskinstance.py:1377} INFO - Executing <Task(BashOperator): cria_pasta> on 2022-09-12 00:00:00+00:00
[2023-07-08 01:05:37,806] {standard_task_runner.py:52} INFO - Started process 38010 to run task
[2023-07-08 01:05:37,810] {standard_task_runner.py:79} INFO - Running: ['airflow', 'tasks', 'run', 'dados_climaticos', 'cria_pasta', 'scheduled__2022-09-12T00:00:00+00:00', '--job-id', '31', '--raw', '--subdir', 'DAGS_FOLDER/dados_climaticos.py', '--cfg-path', '/tmp/tmpahf3ge36', '--error-file', '/tmp/tmp9kdctekv']
[2023-07-08 01:05:37,811] {standard_task_runner.py:80} INFO - Job 31: Subtask cria_pasta
[2023-07-08 01:05:37,862] {task_command.py:370} INFO - Running <TaskInstance: dados_climaticos.cria_pasta scheduled__2022-09-12T00:00:00+00:00 [running]> on host lucas-Estudos
[2023-07-08 01:05:37,931] {taskinstance.py:1569} INFO - Exporting the following env vars:
AIRFLOW_CTX_DAG_OWNER=airflow
AIRFLOW_CTX_DAG_ID=dados_climaticos
AIRFLOW_CTX_TASK_ID=cria_pasta
AIRFLOW_CTX_EXECUTION_DATE=2022-09-12T00:00:00+00:00
AIRFLOW_CTX_TRY_NUMBER=1
AIRFLOW_CTX_DAG_RUN_ID=scheduled__2022-09-12T00:00:00+00:00
[2023-07-08 01:05:37,932] {subprocess.py:62} INFO - Tmp dir root location: 
 /tmp
[2023-07-08 01:05:37,932] {subprocess.py:74} INFO - Running command: ['bash', '-c', 'mkdir -p "/home/lucas/Área de Trabalho/apresentação/DadosExtraidos/semana=2022-09-19"']
[2023-07-08 01:05:37,940] {subprocess.py:85} INFO - Output:
[2023-07-08 01:05:37,943] {subprocess.py:96} INFO - Command exited with return code 0
[2023-07-08 01:05:37,963] {taskinstance.py:1395} INFO - Marking task as SUCCESS. dag_id=dados_climaticos, task_id=cria_pasta, execution_date=20220912T000000, start_date=20230708T040537, end_date=20230708T040537
[2023-07-08 01:05:37,983] {local_task_job.py:156} INFO - Task exited with return code 0
[2023-07-08 01:05:38,074] {local_task_job.py:273} INFO - 1 downstream tasks scheduled from follow-on schedule check
