[2023-07-17 22:05:30,561] {taskinstance.py:1159} INFO - Dependencies all met for <TaskInstance: get_crypto_dag.AVAX scheduled__2023-05-26T00:00:00+00:00 [queued]>
[2023-07-17 22:05:30,572] {taskinstance.py:1159} INFO - Dependencies all met for <TaskInstance: get_crypto_dag.AVAX scheduled__2023-05-26T00:00:00+00:00 [queued]>
[2023-07-17 22:05:30,573] {taskinstance.py:1356} INFO - 
--------------------------------------------------------------------------------
[2023-07-17 22:05:30,573] {taskinstance.py:1357} INFO - Starting attempt 1 of 1
[2023-07-17 22:05:30,573] {taskinstance.py:1358} INFO - 
--------------------------------------------------------------------------------
[2023-07-17 22:05:30,589] {taskinstance.py:1377} INFO - Executing <Task(_PythonDecoratedOperator): AVAX> on 2023-05-26 00:00:00+00:00
[2023-07-17 22:05:30,593] {standard_task_runner.py:52} INFO - Started process 69160 to run task
[2023-07-17 22:05:30,595] {standard_task_runner.py:79} INFO - Running: ['airflow', 'tasks', 'run', 'get_crypto_dag', 'AVAX', 'scheduled__2023-05-26T00:00:00+00:00', '--job-id', '904', '--raw', '--subdir', 'DAGS_FOLDER/get_crypto.py', '--cfg-path', '/tmp/tmpt_ldoj00', '--error-file', '/tmp/tmprx_9iib4']
[2023-07-17 22:05:30,596] {standard_task_runner.py:80} INFO - Job 904: Subtask AVAX
[2023-07-17 22:05:30,691] {task_command.py:370} INFO - Running <TaskInstance: get_crypto_dag.AVAX scheduled__2023-05-26T00:00:00+00:00 [running]> on host lucas-Estudos
[2023-07-17 22:05:30,941] {taskinstance.py:1569} INFO - Exporting the following env vars:
AIRFLOW_CTX_DAG_OWNER=airflow
AIRFLOW_CTX_DAG_ID=get_crypto_dag
AIRFLOW_CTX_TASK_ID=AVAX
AIRFLOW_CTX_EXECUTION_DATE=2023-05-26T00:00:00+00:00
AIRFLOW_CTX_TRY_NUMBER=1
AIRFLOW_CTX_DAG_RUN_ID=scheduled__2023-05-26T00:00:00+00:00
[2023-07-17 22:05:31,523] {base.py:162} ERROR - AVAX: No timezone found, symbol may be delisted
[2023-07-17 22:05:31,531] {python.py:173} INFO - Done. Returned value was: None
[2023-07-17 22:05:31,585] {taskinstance.py:1395} INFO - Marking task as SUCCESS. dag_id=get_crypto_dag, task_id=AVAX, execution_date=20230526T000000, start_date=20230718T010530, end_date=20230718T010531
[2023-07-17 22:05:31,651] {local_task_job.py:156} INFO - Task exited with return code 0
[2023-07-17 22:05:31,776] {local_task_job.py:273} INFO - 0 downstream tasks scheduled from follow-on schedule check
[2023-07-18 10:40:29,556] {taskinstance.py:1159} INFO - Dependencies all met for <TaskInstance: get_crypto_dag.AVAX scheduled__2023-05-26T00:00:00+00:00 [queued]>
[2023-07-18 10:40:29,569] {taskinstance.py:1159} INFO - Dependencies all met for <TaskInstance: get_crypto_dag.AVAX scheduled__2023-05-26T00:00:00+00:00 [queued]>
[2023-07-18 10:40:29,569] {taskinstance.py:1356} INFO - 
--------------------------------------------------------------------------------
[2023-07-18 10:40:29,569] {taskinstance.py:1357} INFO - Starting attempt 1 of 1
[2023-07-18 10:40:29,569] {taskinstance.py:1358} INFO - 
--------------------------------------------------------------------------------
[2023-07-18 10:40:29,590] {taskinstance.py:1377} INFO - Executing <Task(_PythonDecoratedOperator): AVAX> on 2023-05-26 00:00:00+00:00
[2023-07-18 10:40:29,600] {standard_task_runner.py:52} INFO - Started process 15427 to run task
[2023-07-18 10:40:29,607] {standard_task_runner.py:79} INFO - Running: ['airflow', 'tasks', 'run', 'get_crypto_dag', 'AVAX', 'scheduled__2023-05-26T00:00:00+00:00', '--job-id', '1329', '--raw', '--subdir', 'DAGS_FOLDER/get_crypto.py', '--cfg-path', '/tmp/tmpnt4k559u', '--error-file', '/tmp/tmpccwbcgaq']
[2023-07-18 10:40:29,609] {standard_task_runner.py:80} INFO - Job 1329: Subtask AVAX
[2023-07-18 10:40:29,783] {task_command.py:370} INFO - Running <TaskInstance: get_crypto_dag.AVAX scheduled__2023-05-26T00:00:00+00:00 [running]> on host lucas-Estudos
[2023-07-18 10:40:30,015] {taskinstance.py:1569} INFO - Exporting the following env vars:
AIRFLOW_CTX_DAG_OWNER=airflow
AIRFLOW_CTX_DAG_ID=get_crypto_dag
AIRFLOW_CTX_TASK_ID=AVAX
AIRFLOW_CTX_EXECUTION_DATE=2023-05-26T00:00:00+00:00
AIRFLOW_CTX_TRY_NUMBER=1
AIRFLOW_CTX_DAG_RUN_ID=scheduled__2023-05-26T00:00:00+00:00
[2023-07-18 10:40:30,604] {base.py:162} ERROR - AVAX: No timezone found, symbol may be delisted
[2023-07-18 10:40:30,612] {python.py:173} INFO - Done. Returned value was: None
[2023-07-18 10:40:30,653] {taskinstance.py:1395} INFO - Marking task as SUCCESS. dag_id=get_crypto_dag, task_id=AVAX, execution_date=20230526T000000, start_date=20230718T134029, end_date=20230718T134030
[2023-07-18 10:40:30,702] {local_task_job.py:156} INFO - Task exited with return code 0
[2023-07-18 10:40:30,801] {local_task_job.py:273} INFO - 0 downstream tasks scheduled from follow-on schedule check
