[2023-07-17 22:17:55,277] {taskinstance.py:1159} INFO - Dependencies all met for <TaskInstance: get_crypto_dag.BTC scheduled__2023-06-18T00:00:00+00:00 [queued]>
[2023-07-17 22:17:55,286] {taskinstance.py:1159} INFO - Dependencies all met for <TaskInstance: get_crypto_dag.BTC scheduled__2023-06-18T00:00:00+00:00 [queued]>
[2023-07-17 22:17:55,286] {taskinstance.py:1356} INFO - 
--------------------------------------------------------------------------------
[2023-07-17 22:17:55,286] {taskinstance.py:1357} INFO - Starting attempt 1 of 1
[2023-07-17 22:17:55,286] {taskinstance.py:1358} INFO - 
--------------------------------------------------------------------------------
[2023-07-17 22:17:55,300] {taskinstance.py:1377} INFO - Executing <Task(_PythonDecoratedOperator): BTC> on 2023-06-18 00:00:00+00:00
[2023-07-17 22:17:55,306] {standard_task_runner.py:52} INFO - Started process 94351 to run task
[2023-07-17 22:17:55,309] {standard_task_runner.py:79} INFO - Running: ['airflow', 'tasks', 'run', 'get_crypto_dag', 'BTC', 'scheduled__2023-06-18T00:00:00+00:00', '--job-id', '1088', '--raw', '--subdir', 'DAGS_FOLDER/get_crypto.py', '--cfg-path', '/tmp/tmprxttqz4p', '--error-file', '/tmp/tmp4l2z_z2d']
[2023-07-17 22:17:55,311] {standard_task_runner.py:80} INFO - Job 1088: Subtask BTC
[2023-07-17 22:17:55,404] {task_command.py:370} INFO - Running <TaskInstance: get_crypto_dag.BTC scheduled__2023-06-18T00:00:00+00:00 [running]> on host lucas-Estudos
[2023-07-17 22:17:55,480] {taskinstance.py:1569} INFO - Exporting the following env vars:
AIRFLOW_CTX_DAG_OWNER=airflow
AIRFLOW_CTX_DAG_ID=get_crypto_dag
AIRFLOW_CTX_TASK_ID=BTC
AIRFLOW_CTX_EXECUTION_DATE=2023-06-18T00:00:00+00:00
AIRFLOW_CTX_TRY_NUMBER=1
AIRFLOW_CTX_DAG_RUN_ID=scheduled__2023-06-18T00:00:00+00:00
[2023-07-17 22:17:59,202] {base.py:297} ERROR - BTC: No price data found, symbol may be delisted (1h 2023-06-17 -> 2023-06-18)
[2023-07-17 22:17:59,209] {python.py:173} INFO - Done. Returned value was: None
[2023-07-17 22:17:59,267] {taskinstance.py:1395} INFO - Marking task as SUCCESS. dag_id=get_crypto_dag, task_id=BTC, execution_date=20230618T000000, start_date=20230718T011755, end_date=20230718T011759
[2023-07-17 22:17:59,337] {local_task_job.py:156} INFO - Task exited with return code 0
[2023-07-17 22:17:59,458] {local_task_job.py:273} INFO - 0 downstream tasks scheduled from follow-on schedule check
[2023-07-18 10:57:38,547] {taskinstance.py:1159} INFO - Dependencies all met for <TaskInstance: get_crypto_dag.BTC scheduled__2023-06-18T00:00:00+00:00 [queued]>
[2023-07-18 10:57:38,572] {taskinstance.py:1159} INFO - Dependencies all met for <TaskInstance: get_crypto_dag.BTC scheduled__2023-06-18T00:00:00+00:00 [queued]>
[2023-07-18 10:57:38,572] {taskinstance.py:1356} INFO - 
--------------------------------------------------------------------------------
[2023-07-18 10:57:38,573] {taskinstance.py:1357} INFO - Starting attempt 1 of 1
[2023-07-18 10:57:38,573] {taskinstance.py:1358} INFO - 
--------------------------------------------------------------------------------
[2023-07-18 10:57:38,605] {taskinstance.py:1377} INFO - Executing <Task(_PythonDecoratedOperator): BTC> on 2023-06-18 00:00:00+00:00
[2023-07-18 10:57:38,619] {standard_task_runner.py:52} INFO - Started process 23405 to run task
[2023-07-18 10:57:38,629] {standard_task_runner.py:79} INFO - Running: ['airflow', 'tasks', 'run', 'get_crypto_dag', 'BTC', 'scheduled__2023-06-18T00:00:00+00:00', '--job-id', '1485', '--raw', '--subdir', 'DAGS_FOLDER/get_crypto.py', '--cfg-path', '/tmp/tmpvwind3ez', '--error-file', '/tmp/tmp7zodgldb']
[2023-07-18 10:57:38,631] {standard_task_runner.py:80} INFO - Job 1485: Subtask BTC
[2023-07-18 10:57:38,841] {task_command.py:370} INFO - Running <TaskInstance: get_crypto_dag.BTC scheduled__2023-06-18T00:00:00+00:00 [running]> on host lucas-Estudos
[2023-07-18 10:57:39,095] {taskinstance.py:1569} INFO - Exporting the following env vars:
AIRFLOW_CTX_DAG_OWNER=airflow
AIRFLOW_CTX_DAG_ID=get_crypto_dag
AIRFLOW_CTX_TASK_ID=BTC
AIRFLOW_CTX_EXECUTION_DATE=2023-06-18T00:00:00+00:00
AIRFLOW_CTX_TRY_NUMBER=1
AIRFLOW_CTX_DAG_RUN_ID=scheduled__2023-06-18T00:00:00+00:00
[2023-07-18 10:57:39,753] {base.py:297} ERROR - BTC: No price data found, symbol may be delisted (1h 2023-06-17 -> 2023-06-18)
[2023-07-18 10:57:39,760] {python.py:173} INFO - Done. Returned value was: None
[2023-07-18 10:57:39,815] {taskinstance.py:1395} INFO - Marking task as SUCCESS. dag_id=get_crypto_dag, task_id=BTC, execution_date=20230618T000000, start_date=20230718T135738, end_date=20230718T135739
[2023-07-18 10:57:39,883] {local_task_job.py:156} INFO - Task exited with return code 0
[2023-07-18 10:57:40,012] {local_task_job.py:273} INFO - 0 downstream tasks scheduled from follow-on schedule check
