[2023-07-17 16:23:30,151] {taskinstance.py:1159} INFO - Dependencies all met for <TaskInstance: get_stocks_dag.GOOG scheduled__2023-06-17T00:00:00+00:00 [queued]>
[2023-07-17 16:23:30,188] {taskinstance.py:1159} INFO - Dependencies all met for <TaskInstance: get_stocks_dag.GOOG scheduled__2023-06-17T00:00:00+00:00 [queued]>
[2023-07-17 16:23:30,188] {taskinstance.py:1356} INFO - 
--------------------------------------------------------------------------------
[2023-07-17 16:23:30,188] {taskinstance.py:1357} INFO - Starting attempt 1 of 1
[2023-07-17 16:23:30,188] {taskinstance.py:1358} INFO - 
--------------------------------------------------------------------------------
[2023-07-17 16:23:30,228] {taskinstance.py:1377} INFO - Executing <Task(_PythonDecoratedOperator): GOOG> on 2023-06-17 00:00:00+00:00
[2023-07-17 16:23:30,247] {standard_task_runner.py:52} INFO - Started process 10887 to run task
[2023-07-17 16:23:30,275] {standard_task_runner.py:79} INFO - Running: ['airflow', 'tasks', 'run', 'get_stocks_dag', 'GOOG', 'scheduled__2023-06-17T00:00:00+00:00', '--job-id', '199', '--raw', '--subdir', 'DAGS_FOLDER/get_stocks.py', '--cfg-path', '/tmp/tmpumqytj2y', '--error-file', '/tmp/tmpeaace9cy']
[2023-07-17 16:23:30,276] {standard_task_runner.py:80} INFO - Job 199: Subtask GOOG
[2023-07-17 16:23:30,401] {task_command.py:370} INFO - Running <TaskInstance: get_stocks_dag.GOOG scheduled__2023-06-17T00:00:00+00:00 [running]> on host lucas-Estudos
[2023-07-17 16:23:30,563] {taskinstance.py:1569} INFO - Exporting the following env vars:
AIRFLOW_CTX_DAG_OWNER=airflow
AIRFLOW_CTX_DAG_ID=get_stocks_dag
AIRFLOW_CTX_TASK_ID=GOOG
AIRFLOW_CTX_EXECUTION_DATE=2023-06-17T00:00:00+00:00
AIRFLOW_CTX_TRY_NUMBER=1
AIRFLOW_CTX_DAG_RUN_ID=scheduled__2023-06-17T00:00:00+00:00
[2023-07-17 16:23:31,154] {python.py:173} INFO - Done. Returned value was: None
[2023-07-17 16:23:31,258] {taskinstance.py:1395} INFO - Marking task as SUCCESS. dag_id=get_stocks_dag, task_id=GOOG, execution_date=20230617T000000, start_date=20230717T192330, end_date=20230717T192331
[2023-07-17 16:23:31,340] {local_task_job.py:156} INFO - Task exited with return code 0
[2023-07-17 16:23:31,469] {local_task_job.py:273} INFO - 0 downstream tasks scheduled from follow-on schedule check
[2023-07-17 16:54:47,742] {taskinstance.py:1159} INFO - Dependencies all met for <TaskInstance: get_stocks_dag.GOOG scheduled__2023-06-17T00:00:00+00:00 [queued]>
[2023-07-17 16:54:47,790] {taskinstance.py:1159} INFO - Dependencies all met for <TaskInstance: get_stocks_dag.GOOG scheduled__2023-06-17T00:00:00+00:00 [queued]>
[2023-07-17 16:54:47,790] {taskinstance.py:1356} INFO - 
--------------------------------------------------------------------------------
[2023-07-17 16:54:47,790] {taskinstance.py:1357} INFO - Starting attempt 1 of 1
[2023-07-17 16:54:47,790] {taskinstance.py:1358} INFO - 
--------------------------------------------------------------------------------
[2023-07-17 16:54:47,880] {taskinstance.py:1377} INFO - Executing <Task(_PythonDecoratedOperator): GOOG> on 2023-06-17 00:00:00+00:00
[2023-07-17 16:54:47,902] {standard_task_runner.py:52} INFO - Started process 23475 to run task
[2023-07-17 16:54:47,924] {standard_task_runner.py:79} INFO - Running: ['airflow', 'tasks', 'run', 'get_stocks_dag', 'GOOG', 'scheduled__2023-06-17T00:00:00+00:00', '--job-id', '407', '--raw', '--subdir', 'DAGS_FOLDER/get_stocks.py', '--cfg-path', '/tmp/tmpun1bb2lc', '--error-file', '/tmp/tmp1anwj7ld']
[2023-07-17 16:54:47,925] {standard_task_runner.py:80} INFO - Job 407: Subtask GOOG
[2023-07-17 16:54:48,159] {task_command.py:370} INFO - Running <TaskInstance: get_stocks_dag.GOOG scheduled__2023-06-17T00:00:00+00:00 [running]> on host lucas-Estudos
[2023-07-17 16:54:48,350] {taskinstance.py:1569} INFO - Exporting the following env vars:
AIRFLOW_CTX_DAG_OWNER=airflow
AIRFLOW_CTX_DAG_ID=get_stocks_dag
AIRFLOW_CTX_TASK_ID=GOOG
AIRFLOW_CTX_EXECUTION_DATE=2023-06-17T00:00:00+00:00
AIRFLOW_CTX_TRY_NUMBER=1
AIRFLOW_CTX_DAG_RUN_ID=scheduled__2023-06-17T00:00:00+00:00
[2023-07-17 16:54:49,006] {python.py:173} INFO - Done. Returned value was: None
[2023-07-17 16:54:49,067] {taskinstance.py:1395} INFO - Marking task as SUCCESS. dag_id=get_stocks_dag, task_id=GOOG, execution_date=20230617T000000, start_date=20230717T195447, end_date=20230717T195449
[2023-07-17 16:54:49,124] {local_task_job.py:156} INFO - Task exited with return code 0
[2023-07-17 16:54:49,219] {local_task_job.py:273} INFO - 0 downstream tasks scheduled from follow-on schedule check
[2023-07-17 21:05:09,765] {taskinstance.py:1159} INFO - Dependencies all met for <TaskInstance: get_stocks_dag.GOOG scheduled__2023-06-17T00:00:00+00:00 [queued]>
[2023-07-17 21:05:09,773] {taskinstance.py:1159} INFO - Dependencies all met for <TaskInstance: get_stocks_dag.GOOG scheduled__2023-06-17T00:00:00+00:00 [queued]>
[2023-07-17 21:05:09,773] {taskinstance.py:1356} INFO - 
--------------------------------------------------------------------------------
[2023-07-17 21:05:09,773] {taskinstance.py:1357} INFO - Starting attempt 1 of 1
[2023-07-17 21:05:09,773] {taskinstance.py:1358} INFO - 
--------------------------------------------------------------------------------
[2023-07-17 21:05:09,782] {taskinstance.py:1377} INFO - Executing <Task(_PythonDecoratedOperator): GOOG> on 2023-06-17 00:00:00+00:00
[2023-07-17 21:05:09,786] {standard_task_runner.py:52} INFO - Started process 28130 to run task
[2023-07-17 21:05:09,788] {standard_task_runner.py:79} INFO - Running: ['airflow', 'tasks', 'run', 'get_stocks_dag', 'GOOG', 'scheduled__2023-06-17T00:00:00+00:00', '--job-id', '626', '--raw', '--subdir', 'DAGS_FOLDER/get_stocks.py', '--cfg-path', '/tmp/tmp3oyjgjg2', '--error-file', '/tmp/tmplxo50bnw']
[2023-07-17 21:05:09,789] {standard_task_runner.py:80} INFO - Job 626: Subtask GOOG
[2023-07-17 21:05:09,891] {task_command.py:370} INFO - Running <TaskInstance: get_stocks_dag.GOOG scheduled__2023-06-17T00:00:00+00:00 [running]> on host lucas-Estudos
[2023-07-17 21:05:10,099] {taskinstance.py:1569} INFO - Exporting the following env vars:
AIRFLOW_CTX_DAG_OWNER=airflow
AIRFLOW_CTX_DAG_ID=get_stocks_dag
AIRFLOW_CTX_TASK_ID=GOOG
AIRFLOW_CTX_EXECUTION_DATE=2023-06-17T00:00:00+00:00
AIRFLOW_CTX_TRY_NUMBER=1
AIRFLOW_CTX_DAG_RUN_ID=scheduled__2023-06-17T00:00:00+00:00
[2023-07-17 21:05:16,954] {python.py:173} INFO - Done. Returned value was: None
[2023-07-17 21:05:17,015] {taskinstance.py:1395} INFO - Marking task as SUCCESS. dag_id=get_stocks_dag, task_id=GOOG, execution_date=20230617T000000, start_date=20230718T000509, end_date=20230718T000517
[2023-07-17 21:05:17,070] {local_task_job.py:156} INFO - Task exited with return code 0
[2023-07-17 21:05:17,180] {local_task_job.py:273} INFO - 0 downstream tasks scheduled from follow-on schedule check
[2023-07-17 22:11:14,895] {taskinstance.py:1159} INFO - Dependencies all met for <TaskInstance: get_stocks_dag.GOOG scheduled__2023-06-17T00:00:00+00:00 [queued]>
[2023-07-17 22:11:14,907] {taskinstance.py:1159} INFO - Dependencies all met for <TaskInstance: get_stocks_dag.GOOG scheduled__2023-06-17T00:00:00+00:00 [queued]>
[2023-07-17 22:11:14,908] {taskinstance.py:1356} INFO - 
--------------------------------------------------------------------------------
[2023-07-17 22:11:14,908] {taskinstance.py:1357} INFO - Starting attempt 1 of 1
[2023-07-17 22:11:14,908] {taskinstance.py:1358} INFO - 
--------------------------------------------------------------------------------
[2023-07-17 22:11:14,920] {taskinstance.py:1377} INFO - Executing <Task(_PythonDecoratedOperator): GOOG> on 2023-06-17 00:00:00+00:00
[2023-07-17 22:11:14,926] {standard_task_runner.py:52} INFO - Started process 80852 to run task
[2023-07-17 22:11:14,929] {standard_task_runner.py:79} INFO - Running: ['airflow', 'tasks', 'run', 'get_stocks_dag', 'GOOG', 'scheduled__2023-06-17T00:00:00+00:00', '--job-id', '990', '--raw', '--subdir', 'DAGS_FOLDER/get_stocks.py', '--cfg-path', '/tmp/tmpf2xv86dh', '--error-file', '/tmp/tmp039byjti']
[2023-07-17 22:11:14,930] {standard_task_runner.py:80} INFO - Job 990: Subtask GOOG
[2023-07-17 22:11:15,015] {task_command.py:370} INFO - Running <TaskInstance: get_stocks_dag.GOOG scheduled__2023-06-17T00:00:00+00:00 [running]> on host lucas-Estudos
[2023-07-17 22:11:15,107] {taskinstance.py:1569} INFO - Exporting the following env vars:
AIRFLOW_CTX_DAG_OWNER=airflow
AIRFLOW_CTX_DAG_ID=get_stocks_dag
AIRFLOW_CTX_TASK_ID=GOOG
AIRFLOW_CTX_EXECUTION_DATE=2023-06-17T00:00:00+00:00
AIRFLOW_CTX_TRY_NUMBER=1
AIRFLOW_CTX_DAG_RUN_ID=scheduled__2023-06-17T00:00:00+00:00
[2023-07-17 22:11:16,810] {python.py:173} INFO - Done. Returned value was: None
[2023-07-17 22:11:16,859] {taskinstance.py:1395} INFO - Marking task as SUCCESS. dag_id=get_stocks_dag, task_id=GOOG, execution_date=20230617T000000, start_date=20230718T011114, end_date=20230718T011116
[2023-07-17 22:11:16,911] {local_task_job.py:156} INFO - Task exited with return code 0
[2023-07-17 22:11:17,027] {local_task_job.py:273} INFO - 0 downstream tasks scheduled from follow-on schedule check
[2023-07-18 10:56:59,704] {taskinstance.py:1159} INFO - Dependencies all met for <TaskInstance: get_stocks_dag.GOOG scheduled__2023-06-17T00:00:00+00:00 [queued]>
[2023-07-18 10:56:59,725] {taskinstance.py:1159} INFO - Dependencies all met for <TaskInstance: get_stocks_dag.GOOG scheduled__2023-06-17T00:00:00+00:00 [queued]>
[2023-07-18 10:56:59,725] {taskinstance.py:1356} INFO - 
--------------------------------------------------------------------------------
[2023-07-18 10:56:59,725] {taskinstance.py:1357} INFO - Starting attempt 1 of 1
[2023-07-18 10:56:59,725] {taskinstance.py:1358} INFO - 
--------------------------------------------------------------------------------
[2023-07-18 10:56:59,751] {taskinstance.py:1377} INFO - Executing <Task(_PythonDecoratedOperator): GOOG> on 2023-06-17 00:00:00+00:00
[2023-07-18 10:56:59,760] {standard_task_runner.py:52} INFO - Started process 21898 to run task
[2023-07-18 10:56:59,766] {standard_task_runner.py:79} INFO - Running: ['airflow', 'tasks', 'run', 'get_stocks_dag', 'GOOG', 'scheduled__2023-06-17T00:00:00+00:00', '--job-id', '1479', '--raw', '--subdir', 'DAGS_FOLDER/get_stocks.py', '--cfg-path', '/tmp/tmpo1l8gm3h', '--error-file', '/tmp/tmpqdf4xxqy']
[2023-07-18 10:56:59,768] {standard_task_runner.py:80} INFO - Job 1479: Subtask GOOG
[2023-07-18 10:56:59,932] {task_command.py:370} INFO - Running <TaskInstance: get_stocks_dag.GOOG scheduled__2023-06-17T00:00:00+00:00 [running]> on host lucas-Estudos
[2023-07-18 10:57:00,141] {taskinstance.py:1569} INFO - Exporting the following env vars:
AIRFLOW_CTX_DAG_OWNER=airflow
AIRFLOW_CTX_DAG_ID=get_stocks_dag
AIRFLOW_CTX_TASK_ID=GOOG
AIRFLOW_CTX_EXECUTION_DATE=2023-06-17T00:00:00+00:00
AIRFLOW_CTX_TRY_NUMBER=1
AIRFLOW_CTX_DAG_RUN_ID=scheduled__2023-06-17T00:00:00+00:00
[2023-07-18 10:57:02,828] {python.py:173} INFO - Done. Returned value was: None
[2023-07-18 10:57:02,874] {taskinstance.py:1395} INFO - Marking task as SUCCESS. dag_id=get_stocks_dag, task_id=GOOG, execution_date=20230617T000000, start_date=20230718T135659, end_date=20230718T135702
[2023-07-18 10:57:02,951] {local_task_job.py:156} INFO - Task exited with return code 0
[2023-07-18 10:57:03,063] {local_task_job.py:273} INFO - 0 downstream tasks scheduled from follow-on schedule check
