[2023-07-17 16:23:14,437] {taskinstance.py:1159} INFO - Dependencies all met for <TaskInstance: get_stocks_dag.AAPL scheduled__2023-06-02T00:00:00+00:00 [queued]>
[2023-07-17 16:23:14,452] {taskinstance.py:1159} INFO - Dependencies all met for <TaskInstance: get_stocks_dag.AAPL scheduled__2023-06-02T00:00:00+00:00 [queued]>
[2023-07-17 16:23:14,453] {taskinstance.py:1356} INFO - 
--------------------------------------------------------------------------------
[2023-07-17 16:23:14,455] {taskinstance.py:1357} INFO - Starting attempt 1 of 1
[2023-07-17 16:23:14,455] {taskinstance.py:1358} INFO - 
--------------------------------------------------------------------------------
[2023-07-17 16:23:14,499] {taskinstance.py:1377} INFO - Executing <Task(_PythonDecoratedOperator): AAPL> on 2023-06-02 00:00:00+00:00
[2023-07-17 16:23:14,506] {standard_task_runner.py:52} INFO - Started process 9463 to run task
[2023-07-17 16:23:14,530] {standard_task_runner.py:79} INFO - Running: ['airflow', 'tasks', 'run', 'get_stocks_dag', 'AAPL', 'scheduled__2023-06-02T00:00:00+00:00', '--job-id', '149', '--raw', '--subdir', 'DAGS_FOLDER/get_stocks.py', '--cfg-path', '/tmp/tmp6snvuhgx', '--error-file', '/tmp/tmp40nq9_fg']
[2023-07-17 16:23:14,532] {standard_task_runner.py:80} INFO - Job 149: Subtask AAPL
[2023-07-17 16:23:14,831] {task_command.py:370} INFO - Running <TaskInstance: get_stocks_dag.AAPL scheduled__2023-06-02T00:00:00+00:00 [running]> on host lucas-Estudos
[2023-07-17 16:23:15,483] {taskinstance.py:1569} INFO - Exporting the following env vars:
AIRFLOW_CTX_DAG_OWNER=airflow
AIRFLOW_CTX_DAG_ID=get_stocks_dag
AIRFLOW_CTX_TASK_ID=AAPL
AIRFLOW_CTX_EXECUTION_DATE=2023-06-02T00:00:00+00:00
AIRFLOW_CTX_TRY_NUMBER=1
AIRFLOW_CTX_DAG_RUN_ID=scheduled__2023-06-02T00:00:00+00:00
[2023-07-17 16:23:16,527] {python.py:173} INFO - Done. Returned value was: None
[2023-07-17 16:23:16,561] {taskinstance.py:1395} INFO - Marking task as SUCCESS. dag_id=get_stocks_dag, task_id=AAPL, execution_date=20230602T000000, start_date=20230717T192314, end_date=20230717T192316
[2023-07-17 16:23:16,600] {local_task_job.py:156} INFO - Task exited with return code 0
[2023-07-17 16:23:16,695] {local_task_job.py:273} INFO - 0 downstream tasks scheduled from follow-on schedule check
[2023-07-17 16:54:34,667] {taskinstance.py:1159} INFO - Dependencies all met for <TaskInstance: get_stocks_dag.AAPL scheduled__2023-06-02T00:00:00+00:00 [queued]>
[2023-07-17 16:54:34,702] {taskinstance.py:1159} INFO - Dependencies all met for <TaskInstance: get_stocks_dag.AAPL scheduled__2023-06-02T00:00:00+00:00 [queued]>
[2023-07-17 16:54:34,702] {taskinstance.py:1356} INFO - 
--------------------------------------------------------------------------------
[2023-07-17 16:54:34,702] {taskinstance.py:1357} INFO - Starting attempt 1 of 1
[2023-07-17 16:54:34,702] {taskinstance.py:1358} INFO - 
--------------------------------------------------------------------------------
[2023-07-17 16:54:34,758] {taskinstance.py:1377} INFO - Executing <Task(_PythonDecoratedOperator): AAPL> on 2023-06-02 00:00:00+00:00
[2023-07-17 16:54:34,788] {standard_task_runner.py:52} INFO - Started process 22369 to run task
[2023-07-17 16:54:34,848] {standard_task_runner.py:79} INFO - Running: ['airflow', 'tasks', 'run', 'get_stocks_dag', 'AAPL', 'scheduled__2023-06-02T00:00:00+00:00', '--job-id', '369', '--raw', '--subdir', 'DAGS_FOLDER/get_stocks.py', '--cfg-path', '/tmp/tmpu5558elt', '--error-file', '/tmp/tmp3si248rm']
[2023-07-17 16:54:34,849] {standard_task_runner.py:80} INFO - Job 369: Subtask AAPL
[2023-07-17 16:54:35,046] {task_command.py:370} INFO - Running <TaskInstance: get_stocks_dag.AAPL scheduled__2023-06-02T00:00:00+00:00 [running]> on host lucas-Estudos
[2023-07-17 16:54:35,332] {taskinstance.py:1569} INFO - Exporting the following env vars:
AIRFLOW_CTX_DAG_OWNER=airflow
AIRFLOW_CTX_DAG_ID=get_stocks_dag
AIRFLOW_CTX_TASK_ID=AAPL
AIRFLOW_CTX_EXECUTION_DATE=2023-06-02T00:00:00+00:00
AIRFLOW_CTX_TRY_NUMBER=1
AIRFLOW_CTX_DAG_RUN_ID=scheduled__2023-06-02T00:00:00+00:00
[2023-07-17 16:54:36,343] {python.py:173} INFO - Done. Returned value was: None
[2023-07-17 16:54:36,397] {taskinstance.py:1395} INFO - Marking task as SUCCESS. dag_id=get_stocks_dag, task_id=AAPL, execution_date=20230602T000000, start_date=20230717T195434, end_date=20230717T195436
[2023-07-17 16:54:36,458] {local_task_job.py:156} INFO - Task exited with return code 0
[2023-07-17 16:54:36,561] {local_task_job.py:273} INFO - 0 downstream tasks scheduled from follow-on schedule check
[2023-07-17 21:02:26,621] {taskinstance.py:1159} INFO - Dependencies all met for <TaskInstance: get_stocks_dag.AAPL scheduled__2023-06-02T00:00:00+00:00 [queued]>
[2023-07-17 21:02:26,629] {taskinstance.py:1159} INFO - Dependencies all met for <TaskInstance: get_stocks_dag.AAPL scheduled__2023-06-02T00:00:00+00:00 [queued]>
[2023-07-17 21:02:26,629] {taskinstance.py:1356} INFO - 
--------------------------------------------------------------------------------
[2023-07-17 21:02:26,629] {taskinstance.py:1357} INFO - Starting attempt 1 of 1
[2023-07-17 21:02:26,629] {taskinstance.py:1358} INFO - 
--------------------------------------------------------------------------------
[2023-07-17 21:02:26,638] {taskinstance.py:1377} INFO - Executing <Task(_PythonDecoratedOperator): AAPL> on 2023-06-02 00:00:00+00:00
[2023-07-17 21:02:26,643] {standard_task_runner.py:52} INFO - Started process 23695 to run task
[2023-07-17 21:02:26,645] {standard_task_runner.py:79} INFO - Running: ['airflow', 'tasks', 'run', 'get_stocks_dag', 'AAPL', 'scheduled__2023-06-02T00:00:00+00:00', '--job-id', '583', '--raw', '--subdir', 'DAGS_FOLDER/get_stocks.py', '--cfg-path', '/tmp/tmphf0on1s3', '--error-file', '/tmp/tmp2ykju43e']
[2023-07-17 21:02:26,645] {standard_task_runner.py:80} INFO - Job 583: Subtask AAPL
[2023-07-17 21:02:26,747] {task_command.py:370} INFO - Running <TaskInstance: get_stocks_dag.AAPL scheduled__2023-06-02T00:00:00+00:00 [running]> on host lucas-Estudos
[2023-07-17 21:02:26,977] {taskinstance.py:1569} INFO - Exporting the following env vars:
AIRFLOW_CTX_DAG_OWNER=airflow
AIRFLOW_CTX_DAG_ID=get_stocks_dag
AIRFLOW_CTX_TASK_ID=AAPL
AIRFLOW_CTX_EXECUTION_DATE=2023-06-02T00:00:00+00:00
AIRFLOW_CTX_TRY_NUMBER=1
AIRFLOW_CTX_DAG_RUN_ID=scheduled__2023-06-02T00:00:00+00:00
[2023-07-17 21:02:29,729] {python.py:173} INFO - Done. Returned value was: None
[2023-07-17 21:02:29,814] {taskinstance.py:1395} INFO - Marking task as SUCCESS. dag_id=get_stocks_dag, task_id=AAPL, execution_date=20230602T000000, start_date=20230718T000226, end_date=20230718T000229
[2023-07-17 21:02:29,869] {local_task_job.py:156} INFO - Task exited with return code 0
[2023-07-17 21:02:29,988] {local_task_job.py:273} INFO - 0 downstream tasks scheduled from follow-on schedule check
[2023-07-17 22:05:07,199] {taskinstance.py:1159} INFO - Dependencies all met for <TaskInstance: get_stocks_dag.AAPL scheduled__2023-06-02T00:00:00+00:00 [queued]>
[2023-07-17 22:05:07,229] {taskinstance.py:1159} INFO - Dependencies all met for <TaskInstance: get_stocks_dag.AAPL scheduled__2023-06-02T00:00:00+00:00 [queued]>
[2023-07-17 22:05:07,229] {taskinstance.py:1356} INFO - 
--------------------------------------------------------------------------------
[2023-07-17 22:05:07,229] {taskinstance.py:1357} INFO - Starting attempt 1 of 1
[2023-07-17 22:05:07,230] {taskinstance.py:1358} INFO - 
--------------------------------------------------------------------------------
[2023-07-17 22:05:07,251] {taskinstance.py:1377} INFO - Executing <Task(_PythonDecoratedOperator): AAPL> on 2023-06-02 00:00:00+00:00
[2023-07-17 22:05:07,259] {standard_task_runner.py:52} INFO - Started process 68387 to run task
[2023-07-17 22:05:07,263] {standard_task_runner.py:79} INFO - Running: ['airflow', 'tasks', 'run', 'get_stocks_dag', 'AAPL', 'scheduled__2023-06-02T00:00:00+00:00', '--job-id', '898', '--raw', '--subdir', 'DAGS_FOLDER/get_stocks.py', '--cfg-path', '/tmp/tmpp0mslhmq', '--error-file', '/tmp/tmp0r103x1a']
[2023-07-17 22:05:07,264] {standard_task_runner.py:80} INFO - Job 898: Subtask AAPL
[2023-07-17 22:05:07,333] {task_command.py:370} INFO - Running <TaskInstance: get_stocks_dag.AAPL scheduled__2023-06-02T00:00:00+00:00 [running]> on host lucas-Estudos
[2023-07-17 22:05:07,548] {taskinstance.py:1569} INFO - Exporting the following env vars:
AIRFLOW_CTX_DAG_OWNER=airflow
AIRFLOW_CTX_DAG_ID=get_stocks_dag
AIRFLOW_CTX_TASK_ID=AAPL
AIRFLOW_CTX_EXECUTION_DATE=2023-06-02T00:00:00+00:00
AIRFLOW_CTX_TRY_NUMBER=1
AIRFLOW_CTX_DAG_RUN_ID=scheduled__2023-06-02T00:00:00+00:00
[2023-07-17 22:05:08,269] {python.py:173} INFO - Done. Returned value was: None
[2023-07-17 22:05:08,321] {taskinstance.py:1395} INFO - Marking task as SUCCESS. dag_id=get_stocks_dag, task_id=AAPL, execution_date=20230602T000000, start_date=20230718T010507, end_date=20230718T010508
[2023-07-17 22:05:08,398] {local_task_job.py:156} INFO - Task exited with return code 0
[2023-07-17 22:05:08,517] {local_task_job.py:273} INFO - 0 downstream tasks scheduled from follow-on schedule check
[2023-07-18 10:45:50,492] {taskinstance.py:1159} INFO - Dependencies all met for <TaskInstance: get_stocks_dag.AAPL scheduled__2023-06-02T00:00:00+00:00 [queued]>
[2023-07-18 10:45:50,514] {taskinstance.py:1159} INFO - Dependencies all met for <TaskInstance: get_stocks_dag.AAPL scheduled__2023-06-02T00:00:00+00:00 [queued]>
[2023-07-18 10:45:50,515] {taskinstance.py:1356} INFO - 
--------------------------------------------------------------------------------
[2023-07-18 10:45:50,515] {taskinstance.py:1357} INFO - Starting attempt 1 of 1
[2023-07-18 10:45:50,515] {taskinstance.py:1358} INFO - 
--------------------------------------------------------------------------------
[2023-07-18 10:45:50,541] {taskinstance.py:1377} INFO - Executing <Task(_PythonDecoratedOperator): AAPL> on 2023-06-02 00:00:00+00:00
[2023-07-18 10:45:50,550] {standard_task_runner.py:52} INFO - Started process 17091 to run task
[2023-07-18 10:45:50,556] {standard_task_runner.py:79} INFO - Running: ['airflow', 'tasks', 'run', 'get_stocks_dag', 'AAPL', 'scheduled__2023-06-02T00:00:00+00:00', '--job-id', '1377', '--raw', '--subdir', 'DAGS_FOLDER/get_stocks.py', '--cfg-path', '/tmp/tmpl66jtc18', '--error-file', '/tmp/tmp1bs3ltlp']
[2023-07-18 10:45:50,559] {standard_task_runner.py:80} INFO - Job 1377: Subtask AAPL
[2023-07-18 10:45:50,722] {task_command.py:370} INFO - Running <TaskInstance: get_stocks_dag.AAPL scheduled__2023-06-02T00:00:00+00:00 [running]> on host lucas-Estudos
[2023-07-18 10:45:50,946] {taskinstance.py:1569} INFO - Exporting the following env vars:
AIRFLOW_CTX_DAG_OWNER=airflow
AIRFLOW_CTX_DAG_ID=get_stocks_dag
AIRFLOW_CTX_TASK_ID=AAPL
AIRFLOW_CTX_EXECUTION_DATE=2023-06-02T00:00:00+00:00
AIRFLOW_CTX_TRY_NUMBER=1
AIRFLOW_CTX_DAG_RUN_ID=scheduled__2023-06-02T00:00:00+00:00
[2023-07-18 10:45:51,495] {python.py:173} INFO - Done. Returned value was: None
[2023-07-18 10:45:51,536] {taskinstance.py:1395} INFO - Marking task as SUCCESS. dag_id=get_stocks_dag, task_id=AAPL, execution_date=20230602T000000, start_date=20230718T134550, end_date=20230718T134551
[2023-07-18 10:45:51,572] {local_task_job.py:156} INFO - Task exited with return code 0
[2023-07-18 10:45:51,668] {local_task_job.py:273} INFO - 0 downstream tasks scheduled from follow-on schedule check
