[2023-07-17 22:12:52,941] {taskinstance.py:1159} INFO - Dependencies all met for <TaskInstance: get_crypto_dag.BTC scheduled__2023-06-09T00:00:00+00:00 [queued]>
[2023-07-17 22:12:52,952] {taskinstance.py:1159} INFO - Dependencies all met for <TaskInstance: get_crypto_dag.BTC scheduled__2023-06-09T00:00:00+00:00 [queued]>
[2023-07-17 22:12:52,953] {taskinstance.py:1356} INFO - 
--------------------------------------------------------------------------------
[2023-07-17 22:12:52,953] {taskinstance.py:1357} INFO - Starting attempt 1 of 1
[2023-07-17 22:12:52,953] {taskinstance.py:1358} INFO - 
--------------------------------------------------------------------------------
[2023-07-17 22:12:52,969] {taskinstance.py:1377} INFO - Executing <Task(_PythonDecoratedOperator): BTC> on 2023-06-09 00:00:00+00:00
[2023-07-17 22:12:52,975] {standard_task_runner.py:52} INFO - Started process 84120 to run task
[2023-07-17 22:12:52,978] {standard_task_runner.py:79} INFO - Running: ['airflow', 'tasks', 'run', 'get_crypto_dag', 'BTC', 'scheduled__2023-06-09T00:00:00+00:00', '--job-id', '1013', '--raw', '--subdir', 'DAGS_FOLDER/get_crypto.py', '--cfg-path', '/tmp/tmpz0f9e1wu', '--error-file', '/tmp/tmpo1fqvtoc']
[2023-07-17 22:12:52,979] {standard_task_runner.py:80} INFO - Job 1013: Subtask BTC
[2023-07-17 22:12:53,078] {task_command.py:370} INFO - Running <TaskInstance: get_crypto_dag.BTC scheduled__2023-06-09T00:00:00+00:00 [running]> on host lucas-Estudos
[2023-07-17 22:12:53,177] {taskinstance.py:1569} INFO - Exporting the following env vars:
AIRFLOW_CTX_DAG_OWNER=airflow
AIRFLOW_CTX_DAG_ID=get_crypto_dag
AIRFLOW_CTX_TASK_ID=BTC
AIRFLOW_CTX_EXECUTION_DATE=2023-06-09T00:00:00+00:00
AIRFLOW_CTX_TRY_NUMBER=1
AIRFLOW_CTX_DAG_RUN_ID=scheduled__2023-06-09T00:00:00+00:00
[2023-07-17 22:12:53,736] {base.py:297} ERROR - BTC: No price data found, symbol may be delisted (1h 2023-06-08 -> 2023-06-09)
[2023-07-17 22:12:53,742] {python.py:173} INFO - Done. Returned value was: None
[2023-07-17 22:12:53,790] {taskinstance.py:1395} INFO - Marking task as SUCCESS. dag_id=get_crypto_dag, task_id=BTC, execution_date=20230609T000000, start_date=20230718T011252, end_date=20230718T011253
[2023-07-17 22:12:53,836] {local_task_job.py:156} INFO - Task exited with return code 0
[2023-07-17 22:12:53,944] {local_task_job.py:273} INFO - 0 downstream tasks scheduled from follow-on schedule check
[2023-07-18 10:50:45,883] {taskinstance.py:1159} INFO - Dependencies all met for <TaskInstance: get_crypto_dag.BTC scheduled__2023-06-09T00:00:00+00:00 [queued]>
[2023-07-18 10:50:45,888] {taskinstance.py:1159} INFO - Dependencies all met for <TaskInstance: get_crypto_dag.BTC scheduled__2023-06-09T00:00:00+00:00 [queued]>
[2023-07-18 10:50:45,889] {taskinstance.py:1356} INFO - 
--------------------------------------------------------------------------------
[2023-07-18 10:50:45,889] {taskinstance.py:1357} INFO - Starting attempt 1 of 1
[2023-07-18 10:50:45,889] {taskinstance.py:1358} INFO - 
--------------------------------------------------------------------------------
[2023-07-18 10:50:45,896] {taskinstance.py:1377} INFO - Executing <Task(_PythonDecoratedOperator): BTC> on 2023-06-09 00:00:00+00:00
[2023-07-18 10:50:45,900] {standard_task_runner.py:52} INFO - Started process 19046 to run task
[2023-07-18 10:50:45,902] {standard_task_runner.py:79} INFO - Running: ['airflow', 'tasks', 'run', 'get_crypto_dag', 'BTC', 'scheduled__2023-06-09T00:00:00+00:00', '--job-id', '1424', '--raw', '--subdir', 'DAGS_FOLDER/get_crypto.py', '--cfg-path', '/tmp/tmplpgjyo5t', '--error-file', '/tmp/tmpdvt1sk85']
[2023-07-18 10:50:45,902] {standard_task_runner.py:80} INFO - Job 1424: Subtask BTC
[2023-07-18 10:50:45,989] {task_command.py:370} INFO - Running <TaskInstance: get_crypto_dag.BTC scheduled__2023-06-09T00:00:00+00:00 [running]> on host lucas-Estudos
[2023-07-18 10:50:46,211] {taskinstance.py:1569} INFO - Exporting the following env vars:
AIRFLOW_CTX_DAG_OWNER=airflow
AIRFLOW_CTX_DAG_ID=get_crypto_dag
AIRFLOW_CTX_TASK_ID=BTC
AIRFLOW_CTX_EXECUTION_DATE=2023-06-09T00:00:00+00:00
AIRFLOW_CTX_TRY_NUMBER=1
AIRFLOW_CTX_DAG_RUN_ID=scheduled__2023-06-09T00:00:00+00:00
[2023-07-18 10:50:46,742] {base.py:297} ERROR - BTC: No price data found, symbol may be delisted (1h 2023-06-08 -> 2023-06-09)
[2023-07-18 10:50:46,744] {python.py:173} INFO - Done. Returned value was: None
[2023-07-18 10:50:46,761] {taskinstance.py:1395} INFO - Marking task as SUCCESS. dag_id=get_crypto_dag, task_id=BTC, execution_date=20230609T000000, start_date=20230718T135045, end_date=20230718T135046
[2023-07-18 10:50:46,797] {local_task_job.py:156} INFO - Task exited with return code 0
[2023-07-18 10:50:46,908] {local_task_job.py:273} INFO - 0 downstream tasks scheduled from follow-on schedule check
