[2023-07-17 22:04:01,069] {taskinstance.py:1159} INFO - Dependencies all met for <TaskInstance: get_crypto_dag.ETH scheduled__2023-05-23T00:00:00+00:00 [queued]>
[2023-07-17 22:04:01,090] {taskinstance.py:1159} INFO - Dependencies all met for <TaskInstance: get_crypto_dag.ETH scheduled__2023-05-23T00:00:00+00:00 [queued]>
[2023-07-17 22:04:01,090] {taskinstance.py:1356} INFO - 
--------------------------------------------------------------------------------
[2023-07-17 22:04:01,090] {taskinstance.py:1357} INFO - Starting attempt 1 of 1
[2023-07-17 22:04:01,091] {taskinstance.py:1358} INFO - 
--------------------------------------------------------------------------------
[2023-07-17 22:04:01,110] {taskinstance.py:1377} INFO - Executing <Task(_PythonDecoratedOperator): ETH> on 2023-05-23 00:00:00+00:00
[2023-07-17 22:04:01,118] {standard_task_runner.py:52} INFO - Started process 66113 to run task
[2023-07-17 22:04:01,122] {standard_task_runner.py:79} INFO - Running: ['airflow', 'tasks', 'run', 'get_crypto_dag', 'ETH', 'scheduled__2023-05-23T00:00:00+00:00', '--job-id', '883', '--raw', '--subdir', 'DAGS_FOLDER/get_crypto.py', '--cfg-path', '/tmp/tmpqpqb3skf', '--error-file', '/tmp/tmpq52g26u1']
[2023-07-17 22:04:01,123] {standard_task_runner.py:80} INFO - Job 883: Subtask ETH
[2023-07-17 22:04:01,269] {task_command.py:370} INFO - Running <TaskInstance: get_crypto_dag.ETH scheduled__2023-05-23T00:00:00+00:00 [running]> on host lucas-Estudos
[2023-07-17 22:04:01,561] {taskinstance.py:1569} INFO - Exporting the following env vars:
AIRFLOW_CTX_DAG_OWNER=airflow
AIRFLOW_CTX_DAG_ID=get_crypto_dag
AIRFLOW_CTX_TASK_ID=ETH
AIRFLOW_CTX_EXECUTION_DATE=2023-05-23T00:00:00+00:00
AIRFLOW_CTX_TRY_NUMBER=1
AIRFLOW_CTX_DAG_RUN_ID=scheduled__2023-05-23T00:00:00+00:00
[2023-07-17 22:04:05,238] {base.py:162} ERROR - ETH: No timezone found, symbol may be delisted
[2023-07-17 22:04:05,249] {python.py:173} INFO - Done. Returned value was: None
[2023-07-17 22:04:05,310] {taskinstance.py:1395} INFO - Marking task as SUCCESS. dag_id=get_crypto_dag, task_id=ETH, execution_date=20230523T000000, start_date=20230718T010401, end_date=20230718T010405
[2023-07-17 22:04:05,392] {local_task_job.py:156} INFO - Task exited with return code 0
[2023-07-17 22:04:05,604] {local_task_job.py:273} INFO - 0 downstream tasks scheduled from follow-on schedule check
[2023-07-18 10:37:32,435] {taskinstance.py:1159} INFO - Dependencies all met for <TaskInstance: get_crypto_dag.ETH scheduled__2023-05-23T00:00:00+00:00 [queued]>
[2023-07-18 10:37:32,446] {taskinstance.py:1159} INFO - Dependencies all met for <TaskInstance: get_crypto_dag.ETH scheduled__2023-05-23T00:00:00+00:00 [queued]>
[2023-07-18 10:37:32,446] {taskinstance.py:1356} INFO - 
--------------------------------------------------------------------------------
[2023-07-18 10:37:32,446] {taskinstance.py:1357} INFO - Starting attempt 1 of 1
[2023-07-18 10:37:32,446] {taskinstance.py:1358} INFO - 
--------------------------------------------------------------------------------
[2023-07-18 10:37:32,457] {taskinstance.py:1377} INFO - Executing <Task(_PythonDecoratedOperator): ETH> on 2023-05-23 00:00:00+00:00
[2023-07-18 10:37:32,462] {standard_task_runner.py:52} INFO - Started process 14644 to run task
[2023-07-18 10:37:32,464] {standard_task_runner.py:79} INFO - Running: ['airflow', 'tasks', 'run', 'get_crypto_dag', 'ETH', 'scheduled__2023-05-23T00:00:00+00:00', '--job-id', '1304', '--raw', '--subdir', 'DAGS_FOLDER/get_crypto.py', '--cfg-path', '/tmp/tmpve1q3zan', '--error-file', '/tmp/tmpo0l3deyx']
[2023-07-18 10:37:32,465] {standard_task_runner.py:80} INFO - Job 1304: Subtask ETH
[2023-07-18 10:37:32,530] {task_command.py:370} INFO - Running <TaskInstance: get_crypto_dag.ETH scheduled__2023-05-23T00:00:00+00:00 [running]> on host lucas-Estudos
[2023-07-18 10:37:32,602] {taskinstance.py:1569} INFO - Exporting the following env vars:
AIRFLOW_CTX_DAG_OWNER=airflow
AIRFLOW_CTX_DAG_ID=get_crypto_dag
AIRFLOW_CTX_TASK_ID=ETH
AIRFLOW_CTX_EXECUTION_DATE=2023-05-23T00:00:00+00:00
AIRFLOW_CTX_TRY_NUMBER=1
AIRFLOW_CTX_DAG_RUN_ID=scheduled__2023-05-23T00:00:00+00:00
[2023-07-18 10:37:36,209] {base.py:162} ERROR - ETH: No timezone found, symbol may be delisted
[2023-07-18 10:37:36,217] {python.py:173} INFO - Done. Returned value was: None
[2023-07-18 10:37:36,292] {taskinstance.py:1395} INFO - Marking task as SUCCESS. dag_id=get_crypto_dag, task_id=ETH, execution_date=20230523T000000, start_date=20230718T133732, end_date=20230718T133736
[2023-07-18 10:37:36,369] {local_task_job.py:156} INFO - Task exited with return code 0
[2023-07-18 10:37:36,522] {local_task_job.py:273} INFO - 0 downstream tasks scheduled from follow-on schedule check
