[2023-07-17 16:23:01,812] {taskinstance.py:1159} INFO - Dependencies all met for <TaskInstance: get_stocks_dag.TSLA scheduled__2023-05-19T00:00:00+00:00 [queued]>
[2023-07-17 16:23:01,826] {taskinstance.py:1159} INFO - Dependencies all met for <TaskInstance: get_stocks_dag.TSLA scheduled__2023-05-19T00:00:00+00:00 [queued]>
[2023-07-17 16:23:01,827] {taskinstance.py:1356} INFO - 
--------------------------------------------------------------------------------
[2023-07-17 16:23:01,827] {taskinstance.py:1357} INFO - Starting attempt 1 of 1
[2023-07-17 16:23:01,827] {taskinstance.py:1358} INFO - 
--------------------------------------------------------------------------------
[2023-07-17 16:23:01,868] {taskinstance.py:1377} INFO - Executing <Task(_PythonDecoratedOperator): TSLA> on 2023-05-19 00:00:00+00:00
[2023-07-17 16:23:01,881] {standard_task_runner.py:52} INFO - Started process 8388 to run task
[2023-07-17 16:23:01,919] {standard_task_runner.py:79} INFO - Running: ['airflow', 'tasks', 'run', 'get_stocks_dag', 'TSLA', 'scheduled__2023-05-19T00:00:00+00:00', '--job-id', '106', '--raw', '--subdir', 'DAGS_FOLDER/get_stocks.py', '--cfg-path', '/tmp/tmptqih9oi2', '--error-file', '/tmp/tmpgwn8xghd']
[2023-07-17 16:23:01,920] {standard_task_runner.py:80} INFO - Job 106: Subtask TSLA
[2023-07-17 16:23:02,172] {task_command.py:370} INFO - Running <TaskInstance: get_stocks_dag.TSLA scheduled__2023-05-19T00:00:00+00:00 [running]> on host lucas-Estudos
[2023-07-17 16:23:02,455] {taskinstance.py:1569} INFO - Exporting the following env vars:
AIRFLOW_CTX_DAG_OWNER=airflow
AIRFLOW_CTX_DAG_ID=get_stocks_dag
AIRFLOW_CTX_TASK_ID=TSLA
AIRFLOW_CTX_EXECUTION_DATE=2023-05-19T00:00:00+00:00
AIRFLOW_CTX_TRY_NUMBER=1
AIRFLOW_CTX_DAG_RUN_ID=scheduled__2023-05-19T00:00:00+00:00
[2023-07-17 16:23:03,291] {python.py:173} INFO - Done. Returned value was: None
[2023-07-17 16:23:03,340] {taskinstance.py:1395} INFO - Marking task as SUCCESS. dag_id=get_stocks_dag, task_id=TSLA, execution_date=20230519T000000, start_date=20230717T192301, end_date=20230717T192303
[2023-07-17 16:23:03,394] {local_task_job.py:156} INFO - Task exited with return code 0
[2023-07-17 16:23:03,580] {local_task_job.py:273} INFO - 0 downstream tasks scheduled from follow-on schedule check
[2023-07-17 16:54:21,513] {taskinstance.py:1159} INFO - Dependencies all met for <TaskInstance: get_stocks_dag.TSLA scheduled__2023-05-19T00:00:00+00:00 [queued]>
[2023-07-17 16:54:21,594] {taskinstance.py:1159} INFO - Dependencies all met for <TaskInstance: get_stocks_dag.TSLA scheduled__2023-05-19T00:00:00+00:00 [queued]>
[2023-07-17 16:54:21,594] {taskinstance.py:1356} INFO - 
--------------------------------------------------------------------------------
[2023-07-17 16:54:21,594] {taskinstance.py:1357} INFO - Starting attempt 1 of 1
[2023-07-17 16:54:21,595] {taskinstance.py:1358} INFO - 
--------------------------------------------------------------------------------
[2023-07-17 16:54:21,680] {taskinstance.py:1377} INFO - Executing <Task(_PythonDecoratedOperator): TSLA> on 2023-05-19 00:00:00+00:00
[2023-07-17 16:54:21,724] {standard_task_runner.py:79} INFO - Running: ['airflow', 'tasks', 'run', 'get_stocks_dag', 'TSLA', 'scheduled__2023-05-19T00:00:00+00:00', '--job-id', '328', '--raw', '--subdir', 'DAGS_FOLDER/get_stocks.py', '--cfg-path', '/tmp/tmp2kjjlupf', '--error-file', '/tmp/tmp7bzvj5p8']
[2023-07-17 16:54:21,725] {standard_task_runner.py:80} INFO - Job 328: Subtask TSLA
[2023-07-17 16:54:21,686] {standard_task_runner.py:52} INFO - Started process 21187 to run task
[2023-07-17 16:54:22,080] {task_command.py:370} INFO - Running <TaskInstance: get_stocks_dag.TSLA scheduled__2023-05-19T00:00:00+00:00 [running]> on host lucas-Estudos
[2023-07-17 16:54:22,500] {taskinstance.py:1569} INFO - Exporting the following env vars:
AIRFLOW_CTX_DAG_OWNER=airflow
AIRFLOW_CTX_DAG_ID=get_stocks_dag
AIRFLOW_CTX_TASK_ID=TSLA
AIRFLOW_CTX_EXECUTION_DATE=2023-05-19T00:00:00+00:00
AIRFLOW_CTX_TRY_NUMBER=1
AIRFLOW_CTX_DAG_RUN_ID=scheduled__2023-05-19T00:00:00+00:00
[2023-07-17 16:54:23,290] {python.py:173} INFO - Done. Returned value was: None
[2023-07-17 16:54:23,318] {taskinstance.py:1395} INFO - Marking task as SUCCESS. dag_id=get_stocks_dag, task_id=TSLA, execution_date=20230519T000000, start_date=20230717T195421, end_date=20230717T195423
[2023-07-17 16:54:23,369] {local_task_job.py:156} INFO - Task exited with return code 0
[2023-07-17 16:54:23,481] {local_task_job.py:273} INFO - 0 downstream tasks scheduled from follow-on schedule check
[2023-07-17 20:59:36,900] {taskinstance.py:1159} INFO - Dependencies all met for <TaskInstance: get_stocks_dag.TSLA scheduled__2023-05-19T00:00:00+00:00 [queued]>
[2023-07-17 20:59:36,918] {taskinstance.py:1159} INFO - Dependencies all met for <TaskInstance: get_stocks_dag.TSLA scheduled__2023-05-19T00:00:00+00:00 [queued]>
[2023-07-17 20:59:36,918] {taskinstance.py:1356} INFO - 
--------------------------------------------------------------------------------
[2023-07-17 20:59:36,918] {taskinstance.py:1357} INFO - Starting attempt 1 of 1
[2023-07-17 20:59:36,918] {taskinstance.py:1358} INFO - 
--------------------------------------------------------------------------------
[2023-07-17 20:59:36,944] {taskinstance.py:1377} INFO - Executing <Task(_PythonDecoratedOperator): TSLA> on 2023-05-19 00:00:00+00:00
[2023-07-17 20:59:36,955] {standard_task_runner.py:52} INFO - Started process 19278 to run task
[2023-07-17 20:59:36,961] {standard_task_runner.py:79} INFO - Running: ['airflow', 'tasks', 'run', 'get_stocks_dag', 'TSLA', 'scheduled__2023-05-19T00:00:00+00:00', '--job-id', '543', '--raw', '--subdir', 'DAGS_FOLDER/get_stocks.py', '--cfg-path', '/tmp/tmpwb25skid', '--error-file', '/tmp/tmpf90fifdk']
[2023-07-17 20:59:36,964] {standard_task_runner.py:80} INFO - Job 543: Subtask TSLA
[2023-07-17 20:59:37,158] {task_command.py:370} INFO - Running <TaskInstance: get_stocks_dag.TSLA scheduled__2023-05-19T00:00:00+00:00 [running]> on host lucas-Estudos
[2023-07-17 20:59:37,386] {taskinstance.py:1569} INFO - Exporting the following env vars:
AIRFLOW_CTX_DAG_OWNER=airflow
AIRFLOW_CTX_DAG_ID=get_stocks_dag
AIRFLOW_CTX_TASK_ID=TSLA
AIRFLOW_CTX_EXECUTION_DATE=2023-05-19T00:00:00+00:00
AIRFLOW_CTX_TRY_NUMBER=1
AIRFLOW_CTX_DAG_RUN_ID=scheduled__2023-05-19T00:00:00+00:00
[2023-07-17 20:59:50,386] {python.py:173} INFO - Done. Returned value was: None
[2023-07-17 20:59:50,475] {taskinstance.py:1395} INFO - Marking task as SUCCESS. dag_id=get_stocks_dag, task_id=TSLA, execution_date=20230519T000000, start_date=20230717T235936, end_date=20230717T235950
[2023-07-17 20:59:50,522] {local_task_job.py:156} INFO - Task exited with return code 0
[2023-07-17 20:59:50,637] {local_task_job.py:273} INFO - 0 downstream tasks scheduled from follow-on schedule check
[2023-07-17 21:59:55,283] {taskinstance.py:1159} INFO - Dependencies all met for <TaskInstance: get_stocks_dag.TSLA scheduled__2023-05-19T00:00:00+00:00 [queued]>
[2023-07-17 21:59:55,320] {taskinstance.py:1159} INFO - Dependencies all met for <TaskInstance: get_stocks_dag.TSLA scheduled__2023-05-19T00:00:00+00:00 [queued]>
[2023-07-17 21:59:55,320] {taskinstance.py:1356} INFO - 
--------------------------------------------------------------------------------
[2023-07-17 21:59:55,320] {taskinstance.py:1357} INFO - Starting attempt 1 of 1
[2023-07-17 21:59:55,321] {taskinstance.py:1358} INFO - 
--------------------------------------------------------------------------------
[2023-07-17 21:59:55,344] {taskinstance.py:1377} INFO - Executing <Task(_PythonDecoratedOperator): TSLA> on 2023-05-19 00:00:00+00:00
[2023-07-17 21:59:55,351] {standard_task_runner.py:52} INFO - Started process 57779 to run task
[2023-07-17 21:59:55,354] {standard_task_runner.py:79} INFO - Running: ['airflow', 'tasks', 'run', 'get_stocks_dag', 'TSLA', 'scheduled__2023-05-19T00:00:00+00:00', '--job-id', '822', '--raw', '--subdir', 'DAGS_FOLDER/get_stocks.py', '--cfg-path', '/tmp/tmpqpy13t1u', '--error-file', '/tmp/tmpdz2ku226']
[2023-07-17 21:59:55,355] {standard_task_runner.py:80} INFO - Job 822: Subtask TSLA
[2023-07-17 21:59:55,522] {task_command.py:370} INFO - Running <TaskInstance: get_stocks_dag.TSLA scheduled__2023-05-19T00:00:00+00:00 [running]> on host lucas-Estudos
[2023-07-17 21:59:55,744] {taskinstance.py:1569} INFO - Exporting the following env vars:
AIRFLOW_CTX_DAG_OWNER=airflow
AIRFLOW_CTX_DAG_ID=get_stocks_dag
AIRFLOW_CTX_TASK_ID=TSLA
AIRFLOW_CTX_EXECUTION_DATE=2023-05-19T00:00:00+00:00
AIRFLOW_CTX_TRY_NUMBER=1
AIRFLOW_CTX_DAG_RUN_ID=scheduled__2023-05-19T00:00:00+00:00
[2023-07-17 22:00:06,604] {python.py:173} INFO - Done. Returned value was: None
[2023-07-17 22:00:06,667] {taskinstance.py:1395} INFO - Marking task as SUCCESS. dag_id=get_stocks_dag, task_id=TSLA, execution_date=20230519T000000, start_date=20230718T005955, end_date=20230718T010006
[2023-07-17 22:00:06,722] {local_task_job.py:156} INFO - Task exited with return code 0
[2023-07-17 22:00:06,834] {local_task_job.py:273} INFO - 0 downstream tasks scheduled from follow-on schedule check
[2023-07-18 10:34:45,352] {taskinstance.py:1159} INFO - Dependencies all met for <TaskInstance: get_stocks_dag.TSLA scheduled__2023-05-19T00:00:00+00:00 [queued]>
[2023-07-18 10:34:45,382] {taskinstance.py:1159} INFO - Dependencies all met for <TaskInstance: get_stocks_dag.TSLA scheduled__2023-05-19T00:00:00+00:00 [queued]>
[2023-07-18 10:34:45,382] {taskinstance.py:1356} INFO - 
--------------------------------------------------------------------------------
[2023-07-18 10:34:45,383] {taskinstance.py:1357} INFO - Starting attempt 1 of 1
[2023-07-18 10:34:45,383] {taskinstance.py:1358} INFO - 
--------------------------------------------------------------------------------
[2023-07-18 10:34:45,417] {taskinstance.py:1377} INFO - Executing <Task(_PythonDecoratedOperator): TSLA> on 2023-05-19 00:00:00+00:00
[2023-07-18 10:34:45,428] {standard_task_runner.py:52} INFO - Started process 13892 to run task
[2023-07-18 10:34:45,435] {standard_task_runner.py:79} INFO - Running: ['airflow', 'tasks', 'run', 'get_stocks_dag', 'TSLA', 'scheduled__2023-05-19T00:00:00+00:00', '--job-id', '1278', '--raw', '--subdir', 'DAGS_FOLDER/get_stocks.py', '--cfg-path', '/tmp/tmpp9j9ismu', '--error-file', '/tmp/tmpcjaopcoy']
[2023-07-18 10:34:45,438] {standard_task_runner.py:80} INFO - Job 1278: Subtask TSLA
[2023-07-18 10:34:45,645] {task_command.py:370} INFO - Running <TaskInstance: get_stocks_dag.TSLA scheduled__2023-05-19T00:00:00+00:00 [running]> on host lucas-Estudos
[2023-07-18 10:34:45,877] {taskinstance.py:1569} INFO - Exporting the following env vars:
AIRFLOW_CTX_DAG_OWNER=airflow
AIRFLOW_CTX_DAG_ID=get_stocks_dag
AIRFLOW_CTX_TASK_ID=TSLA
AIRFLOW_CTX_EXECUTION_DATE=2023-05-19T00:00:00+00:00
AIRFLOW_CTX_TRY_NUMBER=1
AIRFLOW_CTX_DAG_RUN_ID=scheduled__2023-05-19T00:00:00+00:00
[2023-07-18 10:34:46,580] {python.py:173} INFO - Done. Returned value was: None
[2023-07-18 10:34:46,715] {taskinstance.py:1395} INFO - Marking task as SUCCESS. dag_id=get_stocks_dag, task_id=TSLA, execution_date=20230519T000000, start_date=20230718T133445, end_date=20230718T133446
[2023-07-18 10:34:46,772] {local_task_job.py:156} INFO - Task exited with return code 0
[2023-07-18 10:34:46,887] {local_task_job.py:273} INFO - 0 downstream tasks scheduled from follow-on schedule check
