[2023-07-17 16:23:48,945] {taskinstance.py:1159} INFO - Dependencies all met for <TaskInstance: get_stocks_dag.MSFT scheduled__2023-07-08T00:00:00+00:00 [queued]>
[2023-07-17 16:23:48,994] {taskinstance.py:1159} INFO - Dependencies all met for <TaskInstance: get_stocks_dag.MSFT scheduled__2023-07-08T00:00:00+00:00 [queued]>
[2023-07-17 16:23:48,994] {taskinstance.py:1356} INFO - 
--------------------------------------------------------------------------------
[2023-07-17 16:23:48,995] {taskinstance.py:1357} INFO - Starting attempt 1 of 1
[2023-07-17 16:23:48,995] {taskinstance.py:1358} INFO - 
--------------------------------------------------------------------------------
[2023-07-17 16:23:49,057] {taskinstance.py:1377} INFO - Executing <Task(_PythonDecoratedOperator): MSFT> on 2023-07-08 00:00:00+00:00
[2023-07-17 16:23:49,067] {standard_task_runner.py:52} INFO - Started process 12631 to run task
[2023-07-17 16:23:49,078] {standard_task_runner.py:79} INFO - Running: ['airflow', 'tasks', 'run', 'get_stocks_dag', 'MSFT', 'scheduled__2023-07-08T00:00:00+00:00', '--job-id', '255', '--raw', '--subdir', 'DAGS_FOLDER/get_stocks.py', '--cfg-path', '/tmp/tmpvdxiwcqv', '--error-file', '/tmp/tmpmfxtrayr']
[2023-07-17 16:23:49,079] {standard_task_runner.py:80} INFO - Job 255: Subtask MSFT
[2023-07-17 16:23:49,349] {task_command.py:370} INFO - Running <TaskInstance: get_stocks_dag.MSFT scheduled__2023-07-08T00:00:00+00:00 [running]> on host lucas-Estudos
[2023-07-17 16:23:49,641] {taskinstance.py:1569} INFO - Exporting the following env vars:
AIRFLOW_CTX_DAG_OWNER=airflow
AIRFLOW_CTX_DAG_ID=get_stocks_dag
AIRFLOW_CTX_TASK_ID=MSFT
AIRFLOW_CTX_EXECUTION_DATE=2023-07-08T00:00:00+00:00
AIRFLOW_CTX_TRY_NUMBER=1
AIRFLOW_CTX_DAG_RUN_ID=scheduled__2023-07-08T00:00:00+00:00
[2023-07-17 16:23:50,306] {python.py:173} INFO - Done. Returned value was: None
[2023-07-17 16:23:50,377] {taskinstance.py:1395} INFO - Marking task as SUCCESS. dag_id=get_stocks_dag, task_id=MSFT, execution_date=20230708T000000, start_date=20230717T192348, end_date=20230717T192350
[2023-07-17 16:23:50,474] {local_task_job.py:156} INFO - Task exited with return code 0
[2023-07-17 16:23:50,558] {local_task_job.py:273} INFO - 0 downstream tasks scheduled from follow-on schedule check
[2023-07-17 16:55:09,794] {taskinstance.py:1159} INFO - Dependencies all met for <TaskInstance: get_stocks_dag.MSFT scheduled__2023-07-08T00:00:00+00:00 [queued]>
[2023-07-17 16:55:09,848] {taskinstance.py:1159} INFO - Dependencies all met for <TaskInstance: get_stocks_dag.MSFT scheduled__2023-07-08T00:00:00+00:00 [queued]>
[2023-07-17 16:55:09,848] {taskinstance.py:1356} INFO - 
--------------------------------------------------------------------------------
[2023-07-17 16:55:09,848] {taskinstance.py:1357} INFO - Starting attempt 1 of 1
[2023-07-17 16:55:09,848] {taskinstance.py:1358} INFO - 
--------------------------------------------------------------------------------
[2023-07-17 16:55:09,961] {taskinstance.py:1377} INFO - Executing <Task(_PythonDecoratedOperator): MSFT> on 2023-07-08 00:00:00+00:00
[2023-07-17 16:55:10,000] {standard_task_runner.py:52} INFO - Started process 25494 to run task
[2023-07-17 16:55:10,026] {standard_task_runner.py:79} INFO - Running: ['airflow', 'tasks', 'run', 'get_stocks_dag', 'MSFT', 'scheduled__2023-07-08T00:00:00+00:00', '--job-id', '467', '--raw', '--subdir', 'DAGS_FOLDER/get_stocks.py', '--cfg-path', '/tmp/tmpx6cykqx8', '--error-file', '/tmp/tmpuua0b0p5']
[2023-07-17 16:55:10,031] {standard_task_runner.py:80} INFO - Job 467: Subtask MSFT
[2023-07-17 16:55:10,293] {task_command.py:370} INFO - Running <TaskInstance: get_stocks_dag.MSFT scheduled__2023-07-08T00:00:00+00:00 [running]> on host lucas-Estudos
[2023-07-17 16:55:10,644] {taskinstance.py:1569} INFO - Exporting the following env vars:
AIRFLOW_CTX_DAG_OWNER=airflow
AIRFLOW_CTX_DAG_ID=get_stocks_dag
AIRFLOW_CTX_TASK_ID=MSFT
AIRFLOW_CTX_EXECUTION_DATE=2023-07-08T00:00:00+00:00
AIRFLOW_CTX_TRY_NUMBER=1
AIRFLOW_CTX_DAG_RUN_ID=scheduled__2023-07-08T00:00:00+00:00
[2023-07-17 16:55:11,471] {python.py:173} INFO - Done. Returned value was: None
[2023-07-17 16:55:11,546] {taskinstance.py:1395} INFO - Marking task as SUCCESS. dag_id=get_stocks_dag, task_id=MSFT, execution_date=20230708T000000, start_date=20230717T195509, end_date=20230717T195511
[2023-07-17 16:55:11,611] {local_task_job.py:156} INFO - Task exited with return code 0
[2023-07-17 16:55:11,689] {local_task_job.py:273} INFO - 0 downstream tasks scheduled from follow-on schedule check
[2023-07-17 21:09:12,405] {taskinstance.py:1159} INFO - Dependencies all met for <TaskInstance: get_stocks_dag.MSFT scheduled__2023-07-08T00:00:00+00:00 [queued]>
[2023-07-17 21:09:12,413] {taskinstance.py:1159} INFO - Dependencies all met for <TaskInstance: get_stocks_dag.MSFT scheduled__2023-07-08T00:00:00+00:00 [queued]>
[2023-07-17 21:09:12,413] {taskinstance.py:1356} INFO - 
--------------------------------------------------------------------------------
[2023-07-17 21:09:12,413] {taskinstance.py:1357} INFO - Starting attempt 1 of 1
[2023-07-17 21:09:12,413] {taskinstance.py:1358} INFO - 
--------------------------------------------------------------------------------
[2023-07-17 21:09:12,423] {taskinstance.py:1377} INFO - Executing <Task(_PythonDecoratedOperator): MSFT> on 2023-07-08 00:00:00+00:00
[2023-07-17 21:09:12,427] {standard_task_runner.py:52} INFO - Started process 36743 to run task
[2023-07-17 21:09:12,429] {standard_task_runner.py:79} INFO - Running: ['airflow', 'tasks', 'run', 'get_stocks_dag', 'MSFT', 'scheduled__2023-07-08T00:00:00+00:00', '--job-id', '685', '--raw', '--subdir', 'DAGS_FOLDER/get_stocks.py', '--cfg-path', '/tmp/tmpyk6827fr', '--error-file', '/tmp/tmp69s9oh72']
[2023-07-17 21:09:12,430] {standard_task_runner.py:80} INFO - Job 685: Subtask MSFT
[2023-07-17 21:09:12,495] {task_command.py:370} INFO - Running <TaskInstance: get_stocks_dag.MSFT scheduled__2023-07-08T00:00:00+00:00 [running]> on host lucas-Estudos
[2023-07-17 21:09:12,576] {taskinstance.py:1569} INFO - Exporting the following env vars:
AIRFLOW_CTX_DAG_OWNER=airflow
AIRFLOW_CTX_DAG_ID=get_stocks_dag
AIRFLOW_CTX_TASK_ID=MSFT
AIRFLOW_CTX_EXECUTION_DATE=2023-07-08T00:00:00+00:00
AIRFLOW_CTX_TRY_NUMBER=1
AIRFLOW_CTX_DAG_RUN_ID=scheduled__2023-07-08T00:00:00+00:00
[2023-07-17 21:09:16,343] {python.py:173} INFO - Done. Returned value was: None
[2023-07-17 21:09:16,398] {taskinstance.py:1395} INFO - Marking task as SUCCESS. dag_id=get_stocks_dag, task_id=MSFT, execution_date=20230708T000000, start_date=20230718T000912, end_date=20230718T000916
[2023-07-17 21:09:16,457] {local_task_job.py:156} INFO - Task exited with return code 0
[2023-07-17 21:09:16,576] {local_task_job.py:273} INFO - 0 downstream tasks scheduled from follow-on schedule check
[2023-07-17 22:19:42,697] {taskinstance.py:1159} INFO - Dependencies all met for <TaskInstance: get_stocks_dag.MSFT scheduled__2023-07-08T00:00:00+00:00 [queued]>
[2023-07-17 22:19:42,707] {taskinstance.py:1159} INFO - Dependencies all met for <TaskInstance: get_stocks_dag.MSFT scheduled__2023-07-08T00:00:00+00:00 [queued]>
[2023-07-17 22:19:42,707] {taskinstance.py:1356} INFO - 
--------------------------------------------------------------------------------
[2023-07-17 22:19:42,707] {taskinstance.py:1357} INFO - Starting attempt 1 of 1
[2023-07-17 22:19:42,707] {taskinstance.py:1358} INFO - 
--------------------------------------------------------------------------------
[2023-07-17 22:19:42,718] {taskinstance.py:1377} INFO - Executing <Task(_PythonDecoratedOperator): MSFT> on 2023-07-08 00:00:00+00:00
[2023-07-17 22:19:42,723] {standard_task_runner.py:52} INFO - Started process 97910 to run task
[2023-07-17 22:19:42,726] {standard_task_runner.py:79} INFO - Running: ['airflow', 'tasks', 'run', 'get_stocks_dag', 'MSFT', 'scheduled__2023-07-08T00:00:00+00:00', '--job-id', '1115', '--raw', '--subdir', 'DAGS_FOLDER/get_stocks.py', '--cfg-path', '/tmp/tmpv24ehasq', '--error-file', '/tmp/tmp8tm_jk3n']
[2023-07-17 22:19:42,726] {standard_task_runner.py:80} INFO - Job 1115: Subtask MSFT
[2023-07-17 22:19:42,784] {task_command.py:370} INFO - Running <TaskInstance: get_stocks_dag.MSFT scheduled__2023-07-08T00:00:00+00:00 [running]> on host lucas-Estudos
[2023-07-17 22:19:42,859] {taskinstance.py:1569} INFO - Exporting the following env vars:
AIRFLOW_CTX_DAG_OWNER=airflow
AIRFLOW_CTX_DAG_ID=get_stocks_dag
AIRFLOW_CTX_TASK_ID=MSFT
AIRFLOW_CTX_EXECUTION_DATE=2023-07-08T00:00:00+00:00
AIRFLOW_CTX_TRY_NUMBER=1
AIRFLOW_CTX_DAG_RUN_ID=scheduled__2023-07-08T00:00:00+00:00
[2023-07-17 22:19:46,779] {python.py:173} INFO - Done. Returned value was: None
[2023-07-17 22:19:46,835] {taskinstance.py:1395} INFO - Marking task as SUCCESS. dag_id=get_stocks_dag, task_id=MSFT, execution_date=20230708T000000, start_date=20230718T011942, end_date=20230718T011946
[2023-07-17 22:19:46,917] {local_task_job.py:156} INFO - Task exited with return code 0
[2023-07-17 22:19:47,043] {local_task_job.py:273} INFO - 0 downstream tasks scheduled from follow-on schedule check
