[2023-07-17 21:58:57,902] {taskinstance.py:1159} INFO - Dependencies all met for <TaskInstance: get_crypto_dag.BTC scheduled__2023-05-13T00:00:00+00:00 [queued]>
[2023-07-17 21:58:57,912] {taskinstance.py:1159} INFO - Dependencies all met for <TaskInstance: get_crypto_dag.BTC scheduled__2023-05-13T00:00:00+00:00 [queued]>
[2023-07-17 21:58:57,912] {taskinstance.py:1356} INFO - 
--------------------------------------------------------------------------------
[2023-07-17 21:58:57,912] {taskinstance.py:1357} INFO - Starting attempt 1 of 1
[2023-07-17 21:58:57,912] {taskinstance.py:1358} INFO - 
--------------------------------------------------------------------------------
[2023-07-17 21:58:57,926] {taskinstance.py:1377} INFO - Executing <Task(_PythonDecoratedOperator): BTC> on 2023-05-13 00:00:00+00:00
[2023-07-17 21:58:57,932] {standard_task_runner.py:52} INFO - Started process 55889 to run task
[2023-07-17 21:58:57,935] {standard_task_runner.py:79} INFO - Running: ['airflow', 'tasks', 'run', 'get_crypto_dag', 'BTC', 'scheduled__2023-05-13T00:00:00+00:00', '--job-id', '807', '--raw', '--subdir', 'DAGS_FOLDER/get_crypto.py', '--cfg-path', '/tmp/tmp15y_5378', '--error-file', '/tmp/tmph_35ncve']
[2023-07-17 21:58:57,936] {standard_task_runner.py:80} INFO - Job 807: Subtask BTC
[2023-07-17 21:58:58,041] {task_command.py:370} INFO - Running <TaskInstance: get_crypto_dag.BTC scheduled__2023-05-13T00:00:00+00:00 [running]> on host lucas-Estudos
[2023-07-17 21:58:58,155] {taskinstance.py:1569} INFO - Exporting the following env vars:
AIRFLOW_CTX_DAG_OWNER=airflow
AIRFLOW_CTX_DAG_ID=get_crypto_dag
AIRFLOW_CTX_TASK_ID=BTC
AIRFLOW_CTX_EXECUTION_DATE=2023-05-13T00:00:00+00:00
AIRFLOW_CTX_TRY_NUMBER=1
AIRFLOW_CTX_DAG_RUN_ID=scheduled__2023-05-13T00:00:00+00:00
[2023-07-17 21:59:00,798] {base.py:297} ERROR - BTC: No price data found, symbol may be delisted (1h 2023-05-12 -> 2023-05-13)
[2023-07-17 21:59:00,805] {python.py:173} INFO - Done. Returned value was: None
[2023-07-17 21:59:00,857] {taskinstance.py:1395} INFO - Marking task as SUCCESS. dag_id=get_crypto_dag, task_id=BTC, execution_date=20230513T000000, start_date=20230718T005857, end_date=20230718T005900
[2023-07-17 21:59:00,923] {local_task_job.py:156} INFO - Task exited with return code 0
[2023-07-17 21:59:01,044] {local_task_job.py:273} INFO - 0 downstream tasks scheduled from follow-on schedule check
[2023-07-18 10:31:07,328] {taskinstance.py:1159} INFO - Dependencies all met for <TaskInstance: get_crypto_dag.BTC scheduled__2023-05-13T00:00:00+00:00 [queued]>
[2023-07-18 10:31:07,350] {taskinstance.py:1159} INFO - Dependencies all met for <TaskInstance: get_crypto_dag.BTC scheduled__2023-05-13T00:00:00+00:00 [queued]>
[2023-07-18 10:31:07,351] {taskinstance.py:1356} INFO - 
--------------------------------------------------------------------------------
[2023-07-18 10:31:07,351] {taskinstance.py:1357} INFO - Starting attempt 1 of 1
[2023-07-18 10:31:07,351] {taskinstance.py:1358} INFO - 
--------------------------------------------------------------------------------
[2023-07-18 10:31:07,378] {taskinstance.py:1377} INFO - Executing <Task(_PythonDecoratedOperator): BTC> on 2023-05-13 00:00:00+00:00
[2023-07-18 10:31:07,387] {standard_task_runner.py:52} INFO - Started process 12882 to run task
[2023-07-18 10:31:07,393] {standard_task_runner.py:79} INFO - Running: ['airflow', 'tasks', 'run', 'get_crypto_dag', 'BTC', 'scheduled__2023-05-13T00:00:00+00:00', '--job-id', '1244', '--raw', '--subdir', 'DAGS_FOLDER/get_crypto.py', '--cfg-path', '/tmp/tmp3t23n27i', '--error-file', '/tmp/tmpxzcamtrd']
[2023-07-18 10:31:07,395] {standard_task_runner.py:80} INFO - Job 1244: Subtask BTC
[2023-07-18 10:31:07,560] {task_command.py:370} INFO - Running <TaskInstance: get_crypto_dag.BTC scheduled__2023-05-13T00:00:00+00:00 [running]> on host lucas-Estudos
[2023-07-18 10:31:07,777] {taskinstance.py:1569} INFO - Exporting the following env vars:
AIRFLOW_CTX_DAG_OWNER=airflow
AIRFLOW_CTX_DAG_ID=get_crypto_dag
AIRFLOW_CTX_TASK_ID=BTC
AIRFLOW_CTX_EXECUTION_DATE=2023-05-13T00:00:00+00:00
AIRFLOW_CTX_TRY_NUMBER=1
AIRFLOW_CTX_DAG_RUN_ID=scheduled__2023-05-13T00:00:00+00:00
[2023-07-18 10:31:08,401] {base.py:297} ERROR - BTC: No price data found, symbol may be delisted (1h 2023-05-12 -> 2023-05-13)
[2023-07-18 10:31:08,406] {python.py:173} INFO - Done. Returned value was: None
[2023-07-18 10:31:08,448] {taskinstance.py:1395} INFO - Marking task as SUCCESS. dag_id=get_crypto_dag, task_id=BTC, execution_date=20230513T000000, start_date=20230718T133107, end_date=20230718T133108
[2023-07-18 10:31:08,489] {local_task_job.py:156} INFO - Task exited with return code 0
[2023-07-18 10:31:08,589] {local_task_job.py:273} INFO - 0 downstream tasks scheduled from follow-on schedule check
