[2023-07-17 22:13:05,006] {taskinstance.py:1159} INFO - Dependencies all met for <TaskInstance: get_crypto_dag.DOGE scheduled__2023-06-09T00:00:00+00:00 [queued]>
[2023-07-17 22:13:05,027] {taskinstance.py:1159} INFO - Dependencies all met for <TaskInstance: get_crypto_dag.DOGE scheduled__2023-06-09T00:00:00+00:00 [queued]>
[2023-07-17 22:13:05,027] {taskinstance.py:1356} INFO - 
--------------------------------------------------------------------------------
[2023-07-17 22:13:05,027] {taskinstance.py:1357} INFO - Starting attempt 1 of 1
[2023-07-17 22:13:05,027] {taskinstance.py:1358} INFO - 
--------------------------------------------------------------------------------
[2023-07-17 22:13:05,061] {taskinstance.py:1377} INFO - Executing <Task(_PythonDecoratedOperator): DOGE> on 2023-06-09 00:00:00+00:00
[2023-07-17 22:13:05,074] {standard_task_runner.py:52} INFO - Started process 84541 to run task
[2023-07-17 22:13:05,081] {standard_task_runner.py:79} INFO - Running: ['airflow', 'tasks', 'run', 'get_crypto_dag', 'DOGE', 'scheduled__2023-06-09T00:00:00+00:00', '--job-id', '1017', '--raw', '--subdir', 'DAGS_FOLDER/get_crypto.py', '--cfg-path', '/tmp/tmpkg_6ul_i', '--error-file', '/tmp/tmpqw2co8j9']
[2023-07-17 22:13:05,083] {standard_task_runner.py:80} INFO - Job 1017: Subtask DOGE
[2023-07-17 22:13:05,292] {task_command.py:370} INFO - Running <TaskInstance: get_crypto_dag.DOGE scheduled__2023-06-09T00:00:00+00:00 [running]> on host lucas-Estudos
[2023-07-17 22:13:05,460] {taskinstance.py:1569} INFO - Exporting the following env vars:
AIRFLOW_CTX_DAG_OWNER=airflow
AIRFLOW_CTX_DAG_ID=get_crypto_dag
AIRFLOW_CTX_TASK_ID=DOGE
AIRFLOW_CTX_EXECUTION_DATE=2023-06-09T00:00:00+00:00
AIRFLOW_CTX_TRY_NUMBER=1
AIRFLOW_CTX_DAG_RUN_ID=scheduled__2023-06-09T00:00:00+00:00
[2023-07-17 22:13:10,132] {base.py:162} ERROR - DOGE: No timezone found, symbol may be delisted
[2023-07-17 22:13:10,142] {python.py:173} INFO - Done. Returned value was: None
[2023-07-17 22:13:10,200] {taskinstance.py:1395} INFO - Marking task as SUCCESS. dag_id=get_crypto_dag, task_id=DOGE, execution_date=20230609T000000, start_date=20230718T011305, end_date=20230718T011310
[2023-07-17 22:13:10,270] {local_task_job.py:156} INFO - Task exited with return code 0
[2023-07-17 22:13:10,444] {local_task_job.py:273} INFO - 0 downstream tasks scheduled from follow-on schedule check
[2023-07-18 10:50:58,632] {taskinstance.py:1159} INFO - Dependencies all met for <TaskInstance: get_crypto_dag.DOGE scheduled__2023-06-09T00:00:00+00:00 [queued]>
[2023-07-18 10:50:58,654] {taskinstance.py:1159} INFO - Dependencies all met for <TaskInstance: get_crypto_dag.DOGE scheduled__2023-06-09T00:00:00+00:00 [queued]>
[2023-07-18 10:50:58,654] {taskinstance.py:1356} INFO - 
--------------------------------------------------------------------------------
[2023-07-18 10:50:58,654] {taskinstance.py:1357} INFO - Starting attempt 1 of 1
[2023-07-18 10:50:58,654] {taskinstance.py:1358} INFO - 
--------------------------------------------------------------------------------
[2023-07-18 10:50:58,679] {taskinstance.py:1377} INFO - Executing <Task(_PythonDecoratedOperator): DOGE> on 2023-06-09 00:00:00+00:00
[2023-07-18 10:50:58,687] {standard_task_runner.py:52} INFO - Started process 19170 to run task
[2023-07-18 10:50:58,695] {standard_task_runner.py:79} INFO - Running: ['airflow', 'tasks', 'run', 'get_crypto_dag', 'DOGE', 'scheduled__2023-06-09T00:00:00+00:00', '--job-id', '1426', '--raw', '--subdir', 'DAGS_FOLDER/get_crypto.py', '--cfg-path', '/tmp/tmp641d5vyj', '--error-file', '/tmp/tmpb2toxgqm']
[2023-07-18 10:50:58,697] {standard_task_runner.py:80} INFO - Job 1426: Subtask DOGE
[2023-07-18 10:50:58,922] {task_command.py:370} INFO - Running <TaskInstance: get_crypto_dag.DOGE scheduled__2023-06-09T00:00:00+00:00 [running]> on host lucas-Estudos
[2023-07-18 10:50:59,049] {taskinstance.py:1569} INFO - Exporting the following env vars:
AIRFLOW_CTX_DAG_OWNER=airflow
AIRFLOW_CTX_DAG_ID=get_crypto_dag
AIRFLOW_CTX_TASK_ID=DOGE
AIRFLOW_CTX_EXECUTION_DATE=2023-06-09T00:00:00+00:00
AIRFLOW_CTX_TRY_NUMBER=1
AIRFLOW_CTX_DAG_RUN_ID=scheduled__2023-06-09T00:00:00+00:00
[2023-07-18 10:50:59,544] {base.py:162} ERROR - DOGE: No timezone found, symbol may be delisted
[2023-07-18 10:50:59,546] {python.py:173} INFO - Done. Returned value was: None
[2023-07-18 10:50:59,589] {taskinstance.py:1395} INFO - Marking task as SUCCESS. dag_id=get_crypto_dag, task_id=DOGE, execution_date=20230609T000000, start_date=20230718T135058, end_date=20230718T135059
[2023-07-18 10:50:59,628] {local_task_job.py:156} INFO - Task exited with return code 0
[2023-07-18 10:50:59,743] {local_task_job.py:273} INFO - 0 downstream tasks scheduled from follow-on schedule check
