[2023-07-17 16:23:35,689] {taskinstance.py:1159} INFO - Dependencies all met for <TaskInstance: get_stocks_dag.MSFT scheduled__2023-06-28T00:00:00+00:00 [queued]>
[2023-07-17 16:23:35,701] {taskinstance.py:1159} INFO - Dependencies all met for <TaskInstance: get_stocks_dag.MSFT scheduled__2023-06-28T00:00:00+00:00 [queued]>
[2023-07-17 16:23:35,701] {taskinstance.py:1356} INFO - 
--------------------------------------------------------------------------------
[2023-07-17 16:23:35,701] {taskinstance.py:1357} INFO - Starting attempt 1 of 1
[2023-07-17 16:23:35,701] {taskinstance.py:1358} INFO - 
--------------------------------------------------------------------------------
[2023-07-17 16:23:35,723] {taskinstance.py:1377} INFO - Executing <Task(_PythonDecoratedOperator): MSFT> on 2023-06-28 00:00:00+00:00
[2023-07-17 16:23:35,729] {standard_task_runner.py:52} INFO - Started process 11473 to run task
[2023-07-17 16:23:35,738] {standard_task_runner.py:79} INFO - Running: ['airflow', 'tasks', 'run', 'get_stocks_dag', 'MSFT', 'scheduled__2023-06-28T00:00:00+00:00', '--job-id', '218', '--raw', '--subdir', 'DAGS_FOLDER/get_stocks.py', '--cfg-path', '/tmp/tmpb8i0_k51', '--error-file', '/tmp/tmp1mq12qvy']
[2023-07-17 16:23:35,739] {standard_task_runner.py:80} INFO - Job 218: Subtask MSFT
[2023-07-17 16:23:35,862] {task_command.py:370} INFO - Running <TaskInstance: get_stocks_dag.MSFT scheduled__2023-06-28T00:00:00+00:00 [running]> on host lucas-Estudos
[2023-07-17 16:23:36,010] {taskinstance.py:1569} INFO - Exporting the following env vars:
AIRFLOW_CTX_DAG_OWNER=airflow
AIRFLOW_CTX_DAG_ID=get_stocks_dag
AIRFLOW_CTX_TASK_ID=MSFT
AIRFLOW_CTX_EXECUTION_DATE=2023-06-28T00:00:00+00:00
AIRFLOW_CTX_TRY_NUMBER=1
AIRFLOW_CTX_DAG_RUN_ID=scheduled__2023-06-28T00:00:00+00:00
[2023-07-17 16:23:36,534] {python.py:173} INFO - Done. Returned value was: None
[2023-07-17 16:23:36,602] {taskinstance.py:1395} INFO - Marking task as SUCCESS. dag_id=get_stocks_dag, task_id=MSFT, execution_date=20230628T000000, start_date=20230717T192335, end_date=20230717T192336
[2023-07-17 16:23:36,647] {local_task_job.py:156} INFO - Task exited with return code 0
[2023-07-17 16:23:36,801] {local_task_job.py:273} INFO - 0 downstream tasks scheduled from follow-on schedule check
[2023-07-17 16:54:56,572] {taskinstance.py:1159} INFO - Dependencies all met for <TaskInstance: get_stocks_dag.MSFT scheduled__2023-06-28T00:00:00+00:00 [queued]>
[2023-07-17 16:54:56,582] {taskinstance.py:1159} INFO - Dependencies all met for <TaskInstance: get_stocks_dag.MSFT scheduled__2023-06-28T00:00:00+00:00 [queued]>
[2023-07-17 16:54:56,582] {taskinstance.py:1356} INFO - 
--------------------------------------------------------------------------------
[2023-07-17 16:54:56,583] {taskinstance.py:1357} INFO - Starting attempt 1 of 1
[2023-07-17 16:54:56,583] {taskinstance.py:1358} INFO - 
--------------------------------------------------------------------------------
[2023-07-17 16:54:56,599] {taskinstance.py:1377} INFO - Executing <Task(_PythonDecoratedOperator): MSFT> on 2023-06-28 00:00:00+00:00
[2023-07-17 16:54:56,607] {standard_task_runner.py:52} INFO - Started process 24415 to run task
[2023-07-17 16:54:56,610] {standard_task_runner.py:79} INFO - Running: ['airflow', 'tasks', 'run', 'get_stocks_dag', 'MSFT', 'scheduled__2023-06-28T00:00:00+00:00', '--job-id', '437', '--raw', '--subdir', 'DAGS_FOLDER/get_stocks.py', '--cfg-path', '/tmp/tmpr6tyt6rn', '--error-file', '/tmp/tmp_ihbnqi_']
[2023-07-17 16:54:56,611] {standard_task_runner.py:80} INFO - Job 437: Subtask MSFT
[2023-07-17 16:54:56,701] {task_command.py:370} INFO - Running <TaskInstance: get_stocks_dag.MSFT scheduled__2023-06-28T00:00:00+00:00 [running]> on host lucas-Estudos
[2023-07-17 16:54:56,806] {taskinstance.py:1569} INFO - Exporting the following env vars:
AIRFLOW_CTX_DAG_OWNER=airflow
AIRFLOW_CTX_DAG_ID=get_stocks_dag
AIRFLOW_CTX_TASK_ID=MSFT
AIRFLOW_CTX_EXECUTION_DATE=2023-06-28T00:00:00+00:00
AIRFLOW_CTX_TRY_NUMBER=1
AIRFLOW_CTX_DAG_RUN_ID=scheduled__2023-06-28T00:00:00+00:00
[2023-07-17 16:54:57,553] {python.py:173} INFO - Done. Returned value was: None
[2023-07-17 16:54:57,583] {taskinstance.py:1395} INFO - Marking task as SUCCESS. dag_id=get_stocks_dag, task_id=MSFT, execution_date=20230628T000000, start_date=20230717T195456, end_date=20230717T195457
[2023-07-17 16:54:57,625] {local_task_job.py:156} INFO - Task exited with return code 0
[2023-07-17 16:54:57,670] {local_task_job.py:273} INFO - 0 downstream tasks scheduled from follow-on schedule check
[2023-07-17 21:07:06,808] {taskinstance.py:1159} INFO - Dependencies all met for <TaskInstance: get_stocks_dag.MSFT scheduled__2023-06-28T00:00:00+00:00 [queued]>
[2023-07-17 21:07:06,816] {taskinstance.py:1159} INFO - Dependencies all met for <TaskInstance: get_stocks_dag.MSFT scheduled__2023-06-28T00:00:00+00:00 [queued]>
[2023-07-17 21:07:06,816] {taskinstance.py:1356} INFO - 
--------------------------------------------------------------------------------
[2023-07-17 21:07:06,816] {taskinstance.py:1357} INFO - Starting attempt 1 of 1
[2023-07-17 21:07:06,816] {taskinstance.py:1358} INFO - 
--------------------------------------------------------------------------------
[2023-07-17 21:07:06,825] {taskinstance.py:1377} INFO - Executing <Task(_PythonDecoratedOperator): MSFT> on 2023-06-28 00:00:00+00:00
[2023-07-17 21:07:06,829] {standard_task_runner.py:52} INFO - Started process 33273 to run task
[2023-07-17 21:07:06,831] {standard_task_runner.py:79} INFO - Running: ['airflow', 'tasks', 'run', 'get_stocks_dag', 'MSFT', 'scheduled__2023-06-28T00:00:00+00:00', '--job-id', '653', '--raw', '--subdir', 'DAGS_FOLDER/get_stocks.py', '--cfg-path', '/tmp/tmpdbsctock', '--error-file', '/tmp/tmpl1j5qsbl']
[2023-07-17 21:07:06,832] {standard_task_runner.py:80} INFO - Job 653: Subtask MSFT
[2023-07-17 21:07:06,943] {task_command.py:370} INFO - Running <TaskInstance: get_stocks_dag.MSFT scheduled__2023-06-28T00:00:00+00:00 [running]> on host lucas-Estudos
[2023-07-17 21:07:07,259] {taskinstance.py:1569} INFO - Exporting the following env vars:
AIRFLOW_CTX_DAG_OWNER=airflow
AIRFLOW_CTX_DAG_ID=get_stocks_dag
AIRFLOW_CTX_TASK_ID=MSFT
AIRFLOW_CTX_EXECUTION_DATE=2023-06-28T00:00:00+00:00
AIRFLOW_CTX_TRY_NUMBER=1
AIRFLOW_CTX_DAG_RUN_ID=scheduled__2023-06-28T00:00:00+00:00
[2023-07-17 21:07:24,009] {python.py:173} INFO - Done. Returned value was: None
[2023-07-17 21:07:24,061] {taskinstance.py:1395} INFO - Marking task as SUCCESS. dag_id=get_stocks_dag, task_id=MSFT, execution_date=20230628T000000, start_date=20230718T000706, end_date=20230718T000724
[2023-07-17 21:07:24,144] {local_task_job.py:156} INFO - Task exited with return code 0
[2023-07-17 21:07:24,254] {local_task_job.py:273} INFO - 0 downstream tasks scheduled from follow-on schedule check
[2023-07-17 22:15:05,605] {taskinstance.py:1159} INFO - Dependencies all met for <TaskInstance: get_stocks_dag.MSFT scheduled__2023-06-28T00:00:00+00:00 [queued]>
[2023-07-17 22:15:05,614] {taskinstance.py:1159} INFO - Dependencies all met for <TaskInstance: get_stocks_dag.MSFT scheduled__2023-06-28T00:00:00+00:00 [queued]>
[2023-07-17 22:15:05,614] {taskinstance.py:1356} INFO - 
--------------------------------------------------------------------------------
[2023-07-17 22:15:05,614] {taskinstance.py:1357} INFO - Starting attempt 1 of 1
[2023-07-17 22:15:05,614] {taskinstance.py:1358} INFO - 
--------------------------------------------------------------------------------
[2023-07-17 22:15:05,629] {taskinstance.py:1377} INFO - Executing <Task(_PythonDecoratedOperator): MSFT> on 2023-06-28 00:00:00+00:00
[2023-07-17 22:15:05,636] {standard_task_runner.py:52} INFO - Started process 88604 to run task
[2023-07-17 22:15:05,639] {standard_task_runner.py:79} INFO - Running: ['airflow', 'tasks', 'run', 'get_stocks_dag', 'MSFT', 'scheduled__2023-06-28T00:00:00+00:00', '--job-id', '1047', '--raw', '--subdir', 'DAGS_FOLDER/get_stocks.py', '--cfg-path', '/tmp/tmpcldjm6mi', '--error-file', '/tmp/tmpyb8bwdb1']
[2023-07-17 22:15:05,640] {standard_task_runner.py:80} INFO - Job 1047: Subtask MSFT
[2023-07-17 22:15:05,717] {task_command.py:370} INFO - Running <TaskInstance: get_stocks_dag.MSFT scheduled__2023-06-28T00:00:00+00:00 [running]> on host lucas-Estudos
[2023-07-17 22:15:05,783] {taskinstance.py:1569} INFO - Exporting the following env vars:
AIRFLOW_CTX_DAG_OWNER=airflow
AIRFLOW_CTX_DAG_ID=get_stocks_dag
AIRFLOW_CTX_TASK_ID=MSFT
AIRFLOW_CTX_EXECUTION_DATE=2023-06-28T00:00:00+00:00
AIRFLOW_CTX_TRY_NUMBER=1
AIRFLOW_CTX_DAG_RUN_ID=scheduled__2023-06-28T00:00:00+00:00
[2023-07-17 22:15:09,449] {python.py:173} INFO - Done. Returned value was: None
[2023-07-17 22:15:09,518] {taskinstance.py:1395} INFO - Marking task as SUCCESS. dag_id=get_stocks_dag, task_id=MSFT, execution_date=20230628T000000, start_date=20230718T011505, end_date=20230718T011509
[2023-07-17 22:15:09,587] {local_task_job.py:156} INFO - Task exited with return code 0
[2023-07-17 22:15:09,706] {local_task_job.py:273} INFO - 0 downstream tasks scheduled from follow-on schedule check
[2023-07-18 11:05:03,260] {taskinstance.py:1159} INFO - Dependencies all met for <TaskInstance: get_stocks_dag.MSFT scheduled__2023-06-28T00:00:00+00:00 [queued]>
[2023-07-18 11:05:03,295] {taskinstance.py:1159} INFO - Dependencies all met for <TaskInstance: get_stocks_dag.MSFT scheduled__2023-06-28T00:00:00+00:00 [queued]>
[2023-07-18 11:05:03,296] {taskinstance.py:1356} INFO - 
--------------------------------------------------------------------------------
[2023-07-18 11:05:03,296] {taskinstance.py:1357} INFO - Starting attempt 1 of 1
[2023-07-18 11:05:03,296] {taskinstance.py:1358} INFO - 
--------------------------------------------------------------------------------
[2023-07-18 11:05:03,325] {taskinstance.py:1377} INFO - Executing <Task(_PythonDecoratedOperator): MSFT> on 2023-06-28 00:00:00+00:00
[2023-07-18 11:05:03,335] {standard_task_runner.py:52} INFO - Started process 26320 to run task
[2023-07-18 11:05:03,342] {standard_task_runner.py:79} INFO - Running: ['airflow', 'tasks', 'run', 'get_stocks_dag', 'MSFT', 'scheduled__2023-06-28T00:00:00+00:00', '--job-id', '1550', '--raw', '--subdir', 'DAGS_FOLDER/get_stocks.py', '--cfg-path', '/tmp/tmpio34j4bg', '--error-file', '/tmp/tmp7yxb2tvj']
[2023-07-18 11:05:03,345] {standard_task_runner.py:80} INFO - Job 1550: Subtask MSFT
[2023-07-18 11:05:03,565] {task_command.py:370} INFO - Running <TaskInstance: get_stocks_dag.MSFT scheduled__2023-06-28T00:00:00+00:00 [running]> on host lucas-Estudos
[2023-07-18 11:05:03,773] {taskinstance.py:1569} INFO - Exporting the following env vars:
AIRFLOW_CTX_DAG_OWNER=airflow
AIRFLOW_CTX_DAG_ID=get_stocks_dag
AIRFLOW_CTX_TASK_ID=MSFT
AIRFLOW_CTX_EXECUTION_DATE=2023-06-28T00:00:00+00:00
AIRFLOW_CTX_TRY_NUMBER=1
AIRFLOW_CTX_DAG_RUN_ID=scheduled__2023-06-28T00:00:00+00:00
[2023-07-18 11:05:04,428] {python.py:173} INFO - Done. Returned value was: None
[2023-07-18 11:05:04,486] {taskinstance.py:1395} INFO - Marking task as SUCCESS. dag_id=get_stocks_dag, task_id=MSFT, execution_date=20230628T000000, start_date=20230718T140503, end_date=20230718T140504
[2023-07-18 11:05:04,558] {local_task_job.py:156} INFO - Task exited with return code 0
[2023-07-18 11:05:04,701] {local_task_job.py:273} INFO - 0 downstream tasks scheduled from follow-on schedule check
