[2023-07-17 21:54:58,026] {taskinstance.py:1159} INFO - Dependencies all met for <TaskInstance: get_crypto_dag.AVAX scheduled__2023-05-06T00:00:00+00:00 [queued]>
[2023-07-17 21:54:58,045] {taskinstance.py:1159} INFO - Dependencies all met for <TaskInstance: get_crypto_dag.AVAX scheduled__2023-05-06T00:00:00+00:00 [queued]>
[2023-07-17 21:54:58,045] {taskinstance.py:1356} INFO - 
--------------------------------------------------------------------------------
[2023-07-17 21:54:58,046] {taskinstance.py:1357} INFO - Starting attempt 1 of 1
[2023-07-17 21:54:58,046] {taskinstance.py:1358} INFO - 
--------------------------------------------------------------------------------
[2023-07-17 21:54:58,072] {taskinstance.py:1377} INFO - Executing <Task(_PythonDecoratedOperator): AVAX> on 2023-05-06 00:00:00+00:00
[2023-07-17 21:54:58,082] {standard_task_runner.py:52} INFO - Started process 47796 to run task
[2023-07-17 21:54:58,089] {standard_task_runner.py:79} INFO - Running: ['airflow', 'tasks', 'run', 'get_crypto_dag', 'AVAX', 'scheduled__2023-05-06T00:00:00+00:00', '--job-id', '750', '--raw', '--subdir', 'DAGS_FOLDER/get_crypto.py', '--cfg-path', '/tmp/tmpzy2kd11c', '--error-file', '/tmp/tmpypkw17hb']
[2023-07-17 21:54:58,090] {standard_task_runner.py:80} INFO - Job 750: Subtask AVAX
[2023-07-17 21:54:58,189] {task_command.py:370} INFO - Running <TaskInstance: get_crypto_dag.AVAX scheduled__2023-05-06T00:00:00+00:00 [running]> on host lucas-Estudos
[2023-07-17 21:54:58,268] {taskinstance.py:1569} INFO - Exporting the following env vars:
AIRFLOW_CTX_DAG_OWNER=airflow
AIRFLOW_CTX_DAG_ID=get_crypto_dag
AIRFLOW_CTX_TASK_ID=AVAX
AIRFLOW_CTX_EXECUTION_DATE=2023-05-06T00:00:00+00:00
AIRFLOW_CTX_TRY_NUMBER=1
AIRFLOW_CTX_DAG_RUN_ID=scheduled__2023-05-06T00:00:00+00:00
[2023-07-17 21:55:01,995] {base.py:162} ERROR - AVAX: No timezone found, symbol may be delisted
[2023-07-17 21:55:02,004] {python.py:173} INFO - Done. Returned value was: None
[2023-07-17 21:55:02,057] {taskinstance.py:1395} INFO - Marking task as SUCCESS. dag_id=get_crypto_dag, task_id=AVAX, execution_date=20230506T000000, start_date=20230718T005458, end_date=20230718T005502
[2023-07-17 21:55:02,116] {local_task_job.py:156} INFO - Task exited with return code 0
[2023-07-17 21:55:02,237] {local_task_job.py:273} INFO - 0 downstream tasks scheduled from follow-on schedule check
[2023-07-18 10:25:42,858] {taskinstance.py:1159} INFO - Dependencies all met for <TaskInstance: get_crypto_dag.AVAX scheduled__2023-05-06T00:00:00+00:00 [queued]>
[2023-07-18 10:25:42,884] {taskinstance.py:1159} INFO - Dependencies all met for <TaskInstance: get_crypto_dag.AVAX scheduled__2023-05-06T00:00:00+00:00 [queued]>
[2023-07-18 10:25:42,885] {taskinstance.py:1356} INFO - 
--------------------------------------------------------------------------------
[2023-07-18 10:25:42,885] {taskinstance.py:1357} INFO - Starting attempt 1 of 1
[2023-07-18 10:25:42,885] {taskinstance.py:1358} INFO - 
--------------------------------------------------------------------------------
[2023-07-18 10:25:42,918] {taskinstance.py:1377} INFO - Executing <Task(_PythonDecoratedOperator): AVAX> on 2023-05-06 00:00:00+00:00
[2023-07-18 10:25:42,929] {standard_task_runner.py:52} INFO - Started process 11174 to run task
[2023-07-18 10:25:42,937] {standard_task_runner.py:79} INFO - Running: ['airflow', 'tasks', 'run', 'get_crypto_dag', 'AVAX', 'scheduled__2023-05-06T00:00:00+00:00', '--job-id', '1193', '--raw', '--subdir', 'DAGS_FOLDER/get_crypto.py', '--cfg-path', '/tmp/tmpli44difd', '--error-file', '/tmp/tmpn7wjsqja']
[2023-07-18 10:25:42,940] {standard_task_runner.py:80} INFO - Job 1193: Subtask AVAX
[2023-07-18 10:25:43,146] {task_command.py:370} INFO - Running <TaskInstance: get_crypto_dag.AVAX scheduled__2023-05-06T00:00:00+00:00 [running]> on host lucas-Estudos
[2023-07-18 10:25:43,247] {taskinstance.py:1569} INFO - Exporting the following env vars:
AIRFLOW_CTX_DAG_OWNER=airflow
AIRFLOW_CTX_DAG_ID=get_crypto_dag
AIRFLOW_CTX_TASK_ID=AVAX
AIRFLOW_CTX_EXECUTION_DATE=2023-05-06T00:00:00+00:00
AIRFLOW_CTX_TRY_NUMBER=1
AIRFLOW_CTX_DAG_RUN_ID=scheduled__2023-05-06T00:00:00+00:00
[2023-07-18 10:25:43,693] {base.py:162} ERROR - AVAX: No timezone found, symbol may be delisted
[2023-07-18 10:25:43,700] {python.py:173} INFO - Done. Returned value was: None
[2023-07-18 10:25:43,754] {taskinstance.py:1395} INFO - Marking task as SUCCESS. dag_id=get_crypto_dag, task_id=AVAX, execution_date=20230506T000000, start_date=20230718T132542, end_date=20230718T132543
[2023-07-18 10:25:43,832] {local_task_job.py:156} INFO - Task exited with return code 0
[2023-07-18 10:25:43,956] {local_task_job.py:273} INFO - 0 downstream tasks scheduled from follow-on schedule check
