[2023-07-17 14:54:55,710] {taskinstance.py:1159} INFO - Dependencies all met for <TaskInstance: get_stocks_dag.MSFT scheduled__2023-07-14T00:00:00+00:00 [queued]>
[2023-07-17 14:54:55,717] {taskinstance.py:1159} INFO - Dependencies all met for <TaskInstance: get_stocks_dag.MSFT scheduled__2023-07-14T00:00:00+00:00 [queued]>
[2023-07-17 14:54:55,717] {taskinstance.py:1356} INFO - 
--------------------------------------------------------------------------------
[2023-07-17 14:54:55,717] {taskinstance.py:1357} INFO - Starting attempt 1 of 1
[2023-07-17 14:54:55,717] {taskinstance.py:1358} INFO - 
--------------------------------------------------------------------------------
[2023-07-17 14:54:55,729] {taskinstance.py:1377} INFO - Executing <Task(_PythonDecoratedOperator): MSFT> on 2023-07-14 00:00:00+00:00
[2023-07-17 14:54:55,732] {standard_task_runner.py:52} INFO - Started process 25312 to run task
[2023-07-17 14:54:55,735] {standard_task_runner.py:79} INFO - Running: ['airflow', 'tasks', 'run', 'get_stocks_dag', 'MSFT', 'scheduled__2023-07-14T00:00:00+00:00', '--job-id', '20', '--raw', '--subdir', 'DAGS_FOLDER/get_stocks.py', '--cfg-path', '/tmp/tmp3qbcuntp', '--error-file', '/tmp/tmpb3ltr_d6']
[2023-07-17 14:54:55,735] {standard_task_runner.py:80} INFO - Job 20: Subtask MSFT
[2023-07-17 14:54:55,769] {task_command.py:370} INFO - Running <TaskInstance: get_stocks_dag.MSFT scheduled__2023-07-14T00:00:00+00:00 [running]> on host lucas-Estudos
[2023-07-17 14:54:55,822] {taskinstance.py:1569} INFO - Exporting the following env vars:
AIRFLOW_CTX_DAG_OWNER=airflow
AIRFLOW_CTX_DAG_ID=get_stocks_dag
AIRFLOW_CTX_TASK_ID=MSFT
AIRFLOW_CTX_EXECUTION_DATE=2023-07-14T00:00:00+00:00
AIRFLOW_CTX_TRY_NUMBER=1
AIRFLOW_CTX_DAG_RUN_ID=scheduled__2023-07-14T00:00:00+00:00
[2023-07-17 14:54:56,315] {python.py:173} INFO - Done. Returned value was: None
[2023-07-17 14:54:56,330] {taskinstance.py:1395} INFO - Marking task as SUCCESS. dag_id=get_stocks_dag, task_id=MSFT, execution_date=20230714T000000, start_date=20230717T175455, end_date=20230717T175456
[2023-07-17 14:54:56,388] {local_task_job.py:156} INFO - Task exited with return code 0
[2023-07-17 14:54:56,427] {local_task_job.py:273} INFO - 0 downstream tasks scheduled from follow-on schedule check
[2023-07-17 16:07:06,833] {taskinstance.py:1159} INFO - Dependencies all met for <TaskInstance: get_stocks_dag.MSFT scheduled__2023-07-14T00:00:00+00:00 [queued]>
[2023-07-17 16:07:06,867] {taskinstance.py:1159} INFO - Dependencies all met for <TaskInstance: get_stocks_dag.MSFT scheduled__2023-07-14T00:00:00+00:00 [queued]>
[2023-07-17 16:07:06,868] {taskinstance.py:1356} INFO - 
--------------------------------------------------------------------------------
[2023-07-17 16:07:06,868] {taskinstance.py:1357} INFO - Starting attempt 1 of 1
[2023-07-17 16:07:06,868] {taskinstance.py:1358} INFO - 
--------------------------------------------------------------------------------
[2023-07-17 16:07:06,927] {taskinstance.py:1377} INFO - Executing <Task(_PythonDecoratedOperator): MSFT> on 2023-07-14 00:00:00+00:00
[2023-07-17 16:07:06,956] {standard_task_runner.py:52} INFO - Started process 26288 to run task
[2023-07-17 16:07:07,003] {standard_task_runner.py:79} INFO - Running: ['airflow', 'tasks', 'run', 'get_stocks_dag', 'MSFT', 'scheduled__2023-07-14T00:00:00+00:00', '--job-id', '16', '--raw', '--subdir', 'DAGS_FOLDER/get_stocks.py', '--cfg-path', '/tmp/tmphiotz11m', '--error-file', '/tmp/tmpx_trvnvg']
[2023-07-17 16:07:07,030] {standard_task_runner.py:80} INFO - Job 16: Subtask MSFT
[2023-07-17 16:07:07,433] {task_command.py:370} INFO - Running <TaskInstance: get_stocks_dag.MSFT scheduled__2023-07-14T00:00:00+00:00 [running]> on host lucas-Estudos
[2023-07-17 16:07:07,780] {taskinstance.py:1569} INFO - Exporting the following env vars:
AIRFLOW_CTX_DAG_OWNER=airflow
AIRFLOW_CTX_DAG_ID=get_stocks_dag
AIRFLOW_CTX_TASK_ID=MSFT
AIRFLOW_CTX_EXECUTION_DATE=2023-07-14T00:00:00+00:00
AIRFLOW_CTX_TRY_NUMBER=1
AIRFLOW_CTX_DAG_RUN_ID=scheduled__2023-07-14T00:00:00+00:00
[2023-07-17 16:07:08,346] {python.py:173} INFO - Done. Returned value was: None
[2023-07-17 16:07:08,378] {taskinstance.py:1395} INFO - Marking task as SUCCESS. dag_id=get_stocks_dag, task_id=MSFT, execution_date=20230714T000000, start_date=20230717T190706, end_date=20230717T190708
[2023-07-17 16:07:08,433] {local_task_job.py:156} INFO - Task exited with return code 0
[2023-07-17 16:07:08,530] {local_task_job.py:273} INFO - 0 downstream tasks scheduled from follow-on schedule check
[2023-07-17 16:23:51,919] {taskinstance.py:1159} INFO - Dependencies all met for <TaskInstance: get_stocks_dag.MSFT scheduled__2023-07-14T00:00:00+00:00 [queued]>
[2023-07-17 16:23:51,952] {taskinstance.py:1159} INFO - Dependencies all met for <TaskInstance: get_stocks_dag.MSFT scheduled__2023-07-14T00:00:00+00:00 [queued]>
[2023-07-17 16:23:51,952] {taskinstance.py:1356} INFO - 
--------------------------------------------------------------------------------
[2023-07-17 16:23:51,952] {taskinstance.py:1357} INFO - Starting attempt 1 of 1
[2023-07-17 16:23:51,952] {taskinstance.py:1358} INFO - 
--------------------------------------------------------------------------------
[2023-07-17 16:23:51,980] {taskinstance.py:1377} INFO - Executing <Task(_PythonDecoratedOperator): MSFT> on 2023-07-14 00:00:00+00:00
[2023-07-17 16:23:51,988] {standard_task_runner.py:52} INFO - Started process 12913 to run task
[2023-07-17 16:23:51,993] {standard_task_runner.py:79} INFO - Running: ['airflow', 'tasks', 'run', 'get_stocks_dag', 'MSFT', 'scheduled__2023-07-14T00:00:00+00:00', '--job-id', '268', '--raw', '--subdir', 'DAGS_FOLDER/get_stocks.py', '--cfg-path', '/tmp/tmpjy6pqj_v', '--error-file', '/tmp/tmpdlla_wyc']
[2023-07-17 16:23:51,994] {standard_task_runner.py:80} INFO - Job 268: Subtask MSFT
[2023-07-17 16:23:52,131] {task_command.py:370} INFO - Running <TaskInstance: get_stocks_dag.MSFT scheduled__2023-07-14T00:00:00+00:00 [running]> on host lucas-Estudos
[2023-07-17 16:23:52,322] {taskinstance.py:1569} INFO - Exporting the following env vars:
AIRFLOW_CTX_DAG_OWNER=airflow
AIRFLOW_CTX_DAG_ID=get_stocks_dag
AIRFLOW_CTX_TASK_ID=MSFT
AIRFLOW_CTX_EXECUTION_DATE=2023-07-14T00:00:00+00:00
AIRFLOW_CTX_TRY_NUMBER=1
AIRFLOW_CTX_DAG_RUN_ID=scheduled__2023-07-14T00:00:00+00:00
[2023-07-17 16:23:52,832] {python.py:173} INFO - Done. Returned value was: None
[2023-07-17 16:23:52,897] {taskinstance.py:1395} INFO - Marking task as SUCCESS. dag_id=get_stocks_dag, task_id=MSFT, execution_date=20230714T000000, start_date=20230717T192351, end_date=20230717T192352
[2023-07-17 16:23:52,949] {local_task_job.py:156} INFO - Task exited with return code 0
[2023-07-17 16:23:53,027] {local_task_job.py:273} INFO - 0 downstream tasks scheduled from follow-on schedule check
[2023-07-17 16:55:13,372] {taskinstance.py:1159} INFO - Dependencies all met for <TaskInstance: get_stocks_dag.MSFT scheduled__2023-07-14T00:00:00+00:00 [queued]>
[2023-07-17 16:55:13,385] {taskinstance.py:1159} INFO - Dependencies all met for <TaskInstance: get_stocks_dag.MSFT scheduled__2023-07-14T00:00:00+00:00 [queued]>
[2023-07-17 16:55:13,385] {taskinstance.py:1356} INFO - 
--------------------------------------------------------------------------------
[2023-07-17 16:55:13,385] {taskinstance.py:1357} INFO - Starting attempt 1 of 1
[2023-07-17 16:55:13,385] {taskinstance.py:1358} INFO - 
--------------------------------------------------------------------------------
[2023-07-17 16:55:13,406] {taskinstance.py:1377} INFO - Executing <Task(_PythonDecoratedOperator): MSFT> on 2023-07-14 00:00:00+00:00
[2023-07-17 16:55:13,416] {standard_task_runner.py:52} INFO - Started process 25796 to run task
[2023-07-17 16:55:13,420] {standard_task_runner.py:79} INFO - Running: ['airflow', 'tasks', 'run', 'get_stocks_dag', 'MSFT', 'scheduled__2023-07-14T00:00:00+00:00', '--job-id', '483', '--raw', '--subdir', 'DAGS_FOLDER/get_stocks.py', '--cfg-path', '/tmp/tmpgi7do2yy', '--error-file', '/tmp/tmpde2x9vwi']
[2023-07-17 16:55:13,421] {standard_task_runner.py:80} INFO - Job 483: Subtask MSFT
[2023-07-17 16:55:13,542] {task_command.py:370} INFO - Running <TaskInstance: get_stocks_dag.MSFT scheduled__2023-07-14T00:00:00+00:00 [running]> on host lucas-Estudos
[2023-07-17 16:55:13,689] {taskinstance.py:1569} INFO - Exporting the following env vars:
AIRFLOW_CTX_DAG_OWNER=airflow
AIRFLOW_CTX_DAG_ID=get_stocks_dag
AIRFLOW_CTX_TASK_ID=MSFT
AIRFLOW_CTX_EXECUTION_DATE=2023-07-14T00:00:00+00:00
AIRFLOW_CTX_TRY_NUMBER=1
AIRFLOW_CTX_DAG_RUN_ID=scheduled__2023-07-14T00:00:00+00:00
[2023-07-17 16:55:14,168] {python.py:173} INFO - Done. Returned value was: None
[2023-07-17 16:55:14,192] {taskinstance.py:1395} INFO - Marking task as SUCCESS. dag_id=get_stocks_dag, task_id=MSFT, execution_date=20230714T000000, start_date=20230717T195513, end_date=20230717T195514
[2023-07-17 16:55:14,241] {local_task_job.py:156} INFO - Task exited with return code 0
[2023-07-17 16:55:14,309] {local_task_job.py:273} INFO - 0 downstream tasks scheduled from follow-on schedule check
[2023-07-17 21:10:16,441] {taskinstance.py:1159} INFO - Dependencies all met for <TaskInstance: get_stocks_dag.MSFT scheduled__2023-07-14T00:00:00+00:00 [queued]>
[2023-07-17 21:10:16,464] {taskinstance.py:1159} INFO - Dependencies all met for <TaskInstance: get_stocks_dag.MSFT scheduled__2023-07-14T00:00:00+00:00 [queued]>
[2023-07-17 21:10:16,464] {taskinstance.py:1356} INFO - 
--------------------------------------------------------------------------------
[2023-07-17 21:10:16,464] {taskinstance.py:1357} INFO - Starting attempt 1 of 1
[2023-07-17 21:10:16,465] {taskinstance.py:1358} INFO - 
--------------------------------------------------------------------------------
[2023-07-17 21:10:16,489] {taskinstance.py:1377} INFO - Executing <Task(_PythonDecoratedOperator): MSFT> on 2023-07-14 00:00:00+00:00
[2023-07-17 21:10:16,502] {standard_task_runner.py:52} INFO - Started process 38465 to run task
[2023-07-17 21:10:16,508] {standard_task_runner.py:79} INFO - Running: ['airflow', 'tasks', 'run', 'get_stocks_dag', 'MSFT', 'scheduled__2023-07-14T00:00:00+00:00', '--job-id', '702', '--raw', '--subdir', 'DAGS_FOLDER/get_stocks.py', '--cfg-path', '/tmp/tmpmpnvvcpx', '--error-file', '/tmp/tmpr8n60y2l']
[2023-07-17 21:10:16,511] {standard_task_runner.py:80} INFO - Job 702: Subtask MSFT
[2023-07-17 21:10:16,693] {task_command.py:370} INFO - Running <TaskInstance: get_stocks_dag.MSFT scheduled__2023-07-14T00:00:00+00:00 [running]> on host lucas-Estudos
[2023-07-17 21:10:16,908] {taskinstance.py:1569} INFO - Exporting the following env vars:
AIRFLOW_CTX_DAG_OWNER=airflow
AIRFLOW_CTX_DAG_ID=get_stocks_dag
AIRFLOW_CTX_TASK_ID=MSFT
AIRFLOW_CTX_EXECUTION_DATE=2023-07-14T00:00:00+00:00
AIRFLOW_CTX_TRY_NUMBER=1
AIRFLOW_CTX_DAG_RUN_ID=scheduled__2023-07-14T00:00:00+00:00
[2023-07-17 21:10:20,595] {python.py:173} INFO - Done. Returned value was: None
[2023-07-17 21:10:20,646] {taskinstance.py:1395} INFO - Marking task as SUCCESS. dag_id=get_stocks_dag, task_id=MSFT, execution_date=20230714T000000, start_date=20230718T001016, end_date=20230718T001020
[2023-07-17 21:10:20,696] {local_task_job.py:156} INFO - Task exited with return code 0
[2023-07-17 21:10:20,831] {local_task_job.py:273} INFO - 0 downstream tasks scheduled from follow-on schedule check
[2023-07-17 22:21:33,950] {taskinstance.py:1159} INFO - Dependencies all met for <TaskInstance: get_stocks_dag.MSFT scheduled__2023-07-14T00:00:00+00:00 [queued]>
[2023-07-17 22:21:33,965] {taskinstance.py:1159} INFO - Dependencies all met for <TaskInstance: get_stocks_dag.MSFT scheduled__2023-07-14T00:00:00+00:00 [queued]>
[2023-07-17 22:21:33,966] {taskinstance.py:1356} INFO - 
--------------------------------------------------------------------------------
[2023-07-17 22:21:33,966] {taskinstance.py:1357} INFO - Starting attempt 1 of 1
[2023-07-17 22:21:33,966] {taskinstance.py:1358} INFO - 
--------------------------------------------------------------------------------
[2023-07-17 22:21:33,979] {taskinstance.py:1377} INFO - Executing <Task(_PythonDecoratedOperator): MSFT> on 2023-07-14 00:00:00+00:00
[2023-07-17 22:21:33,986] {standard_task_runner.py:52} INFO - Started process 101695 to run task
[2023-07-17 22:21:33,989] {standard_task_runner.py:79} INFO - Running: ['airflow', 'tasks', 'run', 'get_stocks_dag', 'MSFT', 'scheduled__2023-07-14T00:00:00+00:00', '--job-id', '1142', '--raw', '--subdir', 'DAGS_FOLDER/get_stocks.py', '--cfg-path', '/tmp/tmpm6hfmgca', '--error-file', '/tmp/tmpiuer369z']
[2023-07-17 22:21:33,991] {standard_task_runner.py:80} INFO - Job 1142: Subtask MSFT
[2023-07-17 22:21:34,086] {task_command.py:370} INFO - Running <TaskInstance: get_stocks_dag.MSFT scheduled__2023-07-14T00:00:00+00:00 [running]> on host lucas-Estudos
[2023-07-17 22:21:34,170] {taskinstance.py:1569} INFO - Exporting the following env vars:
AIRFLOW_CTX_DAG_OWNER=airflow
AIRFLOW_CTX_DAG_ID=get_stocks_dag
AIRFLOW_CTX_TASK_ID=MSFT
AIRFLOW_CTX_EXECUTION_DATE=2023-07-14T00:00:00+00:00
AIRFLOW_CTX_TRY_NUMBER=1
AIRFLOW_CTX_DAG_RUN_ID=scheduled__2023-07-14T00:00:00+00:00
[2023-07-17 22:21:41,978] {python.py:173} INFO - Done. Returned value was: None
[2023-07-17 22:21:42,033] {taskinstance.py:1395} INFO - Marking task as SUCCESS. dag_id=get_stocks_dag, task_id=MSFT, execution_date=20230714T000000, start_date=20230718T012133, end_date=20230718T012142
[2023-07-17 22:21:42,093] {local_task_job.py:156} INFO - Task exited with return code 0
[2023-07-17 22:21:42,204] {local_task_job.py:273} INFO - 0 downstream tasks scheduled from follow-on schedule check
