[2023-07-17 21:55:06,907] {taskinstance.py:1159} INFO - Dependencies all met for <TaskInstance: get_crypto_dag.DOGE scheduled__2023-05-06T00:00:00+00:00 [queued]>
[2023-07-17 21:55:06,918] {taskinstance.py:1159} INFO - Dependencies all met for <TaskInstance: get_crypto_dag.DOGE scheduled__2023-05-06T00:00:00+00:00 [queued]>
[2023-07-17 21:55:06,918] {taskinstance.py:1356} INFO - 
--------------------------------------------------------------------------------
[2023-07-17 21:55:06,918] {taskinstance.py:1357} INFO - Starting attempt 1 of 1
[2023-07-17 21:55:06,918] {taskinstance.py:1358} INFO - 
--------------------------------------------------------------------------------
[2023-07-17 21:55:06,934] {taskinstance.py:1377} INFO - Executing <Task(_PythonDecoratedOperator): DOGE> on 2023-05-06 00:00:00+00:00
[2023-07-17 21:55:06,940] {standard_task_runner.py:52} INFO - Started process 48058 to run task
[2023-07-17 21:55:06,944] {standard_task_runner.py:79} INFO - Running: ['airflow', 'tasks', 'run', 'get_crypto_dag', 'DOGE', 'scheduled__2023-05-06T00:00:00+00:00', '--job-id', '752', '--raw', '--subdir', 'DAGS_FOLDER/get_crypto.py', '--cfg-path', '/tmp/tmpj_594je8', '--error-file', '/tmp/tmptmcg_et7']
[2023-07-17 21:55:06,946] {standard_task_runner.py:80} INFO - Job 752: Subtask DOGE
[2023-07-17 21:55:07,046] {task_command.py:370} INFO - Running <TaskInstance: get_crypto_dag.DOGE scheduled__2023-05-06T00:00:00+00:00 [running]> on host lucas-Estudos
[2023-07-17 21:55:07,153] {taskinstance.py:1569} INFO - Exporting the following env vars:
AIRFLOW_CTX_DAG_OWNER=airflow
AIRFLOW_CTX_DAG_ID=get_crypto_dag
AIRFLOW_CTX_TASK_ID=DOGE
AIRFLOW_CTX_EXECUTION_DATE=2023-05-06T00:00:00+00:00
AIRFLOW_CTX_TRY_NUMBER=1
AIRFLOW_CTX_DAG_RUN_ID=scheduled__2023-05-06T00:00:00+00:00
[2023-07-17 21:55:09,777] {base.py:162} ERROR - DOGE: No timezone found, symbol may be delisted
[2023-07-17 21:55:09,787] {python.py:173} INFO - Done. Returned value was: None
[2023-07-17 21:55:09,840] {taskinstance.py:1395} INFO - Marking task as SUCCESS. dag_id=get_crypto_dag, task_id=DOGE, execution_date=20230506T000000, start_date=20230718T005506, end_date=20230718T005509
[2023-07-17 21:55:09,906] {local_task_job.py:156} INFO - Task exited with return code 0
[2023-07-17 21:55:10,022] {local_task_job.py:273} INFO - 0 downstream tasks scheduled from follow-on schedule check
[2023-07-18 10:25:35,092] {taskinstance.py:1159} INFO - Dependencies all met for <TaskInstance: get_crypto_dag.DOGE scheduled__2023-05-06T00:00:00+00:00 [queued]>
[2023-07-18 10:25:35,117] {taskinstance.py:1159} INFO - Dependencies all met for <TaskInstance: get_crypto_dag.DOGE scheduled__2023-05-06T00:00:00+00:00 [queued]>
[2023-07-18 10:25:35,117] {taskinstance.py:1356} INFO - 
--------------------------------------------------------------------------------
[2023-07-18 10:25:35,117] {taskinstance.py:1357} INFO - Starting attempt 1 of 1
[2023-07-18 10:25:35,118] {taskinstance.py:1358} INFO - 
--------------------------------------------------------------------------------
[2023-07-18 10:25:35,147] {taskinstance.py:1377} INFO - Executing <Task(_PythonDecoratedOperator): DOGE> on 2023-05-06 00:00:00+00:00
[2023-07-18 10:25:35,158] {standard_task_runner.py:52} INFO - Started process 11134 to run task
[2023-07-18 10:25:35,164] {standard_task_runner.py:79} INFO - Running: ['airflow', 'tasks', 'run', 'get_crypto_dag', 'DOGE', 'scheduled__2023-05-06T00:00:00+00:00', '--job-id', '1192', '--raw', '--subdir', 'DAGS_FOLDER/get_crypto.py', '--cfg-path', '/tmp/tmpw47vqacx', '--error-file', '/tmp/tmpd2x9mftv']
[2023-07-18 10:25:35,166] {standard_task_runner.py:80} INFO - Job 1192: Subtask DOGE
[2023-07-18 10:25:35,361] {task_command.py:370} INFO - Running <TaskInstance: get_crypto_dag.DOGE scheduled__2023-05-06T00:00:00+00:00 [running]> on host lucas-Estudos
[2023-07-18 10:25:35,635] {taskinstance.py:1569} INFO - Exporting the following env vars:
AIRFLOW_CTX_DAG_OWNER=airflow
AIRFLOW_CTX_DAG_ID=get_crypto_dag
AIRFLOW_CTX_TASK_ID=DOGE
AIRFLOW_CTX_EXECUTION_DATE=2023-05-06T00:00:00+00:00
AIRFLOW_CTX_TRY_NUMBER=1
AIRFLOW_CTX_DAG_RUN_ID=scheduled__2023-05-06T00:00:00+00:00
[2023-07-18 10:25:36,321] {base.py:162} ERROR - DOGE: No timezone found, symbol may be delisted
[2023-07-18 10:25:36,328] {python.py:173} INFO - Done. Returned value was: None
[2023-07-18 10:25:36,392] {taskinstance.py:1395} INFO - Marking task as SUCCESS. dag_id=get_crypto_dag, task_id=DOGE, execution_date=20230506T000000, start_date=20230718T132535, end_date=20230718T132536
[2023-07-18 10:25:36,464] {local_task_job.py:156} INFO - Task exited with return code 0
[2023-07-18 10:25:36,565] {local_task_job.py:273} INFO - 0 downstream tasks scheduled from follow-on schedule check
