[2023-07-17 22:18:24,274] {taskinstance.py:1159} INFO - Dependencies all met for <TaskInstance: get_crypto_dag.ETH scheduled__2023-06-19T00:00:00+00:00 [queued]>
[2023-07-17 22:18:24,283] {taskinstance.py:1159} INFO - Dependencies all met for <TaskInstance: get_crypto_dag.ETH scheduled__2023-06-19T00:00:00+00:00 [queued]>
[2023-07-17 22:18:24,283] {taskinstance.py:1356} INFO - 
--------------------------------------------------------------------------------
[2023-07-17 22:18:24,283] {taskinstance.py:1357} INFO - Starting attempt 1 of 1
[2023-07-17 22:18:24,283] {taskinstance.py:1358} INFO - 
--------------------------------------------------------------------------------
[2023-07-17 22:18:24,297] {taskinstance.py:1377} INFO - Executing <Task(_PythonDecoratedOperator): ETH> on 2023-06-19 00:00:00+00:00
[2023-07-17 22:18:24,303] {standard_task_runner.py:52} INFO - Started process 95323 to run task
[2023-07-17 22:18:24,306] {standard_task_runner.py:79} INFO - Running: ['airflow', 'tasks', 'run', 'get_crypto_dag', 'ETH', 'scheduled__2023-06-19T00:00:00+00:00', '--job-id', '1095', '--raw', '--subdir', 'DAGS_FOLDER/get_crypto.py', '--cfg-path', '/tmp/tmpa28feh2t', '--error-file', '/tmp/tmp0xhjtt33']
[2023-07-17 22:18:24,307] {standard_task_runner.py:80} INFO - Job 1095: Subtask ETH
[2023-07-17 22:18:24,406] {task_command.py:370} INFO - Running <TaskInstance: get_crypto_dag.ETH scheduled__2023-06-19T00:00:00+00:00 [running]> on host lucas-Estudos
[2023-07-17 22:18:24,513] {taskinstance.py:1569} INFO - Exporting the following env vars:
AIRFLOW_CTX_DAG_OWNER=airflow
AIRFLOW_CTX_DAG_ID=get_crypto_dag
AIRFLOW_CTX_TASK_ID=ETH
AIRFLOW_CTX_EXECUTION_DATE=2023-06-19T00:00:00+00:00
AIRFLOW_CTX_TRY_NUMBER=1
AIRFLOW_CTX_DAG_RUN_ID=scheduled__2023-06-19T00:00:00+00:00
[2023-07-17 22:18:27,157] {base.py:162} ERROR - ETH: No timezone found, symbol may be delisted
[2023-07-17 22:18:27,166] {python.py:173} INFO - Done. Returned value was: None
[2023-07-17 22:18:27,219] {taskinstance.py:1395} INFO - Marking task as SUCCESS. dag_id=get_crypto_dag, task_id=ETH, execution_date=20230619T000000, start_date=20230718T011824, end_date=20230718T011827
[2023-07-17 22:18:27,290] {local_task_job.py:156} INFO - Task exited with return code 0
[2023-07-17 22:18:27,410] {local_task_job.py:273} INFO - 0 downstream tasks scheduled from follow-on schedule check
[2023-07-18 10:58:05,617] {taskinstance.py:1159} INFO - Dependencies all met for <TaskInstance: get_crypto_dag.ETH scheduled__2023-06-19T00:00:00+00:00 [queued]>
[2023-07-18 10:58:05,643] {taskinstance.py:1159} INFO - Dependencies all met for <TaskInstance: get_crypto_dag.ETH scheduled__2023-06-19T00:00:00+00:00 [queued]>
[2023-07-18 10:58:05,643] {taskinstance.py:1356} INFO - 
--------------------------------------------------------------------------------
[2023-07-18 10:58:05,643] {taskinstance.py:1357} INFO - Starting attempt 1 of 1
[2023-07-18 10:58:05,644] {taskinstance.py:1358} INFO - 
--------------------------------------------------------------------------------
[2023-07-18 10:58:05,676] {taskinstance.py:1377} INFO - Executing <Task(_PythonDecoratedOperator): ETH> on 2023-06-19 00:00:00+00:00
[2023-07-18 10:58:05,686] {standard_task_runner.py:52} INFO - Started process 24391 to run task
[2023-07-18 10:58:05,693] {standard_task_runner.py:79} INFO - Running: ['airflow', 'tasks', 'run', 'get_crypto_dag', 'ETH', 'scheduled__2023-06-19T00:00:00+00:00', '--job-id', '1489', '--raw', '--subdir', 'DAGS_FOLDER/get_crypto.py', '--cfg-path', '/tmp/tmp13gd2bkz', '--error-file', '/tmp/tmpsubzqtsz']
[2023-07-18 10:58:05,695] {standard_task_runner.py:80} INFO - Job 1489: Subtask ETH
[2023-07-18 10:58:05,833] {task_command.py:370} INFO - Running <TaskInstance: get_crypto_dag.ETH scheduled__2023-06-19T00:00:00+00:00 [running]> on host lucas-Estudos
[2023-07-18 10:58:06,046] {taskinstance.py:1569} INFO - Exporting the following env vars:
AIRFLOW_CTX_DAG_OWNER=airflow
AIRFLOW_CTX_DAG_ID=get_crypto_dag
AIRFLOW_CTX_TASK_ID=ETH
AIRFLOW_CTX_EXECUTION_DATE=2023-06-19T00:00:00+00:00
AIRFLOW_CTX_TRY_NUMBER=1
AIRFLOW_CTX_DAG_RUN_ID=scheduled__2023-06-19T00:00:00+00:00
[2023-07-18 10:58:06,577] {base.py:162} ERROR - ETH: No timezone found, symbol may be delisted
[2023-07-18 10:58:06,584] {python.py:173} INFO - Done. Returned value was: None
[2023-07-18 10:58:06,628] {taskinstance.py:1395} INFO - Marking task as SUCCESS. dag_id=get_crypto_dag, task_id=ETH, execution_date=20230619T000000, start_date=20230718T135805, end_date=20230718T135806
[2023-07-18 10:58:06,669] {local_task_job.py:156} INFO - Task exited with return code 0
[2023-07-18 10:58:06,801] {local_task_job.py:273} INFO - 0 downstream tasks scheduled from follow-on schedule check
