[2023-07-17 14:54:50,394] {taskinstance.py:1159} INFO - Dependencies all met for <TaskInstance: get_stocks_dag.TSLA scheduled__2023-07-13T00:00:00+00:00 [queued]>
[2023-07-17 14:54:50,399] {taskinstance.py:1159} INFO - Dependencies all met for <TaskInstance: get_stocks_dag.TSLA scheduled__2023-07-13T00:00:00+00:00 [queued]>
[2023-07-17 14:54:50,399] {taskinstance.py:1356} INFO - 
--------------------------------------------------------------------------------
[2023-07-17 14:54:50,399] {taskinstance.py:1357} INFO - Starting attempt 1 of 1
[2023-07-17 14:54:50,399] {taskinstance.py:1358} INFO - 
--------------------------------------------------------------------------------
[2023-07-17 14:54:50,412] {taskinstance.py:1377} INFO - Executing <Task(_PythonDecoratedOperator): TSLA> on 2023-07-13 00:00:00+00:00
[2023-07-17 14:54:50,415] {standard_task_runner.py:52} INFO - Started process 25227 to run task
[2023-07-17 14:54:50,418] {standard_task_runner.py:79} INFO - Running: ['airflow', 'tasks', 'run', 'get_stocks_dag', 'TSLA', 'scheduled__2023-07-13T00:00:00+00:00', '--job-id', '18', '--raw', '--subdir', 'DAGS_FOLDER/get_stocks.py', '--cfg-path', '/tmp/tmpcsp4z4pd', '--error-file', '/tmp/tmp7j48ynrx']
[2023-07-17 14:54:50,418] {standard_task_runner.py:80} INFO - Job 18: Subtask TSLA
[2023-07-17 14:54:50,448] {task_command.py:370} INFO - Running <TaskInstance: get_stocks_dag.TSLA scheduled__2023-07-13T00:00:00+00:00 [running]> on host lucas-Estudos
[2023-07-17 14:54:50,488] {taskinstance.py:1569} INFO - Exporting the following env vars:
AIRFLOW_CTX_DAG_OWNER=airflow
AIRFLOW_CTX_DAG_ID=get_stocks_dag
AIRFLOW_CTX_TASK_ID=TSLA
AIRFLOW_CTX_EXECUTION_DATE=2023-07-13T00:00:00+00:00
AIRFLOW_CTX_TRY_NUMBER=1
AIRFLOW_CTX_DAG_RUN_ID=scheduled__2023-07-13T00:00:00+00:00
[2023-07-17 14:54:50,988] {python.py:173} INFO - Done. Returned value was: None
[2023-07-17 14:54:51,002] {taskinstance.py:1395} INFO - Marking task as SUCCESS. dag_id=get_stocks_dag, task_id=TSLA, execution_date=20230713T000000, start_date=20230717T175450, end_date=20230717T175451
[2023-07-17 14:54:51,032] {local_task_job.py:156} INFO - Task exited with return code 0
[2023-07-17 14:54:51,069] {local_task_job.py:273} INFO - 0 downstream tasks scheduled from follow-on schedule check
[2023-07-17 16:07:06,322] {taskinstance.py:1159} INFO - Dependencies all met for <TaskInstance: get_stocks_dag.TSLA scheduled__2023-07-13T00:00:00+00:00 [queued]>
[2023-07-17 16:07:06,340] {taskinstance.py:1159} INFO - Dependencies all met for <TaskInstance: get_stocks_dag.TSLA scheduled__2023-07-13T00:00:00+00:00 [queued]>
[2023-07-17 16:07:06,340] {taskinstance.py:1356} INFO - 
--------------------------------------------------------------------------------
[2023-07-17 16:07:06,340] {taskinstance.py:1357} INFO - Starting attempt 1 of 1
[2023-07-17 16:07:06,340] {taskinstance.py:1358} INFO - 
--------------------------------------------------------------------------------
[2023-07-17 16:07:06,386] {taskinstance.py:1377} INFO - Executing <Task(_PythonDecoratedOperator): TSLA> on 2023-07-13 00:00:00+00:00
[2023-07-17 16:07:06,423] {standard_task_runner.py:52} INFO - Started process 26262 to run task
[2023-07-17 16:07:06,441] {standard_task_runner.py:79} INFO - Running: ['airflow', 'tasks', 'run', 'get_stocks_dag', 'TSLA', 'scheduled__2023-07-13T00:00:00+00:00', '--job-id', '12', '--raw', '--subdir', 'DAGS_FOLDER/get_stocks.py', '--cfg-path', '/tmp/tmpsocbbhce', '--error-file', '/tmp/tmp0oyw_xs2']
[2023-07-17 16:07:06,452] {standard_task_runner.py:80} INFO - Job 12: Subtask TSLA
[2023-07-17 16:07:06,862] {task_command.py:370} INFO - Running <TaskInstance: get_stocks_dag.TSLA scheduled__2023-07-13T00:00:00+00:00 [running]> on host lucas-Estudos
[2023-07-17 16:07:07,447] {taskinstance.py:1569} INFO - Exporting the following env vars:
AIRFLOW_CTX_DAG_OWNER=airflow
AIRFLOW_CTX_DAG_ID=get_stocks_dag
AIRFLOW_CTX_TASK_ID=TSLA
AIRFLOW_CTX_EXECUTION_DATE=2023-07-13T00:00:00+00:00
AIRFLOW_CTX_TRY_NUMBER=1
AIRFLOW_CTX_DAG_RUN_ID=scheduled__2023-07-13T00:00:00+00:00
[2023-07-17 16:07:08,363] {python.py:173} INFO - Done. Returned value was: None
[2023-07-17 16:07:08,398] {taskinstance.py:1395} INFO - Marking task as SUCCESS. dag_id=get_stocks_dag, task_id=TSLA, execution_date=20230713T000000, start_date=20230717T190706, end_date=20230717T190708
[2023-07-17 16:07:08,473] {local_task_job.py:156} INFO - Task exited with return code 0
[2023-07-17 16:07:08,602] {local_task_job.py:273} INFO - 0 downstream tasks scheduled from follow-on schedule check
[2023-07-17 16:23:51,027] {taskinstance.py:1159} INFO - Dependencies all met for <TaskInstance: get_stocks_dag.TSLA scheduled__2023-07-13T00:00:00+00:00 [queued]>
[2023-07-17 16:23:51,058] {taskinstance.py:1159} INFO - Dependencies all met for <TaskInstance: get_stocks_dag.TSLA scheduled__2023-07-13T00:00:00+00:00 [queued]>
[2023-07-17 16:23:51,058] {taskinstance.py:1356} INFO - 
--------------------------------------------------------------------------------
[2023-07-17 16:23:51,058] {taskinstance.py:1357} INFO - Starting attempt 1 of 1
[2023-07-17 16:23:51,058] {taskinstance.py:1358} INFO - 
--------------------------------------------------------------------------------
[2023-07-17 16:23:51,124] {taskinstance.py:1377} INFO - Executing <Task(_PythonDecoratedOperator): TSLA> on 2023-07-13 00:00:00+00:00
[2023-07-17 16:23:51,157] {standard_task_runner.py:52} INFO - Started process 12827 to run task
[2023-07-17 16:23:51,177] {standard_task_runner.py:79} INFO - Running: ['airflow', 'tasks', 'run', 'get_stocks_dag', 'TSLA', 'scheduled__2023-07-13T00:00:00+00:00', '--job-id', '265', '--raw', '--subdir', 'DAGS_FOLDER/get_stocks.py', '--cfg-path', '/tmp/tmpnscufoq3', '--error-file', '/tmp/tmptm4jtji2']
[2023-07-17 16:23:51,178] {standard_task_runner.py:80} INFO - Job 265: Subtask TSLA
[2023-07-17 16:23:51,356] {task_command.py:370} INFO - Running <TaskInstance: get_stocks_dag.TSLA scheduled__2023-07-13T00:00:00+00:00 [running]> on host lucas-Estudos
[2023-07-17 16:23:51,550] {taskinstance.py:1569} INFO - Exporting the following env vars:
AIRFLOW_CTX_DAG_OWNER=airflow
AIRFLOW_CTX_DAG_ID=get_stocks_dag
AIRFLOW_CTX_TASK_ID=TSLA
AIRFLOW_CTX_EXECUTION_DATE=2023-07-13T00:00:00+00:00
AIRFLOW_CTX_TRY_NUMBER=1
AIRFLOW_CTX_DAG_RUN_ID=scheduled__2023-07-13T00:00:00+00:00
[2023-07-17 16:23:52,112] {python.py:173} INFO - Done. Returned value was: None
[2023-07-17 16:23:52,158] {taskinstance.py:1395} INFO - Marking task as SUCCESS. dag_id=get_stocks_dag, task_id=TSLA, execution_date=20230713T000000, start_date=20230717T192351, end_date=20230717T192352
[2023-07-17 16:23:52,203] {local_task_job.py:156} INFO - Task exited with return code 0
[2023-07-17 16:23:52,297] {local_task_job.py:273} INFO - 0 downstream tasks scheduled from follow-on schedule check
[2023-07-17 16:55:11,450] {taskinstance.py:1159} INFO - Dependencies all met for <TaskInstance: get_stocks_dag.TSLA scheduled__2023-07-13T00:00:00+00:00 [queued]>
[2023-07-17 16:55:11,493] {taskinstance.py:1159} INFO - Dependencies all met for <TaskInstance: get_stocks_dag.TSLA scheduled__2023-07-13T00:00:00+00:00 [queued]>
[2023-07-17 16:55:11,495] {taskinstance.py:1356} INFO - 
--------------------------------------------------------------------------------
[2023-07-17 16:55:11,496] {taskinstance.py:1357} INFO - Starting attempt 1 of 1
[2023-07-17 16:55:11,496] {taskinstance.py:1358} INFO - 
--------------------------------------------------------------------------------
[2023-07-17 16:55:11,553] {taskinstance.py:1377} INFO - Executing <Task(_PythonDecoratedOperator): TSLA> on 2023-07-13 00:00:00+00:00
[2023-07-17 16:55:11,568] {standard_task_runner.py:52} INFO - Started process 25620 to run task
[2023-07-17 16:55:11,587] {standard_task_runner.py:79} INFO - Running: ['airflow', 'tasks', 'run', 'get_stocks_dag', 'TSLA', 'scheduled__2023-07-13T00:00:00+00:00', '--job-id', '481', '--raw', '--subdir', 'DAGS_FOLDER/get_stocks.py', '--cfg-path', '/tmp/tmps1ta_r9a', '--error-file', '/tmp/tmp116uzrfz']
[2023-07-17 16:55:11,597] {standard_task_runner.py:80} INFO - Job 481: Subtask TSLA
[2023-07-17 16:55:11,810] {task_command.py:370} INFO - Running <TaskInstance: get_stocks_dag.TSLA scheduled__2023-07-13T00:00:00+00:00 [running]> on host lucas-Estudos
[2023-07-17 16:55:12,055] {taskinstance.py:1569} INFO - Exporting the following env vars:
AIRFLOW_CTX_DAG_OWNER=airflow
AIRFLOW_CTX_DAG_ID=get_stocks_dag
AIRFLOW_CTX_TASK_ID=TSLA
AIRFLOW_CTX_EXECUTION_DATE=2023-07-13T00:00:00+00:00
AIRFLOW_CTX_TRY_NUMBER=1
AIRFLOW_CTX_DAG_RUN_ID=scheduled__2023-07-13T00:00:00+00:00
[2023-07-17 16:55:12,887] {python.py:173} INFO - Done. Returned value was: None
[2023-07-17 16:55:12,945] {taskinstance.py:1395} INFO - Marking task as SUCCESS. dag_id=get_stocks_dag, task_id=TSLA, execution_date=20230713T000000, start_date=20230717T195511, end_date=20230717T195512
[2023-07-17 16:55:13,034] {local_task_job.py:156} INFO - Task exited with return code 0
[2023-07-17 16:55:13,145] {local_task_job.py:273} INFO - 0 downstream tasks scheduled from follow-on schedule check
[2023-07-17 21:10:07,061] {taskinstance.py:1159} INFO - Dependencies all met for <TaskInstance: get_stocks_dag.TSLA scheduled__2023-07-13T00:00:00+00:00 [queued]>
[2023-07-17 21:10:07,086] {taskinstance.py:1159} INFO - Dependencies all met for <TaskInstance: get_stocks_dag.TSLA scheduled__2023-07-13T00:00:00+00:00 [queued]>
[2023-07-17 21:10:07,086] {taskinstance.py:1356} INFO - 
--------------------------------------------------------------------------------
[2023-07-17 21:10:07,087] {taskinstance.py:1357} INFO - Starting attempt 1 of 1
[2023-07-17 21:10:07,087] {taskinstance.py:1358} INFO - 
--------------------------------------------------------------------------------
[2023-07-17 21:10:07,114] {taskinstance.py:1377} INFO - Executing <Task(_PythonDecoratedOperator): TSLA> on 2023-07-13 00:00:00+00:00
[2023-07-17 21:10:07,124] {standard_task_runner.py:52} INFO - Started process 38191 to run task
[2023-07-17 21:10:07,131] {standard_task_runner.py:79} INFO - Running: ['airflow', 'tasks', 'run', 'get_stocks_dag', 'TSLA', 'scheduled__2023-07-13T00:00:00+00:00', '--job-id', '699', '--raw', '--subdir', 'DAGS_FOLDER/get_stocks.py', '--cfg-path', '/tmp/tmppafyblys', '--error-file', '/tmp/tmpclj04qi4']
[2023-07-17 21:10:07,134] {standard_task_runner.py:80} INFO - Job 699: Subtask TSLA
[2023-07-17 21:10:07,331] {task_command.py:370} INFO - Running <TaskInstance: get_stocks_dag.TSLA scheduled__2023-07-13T00:00:00+00:00 [running]> on host lucas-Estudos
[2023-07-17 21:10:07,569] {taskinstance.py:1569} INFO - Exporting the following env vars:
AIRFLOW_CTX_DAG_OWNER=airflow
AIRFLOW_CTX_DAG_ID=get_stocks_dag
AIRFLOW_CTX_TASK_ID=TSLA
AIRFLOW_CTX_EXECUTION_DATE=2023-07-13T00:00:00+00:00
AIRFLOW_CTX_TRY_NUMBER=1
AIRFLOW_CTX_DAG_RUN_ID=scheduled__2023-07-13T00:00:00+00:00
[2023-07-17 21:10:10,205] {python.py:173} INFO - Done. Returned value was: None
[2023-07-17 21:10:10,260] {taskinstance.py:1395} INFO - Marking task as SUCCESS. dag_id=get_stocks_dag, task_id=TSLA, execution_date=20230713T000000, start_date=20230718T001007, end_date=20230718T001010
[2023-07-17 21:10:10,315] {local_task_job.py:156} INFO - Task exited with return code 0
[2023-07-17 21:10:10,457] {local_task_job.py:273} INFO - 0 downstream tasks scheduled from follow-on schedule check
[2023-07-17 22:21:13,865] {taskinstance.py:1159} INFO - Dependencies all met for <TaskInstance: get_stocks_dag.TSLA scheduled__2023-07-13T00:00:00+00:00 [queued]>
[2023-07-17 22:21:13,895] {taskinstance.py:1159} INFO - Dependencies all met for <TaskInstance: get_stocks_dag.TSLA scheduled__2023-07-13T00:00:00+00:00 [queued]>
[2023-07-17 22:21:13,895] {taskinstance.py:1356} INFO - 
--------------------------------------------------------------------------------
[2023-07-17 22:21:13,895] {taskinstance.py:1357} INFO - Starting attempt 1 of 1
[2023-07-17 22:21:13,895] {taskinstance.py:1358} INFO - 
--------------------------------------------------------------------------------
[2023-07-17 22:21:13,913] {taskinstance.py:1377} INFO - Executing <Task(_PythonDecoratedOperator): TSLA> on 2023-07-13 00:00:00+00:00
[2023-07-17 22:21:13,920] {standard_task_runner.py:52} INFO - Started process 101009 to run task
[2023-07-17 22:21:13,924] {standard_task_runner.py:79} INFO - Running: ['airflow', 'tasks', 'run', 'get_stocks_dag', 'TSLA', 'scheduled__2023-07-13T00:00:00+00:00', '--job-id', '1138', '--raw', '--subdir', 'DAGS_FOLDER/get_stocks.py', '--cfg-path', '/tmp/tmpve9fl145', '--error-file', '/tmp/tmp9boklxct']
[2023-07-17 22:21:13,925] {standard_task_runner.py:80} INFO - Job 1138: Subtask TSLA
[2023-07-17 22:21:14,047] {task_command.py:370} INFO - Running <TaskInstance: get_stocks_dag.TSLA scheduled__2023-07-13T00:00:00+00:00 [running]> on host lucas-Estudos
[2023-07-17 22:21:14,257] {taskinstance.py:1569} INFO - Exporting the following env vars:
AIRFLOW_CTX_DAG_OWNER=airflow
AIRFLOW_CTX_DAG_ID=get_stocks_dag
AIRFLOW_CTX_TASK_ID=TSLA
AIRFLOW_CTX_EXECUTION_DATE=2023-07-13T00:00:00+00:00
AIRFLOW_CTX_TRY_NUMBER=1
AIRFLOW_CTX_DAG_RUN_ID=scheduled__2023-07-13T00:00:00+00:00
[2023-07-17 22:21:18,040] {python.py:173} INFO - Done. Returned value was: None
[2023-07-17 22:21:18,081] {taskinstance.py:1395} INFO - Marking task as SUCCESS. dag_id=get_stocks_dag, task_id=TSLA, execution_date=20230713T000000, start_date=20230718T012113, end_date=20230718T012118
[2023-07-17 22:21:18,151] {local_task_job.py:156} INFO - Task exited with return code 0
[2023-07-17 22:21:18,268] {local_task_job.py:273} INFO - 0 downstream tasks scheduled from follow-on schedule check
