[2023-07-17 22:13:36,921] {taskinstance.py:1159} INFO - Dependencies all met for <TaskInstance: get_crypto_dag.AVAX scheduled__2023-06-10T00:00:00+00:00 [queued]>
[2023-07-17 22:13:36,944] {taskinstance.py:1159} INFO - Dependencies all met for <TaskInstance: get_crypto_dag.AVAX scheduled__2023-06-10T00:00:00+00:00 [queued]>
[2023-07-17 22:13:36,944] {taskinstance.py:1356} INFO - 
--------------------------------------------------------------------------------
[2023-07-17 22:13:36,945] {taskinstance.py:1357} INFO - Starting attempt 1 of 1
[2023-07-17 22:13:36,945] {taskinstance.py:1358} INFO - 
--------------------------------------------------------------------------------
[2023-07-17 22:13:36,965] {taskinstance.py:1377} INFO - Executing <Task(_PythonDecoratedOperator): AVAX> on 2023-06-10 00:00:00+00:00
[2023-07-17 22:13:36,971] {standard_task_runner.py:52} INFO - Started process 85574 to run task
[2023-07-17 22:13:36,975] {standard_task_runner.py:79} INFO - Running: ['airflow', 'tasks', 'run', 'get_crypto_dag', 'AVAX', 'scheduled__2023-06-10T00:00:00+00:00', '--job-id', '1024', '--raw', '--subdir', 'DAGS_FOLDER/get_crypto.py', '--cfg-path', '/tmp/tmpc929z5x5', '--error-file', '/tmp/tmp_2jfynie']
[2023-07-17 22:13:36,976] {standard_task_runner.py:80} INFO - Job 1024: Subtask AVAX
[2023-07-17 22:13:37,110] {task_command.py:370} INFO - Running <TaskInstance: get_crypto_dag.AVAX scheduled__2023-06-10T00:00:00+00:00 [running]> on host lucas-Estudos
[2023-07-17 22:13:37,331] {taskinstance.py:1569} INFO - Exporting the following env vars:
AIRFLOW_CTX_DAG_OWNER=airflow
AIRFLOW_CTX_DAG_ID=get_crypto_dag
AIRFLOW_CTX_TASK_ID=AVAX
AIRFLOW_CTX_EXECUTION_DATE=2023-06-10T00:00:00+00:00
AIRFLOW_CTX_TRY_NUMBER=1
AIRFLOW_CTX_DAG_RUN_ID=scheduled__2023-06-10T00:00:00+00:00
[2023-07-17 22:13:37,855] {base.py:162} ERROR - AVAX: No timezone found, symbol may be delisted
[2023-07-17 22:13:37,864] {python.py:173} INFO - Done. Returned value was: None
[2023-07-17 22:13:37,914] {taskinstance.py:1395} INFO - Marking task as SUCCESS. dag_id=get_crypto_dag, task_id=AVAX, execution_date=20230610T000000, start_date=20230718T011336, end_date=20230718T011337
[2023-07-17 22:13:37,991] {local_task_job.py:156} INFO - Task exited with return code 0
[2023-07-17 22:13:38,172] {local_task_job.py:273} INFO - 0 downstream tasks scheduled from follow-on schedule check
[2023-07-18 10:52:05,776] {taskinstance.py:1159} INFO - Dependencies all met for <TaskInstance: get_crypto_dag.AVAX scheduled__2023-06-10T00:00:00+00:00 [queued]>
[2023-07-18 10:52:05,784] {taskinstance.py:1159} INFO - Dependencies all met for <TaskInstance: get_crypto_dag.AVAX scheduled__2023-06-10T00:00:00+00:00 [queued]>
[2023-07-18 10:52:05,784] {taskinstance.py:1356} INFO - 
--------------------------------------------------------------------------------
[2023-07-18 10:52:05,784] {taskinstance.py:1357} INFO - Starting attempt 1 of 1
[2023-07-18 10:52:05,784] {taskinstance.py:1358} INFO - 
--------------------------------------------------------------------------------
[2023-07-18 10:52:05,793] {taskinstance.py:1377} INFO - Executing <Task(_PythonDecoratedOperator): AVAX> on 2023-06-10 00:00:00+00:00
[2023-07-18 10:52:05,798] {standard_task_runner.py:52} INFO - Started process 20119 to run task
[2023-07-18 10:52:05,800] {standard_task_runner.py:79} INFO - Running: ['airflow', 'tasks', 'run', 'get_crypto_dag', 'AVAX', 'scheduled__2023-06-10T00:00:00+00:00', '--job-id', '1436', '--raw', '--subdir', 'DAGS_FOLDER/get_crypto.py', '--cfg-path', '/tmp/tmp7qxsmotz', '--error-file', '/tmp/tmpk32thtsr']
[2023-07-18 10:52:05,800] {standard_task_runner.py:80} INFO - Job 1436: Subtask AVAX
[2023-07-18 10:52:05,858] {task_command.py:370} INFO - Running <TaskInstance: get_crypto_dag.AVAX scheduled__2023-06-10T00:00:00+00:00 [running]> on host lucas-Estudos
[2023-07-18 10:52:05,950] {taskinstance.py:1569} INFO - Exporting the following env vars:
AIRFLOW_CTX_DAG_OWNER=airflow
AIRFLOW_CTX_DAG_ID=get_crypto_dag
AIRFLOW_CTX_TASK_ID=AVAX
AIRFLOW_CTX_EXECUTION_DATE=2023-06-10T00:00:00+00:00
AIRFLOW_CTX_TRY_NUMBER=1
AIRFLOW_CTX_DAG_RUN_ID=scheduled__2023-06-10T00:00:00+00:00
[2023-07-18 10:52:06,451] {base.py:162} ERROR - AVAX: No timezone found, symbol may be delisted
[2023-07-18 10:52:06,453] {python.py:173} INFO - Done. Returned value was: None
[2023-07-18 10:52:06,467] {taskinstance.py:1395} INFO - Marking task as SUCCESS. dag_id=get_crypto_dag, task_id=AVAX, execution_date=20230610T000000, start_date=20230718T135205, end_date=20230718T135206
[2023-07-18 10:52:06,493] {local_task_job.py:156} INFO - Task exited with return code 0
[2023-07-18 10:52:06,525] {local_task_job.py:273} INFO - 0 downstream tasks scheduled from follow-on schedule check
