[2023-07-17 16:23:15,804] {taskinstance.py:1159} INFO - Dependencies all met for <TaskInstance: get_stocks_dag.AAPL scheduled__2023-06-03T00:00:00+00:00 [queued]>
[2023-07-17 16:23:15,889] {taskinstance.py:1159} INFO - Dependencies all met for <TaskInstance: get_stocks_dag.AAPL scheduled__2023-06-03T00:00:00+00:00 [queued]>
[2023-07-17 16:23:15,889] {taskinstance.py:1356} INFO - 
--------------------------------------------------------------------------------
[2023-07-17 16:23:15,889] {taskinstance.py:1357} INFO - Starting attempt 1 of 1
[2023-07-17 16:23:15,889] {taskinstance.py:1358} INFO - 
--------------------------------------------------------------------------------
[2023-07-17 16:23:15,943] {taskinstance.py:1377} INFO - Executing <Task(_PythonDecoratedOperator): AAPL> on 2023-06-03 00:00:00+00:00
[2023-07-17 16:23:15,956] {standard_task_runner.py:52} INFO - Started process 9555 to run task
[2023-07-17 16:23:16,043] {standard_task_runner.py:79} INFO - Running: ['airflow', 'tasks', 'run', 'get_stocks_dag', 'AAPL', 'scheduled__2023-06-03T00:00:00+00:00', '--job-id', '150', '--raw', '--subdir', 'DAGS_FOLDER/get_stocks.py', '--cfg-path', '/tmp/tmp3fyfmqru', '--error-file', '/tmp/tmpme37imuo']
[2023-07-17 16:23:16,074] {standard_task_runner.py:80} INFO - Job 150: Subtask AAPL
[2023-07-17 16:23:16,449] {task_command.py:370} INFO - Running <TaskInstance: get_stocks_dag.AAPL scheduled__2023-06-03T00:00:00+00:00 [running]> on host lucas-Estudos
[2023-07-17 16:23:16,754] {taskinstance.py:1569} INFO - Exporting the following env vars:
AIRFLOW_CTX_DAG_OWNER=airflow
AIRFLOW_CTX_DAG_ID=get_stocks_dag
AIRFLOW_CTX_TASK_ID=AAPL
AIRFLOW_CTX_EXECUTION_DATE=2023-06-03T00:00:00+00:00
AIRFLOW_CTX_TRY_NUMBER=1
AIRFLOW_CTX_DAG_RUN_ID=scheduled__2023-06-03T00:00:00+00:00
[2023-07-17 16:23:17,875] {python.py:173} INFO - Done. Returned value was: None
[2023-07-17 16:23:17,921] {taskinstance.py:1395} INFO - Marking task as SUCCESS. dag_id=get_stocks_dag, task_id=AAPL, execution_date=20230603T000000, start_date=20230717T192315, end_date=20230717T192317
[2023-07-17 16:23:18,015] {local_task_job.py:156} INFO - Task exited with return code 0
[2023-07-17 16:23:18,136] {local_task_job.py:273} INFO - 0 downstream tasks scheduled from follow-on schedule check
[2023-07-17 16:54:34,745] {taskinstance.py:1159} INFO - Dependencies all met for <TaskInstance: get_stocks_dag.AAPL scheduled__2023-06-03T00:00:00+00:00 [queued]>
[2023-07-17 16:54:34,770] {taskinstance.py:1159} INFO - Dependencies all met for <TaskInstance: get_stocks_dag.AAPL scheduled__2023-06-03T00:00:00+00:00 [queued]>
[2023-07-17 16:54:34,770] {taskinstance.py:1356} INFO - 
--------------------------------------------------------------------------------
[2023-07-17 16:54:34,770] {taskinstance.py:1357} INFO - Starting attempt 1 of 1
[2023-07-17 16:54:34,770] {taskinstance.py:1358} INFO - 
--------------------------------------------------------------------------------
[2023-07-17 16:54:34,803] {taskinstance.py:1377} INFO - Executing <Task(_PythonDecoratedOperator): AAPL> on 2023-06-03 00:00:00+00:00
[2023-07-17 16:54:34,809] {standard_task_runner.py:52} INFO - Started process 22376 to run task
[2023-07-17 16:54:34,822] {standard_task_runner.py:79} INFO - Running: ['airflow', 'tasks', 'run', 'get_stocks_dag', 'AAPL', 'scheduled__2023-06-03T00:00:00+00:00', '--job-id', '368', '--raw', '--subdir', 'DAGS_FOLDER/get_stocks.py', '--cfg-path', '/tmp/tmpowzmspfd', '--error-file', '/tmp/tmp7j8yl284']
[2023-07-17 16:54:34,829] {standard_task_runner.py:80} INFO - Job 368: Subtask AAPL
[2023-07-17 16:54:35,113] {task_command.py:370} INFO - Running <TaskInstance: get_stocks_dag.AAPL scheduled__2023-06-03T00:00:00+00:00 [running]> on host lucas-Estudos
[2023-07-17 16:54:35,364] {taskinstance.py:1569} INFO - Exporting the following env vars:
AIRFLOW_CTX_DAG_OWNER=airflow
AIRFLOW_CTX_DAG_ID=get_stocks_dag
AIRFLOW_CTX_TASK_ID=AAPL
AIRFLOW_CTX_EXECUTION_DATE=2023-06-03T00:00:00+00:00
AIRFLOW_CTX_TRY_NUMBER=1
AIRFLOW_CTX_DAG_RUN_ID=scheduled__2023-06-03T00:00:00+00:00
[2023-07-17 16:54:36,030] {python.py:173} INFO - Done. Returned value was: None
[2023-07-17 16:54:36,061] {taskinstance.py:1395} INFO - Marking task as SUCCESS. dag_id=get_stocks_dag, task_id=AAPL, execution_date=20230603T000000, start_date=20230717T195434, end_date=20230717T195436
[2023-07-17 16:54:36,128] {local_task_job.py:156} INFO - Task exited with return code 0
[2023-07-17 16:54:36,210] {local_task_job.py:273} INFO - 0 downstream tasks scheduled from follow-on schedule check
[2023-07-17 21:02:31,726] {taskinstance.py:1159} INFO - Dependencies all met for <TaskInstance: get_stocks_dag.AAPL scheduled__2023-06-03T00:00:00+00:00 [queued]>
[2023-07-17 21:02:31,750] {taskinstance.py:1159} INFO - Dependencies all met for <TaskInstance: get_stocks_dag.AAPL scheduled__2023-06-03T00:00:00+00:00 [queued]>
[2023-07-17 21:02:31,751] {taskinstance.py:1356} INFO - 
--------------------------------------------------------------------------------
[2023-07-17 21:02:31,751] {taskinstance.py:1357} INFO - Starting attempt 1 of 1
[2023-07-17 21:02:31,751] {taskinstance.py:1358} INFO - 
--------------------------------------------------------------------------------
[2023-07-17 21:02:31,778] {taskinstance.py:1377} INFO - Executing <Task(_PythonDecoratedOperator): AAPL> on 2023-06-03 00:00:00+00:00
[2023-07-17 21:02:31,790] {standard_task_runner.py:52} INFO - Started process 23843 to run task
[2023-07-17 21:02:31,796] {standard_task_runner.py:79} INFO - Running: ['airflow', 'tasks', 'run', 'get_stocks_dag', 'AAPL', 'scheduled__2023-06-03T00:00:00+00:00', '--job-id', '585', '--raw', '--subdir', 'DAGS_FOLDER/get_stocks.py', '--cfg-path', '/tmp/tmpimilmzwa', '--error-file', '/tmp/tmpje0wit99']
[2023-07-17 21:02:31,799] {standard_task_runner.py:80} INFO - Job 585: Subtask AAPL
[2023-07-17 21:02:31,996] {task_command.py:370} INFO - Running <TaskInstance: get_stocks_dag.AAPL scheduled__2023-06-03T00:00:00+00:00 [running]> on host lucas-Estudos
[2023-07-17 21:02:32,233] {taskinstance.py:1569} INFO - Exporting the following env vars:
AIRFLOW_CTX_DAG_OWNER=airflow
AIRFLOW_CTX_DAG_ID=get_stocks_dag
AIRFLOW_CTX_TASK_ID=AAPL
AIRFLOW_CTX_EXECUTION_DATE=2023-06-03T00:00:00+00:00
AIRFLOW_CTX_TRY_NUMBER=1
AIRFLOW_CTX_DAG_RUN_ID=scheduled__2023-06-03T00:00:00+00:00
[2023-07-17 21:02:46,012] {python.py:173} INFO - Done. Returned value was: None
[2023-07-17 21:02:46,066] {taskinstance.py:1395} INFO - Marking task as SUCCESS. dag_id=get_stocks_dag, task_id=AAPL, execution_date=20230603T000000, start_date=20230718T000231, end_date=20230718T000246
[2023-07-17 21:02:46,119] {local_task_job.py:156} INFO - Task exited with return code 0
[2023-07-17 21:02:46,243] {local_task_job.py:273} INFO - 0 downstream tasks scheduled from follow-on schedule check
[2023-07-17 22:05:48,133] {taskinstance.py:1159} INFO - Dependencies all met for <TaskInstance: get_stocks_dag.AAPL scheduled__2023-06-03T00:00:00+00:00 [queued]>
[2023-07-17 22:05:48,148] {taskinstance.py:1159} INFO - Dependencies all met for <TaskInstance: get_stocks_dag.AAPL scheduled__2023-06-03T00:00:00+00:00 [queued]>
[2023-07-17 22:05:48,148] {taskinstance.py:1356} INFO - 
--------------------------------------------------------------------------------
[2023-07-17 22:05:48,149] {taskinstance.py:1357} INFO - Starting attempt 1 of 1
[2023-07-17 22:05:48,149] {taskinstance.py:1358} INFO - 
--------------------------------------------------------------------------------
[2023-07-17 22:05:48,164] {taskinstance.py:1377} INFO - Executing <Task(_PythonDecoratedOperator): AAPL> on 2023-06-03 00:00:00+00:00
[2023-07-17 22:05:48,172] {standard_task_runner.py:52} INFO - Started process 69805 to run task
[2023-07-17 22:05:48,176] {standard_task_runner.py:79} INFO - Running: ['airflow', 'tasks', 'run', 'get_stocks_dag', 'AAPL', 'scheduled__2023-06-03T00:00:00+00:00', '--job-id', '909', '--raw', '--subdir', 'DAGS_FOLDER/get_stocks.py', '--cfg-path', '/tmp/tmp6ud0n0om', '--error-file', '/tmp/tmpx3dnk0bg']
[2023-07-17 22:05:48,178] {standard_task_runner.py:80} INFO - Job 909: Subtask AAPL
[2023-07-17 22:05:48,254] {task_command.py:370} INFO - Running <TaskInstance: get_stocks_dag.AAPL scheduled__2023-06-03T00:00:00+00:00 [running]> on host lucas-Estudos
[2023-07-17 22:05:48,441] {taskinstance.py:1569} INFO - Exporting the following env vars:
AIRFLOW_CTX_DAG_OWNER=airflow
AIRFLOW_CTX_DAG_ID=get_stocks_dag
AIRFLOW_CTX_TASK_ID=AAPL
AIRFLOW_CTX_EXECUTION_DATE=2023-06-03T00:00:00+00:00
AIRFLOW_CTX_TRY_NUMBER=1
AIRFLOW_CTX_DAG_RUN_ID=scheduled__2023-06-03T00:00:00+00:00
[2023-07-17 22:05:51,183] {python.py:173} INFO - Done. Returned value was: None
[2023-07-17 22:05:51,247] {taskinstance.py:1395} INFO - Marking task as SUCCESS. dag_id=get_stocks_dag, task_id=AAPL, execution_date=20230603T000000, start_date=20230718T010548, end_date=20230718T010551
[2023-07-17 22:05:51,329] {local_task_job.py:156} INFO - Task exited with return code 0
[2023-07-17 22:05:51,437] {local_task_job.py:273} INFO - 0 downstream tasks scheduled from follow-on schedule check
[2023-07-18 10:46:31,805] {taskinstance.py:1159} INFO - Dependencies all met for <TaskInstance: get_stocks_dag.AAPL scheduled__2023-06-03T00:00:00+00:00 [queued]>
[2023-07-18 10:46:31,831] {taskinstance.py:1159} INFO - Dependencies all met for <TaskInstance: get_stocks_dag.AAPL scheduled__2023-06-03T00:00:00+00:00 [queued]>
[2023-07-18 10:46:31,831] {taskinstance.py:1356} INFO - 
--------------------------------------------------------------------------------
[2023-07-18 10:46:31,832] {taskinstance.py:1357} INFO - Starting attempt 1 of 1
[2023-07-18 10:46:31,832] {taskinstance.py:1358} INFO - 
--------------------------------------------------------------------------------
[2023-07-18 10:46:31,865] {taskinstance.py:1377} INFO - Executing <Task(_PythonDecoratedOperator): AAPL> on 2023-06-03 00:00:00+00:00
[2023-07-18 10:46:31,876] {standard_task_runner.py:52} INFO - Started process 17300 to run task
[2023-07-18 10:46:31,884] {standard_task_runner.py:79} INFO - Running: ['airflow', 'tasks', 'run', 'get_stocks_dag', 'AAPL', 'scheduled__2023-06-03T00:00:00+00:00', '--job-id', '1384', '--raw', '--subdir', 'DAGS_FOLDER/get_stocks.py', '--cfg-path', '/tmp/tmp4dnud7p6', '--error-file', '/tmp/tmp0fgght1o']
[2023-07-18 10:46:31,886] {standard_task_runner.py:80} INFO - Job 1384: Subtask AAPL
[2023-07-18 10:46:32,082] {task_command.py:370} INFO - Running <TaskInstance: get_stocks_dag.AAPL scheduled__2023-06-03T00:00:00+00:00 [running]> on host lucas-Estudos
[2023-07-18 10:46:32,313] {taskinstance.py:1569} INFO - Exporting the following env vars:
AIRFLOW_CTX_DAG_OWNER=airflow
AIRFLOW_CTX_DAG_ID=get_stocks_dag
AIRFLOW_CTX_TASK_ID=AAPL
AIRFLOW_CTX_EXECUTION_DATE=2023-06-03T00:00:00+00:00
AIRFLOW_CTX_TRY_NUMBER=1
AIRFLOW_CTX_DAG_RUN_ID=scheduled__2023-06-03T00:00:00+00:00
[2023-07-18 10:46:32,961] {python.py:173} INFO - Done. Returned value was: None
[2023-07-18 10:46:33,010] {taskinstance.py:1395} INFO - Marking task as SUCCESS. dag_id=get_stocks_dag, task_id=AAPL, execution_date=20230603T000000, start_date=20230718T134631, end_date=20230718T134633
[2023-07-18 10:46:33,060] {local_task_job.py:156} INFO - Task exited with return code 0
[2023-07-18 10:46:33,170] {local_task_job.py:273} INFO - 0 downstream tasks scheduled from follow-on schedule check
