[2023-07-17 22:06:51,530] {taskinstance.py:1159} INFO - Dependencies all met for <TaskInstance: get_crypto_dag.DOGE scheduled__2023-05-28T00:00:00+00:00 [queued]>
[2023-07-17 22:06:51,562] {taskinstance.py:1159} INFO - Dependencies all met for <TaskInstance: get_crypto_dag.DOGE scheduled__2023-05-28T00:00:00+00:00 [queued]>
[2023-07-17 22:06:51,563] {taskinstance.py:1356} INFO - 
--------------------------------------------------------------------------------
[2023-07-17 22:06:51,563] {taskinstance.py:1357} INFO - Starting attempt 1 of 1
[2023-07-17 22:06:51,563] {taskinstance.py:1358} INFO - 
--------------------------------------------------------------------------------
[2023-07-17 22:06:51,591] {taskinstance.py:1377} INFO - Executing <Task(_PythonDecoratedOperator): DOGE> on 2023-05-28 00:00:00+00:00
[2023-07-17 22:06:51,599] {standard_task_runner.py:52} INFO - Started process 71872 to run task
[2023-07-17 22:06:51,602] {standard_task_runner.py:79} INFO - Running: ['airflow', 'tasks', 'run', 'get_crypto_dag', 'DOGE', 'scheduled__2023-05-28T00:00:00+00:00', '--job-id', '925', '--raw', '--subdir', 'DAGS_FOLDER/get_crypto.py', '--cfg-path', '/tmp/tmpgh8nikhd', '--error-file', '/tmp/tmpnv8sibzc']
[2023-07-17 22:06:51,603] {standard_task_runner.py:80} INFO - Job 925: Subtask DOGE
[2023-07-17 22:06:51,677] {task_command.py:370} INFO - Running <TaskInstance: get_crypto_dag.DOGE scheduled__2023-05-28T00:00:00+00:00 [running]> on host lucas-Estudos
[2023-07-17 22:06:51,917] {taskinstance.py:1569} INFO - Exporting the following env vars:
AIRFLOW_CTX_DAG_OWNER=airflow
AIRFLOW_CTX_DAG_ID=get_crypto_dag
AIRFLOW_CTX_TASK_ID=DOGE
AIRFLOW_CTX_EXECUTION_DATE=2023-05-28T00:00:00+00:00
AIRFLOW_CTX_TRY_NUMBER=1
AIRFLOW_CTX_DAG_RUN_ID=scheduled__2023-05-28T00:00:00+00:00
[2023-07-17 22:06:54,506] {base.py:162} ERROR - DOGE: No timezone found, symbol may be delisted
[2023-07-17 22:06:54,515] {python.py:173} INFO - Done. Returned value was: None
[2023-07-17 22:06:54,572] {taskinstance.py:1395} INFO - Marking task as SUCCESS. dag_id=get_crypto_dag, task_id=DOGE, execution_date=20230528T000000, start_date=20230718T010651, end_date=20230718T010654
[2023-07-17 22:06:54,628] {local_task_job.py:156} INFO - Task exited with return code 0
[2023-07-17 22:06:54,894] {local_task_job.py:273} INFO - 0 downstream tasks scheduled from follow-on schedule check
[2023-07-18 10:41:51,258] {taskinstance.py:1159} INFO - Dependencies all met for <TaskInstance: get_crypto_dag.DOGE scheduled__2023-05-28T00:00:00+00:00 [queued]>
[2023-07-18 10:41:51,287] {taskinstance.py:1159} INFO - Dependencies all met for <TaskInstance: get_crypto_dag.DOGE scheduled__2023-05-28T00:00:00+00:00 [queued]>
[2023-07-18 10:41:51,288] {taskinstance.py:1356} INFO - 
--------------------------------------------------------------------------------
[2023-07-18 10:41:51,288] {taskinstance.py:1357} INFO - Starting attempt 1 of 1
[2023-07-18 10:41:51,288] {taskinstance.py:1358} INFO - 
--------------------------------------------------------------------------------
[2023-07-18 10:41:51,319] {taskinstance.py:1377} INFO - Executing <Task(_PythonDecoratedOperator): DOGE> on 2023-05-28 00:00:00+00:00
[2023-07-18 10:41:51,330] {standard_task_runner.py:52} INFO - Started process 15881 to run task
[2023-07-18 10:41:51,337] {standard_task_runner.py:79} INFO - Running: ['airflow', 'tasks', 'run', 'get_crypto_dag', 'DOGE', 'scheduled__2023-05-28T00:00:00+00:00', '--job-id', '1342', '--raw', '--subdir', 'DAGS_FOLDER/get_crypto.py', '--cfg-path', '/tmp/tmpo4dxq9qu', '--error-file', '/tmp/tmp_yfx35mr']
[2023-07-18 10:41:51,339] {standard_task_runner.py:80} INFO - Job 1342: Subtask DOGE
[2023-07-18 10:41:51,537] {task_command.py:370} INFO - Running <TaskInstance: get_crypto_dag.DOGE scheduled__2023-05-28T00:00:00+00:00 [running]> on host lucas-Estudos
[2023-07-18 10:41:51,745] {taskinstance.py:1569} INFO - Exporting the following env vars:
AIRFLOW_CTX_DAG_OWNER=airflow
AIRFLOW_CTX_DAG_ID=get_crypto_dag
AIRFLOW_CTX_TASK_ID=DOGE
AIRFLOW_CTX_EXECUTION_DATE=2023-05-28T00:00:00+00:00
AIRFLOW_CTX_TRY_NUMBER=1
AIRFLOW_CTX_DAG_RUN_ID=scheduled__2023-05-28T00:00:00+00:00
[2023-07-18 10:41:52,325] {base.py:162} ERROR - DOGE: No timezone found, symbol may be delisted
[2023-07-18 10:41:52,332] {python.py:173} INFO - Done. Returned value was: None
[2023-07-18 10:41:52,380] {taskinstance.py:1395} INFO - Marking task as SUCCESS. dag_id=get_crypto_dag, task_id=DOGE, execution_date=20230528T000000, start_date=20230718T134151, end_date=20230718T134152
[2023-07-18 10:41:52,432] {local_task_job.py:156} INFO - Task exited with return code 0
[2023-07-18 10:41:52,538] {local_task_job.py:273} INFO - 0 downstream tasks scheduled from follow-on schedule check
