[2023-07-15 21:44:03,437] {processor.py:153} INFO - Started process (PID=7268) to work on /home/lucas/.local/lib/python3.10/site-packages/airflow/example_dags/example_trigger_controller_dag.py
[2023-07-15 21:44:03,438] {processor.py:641} INFO - Processing file /home/lucas/.local/lib/python3.10/site-packages/airflow/example_dags/example_trigger_controller_dag.py for tasks to queue
[2023-07-15 21:44:03,439] {logging_mixin.py:115} INFO - [2023-07-15 21:44:03,439] {dagbag.py:507} INFO - Filling up the DagBag from /home/lucas/.local/lib/python3.10/site-packages/airflow/example_dags/example_trigger_controller_dag.py
[2023-07-15 21:44:03,448] {processor.py:651} INFO - DAG(s) dict_keys(['example_trigger_controller_dag']) retrieved from /home/lucas/.local/lib/python3.10/site-packages/airflow/example_dags/example_trigger_controller_dag.py
[2023-07-15 21:44:03,625] {logging_mixin.py:115} INFO - [2023-07-15 21:44:03,624] {manager.py:508} INFO - Created Permission View: can read on DAG:example_trigger_controller_dag
[2023-07-15 21:44:03,652] {logging_mixin.py:115} INFO - [2023-07-15 21:44:03,652] {manager.py:508} INFO - Created Permission View: can delete on DAG:example_trigger_controller_dag
[2023-07-15 21:44:03,674] {logging_mixin.py:115} INFO - [2023-07-15 21:44:03,674] {manager.py:508} INFO - Created Permission View: can edit on DAG:example_trigger_controller_dag
[2023-07-15 21:44:03,675] {logging_mixin.py:115} INFO - [2023-07-15 21:44:03,674] {dag.py:2379} INFO - Sync 1 DAGs
[2023-07-15 21:44:03,701] {logging_mixin.py:115} INFO - [2023-07-15 21:44:03,701] {dag.py:2398} INFO - Creating ORM DAG for example_trigger_controller_dag
[2023-07-15 21:44:03,721] {logging_mixin.py:115} INFO - [2023-07-15 21:44:03,721] {dag.py:2927} INFO - Setting next_dagrun for example_trigger_controller_dag to 2021-01-01T00:00:00+00:00, run_after=2021-01-01T00:00:00+00:00
[2023-07-15 21:44:03,737] {processor.py:161} INFO - Processing /home/lucas/.local/lib/python3.10/site-packages/airflow/example_dags/example_trigger_controller_dag.py took 0.305 seconds
[2023-07-15 21:44:44,738] {processor.py:153} INFO - Started process (PID=7956) to work on /home/lucas/.local/lib/python3.10/site-packages/airflow/example_dags/example_trigger_controller_dag.py
[2023-07-15 21:44:44,740] {processor.py:641} INFO - Processing file /home/lucas/.local/lib/python3.10/site-packages/airflow/example_dags/example_trigger_controller_dag.py for tasks to queue
[2023-07-15 21:44:44,741] {logging_mixin.py:115} INFO - [2023-07-15 21:44:44,740] {dagbag.py:507} INFO - Filling up the DagBag from /home/lucas/.local/lib/python3.10/site-packages/airflow/example_dags/example_trigger_controller_dag.py
[2023-07-15 21:44:44,748] {processor.py:651} INFO - DAG(s) dict_keys(['example_trigger_controller_dag']) retrieved from /home/lucas/.local/lib/python3.10/site-packages/airflow/example_dags/example_trigger_controller_dag.py
[2023-07-15 21:44:44,783] {logging_mixin.py:115} INFO - [2023-07-15 21:44:44,783] {dag.py:2379} INFO - Sync 1 DAGs
[2023-07-15 21:44:44,825] {logging_mixin.py:115} INFO - [2023-07-15 21:44:44,825] {dag.py:2927} INFO - Setting next_dagrun for example_trigger_controller_dag to 2021-01-01T00:00:00+00:00, run_after=2021-01-01T00:00:00+00:00
[2023-07-15 21:44:44,851] {processor.py:161} INFO - Processing /home/lucas/.local/lib/python3.10/site-packages/airflow/example_dags/example_trigger_controller_dag.py took 0.119 seconds
[2023-07-15 21:45:26,803] {processor.py:153} INFO - Started process (PID=8037) to work on /home/lucas/.local/lib/python3.10/site-packages/airflow/example_dags/example_trigger_controller_dag.py
[2023-07-15 21:45:26,807] {processor.py:641} INFO - Processing file /home/lucas/.local/lib/python3.10/site-packages/airflow/example_dags/example_trigger_controller_dag.py for tasks to queue
[2023-07-15 21:45:26,809] {logging_mixin.py:115} INFO - [2023-07-15 21:45:26,808] {dagbag.py:507} INFO - Filling up the DagBag from /home/lucas/.local/lib/python3.10/site-packages/airflow/example_dags/example_trigger_controller_dag.py
[2023-07-15 21:45:26,816] {processor.py:651} INFO - DAG(s) dict_keys(['example_trigger_controller_dag']) retrieved from /home/lucas/.local/lib/python3.10/site-packages/airflow/example_dags/example_trigger_controller_dag.py
[2023-07-15 21:45:26,851] {logging_mixin.py:115} INFO - [2023-07-15 21:45:26,851] {dag.py:2379} INFO - Sync 1 DAGs
[2023-07-15 21:45:26,893] {logging_mixin.py:115} INFO - [2023-07-15 21:45:26,893] {dag.py:2927} INFO - Setting next_dagrun for example_trigger_controller_dag to 2021-01-01T00:00:00+00:00, run_after=2021-01-01T00:00:00+00:00
[2023-07-15 21:45:26,919] {processor.py:161} INFO - Processing /home/lucas/.local/lib/python3.10/site-packages/airflow/example_dags/example_trigger_controller_dag.py took 0.121 seconds
[2023-07-15 21:46:03,436] {processor.py:153} INFO - Started process (PID=8078) to work on /home/lucas/.local/lib/python3.10/site-packages/airflow/example_dags/example_trigger_controller_dag.py
[2023-07-15 21:46:03,440] {processor.py:641} INFO - Processing file /home/lucas/.local/lib/python3.10/site-packages/airflow/example_dags/example_trigger_controller_dag.py for tasks to queue
[2023-07-15 21:46:03,441] {logging_mixin.py:115} INFO - [2023-07-15 21:46:03,441] {dagbag.py:507} INFO - Filling up the DagBag from /home/lucas/.local/lib/python3.10/site-packages/airflow/example_dags/example_trigger_controller_dag.py
[2023-07-15 21:46:03,448] {processor.py:651} INFO - DAG(s) dict_keys(['example_trigger_controller_dag']) retrieved from /home/lucas/.local/lib/python3.10/site-packages/airflow/example_dags/example_trigger_controller_dag.py
[2023-07-15 21:46:03,481] {logging_mixin.py:115} INFO - [2023-07-15 21:46:03,481] {dag.py:2379} INFO - Sync 1 DAGs
[2023-07-15 21:46:03,521] {logging_mixin.py:115} INFO - [2023-07-15 21:46:03,521] {dag.py:2927} INFO - Setting next_dagrun for example_trigger_controller_dag to 2021-01-01T00:00:00+00:00, run_after=2021-01-01T00:00:00+00:00
[2023-07-15 21:46:03,547] {processor.py:161} INFO - Processing /home/lucas/.local/lib/python3.10/site-packages/airflow/example_dags/example_trigger_controller_dag.py took 0.117 seconds
[2023-07-15 21:46:43,679] {processor.py:153} INFO - Started process (PID=8132) to work on /home/lucas/.local/lib/python3.10/site-packages/airflow/example_dags/example_trigger_controller_dag.py
[2023-07-15 21:46:43,683] {processor.py:641} INFO - Processing file /home/lucas/.local/lib/python3.10/site-packages/airflow/example_dags/example_trigger_controller_dag.py for tasks to queue
[2023-07-15 21:46:43,684] {logging_mixin.py:115} INFO - [2023-07-15 21:46:43,684] {dagbag.py:507} INFO - Filling up the DagBag from /home/lucas/.local/lib/python3.10/site-packages/airflow/example_dags/example_trigger_controller_dag.py
[2023-07-15 21:46:43,691] {processor.py:651} INFO - DAG(s) dict_keys(['example_trigger_controller_dag']) retrieved from /home/lucas/.local/lib/python3.10/site-packages/airflow/example_dags/example_trigger_controller_dag.py
[2023-07-15 21:46:43,725] {logging_mixin.py:115} INFO - [2023-07-15 21:46:43,725] {dag.py:2379} INFO - Sync 1 DAGs
[2023-07-15 21:46:43,766] {logging_mixin.py:115} INFO - [2023-07-15 21:46:43,766] {dag.py:2927} INFO - Setting next_dagrun for example_trigger_controller_dag to 2021-01-01T00:00:00+00:00, run_after=2021-01-01T00:00:00+00:00
[2023-07-15 21:46:43,791] {processor.py:161} INFO - Processing /home/lucas/.local/lib/python3.10/site-packages/airflow/example_dags/example_trigger_controller_dag.py took 0.117 seconds
[2023-07-15 21:47:19,514] {processor.py:153} INFO - Started process (PID=8189) to work on /home/lucas/.local/lib/python3.10/site-packages/airflow/example_dags/example_trigger_controller_dag.py
[2023-07-15 21:47:19,517] {processor.py:641} INFO - Processing file /home/lucas/.local/lib/python3.10/site-packages/airflow/example_dags/example_trigger_controller_dag.py for tasks to queue
[2023-07-15 21:47:19,518] {logging_mixin.py:115} INFO - [2023-07-15 21:47:19,518] {dagbag.py:507} INFO - Filling up the DagBag from /home/lucas/.local/lib/python3.10/site-packages/airflow/example_dags/example_trigger_controller_dag.py
[2023-07-15 21:47:19,525] {processor.py:651} INFO - DAG(s) dict_keys(['example_trigger_controller_dag']) retrieved from /home/lucas/.local/lib/python3.10/site-packages/airflow/example_dags/example_trigger_controller_dag.py
[2023-07-15 21:47:19,558] {logging_mixin.py:115} INFO - [2023-07-15 21:47:19,558] {dag.py:2379} INFO - Sync 1 DAGs
[2023-07-15 21:47:19,597] {logging_mixin.py:115} INFO - [2023-07-15 21:47:19,597] {dag.py:2927} INFO - Setting next_dagrun for example_trigger_controller_dag to 2021-01-01T00:00:00+00:00, run_after=2021-01-01T00:00:00+00:00
[2023-07-15 21:47:19,623] {processor.py:161} INFO - Processing /home/lucas/.local/lib/python3.10/site-packages/airflow/example_dags/example_trigger_controller_dag.py took 0.114 seconds
[2023-07-15 21:48:04,307] {processor.py:153} INFO - Started process (PID=8246) to work on /home/lucas/.local/lib/python3.10/site-packages/airflow/example_dags/example_trigger_controller_dag.py
[2023-07-15 21:48:04,309] {processor.py:641} INFO - Processing file /home/lucas/.local/lib/python3.10/site-packages/airflow/example_dags/example_trigger_controller_dag.py for tasks to queue
[2023-07-15 21:48:04,310] {logging_mixin.py:115} INFO - [2023-07-15 21:48:04,310] {dagbag.py:507} INFO - Filling up the DagBag from /home/lucas/.local/lib/python3.10/site-packages/airflow/example_dags/example_trigger_controller_dag.py
[2023-07-15 21:48:04,319] {processor.py:651} INFO - DAG(s) dict_keys(['example_trigger_controller_dag']) retrieved from /home/lucas/.local/lib/python3.10/site-packages/airflow/example_dags/example_trigger_controller_dag.py
[2023-07-15 21:48:04,362] {logging_mixin.py:115} INFO - [2023-07-15 21:48:04,361] {dag.py:2379} INFO - Sync 1 DAGs
[2023-07-15 21:48:04,410] {logging_mixin.py:115} INFO - [2023-07-15 21:48:04,410] {dag.py:2927} INFO - Setting next_dagrun for example_trigger_controller_dag to 2021-01-01T00:00:00+00:00, run_after=2021-01-01T00:00:00+00:00
[2023-07-15 21:48:04,440] {processor.py:161} INFO - Processing /home/lucas/.local/lib/python3.10/site-packages/airflow/example_dags/example_trigger_controller_dag.py took 0.139 seconds
[2023-07-15 21:48:42,566] {processor.py:153} INFO - Started process (PID=8295) to work on /home/lucas/.local/lib/python3.10/site-packages/airflow/example_dags/example_trigger_controller_dag.py
[2023-07-15 21:48:42,567] {processor.py:641} INFO - Processing file /home/lucas/.local/lib/python3.10/site-packages/airflow/example_dags/example_trigger_controller_dag.py for tasks to queue
[2023-07-15 21:48:42,568] {logging_mixin.py:115} INFO - [2023-07-15 21:48:42,568] {dagbag.py:507} INFO - Filling up the DagBag from /home/lucas/.local/lib/python3.10/site-packages/airflow/example_dags/example_trigger_controller_dag.py
[2023-07-15 21:48:42,575] {processor.py:651} INFO - DAG(s) dict_keys(['example_trigger_controller_dag']) retrieved from /home/lucas/.local/lib/python3.10/site-packages/airflow/example_dags/example_trigger_controller_dag.py
[2023-07-15 21:48:42,609] {logging_mixin.py:115} INFO - [2023-07-15 21:48:42,609] {dag.py:2379} INFO - Sync 1 DAGs
[2023-07-15 21:48:42,659] {logging_mixin.py:115} INFO - [2023-07-15 21:48:42,659] {dag.py:2927} INFO - Setting next_dagrun for example_trigger_controller_dag to 2021-01-01T00:00:00+00:00, run_after=2021-01-01T00:00:00+00:00
[2023-07-15 21:48:42,691] {processor.py:161} INFO - Processing /home/lucas/.local/lib/python3.10/site-packages/airflow/example_dags/example_trigger_controller_dag.py took 0.131 seconds
[2023-07-15 21:49:19,514] {processor.py:153} INFO - Started process (PID=8390) to work on /home/lucas/.local/lib/python3.10/site-packages/airflow/example_dags/example_trigger_controller_dag.py
[2023-07-15 21:49:19,519] {processor.py:641} INFO - Processing file /home/lucas/.local/lib/python3.10/site-packages/airflow/example_dags/example_trigger_controller_dag.py for tasks to queue
[2023-07-15 21:49:19,520] {logging_mixin.py:115} INFO - [2023-07-15 21:49:19,520] {dagbag.py:507} INFO - Filling up the DagBag from /home/lucas/.local/lib/python3.10/site-packages/airflow/example_dags/example_trigger_controller_dag.py
[2023-07-15 21:49:19,526] {processor.py:651} INFO - DAG(s) dict_keys(['example_trigger_controller_dag']) retrieved from /home/lucas/.local/lib/python3.10/site-packages/airflow/example_dags/example_trigger_controller_dag.py
[2023-07-15 21:49:19,563] {logging_mixin.py:115} INFO - [2023-07-15 21:49:19,563] {dag.py:2379} INFO - Sync 1 DAGs
[2023-07-15 21:49:19,609] {logging_mixin.py:115} INFO - [2023-07-15 21:49:19,609] {dag.py:2927} INFO - Setting next_dagrun for example_trigger_controller_dag to 2021-01-01T00:00:00+00:00, run_after=2021-01-01T00:00:00+00:00
[2023-07-15 21:49:19,640] {processor.py:161} INFO - Processing /home/lucas/.local/lib/python3.10/site-packages/airflow/example_dags/example_trigger_controller_dag.py took 0.131 seconds
[2023-07-15 21:49:54,961] {processor.py:153} INFO - Started process (PID=8463) to work on /home/lucas/.local/lib/python3.10/site-packages/airflow/example_dags/example_trigger_controller_dag.py
[2023-07-15 21:49:54,962] {processor.py:641} INFO - Processing file /home/lucas/.local/lib/python3.10/site-packages/airflow/example_dags/example_trigger_controller_dag.py for tasks to queue
[2023-07-15 21:49:54,963] {logging_mixin.py:115} INFO - [2023-07-15 21:49:54,963] {dagbag.py:507} INFO - Filling up the DagBag from /home/lucas/.local/lib/python3.10/site-packages/airflow/example_dags/example_trigger_controller_dag.py
[2023-07-15 21:49:54,969] {processor.py:651} INFO - DAG(s) dict_keys(['example_trigger_controller_dag']) retrieved from /home/lucas/.local/lib/python3.10/site-packages/airflow/example_dags/example_trigger_controller_dag.py
[2023-07-15 21:49:55,003] {logging_mixin.py:115} INFO - [2023-07-15 21:49:55,003] {dag.py:2379} INFO - Sync 1 DAGs
[2023-07-15 21:49:55,044] {logging_mixin.py:115} INFO - [2023-07-15 21:49:55,044] {dag.py:2927} INFO - Setting next_dagrun for example_trigger_controller_dag to 2021-01-01T00:00:00+00:00, run_after=2021-01-01T00:00:00+00:00
[2023-07-15 21:49:55,069] {processor.py:161} INFO - Processing /home/lucas/.local/lib/python3.10/site-packages/airflow/example_dags/example_trigger_controller_dag.py took 0.114 seconds
[2023-07-15 21:50:38,751] {processor.py:153} INFO - Started process (PID=8539) to work on /home/lucas/.local/lib/python3.10/site-packages/airflow/example_dags/example_trigger_controller_dag.py
[2023-07-15 21:50:38,755] {processor.py:641} INFO - Processing file /home/lucas/.local/lib/python3.10/site-packages/airflow/example_dags/example_trigger_controller_dag.py for tasks to queue
[2023-07-15 21:50:38,756] {logging_mixin.py:115} INFO - [2023-07-15 21:50:38,756] {dagbag.py:507} INFO - Filling up the DagBag from /home/lucas/.local/lib/python3.10/site-packages/airflow/example_dags/example_trigger_controller_dag.py
[2023-07-15 21:50:38,763] {processor.py:651} INFO - DAG(s) dict_keys(['example_trigger_controller_dag']) retrieved from /home/lucas/.local/lib/python3.10/site-packages/airflow/example_dags/example_trigger_controller_dag.py
[2023-07-15 21:50:38,807] {logging_mixin.py:115} INFO - [2023-07-15 21:50:38,807] {dag.py:2379} INFO - Sync 1 DAGs
[2023-07-15 21:50:38,857] {logging_mixin.py:115} INFO - [2023-07-15 21:50:38,857] {dag.py:2927} INFO - Setting next_dagrun for example_trigger_controller_dag to 2021-01-01T00:00:00+00:00, run_after=2021-01-01T00:00:00+00:00
[2023-07-15 21:50:38,888] {processor.py:161} INFO - Processing /home/lucas/.local/lib/python3.10/site-packages/airflow/example_dags/example_trigger_controller_dag.py took 0.145 seconds
[2023-07-15 21:51:17,586] {processor.py:153} INFO - Started process (PID=8620) to work on /home/lucas/.local/lib/python3.10/site-packages/airflow/example_dags/example_trigger_controller_dag.py
[2023-07-15 21:51:17,587] {processor.py:641} INFO - Processing file /home/lucas/.local/lib/python3.10/site-packages/airflow/example_dags/example_trigger_controller_dag.py for tasks to queue
[2023-07-15 21:51:17,588] {logging_mixin.py:115} INFO - [2023-07-15 21:51:17,588] {dagbag.py:507} INFO - Filling up the DagBag from /home/lucas/.local/lib/python3.10/site-packages/airflow/example_dags/example_trigger_controller_dag.py
[2023-07-15 21:51:17,594] {processor.py:651} INFO - DAG(s) dict_keys(['example_trigger_controller_dag']) retrieved from /home/lucas/.local/lib/python3.10/site-packages/airflow/example_dags/example_trigger_controller_dag.py
[2023-07-15 21:51:17,627] {logging_mixin.py:115} INFO - [2023-07-15 21:51:17,627] {dag.py:2379} INFO - Sync 1 DAGs
[2023-07-15 21:51:17,666] {logging_mixin.py:115} INFO - [2023-07-15 21:51:17,666] {dag.py:2927} INFO - Setting next_dagrun for example_trigger_controller_dag to 2021-01-01T00:00:00+00:00, run_after=2021-01-01T00:00:00+00:00
[2023-07-15 21:51:17,692] {processor.py:161} INFO - Processing /home/lucas/.local/lib/python3.10/site-packages/airflow/example_dags/example_trigger_controller_dag.py took 0.111 seconds
[2023-07-15 21:51:51,723] {processor.py:153} INFO - Started process (PID=9018) to work on /home/lucas/.local/lib/python3.10/site-packages/airflow/example_dags/example_trigger_controller_dag.py
[2023-07-15 21:51:51,723] {processor.py:641} INFO - Processing file /home/lucas/.local/lib/python3.10/site-packages/airflow/example_dags/example_trigger_controller_dag.py for tasks to queue
[2023-07-15 21:51:51,724] {logging_mixin.py:115} INFO - [2023-07-15 21:51:51,723] {dagbag.py:507} INFO - Filling up the DagBag from /home/lucas/.local/lib/python3.10/site-packages/airflow/example_dags/example_trigger_controller_dag.py
[2023-07-15 21:51:51,725] {processor.py:651} INFO - DAG(s) dict_keys(['example_trigger_controller_dag']) retrieved from /home/lucas/.local/lib/python3.10/site-packages/airflow/example_dags/example_trigger_controller_dag.py
[2023-07-15 21:51:51,736] {logging_mixin.py:115} INFO - [2023-07-15 21:51:51,736] {dag.py:2379} INFO - Sync 1 DAGs
[2023-07-15 21:51:51,750] {logging_mixin.py:115} INFO - [2023-07-15 21:51:51,750] {dag.py:2927} INFO - Setting next_dagrun for example_trigger_controller_dag to 2021-01-01T00:00:00+00:00, run_after=2021-01-01T00:00:00+00:00
[2023-07-15 21:51:51,758] {processor.py:161} INFO - Processing /home/lucas/.local/lib/python3.10/site-packages/airflow/example_dags/example_trigger_controller_dag.py took 0.037 seconds
[2023-07-15 21:52:28,311] {processor.py:153} INFO - Started process (PID=9106) to work on /home/lucas/.local/lib/python3.10/site-packages/airflow/example_dags/example_trigger_controller_dag.py
[2023-07-15 21:52:28,312] {processor.py:641} INFO - Processing file /home/lucas/.local/lib/python3.10/site-packages/airflow/example_dags/example_trigger_controller_dag.py for tasks to queue
[2023-07-15 21:52:28,313] {logging_mixin.py:115} INFO - [2023-07-15 21:52:28,313] {dagbag.py:507} INFO - Filling up the DagBag from /home/lucas/.local/lib/python3.10/site-packages/airflow/example_dags/example_trigger_controller_dag.py
[2023-07-15 21:52:28,320] {processor.py:651} INFO - DAG(s) dict_keys(['example_trigger_controller_dag']) retrieved from /home/lucas/.local/lib/python3.10/site-packages/airflow/example_dags/example_trigger_controller_dag.py
[2023-07-15 21:52:28,359] {logging_mixin.py:115} INFO - [2023-07-15 21:52:28,359] {dag.py:2379} INFO - Sync 1 DAGs
[2023-07-15 21:52:28,405] {logging_mixin.py:115} INFO - [2023-07-15 21:52:28,405] {dag.py:2927} INFO - Setting next_dagrun for example_trigger_controller_dag to 2021-01-01T00:00:00+00:00, run_after=2021-01-01T00:00:00+00:00
[2023-07-15 21:52:28,435] {processor.py:161} INFO - Processing /home/lucas/.local/lib/python3.10/site-packages/airflow/example_dags/example_trigger_controller_dag.py took 0.129 seconds
[2023-07-15 21:53:05,831] {processor.py:153} INFO - Started process (PID=9175) to work on /home/lucas/.local/lib/python3.10/site-packages/airflow/example_dags/example_trigger_controller_dag.py
[2023-07-15 21:53:05,835] {processor.py:641} INFO - Processing file /home/lucas/.local/lib/python3.10/site-packages/airflow/example_dags/example_trigger_controller_dag.py for tasks to queue
[2023-07-15 21:53:05,836] {logging_mixin.py:115} INFO - [2023-07-15 21:53:05,835] {dagbag.py:507} INFO - Filling up the DagBag from /home/lucas/.local/lib/python3.10/site-packages/airflow/example_dags/example_trigger_controller_dag.py
[2023-07-15 21:53:05,841] {processor.py:651} INFO - DAG(s) dict_keys(['example_trigger_controller_dag']) retrieved from /home/lucas/.local/lib/python3.10/site-packages/airflow/example_dags/example_trigger_controller_dag.py
[2023-07-15 21:53:05,877] {logging_mixin.py:115} INFO - [2023-07-15 21:53:05,877] {dag.py:2379} INFO - Sync 1 DAGs
[2023-07-15 21:53:05,919] {logging_mixin.py:115} INFO - [2023-07-15 21:53:05,918] {dag.py:2927} INFO - Setting next_dagrun for example_trigger_controller_dag to 2021-01-01T00:00:00+00:00, run_after=2021-01-01T00:00:00+00:00
[2023-07-15 21:53:05,944] {processor.py:161} INFO - Processing /home/lucas/.local/lib/python3.10/site-packages/airflow/example_dags/example_trigger_controller_dag.py took 0.119 seconds
[2023-07-15 21:53:43,258] {processor.py:153} INFO - Started process (PID=9298) to work on /home/lucas/.local/lib/python3.10/site-packages/airflow/example_dags/example_trigger_controller_dag.py
[2023-07-15 21:53:43,259] {processor.py:641} INFO - Processing file /home/lucas/.local/lib/python3.10/site-packages/airflow/example_dags/example_trigger_controller_dag.py for tasks to queue
[2023-07-15 21:53:43,259] {logging_mixin.py:115} INFO - [2023-07-15 21:53:43,259] {dagbag.py:507} INFO - Filling up the DagBag from /home/lucas/.local/lib/python3.10/site-packages/airflow/example_dags/example_trigger_controller_dag.py
[2023-07-15 21:53:43,262] {processor.py:651} INFO - DAG(s) dict_keys(['example_trigger_controller_dag']) retrieved from /home/lucas/.local/lib/python3.10/site-packages/airflow/example_dags/example_trigger_controller_dag.py
[2023-07-15 21:53:43,283] {logging_mixin.py:115} INFO - [2023-07-15 21:53:43,283] {dag.py:2379} INFO - Sync 1 DAGs
[2023-07-15 21:53:43,305] {logging_mixin.py:115} INFO - [2023-07-15 21:53:43,305] {dag.py:2927} INFO - Setting next_dagrun for example_trigger_controller_dag to 2021-01-01T00:00:00+00:00, run_after=2021-01-01T00:00:00+00:00
[2023-07-15 21:53:43,320] {processor.py:161} INFO - Processing /home/lucas/.local/lib/python3.10/site-packages/airflow/example_dags/example_trigger_controller_dag.py took 0.065 seconds
[2023-07-15 21:54:23,138] {processor.py:153} INFO - Started process (PID=9511) to work on /home/lucas/.local/lib/python3.10/site-packages/airflow/example_dags/example_trigger_controller_dag.py
[2023-07-15 21:54:23,142] {processor.py:641} INFO - Processing file /home/lucas/.local/lib/python3.10/site-packages/airflow/example_dags/example_trigger_controller_dag.py for tasks to queue
[2023-07-15 21:54:23,143] {logging_mixin.py:115} INFO - [2023-07-15 21:54:23,143] {dagbag.py:507} INFO - Filling up the DagBag from /home/lucas/.local/lib/python3.10/site-packages/airflow/example_dags/example_trigger_controller_dag.py
[2023-07-15 21:54:23,149] {processor.py:651} INFO - DAG(s) dict_keys(['example_trigger_controller_dag']) retrieved from /home/lucas/.local/lib/python3.10/site-packages/airflow/example_dags/example_trigger_controller_dag.py
[2023-07-15 21:54:23,183] {logging_mixin.py:115} INFO - [2023-07-15 21:54:23,183] {dag.py:2379} INFO - Sync 1 DAGs
[2023-07-15 21:54:23,224] {logging_mixin.py:115} INFO - [2023-07-15 21:54:23,224] {dag.py:2927} INFO - Setting next_dagrun for example_trigger_controller_dag to 2021-01-01T00:00:00+00:00, run_after=2021-01-01T00:00:00+00:00
[2023-07-15 21:54:23,248] {processor.py:161} INFO - Processing /home/lucas/.local/lib/python3.10/site-packages/airflow/example_dags/example_trigger_controller_dag.py took 0.115 seconds
[2023-07-15 21:54:58,575] {processor.py:153} INFO - Started process (PID=9630) to work on /home/lucas/.local/lib/python3.10/site-packages/airflow/example_dags/example_trigger_controller_dag.py
[2023-07-15 21:54:58,576] {processor.py:641} INFO - Processing file /home/lucas/.local/lib/python3.10/site-packages/airflow/example_dags/example_trigger_controller_dag.py for tasks to queue
[2023-07-15 21:54:58,577] {logging_mixin.py:115} INFO - [2023-07-15 21:54:58,577] {dagbag.py:507} INFO - Filling up the DagBag from /home/lucas/.local/lib/python3.10/site-packages/airflow/example_dags/example_trigger_controller_dag.py
[2023-07-15 21:54:58,587] {processor.py:651} INFO - DAG(s) dict_keys(['example_trigger_controller_dag']) retrieved from /home/lucas/.local/lib/python3.10/site-packages/airflow/example_dags/example_trigger_controller_dag.py
[2023-07-15 21:54:58,639] {logging_mixin.py:115} INFO - [2023-07-15 21:54:58,639] {dag.py:2379} INFO - Sync 1 DAGs
[2023-07-15 21:54:58,688] {logging_mixin.py:115} INFO - [2023-07-15 21:54:58,687] {dag.py:2927} INFO - Setting next_dagrun for example_trigger_controller_dag to 2021-01-01T00:00:00+00:00, run_after=2021-01-01T00:00:00+00:00
[2023-07-15 21:54:58,723] {processor.py:161} INFO - Processing /home/lucas/.local/lib/python3.10/site-packages/airflow/example_dags/example_trigger_controller_dag.py took 0.158 seconds
[2023-07-15 21:55:38,354] {processor.py:153} INFO - Started process (PID=9775) to work on /home/lucas/.local/lib/python3.10/site-packages/airflow/example_dags/example_trigger_controller_dag.py
[2023-07-15 21:55:38,358] {processor.py:641} INFO - Processing file /home/lucas/.local/lib/python3.10/site-packages/airflow/example_dags/example_trigger_controller_dag.py for tasks to queue
[2023-07-15 21:55:38,359] {logging_mixin.py:115} INFO - [2023-07-15 21:55:38,359] {dagbag.py:507} INFO - Filling up the DagBag from /home/lucas/.local/lib/python3.10/site-packages/airflow/example_dags/example_trigger_controller_dag.py
[2023-07-15 21:55:38,365] {processor.py:651} INFO - DAG(s) dict_keys(['example_trigger_controller_dag']) retrieved from /home/lucas/.local/lib/python3.10/site-packages/airflow/example_dags/example_trigger_controller_dag.py
[2023-07-15 21:55:38,398] {logging_mixin.py:115} INFO - [2023-07-15 21:55:38,398] {dag.py:2379} INFO - Sync 1 DAGs
[2023-07-15 21:55:38,442] {logging_mixin.py:115} INFO - [2023-07-15 21:55:38,441] {dag.py:2927} INFO - Setting next_dagrun for example_trigger_controller_dag to 2021-01-01T00:00:00+00:00, run_after=2021-01-01T00:00:00+00:00
[2023-07-15 21:55:38,469] {processor.py:161} INFO - Processing /home/lucas/.local/lib/python3.10/site-packages/airflow/example_dags/example_trigger_controller_dag.py took 0.120 seconds
[2023-07-15 21:56:14,761] {processor.py:153} INFO - Started process (PID=9845) to work on /home/lucas/.local/lib/python3.10/site-packages/airflow/example_dags/example_trigger_controller_dag.py
[2023-07-15 21:56:14,762] {processor.py:641} INFO - Processing file /home/lucas/.local/lib/python3.10/site-packages/airflow/example_dags/example_trigger_controller_dag.py for tasks to queue
[2023-07-15 21:56:14,763] {logging_mixin.py:115} INFO - [2023-07-15 21:56:14,763] {dagbag.py:507} INFO - Filling up the DagBag from /home/lucas/.local/lib/python3.10/site-packages/airflow/example_dags/example_trigger_controller_dag.py
[2023-07-15 21:56:14,769] {processor.py:651} INFO - DAG(s) dict_keys(['example_trigger_controller_dag']) retrieved from /home/lucas/.local/lib/python3.10/site-packages/airflow/example_dags/example_trigger_controller_dag.py
[2023-07-15 21:56:14,806] {logging_mixin.py:115} INFO - [2023-07-15 21:56:14,806] {dag.py:2379} INFO - Sync 1 DAGs
[2023-07-15 21:56:14,851] {logging_mixin.py:115} INFO - [2023-07-15 21:56:14,851] {dag.py:2927} INFO - Setting next_dagrun for example_trigger_controller_dag to 2021-01-01T00:00:00+00:00, run_after=2021-01-01T00:00:00+00:00
[2023-07-15 21:56:14,878] {processor.py:161} INFO - Processing /home/lucas/.local/lib/python3.10/site-packages/airflow/example_dags/example_trigger_controller_dag.py took 0.123 seconds
[2023-07-15 21:56:53,354] {processor.py:153} INFO - Started process (PID=9901) to work on /home/lucas/.local/lib/python3.10/site-packages/airflow/example_dags/example_trigger_controller_dag.py
[2023-07-15 21:56:53,358] {processor.py:641} INFO - Processing file /home/lucas/.local/lib/python3.10/site-packages/airflow/example_dags/example_trigger_controller_dag.py for tasks to queue
[2023-07-15 21:56:53,359] {logging_mixin.py:115} INFO - [2023-07-15 21:56:53,359] {dagbag.py:507} INFO - Filling up the DagBag from /home/lucas/.local/lib/python3.10/site-packages/airflow/example_dags/example_trigger_controller_dag.py
[2023-07-15 21:56:53,366] {processor.py:651} INFO - DAG(s) dict_keys(['example_trigger_controller_dag']) retrieved from /home/lucas/.local/lib/python3.10/site-packages/airflow/example_dags/example_trigger_controller_dag.py
[2023-07-15 21:56:53,409] {logging_mixin.py:115} INFO - [2023-07-15 21:56:53,409] {dag.py:2379} INFO - Sync 1 DAGs
[2023-07-15 21:56:53,457] {logging_mixin.py:115} INFO - [2023-07-15 21:56:53,457] {dag.py:2927} INFO - Setting next_dagrun for example_trigger_controller_dag to 2021-01-01T00:00:00+00:00, run_after=2021-01-01T00:00:00+00:00
[2023-07-15 21:56:53,489] {processor.py:161} INFO - Processing /home/lucas/.local/lib/python3.10/site-packages/airflow/example_dags/example_trigger_controller_dag.py took 0.141 seconds
[2023-07-15 21:57:31,895] {processor.py:153} INFO - Started process (PID=9993) to work on /home/lucas/.local/lib/python3.10/site-packages/airflow/example_dags/example_trigger_controller_dag.py
[2023-07-15 21:57:31,899] {processor.py:641} INFO - Processing file /home/lucas/.local/lib/python3.10/site-packages/airflow/example_dags/example_trigger_controller_dag.py for tasks to queue
[2023-07-15 21:57:31,900] {logging_mixin.py:115} INFO - [2023-07-15 21:57:31,899] {dagbag.py:507} INFO - Filling up the DagBag from /home/lucas/.local/lib/python3.10/site-packages/airflow/example_dags/example_trigger_controller_dag.py
[2023-07-15 21:57:31,905] {processor.py:651} INFO - DAG(s) dict_keys(['example_trigger_controller_dag']) retrieved from /home/lucas/.local/lib/python3.10/site-packages/airflow/example_dags/example_trigger_controller_dag.py
[2023-07-15 21:57:31,940] {logging_mixin.py:115} INFO - [2023-07-15 21:57:31,940] {dag.py:2379} INFO - Sync 1 DAGs
[2023-07-15 21:57:31,982] {logging_mixin.py:115} INFO - [2023-07-15 21:57:31,981] {dag.py:2927} INFO - Setting next_dagrun for example_trigger_controller_dag to 2021-01-01T00:00:00+00:00, run_after=2021-01-01T00:00:00+00:00
[2023-07-15 21:57:32,010] {processor.py:161} INFO - Processing /home/lucas/.local/lib/python3.10/site-packages/airflow/example_dags/example_trigger_controller_dag.py took 0.121 seconds
[2023-07-15 21:58:11,109] {processor.py:153} INFO - Started process (PID=10071) to work on /home/lucas/.local/lib/python3.10/site-packages/airflow/example_dags/example_trigger_controller_dag.py
[2023-07-15 21:58:11,111] {processor.py:641} INFO - Processing file /home/lucas/.local/lib/python3.10/site-packages/airflow/example_dags/example_trigger_controller_dag.py for tasks to queue
[2023-07-15 21:58:11,112] {logging_mixin.py:115} INFO - [2023-07-15 21:58:11,111] {dagbag.py:507} INFO - Filling up the DagBag from /home/lucas/.local/lib/python3.10/site-packages/airflow/example_dags/example_trigger_controller_dag.py
[2023-07-15 21:58:11,119] {processor.py:651} INFO - DAG(s) dict_keys(['example_trigger_controller_dag']) retrieved from /home/lucas/.local/lib/python3.10/site-packages/airflow/example_dags/example_trigger_controller_dag.py
[2023-07-15 21:58:11,166] {logging_mixin.py:115} INFO - [2023-07-15 21:58:11,166] {dag.py:2379} INFO - Sync 1 DAGs
[2023-07-15 21:58:11,226] {logging_mixin.py:115} INFO - [2023-07-15 21:58:11,225] {dag.py:2927} INFO - Setting next_dagrun for example_trigger_controller_dag to 2021-01-01T00:00:00+00:00, run_after=2021-01-01T00:00:00+00:00
[2023-07-15 21:58:11,253] {processor.py:161} INFO - Processing /home/lucas/.local/lib/python3.10/site-packages/airflow/example_dags/example_trigger_controller_dag.py took 0.150 seconds
[2023-07-15 21:58:46,951] {processor.py:153} INFO - Started process (PID=10179) to work on /home/lucas/.local/lib/python3.10/site-packages/airflow/example_dags/example_trigger_controller_dag.py
[2023-07-15 21:58:46,955] {processor.py:641} INFO - Processing file /home/lucas/.local/lib/python3.10/site-packages/airflow/example_dags/example_trigger_controller_dag.py for tasks to queue
[2023-07-15 21:58:46,956] {logging_mixin.py:115} INFO - [2023-07-15 21:58:46,956] {dagbag.py:507} INFO - Filling up the DagBag from /home/lucas/.local/lib/python3.10/site-packages/airflow/example_dags/example_trigger_controller_dag.py
[2023-07-15 21:58:46,962] {processor.py:651} INFO - DAG(s) dict_keys(['example_trigger_controller_dag']) retrieved from /home/lucas/.local/lib/python3.10/site-packages/airflow/example_dags/example_trigger_controller_dag.py
[2023-07-15 21:58:46,995] {logging_mixin.py:115} INFO - [2023-07-15 21:58:46,995] {dag.py:2379} INFO - Sync 1 DAGs
[2023-07-15 21:58:47,036] {logging_mixin.py:115} INFO - [2023-07-15 21:58:47,036] {dag.py:2927} INFO - Setting next_dagrun for example_trigger_controller_dag to 2021-01-01T00:00:00+00:00, run_after=2021-01-01T00:00:00+00:00
[2023-07-15 21:58:47,064] {processor.py:161} INFO - Processing /home/lucas/.local/lib/python3.10/site-packages/airflow/example_dags/example_trigger_controller_dag.py took 0.118 seconds
