[2023-07-15 21:44:06,094] {processor.py:153} INFO - Started process (PID=7436) to work on /home/lucas/.local/lib/python3.10/site-packages/airflow/example_dags/example_external_task_marker_dag.py
[2023-07-15 21:44:06,097] {processor.py:641} INFO - Processing file /home/lucas/.local/lib/python3.10/site-packages/airflow/example_dags/example_external_task_marker_dag.py for tasks to queue
[2023-07-15 21:44:06,099] {logging_mixin.py:115} INFO - [2023-07-15 21:44:06,099] {dagbag.py:507} INFO - Filling up the DagBag from /home/lucas/.local/lib/python3.10/site-packages/airflow/example_dags/example_external_task_marker_dag.py
[2023-07-15 21:44:06,106] {processor.py:651} INFO - DAG(s) dict_keys(['example_external_task_marker_parent', 'example_external_task_marker_child']) retrieved from /home/lucas/.local/lib/python3.10/site-packages/airflow/example_dags/example_external_task_marker_dag.py
[2023-07-15 21:44:06,268] {logging_mixin.py:115} INFO - [2023-07-15 21:44:06,267] {manager.py:508} INFO - Created Permission View: can read on DAG:example_external_task_marker_parent
[2023-07-15 21:44:06,352] {logging_mixin.py:115} INFO - [2023-07-15 21:44:06,352] {manager.py:508} INFO - Created Permission View: can delete on DAG:example_external_task_marker_parent
[2023-07-15 21:44:06,429] {logging_mixin.py:115} INFO - [2023-07-15 21:44:06,428] {manager.py:508} INFO - Created Permission View: can edit on DAG:example_external_task_marker_parent
[2023-07-15 21:44:06,458] {logging_mixin.py:115} INFO - [2023-07-15 21:44:06,457] {manager.py:508} INFO - Created Permission View: can read on DAG:example_external_task_marker_child
[2023-07-15 21:44:06,470] {logging_mixin.py:115} INFO - [2023-07-15 21:44:06,470] {manager.py:508} INFO - Created Permission View: can delete on DAG:example_external_task_marker_child
[2023-07-15 21:44:06,479] {logging_mixin.py:115} INFO - [2023-07-15 21:44:06,479] {manager.py:508} INFO - Created Permission View: can edit on DAG:example_external_task_marker_child
[2023-07-15 21:44:06,479] {logging_mixin.py:115} INFO - [2023-07-15 21:44:06,479] {dag.py:2379} INFO - Sync 2 DAGs
[2023-07-15 21:44:06,487] {logging_mixin.py:115} INFO - [2023-07-15 21:44:06,487] {dag.py:2398} INFO - Creating ORM DAG for example_external_task_marker_parent
[2023-07-15 21:44:06,487] {logging_mixin.py:115} INFO - [2023-07-15 21:44:06,487] {dag.py:2398} INFO - Creating ORM DAG for example_external_task_marker_child
[2023-07-15 21:44:06,496] {logging_mixin.py:115} INFO - [2023-07-15 21:44:06,496] {dag.py:2927} INFO - Setting next_dagrun for example_external_task_marker_child to None, run_after=None
[2023-07-15 21:44:06,496] {logging_mixin.py:115} INFO - [2023-07-15 21:44:06,496] {dag.py:2927} INFO - Setting next_dagrun for example_external_task_marker_parent to None, run_after=None
[2023-07-15 21:44:06,512] {processor.py:161} INFO - Processing /home/lucas/.local/lib/python3.10/site-packages/airflow/example_dags/example_external_task_marker_dag.py took 0.423 seconds
[2023-07-15 21:44:47,288] {processor.py:153} INFO - Started process (PID=7958) to work on /home/lucas/.local/lib/python3.10/site-packages/airflow/example_dags/example_external_task_marker_dag.py
[2023-07-15 21:44:47,292] {processor.py:641} INFO - Processing file /home/lucas/.local/lib/python3.10/site-packages/airflow/example_dags/example_external_task_marker_dag.py for tasks to queue
[2023-07-15 21:44:47,293] {logging_mixin.py:115} INFO - [2023-07-15 21:44:47,293] {dagbag.py:507} INFO - Filling up the DagBag from /home/lucas/.local/lib/python3.10/site-packages/airflow/example_dags/example_external_task_marker_dag.py
[2023-07-15 21:44:47,303] {processor.py:651} INFO - DAG(s) dict_keys(['example_external_task_marker_parent', 'example_external_task_marker_child']) retrieved from /home/lucas/.local/lib/python3.10/site-packages/airflow/example_dags/example_external_task_marker_dag.py
[2023-07-15 21:44:47,360] {logging_mixin.py:115} INFO - [2023-07-15 21:44:47,360] {dag.py:2379} INFO - Sync 2 DAGs
[2023-07-15 21:44:47,400] {logging_mixin.py:115} INFO - [2023-07-15 21:44:47,400] {dag.py:2927} INFO - Setting next_dagrun for example_external_task_marker_child to None, run_after=None
[2023-07-15 21:44:47,401] {logging_mixin.py:115} INFO - [2023-07-15 21:44:47,401] {dag.py:2927} INFO - Setting next_dagrun for example_external_task_marker_parent to None, run_after=None
[2023-07-15 21:44:47,427] {processor.py:161} INFO - Processing /home/lucas/.local/lib/python3.10/site-packages/airflow/example_dags/example_external_task_marker_dag.py took 0.144 seconds
[2023-07-15 21:45:29,346] {processor.py:153} INFO - Started process (PID=8040) to work on /home/lucas/.local/lib/python3.10/site-packages/airflow/example_dags/example_external_task_marker_dag.py
[2023-07-15 21:45:29,350] {processor.py:641} INFO - Processing file /home/lucas/.local/lib/python3.10/site-packages/airflow/example_dags/example_external_task_marker_dag.py for tasks to queue
[2023-07-15 21:45:29,351] {logging_mixin.py:115} INFO - [2023-07-15 21:45:29,351] {dagbag.py:507} INFO - Filling up the DagBag from /home/lucas/.local/lib/python3.10/site-packages/airflow/example_dags/example_external_task_marker_dag.py
[2023-07-15 21:45:29,361] {processor.py:651} INFO - DAG(s) dict_keys(['example_external_task_marker_parent', 'example_external_task_marker_child']) retrieved from /home/lucas/.local/lib/python3.10/site-packages/airflow/example_dags/example_external_task_marker_dag.py
[2023-07-15 21:45:29,419] {logging_mixin.py:115} INFO - [2023-07-15 21:45:29,419] {dag.py:2379} INFO - Sync 2 DAGs
[2023-07-15 21:45:29,459] {logging_mixin.py:115} INFO - [2023-07-15 21:45:29,459] {dag.py:2927} INFO - Setting next_dagrun for example_external_task_marker_child to None, run_after=None
[2023-07-15 21:45:29,460] {logging_mixin.py:115} INFO - [2023-07-15 21:45:29,460] {dag.py:2927} INFO - Setting next_dagrun for example_external_task_marker_parent to None, run_after=None
[2023-07-15 21:45:29,487] {processor.py:161} INFO - Processing /home/lucas/.local/lib/python3.10/site-packages/airflow/example_dags/example_external_task_marker_dag.py took 0.146 seconds
[2023-07-15 21:46:05,975] {processor.py:153} INFO - Started process (PID=8080) to work on /home/lucas/.local/lib/python3.10/site-packages/airflow/example_dags/example_external_task_marker_dag.py
[2023-07-15 21:46:05,978] {processor.py:641} INFO - Processing file /home/lucas/.local/lib/python3.10/site-packages/airflow/example_dags/example_external_task_marker_dag.py for tasks to queue
[2023-07-15 21:46:05,979] {logging_mixin.py:115} INFO - [2023-07-15 21:46:05,979] {dagbag.py:507} INFO - Filling up the DagBag from /home/lucas/.local/lib/python3.10/site-packages/airflow/example_dags/example_external_task_marker_dag.py
[2023-07-15 21:46:05,989] {processor.py:651} INFO - DAG(s) dict_keys(['example_external_task_marker_parent', 'example_external_task_marker_child']) retrieved from /home/lucas/.local/lib/python3.10/site-packages/airflow/example_dags/example_external_task_marker_dag.py
[2023-07-15 21:46:06,049] {logging_mixin.py:115} INFO - [2023-07-15 21:46:06,049] {dag.py:2379} INFO - Sync 2 DAGs
[2023-07-15 21:46:06,090] {logging_mixin.py:115} INFO - [2023-07-15 21:46:06,090] {dag.py:2927} INFO - Setting next_dagrun for example_external_task_marker_child to None, run_after=None
[2023-07-15 21:46:06,091] {logging_mixin.py:115} INFO - [2023-07-15 21:46:06,091] {dag.py:2927} INFO - Setting next_dagrun for example_external_task_marker_parent to None, run_after=None
[2023-07-15 21:46:06,124] {processor.py:161} INFO - Processing /home/lucas/.local/lib/python3.10/site-packages/airflow/example_dags/example_external_task_marker_dag.py took 0.155 seconds
[2023-07-15 21:46:45,827] {processor.py:153} INFO - Started process (PID=8134) to work on /home/lucas/.local/lib/python3.10/site-packages/airflow/example_dags/example_external_task_marker_dag.py
[2023-07-15 21:46:45,831] {processor.py:641} INFO - Processing file /home/lucas/.local/lib/python3.10/site-packages/airflow/example_dags/example_external_task_marker_dag.py for tasks to queue
[2023-07-15 21:46:45,832] {logging_mixin.py:115} INFO - [2023-07-15 21:46:45,832] {dagbag.py:507} INFO - Filling up the DagBag from /home/lucas/.local/lib/python3.10/site-packages/airflow/example_dags/example_external_task_marker_dag.py
[2023-07-15 21:46:45,841] {processor.py:651} INFO - DAG(s) dict_keys(['example_external_task_marker_parent', 'example_external_task_marker_child']) retrieved from /home/lucas/.local/lib/python3.10/site-packages/airflow/example_dags/example_external_task_marker_dag.py
[2023-07-15 21:46:45,902] {logging_mixin.py:115} INFO - [2023-07-15 21:46:45,902] {dag.py:2379} INFO - Sync 2 DAGs
[2023-07-15 21:46:45,944] {logging_mixin.py:115} INFO - [2023-07-15 21:46:45,944] {dag.py:2927} INFO - Setting next_dagrun for example_external_task_marker_child to None, run_after=None
[2023-07-15 21:46:45,945] {logging_mixin.py:115} INFO - [2023-07-15 21:46:45,945] {dag.py:2927} INFO - Setting next_dagrun for example_external_task_marker_parent to None, run_after=None
[2023-07-15 21:46:45,969] {processor.py:161} INFO - Processing /home/lucas/.local/lib/python3.10/site-packages/airflow/example_dags/example_external_task_marker_dag.py took 0.148 seconds
[2023-07-15 21:47:21,848] {processor.py:153} INFO - Started process (PID=8192) to work on /home/lucas/.local/lib/python3.10/site-packages/airflow/example_dags/example_external_task_marker_dag.py
[2023-07-15 21:47:21,849] {processor.py:641} INFO - Processing file /home/lucas/.local/lib/python3.10/site-packages/airflow/example_dags/example_external_task_marker_dag.py for tasks to queue
[2023-07-15 21:47:21,850] {logging_mixin.py:115} INFO - [2023-07-15 21:47:21,850] {dagbag.py:507} INFO - Filling up the DagBag from /home/lucas/.local/lib/python3.10/site-packages/airflow/example_dags/example_external_task_marker_dag.py
[2023-07-15 21:47:21,865] {processor.py:651} INFO - DAG(s) dict_keys(['example_external_task_marker_parent', 'example_external_task_marker_child']) retrieved from /home/lucas/.local/lib/python3.10/site-packages/airflow/example_dags/example_external_task_marker_dag.py
[2023-07-15 21:47:21,945] {logging_mixin.py:115} INFO - [2023-07-15 21:47:21,944] {dag.py:2379} INFO - Sync 2 DAGs
[2023-07-15 21:47:21,993] {logging_mixin.py:115} INFO - [2023-07-15 21:47:21,993] {dag.py:2927} INFO - Setting next_dagrun for example_external_task_marker_child to None, run_after=None
[2023-07-15 21:47:21,993] {logging_mixin.py:115} INFO - [2023-07-15 21:47:21,993] {dag.py:2927} INFO - Setting next_dagrun for example_external_task_marker_parent to None, run_after=None
[2023-07-15 21:47:22,027] {processor.py:161} INFO - Processing /home/lucas/.local/lib/python3.10/site-packages/airflow/example_dags/example_external_task_marker_dag.py took 0.186 seconds
[2023-07-15 21:48:06,832] {processor.py:153} INFO - Started process (PID=8249) to work on /home/lucas/.local/lib/python3.10/site-packages/airflow/example_dags/example_external_task_marker_dag.py
[2023-07-15 21:48:06,836] {processor.py:641} INFO - Processing file /home/lucas/.local/lib/python3.10/site-packages/airflow/example_dags/example_external_task_marker_dag.py for tasks to queue
[2023-07-15 21:48:06,837] {logging_mixin.py:115} INFO - [2023-07-15 21:48:06,837] {dagbag.py:507} INFO - Filling up the DagBag from /home/lucas/.local/lib/python3.10/site-packages/airflow/example_dags/example_external_task_marker_dag.py
[2023-07-15 21:48:06,847] {processor.py:651} INFO - DAG(s) dict_keys(['example_external_task_marker_parent', 'example_external_task_marker_child']) retrieved from /home/lucas/.local/lib/python3.10/site-packages/airflow/example_dags/example_external_task_marker_dag.py
[2023-07-15 21:48:06,912] {logging_mixin.py:115} INFO - [2023-07-15 21:48:06,912] {dag.py:2379} INFO - Sync 2 DAGs
[2023-07-15 21:48:06,959] {logging_mixin.py:115} INFO - [2023-07-15 21:48:06,959] {dag.py:2927} INFO - Setting next_dagrun for example_external_task_marker_child to None, run_after=None
[2023-07-15 21:48:06,959] {logging_mixin.py:115} INFO - [2023-07-15 21:48:06,959] {dag.py:2927} INFO - Setting next_dagrun for example_external_task_marker_parent to None, run_after=None
[2023-07-15 21:48:06,990] {processor.py:161} INFO - Processing /home/lucas/.local/lib/python3.10/site-packages/airflow/example_dags/example_external_task_marker_dag.py took 0.165 seconds
[2023-07-15 21:48:47,670] {processor.py:153} INFO - Started process (PID=8354) to work on /home/lucas/.local/lib/python3.10/site-packages/airflow/example_dags/example_external_task_marker_dag.py
[2023-07-15 21:48:47,674] {processor.py:641} INFO - Processing file /home/lucas/.local/lib/python3.10/site-packages/airflow/example_dags/example_external_task_marker_dag.py for tasks to queue
[2023-07-15 21:48:47,675] {logging_mixin.py:115} INFO - [2023-07-15 21:48:47,675] {dagbag.py:507} INFO - Filling up the DagBag from /home/lucas/.local/lib/python3.10/site-packages/airflow/example_dags/example_external_task_marker_dag.py
[2023-07-15 21:48:47,684] {processor.py:651} INFO - DAG(s) dict_keys(['example_external_task_marker_parent', 'example_external_task_marker_child']) retrieved from /home/lucas/.local/lib/python3.10/site-packages/airflow/example_dags/example_external_task_marker_dag.py
[2023-07-15 21:48:47,744] {logging_mixin.py:115} INFO - [2023-07-15 21:48:47,744] {dag.py:2379} INFO - Sync 2 DAGs
[2023-07-15 21:48:47,785] {logging_mixin.py:115} INFO - [2023-07-15 21:48:47,785] {dag.py:2927} INFO - Setting next_dagrun for example_external_task_marker_child to None, run_after=None
[2023-07-15 21:48:47,786] {logging_mixin.py:115} INFO - [2023-07-15 21:48:47,786] {dag.py:2927} INFO - Setting next_dagrun for example_external_task_marker_parent to None, run_after=None
[2023-07-15 21:48:47,814] {processor.py:161} INFO - Processing /home/lucas/.local/lib/python3.10/site-packages/airflow/example_dags/example_external_task_marker_dag.py took 0.149 seconds
[2023-07-15 21:49:27,767] {processor.py:153} INFO - Started process (PID=8402) to work on /home/lucas/.local/lib/python3.10/site-packages/airflow/example_dags/example_external_task_marker_dag.py
[2023-07-15 21:49:27,771] {processor.py:641} INFO - Processing file /home/lucas/.local/lib/python3.10/site-packages/airflow/example_dags/example_external_task_marker_dag.py for tasks to queue
[2023-07-15 21:49:27,772] {logging_mixin.py:115} INFO - [2023-07-15 21:49:27,772] {dagbag.py:507} INFO - Filling up the DagBag from /home/lucas/.local/lib/python3.10/site-packages/airflow/example_dags/example_external_task_marker_dag.py
[2023-07-15 21:49:27,781] {processor.py:651} INFO - DAG(s) dict_keys(['example_external_task_marker_parent', 'example_external_task_marker_child']) retrieved from /home/lucas/.local/lib/python3.10/site-packages/airflow/example_dags/example_external_task_marker_dag.py
[2023-07-15 21:49:27,841] {logging_mixin.py:115} INFO - [2023-07-15 21:49:27,841] {dag.py:2379} INFO - Sync 2 DAGs
[2023-07-15 21:49:27,883] {logging_mixin.py:115} INFO - [2023-07-15 21:49:27,882] {dag.py:2927} INFO - Setting next_dagrun for example_external_task_marker_child to None, run_after=None
[2023-07-15 21:49:27,883] {logging_mixin.py:115} INFO - [2023-07-15 21:49:27,883] {dag.py:2927} INFO - Setting next_dagrun for example_external_task_marker_parent to None, run_after=None
[2023-07-15 21:49:27,910] {processor.py:161} INFO - Processing /home/lucas/.local/lib/python3.10/site-packages/airflow/example_dags/example_external_task_marker_dag.py took 0.148 seconds
[2023-07-15 21:50:06,375] {processor.py:153} INFO - Started process (PID=8474) to work on /home/lucas/.local/lib/python3.10/site-packages/airflow/example_dags/example_external_task_marker_dag.py
[2023-07-15 21:50:06,379] {processor.py:641} INFO - Processing file /home/lucas/.local/lib/python3.10/site-packages/airflow/example_dags/example_external_task_marker_dag.py for tasks to queue
[2023-07-15 21:50:06,380] {logging_mixin.py:115} INFO - [2023-07-15 21:50:06,380] {dagbag.py:507} INFO - Filling up the DagBag from /home/lucas/.local/lib/python3.10/site-packages/airflow/example_dags/example_external_task_marker_dag.py
[2023-07-15 21:50:06,388] {processor.py:651} INFO - DAG(s) dict_keys(['example_external_task_marker_parent', 'example_external_task_marker_child']) retrieved from /home/lucas/.local/lib/python3.10/site-packages/airflow/example_dags/example_external_task_marker_dag.py
[2023-07-15 21:50:06,452] {logging_mixin.py:115} INFO - [2023-07-15 21:50:06,451] {dag.py:2379} INFO - Sync 2 DAGs
[2023-07-15 21:50:06,498] {logging_mixin.py:115} INFO - [2023-07-15 21:50:06,498] {dag.py:2927} INFO - Setting next_dagrun for example_external_task_marker_child to None, run_after=None
[2023-07-15 21:50:06,499] {logging_mixin.py:115} INFO - [2023-07-15 21:50:06,499] {dag.py:2927} INFO - Setting next_dagrun for example_external_task_marker_parent to None, run_after=None
[2023-07-15 21:50:06,530] {processor.py:161} INFO - Processing /home/lucas/.local/lib/python3.10/site-packages/airflow/example_dags/example_external_task_marker_dag.py took 0.161 seconds
[2023-07-15 21:50:47,777] {processor.py:153} INFO - Started process (PID=8564) to work on /home/lucas/.local/lib/python3.10/site-packages/airflow/example_dags/example_external_task_marker_dag.py
[2023-07-15 21:50:47,778] {processor.py:641} INFO - Processing file /home/lucas/.local/lib/python3.10/site-packages/airflow/example_dags/example_external_task_marker_dag.py for tasks to queue
[2023-07-15 21:50:47,779] {logging_mixin.py:115} INFO - [2023-07-15 21:50:47,779] {dagbag.py:507} INFO - Filling up the DagBag from /home/lucas/.local/lib/python3.10/site-packages/airflow/example_dags/example_external_task_marker_dag.py
[2023-07-15 21:50:47,790] {processor.py:651} INFO - DAG(s) dict_keys(['example_external_task_marker_parent', 'example_external_task_marker_child']) retrieved from /home/lucas/.local/lib/python3.10/site-packages/airflow/example_dags/example_external_task_marker_dag.py
[2023-07-15 21:50:47,879] {logging_mixin.py:115} INFO - [2023-07-15 21:50:47,878] {dag.py:2379} INFO - Sync 2 DAGs
[2023-07-15 21:50:47,930] {logging_mixin.py:115} INFO - [2023-07-15 21:50:47,930] {dag.py:2927} INFO - Setting next_dagrun for example_external_task_marker_child to None, run_after=None
[2023-07-15 21:50:47,930] {logging_mixin.py:115} INFO - [2023-07-15 21:50:47,930] {dag.py:2927} INFO - Setting next_dagrun for example_external_task_marker_parent to None, run_after=None
[2023-07-15 21:50:47,961] {processor.py:161} INFO - Processing /home/lucas/.local/lib/python3.10/site-packages/airflow/example_dags/example_external_task_marker_dag.py took 0.189 seconds
[2023-07-15 21:51:23,312] {processor.py:153} INFO - Started process (PID=8626) to work on /home/lucas/.local/lib/python3.10/site-packages/airflow/example_dags/example_external_task_marker_dag.py
[2023-07-15 21:51:23,316] {processor.py:641} INFO - Processing file /home/lucas/.local/lib/python3.10/site-packages/airflow/example_dags/example_external_task_marker_dag.py for tasks to queue
[2023-07-15 21:51:23,317] {logging_mixin.py:115} INFO - [2023-07-15 21:51:23,317] {dagbag.py:507} INFO - Filling up the DagBag from /home/lucas/.local/lib/python3.10/site-packages/airflow/example_dags/example_external_task_marker_dag.py
[2023-07-15 21:51:23,325] {processor.py:651} INFO - DAG(s) dict_keys(['example_external_task_marker_parent', 'example_external_task_marker_child']) retrieved from /home/lucas/.local/lib/python3.10/site-packages/airflow/example_dags/example_external_task_marker_dag.py
[2023-07-15 21:51:23,383] {logging_mixin.py:115} INFO - [2023-07-15 21:51:23,383] {dag.py:2379} INFO - Sync 2 DAGs
[2023-07-15 21:51:23,422] {logging_mixin.py:115} INFO - [2023-07-15 21:51:23,422] {dag.py:2927} INFO - Setting next_dagrun for example_external_task_marker_child to None, run_after=None
[2023-07-15 21:51:23,423] {logging_mixin.py:115} INFO - [2023-07-15 21:51:23,422] {dag.py:2927} INFO - Setting next_dagrun for example_external_task_marker_parent to None, run_after=None
[2023-07-15 21:51:23,448] {processor.py:161} INFO - Processing /home/lucas/.local/lib/python3.10/site-packages/airflow/example_dags/example_external_task_marker_dag.py took 0.141 seconds
[2023-07-15 21:51:56,853] {processor.py:153} INFO - Started process (PID=9031) to work on /home/lucas/.local/lib/python3.10/site-packages/airflow/example_dags/example_external_task_marker_dag.py
[2023-07-15 21:51:56,854] {processor.py:641} INFO - Processing file /home/lucas/.local/lib/python3.10/site-packages/airflow/example_dags/example_external_task_marker_dag.py for tasks to queue
[2023-07-15 21:51:56,854] {logging_mixin.py:115} INFO - [2023-07-15 21:51:56,854] {dagbag.py:507} INFO - Filling up the DagBag from /home/lucas/.local/lib/python3.10/site-packages/airflow/example_dags/example_external_task_marker_dag.py
[2023-07-15 21:51:56,857] {processor.py:651} INFO - DAG(s) dict_keys(['example_external_task_marker_parent', 'example_external_task_marker_child']) retrieved from /home/lucas/.local/lib/python3.10/site-packages/airflow/example_dags/example_external_task_marker_dag.py
[2023-07-15 21:51:56,887] {logging_mixin.py:115} INFO - [2023-07-15 21:51:56,887] {dag.py:2379} INFO - Sync 2 DAGs
[2023-07-15 21:51:56,904] {logging_mixin.py:115} INFO - [2023-07-15 21:51:56,904] {dag.py:2927} INFO - Setting next_dagrun for example_external_task_marker_child to None, run_after=None
[2023-07-15 21:51:56,904] {logging_mixin.py:115} INFO - [2023-07-15 21:51:56,904] {dag.py:2927} INFO - Setting next_dagrun for example_external_task_marker_parent to None, run_after=None
[2023-07-15 21:51:56,919] {processor.py:161} INFO - Processing /home/lucas/.local/lib/python3.10/site-packages/airflow/example_dags/example_external_task_marker_dag.py took 0.068 seconds
[2023-07-15 21:52:34,905] {processor.py:153} INFO - Started process (PID=9114) to work on /home/lucas/.local/lib/python3.10/site-packages/airflow/example_dags/example_external_task_marker_dag.py
[2023-07-15 21:52:34,909] {processor.py:641} INFO - Processing file /home/lucas/.local/lib/python3.10/site-packages/airflow/example_dags/example_external_task_marker_dag.py for tasks to queue
[2023-07-15 21:52:34,910] {logging_mixin.py:115} INFO - [2023-07-15 21:52:34,910] {dagbag.py:507} INFO - Filling up the DagBag from /home/lucas/.local/lib/python3.10/site-packages/airflow/example_dags/example_external_task_marker_dag.py
[2023-07-15 21:52:34,919] {processor.py:651} INFO - DAG(s) dict_keys(['example_external_task_marker_parent', 'example_external_task_marker_child']) retrieved from /home/lucas/.local/lib/python3.10/site-packages/airflow/example_dags/example_external_task_marker_dag.py
[2023-07-15 21:52:34,979] {logging_mixin.py:115} INFO - [2023-07-15 21:52:34,979] {dag.py:2379} INFO - Sync 2 DAGs
[2023-07-15 21:52:35,019] {logging_mixin.py:115} INFO - [2023-07-15 21:52:35,019] {dag.py:2927} INFO - Setting next_dagrun for example_external_task_marker_child to None, run_after=None
[2023-07-15 21:52:35,019] {logging_mixin.py:115} INFO - [2023-07-15 21:52:35,019] {dag.py:2927} INFO - Setting next_dagrun for example_external_task_marker_parent to None, run_after=None
[2023-07-15 21:52:35,045] {processor.py:161} INFO - Processing /home/lucas/.local/lib/python3.10/site-packages/airflow/example_dags/example_external_task_marker_dag.py took 0.146 seconds
[2023-07-15 21:53:08,305] {processor.py:153} INFO - Started process (PID=9178) to work on /home/lucas/.local/lib/python3.10/site-packages/airflow/example_dags/example_external_task_marker_dag.py
[2023-07-15 21:53:08,307] {processor.py:641} INFO - Processing file /home/lucas/.local/lib/python3.10/site-packages/airflow/example_dags/example_external_task_marker_dag.py for tasks to queue
[2023-07-15 21:53:08,308] {logging_mixin.py:115} INFO - [2023-07-15 21:53:08,307] {dagbag.py:507} INFO - Filling up the DagBag from /home/lucas/.local/lib/python3.10/site-packages/airflow/example_dags/example_external_task_marker_dag.py
[2023-07-15 21:53:08,317] {processor.py:651} INFO - DAG(s) dict_keys(['example_external_task_marker_parent', 'example_external_task_marker_child']) retrieved from /home/lucas/.local/lib/python3.10/site-packages/airflow/example_dags/example_external_task_marker_dag.py
[2023-07-15 21:53:08,379] {logging_mixin.py:115} INFO - [2023-07-15 21:53:08,379] {dag.py:2379} INFO - Sync 2 DAGs
[2023-07-15 21:53:08,421] {logging_mixin.py:115} INFO - [2023-07-15 21:53:08,421] {dag.py:2927} INFO - Setting next_dagrun for example_external_task_marker_child to None, run_after=None
[2023-07-15 21:53:08,421] {logging_mixin.py:115} INFO - [2023-07-15 21:53:08,421] {dag.py:2927} INFO - Setting next_dagrun for example_external_task_marker_parent to None, run_after=None
[2023-07-15 21:53:08,447] {processor.py:161} INFO - Processing /home/lucas/.local/lib/python3.10/site-packages/airflow/example_dags/example_external_task_marker_dag.py took 0.148 seconds
[2023-07-15 21:53:45,542] {processor.py:153} INFO - Started process (PID=9348) to work on /home/lucas/.local/lib/python3.10/site-packages/airflow/example_dags/example_external_task_marker_dag.py
[2023-07-15 21:53:45,546] {processor.py:641} INFO - Processing file /home/lucas/.local/lib/python3.10/site-packages/airflow/example_dags/example_external_task_marker_dag.py for tasks to queue
[2023-07-15 21:53:45,547] {logging_mixin.py:115} INFO - [2023-07-15 21:53:45,547] {dagbag.py:507} INFO - Filling up the DagBag from /home/lucas/.local/lib/python3.10/site-packages/airflow/example_dags/example_external_task_marker_dag.py
[2023-07-15 21:53:45,557] {processor.py:651} INFO - DAG(s) dict_keys(['example_external_task_marker_parent', 'example_external_task_marker_child']) retrieved from /home/lucas/.local/lib/python3.10/site-packages/airflow/example_dags/example_external_task_marker_dag.py
[2023-07-15 21:53:45,625] {logging_mixin.py:115} INFO - [2023-07-15 21:53:45,625] {dag.py:2379} INFO - Sync 2 DAGs
[2023-07-15 21:53:45,666] {logging_mixin.py:115} INFO - [2023-07-15 21:53:45,666] {dag.py:2927} INFO - Setting next_dagrun for example_external_task_marker_child to None, run_after=None
[2023-07-15 21:53:45,667] {logging_mixin.py:115} INFO - [2023-07-15 21:53:45,667] {dag.py:2927} INFO - Setting next_dagrun for example_external_task_marker_parent to None, run_after=None
[2023-07-15 21:53:45,687] {processor.py:161} INFO - Processing /home/lucas/.local/lib/python3.10/site-packages/airflow/example_dags/example_external_task_marker_dag.py took 0.152 seconds
[2023-07-15 21:54:24,789] {processor.py:153} INFO - Started process (PID=9513) to work on /home/lucas/.local/lib/python3.10/site-packages/airflow/example_dags/example_external_task_marker_dag.py
[2023-07-15 21:54:24,793] {processor.py:641} INFO - Processing file /home/lucas/.local/lib/python3.10/site-packages/airflow/example_dags/example_external_task_marker_dag.py for tasks to queue
[2023-07-15 21:54:24,794] {logging_mixin.py:115} INFO - [2023-07-15 21:54:24,794] {dagbag.py:507} INFO - Filling up the DagBag from /home/lucas/.local/lib/python3.10/site-packages/airflow/example_dags/example_external_task_marker_dag.py
[2023-07-15 21:54:24,803] {processor.py:651} INFO - DAG(s) dict_keys(['example_external_task_marker_parent', 'example_external_task_marker_child']) retrieved from /home/lucas/.local/lib/python3.10/site-packages/airflow/example_dags/example_external_task_marker_dag.py
[2023-07-15 21:54:24,866] {logging_mixin.py:115} INFO - [2023-07-15 21:54:24,866] {dag.py:2379} INFO - Sync 2 DAGs
[2023-07-15 21:54:24,909] {logging_mixin.py:115} INFO - [2023-07-15 21:54:24,909] {dag.py:2927} INFO - Setting next_dagrun for example_external_task_marker_child to None, run_after=None
[2023-07-15 21:54:24,909] {logging_mixin.py:115} INFO - [2023-07-15 21:54:24,909] {dag.py:2927} INFO - Setting next_dagrun for example_external_task_marker_parent to None, run_after=None
[2023-07-15 21:54:24,936] {processor.py:161} INFO - Processing /home/lucas/.local/lib/python3.10/site-packages/airflow/example_dags/example_external_task_marker_dag.py took 0.152 seconds
[2023-07-15 21:55:00,180] {processor.py:153} INFO - Started process (PID=9637) to work on /home/lucas/.local/lib/python3.10/site-packages/airflow/example_dags/example_external_task_marker_dag.py
[2023-07-15 21:55:00,181] {processor.py:641} INFO - Processing file /home/lucas/.local/lib/python3.10/site-packages/airflow/example_dags/example_external_task_marker_dag.py for tasks to queue
[2023-07-15 21:55:00,182] {logging_mixin.py:115} INFO - [2023-07-15 21:55:00,182] {dagbag.py:507} INFO - Filling up the DagBag from /home/lucas/.local/lib/python3.10/site-packages/airflow/example_dags/example_external_task_marker_dag.py
[2023-07-15 21:55:00,191] {processor.py:651} INFO - DAG(s) dict_keys(['example_external_task_marker_parent', 'example_external_task_marker_child']) retrieved from /home/lucas/.local/lib/python3.10/site-packages/airflow/example_dags/example_external_task_marker_dag.py
[2023-07-15 21:55:00,251] {logging_mixin.py:115} INFO - [2023-07-15 21:55:00,251] {dag.py:2379} INFO - Sync 2 DAGs
[2023-07-15 21:55:00,291] {logging_mixin.py:115} INFO - [2023-07-15 21:55:00,291] {dag.py:2927} INFO - Setting next_dagrun for example_external_task_marker_child to None, run_after=None
[2023-07-15 21:55:00,292] {logging_mixin.py:115} INFO - [2023-07-15 21:55:00,292] {dag.py:2927} INFO - Setting next_dagrun for example_external_task_marker_parent to None, run_after=None
[2023-07-15 21:55:00,316] {processor.py:161} INFO - Processing /home/lucas/.local/lib/python3.10/site-packages/airflow/example_dags/example_external_task_marker_dag.py took 0.141 seconds
[2023-07-15 21:55:39,521] {processor.py:153} INFO - Started process (PID=9777) to work on /home/lucas/.local/lib/python3.10/site-packages/airflow/example_dags/example_external_task_marker_dag.py
[2023-07-15 21:55:39,523] {processor.py:641} INFO - Processing file /home/lucas/.local/lib/python3.10/site-packages/airflow/example_dags/example_external_task_marker_dag.py for tasks to queue
[2023-07-15 21:55:39,524] {logging_mixin.py:115} INFO - [2023-07-15 21:55:39,524] {dagbag.py:507} INFO - Filling up the DagBag from /home/lucas/.local/lib/python3.10/site-packages/airflow/example_dags/example_external_task_marker_dag.py
[2023-07-15 21:55:39,533] {processor.py:651} INFO - DAG(s) dict_keys(['example_external_task_marker_parent', 'example_external_task_marker_child']) retrieved from /home/lucas/.local/lib/python3.10/site-packages/airflow/example_dags/example_external_task_marker_dag.py
[2023-07-15 21:55:39,598] {logging_mixin.py:115} INFO - [2023-07-15 21:55:39,597] {dag.py:2379} INFO - Sync 2 DAGs
[2023-07-15 21:55:39,642] {logging_mixin.py:115} INFO - [2023-07-15 21:55:39,642] {dag.py:2927} INFO - Setting next_dagrun for example_external_task_marker_child to None, run_after=None
[2023-07-15 21:55:39,643] {logging_mixin.py:115} INFO - [2023-07-15 21:55:39,643] {dag.py:2927} INFO - Setting next_dagrun for example_external_task_marker_parent to None, run_after=None
[2023-07-15 21:55:39,672] {processor.py:161} INFO - Processing /home/lucas/.local/lib/python3.10/site-packages/airflow/example_dags/example_external_task_marker_dag.py took 0.157 seconds
[2023-07-15 21:56:17,282] {processor.py:153} INFO - Started process (PID=9848) to work on /home/lucas/.local/lib/python3.10/site-packages/airflow/example_dags/example_external_task_marker_dag.py
[2023-07-15 21:56:17,286] {processor.py:641} INFO - Processing file /home/lucas/.local/lib/python3.10/site-packages/airflow/example_dags/example_external_task_marker_dag.py for tasks to queue
[2023-07-15 21:56:17,287] {logging_mixin.py:115} INFO - [2023-07-15 21:56:17,287] {dagbag.py:507} INFO - Filling up the DagBag from /home/lucas/.local/lib/python3.10/site-packages/airflow/example_dags/example_external_task_marker_dag.py
[2023-07-15 21:56:17,295] {processor.py:651} INFO - DAG(s) dict_keys(['example_external_task_marker_parent', 'example_external_task_marker_child']) retrieved from /home/lucas/.local/lib/python3.10/site-packages/airflow/example_dags/example_external_task_marker_dag.py
[2023-07-15 21:56:17,354] {logging_mixin.py:115} INFO - [2023-07-15 21:56:17,354] {dag.py:2379} INFO - Sync 2 DAGs
[2023-07-15 21:56:17,394] {logging_mixin.py:115} INFO - [2023-07-15 21:56:17,394] {dag.py:2927} INFO - Setting next_dagrun for example_external_task_marker_child to None, run_after=None
[2023-07-15 21:56:17,395] {logging_mixin.py:115} INFO - [2023-07-15 21:56:17,395] {dag.py:2927} INFO - Setting next_dagrun for example_external_task_marker_parent to None, run_after=None
[2023-07-15 21:56:17,419] {processor.py:161} INFO - Processing /home/lucas/.local/lib/python3.10/site-packages/airflow/example_dags/example_external_task_marker_dag.py took 0.143 seconds
[2023-07-15 21:56:59,107] {processor.py:153} INFO - Started process (PID=9906) to work on /home/lucas/.local/lib/python3.10/site-packages/airflow/example_dags/example_external_task_marker_dag.py
[2023-07-15 21:56:59,111] {processor.py:641} INFO - Processing file /home/lucas/.local/lib/python3.10/site-packages/airflow/example_dags/example_external_task_marker_dag.py for tasks to queue
[2023-07-15 21:56:59,112] {logging_mixin.py:115} INFO - [2023-07-15 21:56:59,112] {dagbag.py:507} INFO - Filling up the DagBag from /home/lucas/.local/lib/python3.10/site-packages/airflow/example_dags/example_external_task_marker_dag.py
[2023-07-15 21:56:59,122] {processor.py:651} INFO - DAG(s) dict_keys(['example_external_task_marker_parent', 'example_external_task_marker_child']) retrieved from /home/lucas/.local/lib/python3.10/site-packages/airflow/example_dags/example_external_task_marker_dag.py
[2023-07-15 21:56:59,196] {logging_mixin.py:115} INFO - [2023-07-15 21:56:59,196] {dag.py:2379} INFO - Sync 2 DAGs
[2023-07-15 21:56:59,240] {logging_mixin.py:115} INFO - [2023-07-15 21:56:59,239] {dag.py:2927} INFO - Setting next_dagrun for example_external_task_marker_child to None, run_after=None
[2023-07-15 21:56:59,240] {logging_mixin.py:115} INFO - [2023-07-15 21:56:59,240] {dag.py:2927} INFO - Setting next_dagrun for example_external_task_marker_parent to None, run_after=None
[2023-07-15 21:56:59,270] {processor.py:161} INFO - Processing /home/lucas/.local/lib/python3.10/site-packages/airflow/example_dags/example_external_task_marker_dag.py took 0.169 seconds
[2023-07-15 21:57:34,421] {processor.py:153} INFO - Started process (PID=9995) to work on /home/lucas/.local/lib/python3.10/site-packages/airflow/example_dags/example_external_task_marker_dag.py
[2023-07-15 21:57:34,422] {processor.py:641} INFO - Processing file /home/lucas/.local/lib/python3.10/site-packages/airflow/example_dags/example_external_task_marker_dag.py for tasks to queue
[2023-07-15 21:57:34,422] {logging_mixin.py:115} INFO - [2023-07-15 21:57:34,422] {dagbag.py:507} INFO - Filling up the DagBag from /home/lucas/.local/lib/python3.10/site-packages/airflow/example_dags/example_external_task_marker_dag.py
[2023-07-15 21:57:34,431] {processor.py:651} INFO - DAG(s) dict_keys(['example_external_task_marker_parent', 'example_external_task_marker_child']) retrieved from /home/lucas/.local/lib/python3.10/site-packages/airflow/example_dags/example_external_task_marker_dag.py
[2023-07-15 21:57:34,492] {logging_mixin.py:115} INFO - [2023-07-15 21:57:34,492] {dag.py:2379} INFO - Sync 2 DAGs
[2023-07-15 21:57:34,534] {logging_mixin.py:115} INFO - [2023-07-15 21:57:34,534] {dag.py:2927} INFO - Setting next_dagrun for example_external_task_marker_child to None, run_after=None
[2023-07-15 21:57:34,534] {logging_mixin.py:115} INFO - [2023-07-15 21:57:34,534] {dag.py:2927} INFO - Setting next_dagrun for example_external_task_marker_parent to None, run_after=None
[2023-07-15 21:57:34,560] {processor.py:161} INFO - Processing /home/lucas/.local/lib/python3.10/site-packages/airflow/example_dags/example_external_task_marker_dag.py took 0.145 seconds
[2023-07-15 21:58:12,756] {processor.py:153} INFO - Started process (PID=10077) to work on /home/lucas/.local/lib/python3.10/site-packages/airflow/example_dags/example_external_task_marker_dag.py
[2023-07-15 21:58:12,760] {processor.py:641} INFO - Processing file /home/lucas/.local/lib/python3.10/site-packages/airflow/example_dags/example_external_task_marker_dag.py for tasks to queue
[2023-07-15 21:58:12,760] {logging_mixin.py:115} INFO - [2023-07-15 21:58:12,760] {dagbag.py:507} INFO - Filling up the DagBag from /home/lucas/.local/lib/python3.10/site-packages/airflow/example_dags/example_external_task_marker_dag.py
[2023-07-15 21:58:12,762] {processor.py:651} INFO - DAG(s) dict_keys(['example_external_task_marker_parent', 'example_external_task_marker_child']) retrieved from /home/lucas/.local/lib/python3.10/site-packages/airflow/example_dags/example_external_task_marker_dag.py
[2023-07-15 21:58:12,780] {logging_mixin.py:115} INFO - [2023-07-15 21:58:12,780] {dag.py:2379} INFO - Sync 2 DAGs
[2023-07-15 21:58:12,795] {logging_mixin.py:115} INFO - [2023-07-15 21:58:12,795] {dag.py:2927} INFO - Setting next_dagrun for example_external_task_marker_child to None, run_after=None
[2023-07-15 21:58:12,795] {logging_mixin.py:115} INFO - [2023-07-15 21:58:12,795] {dag.py:2927} INFO - Setting next_dagrun for example_external_task_marker_parent to None, run_after=None
[2023-07-15 21:58:12,806] {processor.py:161} INFO - Processing /home/lucas/.local/lib/python3.10/site-packages/airflow/example_dags/example_external_task_marker_dag.py took 0.051 seconds
[2023-07-15 21:58:49,489] {processor.py:153} INFO - Started process (PID=10181) to work on /home/lucas/.local/lib/python3.10/site-packages/airflow/example_dags/example_external_task_marker_dag.py
[2023-07-15 21:58:49,492] {processor.py:641} INFO - Processing file /home/lucas/.local/lib/python3.10/site-packages/airflow/example_dags/example_external_task_marker_dag.py for tasks to queue
[2023-07-15 21:58:49,493] {logging_mixin.py:115} INFO - [2023-07-15 21:58:49,493] {dagbag.py:507} INFO - Filling up the DagBag from /home/lucas/.local/lib/python3.10/site-packages/airflow/example_dags/example_external_task_marker_dag.py
[2023-07-15 21:58:49,502] {processor.py:651} INFO - DAG(s) dict_keys(['example_external_task_marker_parent', 'example_external_task_marker_child']) retrieved from /home/lucas/.local/lib/python3.10/site-packages/airflow/example_dags/example_external_task_marker_dag.py
[2023-07-15 21:58:49,560] {logging_mixin.py:115} INFO - [2023-07-15 21:58:49,559] {dag.py:2379} INFO - Sync 2 DAGs
[2023-07-15 21:58:49,601] {logging_mixin.py:115} INFO - [2023-07-15 21:58:49,601] {dag.py:2927} INFO - Setting next_dagrun for example_external_task_marker_child to None, run_after=None
[2023-07-15 21:58:49,601] {logging_mixin.py:115} INFO - [2023-07-15 21:58:49,601] {dag.py:2927} INFO - Setting next_dagrun for example_external_task_marker_parent to None, run_after=None
[2023-07-15 21:58:49,638] {processor.py:161} INFO - Processing /home/lucas/.local/lib/python3.10/site-packages/airflow/example_dags/example_external_task_marker_dag.py took 0.155 seconds
