[2023-07-15 21:43:55,788] {processor.py:153} INFO - Started process (PID=7137) to work on /home/lucas/.local/lib/python3.10/site-packages/airflow/example_dags/example_task_group_decorator.py
[2023-07-15 21:43:55,788] {processor.py:641} INFO - Processing file /home/lucas/.local/lib/python3.10/site-packages/airflow/example_dags/example_task_group_decorator.py for tasks to queue
[2023-07-15 21:43:55,788] {logging_mixin.py:115} INFO - [2023-07-15 21:43:55,788] {dagbag.py:507} INFO - Filling up the DagBag from /home/lucas/.local/lib/python3.10/site-packages/airflow/example_dags/example_task_group_decorator.py
[2023-07-15 21:43:55,805] {processor.py:651} INFO - DAG(s) dict_keys(['example_task_group_decorator']) retrieved from /home/lucas/.local/lib/python3.10/site-packages/airflow/example_dags/example_task_group_decorator.py
[2023-07-15 21:43:55,865] {logging_mixin.py:115} INFO - [2023-07-15 21:43:55,865] {manager.py:508} INFO - Created Permission View: can read on DAG:example_task_group_decorator
[2023-07-15 21:43:55,873] {logging_mixin.py:115} INFO - [2023-07-15 21:43:55,873] {manager.py:508} INFO - Created Permission View: can delete on DAG:example_task_group_decorator
[2023-07-15 21:43:55,880] {logging_mixin.py:115} INFO - [2023-07-15 21:43:55,880] {manager.py:508} INFO - Created Permission View: can edit on DAG:example_task_group_decorator
[2023-07-15 21:43:55,880] {logging_mixin.py:115} INFO - [2023-07-15 21:43:55,880] {dag.py:2379} INFO - Sync 1 DAGs
[2023-07-15 21:43:55,887] {logging_mixin.py:115} INFO - [2023-07-15 21:43:55,887] {dag.py:2398} INFO - Creating ORM DAG for example_task_group_decorator
[2023-07-15 21:43:55,895] {logging_mixin.py:115} INFO - [2023-07-15 21:43:55,895] {dag.py:2927} INFO - Setting next_dagrun for example_task_group_decorator to 2023-07-15T00:43:55.895337+00:00, run_after=2023-07-16T00:43:55.895337+00:00
[2023-07-15 21:43:55,907] {processor.py:161} INFO - Processing /home/lucas/.local/lib/python3.10/site-packages/airflow/example_dags/example_task_group_decorator.py took 0.122 seconds
[2023-07-15 21:44:37,023] {processor.py:153} INFO - Started process (PID=7899) to work on /home/lucas/.local/lib/python3.10/site-packages/airflow/example_dags/example_task_group_decorator.py
[2023-07-15 21:44:37,027] {processor.py:641} INFO - Processing file /home/lucas/.local/lib/python3.10/site-packages/airflow/example_dags/example_task_group_decorator.py for tasks to queue
[2023-07-15 21:44:37,028] {logging_mixin.py:115} INFO - [2023-07-15 21:44:37,028] {dagbag.py:507} INFO - Filling up the DagBag from /home/lucas/.local/lib/python3.10/site-packages/airflow/example_dags/example_task_group_decorator.py
[2023-07-15 21:44:37,102] {processor.py:651} INFO - DAG(s) dict_keys(['example_task_group_decorator']) retrieved from /home/lucas/.local/lib/python3.10/site-packages/airflow/example_dags/example_task_group_decorator.py
[2023-07-15 21:44:37,220] {logging_mixin.py:115} INFO - [2023-07-15 21:44:37,219] {dag.py:2379} INFO - Sync 1 DAGs
[2023-07-15 21:44:37,257] {logging_mixin.py:115} INFO - [2023-07-15 21:44:37,257] {dag.py:2927} INFO - Setting next_dagrun for example_task_group_decorator to 2023-07-15T00:44:37.256912+00:00, run_after=2023-07-16T00:44:37.256912+00:00
[2023-07-15 21:44:37,285] {processor.py:161} INFO - Processing /home/lucas/.local/lib/python3.10/site-packages/airflow/example_dags/example_task_group_decorator.py took 0.268 seconds
[2023-07-15 21:45:17,835] {processor.py:153} INFO - Started process (PID=8023) to work on /home/lucas/.local/lib/python3.10/site-packages/airflow/example_dags/example_task_group_decorator.py
[2023-07-15 21:45:17,838] {processor.py:641} INFO - Processing file /home/lucas/.local/lib/python3.10/site-packages/airflow/example_dags/example_task_group_decorator.py for tasks to queue
[2023-07-15 21:45:17,839] {logging_mixin.py:115} INFO - [2023-07-15 21:45:17,839] {dagbag.py:507} INFO - Filling up the DagBag from /home/lucas/.local/lib/python3.10/site-packages/airflow/example_dags/example_task_group_decorator.py
[2023-07-15 21:45:17,907] {processor.py:651} INFO - DAG(s) dict_keys(['example_task_group_decorator']) retrieved from /home/lucas/.local/lib/python3.10/site-packages/airflow/example_dags/example_task_group_decorator.py
[2023-07-15 21:45:18,030] {logging_mixin.py:115} INFO - [2023-07-15 21:45:18,030] {dag.py:2379} INFO - Sync 1 DAGs
[2023-07-15 21:45:18,071] {logging_mixin.py:115} INFO - [2023-07-15 21:45:18,071] {dag.py:2927} INFO - Setting next_dagrun for example_task_group_decorator to 2023-07-15T00:45:18.071069+00:00, run_after=2023-07-16T00:45:18.071069+00:00
[2023-07-15 21:45:18,100] {processor.py:161} INFO - Processing /home/lucas/.local/lib/python3.10/site-packages/airflow/example_dags/example_task_group_decorator.py took 0.271 seconds
[2023-07-15 21:45:56,245] {processor.py:153} INFO - Started process (PID=8068) to work on /home/lucas/.local/lib/python3.10/site-packages/airflow/example_dags/example_task_group_decorator.py
[2023-07-15 21:45:56,249] {processor.py:641} INFO - Processing file /home/lucas/.local/lib/python3.10/site-packages/airflow/example_dags/example_task_group_decorator.py for tasks to queue
[2023-07-15 21:45:56,250] {logging_mixin.py:115} INFO - [2023-07-15 21:45:56,250] {dagbag.py:507} INFO - Filling up the DagBag from /home/lucas/.local/lib/python3.10/site-packages/airflow/example_dags/example_task_group_decorator.py
[2023-07-15 21:45:56,315] {processor.py:651} INFO - DAG(s) dict_keys(['example_task_group_decorator']) retrieved from /home/lucas/.local/lib/python3.10/site-packages/airflow/example_dags/example_task_group_decorator.py
[2023-07-15 21:45:56,431] {logging_mixin.py:115} INFO - [2023-07-15 21:45:56,431] {dag.py:2379} INFO - Sync 1 DAGs
[2023-07-15 21:45:56,468] {logging_mixin.py:115} INFO - [2023-07-15 21:45:56,468] {dag.py:2927} INFO - Setting next_dagrun for example_task_group_decorator to 2023-07-15T00:45:56.467995+00:00, run_after=2023-07-16T00:45:56.467995+00:00
[2023-07-15 21:45:56,501] {processor.py:161} INFO - Processing /home/lucas/.local/lib/python3.10/site-packages/airflow/example_dags/example_task_group_decorator.py took 0.262 seconds
[2023-07-15 21:46:33,085] {processor.py:153} INFO - Started process (PID=8110) to work on /home/lucas/.local/lib/python3.10/site-packages/airflow/example_dags/example_task_group_decorator.py
[2023-07-15 21:46:33,088] {processor.py:641} INFO - Processing file /home/lucas/.local/lib/python3.10/site-packages/airflow/example_dags/example_task_group_decorator.py for tasks to queue
[2023-07-15 21:46:33,089] {logging_mixin.py:115} INFO - [2023-07-15 21:46:33,089] {dagbag.py:507} INFO - Filling up the DagBag from /home/lucas/.local/lib/python3.10/site-packages/airflow/example_dags/example_task_group_decorator.py
[2023-07-15 21:46:33,152] {processor.py:651} INFO - DAG(s) dict_keys(['example_task_group_decorator']) retrieved from /home/lucas/.local/lib/python3.10/site-packages/airflow/example_dags/example_task_group_decorator.py
[2023-07-15 21:46:33,190] {logging_mixin.py:115} INFO - [2023-07-15 21:46:33,190] {dag.py:2379} INFO - Sync 1 DAGs
[2023-07-15 21:46:33,229] {logging_mixin.py:115} INFO - [2023-07-15 21:46:33,229] {dag.py:2927} INFO - Setting next_dagrun for example_task_group_decorator to 2023-07-15T00:46:33.229078+00:00, run_after=2023-07-16T00:46:33.229078+00:00
[2023-07-15 21:46:33,260] {processor.py:161} INFO - Processing /home/lucas/.local/lib/python3.10/site-packages/airflow/example_dags/example_task_group_decorator.py took 0.181 seconds
[2023-07-15 21:47:09,247] {processor.py:153} INFO - Started process (PID=8160) to work on /home/lucas/.local/lib/python3.10/site-packages/airflow/example_dags/example_task_group_decorator.py
[2023-07-15 21:47:09,248] {processor.py:641} INFO - Processing file /home/lucas/.local/lib/python3.10/site-packages/airflow/example_dags/example_task_group_decorator.py for tasks to queue
[2023-07-15 21:47:09,249] {logging_mixin.py:115} INFO - [2023-07-15 21:47:09,249] {dagbag.py:507} INFO - Filling up the DagBag from /home/lucas/.local/lib/python3.10/site-packages/airflow/example_dags/example_task_group_decorator.py
[2023-07-15 21:47:09,313] {processor.py:651} INFO - DAG(s) dict_keys(['example_task_group_decorator']) retrieved from /home/lucas/.local/lib/python3.10/site-packages/airflow/example_dags/example_task_group_decorator.py
[2023-07-15 21:47:09,425] {logging_mixin.py:115} INFO - [2023-07-15 21:47:09,425] {dag.py:2379} INFO - Sync 1 DAGs
[2023-07-15 21:47:09,466] {logging_mixin.py:115} INFO - [2023-07-15 21:47:09,466] {dag.py:2927} INFO - Setting next_dagrun for example_task_group_decorator to 2023-07-15T00:47:09.465913+00:00, run_after=2023-07-16T00:47:09.465913+00:00
[2023-07-15 21:47:09,504] {processor.py:161} INFO - Processing /home/lucas/.local/lib/python3.10/site-packages/airflow/example_dags/example_task_group_decorator.py took 0.262 seconds
[2023-07-15 21:47:50,212] {processor.py:153} INFO - Started process (PID=8231) to work on /home/lucas/.local/lib/python3.10/site-packages/airflow/example_dags/example_task_group_decorator.py
[2023-07-15 21:47:50,216] {processor.py:641} INFO - Processing file /home/lucas/.local/lib/python3.10/site-packages/airflow/example_dags/example_task_group_decorator.py for tasks to queue
[2023-07-15 21:47:50,217] {logging_mixin.py:115} INFO - [2023-07-15 21:47:50,217] {dagbag.py:507} INFO - Filling up the DagBag from /home/lucas/.local/lib/python3.10/site-packages/airflow/example_dags/example_task_group_decorator.py
[2023-07-15 21:47:50,296] {processor.py:651} INFO - DAG(s) dict_keys(['example_task_group_decorator']) retrieved from /home/lucas/.local/lib/python3.10/site-packages/airflow/example_dags/example_task_group_decorator.py
[2023-07-15 21:47:50,435] {logging_mixin.py:115} INFO - [2023-07-15 21:47:50,435] {dag.py:2379} INFO - Sync 1 DAGs
[2023-07-15 21:47:50,457] {logging_mixin.py:115} INFO - [2023-07-15 21:47:50,457] {dag.py:2927} INFO - Setting next_dagrun for example_task_group_decorator to 2023-07-15T00:47:50.456776+00:00, run_after=2023-07-16T00:47:50.456776+00:00
[2023-07-15 21:47:50,471] {processor.py:161} INFO - Processing /home/lucas/.local/lib/python3.10/site-packages/airflow/example_dags/example_task_group_decorator.py took 0.264 seconds
[2023-07-15 21:48:28,316] {processor.py:153} INFO - Started process (PID=8281) to work on /home/lucas/.local/lib/python3.10/site-packages/airflow/example_dags/example_task_group_decorator.py
[2023-07-15 21:48:28,317] {processor.py:641} INFO - Processing file /home/lucas/.local/lib/python3.10/site-packages/airflow/example_dags/example_task_group_decorator.py for tasks to queue
[2023-07-15 21:48:28,318] {logging_mixin.py:115} INFO - [2023-07-15 21:48:28,318] {dagbag.py:507} INFO - Filling up the DagBag from /home/lucas/.local/lib/python3.10/site-packages/airflow/example_dags/example_task_group_decorator.py
[2023-07-15 21:48:28,396] {processor.py:651} INFO - DAG(s) dict_keys(['example_task_group_decorator']) retrieved from /home/lucas/.local/lib/python3.10/site-packages/airflow/example_dags/example_task_group_decorator.py
[2023-07-15 21:48:28,521] {logging_mixin.py:115} INFO - [2023-07-15 21:48:28,521] {dag.py:2379} INFO - Sync 1 DAGs
[2023-07-15 21:48:28,557] {logging_mixin.py:115} INFO - [2023-07-15 21:48:28,557] {dag.py:2927} INFO - Setting next_dagrun for example_task_group_decorator to 2023-07-15T00:48:28.557286+00:00, run_after=2023-07-16T00:48:28.557286+00:00
[2023-07-15 21:48:28,581] {processor.py:161} INFO - Processing /home/lucas/.local/lib/python3.10/site-packages/airflow/example_dags/example_task_group_decorator.py took 0.271 seconds
[2023-07-15 21:49:02,868] {processor.py:153} INFO - Started process (PID=8369) to work on /home/lucas/.local/lib/python3.10/site-packages/airflow/example_dags/example_task_group_decorator.py
[2023-07-15 21:49:02,869] {processor.py:641} INFO - Processing file /home/lucas/.local/lib/python3.10/site-packages/airflow/example_dags/example_task_group_decorator.py for tasks to queue
[2023-07-15 21:49:02,870] {logging_mixin.py:115} INFO - [2023-07-15 21:49:02,870] {dagbag.py:507} INFO - Filling up the DagBag from /home/lucas/.local/lib/python3.10/site-packages/airflow/example_dags/example_task_group_decorator.py
[2023-07-15 21:49:02,933] {processor.py:651} INFO - DAG(s) dict_keys(['example_task_group_decorator']) retrieved from /home/lucas/.local/lib/python3.10/site-packages/airflow/example_dags/example_task_group_decorator.py
[2023-07-15 21:49:03,067] {logging_mixin.py:115} INFO - [2023-07-15 21:49:03,067] {dag.py:2379} INFO - Sync 1 DAGs
[2023-07-15 21:49:03,109] {logging_mixin.py:115} INFO - [2023-07-15 21:49:03,109] {dag.py:2927} INFO - Setting next_dagrun for example_task_group_decorator to 2023-07-15T00:49:03.108740+00:00, run_after=2023-07-16T00:49:03.108740+00:00
[2023-07-15 21:49:03,137] {processor.py:161} INFO - Processing /home/lucas/.local/lib/python3.10/site-packages/airflow/example_dags/example_task_group_decorator.py took 0.274 seconds
[2023-07-15 21:49:43,513] {processor.py:153} INFO - Started process (PID=8432) to work on /home/lucas/.local/lib/python3.10/site-packages/airflow/example_dags/example_task_group_decorator.py
[2023-07-15 21:49:43,515] {processor.py:641} INFO - Processing file /home/lucas/.local/lib/python3.10/site-packages/airflow/example_dags/example_task_group_decorator.py for tasks to queue
[2023-07-15 21:49:43,516] {logging_mixin.py:115} INFO - [2023-07-15 21:49:43,515] {dagbag.py:507} INFO - Filling up the DagBag from /home/lucas/.local/lib/python3.10/site-packages/airflow/example_dags/example_task_group_decorator.py
[2023-07-15 21:49:43,579] {processor.py:651} INFO - DAG(s) dict_keys(['example_task_group_decorator']) retrieved from /home/lucas/.local/lib/python3.10/site-packages/airflow/example_dags/example_task_group_decorator.py
[2023-07-15 21:49:43,617] {logging_mixin.py:115} INFO - [2023-07-15 21:49:43,617] {dag.py:2379} INFO - Sync 1 DAGs
[2023-07-15 21:49:43,663] {logging_mixin.py:115} INFO - [2023-07-15 21:49:43,663] {dag.py:2927} INFO - Setting next_dagrun for example_task_group_decorator to 2023-07-15T00:49:43.663172+00:00, run_after=2023-07-16T00:49:43.663172+00:00
[2023-07-15 21:49:43,690] {processor.py:161} INFO - Processing /home/lucas/.local/lib/python3.10/site-packages/airflow/example_dags/example_task_group_decorator.py took 0.182 seconds
[2023-07-15 21:50:25,567] {processor.py:153} INFO - Started process (PID=8512) to work on /home/lucas/.local/lib/python3.10/site-packages/airflow/example_dags/example_task_group_decorator.py
[2023-07-15 21:50:25,569] {processor.py:641} INFO - Processing file /home/lucas/.local/lib/python3.10/site-packages/airflow/example_dags/example_task_group_decorator.py for tasks to queue
[2023-07-15 21:50:25,570] {logging_mixin.py:115} INFO - [2023-07-15 21:50:25,570] {dagbag.py:507} INFO - Filling up the DagBag from /home/lucas/.local/lib/python3.10/site-packages/airflow/example_dags/example_task_group_decorator.py
[2023-07-15 21:50:25,646] {processor.py:651} INFO - DAG(s) dict_keys(['example_task_group_decorator']) retrieved from /home/lucas/.local/lib/python3.10/site-packages/airflow/example_dags/example_task_group_decorator.py
[2023-07-15 21:50:25,791] {logging_mixin.py:115} INFO - [2023-07-15 21:50:25,791] {dag.py:2379} INFO - Sync 1 DAGs
[2023-07-15 21:50:25,811] {logging_mixin.py:115} INFO - [2023-07-15 21:50:25,810] {dag.py:2927} INFO - Setting next_dagrun for example_task_group_decorator to 2023-07-15T00:50:25.810739+00:00, run_after=2023-07-16T00:50:25.810739+00:00
[2023-07-15 21:50:25,823] {processor.py:161} INFO - Processing /home/lucas/.local/lib/python3.10/site-packages/airflow/example_dags/example_task_group_decorator.py took 0.263 seconds
[2023-07-15 21:51:04,052] {processor.py:153} INFO - Started process (PID=8607) to work on /home/lucas/.local/lib/python3.10/site-packages/airflow/example_dags/example_task_group_decorator.py
[2023-07-15 21:51:04,056] {processor.py:641} INFO - Processing file /home/lucas/.local/lib/python3.10/site-packages/airflow/example_dags/example_task_group_decorator.py for tasks to queue
[2023-07-15 21:51:04,056] {logging_mixin.py:115} INFO - [2023-07-15 21:51:04,056] {dagbag.py:507} INFO - Filling up the DagBag from /home/lucas/.local/lib/python3.10/site-packages/airflow/example_dags/example_task_group_decorator.py
[2023-07-15 21:51:04,120] {processor.py:651} INFO - DAG(s) dict_keys(['example_task_group_decorator']) retrieved from /home/lucas/.local/lib/python3.10/site-packages/airflow/example_dags/example_task_group_decorator.py
[2023-07-15 21:51:04,158] {logging_mixin.py:115} INFO - [2023-07-15 21:51:04,158] {dag.py:2379} INFO - Sync 1 DAGs
[2023-07-15 21:51:04,202] {logging_mixin.py:115} INFO - [2023-07-15 21:51:04,202] {dag.py:2927} INFO - Setting next_dagrun for example_task_group_decorator to 2023-07-15T00:51:04.202168+00:00, run_after=2023-07-16T00:51:04.202168+00:00
[2023-07-15 21:51:04,228] {processor.py:161} INFO - Processing /home/lucas/.local/lib/python3.10/site-packages/airflow/example_dags/example_task_group_decorator.py took 0.182 seconds
[2023-07-15 21:51:38,600] {processor.py:153} INFO - Started process (PID=8650) to work on /home/lucas/.local/lib/python3.10/site-packages/airflow/example_dags/example_task_group_decorator.py
[2023-07-15 21:51:38,604] {processor.py:641} INFO - Processing file /home/lucas/.local/lib/python3.10/site-packages/airflow/example_dags/example_task_group_decorator.py for tasks to queue
[2023-07-15 21:51:38,604] {logging_mixin.py:115} INFO - [2023-07-15 21:51:38,604] {dagbag.py:507} INFO - Filling up the DagBag from /home/lucas/.local/lib/python3.10/site-packages/airflow/example_dags/example_task_group_decorator.py
[2023-07-15 21:51:38,679] {processor.py:651} INFO - DAG(s) dict_keys(['example_task_group_decorator']) retrieved from /home/lucas/.local/lib/python3.10/site-packages/airflow/example_dags/example_task_group_decorator.py
[2023-07-15 21:51:38,791] {logging_mixin.py:115} INFO - [2023-07-15 21:51:38,791] {dag.py:2379} INFO - Sync 1 DAGs
[2023-07-15 21:51:38,827] {logging_mixin.py:115} INFO - [2023-07-15 21:51:38,827] {dag.py:2927} INFO - Setting next_dagrun for example_task_group_decorator to 2023-07-15T00:51:38.827139+00:00, run_after=2023-07-16T00:51:38.827139+00:00
[2023-07-15 21:51:38,861] {processor.py:161} INFO - Processing /home/lucas/.local/lib/python3.10/site-packages/airflow/example_dags/example_task_group_decorator.py took 0.266 seconds
[2023-07-15 21:52:13,752] {processor.py:153} INFO - Started process (PID=9090) to work on /home/lucas/.local/lib/python3.10/site-packages/airflow/example_dags/example_task_group_decorator.py
[2023-07-15 21:52:13,756] {processor.py:641} INFO - Processing file /home/lucas/.local/lib/python3.10/site-packages/airflow/example_dags/example_task_group_decorator.py for tasks to queue
[2023-07-15 21:52:13,756] {logging_mixin.py:115} INFO - [2023-07-15 21:52:13,756] {dagbag.py:507} INFO - Filling up the DagBag from /home/lucas/.local/lib/python3.10/site-packages/airflow/example_dags/example_task_group_decorator.py
[2023-07-15 21:52:13,819] {processor.py:651} INFO - DAG(s) dict_keys(['example_task_group_decorator']) retrieved from /home/lucas/.local/lib/python3.10/site-packages/airflow/example_dags/example_task_group_decorator.py
[2023-07-15 21:52:13,858] {logging_mixin.py:115} INFO - [2023-07-15 21:52:13,857] {dag.py:2379} INFO - Sync 1 DAGs
[2023-07-15 21:52:13,904] {logging_mixin.py:115} INFO - [2023-07-15 21:52:13,904] {dag.py:2927} INFO - Setting next_dagrun for example_task_group_decorator to 2023-07-15T00:52:13.903581+00:00, run_after=2023-07-16T00:52:13.903581+00:00
[2023-07-15 21:52:13,935] {processor.py:161} INFO - Processing /home/lucas/.local/lib/python3.10/site-packages/airflow/example_dags/example_task_group_decorator.py took 0.188 seconds
[2023-07-15 21:52:45,186] {processor.py:153} INFO - Started process (PID=9152) to work on /home/lucas/.local/lib/python3.10/site-packages/airflow/example_dags/example_task_group_decorator.py
[2023-07-15 21:52:45,187] {processor.py:641} INFO - Processing file /home/lucas/.local/lib/python3.10/site-packages/airflow/example_dags/example_task_group_decorator.py for tasks to queue
[2023-07-15 21:52:45,188] {logging_mixin.py:115} INFO - [2023-07-15 21:52:45,188] {dagbag.py:507} INFO - Filling up the DagBag from /home/lucas/.local/lib/python3.10/site-packages/airflow/example_dags/example_task_group_decorator.py
[2023-07-15 21:52:45,250] {processor.py:651} INFO - DAG(s) dict_keys(['example_task_group_decorator']) retrieved from /home/lucas/.local/lib/python3.10/site-packages/airflow/example_dags/example_task_group_decorator.py
[2023-07-15 21:52:45,365] {logging_mixin.py:115} INFO - [2023-07-15 21:52:45,365] {dag.py:2379} INFO - Sync 1 DAGs
[2023-07-15 21:52:45,401] {logging_mixin.py:115} INFO - [2023-07-15 21:52:45,401] {dag.py:2927} INFO - Setting next_dagrun for example_task_group_decorator to 2023-07-15T00:52:45.401004+00:00, run_after=2023-07-16T00:52:45.401004+00:00
[2023-07-15 21:52:45,434] {processor.py:161} INFO - Processing /home/lucas/.local/lib/python3.10/site-packages/airflow/example_dags/example_task_group_decorator.py took 0.253 seconds
[2023-07-15 21:53:18,497] {processor.py:153} INFO - Started process (PID=9234) to work on /home/lucas/.local/lib/python3.10/site-packages/airflow/example_dags/example_task_group_decorator.py
[2023-07-15 21:53:18,497] {processor.py:641} INFO - Processing file /home/lucas/.local/lib/python3.10/site-packages/airflow/example_dags/example_task_group_decorator.py for tasks to queue
[2023-07-15 21:53:18,498] {logging_mixin.py:115} INFO - [2023-07-15 21:53:18,498] {dagbag.py:507} INFO - Filling up the DagBag from /home/lucas/.local/lib/python3.10/site-packages/airflow/example_dags/example_task_group_decorator.py
[2023-07-15 21:53:18,583] {processor.py:651} INFO - DAG(s) dict_keys(['example_task_group_decorator']) retrieved from /home/lucas/.local/lib/python3.10/site-packages/airflow/example_dags/example_task_group_decorator.py
[2023-07-15 21:53:18,721] {logging_mixin.py:115} INFO - [2023-07-15 21:53:18,721] {dag.py:2379} INFO - Sync 1 DAGs
[2023-07-15 21:53:18,739] {logging_mixin.py:115} INFO - [2023-07-15 21:53:18,739] {dag.py:2927} INFO - Setting next_dagrun for example_task_group_decorator to 2023-07-15T00:53:18.739430+00:00, run_after=2023-07-16T00:53:18.739430+00:00
[2023-07-15 21:53:18,755] {processor.py:161} INFO - Processing /home/lucas/.local/lib/python3.10/site-packages/airflow/example_dags/example_task_group_decorator.py took 0.264 seconds
[2023-07-15 21:53:51,982] {processor.py:153} INFO - Started process (PID=9366) to work on /home/lucas/.local/lib/python3.10/site-packages/airflow/example_dags/example_task_group_decorator.py
[2023-07-15 21:53:51,984] {processor.py:641} INFO - Processing file /home/lucas/.local/lib/python3.10/site-packages/airflow/example_dags/example_task_group_decorator.py for tasks to queue
[2023-07-15 21:53:51,986] {logging_mixin.py:115} INFO - [2023-07-15 21:53:51,985] {dagbag.py:507} INFO - Filling up the DagBag from /home/lucas/.local/lib/python3.10/site-packages/airflow/example_dags/example_task_group_decorator.py
[2023-07-15 21:53:52,063] {processor.py:651} INFO - DAG(s) dict_keys(['example_task_group_decorator']) retrieved from /home/lucas/.local/lib/python3.10/site-packages/airflow/example_dags/example_task_group_decorator.py
[2023-07-15 21:53:52,211] {logging_mixin.py:115} INFO - [2023-07-15 21:53:52,210] {dag.py:2379} INFO - Sync 1 DAGs
[2023-07-15 21:53:52,245] {logging_mixin.py:115} INFO - [2023-07-15 21:53:52,245] {dag.py:2927} INFO - Setting next_dagrun for example_task_group_decorator to 2023-07-15T00:53:52.244784+00:00, run_after=2023-07-16T00:53:52.244784+00:00
[2023-07-15 21:53:52,274] {processor.py:161} INFO - Processing /home/lucas/.local/lib/python3.10/site-packages/airflow/example_dags/example_task_group_decorator.py took 0.299 seconds
[2023-07-15 21:54:31,329] {processor.py:153} INFO - Started process (PID=9530) to work on /home/lucas/.local/lib/python3.10/site-packages/airflow/example_dags/example_task_group_decorator.py
[2023-07-15 21:54:31,333] {processor.py:641} INFO - Processing file /home/lucas/.local/lib/python3.10/site-packages/airflow/example_dags/example_task_group_decorator.py for tasks to queue
[2023-07-15 21:54:31,334] {logging_mixin.py:115} INFO - [2023-07-15 21:54:31,334] {dagbag.py:507} INFO - Filling up the DagBag from /home/lucas/.local/lib/python3.10/site-packages/airflow/example_dags/example_task_group_decorator.py
[2023-07-15 21:54:31,397] {processor.py:651} INFO - DAG(s) dict_keys(['example_task_group_decorator']) retrieved from /home/lucas/.local/lib/python3.10/site-packages/airflow/example_dags/example_task_group_decorator.py
[2023-07-15 21:54:31,436] {logging_mixin.py:115} INFO - [2023-07-15 21:54:31,436] {dag.py:2379} INFO - Sync 1 DAGs
[2023-07-15 21:54:31,480] {logging_mixin.py:115} INFO - [2023-07-15 21:54:31,480] {dag.py:2927} INFO - Setting next_dagrun for example_task_group_decorator to 2023-07-15T00:54:31.479917+00:00, run_after=2023-07-16T00:54:31.479917+00:00
[2023-07-15 21:54:31,507] {processor.py:161} INFO - Processing /home/lucas/.local/lib/python3.10/site-packages/airflow/example_dags/example_task_group_decorator.py took 0.183 seconds
[2023-07-15 21:55:06,758] {processor.py:153} INFO - Started process (PID=9670) to work on /home/lucas/.local/lib/python3.10/site-packages/airflow/example_dags/example_task_group_decorator.py
[2023-07-15 21:55:06,759] {processor.py:641} INFO - Processing file /home/lucas/.local/lib/python3.10/site-packages/airflow/example_dags/example_task_group_decorator.py for tasks to queue
[2023-07-15 21:55:06,761] {logging_mixin.py:115} INFO - [2023-07-15 21:55:06,760] {dagbag.py:507} INFO - Filling up the DagBag from /home/lucas/.local/lib/python3.10/site-packages/airflow/example_dags/example_task_group_decorator.py
[2023-07-15 21:55:06,827] {processor.py:651} INFO - DAG(s) dict_keys(['example_task_group_decorator']) retrieved from /home/lucas/.local/lib/python3.10/site-packages/airflow/example_dags/example_task_group_decorator.py
[2023-07-15 21:55:06,867] {logging_mixin.py:115} INFO - [2023-07-15 21:55:06,866] {dag.py:2379} INFO - Sync 1 DAGs
[2023-07-15 21:55:06,912] {logging_mixin.py:115} INFO - [2023-07-15 21:55:06,912] {dag.py:2927} INFO - Setting next_dagrun for example_task_group_decorator to 2023-07-15T00:55:06.911951+00:00, run_after=2023-07-16T00:55:06.911951+00:00
[2023-07-15 21:55:06,937] {processor.py:161} INFO - Processing /home/lucas/.local/lib/python3.10/site-packages/airflow/example_dags/example_task_group_decorator.py took 0.186 seconds
[2023-07-15 21:55:40,789] {processor.py:153} INFO - Started process (PID=9787) to work on /home/lucas/.local/lib/python3.10/site-packages/airflow/example_dags/example_task_group_decorator.py
[2023-07-15 21:55:40,790] {processor.py:641} INFO - Processing file /home/lucas/.local/lib/python3.10/site-packages/airflow/example_dags/example_task_group_decorator.py for tasks to queue
[2023-07-15 21:55:40,791] {logging_mixin.py:115} INFO - [2023-07-15 21:55:40,791] {dagbag.py:507} INFO - Filling up the DagBag from /home/lucas/.local/lib/python3.10/site-packages/airflow/example_dags/example_task_group_decorator.py
[2023-07-15 21:55:40,874] {processor.py:651} INFO - DAG(s) dict_keys(['example_task_group_decorator']) retrieved from /home/lucas/.local/lib/python3.10/site-packages/airflow/example_dags/example_task_group_decorator.py
[2023-07-15 21:55:40,923] {logging_mixin.py:115} INFO - [2023-07-15 21:55:40,923] {dag.py:2379} INFO - Sync 1 DAGs
[2023-07-15 21:55:40,972] {logging_mixin.py:115} INFO - [2023-07-15 21:55:40,972] {dag.py:2927} INFO - Setting next_dagrun for example_task_group_decorator to 2023-07-15T00:55:40.972197+00:00, run_after=2023-07-16T00:55:40.972197+00:00
[2023-07-15 21:55:40,998] {processor.py:161} INFO - Processing /home/lucas/.local/lib/python3.10/site-packages/airflow/example_dags/example_task_group_decorator.py took 0.214 seconds
[2023-07-15 21:56:20,348] {processor.py:153} INFO - Started process (PID=9851) to work on /home/lucas/.local/lib/python3.10/site-packages/airflow/example_dags/example_task_group_decorator.py
[2023-07-15 21:56:20,349] {processor.py:641} INFO - Processing file /home/lucas/.local/lib/python3.10/site-packages/airflow/example_dags/example_task_group_decorator.py for tasks to queue
[2023-07-15 21:56:20,350] {logging_mixin.py:115} INFO - [2023-07-15 21:56:20,350] {dagbag.py:507} INFO - Filling up the DagBag from /home/lucas/.local/lib/python3.10/site-packages/airflow/example_dags/example_task_group_decorator.py
[2023-07-15 21:56:20,418] {processor.py:651} INFO - DAG(s) dict_keys(['example_task_group_decorator']) retrieved from /home/lucas/.local/lib/python3.10/site-packages/airflow/example_dags/example_task_group_decorator.py
[2023-07-15 21:56:20,460] {logging_mixin.py:115} INFO - [2023-07-15 21:56:20,459] {dag.py:2379} INFO - Sync 1 DAGs
[2023-07-15 21:56:20,508] {logging_mixin.py:115} INFO - [2023-07-15 21:56:20,507] {dag.py:2927} INFO - Setting next_dagrun for example_task_group_decorator to 2023-07-15T00:56:20.507187+00:00, run_after=2023-07-16T00:56:20.507187+00:00
[2023-07-15 21:56:20,534] {processor.py:161} INFO - Processing /home/lucas/.local/lib/python3.10/site-packages/airflow/example_dags/example_task_group_decorator.py took 0.192 seconds
[2023-07-15 21:56:56,576] {processor.py:153} INFO - Started process (PID=9904) to work on /home/lucas/.local/lib/python3.10/site-packages/airflow/example_dags/example_task_group_decorator.py
[2023-07-15 21:56:56,580] {processor.py:641} INFO - Processing file /home/lucas/.local/lib/python3.10/site-packages/airflow/example_dags/example_task_group_decorator.py for tasks to queue
[2023-07-15 21:56:56,581] {logging_mixin.py:115} INFO - [2023-07-15 21:56:56,581] {dagbag.py:507} INFO - Filling up the DagBag from /home/lucas/.local/lib/python3.10/site-packages/airflow/example_dags/example_task_group_decorator.py
[2023-07-15 21:56:56,644] {processor.py:651} INFO - DAG(s) dict_keys(['example_task_group_decorator']) retrieved from /home/lucas/.local/lib/python3.10/site-packages/airflow/example_dags/example_task_group_decorator.py
[2023-07-15 21:56:56,683] {logging_mixin.py:115} INFO - [2023-07-15 21:56:56,683] {dag.py:2379} INFO - Sync 1 DAGs
[2023-07-15 21:56:56,727] {logging_mixin.py:115} INFO - [2023-07-15 21:56:56,727] {dag.py:2927} INFO - Setting next_dagrun for example_task_group_decorator to 2023-07-15T00:56:56.726894+00:00, run_after=2023-07-16T00:56:56.726894+00:00
[2023-07-15 21:56:56,753] {processor.py:161} INFO - Processing /home/lucas/.local/lib/python3.10/site-packages/airflow/example_dags/example_task_group_decorator.py took 0.182 seconds
[2023-07-15 21:57:31,291] {processor.py:153} INFO - Started process (PID=9992) to work on /home/lucas/.local/lib/python3.10/site-packages/airflow/example_dags/example_task_group_decorator.py
[2023-07-15 21:57:31,294] {processor.py:641} INFO - Processing file /home/lucas/.local/lib/python3.10/site-packages/airflow/example_dags/example_task_group_decorator.py for tasks to queue
[2023-07-15 21:57:31,295] {logging_mixin.py:115} INFO - [2023-07-15 21:57:31,295] {dagbag.py:507} INFO - Filling up the DagBag from /home/lucas/.local/lib/python3.10/site-packages/airflow/example_dags/example_task_group_decorator.py
[2023-07-15 21:57:31,387] {processor.py:651} INFO - DAG(s) dict_keys(['example_task_group_decorator']) retrieved from /home/lucas/.local/lib/python3.10/site-packages/airflow/example_dags/example_task_group_decorator.py
[2023-07-15 21:57:31,432] {logging_mixin.py:115} INFO - [2023-07-15 21:57:31,432] {dag.py:2379} INFO - Sync 1 DAGs
[2023-07-15 21:57:31,481] {logging_mixin.py:115} INFO - [2023-07-15 21:57:31,481] {dag.py:2927} INFO - Setting next_dagrun for example_task_group_decorator to 2023-07-15T00:57:31.480882+00:00, run_after=2023-07-16T00:57:31.480882+00:00
[2023-07-15 21:57:31,511] {processor.py:161} INFO - Processing /home/lucas/.local/lib/python3.10/site-packages/airflow/example_dags/example_task_group_decorator.py took 0.226 seconds
[2023-07-15 21:58:07,490] {processor.py:153} INFO - Started process (PID=10064) to work on /home/lucas/.local/lib/python3.10/site-packages/airflow/example_dags/example_task_group_decorator.py
[2023-07-15 21:58:07,492] {processor.py:641} INFO - Processing file /home/lucas/.local/lib/python3.10/site-packages/airflow/example_dags/example_task_group_decorator.py for tasks to queue
[2023-07-15 21:58:07,493] {logging_mixin.py:115} INFO - [2023-07-15 21:58:07,492] {dagbag.py:507} INFO - Filling up the DagBag from /home/lucas/.local/lib/python3.10/site-packages/airflow/example_dags/example_task_group_decorator.py
[2023-07-15 21:58:07,560] {processor.py:651} INFO - DAG(s) dict_keys(['example_task_group_decorator']) retrieved from /home/lucas/.local/lib/python3.10/site-packages/airflow/example_dags/example_task_group_decorator.py
[2023-07-15 21:58:07,600] {logging_mixin.py:115} INFO - [2023-07-15 21:58:07,600] {dag.py:2379} INFO - Sync 1 DAGs
[2023-07-15 21:58:07,648] {logging_mixin.py:115} INFO - [2023-07-15 21:58:07,647] {dag.py:2927} INFO - Setting next_dagrun for example_task_group_decorator to 2023-07-15T00:58:07.647232+00:00, run_after=2023-07-16T00:58:07.647232+00:00
[2023-07-15 21:58:07,672] {processor.py:161} INFO - Processing /home/lucas/.local/lib/python3.10/site-packages/airflow/example_dags/example_task_group_decorator.py took 0.187 seconds
[2023-07-15 21:58:41,657] {processor.py:153} INFO - Started process (PID=10121) to work on /home/lucas/.local/lib/python3.10/site-packages/airflow/example_dags/example_task_group_decorator.py
[2023-07-15 21:58:41,661] {processor.py:641} INFO - Processing file /home/lucas/.local/lib/python3.10/site-packages/airflow/example_dags/example_task_group_decorator.py for tasks to queue
[2023-07-15 21:58:41,662] {logging_mixin.py:115} INFO - [2023-07-15 21:58:41,662] {dagbag.py:507} INFO - Filling up the DagBag from /home/lucas/.local/lib/python3.10/site-packages/airflow/example_dags/example_task_group_decorator.py
[2023-07-15 21:58:41,727] {processor.py:651} INFO - DAG(s) dict_keys(['example_task_group_decorator']) retrieved from /home/lucas/.local/lib/python3.10/site-packages/airflow/example_dags/example_task_group_decorator.py
[2023-07-15 21:58:41,767] {logging_mixin.py:115} INFO - [2023-07-15 21:58:41,766] {dag.py:2379} INFO - Sync 1 DAGs
[2023-07-15 21:58:41,813] {logging_mixin.py:115} INFO - [2023-07-15 21:58:41,813] {dag.py:2927} INFO - Setting next_dagrun for example_task_group_decorator to 2023-07-15T00:58:41.812793+00:00, run_after=2023-07-16T00:58:41.812793+00:00
[2023-07-15 21:58:41,841] {processor.py:161} INFO - Processing /home/lucas/.local/lib/python3.10/site-packages/airflow/example_dags/example_task_group_decorator.py took 0.191 seconds
