[2023-07-15 21:44:13,955] {processor.py:153} INFO - Started process (PID=7653) to work on /home/lucas/.local/lib/python3.10/site-packages/airflow/example_dags/example_local_kubernetes_executor.py
[2023-07-15 21:44:13,956] {processor.py:641} INFO - Processing file /home/lucas/.local/lib/python3.10/site-packages/airflow/example_dags/example_local_kubernetes_executor.py for tasks to queue
[2023-07-15 21:44:13,957] {logging_mixin.py:115} INFO - [2023-07-15 21:44:13,957] {dagbag.py:507} INFO - Filling up the DagBag from /home/lucas/.local/lib/python3.10/site-packages/airflow/example_dags/example_local_kubernetes_executor.py
[2023-07-15 21:44:13,994] {logging_mixin.py:115} INFO - [2023-07-15 21:44:13,993] {example_local_kubernetes_executor.py:37} WARNING - Could not import DAGs in example_local_kubernetes_executor.py
Traceback (most recent call last):
  File "/home/lucas/.local/lib/python3.10/site-packages/airflow/example_dags/example_local_kubernetes_executor.py", line 35, in <module>
    from kubernetes.client import models as k8s
ModuleNotFoundError: No module named 'kubernetes'
[2023-07-15 21:44:13,995] {logging_mixin.py:115} INFO - [2023-07-15 21:44:13,994] {example_local_kubernetes_executor.py:38} WARNING - Install Kubernetes dependencies with: pip install apache-airflow[cncf.kubernetes]
[2023-07-15 21:44:13,995] {processor.py:653} WARNING - No viable dags retrieved from /home/lucas/.local/lib/python3.10/site-packages/airflow/example_dags/example_local_kubernetes_executor.py
[2023-07-15 21:44:14,019] {processor.py:161} INFO - Processing /home/lucas/.local/lib/python3.10/site-packages/airflow/example_dags/example_local_kubernetes_executor.py took 0.069 seconds
[2023-07-15 21:44:54,894] {processor.py:153} INFO - Started process (PID=7964) to work on /home/lucas/.local/lib/python3.10/site-packages/airflow/example_dags/example_local_kubernetes_executor.py
[2023-07-15 21:44:54,896] {processor.py:641} INFO - Processing file /home/lucas/.local/lib/python3.10/site-packages/airflow/example_dags/example_local_kubernetes_executor.py for tasks to queue
[2023-07-15 21:44:54,897] {logging_mixin.py:115} INFO - [2023-07-15 21:44:54,897] {dagbag.py:507} INFO - Filling up the DagBag from /home/lucas/.local/lib/python3.10/site-packages/airflow/example_dags/example_local_kubernetes_executor.py
[2023-07-15 21:44:54,930] {logging_mixin.py:115} INFO - [2023-07-15 21:44:54,930] {example_local_kubernetes_executor.py:37} WARNING - Could not import DAGs in example_local_kubernetes_executor.py
Traceback (most recent call last):
  File "/home/lucas/.local/lib/python3.10/site-packages/airflow/example_dags/example_local_kubernetes_executor.py", line 35, in <module>
    from kubernetes.client import models as k8s
ModuleNotFoundError: No module named 'kubernetes'
[2023-07-15 21:44:54,931] {logging_mixin.py:115} INFO - [2023-07-15 21:44:54,931] {example_local_kubernetes_executor.py:38} WARNING - Install Kubernetes dependencies with: pip install apache-airflow[cncf.kubernetes]
[2023-07-15 21:44:54,931] {processor.py:653} WARNING - No viable dags retrieved from /home/lucas/.local/lib/python3.10/site-packages/airflow/example_dags/example_local_kubernetes_executor.py
[2023-07-15 21:44:54,951] {processor.py:161} INFO - Processing /home/lucas/.local/lib/python3.10/site-packages/airflow/example_dags/example_local_kubernetes_executor.py took 0.062 seconds
[2023-07-15 21:45:39,691] {processor.py:153} INFO - Started process (PID=8053) to work on /home/lucas/.local/lib/python3.10/site-packages/airflow/example_dags/example_local_kubernetes_executor.py
[2023-07-15 21:45:39,695] {processor.py:641} INFO - Processing file /home/lucas/.local/lib/python3.10/site-packages/airflow/example_dags/example_local_kubernetes_executor.py for tasks to queue
[2023-07-15 21:45:39,696] {logging_mixin.py:115} INFO - [2023-07-15 21:45:39,696] {dagbag.py:507} INFO - Filling up the DagBag from /home/lucas/.local/lib/python3.10/site-packages/airflow/example_dags/example_local_kubernetes_executor.py
[2023-07-15 21:45:39,729] {logging_mixin.py:115} INFO - [2023-07-15 21:45:39,728] {example_local_kubernetes_executor.py:37} WARNING - Could not import DAGs in example_local_kubernetes_executor.py
Traceback (most recent call last):
  File "/home/lucas/.local/lib/python3.10/site-packages/airflow/example_dags/example_local_kubernetes_executor.py", line 35, in <module>
    from kubernetes.client import models as k8s
ModuleNotFoundError: No module named 'kubernetes'
[2023-07-15 21:45:39,729] {logging_mixin.py:115} INFO - [2023-07-15 21:45:39,729] {example_local_kubernetes_executor.py:38} WARNING - Install Kubernetes dependencies with: pip install apache-airflow[cncf.kubernetes]
[2023-07-15 21:45:39,730] {processor.py:653} WARNING - No viable dags retrieved from /home/lucas/.local/lib/python3.10/site-packages/airflow/example_dags/example_local_kubernetes_executor.py
[2023-07-15 21:45:39,750] {processor.py:161} INFO - Processing /home/lucas/.local/lib/python3.10/site-packages/airflow/example_dags/example_local_kubernetes_executor.py took 0.064 seconds
[2023-07-15 21:46:16,875] {processor.py:153} INFO - Started process (PID=8095) to work on /home/lucas/.local/lib/python3.10/site-packages/airflow/example_dags/example_local_kubernetes_executor.py
[2023-07-15 21:46:16,878] {processor.py:641} INFO - Processing file /home/lucas/.local/lib/python3.10/site-packages/airflow/example_dags/example_local_kubernetes_executor.py for tasks to queue
[2023-07-15 21:46:16,879] {logging_mixin.py:115} INFO - [2023-07-15 21:46:16,879] {dagbag.py:507} INFO - Filling up the DagBag from /home/lucas/.local/lib/python3.10/site-packages/airflow/example_dags/example_local_kubernetes_executor.py
[2023-07-15 21:46:16,913] {logging_mixin.py:115} INFO - [2023-07-15 21:46:16,912] {example_local_kubernetes_executor.py:37} WARNING - Could not import DAGs in example_local_kubernetes_executor.py
Traceback (most recent call last):
  File "/home/lucas/.local/lib/python3.10/site-packages/airflow/example_dags/example_local_kubernetes_executor.py", line 35, in <module>
    from kubernetes.client import models as k8s
ModuleNotFoundError: No module named 'kubernetes'
[2023-07-15 21:46:16,914] {logging_mixin.py:115} INFO - [2023-07-15 21:46:16,914] {example_local_kubernetes_executor.py:38} WARNING - Install Kubernetes dependencies with: pip install apache-airflow[cncf.kubernetes]
[2023-07-15 21:46:16,914] {processor.py:653} WARNING - No viable dags retrieved from /home/lucas/.local/lib/python3.10/site-packages/airflow/example_dags/example_local_kubernetes_executor.py
[2023-07-15 21:46:16,934] {processor.py:161} INFO - Processing /home/lucas/.local/lib/python3.10/site-packages/airflow/example_dags/example_local_kubernetes_executor.py took 0.065 seconds
[2023-07-15 21:46:55,303] {processor.py:153} INFO - Started process (PID=8147) to work on /home/lucas/.local/lib/python3.10/site-packages/airflow/example_dags/example_local_kubernetes_executor.py
[2023-07-15 21:46:55,307] {processor.py:641} INFO - Processing file /home/lucas/.local/lib/python3.10/site-packages/airflow/example_dags/example_local_kubernetes_executor.py for tasks to queue
[2023-07-15 21:46:55,308] {logging_mixin.py:115} INFO - [2023-07-15 21:46:55,308] {dagbag.py:507} INFO - Filling up the DagBag from /home/lucas/.local/lib/python3.10/site-packages/airflow/example_dags/example_local_kubernetes_executor.py
[2023-07-15 21:46:55,347] {logging_mixin.py:115} INFO - [2023-07-15 21:46:55,346] {example_local_kubernetes_executor.py:37} WARNING - Could not import DAGs in example_local_kubernetes_executor.py
Traceback (most recent call last):
  File "/home/lucas/.local/lib/python3.10/site-packages/airflow/example_dags/example_local_kubernetes_executor.py", line 35, in <module>
    from kubernetes.client import models as k8s
ModuleNotFoundError: No module named 'kubernetes'
[2023-07-15 21:46:55,348] {logging_mixin.py:115} INFO - [2023-07-15 21:46:55,347] {example_local_kubernetes_executor.py:38} WARNING - Install Kubernetes dependencies with: pip install apache-airflow[cncf.kubernetes]
[2023-07-15 21:46:55,348] {processor.py:653} WARNING - No viable dags retrieved from /home/lucas/.local/lib/python3.10/site-packages/airflow/example_dags/example_local_kubernetes_executor.py
[2023-07-15 21:46:55,371] {processor.py:161} INFO - Processing /home/lucas/.local/lib/python3.10/site-packages/airflow/example_dags/example_local_kubernetes_executor.py took 0.074 seconds
[2023-07-15 21:47:33,751] {processor.py:153} INFO - Started process (PID=8204) to work on /home/lucas/.local/lib/python3.10/site-packages/airflow/example_dags/example_local_kubernetes_executor.py
[2023-07-15 21:47:33,754] {processor.py:641} INFO - Processing file /home/lucas/.local/lib/python3.10/site-packages/airflow/example_dags/example_local_kubernetes_executor.py for tasks to queue
[2023-07-15 21:47:33,755] {logging_mixin.py:115} INFO - [2023-07-15 21:47:33,755] {dagbag.py:507} INFO - Filling up the DagBag from /home/lucas/.local/lib/python3.10/site-packages/airflow/example_dags/example_local_kubernetes_executor.py
[2023-07-15 21:47:33,793] {logging_mixin.py:115} INFO - [2023-07-15 21:47:33,792] {example_local_kubernetes_executor.py:37} WARNING - Could not import DAGs in example_local_kubernetes_executor.py
Traceback (most recent call last):
  File "/home/lucas/.local/lib/python3.10/site-packages/airflow/example_dags/example_local_kubernetes_executor.py", line 35, in <module>
    from kubernetes.client import models as k8s
ModuleNotFoundError: No module named 'kubernetes'
[2023-07-15 21:47:33,793] {logging_mixin.py:115} INFO - [2023-07-15 21:47:33,793] {example_local_kubernetes_executor.py:38} WARNING - Install Kubernetes dependencies with: pip install apache-airflow[cncf.kubernetes]
[2023-07-15 21:47:33,794] {processor.py:653} WARNING - No viable dags retrieved from /home/lucas/.local/lib/python3.10/site-packages/airflow/example_dags/example_local_kubernetes_executor.py
[2023-07-15 21:47:33,824] {processor.py:161} INFO - Processing /home/lucas/.local/lib/python3.10/site-packages/airflow/example_dags/example_local_kubernetes_executor.py took 0.081 seconds
[2023-07-15 21:48:19,605] {processor.py:153} INFO - Started process (PID=8273) to work on /home/lucas/.local/lib/python3.10/site-packages/airflow/example_dags/example_local_kubernetes_executor.py
[2023-07-15 21:48:19,607] {processor.py:641} INFO - Processing file /home/lucas/.local/lib/python3.10/site-packages/airflow/example_dags/example_local_kubernetes_executor.py for tasks to queue
[2023-07-15 21:48:19,608] {logging_mixin.py:115} INFO - [2023-07-15 21:48:19,608] {dagbag.py:507} INFO - Filling up the DagBag from /home/lucas/.local/lib/python3.10/site-packages/airflow/example_dags/example_local_kubernetes_executor.py
[2023-07-15 21:48:19,648] {logging_mixin.py:115} INFO - [2023-07-15 21:48:19,647] {example_local_kubernetes_executor.py:37} WARNING - Could not import DAGs in example_local_kubernetes_executor.py
Traceback (most recent call last):
  File "/home/lucas/.local/lib/python3.10/site-packages/airflow/example_dags/example_local_kubernetes_executor.py", line 35, in <module>
    from kubernetes.client import models as k8s
ModuleNotFoundError: No module named 'kubernetes'
[2023-07-15 21:48:19,648] {logging_mixin.py:115} INFO - [2023-07-15 21:48:19,648] {example_local_kubernetes_executor.py:38} WARNING - Install Kubernetes dependencies with: pip install apache-airflow[cncf.kubernetes]
[2023-07-15 21:48:19,649] {processor.py:653} WARNING - No viable dags retrieved from /home/lucas/.local/lib/python3.10/site-packages/airflow/example_dags/example_local_kubernetes_executor.py
[2023-07-15 21:48:19,672] {processor.py:161} INFO - Processing /home/lucas/.local/lib/python3.10/site-packages/airflow/example_dags/example_local_kubernetes_executor.py took 0.073 seconds
[2023-07-15 21:48:55,114] {processor.py:153} INFO - Started process (PID=8361) to work on /home/lucas/.local/lib/python3.10/site-packages/airflow/example_dags/example_local_kubernetes_executor.py
[2023-07-15 21:48:55,115] {processor.py:641} INFO - Processing file /home/lucas/.local/lib/python3.10/site-packages/airflow/example_dags/example_local_kubernetes_executor.py for tasks to queue
[2023-07-15 21:48:55,116] {logging_mixin.py:115} INFO - [2023-07-15 21:48:55,116] {dagbag.py:507} INFO - Filling up the DagBag from /home/lucas/.local/lib/python3.10/site-packages/airflow/example_dags/example_local_kubernetes_executor.py
[2023-07-15 21:48:55,150] {logging_mixin.py:115} INFO - [2023-07-15 21:48:55,149] {example_local_kubernetes_executor.py:37} WARNING - Could not import DAGs in example_local_kubernetes_executor.py
Traceback (most recent call last):
  File "/home/lucas/.local/lib/python3.10/site-packages/airflow/example_dags/example_local_kubernetes_executor.py", line 35, in <module>
    from kubernetes.client import models as k8s
ModuleNotFoundError: No module named 'kubernetes'
[2023-07-15 21:48:55,150] {logging_mixin.py:115} INFO - [2023-07-15 21:48:55,150] {example_local_kubernetes_executor.py:38} WARNING - Install Kubernetes dependencies with: pip install apache-airflow[cncf.kubernetes]
[2023-07-15 21:48:55,151] {processor.py:653} WARNING - No viable dags retrieved from /home/lucas/.local/lib/python3.10/site-packages/airflow/example_dags/example_local_kubernetes_executor.py
[2023-07-15 21:48:55,172] {processor.py:161} INFO - Processing /home/lucas/.local/lib/python3.10/site-packages/airflow/example_dags/example_local_kubernetes_executor.py took 0.063 seconds
[2023-07-15 21:49:36,010] {processor.py:153} INFO - Started process (PID=8412) to work on /home/lucas/.local/lib/python3.10/site-packages/airflow/example_dags/example_local_kubernetes_executor.py
[2023-07-15 21:49:36,013] {processor.py:641} INFO - Processing file /home/lucas/.local/lib/python3.10/site-packages/airflow/example_dags/example_local_kubernetes_executor.py for tasks to queue
[2023-07-15 21:49:36,014] {logging_mixin.py:115} INFO - [2023-07-15 21:49:36,014] {dagbag.py:507} INFO - Filling up the DagBag from /home/lucas/.local/lib/python3.10/site-packages/airflow/example_dags/example_local_kubernetes_executor.py
[2023-07-15 21:49:36,051] {logging_mixin.py:115} INFO - [2023-07-15 21:49:36,050] {example_local_kubernetes_executor.py:37} WARNING - Could not import DAGs in example_local_kubernetes_executor.py
Traceback (most recent call last):
  File "/home/lucas/.local/lib/python3.10/site-packages/airflow/example_dags/example_local_kubernetes_executor.py", line 35, in <module>
    from kubernetes.client import models as k8s
ModuleNotFoundError: No module named 'kubernetes'
[2023-07-15 21:49:36,052] {logging_mixin.py:115} INFO - [2023-07-15 21:49:36,052] {example_local_kubernetes_executor.py:38} WARNING - Install Kubernetes dependencies with: pip install apache-airflow[cncf.kubernetes]
[2023-07-15 21:49:36,052] {processor.py:653} WARNING - No viable dags retrieved from /home/lucas/.local/lib/python3.10/site-packages/airflow/example_dags/example_local_kubernetes_executor.py
[2023-07-15 21:49:36,073] {processor.py:161} INFO - Processing /home/lucas/.local/lib/python3.10/site-packages/airflow/example_dags/example_local_kubernetes_executor.py took 0.069 seconds
[2023-07-15 21:50:16,653] {processor.py:153} INFO - Started process (PID=8491) to work on /home/lucas/.local/lib/python3.10/site-packages/airflow/example_dags/example_local_kubernetes_executor.py
[2023-07-15 21:50:16,654] {processor.py:641} INFO - Processing file /home/lucas/.local/lib/python3.10/site-packages/airflow/example_dags/example_local_kubernetes_executor.py for tasks to queue
[2023-07-15 21:50:16,655] {logging_mixin.py:115} INFO - [2023-07-15 21:50:16,655] {dagbag.py:507} INFO - Filling up the DagBag from /home/lucas/.local/lib/python3.10/site-packages/airflow/example_dags/example_local_kubernetes_executor.py
[2023-07-15 21:50:16,688] {logging_mixin.py:115} INFO - [2023-07-15 21:50:16,687] {example_local_kubernetes_executor.py:37} WARNING - Could not import DAGs in example_local_kubernetes_executor.py
Traceback (most recent call last):
  File "/home/lucas/.local/lib/python3.10/site-packages/airflow/example_dags/example_local_kubernetes_executor.py", line 35, in <module>
    from kubernetes.client import models as k8s
ModuleNotFoundError: No module named 'kubernetes'
[2023-07-15 21:50:16,688] {logging_mixin.py:115} INFO - [2023-07-15 21:50:16,688] {example_local_kubernetes_executor.py:38} WARNING - Install Kubernetes dependencies with: pip install apache-airflow[cncf.kubernetes]
[2023-07-15 21:50:16,688] {processor.py:653} WARNING - No viable dags retrieved from /home/lucas/.local/lib/python3.10/site-packages/airflow/example_dags/example_local_kubernetes_executor.py
[2023-07-15 21:50:16,708] {processor.py:161} INFO - Processing /home/lucas/.local/lib/python3.10/site-packages/airflow/example_dags/example_local_kubernetes_executor.py took 0.061 seconds
[2023-07-15 21:50:56,897] {processor.py:153} INFO - Started process (PID=8596) to work on /home/lucas/.local/lib/python3.10/site-packages/airflow/example_dags/example_local_kubernetes_executor.py
[2023-07-15 21:50:56,898] {processor.py:641} INFO - Processing file /home/lucas/.local/lib/python3.10/site-packages/airflow/example_dags/example_local_kubernetes_executor.py for tasks to queue
[2023-07-15 21:50:56,900] {logging_mixin.py:115} INFO - [2023-07-15 21:50:56,899] {dagbag.py:507} INFO - Filling up the DagBag from /home/lucas/.local/lib/python3.10/site-packages/airflow/example_dags/example_local_kubernetes_executor.py
[2023-07-15 21:50:56,955] {logging_mixin.py:115} INFO - [2023-07-15 21:50:56,954] {example_local_kubernetes_executor.py:37} WARNING - Could not import DAGs in example_local_kubernetes_executor.py
Traceback (most recent call last):
  File "/home/lucas/.local/lib/python3.10/site-packages/airflow/example_dags/example_local_kubernetes_executor.py", line 35, in <module>
    from kubernetes.client import models as k8s
ModuleNotFoundError: No module named 'kubernetes'
[2023-07-15 21:50:56,955] {logging_mixin.py:115} INFO - [2023-07-15 21:50:56,955] {example_local_kubernetes_executor.py:38} WARNING - Install Kubernetes dependencies with: pip install apache-airflow[cncf.kubernetes]
[2023-07-15 21:50:56,956] {processor.py:653} WARNING - No viable dags retrieved from /home/lucas/.local/lib/python3.10/site-packages/airflow/example_dags/example_local_kubernetes_executor.py
[2023-07-15 21:50:56,989] {processor.py:161} INFO - Processing /home/lucas/.local/lib/python3.10/site-packages/airflow/example_dags/example_local_kubernetes_executor.py took 0.100 seconds
[2023-07-15 21:51:32,055] {processor.py:153} INFO - Started process (PID=8643) to work on /home/lucas/.local/lib/python3.10/site-packages/airflow/example_dags/example_local_kubernetes_executor.py
[2023-07-15 21:51:32,058] {processor.py:641} INFO - Processing file /home/lucas/.local/lib/python3.10/site-packages/airflow/example_dags/example_local_kubernetes_executor.py for tasks to queue
[2023-07-15 21:51:32,059] {logging_mixin.py:115} INFO - [2023-07-15 21:51:32,059] {dagbag.py:507} INFO - Filling up the DagBag from /home/lucas/.local/lib/python3.10/site-packages/airflow/example_dags/example_local_kubernetes_executor.py
[2023-07-15 21:51:32,093] {logging_mixin.py:115} INFO - [2023-07-15 21:51:32,092] {example_local_kubernetes_executor.py:37} WARNING - Could not import DAGs in example_local_kubernetes_executor.py
Traceback (most recent call last):
  File "/home/lucas/.local/lib/python3.10/site-packages/airflow/example_dags/example_local_kubernetes_executor.py", line 35, in <module>
    from kubernetes.client import models as k8s
ModuleNotFoundError: No module named 'kubernetes'
[2023-07-15 21:51:32,093] {logging_mixin.py:115} INFO - [2023-07-15 21:51:32,093] {example_local_kubernetes_executor.py:38} WARNING - Install Kubernetes dependencies with: pip install apache-airflow[cncf.kubernetes]
[2023-07-15 21:51:32,093] {processor.py:653} WARNING - No viable dags retrieved from /home/lucas/.local/lib/python3.10/site-packages/airflow/example_dags/example_local_kubernetes_executor.py
[2023-07-15 21:51:32,114] {processor.py:161} INFO - Processing /home/lucas/.local/lib/python3.10/site-packages/airflow/example_dags/example_local_kubernetes_executor.py took 0.065 seconds
[2023-07-15 21:52:09,732] {processor.py:153} INFO - Started process (PID=9078) to work on /home/lucas/.local/lib/python3.10/site-packages/airflow/example_dags/example_local_kubernetes_executor.py
[2023-07-15 21:52:09,736] {processor.py:641} INFO - Processing file /home/lucas/.local/lib/python3.10/site-packages/airflow/example_dags/example_local_kubernetes_executor.py for tasks to queue
[2023-07-15 21:52:09,737] {logging_mixin.py:115} INFO - [2023-07-15 21:52:09,737] {dagbag.py:507} INFO - Filling up the DagBag from /home/lucas/.local/lib/python3.10/site-packages/airflow/example_dags/example_local_kubernetes_executor.py
[2023-07-15 21:52:09,772] {logging_mixin.py:115} INFO - [2023-07-15 21:52:09,771] {example_local_kubernetes_executor.py:37} WARNING - Could not import DAGs in example_local_kubernetes_executor.py
Traceback (most recent call last):
  File "/home/lucas/.local/lib/python3.10/site-packages/airflow/example_dags/example_local_kubernetes_executor.py", line 35, in <module>
    from kubernetes.client import models as k8s
ModuleNotFoundError: No module named 'kubernetes'
[2023-07-15 21:52:09,772] {logging_mixin.py:115} INFO - [2023-07-15 21:52:09,772] {example_local_kubernetes_executor.py:38} WARNING - Install Kubernetes dependencies with: pip install apache-airflow[cncf.kubernetes]
[2023-07-15 21:52:09,773] {processor.py:653} WARNING - No viable dags retrieved from /home/lucas/.local/lib/python3.10/site-packages/airflow/example_dags/example_local_kubernetes_executor.py
[2023-07-15 21:52:09,793] {processor.py:161} INFO - Processing /home/lucas/.local/lib/python3.10/site-packages/airflow/example_dags/example_local_kubernetes_executor.py took 0.066 seconds
[2023-07-15 21:52:47,825] {processor.py:153} INFO - Started process (PID=9154) to work on /home/lucas/.local/lib/python3.10/site-packages/airflow/example_dags/example_local_kubernetes_executor.py
[2023-07-15 21:52:47,829] {processor.py:641} INFO - Processing file /home/lucas/.local/lib/python3.10/site-packages/airflow/example_dags/example_local_kubernetes_executor.py for tasks to queue
[2023-07-15 21:52:47,830] {logging_mixin.py:115} INFO - [2023-07-15 21:52:47,830] {dagbag.py:507} INFO - Filling up the DagBag from /home/lucas/.local/lib/python3.10/site-packages/airflow/example_dags/example_local_kubernetes_executor.py
[2023-07-15 21:52:47,864] {logging_mixin.py:115} INFO - [2023-07-15 21:52:47,864] {example_local_kubernetes_executor.py:37} WARNING - Could not import DAGs in example_local_kubernetes_executor.py
Traceback (most recent call last):
  File "/home/lucas/.local/lib/python3.10/site-packages/airflow/example_dags/example_local_kubernetes_executor.py", line 35, in <module>
    from kubernetes.client import models as k8s
ModuleNotFoundError: No module named 'kubernetes'
[2023-07-15 21:52:47,865] {logging_mixin.py:115} INFO - [2023-07-15 21:52:47,865] {example_local_kubernetes_executor.py:38} WARNING - Install Kubernetes dependencies with: pip install apache-airflow[cncf.kubernetes]
[2023-07-15 21:52:47,865] {processor.py:653} WARNING - No viable dags retrieved from /home/lucas/.local/lib/python3.10/site-packages/airflow/example_dags/example_local_kubernetes_executor.py
[2023-07-15 21:52:47,884] {processor.py:161} INFO - Processing /home/lucas/.local/lib/python3.10/site-packages/airflow/example_dags/example_local_kubernetes_executor.py took 0.065 seconds
[2023-07-15 21:53:24,738] {processor.py:153} INFO - Started process (PID=9260) to work on /home/lucas/.local/lib/python3.10/site-packages/airflow/example_dags/example_local_kubernetes_executor.py
[2023-07-15 21:53:24,742] {processor.py:641} INFO - Processing file /home/lucas/.local/lib/python3.10/site-packages/airflow/example_dags/example_local_kubernetes_executor.py for tasks to queue
[2023-07-15 21:53:24,743] {logging_mixin.py:115} INFO - [2023-07-15 21:53:24,742] {dagbag.py:507} INFO - Filling up the DagBag from /home/lucas/.local/lib/python3.10/site-packages/airflow/example_dags/example_local_kubernetes_executor.py
[2023-07-15 21:53:24,778] {logging_mixin.py:115} INFO - [2023-07-15 21:53:24,777] {example_local_kubernetes_executor.py:37} WARNING - Could not import DAGs in example_local_kubernetes_executor.py
Traceback (most recent call last):
  File "/home/lucas/.local/lib/python3.10/site-packages/airflow/example_dags/example_local_kubernetes_executor.py", line 35, in <module>
    from kubernetes.client import models as k8s
ModuleNotFoundError: No module named 'kubernetes'
[2023-07-15 21:53:24,778] {logging_mixin.py:115} INFO - [2023-07-15 21:53:24,778] {example_local_kubernetes_executor.py:38} WARNING - Install Kubernetes dependencies with: pip install apache-airflow[cncf.kubernetes]
[2023-07-15 21:53:24,779] {processor.py:653} WARNING - No viable dags retrieved from /home/lucas/.local/lib/python3.10/site-packages/airflow/example_dags/example_local_kubernetes_executor.py
[2023-07-15 21:53:24,803] {processor.py:161} INFO - Processing /home/lucas/.local/lib/python3.10/site-packages/airflow/example_dags/example_local_kubernetes_executor.py took 0.070 seconds
[2023-07-15 21:54:03,846] {processor.py:153} INFO - Started process (PID=9378) to work on /home/lucas/.local/lib/python3.10/site-packages/airflow/example_dags/example_local_kubernetes_executor.py
[2023-07-15 21:54:03,849] {processor.py:641} INFO - Processing file /home/lucas/.local/lib/python3.10/site-packages/airflow/example_dags/example_local_kubernetes_executor.py for tasks to queue
[2023-07-15 21:54:03,850] {logging_mixin.py:115} INFO - [2023-07-15 21:54:03,850] {dagbag.py:507} INFO - Filling up the DagBag from /home/lucas/.local/lib/python3.10/site-packages/airflow/example_dags/example_local_kubernetes_executor.py
[2023-07-15 21:54:03,886] {logging_mixin.py:115} INFO - [2023-07-15 21:54:03,884] {example_local_kubernetes_executor.py:37} WARNING - Could not import DAGs in example_local_kubernetes_executor.py
Traceback (most recent call last):
  File "/home/lucas/.local/lib/python3.10/site-packages/airflow/example_dags/example_local_kubernetes_executor.py", line 35, in <module>
    from kubernetes.client import models as k8s
ModuleNotFoundError: No module named 'kubernetes'
[2023-07-15 21:54:03,886] {logging_mixin.py:115} INFO - [2023-07-15 21:54:03,886] {example_local_kubernetes_executor.py:38} WARNING - Install Kubernetes dependencies with: pip install apache-airflow[cncf.kubernetes]
[2023-07-15 21:54:03,886] {processor.py:653} WARNING - No viable dags retrieved from /home/lucas/.local/lib/python3.10/site-packages/airflow/example_dags/example_local_kubernetes_executor.py
[2023-07-15 21:54:03,909] {processor.py:161} INFO - Processing /home/lucas/.local/lib/python3.10/site-packages/airflow/example_dags/example_local_kubernetes_executor.py took 0.069 seconds
[2023-07-15 21:54:44,222] {processor.py:153} INFO - Started process (PID=9598) to work on /home/lucas/.local/lib/python3.10/site-packages/airflow/example_dags/example_local_kubernetes_executor.py
[2023-07-15 21:54:44,224] {processor.py:641} INFO - Processing file /home/lucas/.local/lib/python3.10/site-packages/airflow/example_dags/example_local_kubernetes_executor.py for tasks to queue
[2023-07-15 21:54:44,225] {logging_mixin.py:115} INFO - [2023-07-15 21:54:44,225] {dagbag.py:507} INFO - Filling up the DagBag from /home/lucas/.local/lib/python3.10/site-packages/airflow/example_dags/example_local_kubernetes_executor.py
[2023-07-15 21:54:44,268] {logging_mixin.py:115} INFO - [2023-07-15 21:54:44,268] {example_local_kubernetes_executor.py:37} WARNING - Could not import DAGs in example_local_kubernetes_executor.py
Traceback (most recent call last):
  File "/home/lucas/.local/lib/python3.10/site-packages/airflow/example_dags/example_local_kubernetes_executor.py", line 35, in <module>
    from kubernetes.client import models as k8s
ModuleNotFoundError: No module named 'kubernetes'
[2023-07-15 21:54:44,269] {logging_mixin.py:115} INFO - [2023-07-15 21:54:44,269] {example_local_kubernetes_executor.py:38} WARNING - Install Kubernetes dependencies with: pip install apache-airflow[cncf.kubernetes]
[2023-07-15 21:54:44,269] {processor.py:653} WARNING - No viable dags retrieved from /home/lucas/.local/lib/python3.10/site-packages/airflow/example_dags/example_local_kubernetes_executor.py
[2023-07-15 21:54:44,293] {processor.py:161} INFO - Processing /home/lucas/.local/lib/python3.10/site-packages/airflow/example_dags/example_local_kubernetes_executor.py took 0.078 seconds
[2023-07-15 21:55:22,722] {processor.py:153} INFO - Started process (PID=9755) to work on /home/lucas/.local/lib/python3.10/site-packages/airflow/example_dags/example_local_kubernetes_executor.py
[2023-07-15 21:55:22,726] {processor.py:641} INFO - Processing file /home/lucas/.local/lib/python3.10/site-packages/airflow/example_dags/example_local_kubernetes_executor.py for tasks to queue
[2023-07-15 21:55:22,727] {logging_mixin.py:115} INFO - [2023-07-15 21:55:22,727] {dagbag.py:507} INFO - Filling up the DagBag from /home/lucas/.local/lib/python3.10/site-packages/airflow/example_dags/example_local_kubernetes_executor.py
[2023-07-15 21:55:22,759] {logging_mixin.py:115} INFO - [2023-07-15 21:55:22,758] {example_local_kubernetes_executor.py:37} WARNING - Could not import DAGs in example_local_kubernetes_executor.py
Traceback (most recent call last):
  File "/home/lucas/.local/lib/python3.10/site-packages/airflow/example_dags/example_local_kubernetes_executor.py", line 35, in <module>
    from kubernetes.client import models as k8s
ModuleNotFoundError: No module named 'kubernetes'
[2023-07-15 21:55:22,760] {logging_mixin.py:115} INFO - [2023-07-15 21:55:22,759] {example_local_kubernetes_executor.py:38} WARNING - Install Kubernetes dependencies with: pip install apache-airflow[cncf.kubernetes]
[2023-07-15 21:55:22,760] {processor.py:653} WARNING - No viable dags retrieved from /home/lucas/.local/lib/python3.10/site-packages/airflow/example_dags/example_local_kubernetes_executor.py
[2023-07-15 21:55:22,779] {processor.py:161} INFO - Processing /home/lucas/.local/lib/python3.10/site-packages/airflow/example_dags/example_local_kubernetes_executor.py took 0.062 seconds
[2023-07-15 21:56:00,001] {processor.py:153} INFO - Started process (PID=9816) to work on /home/lucas/.local/lib/python3.10/site-packages/airflow/example_dags/example_local_kubernetes_executor.py
[2023-07-15 21:56:00,005] {processor.py:641} INFO - Processing file /home/lucas/.local/lib/python3.10/site-packages/airflow/example_dags/example_local_kubernetes_executor.py for tasks to queue
[2023-07-15 21:56:00,006] {logging_mixin.py:115} INFO - [2023-07-15 21:56:00,006] {dagbag.py:507} INFO - Filling up the DagBag from /home/lucas/.local/lib/python3.10/site-packages/airflow/example_dags/example_local_kubernetes_executor.py
[2023-07-15 21:56:00,041] {logging_mixin.py:115} INFO - [2023-07-15 21:56:00,040] {example_local_kubernetes_executor.py:37} WARNING - Could not import DAGs in example_local_kubernetes_executor.py
Traceback (most recent call last):
  File "/home/lucas/.local/lib/python3.10/site-packages/airflow/example_dags/example_local_kubernetes_executor.py", line 35, in <module>
    from kubernetes.client import models as k8s
ModuleNotFoundError: No module named 'kubernetes'
[2023-07-15 21:56:00,042] {logging_mixin.py:115} INFO - [2023-07-15 21:56:00,041] {example_local_kubernetes_executor.py:38} WARNING - Install Kubernetes dependencies with: pip install apache-airflow[cncf.kubernetes]
[2023-07-15 21:56:00,042] {processor.py:653} WARNING - No viable dags retrieved from /home/lucas/.local/lib/python3.10/site-packages/airflow/example_dags/example_local_kubernetes_executor.py
[2023-07-15 21:56:00,063] {processor.py:161} INFO - Processing /home/lucas/.local/lib/python3.10/site-packages/airflow/example_dags/example_local_kubernetes_executor.py took 0.067 seconds
[2023-07-15 21:56:41,920] {processor.py:153} INFO - Started process (PID=9885) to work on /home/lucas/.local/lib/python3.10/site-packages/airflow/example_dags/example_local_kubernetes_executor.py
[2023-07-15 21:56:41,921] {processor.py:641} INFO - Processing file /home/lucas/.local/lib/python3.10/site-packages/airflow/example_dags/example_local_kubernetes_executor.py for tasks to queue
[2023-07-15 21:56:41,922] {logging_mixin.py:115} INFO - [2023-07-15 21:56:41,922] {dagbag.py:507} INFO - Filling up the DagBag from /home/lucas/.local/lib/python3.10/site-packages/airflow/example_dags/example_local_kubernetes_executor.py
[2023-07-15 21:56:41,960] {logging_mixin.py:115} INFO - [2023-07-15 21:56:41,959] {example_local_kubernetes_executor.py:37} WARNING - Could not import DAGs in example_local_kubernetes_executor.py
Traceback (most recent call last):
  File "/home/lucas/.local/lib/python3.10/site-packages/airflow/example_dags/example_local_kubernetes_executor.py", line 35, in <module>
    from kubernetes.client import models as k8s
ModuleNotFoundError: No module named 'kubernetes'
[2023-07-15 21:56:41,960] {logging_mixin.py:115} INFO - [2023-07-15 21:56:41,960] {example_local_kubernetes_executor.py:38} WARNING - Install Kubernetes dependencies with: pip install apache-airflow[cncf.kubernetes]
[2023-07-15 21:56:41,961] {processor.py:653} WARNING - No viable dags retrieved from /home/lucas/.local/lib/python3.10/site-packages/airflow/example_dags/example_local_kubernetes_executor.py
[2023-07-15 21:56:41,986] {processor.py:161} INFO - Processing /home/lucas/.local/lib/python3.10/site-packages/airflow/example_dags/example_local_kubernetes_executor.py took 0.071 seconds
[2023-07-15 21:57:19,442] {processor.py:153} INFO - Started process (PID=9933) to work on /home/lucas/.local/lib/python3.10/site-packages/airflow/example_dags/example_local_kubernetes_executor.py
[2023-07-15 21:57:19,444] {processor.py:641} INFO - Processing file /home/lucas/.local/lib/python3.10/site-packages/airflow/example_dags/example_local_kubernetes_executor.py for tasks to queue
[2023-07-15 21:57:19,446] {logging_mixin.py:115} INFO - [2023-07-15 21:57:19,445] {dagbag.py:507} INFO - Filling up the DagBag from /home/lucas/.local/lib/python3.10/site-packages/airflow/example_dags/example_local_kubernetes_executor.py
[2023-07-15 21:57:19,483] {logging_mixin.py:115} INFO - [2023-07-15 21:57:19,482] {example_local_kubernetes_executor.py:37} WARNING - Could not import DAGs in example_local_kubernetes_executor.py
Traceback (most recent call last):
  File "/home/lucas/.local/lib/python3.10/site-packages/airflow/example_dags/example_local_kubernetes_executor.py", line 35, in <module>
    from kubernetes.client import models as k8s
ModuleNotFoundError: No module named 'kubernetes'
[2023-07-15 21:57:19,484] {logging_mixin.py:115} INFO - [2023-07-15 21:57:19,484] {example_local_kubernetes_executor.py:38} WARNING - Install Kubernetes dependencies with: pip install apache-airflow[cncf.kubernetes]
[2023-07-15 21:57:19,484] {processor.py:653} WARNING - No viable dags retrieved from /home/lucas/.local/lib/python3.10/site-packages/airflow/example_dags/example_local_kubernetes_executor.py
[2023-07-15 21:57:19,509] {processor.py:161} INFO - Processing /home/lucas/.local/lib/python3.10/site-packages/airflow/example_dags/example_local_kubernetes_executor.py took 0.073 seconds
[2023-07-15 21:58:00,947] {processor.py:153} INFO - Started process (PID=10054) to work on /home/lucas/.local/lib/python3.10/site-packages/airflow/example_dags/example_local_kubernetes_executor.py
[2023-07-15 21:58:00,949] {processor.py:641} INFO - Processing file /home/lucas/.local/lib/python3.10/site-packages/airflow/example_dags/example_local_kubernetes_executor.py for tasks to queue
[2023-07-15 21:58:00,950] {logging_mixin.py:115} INFO - [2023-07-15 21:58:00,950] {dagbag.py:507} INFO - Filling up the DagBag from /home/lucas/.local/lib/python3.10/site-packages/airflow/example_dags/example_local_kubernetes_executor.py
[2023-07-15 21:58:00,992] {logging_mixin.py:115} INFO - [2023-07-15 21:58:00,991] {example_local_kubernetes_executor.py:37} WARNING - Could not import DAGs in example_local_kubernetes_executor.py
Traceback (most recent call last):
  File "/home/lucas/.local/lib/python3.10/site-packages/airflow/example_dags/example_local_kubernetes_executor.py", line 35, in <module>
    from kubernetes.client import models as k8s
ModuleNotFoundError: No module named 'kubernetes'
[2023-07-15 21:58:00,992] {logging_mixin.py:115} INFO - [2023-07-15 21:58:00,992] {example_local_kubernetes_executor.py:38} WARNING - Install Kubernetes dependencies with: pip install apache-airflow[cncf.kubernetes]
[2023-07-15 21:58:00,993] {processor.py:653} WARNING - No viable dags retrieved from /home/lucas/.local/lib/python3.10/site-packages/airflow/example_dags/example_local_kubernetes_executor.py
[2023-07-15 21:58:01,020] {processor.py:161} INFO - Processing /home/lucas/.local/lib/python3.10/site-packages/airflow/example_dags/example_local_kubernetes_executor.py took 0.082 seconds
[2023-07-15 21:58:37,665] {processor.py:153} INFO - Started process (PID=10106) to work on /home/lucas/.local/lib/python3.10/site-packages/airflow/example_dags/example_local_kubernetes_executor.py
[2023-07-15 21:58:37,666] {processor.py:641} INFO - Processing file /home/lucas/.local/lib/python3.10/site-packages/airflow/example_dags/example_local_kubernetes_executor.py for tasks to queue
[2023-07-15 21:58:37,667] {logging_mixin.py:115} INFO - [2023-07-15 21:58:37,667] {dagbag.py:507} INFO - Filling up the DagBag from /home/lucas/.local/lib/python3.10/site-packages/airflow/example_dags/example_local_kubernetes_executor.py
[2023-07-15 21:58:37,703] {logging_mixin.py:115} INFO - [2023-07-15 21:58:37,702] {example_local_kubernetes_executor.py:37} WARNING - Could not import DAGs in example_local_kubernetes_executor.py
Traceback (most recent call last):
  File "/home/lucas/.local/lib/python3.10/site-packages/airflow/example_dags/example_local_kubernetes_executor.py", line 35, in <module>
    from kubernetes.client import models as k8s
ModuleNotFoundError: No module named 'kubernetes'
[2023-07-15 21:58:37,704] {logging_mixin.py:115} INFO - [2023-07-15 21:58:37,704] {example_local_kubernetes_executor.py:38} WARNING - Install Kubernetes dependencies with: pip install apache-airflow[cncf.kubernetes]
[2023-07-15 21:58:37,704] {processor.py:653} WARNING - No viable dags retrieved from /home/lucas/.local/lib/python3.10/site-packages/airflow/example_dags/example_local_kubernetes_executor.py
[2023-07-15 21:58:37,724] {processor.py:161} INFO - Processing /home/lucas/.local/lib/python3.10/site-packages/airflow/example_dags/example_local_kubernetes_executor.py took 0.065 seconds
