[2023-07-15 21:43:54,440] {processor.py:153} INFO - Started process (PID=7136) to work on /home/lucas/.local/lib/python3.10/site-packages/airflow/example_dags/example_short_circuit_operator.py
[2023-07-15 21:43:54,440] {processor.py:641} INFO - Processing file /home/lucas/.local/lib/python3.10/site-packages/airflow/example_dags/example_short_circuit_operator.py for tasks to queue
[2023-07-15 21:43:54,441] {logging_mixin.py:115} INFO - [2023-07-15 21:43:54,441] {dagbag.py:507} INFO - Filling up the DagBag from /home/lucas/.local/lib/python3.10/site-packages/airflow/example_dags/example_short_circuit_operator.py
[2023-07-15 21:43:54,460] {processor.py:651} INFO - DAG(s) dict_keys(['example_short_circuit_operator']) retrieved from /home/lucas/.local/lib/python3.10/site-packages/airflow/example_dags/example_short_circuit_operator.py
[2023-07-15 21:43:54,605] {logging_mixin.py:115} INFO - [2023-07-15 21:43:54,605] {manager.py:508} INFO - Created Permission View: can read on DAG:example_short_circuit_operator
[2023-07-15 21:43:54,625] {logging_mixin.py:115} INFO - [2023-07-15 21:43:54,625] {manager.py:508} INFO - Created Permission View: can delete on DAG:example_short_circuit_operator
[2023-07-15 21:43:54,641] {logging_mixin.py:115} INFO - [2023-07-15 21:43:54,641] {manager.py:508} INFO - Created Permission View: can edit on DAG:example_short_circuit_operator
[2023-07-15 21:43:54,642] {logging_mixin.py:115} INFO - [2023-07-15 21:43:54,641] {dag.py:2379} INFO - Sync 1 DAGs
[2023-07-15 21:43:54,659] {logging_mixin.py:115} INFO - [2023-07-15 21:43:54,659] {dag.py:2398} INFO - Creating ORM DAG for example_short_circuit_operator
[2023-07-15 21:43:54,682] {logging_mixin.py:115} INFO - [2023-07-15 21:43:54,682] {dag.py:2927} INFO - Setting next_dagrun for example_short_circuit_operator to 2023-07-15T00:43:54.681299+00:00, run_after=2023-07-16T00:43:54.681299+00:00
[2023-07-15 21:43:54,712] {processor.py:161} INFO - Processing /home/lucas/.local/lib/python3.10/site-packages/airflow/example_dags/example_short_circuit_operator.py took 0.278 seconds
[2023-07-15 21:44:35,734] {processor.py:153} INFO - Started process (PID=7898) to work on /home/lucas/.local/lib/python3.10/site-packages/airflow/example_dags/example_short_circuit_operator.py
[2023-07-15 21:44:35,738] {processor.py:641} INFO - Processing file /home/lucas/.local/lib/python3.10/site-packages/airflow/example_dags/example_short_circuit_operator.py for tasks to queue
[2023-07-15 21:44:35,739] {logging_mixin.py:115} INFO - [2023-07-15 21:44:35,739] {dagbag.py:507} INFO - Filling up the DagBag from /home/lucas/.local/lib/python3.10/site-packages/airflow/example_dags/example_short_circuit_operator.py
[2023-07-15 21:44:35,758] {processor.py:651} INFO - DAG(s) dict_keys(['example_short_circuit_operator']) retrieved from /home/lucas/.local/lib/python3.10/site-packages/airflow/example_dags/example_short_circuit_operator.py
[2023-07-15 21:44:35,801] {logging_mixin.py:115} INFO - [2023-07-15 21:44:35,801] {dag.py:2379} INFO - Sync 1 DAGs
[2023-07-15 21:44:35,844] {logging_mixin.py:115} INFO - [2023-07-15 21:44:35,844] {dag.py:2927} INFO - Setting next_dagrun for example_short_circuit_operator to 2023-07-15T00:44:35.843735+00:00, run_after=2023-07-16T00:44:35.843735+00:00
[2023-07-15 21:44:35,876] {processor.py:161} INFO - Processing /home/lucas/.local/lib/python3.10/site-packages/airflow/example_dags/example_short_circuit_operator.py took 0.148 seconds
[2023-07-15 21:45:16,547] {processor.py:153} INFO - Started process (PID=8022) to work on /home/lucas/.local/lib/python3.10/site-packages/airflow/example_dags/example_short_circuit_operator.py
[2023-07-15 21:45:16,548] {processor.py:641} INFO - Processing file /home/lucas/.local/lib/python3.10/site-packages/airflow/example_dags/example_short_circuit_operator.py for tasks to queue
[2023-07-15 21:45:16,549] {logging_mixin.py:115} INFO - [2023-07-15 21:45:16,549] {dagbag.py:507} INFO - Filling up the DagBag from /home/lucas/.local/lib/python3.10/site-packages/airflow/example_dags/example_short_circuit_operator.py
[2023-07-15 21:45:16,570] {processor.py:651} INFO - DAG(s) dict_keys(['example_short_circuit_operator']) retrieved from /home/lucas/.local/lib/python3.10/site-packages/airflow/example_dags/example_short_circuit_operator.py
[2023-07-15 21:45:16,608] {logging_mixin.py:115} INFO - [2023-07-15 21:45:16,608] {dag.py:2379} INFO - Sync 1 DAGs
[2023-07-15 21:45:16,654] {logging_mixin.py:115} INFO - [2023-07-15 21:45:16,654] {dag.py:2927} INFO - Setting next_dagrun for example_short_circuit_operator to 2023-07-15T00:45:16.653801+00:00, run_after=2023-07-16T00:45:16.653801+00:00
[2023-07-15 21:45:16,681] {processor.py:161} INFO - Processing /home/lucas/.local/lib/python3.10/site-packages/airflow/example_dags/example_short_circuit_operator.py took 0.139 seconds
[2023-07-15 21:45:55,415] {processor.py:153} INFO - Started process (PID=8067) to work on /home/lucas/.local/lib/python3.10/site-packages/airflow/example_dags/example_short_circuit_operator.py
[2023-07-15 21:45:55,418] {processor.py:641} INFO - Processing file /home/lucas/.local/lib/python3.10/site-packages/airflow/example_dags/example_short_circuit_operator.py for tasks to queue
[2023-07-15 21:45:55,419] {logging_mixin.py:115} INFO - [2023-07-15 21:45:55,419] {dagbag.py:507} INFO - Filling up the DagBag from /home/lucas/.local/lib/python3.10/site-packages/airflow/example_dags/example_short_circuit_operator.py
[2023-07-15 21:45:55,439] {processor.py:651} INFO - DAG(s) dict_keys(['example_short_circuit_operator']) retrieved from /home/lucas/.local/lib/python3.10/site-packages/airflow/example_dags/example_short_circuit_operator.py
[2023-07-15 21:45:55,478] {logging_mixin.py:115} INFO - [2023-07-15 21:45:55,477] {dag.py:2379} INFO - Sync 1 DAGs
[2023-07-15 21:45:55,519] {logging_mixin.py:115} INFO - [2023-07-15 21:45:55,518] {dag.py:2927} INFO - Setting next_dagrun for example_short_circuit_operator to 2023-07-15T00:45:55.518365+00:00, run_after=2023-07-16T00:45:55.518365+00:00
[2023-07-15 21:45:55,547] {processor.py:161} INFO - Processing /home/lucas/.local/lib/python3.10/site-packages/airflow/example_dags/example_short_circuit_operator.py took 0.138 seconds
[2023-07-15 21:46:31,827] {processor.py:153} INFO - Started process (PID=8109) to work on /home/lucas/.local/lib/python3.10/site-packages/airflow/example_dags/example_short_circuit_operator.py
[2023-07-15 21:46:31,831] {processor.py:641} INFO - Processing file /home/lucas/.local/lib/python3.10/site-packages/airflow/example_dags/example_short_circuit_operator.py for tasks to queue
[2023-07-15 21:46:31,832] {logging_mixin.py:115} INFO - [2023-07-15 21:46:31,832] {dagbag.py:507} INFO - Filling up the DagBag from /home/lucas/.local/lib/python3.10/site-packages/airflow/example_dags/example_short_circuit_operator.py
[2023-07-15 21:46:31,851] {processor.py:651} INFO - DAG(s) dict_keys(['example_short_circuit_operator']) retrieved from /home/lucas/.local/lib/python3.10/site-packages/airflow/example_dags/example_short_circuit_operator.py
[2023-07-15 21:46:31,888] {logging_mixin.py:115} INFO - [2023-07-15 21:46:31,887] {dag.py:2379} INFO - Sync 1 DAGs
[2023-07-15 21:46:31,928] {logging_mixin.py:115} INFO - [2023-07-15 21:46:31,928] {dag.py:2927} INFO - Setting next_dagrun for example_short_circuit_operator to 2023-07-15T00:46:31.927825+00:00, run_after=2023-07-16T00:46:31.927825+00:00
[2023-07-15 21:46:31,955] {processor.py:161} INFO - Processing /home/lucas/.local/lib/python3.10/site-packages/airflow/example_dags/example_short_circuit_operator.py took 0.134 seconds
[2023-07-15 21:47:04,820] {processor.py:153} INFO - Started process (PID=8156) to work on /home/lucas/.local/lib/python3.10/site-packages/airflow/example_dags/example_short_circuit_operator.py
[2023-07-15 21:47:04,824] {processor.py:641} INFO - Processing file /home/lucas/.local/lib/python3.10/site-packages/airflow/example_dags/example_short_circuit_operator.py for tasks to queue
[2023-07-15 21:47:04,825] {logging_mixin.py:115} INFO - [2023-07-15 21:47:04,825] {dagbag.py:507} INFO - Filling up the DagBag from /home/lucas/.local/lib/python3.10/site-packages/airflow/example_dags/example_short_circuit_operator.py
[2023-07-15 21:47:04,844] {processor.py:651} INFO - DAG(s) dict_keys(['example_short_circuit_operator']) retrieved from /home/lucas/.local/lib/python3.10/site-packages/airflow/example_dags/example_short_circuit_operator.py
[2023-07-15 21:47:04,882] {logging_mixin.py:115} INFO - [2023-07-15 21:47:04,882] {dag.py:2379} INFO - Sync 1 DAGs
[2023-07-15 21:47:04,926] {logging_mixin.py:115} INFO - [2023-07-15 21:47:04,926] {dag.py:2927} INFO - Setting next_dagrun for example_short_circuit_operator to 2023-07-15T00:47:04.925936+00:00, run_after=2023-07-16T00:47:04.925936+00:00
[2023-07-15 21:47:04,952] {processor.py:161} INFO - Processing /home/lucas/.local/lib/python3.10/site-packages/airflow/example_dags/example_short_circuit_operator.py took 0.138 seconds
[2023-07-15 21:47:41,354] {processor.py:153} INFO - Started process (PID=8222) to work on /home/lucas/.local/lib/python3.10/site-packages/airflow/example_dags/example_short_circuit_operator.py
[2023-07-15 21:47:41,356] {processor.py:641} INFO - Processing file /home/lucas/.local/lib/python3.10/site-packages/airflow/example_dags/example_short_circuit_operator.py for tasks to queue
[2023-07-15 21:47:41,357] {logging_mixin.py:115} INFO - [2023-07-15 21:47:41,357] {dagbag.py:507} INFO - Filling up the DagBag from /home/lucas/.local/lib/python3.10/site-packages/airflow/example_dags/example_short_circuit_operator.py
[2023-07-15 21:47:41,384] {processor.py:651} INFO - DAG(s) dict_keys(['example_short_circuit_operator']) retrieved from /home/lucas/.local/lib/python3.10/site-packages/airflow/example_dags/example_short_circuit_operator.py
[2023-07-15 21:47:41,429] {logging_mixin.py:115} INFO - [2023-07-15 21:47:41,429] {dag.py:2379} INFO - Sync 1 DAGs
[2023-07-15 21:47:41,495] {logging_mixin.py:115} INFO - [2023-07-15 21:47:41,494] {dag.py:2927} INFO - Setting next_dagrun for example_short_circuit_operator to 2023-07-15T00:47:41.493103+00:00, run_after=2023-07-16T00:47:41.493103+00:00
[2023-07-15 21:47:41,528] {processor.py:161} INFO - Processing /home/lucas/.local/lib/python3.10/site-packages/airflow/example_dags/example_short_circuit_operator.py took 0.180 seconds
[2023-07-15 21:48:27,046] {processor.py:153} INFO - Started process (PID=8280) to work on /home/lucas/.local/lib/python3.10/site-packages/airflow/example_dags/example_short_circuit_operator.py
[2023-07-15 21:48:27,050] {processor.py:641} INFO - Processing file /home/lucas/.local/lib/python3.10/site-packages/airflow/example_dags/example_short_circuit_operator.py for tasks to queue
[2023-07-15 21:48:27,051] {logging_mixin.py:115} INFO - [2023-07-15 21:48:27,051] {dagbag.py:507} INFO - Filling up the DagBag from /home/lucas/.local/lib/python3.10/site-packages/airflow/example_dags/example_short_circuit_operator.py
[2023-07-15 21:48:27,072] {processor.py:651} INFO - DAG(s) dict_keys(['example_short_circuit_operator']) retrieved from /home/lucas/.local/lib/python3.10/site-packages/airflow/example_dags/example_short_circuit_operator.py
[2023-07-15 21:48:27,112] {logging_mixin.py:115} INFO - [2023-07-15 21:48:27,112] {dag.py:2379} INFO - Sync 1 DAGs
[2023-07-15 21:48:27,156] {logging_mixin.py:115} INFO - [2023-07-15 21:48:27,156] {dag.py:2927} INFO - Setting next_dagrun for example_short_circuit_operator to 2023-07-15T00:48:27.155744+00:00, run_after=2023-07-16T00:48:27.155744+00:00
[2023-07-15 21:48:27,186] {processor.py:161} INFO - Processing /home/lucas/.local/lib/python3.10/site-packages/airflow/example_dags/example_short_circuit_operator.py took 0.148 seconds
[2023-07-15 21:49:01,598] {processor.py:153} INFO - Started process (PID=8367) to work on /home/lucas/.local/lib/python3.10/site-packages/airflow/example_dags/example_short_circuit_operator.py
[2023-07-15 21:49:01,599] {processor.py:641} INFO - Processing file /home/lucas/.local/lib/python3.10/site-packages/airflow/example_dags/example_short_circuit_operator.py for tasks to queue
[2023-07-15 21:49:01,600] {logging_mixin.py:115} INFO - [2023-07-15 21:49:01,600] {dagbag.py:507} INFO - Filling up the DagBag from /home/lucas/.local/lib/python3.10/site-packages/airflow/example_dags/example_short_circuit_operator.py
[2023-07-15 21:49:01,624] {processor.py:651} INFO - DAG(s) dict_keys(['example_short_circuit_operator']) retrieved from /home/lucas/.local/lib/python3.10/site-packages/airflow/example_dags/example_short_circuit_operator.py
[2023-07-15 21:49:01,682] {logging_mixin.py:115} INFO - [2023-07-15 21:49:01,681] {dag.py:2379} INFO - Sync 1 DAGs
[2023-07-15 21:49:01,740] {logging_mixin.py:115} INFO - [2023-07-15 21:49:01,739] {dag.py:2927} INFO - Setting next_dagrun for example_short_circuit_operator to 2023-07-15T00:49:01.738716+00:00, run_after=2023-07-16T00:49:01.738716+00:00
[2023-07-15 21:49:01,775] {processor.py:161} INFO - Processing /home/lucas/.local/lib/python3.10/site-packages/airflow/example_dags/example_short_circuit_operator.py took 0.184 seconds
[2023-07-15 21:49:42,236] {processor.py:153} INFO - Started process (PID=8431) to work on /home/lucas/.local/lib/python3.10/site-packages/airflow/example_dags/example_short_circuit_operator.py
[2023-07-15 21:49:42,237] {processor.py:641} INFO - Processing file /home/lucas/.local/lib/python3.10/site-packages/airflow/example_dags/example_short_circuit_operator.py for tasks to queue
[2023-07-15 21:49:42,239] {logging_mixin.py:115} INFO - [2023-07-15 21:49:42,238] {dagbag.py:507} INFO - Filling up the DagBag from /home/lucas/.local/lib/python3.10/site-packages/airflow/example_dags/example_short_circuit_operator.py
[2023-07-15 21:49:42,261] {processor.py:651} INFO - DAG(s) dict_keys(['example_short_circuit_operator']) retrieved from /home/lucas/.local/lib/python3.10/site-packages/airflow/example_dags/example_short_circuit_operator.py
[2023-07-15 21:49:42,301] {logging_mixin.py:115} INFO - [2023-07-15 21:49:42,301] {dag.py:2379} INFO - Sync 1 DAGs
[2023-07-15 21:49:42,346] {logging_mixin.py:115} INFO - [2023-07-15 21:49:42,345] {dag.py:2927} INFO - Setting next_dagrun for example_short_circuit_operator to 2023-07-15T00:49:42.345304+00:00, run_after=2023-07-16T00:49:42.345304+00:00
[2023-07-15 21:49:42,375] {processor.py:161} INFO - Processing /home/lucas/.local/lib/python3.10/site-packages/airflow/example_dags/example_short_circuit_operator.py took 0.144 seconds
[2023-07-15 21:50:24,297] {processor.py:153} INFO - Started process (PID=8511) to work on /home/lucas/.local/lib/python3.10/site-packages/airflow/example_dags/example_short_circuit_operator.py
[2023-07-15 21:50:24,298] {processor.py:641} INFO - Processing file /home/lucas/.local/lib/python3.10/site-packages/airflow/example_dags/example_short_circuit_operator.py for tasks to queue
[2023-07-15 21:50:24,299] {logging_mixin.py:115} INFO - [2023-07-15 21:50:24,299] {dagbag.py:507} INFO - Filling up the DagBag from /home/lucas/.local/lib/python3.10/site-packages/airflow/example_dags/example_short_circuit_operator.py
[2023-07-15 21:50:24,320] {processor.py:651} INFO - DAG(s) dict_keys(['example_short_circuit_operator']) retrieved from /home/lucas/.local/lib/python3.10/site-packages/airflow/example_dags/example_short_circuit_operator.py
[2023-07-15 21:50:24,360] {logging_mixin.py:115} INFO - [2023-07-15 21:50:24,360] {dag.py:2379} INFO - Sync 1 DAGs
[2023-07-15 21:50:24,404] {logging_mixin.py:115} INFO - [2023-07-15 21:50:24,403] {dag.py:2927} INFO - Setting next_dagrun for example_short_circuit_operator to 2023-07-15T00:50:24.403379+00:00, run_after=2023-07-16T00:50:24.403379+00:00
[2023-07-15 21:50:24,432] {processor.py:161} INFO - Processing /home/lucas/.local/lib/python3.10/site-packages/airflow/example_dags/example_short_circuit_operator.py took 0.141 seconds
[2023-07-15 21:51:02,788] {processor.py:153} INFO - Started process (PID=8606) to work on /home/lucas/.local/lib/python3.10/site-packages/airflow/example_dags/example_short_circuit_operator.py
[2023-07-15 21:51:02,790] {processor.py:641} INFO - Processing file /home/lucas/.local/lib/python3.10/site-packages/airflow/example_dags/example_short_circuit_operator.py for tasks to queue
[2023-07-15 21:51:02,791] {logging_mixin.py:115} INFO - [2023-07-15 21:51:02,790] {dagbag.py:507} INFO - Filling up the DagBag from /home/lucas/.local/lib/python3.10/site-packages/airflow/example_dags/example_short_circuit_operator.py
[2023-07-15 21:51:02,810] {processor.py:651} INFO - DAG(s) dict_keys(['example_short_circuit_operator']) retrieved from /home/lucas/.local/lib/python3.10/site-packages/airflow/example_dags/example_short_circuit_operator.py
[2023-07-15 21:51:02,846] {logging_mixin.py:115} INFO - [2023-07-15 21:51:02,846] {dag.py:2379} INFO - Sync 1 DAGs
[2023-07-15 21:51:02,886] {logging_mixin.py:115} INFO - [2023-07-15 21:51:02,885] {dag.py:2927} INFO - Setting next_dagrun for example_short_circuit_operator to 2023-07-15T00:51:02.885345+00:00, run_after=2023-07-16T00:51:02.885345+00:00
[2023-07-15 21:51:02,910] {processor.py:161} INFO - Processing /home/lucas/.local/lib/python3.10/site-packages/airflow/example_dags/example_short_circuit_operator.py took 0.128 seconds
[2023-07-15 21:51:34,840] {processor.py:153} INFO - Started process (PID=8646) to work on /home/lucas/.local/lib/python3.10/site-packages/airflow/example_dags/example_short_circuit_operator.py
[2023-07-15 21:51:34,844] {processor.py:641} INFO - Processing file /home/lucas/.local/lib/python3.10/site-packages/airflow/example_dags/example_short_circuit_operator.py for tasks to queue
[2023-07-15 21:51:34,845] {logging_mixin.py:115} INFO - [2023-07-15 21:51:34,845] {dagbag.py:507} INFO - Filling up the DagBag from /home/lucas/.local/lib/python3.10/site-packages/airflow/example_dags/example_short_circuit_operator.py
[2023-07-15 21:51:34,865] {processor.py:651} INFO - DAG(s) dict_keys(['example_short_circuit_operator']) retrieved from /home/lucas/.local/lib/python3.10/site-packages/airflow/example_dags/example_short_circuit_operator.py
[2023-07-15 21:51:34,901] {logging_mixin.py:115} INFO - [2023-07-15 21:51:34,901] {dag.py:2379} INFO - Sync 1 DAGs
[2023-07-15 21:51:34,941] {logging_mixin.py:115} INFO - [2023-07-15 21:51:34,941] {dag.py:2927} INFO - Setting next_dagrun for example_short_circuit_operator to 2023-07-15T00:51:34.940667+00:00, run_after=2023-07-16T00:51:34.940667+00:00
[2023-07-15 21:51:34,967] {processor.py:161} INFO - Processing /home/lucas/.local/lib/python3.10/site-packages/airflow/example_dags/example_short_circuit_operator.py took 0.132 seconds
[2023-07-15 21:52:08,476] {processor.py:153} INFO - Started process (PID=9077) to work on /home/lucas/.local/lib/python3.10/site-packages/airflow/example_dags/example_short_circuit_operator.py
[2023-07-15 21:52:08,477] {processor.py:641} INFO - Processing file /home/lucas/.local/lib/python3.10/site-packages/airflow/example_dags/example_short_circuit_operator.py for tasks to queue
[2023-07-15 21:52:08,478] {logging_mixin.py:115} INFO - [2023-07-15 21:52:08,478] {dagbag.py:507} INFO - Filling up the DagBag from /home/lucas/.local/lib/python3.10/site-packages/airflow/example_dags/example_short_circuit_operator.py
[2023-07-15 21:52:08,500] {processor.py:651} INFO - DAG(s) dict_keys(['example_short_circuit_operator']) retrieved from /home/lucas/.local/lib/python3.10/site-packages/airflow/example_dags/example_short_circuit_operator.py
[2023-07-15 21:52:08,542] {logging_mixin.py:115} INFO - [2023-07-15 21:52:08,542] {dag.py:2379} INFO - Sync 1 DAGs
[2023-07-15 21:52:08,585] {logging_mixin.py:115} INFO - [2023-07-15 21:52:08,585] {dag.py:2927} INFO - Setting next_dagrun for example_short_circuit_operator to 2023-07-15T00:52:08.584671+00:00, run_after=2023-07-16T00:52:08.584671+00:00
[2023-07-15 21:52:08,611] {processor.py:161} INFO - Processing /home/lucas/.local/lib/python3.10/site-packages/airflow/example_dags/example_short_circuit_operator.py took 0.140 seconds
[2023-07-15 21:52:40,291] {processor.py:153} INFO - Started process (PID=9125) to work on /home/lucas/.local/lib/python3.10/site-packages/airflow/example_dags/example_short_circuit_operator.py
[2023-07-15 21:52:40,292] {processor.py:641} INFO - Processing file /home/lucas/.local/lib/python3.10/site-packages/airflow/example_dags/example_short_circuit_operator.py for tasks to queue
[2023-07-15 21:52:40,293] {logging_mixin.py:115} INFO - [2023-07-15 21:52:40,293] {dagbag.py:507} INFO - Filling up the DagBag from /home/lucas/.local/lib/python3.10/site-packages/airflow/example_dags/example_short_circuit_operator.py
[2023-07-15 21:52:40,319] {processor.py:651} INFO - DAG(s) dict_keys(['example_short_circuit_operator']) retrieved from /home/lucas/.local/lib/python3.10/site-packages/airflow/example_dags/example_short_circuit_operator.py
[2023-07-15 21:52:40,360] {logging_mixin.py:115} INFO - [2023-07-15 21:52:40,360] {dag.py:2379} INFO - Sync 1 DAGs
[2023-07-15 21:52:40,411] {logging_mixin.py:115} INFO - [2023-07-15 21:52:40,411] {dag.py:2927} INFO - Setting next_dagrun for example_short_circuit_operator to 2023-07-15T00:52:40.411145+00:00, run_after=2023-07-16T00:52:40.411145+00:00
[2023-07-15 21:52:40,445] {processor.py:161} INFO - Processing /home/lucas/.local/lib/python3.10/site-packages/airflow/example_dags/example_short_circuit_operator.py took 0.161 seconds
[2023-07-15 21:53:13,157] {processor.py:153} INFO - Started process (PID=9182) to work on /home/lucas/.local/lib/python3.10/site-packages/airflow/example_dags/example_short_circuit_operator.py
[2023-07-15 21:53:13,161] {processor.py:641} INFO - Processing file /home/lucas/.local/lib/python3.10/site-packages/airflow/example_dags/example_short_circuit_operator.py for tasks to queue
[2023-07-15 21:53:13,162] {logging_mixin.py:115} INFO - [2023-07-15 21:53:13,161] {dagbag.py:507} INFO - Filling up the DagBag from /home/lucas/.local/lib/python3.10/site-packages/airflow/example_dags/example_short_circuit_operator.py
[2023-07-15 21:53:13,181] {processor.py:651} INFO - DAG(s) dict_keys(['example_short_circuit_operator']) retrieved from /home/lucas/.local/lib/python3.10/site-packages/airflow/example_dags/example_short_circuit_operator.py
[2023-07-15 21:53:13,219] {logging_mixin.py:115} INFO - [2023-07-15 21:53:13,219] {dag.py:2379} INFO - Sync 1 DAGs
[2023-07-15 21:53:13,260] {logging_mixin.py:115} INFO - [2023-07-15 21:53:13,259] {dag.py:2927} INFO - Setting next_dagrun for example_short_circuit_operator to 2023-07-15T00:53:13.259244+00:00, run_after=2023-07-16T00:53:13.259244+00:00
[2023-07-15 21:53:13,286] {processor.py:161} INFO - Processing /home/lucas/.local/lib/python3.10/site-packages/airflow/example_dags/example_short_circuit_operator.py took 0.135 seconds
[2023-07-15 21:53:50,718] {processor.py:153} INFO - Started process (PID=9365) to work on /home/lucas/.local/lib/python3.10/site-packages/airflow/example_dags/example_short_circuit_operator.py
[2023-07-15 21:53:50,722] {processor.py:641} INFO - Processing file /home/lucas/.local/lib/python3.10/site-packages/airflow/example_dags/example_short_circuit_operator.py for tasks to queue
[2023-07-15 21:53:50,723] {logging_mixin.py:115} INFO - [2023-07-15 21:53:50,723] {dagbag.py:507} INFO - Filling up the DagBag from /home/lucas/.local/lib/python3.10/site-packages/airflow/example_dags/example_short_circuit_operator.py
[2023-07-15 21:53:50,745] {processor.py:651} INFO - DAG(s) dict_keys(['example_short_circuit_operator']) retrieved from /home/lucas/.local/lib/python3.10/site-packages/airflow/example_dags/example_short_circuit_operator.py
[2023-07-15 21:53:50,783] {logging_mixin.py:115} INFO - [2023-07-15 21:53:50,783] {dag.py:2379} INFO - Sync 1 DAGs
[2023-07-15 21:53:50,821] {logging_mixin.py:115} INFO - [2023-07-15 21:53:50,820] {dag.py:2927} INFO - Setting next_dagrun for example_short_circuit_operator to 2023-07-15T00:53:50.820459+00:00, run_after=2023-07-16T00:53:50.820459+00:00
[2023-07-15 21:53:50,848] {processor.py:161} INFO - Processing /home/lucas/.local/lib/python3.10/site-packages/airflow/example_dags/example_short_circuit_operator.py took 0.136 seconds
[2023-07-15 21:54:30,071] {processor.py:153} INFO - Started process (PID=9529) to work on /home/lucas/.local/lib/python3.10/site-packages/airflow/example_dags/example_short_circuit_operator.py
[2023-07-15 21:54:30,075] {processor.py:641} INFO - Processing file /home/lucas/.local/lib/python3.10/site-packages/airflow/example_dags/example_short_circuit_operator.py for tasks to queue
[2023-07-15 21:54:30,076] {logging_mixin.py:115} INFO - [2023-07-15 21:54:30,076] {dagbag.py:507} INFO - Filling up the DagBag from /home/lucas/.local/lib/python3.10/site-packages/airflow/example_dags/example_short_circuit_operator.py
[2023-07-15 21:54:30,096] {processor.py:651} INFO - DAG(s) dict_keys(['example_short_circuit_operator']) retrieved from /home/lucas/.local/lib/python3.10/site-packages/airflow/example_dags/example_short_circuit_operator.py
[2023-07-15 21:54:30,134] {logging_mixin.py:115} INFO - [2023-07-15 21:54:30,134] {dag.py:2379} INFO - Sync 1 DAGs
[2023-07-15 21:54:30,174] {logging_mixin.py:115} INFO - [2023-07-15 21:54:30,174] {dag.py:2927} INFO - Setting next_dagrun for example_short_circuit_operator to 2023-07-15T00:54:30.174022+00:00, run_after=2023-07-16T00:54:30.174022+00:00
[2023-07-15 21:54:30,200] {processor.py:161} INFO - Processing /home/lucas/.local/lib/python3.10/site-packages/airflow/example_dags/example_short_circuit_operator.py took 0.135 seconds
[2023-07-15 21:55:03,760] {processor.py:153} INFO - Started process (PID=9663) to work on /home/lucas/.local/lib/python3.10/site-packages/airflow/example_dags/example_short_circuit_operator.py
[2023-07-15 21:55:03,761] {processor.py:641} INFO - Processing file /home/lucas/.local/lib/python3.10/site-packages/airflow/example_dags/example_short_circuit_operator.py for tasks to queue
[2023-07-15 21:55:03,762] {logging_mixin.py:115} INFO - [2023-07-15 21:55:03,762] {dagbag.py:507} INFO - Filling up the DagBag from /home/lucas/.local/lib/python3.10/site-packages/airflow/example_dags/example_short_circuit_operator.py
[2023-07-15 21:55:03,782] {processor.py:651} INFO - DAG(s) dict_keys(['example_short_circuit_operator']) retrieved from /home/lucas/.local/lib/python3.10/site-packages/airflow/example_dags/example_short_circuit_operator.py
[2023-07-15 21:55:03,819] {logging_mixin.py:115} INFO - [2023-07-15 21:55:03,819] {dag.py:2379} INFO - Sync 1 DAGs
[2023-07-15 21:55:03,859] {logging_mixin.py:115} INFO - [2023-07-15 21:55:03,859] {dag.py:2927} INFO - Setting next_dagrun for example_short_circuit_operator to 2023-07-15T00:55:03.859054+00:00, run_after=2023-07-16T00:55:03.859054+00:00
[2023-07-15 21:55:03,884] {processor.py:161} INFO - Processing /home/lucas/.local/lib/python3.10/site-packages/airflow/example_dags/example_short_circuit_operator.py took 0.130 seconds
[2023-07-15 21:55:36,755] {processor.py:153} INFO - Started process (PID=9773) to work on /home/lucas/.local/lib/python3.10/site-packages/airflow/example_dags/example_short_circuit_operator.py
[2023-07-15 21:55:36,758] {processor.py:641} INFO - Processing file /home/lucas/.local/lib/python3.10/site-packages/airflow/example_dags/example_short_circuit_operator.py for tasks to queue
[2023-07-15 21:55:36,760] {logging_mixin.py:115} INFO - [2023-07-15 21:55:36,759] {dagbag.py:507} INFO - Filling up the DagBag from /home/lucas/.local/lib/python3.10/site-packages/airflow/example_dags/example_short_circuit_operator.py
[2023-07-15 21:55:36,779] {processor.py:651} INFO - DAG(s) dict_keys(['example_short_circuit_operator']) retrieved from /home/lucas/.local/lib/python3.10/site-packages/airflow/example_dags/example_short_circuit_operator.py
[2023-07-15 21:55:36,818] {logging_mixin.py:115} INFO - [2023-07-15 21:55:36,818] {dag.py:2379} INFO - Sync 1 DAGs
[2023-07-15 21:55:36,865] {logging_mixin.py:115} INFO - [2023-07-15 21:55:36,865] {dag.py:2927} INFO - Setting next_dagrun for example_short_circuit_operator to 2023-07-15T00:55:36.864794+00:00, run_after=2023-07-16T00:55:36.864794+00:00
[2023-07-15 21:55:36,901] {processor.py:161} INFO - Processing /home/lucas/.local/lib/python3.10/site-packages/airflow/example_dags/example_short_circuit_operator.py took 0.152 seconds
[2023-07-15 21:56:12,713] {processor.py:153} INFO - Started process (PID=9831) to work on /home/lucas/.local/lib/python3.10/site-packages/airflow/example_dags/example_short_circuit_operator.py
[2023-07-15 21:56:12,718] {processor.py:641} INFO - Processing file /home/lucas/.local/lib/python3.10/site-packages/airflow/example_dags/example_short_circuit_operator.py for tasks to queue
[2023-07-15 21:56:12,719] {logging_mixin.py:115} INFO - [2023-07-15 21:56:12,719] {dagbag.py:507} INFO - Filling up the DagBag from /home/lucas/.local/lib/python3.10/site-packages/airflow/example_dags/example_short_circuit_operator.py
[2023-07-15 21:56:12,738] {processor.py:651} INFO - DAG(s) dict_keys(['example_short_circuit_operator']) retrieved from /home/lucas/.local/lib/python3.10/site-packages/airflow/example_dags/example_short_circuit_operator.py
[2023-07-15 21:56:12,775] {logging_mixin.py:115} INFO - [2023-07-15 21:56:12,775] {dag.py:2379} INFO - Sync 1 DAGs
[2023-07-15 21:56:12,828] {logging_mixin.py:115} INFO - [2023-07-15 21:56:12,827] {dag.py:2927} INFO - Setting next_dagrun for example_short_circuit_operator to 2023-07-15T00:56:12.827433+00:00, run_after=2023-07-16T00:56:12.827433+00:00
[2023-07-15 21:56:12,844] {processor.py:161} INFO - Processing /home/lucas/.local/lib/python3.10/site-packages/airflow/example_dags/example_short_circuit_operator.py took 0.136 seconds
[2023-07-15 21:56:49,532] {processor.py:153} INFO - Started process (PID=9897) to work on /home/lucas/.local/lib/python3.10/site-packages/airflow/example_dags/example_short_circuit_operator.py
[2023-07-15 21:56:49,535] {processor.py:641} INFO - Processing file /home/lucas/.local/lib/python3.10/site-packages/airflow/example_dags/example_short_circuit_operator.py for tasks to queue
[2023-07-15 21:56:49,536] {logging_mixin.py:115} INFO - [2023-07-15 21:56:49,536] {dagbag.py:507} INFO - Filling up the DagBag from /home/lucas/.local/lib/python3.10/site-packages/airflow/example_dags/example_short_circuit_operator.py
[2023-07-15 21:56:49,556] {processor.py:651} INFO - DAG(s) dict_keys(['example_short_circuit_operator']) retrieved from /home/lucas/.local/lib/python3.10/site-packages/airflow/example_dags/example_short_circuit_operator.py
[2023-07-15 21:56:49,596] {logging_mixin.py:115} INFO - [2023-07-15 21:56:49,595] {dag.py:2379} INFO - Sync 1 DAGs
[2023-07-15 21:56:49,641] {logging_mixin.py:115} INFO - [2023-07-15 21:56:49,641] {dag.py:2927} INFO - Setting next_dagrun for example_short_circuit_operator to 2023-07-15T00:56:49.640796+00:00, run_after=2023-07-16T00:56:49.640796+00:00
[2023-07-15 21:56:49,672] {processor.py:161} INFO - Processing /home/lucas/.local/lib/python3.10/site-packages/airflow/example_dags/example_short_circuit_operator.py took 0.145 seconds
[2023-07-15 21:57:26,014] {processor.py:153} INFO - Started process (PID=9974) to work on /home/lucas/.local/lib/python3.10/site-packages/airflow/example_dags/example_short_circuit_operator.py
[2023-07-15 21:57:26,018] {processor.py:641} INFO - Processing file /home/lucas/.local/lib/python3.10/site-packages/airflow/example_dags/example_short_circuit_operator.py for tasks to queue
[2023-07-15 21:57:26,019] {logging_mixin.py:115} INFO - [2023-07-15 21:57:26,019] {dagbag.py:507} INFO - Filling up the DagBag from /home/lucas/.local/lib/python3.10/site-packages/airflow/example_dags/example_short_circuit_operator.py
[2023-07-15 21:57:26,040] {processor.py:651} INFO - DAG(s) dict_keys(['example_short_circuit_operator']) retrieved from /home/lucas/.local/lib/python3.10/site-packages/airflow/example_dags/example_short_circuit_operator.py
[2023-07-15 21:57:26,080] {logging_mixin.py:115} INFO - [2023-07-15 21:57:26,080] {dag.py:2379} INFO - Sync 1 DAGs
[2023-07-15 21:57:26,123] {logging_mixin.py:115} INFO - [2023-07-15 21:57:26,122] {dag.py:2927} INFO - Setting next_dagrun for example_short_circuit_operator to 2023-07-15T00:57:26.122404+00:00, run_after=2023-07-16T00:57:26.122404+00:00
[2023-07-15 21:57:26,150] {processor.py:161} INFO - Processing /home/lucas/.local/lib/python3.10/site-packages/airflow/example_dags/example_short_circuit_operator.py took 0.142 seconds
[2023-07-15 21:58:07,190] {processor.py:153} INFO - Started process (PID=10063) to work on /home/lucas/.local/lib/python3.10/site-packages/airflow/example_dags/example_short_circuit_operator.py
[2023-07-15 21:58:07,191] {processor.py:641} INFO - Processing file /home/lucas/.local/lib/python3.10/site-packages/airflow/example_dags/example_short_circuit_operator.py for tasks to queue
[2023-07-15 21:58:07,192] {logging_mixin.py:115} INFO - [2023-07-15 21:58:07,192] {dagbag.py:507} INFO - Filling up the DagBag from /home/lucas/.local/lib/python3.10/site-packages/airflow/example_dags/example_short_circuit_operator.py
[2023-07-15 21:58:07,215] {processor.py:651} INFO - DAG(s) dict_keys(['example_short_circuit_operator']) retrieved from /home/lucas/.local/lib/python3.10/site-packages/airflow/example_dags/example_short_circuit_operator.py
[2023-07-15 21:58:07,255] {logging_mixin.py:115} INFO - [2023-07-15 21:58:07,255] {dag.py:2379} INFO - Sync 1 DAGs
[2023-07-15 21:58:07,298] {logging_mixin.py:115} INFO - [2023-07-15 21:58:07,298] {dag.py:2927} INFO - Setting next_dagrun for example_short_circuit_operator to 2023-07-15T00:58:07.297727+00:00, run_after=2023-07-16T00:58:07.297727+00:00
[2023-07-15 21:58:07,324] {processor.py:161} INFO - Processing /home/lucas/.local/lib/python3.10/site-packages/airflow/example_dags/example_short_circuit_operator.py took 0.139 seconds
[2023-07-15 21:58:40,409] {processor.py:153} INFO - Started process (PID=10110) to work on /home/lucas/.local/lib/python3.10/site-packages/airflow/example_dags/example_short_circuit_operator.py
[2023-07-15 21:58:40,410] {processor.py:641} INFO - Processing file /home/lucas/.local/lib/python3.10/site-packages/airflow/example_dags/example_short_circuit_operator.py for tasks to queue
[2023-07-15 21:58:40,411] {logging_mixin.py:115} INFO - [2023-07-15 21:58:40,411] {dagbag.py:507} INFO - Filling up the DagBag from /home/lucas/.local/lib/python3.10/site-packages/airflow/example_dags/example_short_circuit_operator.py
[2023-07-15 21:58:40,433] {processor.py:651} INFO - DAG(s) dict_keys(['example_short_circuit_operator']) retrieved from /home/lucas/.local/lib/python3.10/site-packages/airflow/example_dags/example_short_circuit_operator.py
[2023-07-15 21:58:40,482] {logging_mixin.py:115} INFO - [2023-07-15 21:58:40,482] {dag.py:2379} INFO - Sync 1 DAGs
[2023-07-15 21:58:40,537] {logging_mixin.py:115} INFO - [2023-07-15 21:58:40,536] {dag.py:2927} INFO - Setting next_dagrun for example_short_circuit_operator to 2023-07-15T00:58:40.536223+00:00, run_after=2023-07-16T00:58:40.536223+00:00
[2023-07-15 21:58:40,572] {processor.py:161} INFO - Processing /home/lucas/.local/lib/python3.10/site-packages/airflow/example_dags/example_short_circuit_operator.py took 0.169 seconds
