[2023-07-15 21:44:15,691] {processor.py:153} INFO - Started process (PID=7665) to work on /home/lucas/.local/lib/python3.10/site-packages/airflow/example_dags/example_branch_datetime_operator.py
[2023-07-15 21:44:15,692] {processor.py:641} INFO - Processing file /home/lucas/.local/lib/python3.10/site-packages/airflow/example_dags/example_branch_datetime_operator.py for tasks to queue
[2023-07-15 21:44:15,693] {logging_mixin.py:115} INFO - [2023-07-15 21:44:15,692] {dagbag.py:507} INFO - Filling up the DagBag from /home/lucas/.local/lib/python3.10/site-packages/airflow/example_dags/example_branch_datetime_operator.py
[2023-07-15 21:44:15,716] {processor.py:651} INFO - DAG(s) dict_keys(['example_branch_datetime_operator_2']) retrieved from /home/lucas/.local/lib/python3.10/site-packages/airflow/example_dags/example_branch_datetime_operator.py
[2023-07-15 21:44:15,872] {logging_mixin.py:115} INFO - [2023-07-15 21:44:15,872] {manager.py:508} INFO - Created Permission View: can read on DAG:example_branch_datetime_operator_2
[2023-07-15 21:44:15,891] {logging_mixin.py:115} INFO - [2023-07-15 21:44:15,891] {manager.py:508} INFO - Created Permission View: can delete on DAG:example_branch_datetime_operator_2
[2023-07-15 21:44:15,906] {logging_mixin.py:115} INFO - [2023-07-15 21:44:15,906] {manager.py:508} INFO - Created Permission View: can edit on DAG:example_branch_datetime_operator_2
[2023-07-15 21:44:15,907] {logging_mixin.py:115} INFO - [2023-07-15 21:44:15,907] {dag.py:2379} INFO - Sync 1 DAGs
[2023-07-15 21:44:15,924] {logging_mixin.py:115} INFO - [2023-07-15 21:44:15,924] {dag.py:2398} INFO - Creating ORM DAG for example_branch_datetime_operator_2
[2023-07-15 21:44:15,951] {logging_mixin.py:115} INFO - [2023-07-15 21:44:15,951] {dag.py:2927} INFO - Setting next_dagrun for example_branch_datetime_operator_2 to 2023-07-15T00:00:00+00:00, run_after=2023-07-16T00:00:00+00:00
[2023-07-15 21:44:15,980] {processor.py:161} INFO - Processing /home/lucas/.local/lib/python3.10/site-packages/airflow/example_dags/example_branch_datetime_operator.py took 0.296 seconds
[2023-07-15 21:44:57,459] {processor.py:153} INFO - Started process (PID=7966) to work on /home/lucas/.local/lib/python3.10/site-packages/airflow/example_dags/example_branch_datetime_operator.py
[2023-07-15 21:44:57,463] {processor.py:641} INFO - Processing file /home/lucas/.local/lib/python3.10/site-packages/airflow/example_dags/example_branch_datetime_operator.py for tasks to queue
[2023-07-15 21:44:57,464] {logging_mixin.py:115} INFO - [2023-07-15 21:44:57,463] {dagbag.py:507} INFO - Filling up the DagBag from /home/lucas/.local/lib/python3.10/site-packages/airflow/example_dags/example_branch_datetime_operator.py
[2023-07-15 21:44:57,482] {processor.py:651} INFO - DAG(s) dict_keys(['example_branch_datetime_operator_2']) retrieved from /home/lucas/.local/lib/python3.10/site-packages/airflow/example_dags/example_branch_datetime_operator.py
[2023-07-15 21:44:57,522] {logging_mixin.py:115} INFO - [2023-07-15 21:44:57,522] {dag.py:2379} INFO - Sync 1 DAGs
[2023-07-15 21:44:57,574] {logging_mixin.py:115} INFO - [2023-07-15 21:44:57,574] {dag.py:2927} INFO - Setting next_dagrun for example_branch_datetime_operator_2 to 2023-07-15T00:00:00+00:00, run_after=2023-07-16T00:00:00+00:00
[2023-07-15 21:44:57,602] {processor.py:161} INFO - Processing /home/lucas/.local/lib/python3.10/site-packages/airflow/example_dags/example_branch_datetime_operator.py took 0.150 seconds
[2023-07-15 21:45:42,106] {processor.py:153} INFO - Started process (PID=8055) to work on /home/lucas/.local/lib/python3.10/site-packages/airflow/example_dags/example_branch_datetime_operator.py
[2023-07-15 21:45:42,110] {processor.py:641} INFO - Processing file /home/lucas/.local/lib/python3.10/site-packages/airflow/example_dags/example_branch_datetime_operator.py for tasks to queue
[2023-07-15 21:45:42,111] {logging_mixin.py:115} INFO - [2023-07-15 21:45:42,111] {dagbag.py:507} INFO - Filling up the DagBag from /home/lucas/.local/lib/python3.10/site-packages/airflow/example_dags/example_branch_datetime_operator.py
[2023-07-15 21:45:42,129] {processor.py:651} INFO - DAG(s) dict_keys(['example_branch_datetime_operator_2']) retrieved from /home/lucas/.local/lib/python3.10/site-packages/airflow/example_dags/example_branch_datetime_operator.py
[2023-07-15 21:45:42,162] {logging_mixin.py:115} INFO - [2023-07-15 21:45:42,162] {dag.py:2379} INFO - Sync 1 DAGs
[2023-07-15 21:45:42,208] {logging_mixin.py:115} INFO - [2023-07-15 21:45:42,207] {dag.py:2927} INFO - Setting next_dagrun for example_branch_datetime_operator_2 to 2023-07-15T00:00:00+00:00, run_after=2023-07-16T00:00:00+00:00
[2023-07-15 21:45:42,233] {processor.py:161} INFO - Processing /home/lucas/.local/lib/python3.10/site-packages/airflow/example_dags/example_branch_datetime_operator.py took 0.133 seconds
[2023-07-15 21:46:19,172] {processor.py:153} INFO - Started process (PID=8097) to work on /home/lucas/.local/lib/python3.10/site-packages/airflow/example_dags/example_branch_datetime_operator.py
[2023-07-15 21:46:19,175] {processor.py:641} INFO - Processing file /home/lucas/.local/lib/python3.10/site-packages/airflow/example_dags/example_branch_datetime_operator.py for tasks to queue
[2023-07-15 21:46:19,176] {logging_mixin.py:115} INFO - [2023-07-15 21:46:19,176] {dagbag.py:507} INFO - Filling up the DagBag from /home/lucas/.local/lib/python3.10/site-packages/airflow/example_dags/example_branch_datetime_operator.py
[2023-07-15 21:46:19,195] {processor.py:651} INFO - DAG(s) dict_keys(['example_branch_datetime_operator_2']) retrieved from /home/lucas/.local/lib/python3.10/site-packages/airflow/example_dags/example_branch_datetime_operator.py
[2023-07-15 21:46:19,230] {logging_mixin.py:115} INFO - [2023-07-15 21:46:19,230] {dag.py:2379} INFO - Sync 1 DAGs
[2023-07-15 21:46:19,275] {logging_mixin.py:115} INFO - [2023-07-15 21:46:19,275] {dag.py:2927} INFO - Setting next_dagrun for example_branch_datetime_operator_2 to 2023-07-15T00:00:00+00:00, run_after=2023-07-16T00:00:00+00:00
[2023-07-15 21:46:19,302] {processor.py:161} INFO - Processing /home/lucas/.local/lib/python3.10/site-packages/airflow/example_dags/example_branch_datetime_operator.py took 0.136 seconds
[2023-07-15 21:46:58,959] {processor.py:153} INFO - Started process (PID=8151) to work on /home/lucas/.local/lib/python3.10/site-packages/airflow/example_dags/example_branch_datetime_operator.py
[2023-07-15 21:46:58,962] {processor.py:641} INFO - Processing file /home/lucas/.local/lib/python3.10/site-packages/airflow/example_dags/example_branch_datetime_operator.py for tasks to queue
[2023-07-15 21:46:58,963] {logging_mixin.py:115} INFO - [2023-07-15 21:46:58,963] {dagbag.py:507} INFO - Filling up the DagBag from /home/lucas/.local/lib/python3.10/site-packages/airflow/example_dags/example_branch_datetime_operator.py
[2023-07-15 21:46:58,981] {processor.py:651} INFO - DAG(s) dict_keys(['example_branch_datetime_operator_2']) retrieved from /home/lucas/.local/lib/python3.10/site-packages/airflow/example_dags/example_branch_datetime_operator.py
[2023-07-15 21:46:59,014] {logging_mixin.py:115} INFO - [2023-07-15 21:46:59,014] {dag.py:2379} INFO - Sync 1 DAGs
[2023-07-15 21:46:59,058] {logging_mixin.py:115} INFO - [2023-07-15 21:46:59,058] {dag.py:2927} INFO - Setting next_dagrun for example_branch_datetime_operator_2 to 2023-07-15T00:00:00+00:00, run_after=2023-07-16T00:00:00+00:00
[2023-07-15 21:46:59,084] {processor.py:161} INFO - Processing /home/lucas/.local/lib/python3.10/site-packages/airflow/example_dags/example_branch_datetime_operator.py took 0.131 seconds
[2023-07-15 21:47:36,281] {processor.py:153} INFO - Started process (PID=8210) to work on /home/lucas/.local/lib/python3.10/site-packages/airflow/example_dags/example_branch_datetime_operator.py
[2023-07-15 21:47:36,282] {processor.py:641} INFO - Processing file /home/lucas/.local/lib/python3.10/site-packages/airflow/example_dags/example_branch_datetime_operator.py for tasks to queue
[2023-07-15 21:47:36,283] {logging_mixin.py:115} INFO - [2023-07-15 21:47:36,283] {dagbag.py:507} INFO - Filling up the DagBag from /home/lucas/.local/lib/python3.10/site-packages/airflow/example_dags/example_branch_datetime_operator.py
[2023-07-15 21:47:36,303] {processor.py:651} INFO - DAG(s) dict_keys(['example_branch_datetime_operator_2']) retrieved from /home/lucas/.local/lib/python3.10/site-packages/airflow/example_dags/example_branch_datetime_operator.py
[2023-07-15 21:47:36,339] {logging_mixin.py:115} INFO - [2023-07-15 21:47:36,339] {dag.py:2379} INFO - Sync 1 DAGs
[2023-07-15 21:47:36,388] {logging_mixin.py:115} INFO - [2023-07-15 21:47:36,388] {dag.py:2927} INFO - Setting next_dagrun for example_branch_datetime_operator_2 to 2023-07-15T00:00:00+00:00, run_after=2023-07-16T00:00:00+00:00
[2023-07-15 21:47:36,417] {processor.py:161} INFO - Processing /home/lucas/.local/lib/python3.10/site-packages/airflow/example_dags/example_branch_datetime_operator.py took 0.143 seconds
[2023-07-15 21:48:22,140] {processor.py:153} INFO - Started process (PID=8275) to work on /home/lucas/.local/lib/python3.10/site-packages/airflow/example_dags/example_branch_datetime_operator.py
[2023-07-15 21:48:22,143] {processor.py:641} INFO - Processing file /home/lucas/.local/lib/python3.10/site-packages/airflow/example_dags/example_branch_datetime_operator.py for tasks to queue
[2023-07-15 21:48:22,144] {logging_mixin.py:115} INFO - [2023-07-15 21:48:22,144] {dagbag.py:507} INFO - Filling up the DagBag from /home/lucas/.local/lib/python3.10/site-packages/airflow/example_dags/example_branch_datetime_operator.py
[2023-07-15 21:48:22,162] {processor.py:651} INFO - DAG(s) dict_keys(['example_branch_datetime_operator_2']) retrieved from /home/lucas/.local/lib/python3.10/site-packages/airflow/example_dags/example_branch_datetime_operator.py
[2023-07-15 21:48:22,194] {logging_mixin.py:115} INFO - [2023-07-15 21:48:22,194] {dag.py:2379} INFO - Sync 1 DAGs
[2023-07-15 21:48:22,240] {logging_mixin.py:115} INFO - [2023-07-15 21:48:22,240] {dag.py:2927} INFO - Setting next_dagrun for example_branch_datetime_operator_2 to 2023-07-15T00:00:00+00:00, run_after=2023-07-16T00:00:00+00:00
[2023-07-15 21:48:22,268] {processor.py:161} INFO - Processing /home/lucas/.local/lib/python3.10/site-packages/airflow/example_dags/example_branch_datetime_operator.py took 0.133 seconds
[2023-07-15 21:48:59,962] {processor.py:153} INFO - Started process (PID=8365) to work on /home/lucas/.local/lib/python3.10/site-packages/airflow/example_dags/example_branch_datetime_operator.py
[2023-07-15 21:48:59,966] {processor.py:641} INFO - Processing file /home/lucas/.local/lib/python3.10/site-packages/airflow/example_dags/example_branch_datetime_operator.py for tasks to queue
[2023-07-15 21:48:59,967] {logging_mixin.py:115} INFO - [2023-07-15 21:48:59,967] {dagbag.py:507} INFO - Filling up the DagBag from /home/lucas/.local/lib/python3.10/site-packages/airflow/example_dags/example_branch_datetime_operator.py
[2023-07-15 21:48:59,984] {processor.py:651} INFO - DAG(s) dict_keys(['example_branch_datetime_operator_2']) retrieved from /home/lucas/.local/lib/python3.10/site-packages/airflow/example_dags/example_branch_datetime_operator.py
[2023-07-15 21:49:00,018] {logging_mixin.py:115} INFO - [2023-07-15 21:49:00,018] {dag.py:2379} INFO - Sync 1 DAGs
[2023-07-15 21:49:00,065] {logging_mixin.py:115} INFO - [2023-07-15 21:49:00,064] {dag.py:2927} INFO - Setting next_dagrun for example_branch_datetime_operator_2 to 2023-07-15T00:00:00+00:00, run_after=2023-07-16T00:00:00+00:00
[2023-07-15 21:49:00,091] {processor.py:161} INFO - Processing /home/lucas/.local/lib/python3.10/site-packages/airflow/example_dags/example_branch_datetime_operator.py took 0.134 seconds
[2023-07-15 21:49:38,234] {processor.py:153} INFO - Started process (PID=8414) to work on /home/lucas/.local/lib/python3.10/site-packages/airflow/example_dags/example_branch_datetime_operator.py
[2023-07-15 21:49:38,235] {processor.py:641} INFO - Processing file /home/lucas/.local/lib/python3.10/site-packages/airflow/example_dags/example_branch_datetime_operator.py for tasks to queue
[2023-07-15 21:49:38,236] {logging_mixin.py:115} INFO - [2023-07-15 21:49:38,236] {dagbag.py:507} INFO - Filling up the DagBag from /home/lucas/.local/lib/python3.10/site-packages/airflow/example_dags/example_branch_datetime_operator.py
[2023-07-15 21:49:38,253] {processor.py:651} INFO - DAG(s) dict_keys(['example_branch_datetime_operator_2']) retrieved from /home/lucas/.local/lib/python3.10/site-packages/airflow/example_dags/example_branch_datetime_operator.py
[2023-07-15 21:49:38,286] {logging_mixin.py:115} INFO - [2023-07-15 21:49:38,286] {dag.py:2379} INFO - Sync 1 DAGs
[2023-07-15 21:49:38,330] {logging_mixin.py:115} INFO - [2023-07-15 21:49:38,330] {dag.py:2927} INFO - Setting next_dagrun for example_branch_datetime_operator_2 to 2023-07-15T00:00:00+00:00, run_after=2023-07-16T00:00:00+00:00
[2023-07-15 21:49:38,356] {processor.py:161} INFO - Processing /home/lucas/.local/lib/python3.10/site-packages/airflow/example_dags/example_branch_datetime_operator.py took 0.128 seconds
[2023-07-15 21:50:19,120] {processor.py:153} INFO - Started process (PID=8506) to work on /home/lucas/.local/lib/python3.10/site-packages/airflow/example_dags/example_branch_datetime_operator.py
[2023-07-15 21:50:19,124] {processor.py:641} INFO - Processing file /home/lucas/.local/lib/python3.10/site-packages/airflow/example_dags/example_branch_datetime_operator.py for tasks to queue
[2023-07-15 21:50:19,125] {logging_mixin.py:115} INFO - [2023-07-15 21:50:19,125] {dagbag.py:507} INFO - Filling up the DagBag from /home/lucas/.local/lib/python3.10/site-packages/airflow/example_dags/example_branch_datetime_operator.py
[2023-07-15 21:50:19,146] {processor.py:651} INFO - DAG(s) dict_keys(['example_branch_datetime_operator_2']) retrieved from /home/lucas/.local/lib/python3.10/site-packages/airflow/example_dags/example_branch_datetime_operator.py
[2023-07-15 21:50:19,183] {logging_mixin.py:115} INFO - [2023-07-15 21:50:19,183] {dag.py:2379} INFO - Sync 1 DAGs
[2023-07-15 21:50:19,231] {logging_mixin.py:115} INFO - [2023-07-15 21:50:19,230] {dag.py:2927} INFO - Setting next_dagrun for example_branch_datetime_operator_2 to 2023-07-15T00:00:00+00:00, run_after=2023-07-16T00:00:00+00:00
[2023-07-15 21:50:19,259] {processor.py:161} INFO - Processing /home/lucas/.local/lib/python3.10/site-packages/airflow/example_dags/example_branch_datetime_operator.py took 0.147 seconds
[2023-07-15 21:50:59,415] {processor.py:153} INFO - Started process (PID=8603) to work on /home/lucas/.local/lib/python3.10/site-packages/airflow/example_dags/example_branch_datetime_operator.py
[2023-07-15 21:50:59,417] {processor.py:641} INFO - Processing file /home/lucas/.local/lib/python3.10/site-packages/airflow/example_dags/example_branch_datetime_operator.py for tasks to queue
[2023-07-15 21:50:59,418] {logging_mixin.py:115} INFO - [2023-07-15 21:50:59,417] {dagbag.py:507} INFO - Filling up the DagBag from /home/lucas/.local/lib/python3.10/site-packages/airflow/example_dags/example_branch_datetime_operator.py
[2023-07-15 21:50:59,434] {processor.py:651} INFO - DAG(s) dict_keys(['example_branch_datetime_operator_2']) retrieved from /home/lucas/.local/lib/python3.10/site-packages/airflow/example_dags/example_branch_datetime_operator.py
[2023-07-15 21:50:59,467] {logging_mixin.py:115} INFO - [2023-07-15 21:50:59,466] {dag.py:2379} INFO - Sync 1 DAGs
[2023-07-15 21:50:59,522] {logging_mixin.py:115} INFO - [2023-07-15 21:50:59,522] {dag.py:2927} INFO - Setting next_dagrun for example_branch_datetime_operator_2 to 2023-07-15T00:00:00+00:00, run_after=2023-07-16T00:00:00+00:00
[2023-07-15 21:50:59,548] {processor.py:161} INFO - Processing /home/lucas/.local/lib/python3.10/site-packages/airflow/example_dags/example_branch_datetime_operator.py took 0.138 seconds
[2023-07-15 21:51:36,055] {processor.py:153} INFO - Started process (PID=8648) to work on /home/lucas/.local/lib/python3.10/site-packages/airflow/example_dags/example_branch_datetime_operator.py
[2023-07-15 21:51:36,059] {processor.py:641} INFO - Processing file /home/lucas/.local/lib/python3.10/site-packages/airflow/example_dags/example_branch_datetime_operator.py for tasks to queue
[2023-07-15 21:51:36,060] {logging_mixin.py:115} INFO - [2023-07-15 21:51:36,059] {dagbag.py:507} INFO - Filling up the DagBag from /home/lucas/.local/lib/python3.10/site-packages/airflow/example_dags/example_branch_datetime_operator.py
[2023-07-15 21:51:36,077] {processor.py:651} INFO - DAG(s) dict_keys(['example_branch_datetime_operator_2']) retrieved from /home/lucas/.local/lib/python3.10/site-packages/airflow/example_dags/example_branch_datetime_operator.py
[2023-07-15 21:51:36,111] {logging_mixin.py:115} INFO - [2023-07-15 21:51:36,110] {dag.py:2379} INFO - Sync 1 DAGs
[2023-07-15 21:51:36,156] {logging_mixin.py:115} INFO - [2023-07-15 21:51:36,155] {dag.py:2927} INFO - Setting next_dagrun for example_branch_datetime_operator_2 to 2023-07-15T00:00:00+00:00, run_after=2023-07-16T00:00:00+00:00
[2023-07-15 21:51:36,182] {processor.py:161} INFO - Processing /home/lucas/.local/lib/python3.10/site-packages/airflow/example_dags/example_branch_datetime_operator.py took 0.132 seconds
[2023-07-15 21:52:12,154] {processor.py:153} INFO - Started process (PID=9088) to work on /home/lucas/.local/lib/python3.10/site-packages/airflow/example_dags/example_branch_datetime_operator.py
[2023-07-15 21:52:12,155] {processor.py:641} INFO - Processing file /home/lucas/.local/lib/python3.10/site-packages/airflow/example_dags/example_branch_datetime_operator.py for tasks to queue
[2023-07-15 21:52:12,156] {logging_mixin.py:115} INFO - [2023-07-15 21:52:12,156] {dagbag.py:507} INFO - Filling up the DagBag from /home/lucas/.local/lib/python3.10/site-packages/airflow/example_dags/example_branch_datetime_operator.py
[2023-07-15 21:52:12,173] {processor.py:651} INFO - DAG(s) dict_keys(['example_branch_datetime_operator_2']) retrieved from /home/lucas/.local/lib/python3.10/site-packages/airflow/example_dags/example_branch_datetime_operator.py
[2023-07-15 21:52:12,206] {logging_mixin.py:115} INFO - [2023-07-15 21:52:12,206] {dag.py:2379} INFO - Sync 1 DAGs
[2023-07-15 21:52:12,251] {logging_mixin.py:115} INFO - [2023-07-15 21:52:12,251] {dag.py:2927} INFO - Setting next_dagrun for example_branch_datetime_operator_2 to 2023-07-15T00:00:00+00:00, run_after=2023-07-16T00:00:00+00:00
[2023-07-15 21:52:12,276] {processor.py:161} INFO - Processing /home/lucas/.local/lib/python3.10/site-packages/airflow/example_dags/example_branch_datetime_operator.py took 0.127 seconds
[2023-07-15 21:52:49,568] {processor.py:153} INFO - Started process (PID=9156) to work on /home/lucas/.local/lib/python3.10/site-packages/airflow/example_dags/example_branch_datetime_operator.py
[2023-07-15 21:52:49,572] {processor.py:641} INFO - Processing file /home/lucas/.local/lib/python3.10/site-packages/airflow/example_dags/example_branch_datetime_operator.py for tasks to queue
[2023-07-15 21:52:49,573] {logging_mixin.py:115} INFO - [2023-07-15 21:52:49,573] {dagbag.py:507} INFO - Filling up the DagBag from /home/lucas/.local/lib/python3.10/site-packages/airflow/example_dags/example_branch_datetime_operator.py
[2023-07-15 21:52:49,590] {processor.py:651} INFO - DAG(s) dict_keys(['example_branch_datetime_operator_2']) retrieved from /home/lucas/.local/lib/python3.10/site-packages/airflow/example_dags/example_branch_datetime_operator.py
[2023-07-15 21:52:49,623] {logging_mixin.py:115} INFO - [2023-07-15 21:52:49,623] {dag.py:2379} INFO - Sync 1 DAGs
[2023-07-15 21:52:49,667] {logging_mixin.py:115} INFO - [2023-07-15 21:52:49,667] {dag.py:2927} INFO - Setting next_dagrun for example_branch_datetime_operator_2 to 2023-07-15T00:00:00+00:00, run_after=2023-07-16T00:00:00+00:00
[2023-07-15 21:52:49,694] {processor.py:161} INFO - Processing /home/lucas/.local/lib/python3.10/site-packages/airflow/example_dags/example_branch_datetime_operator.py took 0.131 seconds
[2023-07-15 21:53:31,566] {processor.py:153} INFO - Started process (PID=9283) to work on /home/lucas/.local/lib/python3.10/site-packages/airflow/example_dags/example_branch_datetime_operator.py
[2023-07-15 21:53:31,570] {processor.py:641} INFO - Processing file /home/lucas/.local/lib/python3.10/site-packages/airflow/example_dags/example_branch_datetime_operator.py for tasks to queue
[2023-07-15 21:53:31,570] {logging_mixin.py:115} INFO - [2023-07-15 21:53:31,570] {dagbag.py:507} INFO - Filling up the DagBag from /home/lucas/.local/lib/python3.10/site-packages/airflow/example_dags/example_branch_datetime_operator.py
[2023-07-15 21:53:31,574] {processor.py:651} INFO - DAG(s) dict_keys(['example_branch_datetime_operator_2']) retrieved from /home/lucas/.local/lib/python3.10/site-packages/airflow/example_dags/example_branch_datetime_operator.py
[2023-07-15 21:53:31,584] {logging_mixin.py:115} INFO - [2023-07-15 21:53:31,584] {dag.py:2379} INFO - Sync 1 DAGs
[2023-07-15 21:53:31,600] {logging_mixin.py:115} INFO - [2023-07-15 21:53:31,600] {dag.py:2927} INFO - Setting next_dagrun for example_branch_datetime_operator_2 to 2023-07-15T00:00:00+00:00, run_after=2023-07-16T00:00:00+00:00
[2023-07-15 21:53:31,617] {processor.py:161} INFO - Processing /home/lucas/.local/lib/python3.10/site-packages/airflow/example_dags/example_branch_datetime_operator.py took 0.052 seconds
[2023-07-15 21:54:10,497] {processor.py:153} INFO - Started process (PID=9385) to work on /home/lucas/.local/lib/python3.10/site-packages/airflow/example_dags/example_branch_datetime_operator.py
[2023-07-15 21:54:10,504] {processor.py:641} INFO - Processing file /home/lucas/.local/lib/python3.10/site-packages/airflow/example_dags/example_branch_datetime_operator.py for tasks to queue
[2023-07-15 21:54:10,505] {logging_mixin.py:115} INFO - [2023-07-15 21:54:10,505] {dagbag.py:507} INFO - Filling up the DagBag from /home/lucas/.local/lib/python3.10/site-packages/airflow/example_dags/example_branch_datetime_operator.py
[2023-07-15 21:54:10,521] {processor.py:651} INFO - DAG(s) dict_keys(['example_branch_datetime_operator_2']) retrieved from /home/lucas/.local/lib/python3.10/site-packages/airflow/example_dags/example_branch_datetime_operator.py
[2023-07-15 21:54:10,554] {logging_mixin.py:115} INFO - [2023-07-15 21:54:10,554] {dag.py:2379} INFO - Sync 1 DAGs
[2023-07-15 21:54:10,598] {logging_mixin.py:115} INFO - [2023-07-15 21:54:10,598] {dag.py:2927} INFO - Setting next_dagrun for example_branch_datetime_operator_2 to 2023-07-15T00:00:00+00:00, run_after=2023-07-16T00:00:00+00:00
[2023-07-15 21:54:10,625] {processor.py:161} INFO - Processing /home/lucas/.local/lib/python3.10/site-packages/airflow/example_dags/example_branch_datetime_operator.py took 0.133 seconds
[2023-07-15 21:54:48,342] {processor.py:153} INFO - Started process (PID=9608) to work on /home/lucas/.local/lib/python3.10/site-packages/airflow/example_dags/example_branch_datetime_operator.py
[2023-07-15 21:54:48,346] {processor.py:641} INFO - Processing file /home/lucas/.local/lib/python3.10/site-packages/airflow/example_dags/example_branch_datetime_operator.py for tasks to queue
[2023-07-15 21:54:48,347] {logging_mixin.py:115} INFO - [2023-07-15 21:54:48,347] {dagbag.py:507} INFO - Filling up the DagBag from /home/lucas/.local/lib/python3.10/site-packages/airflow/example_dags/example_branch_datetime_operator.py
[2023-07-15 21:54:48,364] {processor.py:651} INFO - DAG(s) dict_keys(['example_branch_datetime_operator_2']) retrieved from /home/lucas/.local/lib/python3.10/site-packages/airflow/example_dags/example_branch_datetime_operator.py
[2023-07-15 21:54:48,394] {logging_mixin.py:115} INFO - [2023-07-15 21:54:48,394] {dag.py:2379} INFO - Sync 1 DAGs
[2023-07-15 21:54:48,441] {logging_mixin.py:115} INFO - [2023-07-15 21:54:48,441] {dag.py:2927} INFO - Setting next_dagrun for example_branch_datetime_operator_2 to 2023-07-15T00:00:00+00:00, run_after=2023-07-16T00:00:00+00:00
[2023-07-15 21:54:48,467] {processor.py:161} INFO - Processing /home/lucas/.local/lib/python3.10/site-packages/airflow/example_dags/example_branch_datetime_operator.py took 0.129 seconds
[2023-07-15 21:55:25,165] {processor.py:153} INFO - Started process (PID=9757) to work on /home/lucas/.local/lib/python3.10/site-packages/airflow/example_dags/example_branch_datetime_operator.py
[2023-07-15 21:55:25,169] {processor.py:641} INFO - Processing file /home/lucas/.local/lib/python3.10/site-packages/airflow/example_dags/example_branch_datetime_operator.py for tasks to queue
[2023-07-15 21:55:25,170] {logging_mixin.py:115} INFO - [2023-07-15 21:55:25,170] {dagbag.py:507} INFO - Filling up the DagBag from /home/lucas/.local/lib/python3.10/site-packages/airflow/example_dags/example_branch_datetime_operator.py
[2023-07-15 21:55:25,187] {processor.py:651} INFO - DAG(s) dict_keys(['example_branch_datetime_operator_2']) retrieved from /home/lucas/.local/lib/python3.10/site-packages/airflow/example_dags/example_branch_datetime_operator.py
[2023-07-15 21:55:25,222] {logging_mixin.py:115} INFO - [2023-07-15 21:55:25,222] {dag.py:2379} INFO - Sync 1 DAGs
[2023-07-15 21:55:25,266] {logging_mixin.py:115} INFO - [2023-07-15 21:55:25,266] {dag.py:2927} INFO - Setting next_dagrun for example_branch_datetime_operator_2 to 2023-07-15T00:00:00+00:00, run_after=2023-07-16T00:00:00+00:00
[2023-07-15 21:55:25,293] {processor.py:161} INFO - Processing /home/lucas/.local/lib/python3.10/site-packages/airflow/example_dags/example_branch_datetime_operator.py took 0.133 seconds
[2023-07-15 21:56:02,419] {processor.py:153} INFO - Started process (PID=9818) to work on /home/lucas/.local/lib/python3.10/site-packages/airflow/example_dags/example_branch_datetime_operator.py
[2023-07-15 21:56:02,423] {processor.py:641} INFO - Processing file /home/lucas/.local/lib/python3.10/site-packages/airflow/example_dags/example_branch_datetime_operator.py for tasks to queue
[2023-07-15 21:56:02,424] {logging_mixin.py:115} INFO - [2023-07-15 21:56:02,424] {dagbag.py:507} INFO - Filling up the DagBag from /home/lucas/.local/lib/python3.10/site-packages/airflow/example_dags/example_branch_datetime_operator.py
[2023-07-15 21:56:02,440] {processor.py:651} INFO - DAG(s) dict_keys(['example_branch_datetime_operator_2']) retrieved from /home/lucas/.local/lib/python3.10/site-packages/airflow/example_dags/example_branch_datetime_operator.py
[2023-07-15 21:56:02,474] {logging_mixin.py:115} INFO - [2023-07-15 21:56:02,473] {dag.py:2379} INFO - Sync 1 DAGs
[2023-07-15 21:56:02,518] {logging_mixin.py:115} INFO - [2023-07-15 21:56:02,517] {dag.py:2927} INFO - Setting next_dagrun for example_branch_datetime_operator_2 to 2023-07-15T00:00:00+00:00, run_after=2023-07-16T00:00:00+00:00
[2023-07-15 21:56:02,543] {processor.py:161} INFO - Processing /home/lucas/.local/lib/python3.10/site-packages/airflow/example_dags/example_branch_datetime_operator.py took 0.129 seconds
[2023-07-15 21:56:44,442] {processor.py:153} INFO - Started process (PID=9890) to work on /home/lucas/.local/lib/python3.10/site-packages/airflow/example_dags/example_branch_datetime_operator.py
[2023-07-15 21:56:44,443] {processor.py:641} INFO - Processing file /home/lucas/.local/lib/python3.10/site-packages/airflow/example_dags/example_branch_datetime_operator.py for tasks to queue
[2023-07-15 21:56:44,444] {logging_mixin.py:115} INFO - [2023-07-15 21:56:44,444] {dagbag.py:507} INFO - Filling up the DagBag from /home/lucas/.local/lib/python3.10/site-packages/airflow/example_dags/example_branch_datetime_operator.py
[2023-07-15 21:56:44,464] {processor.py:651} INFO - DAG(s) dict_keys(['example_branch_datetime_operator_2']) retrieved from /home/lucas/.local/lib/python3.10/site-packages/airflow/example_dags/example_branch_datetime_operator.py
[2023-07-15 21:56:44,509] {logging_mixin.py:115} INFO - [2023-07-15 21:56:44,509] {dag.py:2379} INFO - Sync 1 DAGs
[2023-07-15 21:56:44,557] {logging_mixin.py:115} INFO - [2023-07-15 21:56:44,556] {dag.py:2927} INFO - Setting next_dagrun for example_branch_datetime_operator_2 to 2023-07-15T00:00:00+00:00, run_after=2023-07-16T00:00:00+00:00
[2023-07-15 21:56:44,582] {processor.py:161} INFO - Processing /home/lucas/.local/lib/python3.10/site-packages/airflow/example_dags/example_branch_datetime_operator.py took 0.145 seconds
[2023-07-15 21:57:29,821] {processor.py:153} INFO - Started process (PID=9990) to work on /home/lucas/.local/lib/python3.10/site-packages/airflow/example_dags/example_branch_datetime_operator.py
[2023-07-15 21:57:29,825] {processor.py:641} INFO - Processing file /home/lucas/.local/lib/python3.10/site-packages/airflow/example_dags/example_branch_datetime_operator.py for tasks to queue
[2023-07-15 21:57:29,826] {logging_mixin.py:115} INFO - [2023-07-15 21:57:29,826] {dagbag.py:507} INFO - Filling up the DagBag from /home/lucas/.local/lib/python3.10/site-packages/airflow/example_dags/example_branch_datetime_operator.py
[2023-07-15 21:57:29,845] {processor.py:651} INFO - DAG(s) dict_keys(['example_branch_datetime_operator_2']) retrieved from /home/lucas/.local/lib/python3.10/site-packages/airflow/example_dags/example_branch_datetime_operator.py
[2023-07-15 21:57:29,879] {logging_mixin.py:115} INFO - [2023-07-15 21:57:29,879] {dag.py:2379} INFO - Sync 1 DAGs
[2023-07-15 21:57:29,923] {logging_mixin.py:115} INFO - [2023-07-15 21:57:29,923] {dag.py:2927} INFO - Setting next_dagrun for example_branch_datetime_operator_2 to 2023-07-15T00:00:00+00:00, run_after=2023-07-16T00:00:00+00:00
[2023-07-15 21:57:29,949] {processor.py:161} INFO - Processing /home/lucas/.local/lib/python3.10/site-packages/airflow/example_dags/example_branch_datetime_operator.py took 0.134 seconds
[2023-07-15 21:58:13,927] {processor.py:153} INFO - Started process (PID=10081) to work on /home/lucas/.local/lib/python3.10/site-packages/airflow/example_dags/example_branch_datetime_operator.py
[2023-07-15 21:58:13,928] {processor.py:641} INFO - Processing file /home/lucas/.local/lib/python3.10/site-packages/airflow/example_dags/example_branch_datetime_operator.py for tasks to queue
[2023-07-15 21:58:13,929] {logging_mixin.py:115} INFO - [2023-07-15 21:58:13,929] {dagbag.py:507} INFO - Filling up the DagBag from /home/lucas/.local/lib/python3.10/site-packages/airflow/example_dags/example_branch_datetime_operator.py
[2023-07-15 21:58:13,948] {processor.py:651} INFO - DAG(s) dict_keys(['example_branch_datetime_operator_2']) retrieved from /home/lucas/.local/lib/python3.10/site-packages/airflow/example_dags/example_branch_datetime_operator.py
[2023-07-15 21:58:13,987] {logging_mixin.py:115} INFO - [2023-07-15 21:58:13,987] {dag.py:2379} INFO - Sync 1 DAGs
[2023-07-15 21:58:14,042] {logging_mixin.py:115} INFO - [2023-07-15 21:58:14,042] {dag.py:2927} INFO - Setting next_dagrun for example_branch_datetime_operator_2 to 2023-07-15T00:00:00+00:00, run_after=2023-07-16T00:00:00+00:00
[2023-07-15 21:58:14,071] {processor.py:161} INFO - Processing /home/lucas/.local/lib/python3.10/site-packages/airflow/example_dags/example_branch_datetime_operator.py took 0.149 seconds
[2023-07-15 21:58:50,797] {processor.py:153} INFO - Started process (PID=10186) to work on /home/lucas/.local/lib/python3.10/site-packages/airflow/example_dags/example_branch_datetime_operator.py
[2023-07-15 21:58:50,801] {processor.py:641} INFO - Processing file /home/lucas/.local/lib/python3.10/site-packages/airflow/example_dags/example_branch_datetime_operator.py for tasks to queue
[2023-07-15 21:58:50,802] {logging_mixin.py:115} INFO - [2023-07-15 21:58:50,802] {dagbag.py:507} INFO - Filling up the DagBag from /home/lucas/.local/lib/python3.10/site-packages/airflow/example_dags/example_branch_datetime_operator.py
[2023-07-15 21:58:50,820] {processor.py:651} INFO - DAG(s) dict_keys(['example_branch_datetime_operator_2']) retrieved from /home/lucas/.local/lib/python3.10/site-packages/airflow/example_dags/example_branch_datetime_operator.py
[2023-07-15 21:58:50,851] {logging_mixin.py:115} INFO - [2023-07-15 21:58:50,851] {dag.py:2379} INFO - Sync 1 DAGs
[2023-07-15 21:58:50,904] {logging_mixin.py:115} INFO - [2023-07-15 21:58:50,904] {dag.py:2927} INFO - Setting next_dagrun for example_branch_datetime_operator_2 to 2023-07-15T00:00:00+00:00, run_after=2023-07-16T00:00:00+00:00
[2023-07-15 21:58:50,934] {processor.py:161} INFO - Processing /home/lucas/.local/lib/python3.10/site-packages/airflow/example_dags/example_branch_datetime_operator.py took 0.143 seconds
