[2023-07-15 21:44:01,376] {processor.py:153} INFO - Started process (PID=7142) to work on /home/lucas/.local/lib/python3.10/site-packages/airflow/example_dags/example_latest_only.py
[2023-07-15 21:44:01,377] {processor.py:641} INFO - Processing file /home/lucas/.local/lib/python3.10/site-packages/airflow/example_dags/example_latest_only.py for tasks to queue
[2023-07-15 21:44:01,378] {logging_mixin.py:115} INFO - [2023-07-15 21:44:01,377] {dagbag.py:507} INFO - Filling up the DagBag from /home/lucas/.local/lib/python3.10/site-packages/airflow/example_dags/example_latest_only.py
[2023-07-15 21:44:01,396] {processor.py:651} INFO - DAG(s) dict_keys(['latest_only']) retrieved from /home/lucas/.local/lib/python3.10/site-packages/airflow/example_dags/example_latest_only.py
[2023-07-15 21:44:01,537] {logging_mixin.py:115} INFO - [2023-07-15 21:44:01,537] {manager.py:508} INFO - Created Permission View: can read on DAG:latest_only
[2023-07-15 21:44:01,556] {logging_mixin.py:115} INFO - [2023-07-15 21:44:01,556] {manager.py:508} INFO - Created Permission View: can delete on DAG:latest_only
[2023-07-15 21:44:01,571] {logging_mixin.py:115} INFO - [2023-07-15 21:44:01,571] {manager.py:508} INFO - Created Permission View: can edit on DAG:latest_only
[2023-07-15 21:44:01,572] {logging_mixin.py:115} INFO - [2023-07-15 21:44:01,572] {dag.py:2379} INFO - Sync 1 DAGs
[2023-07-15 21:44:01,589] {logging_mixin.py:115} INFO - [2023-07-15 21:44:01,589] {dag.py:2398} INFO - Creating ORM DAG for latest_only
[2023-07-15 21:44:01,612] {logging_mixin.py:115} INFO - [2023-07-15 21:44:01,612] {dag.py:2927} INFO - Setting next_dagrun for latest_only to 2023-07-15T20:44:01.611642+00:00, run_after=2023-07-16T00:44:01.611642+00:00
[2023-07-15 21:44:01,641] {processor.py:161} INFO - Processing /home/lucas/.local/lib/python3.10/site-packages/airflow/example_dags/example_latest_only.py took 0.271 seconds
[2023-07-15 21:44:43,356] {processor.py:153} INFO - Started process (PID=7939) to work on /home/lucas/.local/lib/python3.10/site-packages/airflow/example_dags/example_latest_only.py
[2023-07-15 21:44:43,360] {processor.py:641} INFO - Processing file /home/lucas/.local/lib/python3.10/site-packages/airflow/example_dags/example_latest_only.py for tasks to queue
[2023-07-15 21:44:43,360] {logging_mixin.py:115} INFO - [2023-07-15 21:44:43,360] {dagbag.py:507} INFO - Filling up the DagBag from /home/lucas/.local/lib/python3.10/site-packages/airflow/example_dags/example_latest_only.py
[2023-07-15 21:44:43,373] {processor.py:651} INFO - DAG(s) dict_keys(['latest_only']) retrieved from /home/lucas/.local/lib/python3.10/site-packages/airflow/example_dags/example_latest_only.py
[2023-07-15 21:44:43,406] {logging_mixin.py:115} INFO - [2023-07-15 21:44:43,406] {dag.py:2379} INFO - Sync 1 DAGs
[2023-07-15 21:44:43,453] {logging_mixin.py:115} INFO - [2023-07-15 21:44:43,452] {dag.py:2927} INFO - Setting next_dagrun for latest_only to 2023-07-15T20:44:43.452168+00:00, run_after=2023-07-16T00:44:43.452168+00:00
[2023-07-15 21:44:43,481] {processor.py:161} INFO - Processing /home/lucas/.local/lib/python3.10/site-packages/airflow/example_dags/example_latest_only.py took 0.132 seconds
[2023-07-15 21:45:24,277] {processor.py:153} INFO - Started process (PID=8035) to work on /home/lucas/.local/lib/python3.10/site-packages/airflow/example_dags/example_latest_only.py
[2023-07-15 21:45:24,281] {processor.py:641} INFO - Processing file /home/lucas/.local/lib/python3.10/site-packages/airflow/example_dags/example_latest_only.py for tasks to queue
[2023-07-15 21:45:24,282] {logging_mixin.py:115} INFO - [2023-07-15 21:45:24,282] {dagbag.py:507} INFO - Filling up the DagBag from /home/lucas/.local/lib/python3.10/site-packages/airflow/example_dags/example_latest_only.py
[2023-07-15 21:45:24,294] {processor.py:651} INFO - DAG(s) dict_keys(['latest_only']) retrieved from /home/lucas/.local/lib/python3.10/site-packages/airflow/example_dags/example_latest_only.py
[2023-07-15 21:45:24,328] {logging_mixin.py:115} INFO - [2023-07-15 21:45:24,328] {dag.py:2379} INFO - Sync 1 DAGs
[2023-07-15 21:45:24,371] {logging_mixin.py:115} INFO - [2023-07-15 21:45:24,371] {dag.py:2927} INFO - Setting next_dagrun for latest_only to 2023-07-15T20:45:24.370594+00:00, run_after=2023-07-16T00:45:24.370594+00:00
[2023-07-15 21:45:24,397] {processor.py:161} INFO - Processing /home/lucas/.local/lib/python3.10/site-packages/airflow/example_dags/example_latest_only.py took 0.126 seconds
[2023-07-15 21:46:01,253] {processor.py:153} INFO - Started process (PID=8076) to work on /home/lucas/.local/lib/python3.10/site-packages/airflow/example_dags/example_latest_only.py
[2023-07-15 21:46:01,257] {processor.py:641} INFO - Processing file /home/lucas/.local/lib/python3.10/site-packages/airflow/example_dags/example_latest_only.py for tasks to queue
[2023-07-15 21:46:01,258] {logging_mixin.py:115} INFO - [2023-07-15 21:46:01,258] {dagbag.py:507} INFO - Filling up the DagBag from /home/lucas/.local/lib/python3.10/site-packages/airflow/example_dags/example_latest_only.py
[2023-07-15 21:46:01,269] {processor.py:651} INFO - DAG(s) dict_keys(['latest_only']) retrieved from /home/lucas/.local/lib/python3.10/site-packages/airflow/example_dags/example_latest_only.py
[2023-07-15 21:46:01,302] {logging_mixin.py:115} INFO - [2023-07-15 21:46:01,302] {dag.py:2379} INFO - Sync 1 DAGs
[2023-07-15 21:46:01,342] {logging_mixin.py:115} INFO - [2023-07-15 21:46:01,342] {dag.py:2927} INFO - Setting next_dagrun for latest_only to 2023-07-15T20:46:01.342220+00:00, run_after=2023-07-16T00:46:01.342220+00:00
[2023-07-15 21:46:01,369] {processor.py:161} INFO - Processing /home/lucas/.local/lib/python3.10/site-packages/airflow/example_dags/example_latest_only.py took 0.120 seconds
[2023-07-15 21:46:41,163] {processor.py:153} INFO - Started process (PID=8130) to work on /home/lucas/.local/lib/python3.10/site-packages/airflow/example_dags/example_latest_only.py
[2023-07-15 21:46:41,167] {processor.py:641} INFO - Processing file /home/lucas/.local/lib/python3.10/site-packages/airflow/example_dags/example_latest_only.py for tasks to queue
[2023-07-15 21:46:41,168] {logging_mixin.py:115} INFO - [2023-07-15 21:46:41,168] {dagbag.py:507} INFO - Filling up the DagBag from /home/lucas/.local/lib/python3.10/site-packages/airflow/example_dags/example_latest_only.py
[2023-07-15 21:46:41,179] {processor.py:651} INFO - DAG(s) dict_keys(['latest_only']) retrieved from /home/lucas/.local/lib/python3.10/site-packages/airflow/example_dags/example_latest_only.py
[2023-07-15 21:46:41,212] {logging_mixin.py:115} INFO - [2023-07-15 21:46:41,212] {dag.py:2379} INFO - Sync 1 DAGs
[2023-07-15 21:46:41,254] {logging_mixin.py:115} INFO - [2023-07-15 21:46:41,254] {dag.py:2927} INFO - Setting next_dagrun for latest_only to 2023-07-15T20:46:41.253435+00:00, run_after=2023-07-16T00:46:41.253435+00:00
[2023-07-15 21:46:41,280] {processor.py:161} INFO - Processing /home/lucas/.local/lib/python3.10/site-packages/airflow/example_dags/example_latest_only.py took 0.123 seconds
[2023-07-15 21:47:17,844] {processor.py:153} INFO - Started process (PID=8187) to work on /home/lucas/.local/lib/python3.10/site-packages/airflow/example_dags/example_latest_only.py
[2023-07-15 21:47:17,848] {processor.py:641} INFO - Processing file /home/lucas/.local/lib/python3.10/site-packages/airflow/example_dags/example_latest_only.py for tasks to queue
[2023-07-15 21:47:17,849] {logging_mixin.py:115} INFO - [2023-07-15 21:47:17,849] {dagbag.py:507} INFO - Filling up the DagBag from /home/lucas/.local/lib/python3.10/site-packages/airflow/example_dags/example_latest_only.py
[2023-07-15 21:47:17,860] {processor.py:651} INFO - DAG(s) dict_keys(['latest_only']) retrieved from /home/lucas/.local/lib/python3.10/site-packages/airflow/example_dags/example_latest_only.py
[2023-07-15 21:47:17,894] {logging_mixin.py:115} INFO - [2023-07-15 21:47:17,894] {dag.py:2379} INFO - Sync 1 DAGs
[2023-07-15 21:47:17,935] {logging_mixin.py:115} INFO - [2023-07-15 21:47:17,935] {dag.py:2927} INFO - Setting next_dagrun for latest_only to 2023-07-15T20:47:17.935010+00:00, run_after=2023-07-16T00:47:17.935010+00:00
[2023-07-15 21:47:17,962] {processor.py:161} INFO - Processing /home/lucas/.local/lib/python3.10/site-packages/airflow/example_dags/example_latest_only.py took 0.124 seconds
[2023-07-15 21:48:01,728] {processor.py:153} INFO - Started process (PID=8241) to work on /home/lucas/.local/lib/python3.10/site-packages/airflow/example_dags/example_latest_only.py
[2023-07-15 21:48:01,731] {processor.py:641} INFO - Processing file /home/lucas/.local/lib/python3.10/site-packages/airflow/example_dags/example_latest_only.py for tasks to queue
[2023-07-15 21:48:01,732] {logging_mixin.py:115} INFO - [2023-07-15 21:48:01,732] {dagbag.py:507} INFO - Filling up the DagBag from /home/lucas/.local/lib/python3.10/site-packages/airflow/example_dags/example_latest_only.py
[2023-07-15 21:48:01,753] {processor.py:651} INFO - DAG(s) dict_keys(['latest_only']) retrieved from /home/lucas/.local/lib/python3.10/site-packages/airflow/example_dags/example_latest_only.py
[2023-07-15 21:48:01,811] {logging_mixin.py:115} INFO - [2023-07-15 21:48:01,811] {dag.py:2379} INFO - Sync 1 DAGs
[2023-07-15 21:48:01,872] {logging_mixin.py:115} INFO - [2023-07-15 21:48:01,871] {dag.py:2927} INFO - Setting next_dagrun for latest_only to 2023-07-15T20:48:01.871154+00:00, run_after=2023-07-16T00:48:01.871154+00:00
[2023-07-15 21:48:01,905] {processor.py:161} INFO - Processing /home/lucas/.local/lib/python3.10/site-packages/airflow/example_dags/example_latest_only.py took 0.184 seconds
[2023-07-15 21:48:40,044] {processor.py:153} INFO - Started process (PID=8293) to work on /home/lucas/.local/lib/python3.10/site-packages/airflow/example_dags/example_latest_only.py
[2023-07-15 21:48:40,048] {processor.py:641} INFO - Processing file /home/lucas/.local/lib/python3.10/site-packages/airflow/example_dags/example_latest_only.py for tasks to queue
[2023-07-15 21:48:40,049] {logging_mixin.py:115} INFO - [2023-07-15 21:48:40,049] {dagbag.py:507} INFO - Filling up the DagBag from /home/lucas/.local/lib/python3.10/site-packages/airflow/example_dags/example_latest_only.py
[2023-07-15 21:48:40,064] {processor.py:651} INFO - DAG(s) dict_keys(['latest_only']) retrieved from /home/lucas/.local/lib/python3.10/site-packages/airflow/example_dags/example_latest_only.py
[2023-07-15 21:48:40,104] {logging_mixin.py:115} INFO - [2023-07-15 21:48:40,104] {dag.py:2379} INFO - Sync 1 DAGs
[2023-07-15 21:48:40,145] {logging_mixin.py:115} INFO - [2023-07-15 21:48:40,144] {dag.py:2927} INFO - Setting next_dagrun for latest_only to 2023-07-15T20:48:40.144416+00:00, run_after=2023-07-16T00:48:40.144416+00:00
[2023-07-15 21:48:40,170] {processor.py:161} INFO - Processing /home/lucas/.local/lib/python3.10/site-packages/airflow/example_dags/example_latest_only.py took 0.131 seconds
[2023-07-15 21:49:17,216] {processor.py:153} INFO - Started process (PID=8388) to work on /home/lucas/.local/lib/python3.10/site-packages/airflow/example_dags/example_latest_only.py
[2023-07-15 21:49:17,219] {processor.py:641} INFO - Processing file /home/lucas/.local/lib/python3.10/site-packages/airflow/example_dags/example_latest_only.py for tasks to queue
[2023-07-15 21:49:17,220] {logging_mixin.py:115} INFO - [2023-07-15 21:49:17,220] {dagbag.py:507} INFO - Filling up the DagBag from /home/lucas/.local/lib/python3.10/site-packages/airflow/example_dags/example_latest_only.py
[2023-07-15 21:49:17,231] {processor.py:651} INFO - DAG(s) dict_keys(['latest_only']) retrieved from /home/lucas/.local/lib/python3.10/site-packages/airflow/example_dags/example_latest_only.py
[2023-07-15 21:49:17,264] {logging_mixin.py:115} INFO - [2023-07-15 21:49:17,264] {dag.py:2379} INFO - Sync 1 DAGs
[2023-07-15 21:49:17,305] {logging_mixin.py:115} INFO - [2023-07-15 21:49:17,304] {dag.py:2927} INFO - Setting next_dagrun for latest_only to 2023-07-15T20:49:17.304345+00:00, run_after=2023-07-16T00:49:17.304345+00:00
[2023-07-15 21:49:17,329] {processor.py:161} INFO - Processing /home/lucas/.local/lib/python3.10/site-packages/airflow/example_dags/example_latest_only.py took 0.119 seconds
[2023-07-15 21:49:52,421] {processor.py:153} INFO - Started process (PID=8461) to work on /home/lucas/.local/lib/python3.10/site-packages/airflow/example_dags/example_latest_only.py
[2023-07-15 21:49:52,425] {processor.py:641} INFO - Processing file /home/lucas/.local/lib/python3.10/site-packages/airflow/example_dags/example_latest_only.py for tasks to queue
[2023-07-15 21:49:52,427] {logging_mixin.py:115} INFO - [2023-07-15 21:49:52,426] {dagbag.py:507} INFO - Filling up the DagBag from /home/lucas/.local/lib/python3.10/site-packages/airflow/example_dags/example_latest_only.py
[2023-07-15 21:49:52,438] {processor.py:651} INFO - DAG(s) dict_keys(['latest_only']) retrieved from /home/lucas/.local/lib/python3.10/site-packages/airflow/example_dags/example_latest_only.py
[2023-07-15 21:49:52,480] {logging_mixin.py:115} INFO - [2023-07-15 21:49:52,480] {dag.py:2379} INFO - Sync 1 DAGs
[2023-07-15 21:49:52,528] {logging_mixin.py:115} INFO - [2023-07-15 21:49:52,528] {dag.py:2927} INFO - Setting next_dagrun for latest_only to 2023-07-15T20:49:52.527749+00:00, run_after=2023-07-16T00:49:52.527749+00:00
[2023-07-15 21:49:52,558] {processor.py:161} INFO - Processing /home/lucas/.local/lib/python3.10/site-packages/airflow/example_dags/example_latest_only.py took 0.143 seconds
[2023-07-15 21:50:37,047] {processor.py:153} INFO - Started process (PID=8537) to work on /home/lucas/.local/lib/python3.10/site-packages/airflow/example_dags/example_latest_only.py
[2023-07-15 21:50:37,052] {processor.py:641} INFO - Processing file /home/lucas/.local/lib/python3.10/site-packages/airflow/example_dags/example_latest_only.py for tasks to queue
[2023-07-15 21:50:37,053] {logging_mixin.py:115} INFO - [2023-07-15 21:50:37,053] {dagbag.py:507} INFO - Filling up the DagBag from /home/lucas/.local/lib/python3.10/site-packages/airflow/example_dags/example_latest_only.py
[2023-07-15 21:50:37,066] {processor.py:651} INFO - DAG(s) dict_keys(['latest_only']) retrieved from /home/lucas/.local/lib/python3.10/site-packages/airflow/example_dags/example_latest_only.py
[2023-07-15 21:50:37,107] {logging_mixin.py:115} INFO - [2023-07-15 21:50:37,107] {dag.py:2379} INFO - Sync 1 DAGs
[2023-07-15 21:50:37,159] {logging_mixin.py:115} INFO - [2023-07-15 21:50:37,159] {dag.py:2927} INFO - Setting next_dagrun for latest_only to 2023-07-15T20:50:37.159034+00:00, run_after=2023-07-16T00:50:37.159034+00:00
[2023-07-15 21:50:37,192] {processor.py:161} INFO - Processing /home/lucas/.local/lib/python3.10/site-packages/airflow/example_dags/example_latest_only.py took 0.152 seconds
[2023-07-15 21:51:12,509] {processor.py:153} INFO - Started process (PID=8615) to work on /home/lucas/.local/lib/python3.10/site-packages/airflow/example_dags/example_latest_only.py
[2023-07-15 21:51:12,513] {processor.py:641} INFO - Processing file /home/lucas/.local/lib/python3.10/site-packages/airflow/example_dags/example_latest_only.py for tasks to queue
[2023-07-15 21:51:12,514] {logging_mixin.py:115} INFO - [2023-07-15 21:51:12,513] {dagbag.py:507} INFO - Filling up the DagBag from /home/lucas/.local/lib/python3.10/site-packages/airflow/example_dags/example_latest_only.py
[2023-07-15 21:51:12,525] {processor.py:651} INFO - DAG(s) dict_keys(['latest_only']) retrieved from /home/lucas/.local/lib/python3.10/site-packages/airflow/example_dags/example_latest_only.py
[2023-07-15 21:51:12,558] {logging_mixin.py:115} INFO - [2023-07-15 21:51:12,558] {dag.py:2379} INFO - Sync 1 DAGs
[2023-07-15 21:51:12,600] {logging_mixin.py:115} INFO - [2023-07-15 21:51:12,599] {dag.py:2927} INFO - Setting next_dagrun for latest_only to 2023-07-15T20:51:12.599449+00:00, run_after=2023-07-16T00:51:12.599449+00:00
[2023-07-15 21:51:12,628] {processor.py:161} INFO - Processing /home/lucas/.local/lib/python3.10/site-packages/airflow/example_dags/example_latest_only.py took 0.125 seconds
[2023-07-15 21:51:47,731] {processor.py:153} INFO - Started process (PID=8996) to work on /home/lucas/.local/lib/python3.10/site-packages/airflow/example_dags/example_latest_only.py
[2023-07-15 21:51:47,732] {processor.py:641} INFO - Processing file /home/lucas/.local/lib/python3.10/site-packages/airflow/example_dags/example_latest_only.py for tasks to queue
[2023-07-15 21:51:47,732] {logging_mixin.py:115} INFO - [2023-07-15 21:51:47,732] {dagbag.py:507} INFO - Filling up the DagBag from /home/lucas/.local/lib/python3.10/site-packages/airflow/example_dags/example_latest_only.py
[2023-07-15 21:51:47,738] {processor.py:651} INFO - DAG(s) dict_keys(['latest_only']) retrieved from /home/lucas/.local/lib/python3.10/site-packages/airflow/example_dags/example_latest_only.py
[2023-07-15 21:51:47,752] {logging_mixin.py:115} INFO - [2023-07-15 21:51:47,752] {dag.py:2379} INFO - Sync 1 DAGs
[2023-07-15 21:51:47,770] {logging_mixin.py:115} INFO - [2023-07-15 21:51:47,770] {dag.py:2927} INFO - Setting next_dagrun for latest_only to 2023-07-15T20:51:47.770075+00:00, run_after=2023-07-16T00:51:47.770075+00:00
[2023-07-15 21:51:47,787] {processor.py:161} INFO - Processing /home/lucas/.local/lib/python3.10/site-packages/airflow/example_dags/example_latest_only.py took 0.058 seconds
[2023-07-15 21:52:24,313] {processor.py:153} INFO - Started process (PID=9102) to work on /home/lucas/.local/lib/python3.10/site-packages/airflow/example_dags/example_latest_only.py
[2023-07-15 21:52:24,317] {processor.py:641} INFO - Processing file /home/lucas/.local/lib/python3.10/site-packages/airflow/example_dags/example_latest_only.py for tasks to queue
[2023-07-15 21:52:24,318] {logging_mixin.py:115} INFO - [2023-07-15 21:52:24,318] {dagbag.py:507} INFO - Filling up the DagBag from /home/lucas/.local/lib/python3.10/site-packages/airflow/example_dags/example_latest_only.py
[2023-07-15 21:52:24,331] {processor.py:651} INFO - DAG(s) dict_keys(['latest_only']) retrieved from /home/lucas/.local/lib/python3.10/site-packages/airflow/example_dags/example_latest_only.py
[2023-07-15 21:52:24,367] {logging_mixin.py:115} INFO - [2023-07-15 21:52:24,367] {dag.py:2379} INFO - Sync 1 DAGs
[2023-07-15 21:52:24,411] {logging_mixin.py:115} INFO - [2023-07-15 21:52:24,411] {dag.py:2927} INFO - Setting next_dagrun for latest_only to 2023-07-15T20:52:24.410841+00:00, run_after=2023-07-16T00:52:24.410841+00:00
[2023-07-15 21:52:24,438] {processor.py:161} INFO - Processing /home/lucas/.local/lib/python3.10/site-packages/airflow/example_dags/example_latest_only.py took 0.131 seconds
[2023-07-15 21:53:02,698] {processor.py:153} INFO - Started process (PID=9171) to work on /home/lucas/.local/lib/python3.10/site-packages/airflow/example_dags/example_latest_only.py
[2023-07-15 21:53:02,700] {processor.py:641} INFO - Processing file /home/lucas/.local/lib/python3.10/site-packages/airflow/example_dags/example_latest_only.py for tasks to queue
[2023-07-15 21:53:02,701] {logging_mixin.py:115} INFO - [2023-07-15 21:53:02,701] {dagbag.py:507} INFO - Filling up the DagBag from /home/lucas/.local/lib/python3.10/site-packages/airflow/example_dags/example_latest_only.py
[2023-07-15 21:53:02,715] {processor.py:651} INFO - DAG(s) dict_keys(['latest_only']) retrieved from /home/lucas/.local/lib/python3.10/site-packages/airflow/example_dags/example_latest_only.py
[2023-07-15 21:53:02,758] {logging_mixin.py:115} INFO - [2023-07-15 21:53:02,758] {dag.py:2379} INFO - Sync 1 DAGs
[2023-07-15 21:53:02,811] {logging_mixin.py:115} INFO - [2023-07-15 21:53:02,810] {dag.py:2927} INFO - Setting next_dagrun for latest_only to 2023-07-15T20:53:02.810414+00:00, run_after=2023-07-16T00:53:02.810414+00:00
[2023-07-15 21:53:02,844] {processor.py:161} INFO - Processing /home/lucas/.local/lib/python3.10/site-packages/airflow/example_dags/example_latest_only.py took 0.153 seconds
[2023-07-15 21:53:38,750] {processor.py:153} INFO - Started process (PID=9291) to work on /home/lucas/.local/lib/python3.10/site-packages/airflow/example_dags/example_latest_only.py
[2023-07-15 21:53:38,754] {processor.py:641} INFO - Processing file /home/lucas/.local/lib/python3.10/site-packages/airflow/example_dags/example_latest_only.py for tasks to queue
[2023-07-15 21:53:38,754] {logging_mixin.py:115} INFO - [2023-07-15 21:53:38,754] {dagbag.py:507} INFO - Filling up the DagBag from /home/lucas/.local/lib/python3.10/site-packages/airflow/example_dags/example_latest_only.py
[2023-07-15 21:53:38,765] {processor.py:651} INFO - DAG(s) dict_keys(['latest_only']) retrieved from /home/lucas/.local/lib/python3.10/site-packages/airflow/example_dags/example_latest_only.py
[2023-07-15 21:53:38,799] {logging_mixin.py:115} INFO - [2023-07-15 21:53:38,798] {dag.py:2379} INFO - Sync 1 DAGs
[2023-07-15 21:53:38,839] {logging_mixin.py:115} INFO - [2023-07-15 21:53:38,839] {dag.py:2927} INFO - Setting next_dagrun for latest_only to 2023-07-15T20:53:38.839000+00:00, run_after=2023-07-16T00:53:38.839000+00:00
[2023-07-15 21:53:38,865] {processor.py:161} INFO - Processing /home/lucas/.local/lib/python3.10/site-packages/airflow/example_dags/example_latest_only.py took 0.121 seconds
[2023-07-15 21:54:18,230] {processor.py:153} INFO - Started process (PID=9506) to work on /home/lucas/.local/lib/python3.10/site-packages/airflow/example_dags/example_latest_only.py
[2023-07-15 21:54:18,234] {processor.py:641} INFO - Processing file /home/lucas/.local/lib/python3.10/site-packages/airflow/example_dags/example_latest_only.py for tasks to queue
[2023-07-15 21:54:18,235] {logging_mixin.py:115} INFO - [2023-07-15 21:54:18,234] {dagbag.py:507} INFO - Filling up the DagBag from /home/lucas/.local/lib/python3.10/site-packages/airflow/example_dags/example_latest_only.py
[2023-07-15 21:54:18,245] {processor.py:651} INFO - DAG(s) dict_keys(['latest_only']) retrieved from /home/lucas/.local/lib/python3.10/site-packages/airflow/example_dags/example_latest_only.py
[2023-07-15 21:54:18,278] {logging_mixin.py:115} INFO - [2023-07-15 21:54:18,278] {dag.py:2379} INFO - Sync 1 DAGs
[2023-07-15 21:54:18,318] {logging_mixin.py:115} INFO - [2023-07-15 21:54:18,318] {dag.py:2927} INFO - Setting next_dagrun for latest_only to 2023-07-15T20:54:18.317839+00:00, run_after=2023-07-16T00:54:18.317839+00:00
[2023-07-15 21:54:18,344] {processor.py:161} INFO - Processing /home/lucas/.local/lib/python3.10/site-packages/airflow/example_dags/example_latest_only.py took 0.120 seconds
[2023-07-15 21:54:53,677] {processor.py:153} INFO - Started process (PID=9613) to work on /home/lucas/.local/lib/python3.10/site-packages/airflow/example_dags/example_latest_only.py
[2023-07-15 21:54:53,681] {processor.py:641} INFO - Processing file /home/lucas/.local/lib/python3.10/site-packages/airflow/example_dags/example_latest_only.py for tasks to queue
[2023-07-15 21:54:53,683] {logging_mixin.py:115} INFO - [2023-07-15 21:54:53,683] {dagbag.py:507} INFO - Filling up the DagBag from /home/lucas/.local/lib/python3.10/site-packages/airflow/example_dags/example_latest_only.py
[2023-07-15 21:54:53,694] {processor.py:651} INFO - DAG(s) dict_keys(['latest_only']) retrieved from /home/lucas/.local/lib/python3.10/site-packages/airflow/example_dags/example_latest_only.py
[2023-07-15 21:54:53,731] {logging_mixin.py:115} INFO - [2023-07-15 21:54:53,731] {dag.py:2379} INFO - Sync 1 DAGs
[2023-07-15 21:54:53,776] {logging_mixin.py:115} INFO - [2023-07-15 21:54:53,776] {dag.py:2927} INFO - Setting next_dagrun for latest_only to 2023-07-15T20:54:53.776039+00:00, run_after=2023-07-16T00:54:53.776039+00:00
[2023-07-15 21:54:53,804] {processor.py:161} INFO - Processing /home/lucas/.local/lib/python3.10/site-packages/airflow/example_dags/example_latest_only.py took 0.132 seconds
[2023-07-15 21:55:30,523] {processor.py:153} INFO - Started process (PID=9764) to work on /home/lucas/.local/lib/python3.10/site-packages/airflow/example_dags/example_latest_only.py
[2023-07-15 21:55:30,524] {processor.py:641} INFO - Processing file /home/lucas/.local/lib/python3.10/site-packages/airflow/example_dags/example_latest_only.py for tasks to queue
[2023-07-15 21:55:30,525] {logging_mixin.py:115} INFO - [2023-07-15 21:55:30,525] {dagbag.py:507} INFO - Filling up the DagBag from /home/lucas/.local/lib/python3.10/site-packages/airflow/example_dags/example_latest_only.py
[2023-07-15 21:55:30,539] {processor.py:651} INFO - DAG(s) dict_keys(['latest_only']) retrieved from /home/lucas/.local/lib/python3.10/site-packages/airflow/example_dags/example_latest_only.py
[2023-07-15 21:55:30,596] {logging_mixin.py:115} INFO - [2023-07-15 21:55:30,596] {dag.py:2379} INFO - Sync 1 DAGs
[2023-07-15 21:55:30,645] {logging_mixin.py:115} INFO - [2023-07-15 21:55:30,645] {dag.py:2927} INFO - Setting next_dagrun for latest_only to 2023-07-15T20:55:30.644807+00:00, run_after=2023-07-16T00:55:30.644807+00:00
[2023-07-15 21:55:30,678] {processor.py:161} INFO - Processing /home/lucas/.local/lib/python3.10/site-packages/airflow/example_dags/example_latest_only.py took 0.161 seconds
[2023-07-15 21:56:08,184] {processor.py:153} INFO - Started process (PID=9827) to work on /home/lucas/.local/lib/python3.10/site-packages/airflow/example_dags/example_latest_only.py
[2023-07-15 21:56:08,188] {processor.py:641} INFO - Processing file /home/lucas/.local/lib/python3.10/site-packages/airflow/example_dags/example_latest_only.py for tasks to queue
[2023-07-15 21:56:08,189] {logging_mixin.py:115} INFO - [2023-07-15 21:56:08,189] {dagbag.py:507} INFO - Filling up the DagBag from /home/lucas/.local/lib/python3.10/site-packages/airflow/example_dags/example_latest_only.py
[2023-07-15 21:56:08,200] {processor.py:651} INFO - DAG(s) dict_keys(['latest_only']) retrieved from /home/lucas/.local/lib/python3.10/site-packages/airflow/example_dags/example_latest_only.py
[2023-07-15 21:56:08,234] {logging_mixin.py:115} INFO - [2023-07-15 21:56:08,234] {dag.py:2379} INFO - Sync 1 DAGs
[2023-07-15 21:56:08,277] {logging_mixin.py:115} INFO - [2023-07-15 21:56:08,277] {dag.py:2927} INFO - Setting next_dagrun for latest_only to 2023-07-15T20:56:08.276650+00:00, run_after=2023-07-16T00:56:08.276650+00:00
[2023-07-15 21:56:08,305] {processor.py:161} INFO - Processing /home/lucas/.local/lib/python3.10/site-packages/airflow/example_dags/example_latest_only.py took 0.127 seconds
[2023-07-15 21:56:50,815] {processor.py:153} INFO - Started process (PID=9898) to work on /home/lucas/.local/lib/python3.10/site-packages/airflow/example_dags/example_latest_only.py
[2023-07-15 21:56:50,820] {processor.py:641} INFO - Processing file /home/lucas/.local/lib/python3.10/site-packages/airflow/example_dags/example_latest_only.py for tasks to queue
[2023-07-15 21:56:50,821] {logging_mixin.py:115} INFO - [2023-07-15 21:56:50,821] {dagbag.py:507} INFO - Filling up the DagBag from /home/lucas/.local/lib/python3.10/site-packages/airflow/example_dags/example_latest_only.py
[2023-07-15 21:56:50,832] {processor.py:651} INFO - DAG(s) dict_keys(['latest_only']) retrieved from /home/lucas/.local/lib/python3.10/site-packages/airflow/example_dags/example_latest_only.py
[2023-07-15 21:56:50,871] {logging_mixin.py:115} INFO - [2023-07-15 21:56:50,871] {dag.py:2379} INFO - Sync 1 DAGs
[2023-07-15 21:56:50,920] {logging_mixin.py:115} INFO - [2023-07-15 21:56:50,920] {dag.py:2927} INFO - Setting next_dagrun for latest_only to 2023-07-15T20:56:50.919979+00:00, run_after=2023-07-16T00:56:50.919979+00:00
[2023-07-15 21:56:50,950] {processor.py:161} INFO - Processing /home/lucas/.local/lib/python3.10/site-packages/airflow/example_dags/example_latest_only.py took 0.142 seconds
[2023-07-15 21:57:27,293] {processor.py:153} INFO - Started process (PID=9987) to work on /home/lucas/.local/lib/python3.10/site-packages/airflow/example_dags/example_latest_only.py
[2023-07-15 21:57:27,297] {processor.py:641} INFO - Processing file /home/lucas/.local/lib/python3.10/site-packages/airflow/example_dags/example_latest_only.py for tasks to queue
[2023-07-15 21:57:27,298] {logging_mixin.py:115} INFO - [2023-07-15 21:57:27,298] {dagbag.py:507} INFO - Filling up the DagBag from /home/lucas/.local/lib/python3.10/site-packages/airflow/example_dags/example_latest_only.py
[2023-07-15 21:57:27,311] {processor.py:651} INFO - DAG(s) dict_keys(['latest_only']) retrieved from /home/lucas/.local/lib/python3.10/site-packages/airflow/example_dags/example_latest_only.py
[2023-07-15 21:57:27,348] {logging_mixin.py:115} INFO - [2023-07-15 21:57:27,348] {dag.py:2379} INFO - Sync 1 DAGs
[2023-07-15 21:57:27,405] {logging_mixin.py:115} INFO - [2023-07-15 21:57:27,405] {dag.py:2927} INFO - Setting next_dagrun for latest_only to 2023-07-15T20:57:27.404758+00:00, run_after=2023-07-16T00:57:27.404758+00:00
[2023-07-15 21:57:27,432] {processor.py:161} INFO - Processing /home/lucas/.local/lib/python3.10/site-packages/airflow/example_dags/example_latest_only.py took 0.146 seconds
[2023-07-15 21:58:08,770] {processor.py:153} INFO - Started process (PID=10065) to work on /home/lucas/.local/lib/python3.10/site-packages/airflow/example_dags/example_latest_only.py
[2023-07-15 21:58:08,774] {processor.py:641} INFO - Processing file /home/lucas/.local/lib/python3.10/site-packages/airflow/example_dags/example_latest_only.py for tasks to queue
[2023-07-15 21:58:08,775] {logging_mixin.py:115} INFO - [2023-07-15 21:58:08,775] {dagbag.py:507} INFO - Filling up the DagBag from /home/lucas/.local/lib/python3.10/site-packages/airflow/example_dags/example_latest_only.py
[2023-07-15 21:58:08,785] {processor.py:651} INFO - DAG(s) dict_keys(['latest_only']) retrieved from /home/lucas/.local/lib/python3.10/site-packages/airflow/example_dags/example_latest_only.py
[2023-07-15 21:58:08,820] {logging_mixin.py:115} INFO - [2023-07-15 21:58:08,820] {dag.py:2379} INFO - Sync 1 DAGs
[2023-07-15 21:58:08,862] {logging_mixin.py:115} INFO - [2023-07-15 21:58:08,862] {dag.py:2927} INFO - Setting next_dagrun for latest_only to 2023-07-15T20:58:08.861470+00:00, run_after=2023-07-16T00:58:08.861470+00:00
[2023-07-15 21:58:08,890] {processor.py:161} INFO - Processing /home/lucas/.local/lib/python3.10/site-packages/airflow/example_dags/example_latest_only.py took 0.125 seconds
[2023-07-15 21:58:44,410] {processor.py:153} INFO - Started process (PID=10126) to work on /home/lucas/.local/lib/python3.10/site-packages/airflow/example_dags/example_latest_only.py
[2023-07-15 21:58:44,411] {processor.py:641} INFO - Processing file /home/lucas/.local/lib/python3.10/site-packages/airflow/example_dags/example_latest_only.py for tasks to queue
[2023-07-15 21:58:44,412] {logging_mixin.py:115} INFO - [2023-07-15 21:58:44,412] {dagbag.py:507} INFO - Filling up the DagBag from /home/lucas/.local/lib/python3.10/site-packages/airflow/example_dags/example_latest_only.py
[2023-07-15 21:58:44,425] {processor.py:651} INFO - DAG(s) dict_keys(['latest_only']) retrieved from /home/lucas/.local/lib/python3.10/site-packages/airflow/example_dags/example_latest_only.py
[2023-07-15 21:58:44,458] {logging_mixin.py:115} INFO - [2023-07-15 21:58:44,458] {dag.py:2379} INFO - Sync 1 DAGs
[2023-07-15 21:58:44,502] {logging_mixin.py:115} INFO - [2023-07-15 21:58:44,501] {dag.py:2927} INFO - Setting next_dagrun for latest_only to 2023-07-15T20:58:44.501294+00:00, run_after=2023-07-16T00:58:44.501294+00:00
[2023-07-15 21:58:44,527] {processor.py:161} INFO - Processing /home/lucas/.local/lib/python3.10/site-packages/airflow/example_dags/example_latest_only.py took 0.122 seconds
