[2023-07-15 21:44:22,546] {processor.py:153} INFO - Started process (PID=7748) to work on /home/lucas/.local/lib/python3.10/site-packages/airflow/example_dags/example_branch_operator_decorator.py
[2023-07-15 21:44:22,547] {processor.py:641} INFO - Processing file /home/lucas/.local/lib/python3.10/site-packages/airflow/example_dags/example_branch_operator_decorator.py for tasks to queue
[2023-07-15 21:44:22,548] {logging_mixin.py:115} INFO - [2023-07-15 21:44:22,547] {dagbag.py:507} INFO - Filling up the DagBag from /home/lucas/.local/lib/python3.10/site-packages/airflow/example_dags/example_branch_operator_decorator.py
[2023-07-15 21:44:22,589] {processor.py:651} INFO - DAG(s) dict_keys(['example_branch_python_operator_decorator']) retrieved from /home/lucas/.local/lib/python3.10/site-packages/airflow/example_dags/example_branch_operator_decorator.py
[2023-07-15 21:44:22,733] {logging_mixin.py:115} INFO - [2023-07-15 21:44:22,733] {manager.py:508} INFO - Created Permission View: can read on DAG:example_branch_python_operator_decorator
[2023-07-15 21:44:22,753] {logging_mixin.py:115} INFO - [2023-07-15 21:44:22,753] {manager.py:508} INFO - Created Permission View: can delete on DAG:example_branch_python_operator_decorator
[2023-07-15 21:44:22,768] {logging_mixin.py:115} INFO - [2023-07-15 21:44:22,767] {manager.py:508} INFO - Created Permission View: can edit on DAG:example_branch_python_operator_decorator
[2023-07-15 21:44:22,768] {logging_mixin.py:115} INFO - [2023-07-15 21:44:22,768] {dag.py:2379} INFO - Sync 1 DAGs
[2023-07-15 21:44:22,785] {logging_mixin.py:115} INFO - [2023-07-15 21:44:22,785] {dag.py:2398} INFO - Creating ORM DAG for example_branch_python_operator_decorator
[2023-07-15 21:44:22,812] {logging_mixin.py:115} INFO - [2023-07-15 21:44:22,811] {dag.py:2927} INFO - Setting next_dagrun for example_branch_python_operator_decorator to 2023-07-15T00:00:00+00:00, run_after=2023-07-16T00:00:00+00:00
[2023-07-15 21:44:22,841] {processor.py:161} INFO - Processing /home/lucas/.local/lib/python3.10/site-packages/airflow/example_dags/example_branch_operator_decorator.py took 0.301 seconds
[2023-07-15 21:45:07,568] {processor.py:153} INFO - Started process (PID=8009) to work on /home/lucas/.local/lib/python3.10/site-packages/airflow/example_dags/example_branch_operator_decorator.py
[2023-07-15 21:45:07,572] {processor.py:641} INFO - Processing file /home/lucas/.local/lib/python3.10/site-packages/airflow/example_dags/example_branch_operator_decorator.py for tasks to queue
[2023-07-15 21:45:07,573] {logging_mixin.py:115} INFO - [2023-07-15 21:45:07,573] {dagbag.py:507} INFO - Filling up the DagBag from /home/lucas/.local/lib/python3.10/site-packages/airflow/example_dags/example_branch_operator_decorator.py
[2023-07-15 21:45:07,623] {processor.py:651} INFO - DAG(s) dict_keys(['example_branch_python_operator_decorator']) retrieved from /home/lucas/.local/lib/python3.10/site-packages/airflow/example_dags/example_branch_operator_decorator.py
[2023-07-15 21:45:07,661] {logging_mixin.py:115} INFO - [2023-07-15 21:45:07,661] {dag.py:2379} INFO - Sync 1 DAGs
[2023-07-15 21:45:07,705] {logging_mixin.py:115} INFO - [2023-07-15 21:45:07,705] {dag.py:2927} INFO - Setting next_dagrun for example_branch_python_operator_decorator to 2023-07-15T00:00:00+00:00, run_after=2023-07-16T00:00:00+00:00
[2023-07-15 21:45:07,737] {processor.py:161} INFO - Processing /home/lucas/.local/lib/python3.10/site-packages/airflow/example_dags/example_branch_operator_decorator.py took 0.175 seconds
[2023-07-15 21:45:51,614] {processor.py:153} INFO - Started process (PID=8064) to work on /home/lucas/.local/lib/python3.10/site-packages/airflow/example_dags/example_branch_operator_decorator.py
[2023-07-15 21:45:51,618] {processor.py:641} INFO - Processing file /home/lucas/.local/lib/python3.10/site-packages/airflow/example_dags/example_branch_operator_decorator.py for tasks to queue
[2023-07-15 21:45:51,619] {logging_mixin.py:115} INFO - [2023-07-15 21:45:51,619] {dagbag.py:507} INFO - Filling up the DagBag from /home/lucas/.local/lib/python3.10/site-packages/airflow/example_dags/example_branch_operator_decorator.py
[2023-07-15 21:45:51,661] {processor.py:651} INFO - DAG(s) dict_keys(['example_branch_python_operator_decorator']) retrieved from /home/lucas/.local/lib/python3.10/site-packages/airflow/example_dags/example_branch_operator_decorator.py
[2023-07-15 21:45:51,696] {logging_mixin.py:115} INFO - [2023-07-15 21:45:51,696] {dag.py:2379} INFO - Sync 1 DAGs
[2023-07-15 21:45:51,742] {logging_mixin.py:115} INFO - [2023-07-15 21:45:51,742] {dag.py:2927} INFO - Setting next_dagrun for example_branch_python_operator_decorator to 2023-07-15T00:00:00+00:00, run_after=2023-07-16T00:00:00+00:00
[2023-07-15 21:45:51,772] {processor.py:161} INFO - Processing /home/lucas/.local/lib/python3.10/site-packages/airflow/example_dags/example_branch_operator_decorator.py took 0.163 seconds
[2023-07-15 21:46:29,415] {processor.py:153} INFO - Started process (PID=8107) to work on /home/lucas/.local/lib/python3.10/site-packages/airflow/example_dags/example_branch_operator_decorator.py
[2023-07-15 21:46:29,416] {processor.py:641} INFO - Processing file /home/lucas/.local/lib/python3.10/site-packages/airflow/example_dags/example_branch_operator_decorator.py for tasks to queue
[2023-07-15 21:46:29,417] {logging_mixin.py:115} INFO - [2023-07-15 21:46:29,417] {dagbag.py:507} INFO - Filling up the DagBag from /home/lucas/.local/lib/python3.10/site-packages/airflow/example_dags/example_branch_operator_decorator.py
[2023-07-15 21:46:29,460] {processor.py:651} INFO - DAG(s) dict_keys(['example_branch_python_operator_decorator']) retrieved from /home/lucas/.local/lib/python3.10/site-packages/airflow/example_dags/example_branch_operator_decorator.py
[2023-07-15 21:46:29,494] {logging_mixin.py:115} INFO - [2023-07-15 21:46:29,494] {dag.py:2379} INFO - Sync 1 DAGs
[2023-07-15 21:46:29,538] {logging_mixin.py:115} INFO - [2023-07-15 21:46:29,538] {dag.py:2927} INFO - Setting next_dagrun for example_branch_python_operator_decorator to 2023-07-15T00:00:00+00:00, run_after=2023-07-16T00:00:00+00:00
[2023-07-15 21:46:29,568] {processor.py:161} INFO - Processing /home/lucas/.local/lib/python3.10/site-packages/airflow/example_dags/example_branch_operator_decorator.py took 0.158 seconds
[2023-07-15 21:47:07,962] {processor.py:153} INFO - Started process (PID=8159) to work on /home/lucas/.local/lib/python3.10/site-packages/airflow/example_dags/example_branch_operator_decorator.py
[2023-07-15 21:47:07,966] {processor.py:641} INFO - Processing file /home/lucas/.local/lib/python3.10/site-packages/airflow/example_dags/example_branch_operator_decorator.py for tasks to queue
[2023-07-15 21:47:07,967] {logging_mixin.py:115} INFO - [2023-07-15 21:47:07,967] {dagbag.py:507} INFO - Filling up the DagBag from /home/lucas/.local/lib/python3.10/site-packages/airflow/example_dags/example_branch_operator_decorator.py
[2023-07-15 21:47:08,020] {processor.py:651} INFO - DAG(s) dict_keys(['example_branch_python_operator_decorator']) retrieved from /home/lucas/.local/lib/python3.10/site-packages/airflow/example_dags/example_branch_operator_decorator.py
[2023-07-15 21:47:08,059] {logging_mixin.py:115} INFO - [2023-07-15 21:47:08,059] {dag.py:2379} INFO - Sync 1 DAGs
[2023-07-15 21:47:08,110] {logging_mixin.py:115} INFO - [2023-07-15 21:47:08,110] {dag.py:2927} INFO - Setting next_dagrun for example_branch_python_operator_decorator to 2023-07-15T00:00:00+00:00, run_after=2023-07-16T00:00:00+00:00
[2023-07-15 21:47:08,148] {processor.py:161} INFO - Processing /home/lucas/.local/lib/python3.10/site-packages/airflow/example_dags/example_branch_operator_decorator.py took 0.192 seconds
[2023-07-15 21:47:46,540] {processor.py:153} INFO - Started process (PID=8226) to work on /home/lucas/.local/lib/python3.10/site-packages/airflow/example_dags/example_branch_operator_decorator.py
[2023-07-15 21:47:46,544] {processor.py:641} INFO - Processing file /home/lucas/.local/lib/python3.10/site-packages/airflow/example_dags/example_branch_operator_decorator.py for tasks to queue
[2023-07-15 21:47:46,545] {logging_mixin.py:115} INFO - [2023-07-15 21:47:46,545] {dagbag.py:507} INFO - Filling up the DagBag from /home/lucas/.local/lib/python3.10/site-packages/airflow/example_dags/example_branch_operator_decorator.py
[2023-07-15 21:47:46,592] {processor.py:651} INFO - DAG(s) dict_keys(['example_branch_python_operator_decorator']) retrieved from /home/lucas/.local/lib/python3.10/site-packages/airflow/example_dags/example_branch_operator_decorator.py
[2023-07-15 21:47:46,630] {logging_mixin.py:115} INFO - [2023-07-15 21:47:46,630] {dag.py:2379} INFO - Sync 1 DAGs
[2023-07-15 21:47:46,677] {logging_mixin.py:115} INFO - [2023-07-15 21:47:46,677] {dag.py:2927} INFO - Setting next_dagrun for example_branch_python_operator_decorator to 2023-07-15T00:00:00+00:00, run_after=2023-07-16T00:00:00+00:00
[2023-07-15 21:47:46,713] {processor.py:161} INFO - Processing /home/lucas/.local/lib/python3.10/site-packages/airflow/example_dags/example_branch_operator_decorator.py took 0.178 seconds
[2023-07-15 21:48:35,270] {processor.py:153} INFO - Started process (PID=8288) to work on /home/lucas/.local/lib/python3.10/site-packages/airflow/example_dags/example_branch_operator_decorator.py
[2023-07-15 21:48:35,274] {processor.py:641} INFO - Processing file /home/lucas/.local/lib/python3.10/site-packages/airflow/example_dags/example_branch_operator_decorator.py for tasks to queue
[2023-07-15 21:48:35,275] {logging_mixin.py:115} INFO - [2023-07-15 21:48:35,275] {dagbag.py:507} INFO - Filling up the DagBag from /home/lucas/.local/lib/python3.10/site-packages/airflow/example_dags/example_branch_operator_decorator.py
[2023-07-15 21:48:35,317] {processor.py:651} INFO - DAG(s) dict_keys(['example_branch_python_operator_decorator']) retrieved from /home/lucas/.local/lib/python3.10/site-packages/airflow/example_dags/example_branch_operator_decorator.py
[2023-07-15 21:48:35,352] {logging_mixin.py:115} INFO - [2023-07-15 21:48:35,351] {dag.py:2379} INFO - Sync 1 DAGs
[2023-07-15 21:48:35,395] {logging_mixin.py:115} INFO - [2023-07-15 21:48:35,394] {dag.py:2927} INFO - Setting next_dagrun for example_branch_python_operator_decorator to 2023-07-15T00:00:00+00:00, run_after=2023-07-16T00:00:00+00:00
[2023-07-15 21:48:35,426] {processor.py:161} INFO - Processing /home/lucas/.local/lib/python3.10/site-packages/airflow/example_dags/example_branch_operator_decorator.py took 0.160 seconds
[2023-07-15 21:49:13,315] {processor.py:153} INFO - Started process (PID=8382) to work on /home/lucas/.local/lib/python3.10/site-packages/airflow/example_dags/example_branch_operator_decorator.py
[2023-07-15 21:49:13,319] {processor.py:641} INFO - Processing file /home/lucas/.local/lib/python3.10/site-packages/airflow/example_dags/example_branch_operator_decorator.py for tasks to queue
[2023-07-15 21:49:13,320] {logging_mixin.py:115} INFO - [2023-07-15 21:49:13,319] {dagbag.py:507} INFO - Filling up the DagBag from /home/lucas/.local/lib/python3.10/site-packages/airflow/example_dags/example_branch_operator_decorator.py
[2023-07-15 21:49:13,361] {processor.py:651} INFO - DAG(s) dict_keys(['example_branch_python_operator_decorator']) retrieved from /home/lucas/.local/lib/python3.10/site-packages/airflow/example_dags/example_branch_operator_decorator.py
[2023-07-15 21:49:13,396] {logging_mixin.py:115} INFO - [2023-07-15 21:49:13,396] {dag.py:2379} INFO - Sync 1 DAGs
[2023-07-15 21:49:13,444] {logging_mixin.py:115} INFO - [2023-07-15 21:49:13,444] {dag.py:2927} INFO - Setting next_dagrun for example_branch_python_operator_decorator to 2023-07-15T00:00:00+00:00, run_after=2023-07-16T00:00:00+00:00
[2023-07-15 21:49:13,469] {processor.py:161} INFO - Processing /home/lucas/.local/lib/python3.10/site-packages/airflow/example_dags/example_branch_operator_decorator.py took 0.159 seconds
[2023-07-15 21:49:58,767] {processor.py:153} INFO - Started process (PID=8466) to work on /home/lucas/.local/lib/python3.10/site-packages/airflow/example_dags/example_branch_operator_decorator.py
[2023-07-15 21:49:58,771] {processor.py:641} INFO - Processing file /home/lucas/.local/lib/python3.10/site-packages/airflow/example_dags/example_branch_operator_decorator.py for tasks to queue
[2023-07-15 21:49:58,772] {logging_mixin.py:115} INFO - [2023-07-15 21:49:58,771] {dagbag.py:507} INFO - Filling up the DagBag from /home/lucas/.local/lib/python3.10/site-packages/airflow/example_dags/example_branch_operator_decorator.py
[2023-07-15 21:49:58,816] {processor.py:651} INFO - DAG(s) dict_keys(['example_branch_python_operator_decorator']) retrieved from /home/lucas/.local/lib/python3.10/site-packages/airflow/example_dags/example_branch_operator_decorator.py
[2023-07-15 21:49:58,852] {logging_mixin.py:115} INFO - [2023-07-15 21:49:58,852] {dag.py:2379} INFO - Sync 1 DAGs
[2023-07-15 21:49:58,903] {logging_mixin.py:115} INFO - [2023-07-15 21:49:58,903] {dag.py:2927} INFO - Setting next_dagrun for example_branch_python_operator_decorator to 2023-07-15T00:00:00+00:00, run_after=2023-07-16T00:00:00+00:00
[2023-07-15 21:49:58,930] {processor.py:161} INFO - Processing /home/lucas/.local/lib/python3.10/site-packages/airflow/example_dags/example_branch_operator_decorator.py took 0.169 seconds
[2023-07-15 21:50:42,356] {processor.py:153} INFO - Started process (PID=8545) to work on /home/lucas/.local/lib/python3.10/site-packages/airflow/example_dags/example_branch_operator_decorator.py
[2023-07-15 21:50:42,357] {processor.py:641} INFO - Processing file /home/lucas/.local/lib/python3.10/site-packages/airflow/example_dags/example_branch_operator_decorator.py for tasks to queue
[2023-07-15 21:50:42,358] {logging_mixin.py:115} INFO - [2023-07-15 21:50:42,358] {dagbag.py:507} INFO - Filling up the DagBag from /home/lucas/.local/lib/python3.10/site-packages/airflow/example_dags/example_branch_operator_decorator.py
[2023-07-15 21:50:42,407] {processor.py:651} INFO - DAG(s) dict_keys(['example_branch_python_operator_decorator']) retrieved from /home/lucas/.local/lib/python3.10/site-packages/airflow/example_dags/example_branch_operator_decorator.py
[2023-07-15 21:50:42,449] {logging_mixin.py:115} INFO - [2023-07-15 21:50:42,449] {dag.py:2379} INFO - Sync 1 DAGs
[2023-07-15 21:50:42,506] {logging_mixin.py:115} INFO - [2023-07-15 21:50:42,505] {dag.py:2927} INFO - Setting next_dagrun for example_branch_python_operator_decorator to 2023-07-15T00:00:00+00:00, run_after=2023-07-16T00:00:00+00:00
[2023-07-15 21:50:42,534] {processor.py:161} INFO - Processing /home/lucas/.local/lib/python3.10/site-packages/airflow/example_dags/example_branch_operator_decorator.py took 0.184 seconds
[2023-07-15 21:51:20,320] {processor.py:153} INFO - Started process (PID=8623) to work on /home/lucas/.local/lib/python3.10/site-packages/airflow/example_dags/example_branch_operator_decorator.py
[2023-07-15 21:51:20,324] {processor.py:641} INFO - Processing file /home/lucas/.local/lib/python3.10/site-packages/airflow/example_dags/example_branch_operator_decorator.py for tasks to queue
[2023-07-15 21:51:20,324] {logging_mixin.py:115} INFO - [2023-07-15 21:51:20,324] {dagbag.py:507} INFO - Filling up the DagBag from /home/lucas/.local/lib/python3.10/site-packages/airflow/example_dags/example_branch_operator_decorator.py
[2023-07-15 21:51:20,367] {processor.py:651} INFO - DAG(s) dict_keys(['example_branch_python_operator_decorator']) retrieved from /home/lucas/.local/lib/python3.10/site-packages/airflow/example_dags/example_branch_operator_decorator.py
[2023-07-15 21:51:20,402] {logging_mixin.py:115} INFO - [2023-07-15 21:51:20,402] {dag.py:2379} INFO - Sync 1 DAGs
[2023-07-15 21:51:20,451] {logging_mixin.py:115} INFO - [2023-07-15 21:51:20,451] {dag.py:2927} INFO - Setting next_dagrun for example_branch_python_operator_decorator to 2023-07-15T00:00:00+00:00, run_after=2023-07-16T00:00:00+00:00
[2023-07-15 21:51:20,476] {processor.py:161} INFO - Processing /home/lucas/.local/lib/python3.10/site-packages/airflow/example_dags/example_branch_operator_decorator.py took 0.162 seconds
[2023-07-15 21:52:00,306] {processor.py:153} INFO - Started process (PID=9069) to work on /home/lucas/.local/lib/python3.10/site-packages/airflow/example_dags/example_branch_operator_decorator.py
[2023-07-15 21:52:00,309] {processor.py:641} INFO - Processing file /home/lucas/.local/lib/python3.10/site-packages/airflow/example_dags/example_branch_operator_decorator.py for tasks to queue
[2023-07-15 21:52:00,310] {logging_mixin.py:115} INFO - [2023-07-15 21:52:00,310] {dagbag.py:507} INFO - Filling up the DagBag from /home/lucas/.local/lib/python3.10/site-packages/airflow/example_dags/example_branch_operator_decorator.py
[2023-07-15 21:52:00,360] {processor.py:651} INFO - DAG(s) dict_keys(['example_branch_python_operator_decorator']) retrieved from /home/lucas/.local/lib/python3.10/site-packages/airflow/example_dags/example_branch_operator_decorator.py
[2023-07-15 21:52:00,399] {logging_mixin.py:115} INFO - [2023-07-15 21:52:00,398] {dag.py:2379} INFO - Sync 1 DAGs
[2023-07-15 21:52:00,453] {logging_mixin.py:115} INFO - [2023-07-15 21:52:00,453] {dag.py:2927} INFO - Setting next_dagrun for example_branch_python_operator_decorator to 2023-07-15T00:00:00+00:00, run_after=2023-07-16T00:00:00+00:00
[2023-07-15 21:52:00,479] {processor.py:161} INFO - Processing /home/lucas/.local/lib/python3.10/site-packages/airflow/example_dags/example_branch_operator_decorator.py took 0.181 seconds
[2023-07-15 21:52:37,877] {processor.py:153} INFO - Started process (PID=9117) to work on /home/lucas/.local/lib/python3.10/site-packages/airflow/example_dags/example_branch_operator_decorator.py
[2023-07-15 21:52:37,881] {processor.py:641} INFO - Processing file /home/lucas/.local/lib/python3.10/site-packages/airflow/example_dags/example_branch_operator_decorator.py for tasks to queue
[2023-07-15 21:52:37,882] {logging_mixin.py:115} INFO - [2023-07-15 21:52:37,882] {dagbag.py:507} INFO - Filling up the DagBag from /home/lucas/.local/lib/python3.10/site-packages/airflow/example_dags/example_branch_operator_decorator.py
[2023-07-15 21:52:37,926] {processor.py:651} INFO - DAG(s) dict_keys(['example_branch_python_operator_decorator']) retrieved from /home/lucas/.local/lib/python3.10/site-packages/airflow/example_dags/example_branch_operator_decorator.py
[2023-07-15 21:52:37,962] {logging_mixin.py:115} INFO - [2023-07-15 21:52:37,962] {dag.py:2379} INFO - Sync 1 DAGs
[2023-07-15 21:52:38,013] {logging_mixin.py:115} INFO - [2023-07-15 21:52:38,013] {dag.py:2927} INFO - Setting next_dagrun for example_branch_python_operator_decorator to 2023-07-15T00:00:00+00:00, run_after=2023-07-16T00:00:00+00:00
[2023-07-15 21:52:38,040] {processor.py:161} INFO - Processing /home/lucas/.local/lib/python3.10/site-packages/airflow/example_dags/example_branch_operator_decorator.py took 0.168 seconds
[2023-07-15 21:53:17,232] {processor.py:153} INFO - Started process (PID=9217) to work on /home/lucas/.local/lib/python3.10/site-packages/airflow/example_dags/example_branch_operator_decorator.py
[2023-07-15 21:53:17,233] {processor.py:641} INFO - Processing file /home/lucas/.local/lib/python3.10/site-packages/airflow/example_dags/example_branch_operator_decorator.py for tasks to queue
[2023-07-15 21:53:17,234] {logging_mixin.py:115} INFO - [2023-07-15 21:53:17,234] {dagbag.py:507} INFO - Filling up the DagBag from /home/lucas/.local/lib/python3.10/site-packages/airflow/example_dags/example_branch_operator_decorator.py
[2023-07-15 21:53:17,277] {processor.py:651} INFO - DAG(s) dict_keys(['example_branch_python_operator_decorator']) retrieved from /home/lucas/.local/lib/python3.10/site-packages/airflow/example_dags/example_branch_operator_decorator.py
[2023-07-15 21:53:17,314] {logging_mixin.py:115} INFO - [2023-07-15 21:53:17,314] {dag.py:2379} INFO - Sync 1 DAGs
[2023-07-15 21:53:17,364] {logging_mixin.py:115} INFO - [2023-07-15 21:53:17,364] {dag.py:2927} INFO - Setting next_dagrun for example_branch_python_operator_decorator to 2023-07-15T00:00:00+00:00, run_after=2023-07-16T00:00:00+00:00
[2023-07-15 21:53:17,394] {processor.py:161} INFO - Processing /home/lucas/.local/lib/python3.10/site-packages/airflow/example_dags/example_branch_operator_decorator.py took 0.167 seconds
[2023-07-15 21:53:56,548] {processor.py:153} INFO - Started process (PID=9370) to work on /home/lucas/.local/lib/python3.10/site-packages/airflow/example_dags/example_branch_operator_decorator.py
[2023-07-15 21:53:56,552] {processor.py:641} INFO - Processing file /home/lucas/.local/lib/python3.10/site-packages/airflow/example_dags/example_branch_operator_decorator.py for tasks to queue
[2023-07-15 21:53:56,553] {logging_mixin.py:115} INFO - [2023-07-15 21:53:56,553] {dagbag.py:507} INFO - Filling up the DagBag from /home/lucas/.local/lib/python3.10/site-packages/airflow/example_dags/example_branch_operator_decorator.py
[2023-07-15 21:53:56,596] {processor.py:651} INFO - DAG(s) dict_keys(['example_branch_python_operator_decorator']) retrieved from /home/lucas/.local/lib/python3.10/site-packages/airflow/example_dags/example_branch_operator_decorator.py
[2023-07-15 21:53:56,631] {logging_mixin.py:115} INFO - [2023-07-15 21:53:56,631] {dag.py:2379} INFO - Sync 1 DAGs
[2023-07-15 21:53:56,682] {logging_mixin.py:115} INFO - [2023-07-15 21:53:56,682] {dag.py:2927} INFO - Setting next_dagrun for example_branch_python_operator_decorator to 2023-07-15T00:00:00+00:00, run_after=2023-07-16T00:00:00+00:00
[2023-07-15 21:53:56,717] {processor.py:161} INFO - Processing /home/lucas/.local/lib/python3.10/site-packages/airflow/example_dags/example_branch_operator_decorator.py took 0.174 seconds
[2023-07-15 21:54:36,395] {processor.py:153} INFO - Started process (PID=9554) to work on /home/lucas/.local/lib/python3.10/site-packages/airflow/example_dags/example_branch_operator_decorator.py
[2023-07-15 21:54:36,396] {processor.py:641} INFO - Processing file /home/lucas/.local/lib/python3.10/site-packages/airflow/example_dags/example_branch_operator_decorator.py for tasks to queue
[2023-07-15 21:54:36,397] {logging_mixin.py:115} INFO - [2023-07-15 21:54:36,397] {dagbag.py:507} INFO - Filling up the DagBag from /home/lucas/.local/lib/python3.10/site-packages/airflow/example_dags/example_branch_operator_decorator.py
[2023-07-15 21:54:36,442] {processor.py:651} INFO - DAG(s) dict_keys(['example_branch_python_operator_decorator']) retrieved from /home/lucas/.local/lib/python3.10/site-packages/airflow/example_dags/example_branch_operator_decorator.py
[2023-07-15 21:54:36,478] {logging_mixin.py:115} INFO - [2023-07-15 21:54:36,477] {dag.py:2379} INFO - Sync 1 DAGs
[2023-07-15 21:54:36,530] {logging_mixin.py:115} INFO - [2023-07-15 21:54:36,529] {dag.py:2927} INFO - Setting next_dagrun for example_branch_python_operator_decorator to 2023-07-15T00:00:00+00:00, run_after=2023-07-16T00:00:00+00:00
[2023-07-15 21:54:36,558] {processor.py:161} INFO - Processing /home/lucas/.local/lib/python3.10/site-packages/airflow/example_dags/example_branch_operator_decorator.py took 0.168 seconds
[2023-07-15 21:55:10,755] {processor.py:153} INFO - Started process (PID=9675) to work on /home/lucas/.local/lib/python3.10/site-packages/airflow/example_dags/example_branch_operator_decorator.py
[2023-07-15 21:55:10,756] {processor.py:641} INFO - Processing file /home/lucas/.local/lib/python3.10/site-packages/airflow/example_dags/example_branch_operator_decorator.py for tasks to queue
[2023-07-15 21:55:10,757] {logging_mixin.py:115} INFO - [2023-07-15 21:55:10,757] {dagbag.py:507} INFO - Filling up the DagBag from /home/lucas/.local/lib/python3.10/site-packages/airflow/example_dags/example_branch_operator_decorator.py
[2023-07-15 21:55:10,804] {processor.py:651} INFO - DAG(s) dict_keys(['example_branch_python_operator_decorator']) retrieved from /home/lucas/.local/lib/python3.10/site-packages/airflow/example_dags/example_branch_operator_decorator.py
[2023-07-15 21:55:10,842] {logging_mixin.py:115} INFO - [2023-07-15 21:55:10,842] {dag.py:2379} INFO - Sync 1 DAGs
[2023-07-15 21:55:10,911] {logging_mixin.py:115} INFO - [2023-07-15 21:55:10,910] {dag.py:2927} INFO - Setting next_dagrun for example_branch_python_operator_decorator to 2023-07-15T00:00:00+00:00, run_after=2023-07-16T00:00:00+00:00
[2023-07-15 21:55:10,946] {processor.py:161} INFO - Processing /home/lucas/.local/lib/python3.10/site-packages/airflow/example_dags/example_branch_operator_decorator.py took 0.197 seconds
[2023-07-15 21:55:54,435] {processor.py:153} INFO - Started process (PID=9811) to work on /home/lucas/.local/lib/python3.10/site-packages/airflow/example_dags/example_branch_operator_decorator.py
[2023-07-15 21:55:54,438] {processor.py:641} INFO - Processing file /home/lucas/.local/lib/python3.10/site-packages/airflow/example_dags/example_branch_operator_decorator.py for tasks to queue
[2023-07-15 21:55:54,439] {logging_mixin.py:115} INFO - [2023-07-15 21:55:54,439] {dagbag.py:507} INFO - Filling up the DagBag from /home/lucas/.local/lib/python3.10/site-packages/airflow/example_dags/example_branch_operator_decorator.py
[2023-07-15 21:55:54,482] {processor.py:651} INFO - DAG(s) dict_keys(['example_branch_python_operator_decorator']) retrieved from /home/lucas/.local/lib/python3.10/site-packages/airflow/example_dags/example_branch_operator_decorator.py
[2023-07-15 21:55:54,518] {logging_mixin.py:115} INFO - [2023-07-15 21:55:54,518] {dag.py:2379} INFO - Sync 1 DAGs
[2023-07-15 21:55:54,570] {logging_mixin.py:115} INFO - [2023-07-15 21:55:54,569] {dag.py:2927} INFO - Setting next_dagrun for example_branch_python_operator_decorator to 2023-07-15T00:00:00+00:00, run_after=2023-07-16T00:00:00+00:00
[2023-07-15 21:55:54,600] {processor.py:161} INFO - Processing /home/lucas/.local/lib/python3.10/site-packages/airflow/example_dags/example_branch_operator_decorator.py took 0.171 seconds
[2023-07-15 21:56:35,458] {processor.py:153} INFO - Started process (PID=9867) to work on /home/lucas/.local/lib/python3.10/site-packages/airflow/example_dags/example_branch_operator_decorator.py
[2023-07-15 21:56:35,461] {processor.py:641} INFO - Processing file /home/lucas/.local/lib/python3.10/site-packages/airflow/example_dags/example_branch_operator_decorator.py for tasks to queue
[2023-07-15 21:56:35,462] {logging_mixin.py:115} INFO - [2023-07-15 21:56:35,462] {dagbag.py:507} INFO - Filling up the DagBag from /home/lucas/.local/lib/python3.10/site-packages/airflow/example_dags/example_branch_operator_decorator.py
[2023-07-15 21:56:35,508] {processor.py:651} INFO - DAG(s) dict_keys(['example_branch_python_operator_decorator']) retrieved from /home/lucas/.local/lib/python3.10/site-packages/airflow/example_dags/example_branch_operator_decorator.py
[2023-07-15 21:56:35,544] {logging_mixin.py:115} INFO - [2023-07-15 21:56:35,544] {dag.py:2379} INFO - Sync 1 DAGs
[2023-07-15 21:56:35,608] {logging_mixin.py:115} INFO - [2023-07-15 21:56:35,608] {dag.py:2927} INFO - Setting next_dagrun for example_branch_python_operator_decorator to 2023-07-15T00:00:00+00:00, run_after=2023-07-16T00:00:00+00:00
[2023-07-15 21:56:35,642] {processor.py:161} INFO - Processing /home/lucas/.local/lib/python3.10/site-packages/airflow/example_dags/example_branch_operator_decorator.py took 0.191 seconds
[2023-07-15 21:57:21,609] {processor.py:153} INFO - Started process (PID=9960) to work on /home/lucas/.local/lib/python3.10/site-packages/airflow/example_dags/example_branch_operator_decorator.py
[2023-07-15 21:57:21,610] {processor.py:641} INFO - Processing file /home/lucas/.local/lib/python3.10/site-packages/airflow/example_dags/example_branch_operator_decorator.py for tasks to queue
[2023-07-15 21:57:21,612] {logging_mixin.py:115} INFO - [2023-07-15 21:57:21,611] {dagbag.py:507} INFO - Filling up the DagBag from /home/lucas/.local/lib/python3.10/site-packages/airflow/example_dags/example_branch_operator_decorator.py
[2023-07-15 21:57:21,649] {processor.py:651} INFO - DAG(s) dict_keys(['example_branch_python_operator_decorator']) retrieved from /home/lucas/.local/lib/python3.10/site-packages/airflow/example_dags/example_branch_operator_decorator.py
[2023-07-15 21:57:21,679] {logging_mixin.py:115} INFO - [2023-07-15 21:57:21,679] {dag.py:2379} INFO - Sync 1 DAGs
[2023-07-15 21:57:21,725] {logging_mixin.py:115} INFO - [2023-07-15 21:57:21,725] {dag.py:2927} INFO - Setting next_dagrun for example_branch_python_operator_decorator to 2023-07-15T00:00:00+00:00, run_after=2023-07-16T00:00:00+00:00
[2023-07-15 21:57:21,744] {processor.py:161} INFO - Processing /home/lucas/.local/lib/python3.10/site-packages/airflow/example_dags/example_branch_operator_decorator.py took 0.139 seconds
[2023-07-15 21:58:03,490] {processor.py:153} INFO - Started process (PID=10056) to work on /home/lucas/.local/lib/python3.10/site-packages/airflow/example_dags/example_branch_operator_decorator.py
[2023-07-15 21:58:03,494] {processor.py:641} INFO - Processing file /home/lucas/.local/lib/python3.10/site-packages/airflow/example_dags/example_branch_operator_decorator.py for tasks to queue
[2023-07-15 21:58:03,495] {logging_mixin.py:115} INFO - [2023-07-15 21:58:03,495] {dagbag.py:507} INFO - Filling up the DagBag from /home/lucas/.local/lib/python3.10/site-packages/airflow/example_dags/example_branch_operator_decorator.py
[2023-07-15 21:58:03,540] {processor.py:651} INFO - DAG(s) dict_keys(['example_branch_python_operator_decorator']) retrieved from /home/lucas/.local/lib/python3.10/site-packages/airflow/example_dags/example_branch_operator_decorator.py
[2023-07-15 21:58:03,576] {logging_mixin.py:115} INFO - [2023-07-15 21:58:03,575] {dag.py:2379} INFO - Sync 1 DAGs
[2023-07-15 21:58:03,627] {logging_mixin.py:115} INFO - [2023-07-15 21:58:03,627] {dag.py:2927} INFO - Setting next_dagrun for example_branch_python_operator_decorator to 2023-07-15T00:00:00+00:00, run_after=2023-07-16T00:00:00+00:00
[2023-07-15 21:58:03,653] {processor.py:161} INFO - Processing /home/lucas/.local/lib/python3.10/site-packages/airflow/example_dags/example_branch_operator_decorator.py took 0.168 seconds
[2023-07-15 21:58:43,251] {processor.py:153} INFO - Started process (PID=10123) to work on /home/lucas/.local/lib/python3.10/site-packages/airflow/example_dags/example_branch_operator_decorator.py
[2023-07-15 21:58:43,252] {processor.py:641} INFO - Processing file /home/lucas/.local/lib/python3.10/site-packages/airflow/example_dags/example_branch_operator_decorator.py for tasks to queue
[2023-07-15 21:58:43,253] {logging_mixin.py:115} INFO - [2023-07-15 21:58:43,253] {dagbag.py:507} INFO - Filling up the DagBag from /home/lucas/.local/lib/python3.10/site-packages/airflow/example_dags/example_branch_operator_decorator.py
[2023-07-15 21:58:43,296] {processor.py:651} INFO - DAG(s) dict_keys(['example_branch_python_operator_decorator']) retrieved from /home/lucas/.local/lib/python3.10/site-packages/airflow/example_dags/example_branch_operator_decorator.py
[2023-07-15 21:58:43,329] {logging_mixin.py:115} INFO - [2023-07-15 21:58:43,329] {dag.py:2379} INFO - Sync 1 DAGs
[2023-07-15 21:58:43,378] {logging_mixin.py:115} INFO - [2023-07-15 21:58:43,378] {dag.py:2927} INFO - Setting next_dagrun for example_branch_python_operator_decorator to 2023-07-15T00:00:00+00:00, run_after=2023-07-16T00:00:00+00:00
[2023-07-15 21:58:43,402] {processor.py:161} INFO - Processing /home/lucas/.local/lib/python3.10/site-packages/airflow/example_dags/example_branch_operator_decorator.py took 0.156 seconds
