[2023-07-15 21:44:24,003] {processor.py:153} INFO - Started process (PID=7778) to work on /home/lucas/.local/lib/python3.10/site-packages/airflow/example_dags/example_bash_operator.py
[2023-07-15 21:44:24,004] {processor.py:641} INFO - Processing file /home/lucas/.local/lib/python3.10/site-packages/airflow/example_dags/example_bash_operator.py for tasks to queue
[2023-07-15 21:44:24,005] {logging_mixin.py:115} INFO - [2023-07-15 21:44:24,005] {dagbag.py:507} INFO - Filling up the DagBag from /home/lucas/.local/lib/python3.10/site-packages/airflow/example_dags/example_bash_operator.py
[2023-07-15 21:44:24,030] {processor.py:651} INFO - DAG(s) dict_keys(['example_bash_operator']) retrieved from /home/lucas/.local/lib/python3.10/site-packages/airflow/example_dags/example_bash_operator.py
[2023-07-15 21:44:24,190] {logging_mixin.py:115} INFO - [2023-07-15 21:44:24,190] {manager.py:508} INFO - Created Permission View: can read on DAG:example_bash_operator
[2023-07-15 21:44:24,211] {logging_mixin.py:115} INFO - [2023-07-15 21:44:24,211] {manager.py:508} INFO - Created Permission View: can delete on DAG:example_bash_operator
[2023-07-15 21:44:24,227] {logging_mixin.py:115} INFO - [2023-07-15 21:44:24,227] {manager.py:508} INFO - Created Permission View: can edit on DAG:example_bash_operator
[2023-07-15 21:44:24,228] {logging_mixin.py:115} INFO - [2023-07-15 21:44:24,228] {dag.py:2379} INFO - Sync 1 DAGs
[2023-07-15 21:44:24,246] {logging_mixin.py:115} INFO - [2023-07-15 21:44:24,246] {dag.py:2398} INFO - Creating ORM DAG for example_bash_operator
[2023-07-15 21:44:24,272] {logging_mixin.py:115} INFO - [2023-07-15 21:44:24,272] {dag.py:2927} INFO - Setting next_dagrun for example_bash_operator to 2023-07-15T00:00:00+00:00, run_after=2023-07-16T00:00:00+00:00
[2023-07-15 21:44:24,302] {processor.py:161} INFO - Processing /home/lucas/.local/lib/python3.10/site-packages/airflow/example_dags/example_bash_operator.py took 0.304 seconds
[2023-07-15 21:45:08,822] {processor.py:153} INFO - Started process (PID=8010) to work on /home/lucas/.local/lib/python3.10/site-packages/airflow/example_dags/example_bash_operator.py
[2023-07-15 21:45:08,826] {processor.py:641} INFO - Processing file /home/lucas/.local/lib/python3.10/site-packages/airflow/example_dags/example_bash_operator.py for tasks to queue
[2023-07-15 21:45:08,827] {logging_mixin.py:115} INFO - [2023-07-15 21:45:08,827] {dagbag.py:507} INFO - Filling up the DagBag from /home/lucas/.local/lib/python3.10/site-packages/airflow/example_dags/example_bash_operator.py
[2023-07-15 21:45:08,852] {processor.py:651} INFO - DAG(s) dict_keys(['example_bash_operator']) retrieved from /home/lucas/.local/lib/python3.10/site-packages/airflow/example_dags/example_bash_operator.py
[2023-07-15 21:45:08,888] {logging_mixin.py:115} INFO - [2023-07-15 21:45:08,888] {dag.py:2379} INFO - Sync 1 DAGs
[2023-07-15 21:45:08,935] {logging_mixin.py:115} INFO - [2023-07-15 21:45:08,935] {dag.py:2927} INFO - Setting next_dagrun for example_bash_operator to 2023-07-15T00:00:00+00:00, run_after=2023-07-16T00:00:00+00:00
[2023-07-15 21:45:08,961] {processor.py:161} INFO - Processing /home/lucas/.local/lib/python3.10/site-packages/airflow/example_dags/example_bash_operator.py took 0.144 seconds
[2023-07-15 21:45:52,871] {processor.py:153} INFO - Started process (PID=8065) to work on /home/lucas/.local/lib/python3.10/site-packages/airflow/example_dags/example_bash_operator.py
[2023-07-15 21:45:52,875] {processor.py:641} INFO - Processing file /home/lucas/.local/lib/python3.10/site-packages/airflow/example_dags/example_bash_operator.py for tasks to queue
[2023-07-15 21:45:52,876] {logging_mixin.py:115} INFO - [2023-07-15 21:45:52,876] {dagbag.py:507} INFO - Filling up the DagBag from /home/lucas/.local/lib/python3.10/site-packages/airflow/example_dags/example_bash_operator.py
[2023-07-15 21:45:52,899] {processor.py:651} INFO - DAG(s) dict_keys(['example_bash_operator']) retrieved from /home/lucas/.local/lib/python3.10/site-packages/airflow/example_dags/example_bash_operator.py
[2023-07-15 21:45:52,934] {logging_mixin.py:115} INFO - [2023-07-15 21:45:52,933] {dag.py:2379} INFO - Sync 1 DAGs
[2023-07-15 21:45:52,976] {logging_mixin.py:115} INFO - [2023-07-15 21:45:52,976] {dag.py:2927} INFO - Setting next_dagrun for example_bash_operator to 2023-07-15T00:00:00+00:00, run_after=2023-07-16T00:00:00+00:00
[2023-07-15 21:45:53,002] {processor.py:161} INFO - Processing /home/lucas/.local/lib/python3.10/site-packages/airflow/example_dags/example_bash_operator.py took 0.136 seconds
[2023-07-15 21:46:38,423] {processor.py:153} INFO - Started process (PID=8127) to work on /home/lucas/.local/lib/python3.10/site-packages/airflow/example_dags/example_bash_operator.py
[2023-07-15 21:46:38,427] {processor.py:641} INFO - Processing file /home/lucas/.local/lib/python3.10/site-packages/airflow/example_dags/example_bash_operator.py for tasks to queue
[2023-07-15 21:46:38,428] {logging_mixin.py:115} INFO - [2023-07-15 21:46:38,427] {dagbag.py:507} INFO - Filling up the DagBag from /home/lucas/.local/lib/python3.10/site-packages/airflow/example_dags/example_bash_operator.py
[2023-07-15 21:46:38,452] {processor.py:651} INFO - DAG(s) dict_keys(['example_bash_operator']) retrieved from /home/lucas/.local/lib/python3.10/site-packages/airflow/example_dags/example_bash_operator.py
[2023-07-15 21:46:38,493] {logging_mixin.py:115} INFO - [2023-07-15 21:46:38,492] {dag.py:2379} INFO - Sync 1 DAGs
[2023-07-15 21:46:38,537] {logging_mixin.py:115} INFO - [2023-07-15 21:46:38,537] {dag.py:2927} INFO - Setting next_dagrun for example_bash_operator to 2023-07-15T00:00:00+00:00, run_after=2023-07-16T00:00:00+00:00
[2023-07-15 21:46:38,564] {processor.py:161} INFO - Processing /home/lucas/.local/lib/python3.10/site-packages/airflow/example_dags/example_bash_operator.py took 0.147 seconds
[2023-07-15 21:47:15,160] {processor.py:153} INFO - Started process (PID=8183) to work on /home/lucas/.local/lib/python3.10/site-packages/airflow/example_dags/example_bash_operator.py
[2023-07-15 21:47:15,164] {processor.py:641} INFO - Processing file /home/lucas/.local/lib/python3.10/site-packages/airflow/example_dags/example_bash_operator.py for tasks to queue
[2023-07-15 21:47:15,164] {logging_mixin.py:115} INFO - [2023-07-15 21:47:15,164] {dagbag.py:507} INFO - Filling up the DagBag from /home/lucas/.local/lib/python3.10/site-packages/airflow/example_dags/example_bash_operator.py
[2023-07-15 21:47:15,175] {processor.py:651} INFO - DAG(s) dict_keys(['example_bash_operator']) retrieved from /home/lucas/.local/lib/python3.10/site-packages/airflow/example_dags/example_bash_operator.py
[2023-07-15 21:47:15,194] {logging_mixin.py:115} INFO - [2023-07-15 21:47:15,193] {dag.py:2379} INFO - Sync 1 DAGs
[2023-07-15 21:47:15,225] {logging_mixin.py:115} INFO - [2023-07-15 21:47:15,225] {dag.py:2927} INFO - Setting next_dagrun for example_bash_operator to 2023-07-15T00:00:00+00:00, run_after=2023-07-16T00:00:00+00:00
[2023-07-15 21:47:15,262] {processor.py:161} INFO - Processing /home/lucas/.local/lib/python3.10/site-packages/airflow/example_dags/example_bash_operator.py took 0.104 seconds
[2023-07-15 21:47:56,786] {processor.py:153} INFO - Started process (PID=8237) to work on /home/lucas/.local/lib/python3.10/site-packages/airflow/example_dags/example_bash_operator.py
[2023-07-15 21:47:56,790] {processor.py:641} INFO - Processing file /home/lucas/.local/lib/python3.10/site-packages/airflow/example_dags/example_bash_operator.py for tasks to queue
[2023-07-15 21:47:56,792] {logging_mixin.py:115} INFO - [2023-07-15 21:47:56,791] {dagbag.py:507} INFO - Filling up the DagBag from /home/lucas/.local/lib/python3.10/site-packages/airflow/example_dags/example_bash_operator.py
[2023-07-15 21:47:56,821] {processor.py:651} INFO - DAG(s) dict_keys(['example_bash_operator']) retrieved from /home/lucas/.local/lib/python3.10/site-packages/airflow/example_dags/example_bash_operator.py
[2023-07-15 21:47:56,863] {logging_mixin.py:115} INFO - [2023-07-15 21:47:56,863] {dag.py:2379} INFO - Sync 1 DAGs
[2023-07-15 21:47:56,918] {logging_mixin.py:115} INFO - [2023-07-15 21:47:56,918] {dag.py:2927} INFO - Setting next_dagrun for example_bash_operator to 2023-07-15T00:00:00+00:00, run_after=2023-07-16T00:00:00+00:00
[2023-07-15 21:47:56,951] {processor.py:161} INFO - Processing /home/lucas/.local/lib/python3.10/site-packages/airflow/example_dags/example_bash_operator.py took 0.171 seconds
[2023-07-15 21:48:44,265] {processor.py:153} INFO - Started process (PID=8297) to work on /home/lucas/.local/lib/python3.10/site-packages/airflow/example_dags/example_bash_operator.py
[2023-07-15 21:48:44,269] {processor.py:641} INFO - Processing file /home/lucas/.local/lib/python3.10/site-packages/airflow/example_dags/example_bash_operator.py for tasks to queue
[2023-07-15 21:48:44,270] {logging_mixin.py:115} INFO - [2023-07-15 21:48:44,270] {dagbag.py:507} INFO - Filling up the DagBag from /home/lucas/.local/lib/python3.10/site-packages/airflow/example_dags/example_bash_operator.py
[2023-07-15 21:48:44,295] {processor.py:651} INFO - DAG(s) dict_keys(['example_bash_operator']) retrieved from /home/lucas/.local/lib/python3.10/site-packages/airflow/example_dags/example_bash_operator.py
[2023-07-15 21:48:44,331] {logging_mixin.py:115} INFO - [2023-07-15 21:48:44,330] {dag.py:2379} INFO - Sync 1 DAGs
[2023-07-15 21:48:44,376] {logging_mixin.py:115} INFO - [2023-07-15 21:48:44,376] {dag.py:2927} INFO - Setting next_dagrun for example_bash_operator to 2023-07-15T00:00:00+00:00, run_after=2023-07-16T00:00:00+00:00
[2023-07-15 21:48:44,404] {processor.py:161} INFO - Processing /home/lucas/.local/lib/python3.10/site-packages/airflow/example_dags/example_bash_operator.py took 0.144 seconds
[2023-07-15 21:49:21,216] {processor.py:153} INFO - Started process (PID=8392) to work on /home/lucas/.local/lib/python3.10/site-packages/airflow/example_dags/example_bash_operator.py
[2023-07-15 21:49:21,218] {processor.py:641} INFO - Processing file /home/lucas/.local/lib/python3.10/site-packages/airflow/example_dags/example_bash_operator.py for tasks to queue
[2023-07-15 21:49:21,219] {logging_mixin.py:115} INFO - [2023-07-15 21:49:21,218] {dagbag.py:507} INFO - Filling up the DagBag from /home/lucas/.local/lib/python3.10/site-packages/airflow/example_dags/example_bash_operator.py
[2023-07-15 21:49:21,243] {processor.py:651} INFO - DAG(s) dict_keys(['example_bash_operator']) retrieved from /home/lucas/.local/lib/python3.10/site-packages/airflow/example_dags/example_bash_operator.py
[2023-07-15 21:49:21,278] {logging_mixin.py:115} INFO - [2023-07-15 21:49:21,278] {dag.py:2379} INFO - Sync 1 DAGs
[2023-07-15 21:49:21,333] {logging_mixin.py:115} INFO - [2023-07-15 21:49:21,333] {dag.py:2927} INFO - Setting next_dagrun for example_bash_operator to 2023-07-15T00:00:00+00:00, run_after=2023-07-16T00:00:00+00:00
[2023-07-15 21:49:21,358] {processor.py:161} INFO - Processing /home/lucas/.local/lib/python3.10/site-packages/airflow/example_dags/example_bash_operator.py took 0.148 seconds
[2023-07-15 21:50:08,942] {processor.py:153} INFO - Started process (PID=8476) to work on /home/lucas/.local/lib/python3.10/site-packages/airflow/example_dags/example_bash_operator.py
[2023-07-15 21:50:08,946] {processor.py:641} INFO - Processing file /home/lucas/.local/lib/python3.10/site-packages/airflow/example_dags/example_bash_operator.py for tasks to queue
[2023-07-15 21:50:08,947] {logging_mixin.py:115} INFO - [2023-07-15 21:50:08,947] {dagbag.py:507} INFO - Filling up the DagBag from /home/lucas/.local/lib/python3.10/site-packages/airflow/example_dags/example_bash_operator.py
[2023-07-15 21:50:08,972] {processor.py:651} INFO - DAG(s) dict_keys(['example_bash_operator']) retrieved from /home/lucas/.local/lib/python3.10/site-packages/airflow/example_dags/example_bash_operator.py
[2023-07-15 21:50:09,008] {logging_mixin.py:115} INFO - [2023-07-15 21:50:09,007] {dag.py:2379} INFO - Sync 1 DAGs
[2023-07-15 21:50:09,056] {logging_mixin.py:115} INFO - [2023-07-15 21:50:09,056] {dag.py:2927} INFO - Setting next_dagrun for example_bash_operator to 2023-07-15T00:00:00+00:00, run_after=2023-07-16T00:00:00+00:00
[2023-07-15 21:50:09,086] {processor.py:161} INFO - Processing /home/lucas/.local/lib/python3.10/site-packages/airflow/example_dags/example_bash_operator.py took 0.149 seconds
[2023-07-15 21:50:52,332] {processor.py:153} INFO - Started process (PID=8579) to work on /home/lucas/.local/lib/python3.10/site-packages/airflow/example_dags/example_bash_operator.py
[2023-07-15 21:50:52,336] {processor.py:641} INFO - Processing file /home/lucas/.local/lib/python3.10/site-packages/airflow/example_dags/example_bash_operator.py for tasks to queue
[2023-07-15 21:50:52,337] {logging_mixin.py:115} INFO - [2023-07-15 21:50:52,337] {dagbag.py:507} INFO - Filling up the DagBag from /home/lucas/.local/lib/python3.10/site-packages/airflow/example_dags/example_bash_operator.py
[2023-07-15 21:50:52,363] {processor.py:651} INFO - DAG(s) dict_keys(['example_bash_operator']) retrieved from /home/lucas/.local/lib/python3.10/site-packages/airflow/example_dags/example_bash_operator.py
[2023-07-15 21:50:52,406] {logging_mixin.py:115} INFO - [2023-07-15 21:50:52,406] {dag.py:2379} INFO - Sync 1 DAGs
[2023-07-15 21:50:52,451] {logging_mixin.py:115} INFO - [2023-07-15 21:50:52,451] {dag.py:2927} INFO - Setting next_dagrun for example_bash_operator to 2023-07-15T00:00:00+00:00, run_after=2023-07-16T00:00:00+00:00
[2023-07-15 21:50:52,477] {processor.py:161} INFO - Processing /home/lucas/.local/lib/python3.10/site-packages/airflow/example_dags/example_bash_operator.py took 0.153 seconds
[2023-07-15 21:51:33,218] {processor.py:153} INFO - Started process (PID=8644) to work on /home/lucas/.local/lib/python3.10/site-packages/airflow/example_dags/example_bash_operator.py
[2023-07-15 21:51:33,222] {processor.py:641} INFO - Processing file /home/lucas/.local/lib/python3.10/site-packages/airflow/example_dags/example_bash_operator.py for tasks to queue
[2023-07-15 21:51:33,223] {logging_mixin.py:115} INFO - [2023-07-15 21:51:33,223] {dagbag.py:507} INFO - Filling up the DagBag from /home/lucas/.local/lib/python3.10/site-packages/airflow/example_dags/example_bash_operator.py
[2023-07-15 21:51:33,247] {processor.py:651} INFO - DAG(s) dict_keys(['example_bash_operator']) retrieved from /home/lucas/.local/lib/python3.10/site-packages/airflow/example_dags/example_bash_operator.py
[2023-07-15 21:51:33,281] {logging_mixin.py:115} INFO - [2023-07-15 21:51:33,281] {dag.py:2379} INFO - Sync 1 DAGs
[2023-07-15 21:51:33,326] {logging_mixin.py:115} INFO - [2023-07-15 21:51:33,326] {dag.py:2927} INFO - Setting next_dagrun for example_bash_operator to 2023-07-15T00:00:00+00:00, run_after=2023-07-16T00:00:00+00:00
[2023-07-15 21:51:33,352] {processor.py:161} INFO - Processing /home/lucas/.local/lib/python3.10/site-packages/airflow/example_dags/example_bash_operator.py took 0.139 seconds
[2023-07-15 21:52:12,476] {processor.py:153} INFO - Started process (PID=9089) to work on /home/lucas/.local/lib/python3.10/site-packages/airflow/example_dags/example_bash_operator.py
[2023-07-15 21:52:12,481] {processor.py:641} INFO - Processing file /home/lucas/.local/lib/python3.10/site-packages/airflow/example_dags/example_bash_operator.py for tasks to queue
[2023-07-15 21:52:12,483] {logging_mixin.py:115} INFO - [2023-07-15 21:52:12,482] {dagbag.py:507} INFO - Filling up the DagBag from /home/lucas/.local/lib/python3.10/site-packages/airflow/example_dags/example_bash_operator.py
[2023-07-15 21:52:12,512] {processor.py:651} INFO - DAG(s) dict_keys(['example_bash_operator']) retrieved from /home/lucas/.local/lib/python3.10/site-packages/airflow/example_dags/example_bash_operator.py
[2023-07-15 21:52:12,552] {logging_mixin.py:115} INFO - [2023-07-15 21:52:12,552] {dag.py:2379} INFO - Sync 1 DAGs
[2023-07-15 21:52:12,599] {logging_mixin.py:115} INFO - [2023-07-15 21:52:12,599] {dag.py:2927} INFO - Setting next_dagrun for example_bash_operator to 2023-07-15T00:00:00+00:00, run_after=2023-07-16T00:00:00+00:00
[2023-07-15 21:52:12,626] {processor.py:161} INFO - Processing /home/lucas/.local/lib/python3.10/site-packages/airflow/example_dags/example_bash_operator.py took 0.155 seconds
[2023-07-15 21:52:50,851] {processor.py:153} INFO - Started process (PID=9157) to work on /home/lucas/.local/lib/python3.10/site-packages/airflow/example_dags/example_bash_operator.py
[2023-07-15 21:52:50,852] {processor.py:641} INFO - Processing file /home/lucas/.local/lib/python3.10/site-packages/airflow/example_dags/example_bash_operator.py for tasks to queue
[2023-07-15 21:52:50,853] {logging_mixin.py:115} INFO - [2023-07-15 21:52:50,853] {dagbag.py:507} INFO - Filling up the DagBag from /home/lucas/.local/lib/python3.10/site-packages/airflow/example_dags/example_bash_operator.py
[2023-07-15 21:52:50,878] {processor.py:651} INFO - DAG(s) dict_keys(['example_bash_operator']) retrieved from /home/lucas/.local/lib/python3.10/site-packages/airflow/example_dags/example_bash_operator.py
[2023-07-15 21:52:50,913] {logging_mixin.py:115} INFO - [2023-07-15 21:52:50,913] {dag.py:2379} INFO - Sync 1 DAGs
[2023-07-15 21:52:50,958] {logging_mixin.py:115} INFO - [2023-07-15 21:52:50,958] {dag.py:2927} INFO - Setting next_dagrun for example_bash_operator to 2023-07-15T00:00:00+00:00, run_after=2023-07-16T00:00:00+00:00
[2023-07-15 21:52:50,983] {processor.py:161} INFO - Processing /home/lucas/.local/lib/python3.10/site-packages/airflow/example_dags/example_bash_operator.py took 0.138 seconds
[2023-07-15 21:53:32,712] {processor.py:153} INFO - Started process (PID=9284) to work on /home/lucas/.local/lib/python3.10/site-packages/airflow/example_dags/example_bash_operator.py
[2023-07-15 21:53:32,716] {processor.py:641} INFO - Processing file /home/lucas/.local/lib/python3.10/site-packages/airflow/example_dags/example_bash_operator.py for tasks to queue
[2023-07-15 21:53:32,717] {logging_mixin.py:115} INFO - [2023-07-15 21:53:32,716] {dagbag.py:507} INFO - Filling up the DagBag from /home/lucas/.local/lib/python3.10/site-packages/airflow/example_dags/example_bash_operator.py
[2023-07-15 21:53:32,741] {processor.py:651} INFO - DAG(s) dict_keys(['example_bash_operator']) retrieved from /home/lucas/.local/lib/python3.10/site-packages/airflow/example_dags/example_bash_operator.py
[2023-07-15 21:53:32,777] {logging_mixin.py:115} INFO - [2023-07-15 21:53:32,777] {dag.py:2379} INFO - Sync 1 DAGs
[2023-07-15 21:53:32,822] {logging_mixin.py:115} INFO - [2023-07-15 21:53:32,821] {dag.py:2927} INFO - Setting next_dagrun for example_bash_operator to 2023-07-15T00:00:00+00:00, run_after=2023-07-16T00:00:00+00:00
[2023-07-15 21:53:32,847] {processor.py:161} INFO - Processing /home/lucas/.local/lib/python3.10/site-packages/airflow/example_dags/example_bash_operator.py took 0.140 seconds
[2023-07-15 21:54:11,765] {processor.py:153} INFO - Started process (PID=9386) to work on /home/lucas/.local/lib/python3.10/site-packages/airflow/example_dags/example_bash_operator.py
[2023-07-15 21:54:11,769] {processor.py:641} INFO - Processing file /home/lucas/.local/lib/python3.10/site-packages/airflow/example_dags/example_bash_operator.py for tasks to queue
[2023-07-15 21:54:11,770] {logging_mixin.py:115} INFO - [2023-07-15 21:54:11,769] {dagbag.py:507} INFO - Filling up the DagBag from /home/lucas/.local/lib/python3.10/site-packages/airflow/example_dags/example_bash_operator.py
[2023-07-15 21:54:11,799] {processor.py:651} INFO - DAG(s) dict_keys(['example_bash_operator']) retrieved from /home/lucas/.local/lib/python3.10/site-packages/airflow/example_dags/example_bash_operator.py
[2023-07-15 21:54:11,843] {logging_mixin.py:115} INFO - [2023-07-15 21:54:11,843] {dag.py:2379} INFO - Sync 1 DAGs
[2023-07-15 21:54:11,897] {logging_mixin.py:115} INFO - [2023-07-15 21:54:11,897] {dag.py:2927} INFO - Setting next_dagrun for example_bash_operator to 2023-07-15T00:00:00+00:00, run_after=2023-07-16T00:00:00+00:00
[2023-07-15 21:54:11,927] {processor.py:161} INFO - Processing /home/lucas/.local/lib/python3.10/site-packages/airflow/example_dags/example_bash_operator.py took 0.169 seconds
[2023-07-15 21:54:49,605] {processor.py:153} INFO - Started process (PID=9609) to work on /home/lucas/.local/lib/python3.10/site-packages/airflow/example_dags/example_bash_operator.py
[2023-07-15 21:54:49,609] {processor.py:641} INFO - Processing file /home/lucas/.local/lib/python3.10/site-packages/airflow/example_dags/example_bash_operator.py for tasks to queue
[2023-07-15 21:54:49,610] {logging_mixin.py:115} INFO - [2023-07-15 21:54:49,610] {dagbag.py:507} INFO - Filling up the DagBag from /home/lucas/.local/lib/python3.10/site-packages/airflow/example_dags/example_bash_operator.py
[2023-07-15 21:54:49,634] {processor.py:651} INFO - DAG(s) dict_keys(['example_bash_operator']) retrieved from /home/lucas/.local/lib/python3.10/site-packages/airflow/example_dags/example_bash_operator.py
[2023-07-15 21:54:49,668] {logging_mixin.py:115} INFO - [2023-07-15 21:54:49,668] {dag.py:2379} INFO - Sync 1 DAGs
[2023-07-15 21:54:49,720] {logging_mixin.py:115} INFO - [2023-07-15 21:54:49,719] {dag.py:2927} INFO - Setting next_dagrun for example_bash_operator to 2023-07-15T00:00:00+00:00, run_after=2023-07-16T00:00:00+00:00
[2023-07-15 21:54:49,754] {processor.py:161} INFO - Processing /home/lucas/.local/lib/python3.10/site-packages/airflow/example_dags/example_bash_operator.py took 0.154 seconds
[2023-07-15 21:55:33,074] {processor.py:153} INFO - Started process (PID=9767) to work on /home/lucas/.local/lib/python3.10/site-packages/airflow/example_dags/example_bash_operator.py
[2023-07-15 21:55:33,075] {processor.py:641} INFO - Processing file /home/lucas/.local/lib/python3.10/site-packages/airflow/example_dags/example_bash_operator.py for tasks to queue
[2023-07-15 21:55:33,076] {logging_mixin.py:115} INFO - [2023-07-15 21:55:33,076] {dagbag.py:507} INFO - Filling up the DagBag from /home/lucas/.local/lib/python3.10/site-packages/airflow/example_dags/example_bash_operator.py
[2023-07-15 21:55:33,100] {processor.py:651} INFO - DAG(s) dict_keys(['example_bash_operator']) retrieved from /home/lucas/.local/lib/python3.10/site-packages/airflow/example_dags/example_bash_operator.py
[2023-07-15 21:55:33,134] {logging_mixin.py:115} INFO - [2023-07-15 21:55:33,133] {dag.py:2379} INFO - Sync 1 DAGs
[2023-07-15 21:55:33,177] {logging_mixin.py:115} INFO - [2023-07-15 21:55:33,177] {dag.py:2927} INFO - Setting next_dagrun for example_bash_operator to 2023-07-15T00:00:00+00:00, run_after=2023-07-16T00:00:00+00:00
[2023-07-15 21:55:33,202] {processor.py:161} INFO - Processing /home/lucas/.local/lib/python3.10/site-packages/airflow/example_dags/example_bash_operator.py took 0.134 seconds
[2023-07-15 21:56:18,540] {processor.py:153} INFO - Started process (PID=9849) to work on /home/lucas/.local/lib/python3.10/site-packages/airflow/example_dags/example_bash_operator.py
[2023-07-15 21:56:18,544] {processor.py:641} INFO - Processing file /home/lucas/.local/lib/python3.10/site-packages/airflow/example_dags/example_bash_operator.py for tasks to queue
[2023-07-15 21:56:18,545] {logging_mixin.py:115} INFO - [2023-07-15 21:56:18,545] {dagbag.py:507} INFO - Filling up the DagBag from /home/lucas/.local/lib/python3.10/site-packages/airflow/example_dags/example_bash_operator.py
[2023-07-15 21:56:18,570] {processor.py:651} INFO - DAG(s) dict_keys(['example_bash_operator']) retrieved from /home/lucas/.local/lib/python3.10/site-packages/airflow/example_dags/example_bash_operator.py
[2023-07-15 21:56:18,607] {logging_mixin.py:115} INFO - [2023-07-15 21:56:18,607] {dag.py:2379} INFO - Sync 1 DAGs
[2023-07-15 21:56:18,655] {logging_mixin.py:115} INFO - [2023-07-15 21:56:18,655] {dag.py:2927} INFO - Setting next_dagrun for example_bash_operator to 2023-07-15T00:00:00+00:00, run_after=2023-07-16T00:00:00+00:00
[2023-07-15 21:56:18,682] {processor.py:161} INFO - Processing /home/lucas/.local/lib/python3.10/site-packages/airflow/example_dags/example_bash_operator.py took 0.148 seconds
[2023-07-15 21:57:04,870] {processor.py:153} INFO - Started process (PID=9912) to work on /home/lucas/.local/lib/python3.10/site-packages/airflow/example_dags/example_bash_operator.py
[2023-07-15 21:57:04,874] {processor.py:641} INFO - Processing file /home/lucas/.local/lib/python3.10/site-packages/airflow/example_dags/example_bash_operator.py for tasks to queue
[2023-07-15 21:57:04,875] {logging_mixin.py:115} INFO - [2023-07-15 21:57:04,875] {dagbag.py:507} INFO - Filling up the DagBag from /home/lucas/.local/lib/python3.10/site-packages/airflow/example_dags/example_bash_operator.py
[2023-07-15 21:57:04,905] {processor.py:651} INFO - DAG(s) dict_keys(['example_bash_operator']) retrieved from /home/lucas/.local/lib/python3.10/site-packages/airflow/example_dags/example_bash_operator.py
[2023-07-15 21:57:04,940] {logging_mixin.py:115} INFO - [2023-07-15 21:57:04,940] {dag.py:2379} INFO - Sync 1 DAGs
[2023-07-15 21:57:04,990] {logging_mixin.py:115} INFO - [2023-07-15 21:57:04,989] {dag.py:2927} INFO - Setting next_dagrun for example_bash_operator to 2023-07-15T00:00:00+00:00, run_after=2023-07-16T00:00:00+00:00
[2023-07-15 21:57:05,014] {processor.py:161} INFO - Processing /home/lucas/.local/lib/python3.10/site-packages/airflow/example_dags/example_bash_operator.py took 0.151 seconds
[2023-07-15 21:57:44,486] {processor.py:153} INFO - Started process (PID=10038) to work on /home/lucas/.local/lib/python3.10/site-packages/airflow/example_dags/example_bash_operator.py
[2023-07-15 21:57:44,487] {processor.py:641} INFO - Processing file /home/lucas/.local/lib/python3.10/site-packages/airflow/example_dags/example_bash_operator.py for tasks to queue
[2023-07-15 21:57:44,488] {logging_mixin.py:115} INFO - [2023-07-15 21:57:44,488] {dagbag.py:507} INFO - Filling up the DagBag from /home/lucas/.local/lib/python3.10/site-packages/airflow/example_dags/example_bash_operator.py
[2023-07-15 21:57:44,512] {processor.py:651} INFO - DAG(s) dict_keys(['example_bash_operator']) retrieved from /home/lucas/.local/lib/python3.10/site-packages/airflow/example_dags/example_bash_operator.py
[2023-07-15 21:57:44,550] {logging_mixin.py:115} INFO - [2023-07-15 21:57:44,550] {dag.py:2379} INFO - Sync 1 DAGs
[2023-07-15 21:57:44,596] {logging_mixin.py:115} INFO - [2023-07-15 21:57:44,596] {dag.py:2927} INFO - Setting next_dagrun for example_bash_operator to 2023-07-15T00:00:00+00:00, run_after=2023-07-16T00:00:00+00:00
[2023-07-15 21:57:44,622] {processor.py:161} INFO - Processing /home/lucas/.local/lib/python3.10/site-packages/airflow/example_dags/example_bash_operator.py took 0.141 seconds
[2023-07-15 21:58:23,207] {processor.py:153} INFO - Started process (PID=10092) to work on /home/lucas/.local/lib/python3.10/site-packages/airflow/example_dags/example_bash_operator.py
[2023-07-15 21:58:23,211] {processor.py:641} INFO - Processing file /home/lucas/.local/lib/python3.10/site-packages/airflow/example_dags/example_bash_operator.py for tasks to queue
[2023-07-15 21:58:23,212] {logging_mixin.py:115} INFO - [2023-07-15 21:58:23,212] {dagbag.py:507} INFO - Filling up the DagBag from /home/lucas/.local/lib/python3.10/site-packages/airflow/example_dags/example_bash_operator.py
[2023-07-15 21:58:23,237] {processor.py:651} INFO - DAG(s) dict_keys(['example_bash_operator']) retrieved from /home/lucas/.local/lib/python3.10/site-packages/airflow/example_dags/example_bash_operator.py
[2023-07-15 21:58:23,273] {logging_mixin.py:115} INFO - [2023-07-15 21:58:23,273] {dag.py:2379} INFO - Sync 1 DAGs
[2023-07-15 21:58:23,317] {logging_mixin.py:115} INFO - [2023-07-15 21:58:23,316] {dag.py:2927} INFO - Setting next_dagrun for example_bash_operator to 2023-07-15T00:00:00+00:00, run_after=2023-07-16T00:00:00+00:00
[2023-07-15 21:58:23,343] {processor.py:161} INFO - Processing /home/lucas/.local/lib/python3.10/site-packages/airflow/example_dags/example_bash_operator.py took 0.143 seconds
