[2023-07-15 21:43:58,438] {processor.py:153} INFO - Started process (PID=7140) to work on /home/lucas/.local/lib/python3.10/site-packages/airflow/example_dags/example_complex.py
[2023-07-15 21:43:58,439] {processor.py:641} INFO - Processing file /home/lucas/.local/lib/python3.10/site-packages/airflow/example_dags/example_complex.py for tasks to queue
[2023-07-15 21:43:58,440] {logging_mixin.py:115} INFO - [2023-07-15 21:43:58,440] {dagbag.py:507} INFO - Filling up the DagBag from /home/lucas/.local/lib/python3.10/site-packages/airflow/example_dags/example_complex.py
[2023-07-15 21:43:58,468] {processor.py:651} INFO - DAG(s) dict_keys(['example_complex']) retrieved from /home/lucas/.local/lib/python3.10/site-packages/airflow/example_dags/example_complex.py
[2023-07-15 21:43:58,622] {logging_mixin.py:115} INFO - [2023-07-15 21:43:58,621] {manager.py:508} INFO - Created Permission View: can read on DAG:example_complex
[2023-07-15 21:43:58,642] {logging_mixin.py:115} INFO - [2023-07-15 21:43:58,642] {manager.py:508} INFO - Created Permission View: can delete on DAG:example_complex
[2023-07-15 21:43:58,658] {logging_mixin.py:115} INFO - [2023-07-15 21:43:58,658] {manager.py:508} INFO - Created Permission View: can edit on DAG:example_complex
[2023-07-15 21:43:58,658] {logging_mixin.py:115} INFO - [2023-07-15 21:43:58,658] {dag.py:2379} INFO - Sync 1 DAGs
[2023-07-15 21:43:58,675] {logging_mixin.py:115} INFO - [2023-07-15 21:43:58,675] {dag.py:2398} INFO - Creating ORM DAG for example_complex
[2023-07-15 21:43:58,697] {logging_mixin.py:115} INFO - [2023-07-15 21:43:58,697] {dag.py:2927} INFO - Setting next_dagrun for example_complex to None, run_after=None
[2023-07-15 21:43:58,731] {processor.py:161} INFO - Processing /home/lucas/.local/lib/python3.10/site-packages/airflow/example_dags/example_complex.py took 0.298 seconds
[2023-07-15 21:44:40,777] {processor.py:153} INFO - Started process (PID=7925) to work on /home/lucas/.local/lib/python3.10/site-packages/airflow/example_dags/example_complex.py
[2023-07-15 21:44:40,778] {processor.py:641} INFO - Processing file /home/lucas/.local/lib/python3.10/site-packages/airflow/example_dags/example_complex.py for tasks to queue
[2023-07-15 21:44:40,779] {logging_mixin.py:115} INFO - [2023-07-15 21:44:40,779] {dagbag.py:507} INFO - Filling up the DagBag from /home/lucas/.local/lib/python3.10/site-packages/airflow/example_dags/example_complex.py
[2023-07-15 21:44:40,811] {processor.py:651} INFO - DAG(s) dict_keys(['example_complex']) retrieved from /home/lucas/.local/lib/python3.10/site-packages/airflow/example_dags/example_complex.py
[2023-07-15 21:44:40,869] {logging_mixin.py:115} INFO - [2023-07-15 21:44:40,869] {dag.py:2379} INFO - Sync 1 DAGs
[2023-07-15 21:44:40,930] {logging_mixin.py:115} INFO - [2023-07-15 21:44:40,930] {dag.py:2927} INFO - Setting next_dagrun for example_complex to None, run_after=None
[2023-07-15 21:44:40,962] {processor.py:161} INFO - Processing /home/lucas/.local/lib/python3.10/site-packages/airflow/example_dags/example_complex.py took 0.190 seconds
[2023-07-15 21:45:21,736] {processor.py:153} INFO - Started process (PID=8031) to work on /home/lucas/.local/lib/python3.10/site-packages/airflow/example_dags/example_complex.py
[2023-07-15 21:45:21,740] {processor.py:641} INFO - Processing file /home/lucas/.local/lib/python3.10/site-packages/airflow/example_dags/example_complex.py for tasks to queue
[2023-07-15 21:45:21,741] {logging_mixin.py:115} INFO - [2023-07-15 21:45:21,741] {dagbag.py:507} INFO - Filling up the DagBag from /home/lucas/.local/lib/python3.10/site-packages/airflow/example_dags/example_complex.py
[2023-07-15 21:45:21,769] {processor.py:651} INFO - DAG(s) dict_keys(['example_complex']) retrieved from /home/lucas/.local/lib/python3.10/site-packages/airflow/example_dags/example_complex.py
[2023-07-15 21:45:21,831] {logging_mixin.py:115} INFO - [2023-07-15 21:45:21,831] {dag.py:2379} INFO - Sync 1 DAGs
[2023-07-15 21:45:21,872] {logging_mixin.py:115} INFO - [2023-07-15 21:45:21,872] {dag.py:2927} INFO - Setting next_dagrun for example_complex to None, run_after=None
[2023-07-15 21:45:21,896] {processor.py:161} INFO - Processing /home/lucas/.local/lib/python3.10/site-packages/airflow/example_dags/example_complex.py took 0.166 seconds
[2023-07-15 21:45:59,436] {processor.py:153} INFO - Started process (PID=8073) to work on /home/lucas/.local/lib/python3.10/site-packages/airflow/example_dags/example_complex.py
[2023-07-15 21:45:59,440] {processor.py:641} INFO - Processing file /home/lucas/.local/lib/python3.10/site-packages/airflow/example_dags/example_complex.py for tasks to queue
[2023-07-15 21:45:59,441] {logging_mixin.py:115} INFO - [2023-07-15 21:45:59,441] {dagbag.py:507} INFO - Filling up the DagBag from /home/lucas/.local/lib/python3.10/site-packages/airflow/example_dags/example_complex.py
[2023-07-15 21:45:59,469] {processor.py:651} INFO - DAG(s) dict_keys(['example_complex']) retrieved from /home/lucas/.local/lib/python3.10/site-packages/airflow/example_dags/example_complex.py
[2023-07-15 21:45:59,514] {logging_mixin.py:115} INFO - [2023-07-15 21:45:59,514] {dag.py:2379} INFO - Sync 1 DAGs
[2023-07-15 21:45:59,555] {logging_mixin.py:115} INFO - [2023-07-15 21:45:59,554] {dag.py:2927} INFO - Setting next_dagrun for example_complex to None, run_after=None
[2023-07-15 21:45:59,586] {processor.py:161} INFO - Processing /home/lucas/.local/lib/python3.10/site-packages/airflow/example_dags/example_complex.py took 0.155 seconds
[2023-07-15 21:46:35,983] {processor.py:153} INFO - Started process (PID=8123) to work on /home/lucas/.local/lib/python3.10/site-packages/airflow/example_dags/example_complex.py
[2023-07-15 21:46:35,984] {processor.py:641} INFO - Processing file /home/lucas/.local/lib/python3.10/site-packages/airflow/example_dags/example_complex.py for tasks to queue
[2023-07-15 21:46:35,985] {logging_mixin.py:115} INFO - [2023-07-15 21:46:35,985] {dagbag.py:507} INFO - Filling up the DagBag from /home/lucas/.local/lib/python3.10/site-packages/airflow/example_dags/example_complex.py
[2023-07-15 21:46:36,026] {processor.py:651} INFO - DAG(s) dict_keys(['example_complex']) retrieved from /home/lucas/.local/lib/python3.10/site-packages/airflow/example_dags/example_complex.py
[2023-07-15 21:46:36,072] {logging_mixin.py:115} INFO - [2023-07-15 21:46:36,072] {dag.py:2379} INFO - Sync 1 DAGs
[2023-07-15 21:46:36,113] {logging_mixin.py:115} INFO - [2023-07-15 21:46:36,112] {dag.py:2927} INFO - Setting next_dagrun for example_complex to None, run_after=None
[2023-07-15 21:46:36,139] {processor.py:161} INFO - Processing /home/lucas/.local/lib/python3.10/site-packages/airflow/example_dags/example_complex.py took 0.162 seconds
[2023-07-15 21:47:12,669] {processor.py:153} INFO - Started process (PID=8163) to work on /home/lucas/.local/lib/python3.10/site-packages/airflow/example_dags/example_complex.py
[2023-07-15 21:47:12,672] {processor.py:641} INFO - Processing file /home/lucas/.local/lib/python3.10/site-packages/airflow/example_dags/example_complex.py for tasks to queue
[2023-07-15 21:47:12,673] {logging_mixin.py:115} INFO - [2023-07-15 21:47:12,673] {dagbag.py:507} INFO - Filling up the DagBag from /home/lucas/.local/lib/python3.10/site-packages/airflow/example_dags/example_complex.py
[2023-07-15 21:47:12,702] {processor.py:651} INFO - DAG(s) dict_keys(['example_complex']) retrieved from /home/lucas/.local/lib/python3.10/site-packages/airflow/example_dags/example_complex.py
[2023-07-15 21:47:12,747] {logging_mixin.py:115} INFO - [2023-07-15 21:47:12,747] {dag.py:2379} INFO - Sync 1 DAGs
[2023-07-15 21:47:12,787] {logging_mixin.py:115} INFO - [2023-07-15 21:47:12,787] {dag.py:2927} INFO - Setting next_dagrun for example_complex to None, run_after=None
[2023-07-15 21:47:12,813] {processor.py:161} INFO - Processing /home/lucas/.local/lib/python3.10/site-packages/airflow/example_dags/example_complex.py took 0.150 seconds
[2023-07-15 21:47:54,146] {processor.py:153} INFO - Started process (PID=8234) to work on /home/lucas/.local/lib/python3.10/site-packages/airflow/example_dags/example_complex.py
[2023-07-15 21:47:54,150] {processor.py:641} INFO - Processing file /home/lucas/.local/lib/python3.10/site-packages/airflow/example_dags/example_complex.py for tasks to queue
[2023-07-15 21:47:54,152] {logging_mixin.py:115} INFO - [2023-07-15 21:47:54,152] {dagbag.py:507} INFO - Filling up the DagBag from /home/lucas/.local/lib/python3.10/site-packages/airflow/example_dags/example_complex.py
[2023-07-15 21:47:54,189] {processor.py:651} INFO - DAG(s) dict_keys(['example_complex']) retrieved from /home/lucas/.local/lib/python3.10/site-packages/airflow/example_dags/example_complex.py
[2023-07-15 21:47:54,244] {logging_mixin.py:115} INFO - [2023-07-15 21:47:54,243] {dag.py:2379} INFO - Sync 1 DAGs
[2023-07-15 21:47:54,292] {logging_mixin.py:115} INFO - [2023-07-15 21:47:54,292] {dag.py:2927} INFO - Setting next_dagrun for example_complex to None, run_after=None
[2023-07-15 21:47:54,325] {processor.py:161} INFO - Processing /home/lucas/.local/lib/python3.10/site-packages/airflow/example_dags/example_complex.py took 0.187 seconds
[2023-07-15 21:48:31,046] {processor.py:153} INFO - Started process (PID=8284) to work on /home/lucas/.local/lib/python3.10/site-packages/airflow/example_dags/example_complex.py
[2023-07-15 21:48:31,047] {processor.py:641} INFO - Processing file /home/lucas/.local/lib/python3.10/site-packages/airflow/example_dags/example_complex.py for tasks to queue
[2023-07-15 21:48:31,048] {logging_mixin.py:115} INFO - [2023-07-15 21:48:31,048] {dagbag.py:507} INFO - Filling up the DagBag from /home/lucas/.local/lib/python3.10/site-packages/airflow/example_dags/example_complex.py
[2023-07-15 21:48:31,076] {processor.py:651} INFO - DAG(s) dict_keys(['example_complex']) retrieved from /home/lucas/.local/lib/python3.10/site-packages/airflow/example_dags/example_complex.py
[2023-07-15 21:48:31,121] {logging_mixin.py:115} INFO - [2023-07-15 21:48:31,121] {dag.py:2379} INFO - Sync 1 DAGs
[2023-07-15 21:48:31,164] {logging_mixin.py:115} INFO - [2023-07-15 21:48:31,163] {dag.py:2927} INFO - Setting next_dagrun for example_complex to None, run_after=None
[2023-07-15 21:48:31,189] {processor.py:161} INFO - Processing /home/lucas/.local/lib/python3.10/site-packages/airflow/example_dags/example_complex.py took 0.149 seconds
[2023-07-15 21:49:06,778] {processor.py:153} INFO - Started process (PID=8372) to work on /home/lucas/.local/lib/python3.10/site-packages/airflow/example_dags/example_complex.py
[2023-07-15 21:49:06,779] {processor.py:641} INFO - Processing file /home/lucas/.local/lib/python3.10/site-packages/airflow/example_dags/example_complex.py for tasks to queue
[2023-07-15 21:49:06,780] {logging_mixin.py:115} INFO - [2023-07-15 21:49:06,780] {dagbag.py:507} INFO - Filling up the DagBag from /home/lucas/.local/lib/python3.10/site-packages/airflow/example_dags/example_complex.py
[2023-07-15 21:49:06,808] {processor.py:651} INFO - DAG(s) dict_keys(['example_complex']) retrieved from /home/lucas/.local/lib/python3.10/site-packages/airflow/example_dags/example_complex.py
[2023-07-15 21:49:06,852] {logging_mixin.py:115} INFO - [2023-07-15 21:49:06,852] {dag.py:2379} INFO - Sync 1 DAGs
[2023-07-15 21:49:06,897] {logging_mixin.py:115} INFO - [2023-07-15 21:49:06,897] {dag.py:2927} INFO - Setting next_dagrun for example_complex to None, run_after=None
[2023-07-15 21:49:06,924] {processor.py:161} INFO - Processing /home/lucas/.local/lib/python3.10/site-packages/airflow/example_dags/example_complex.py took 0.151 seconds
[2023-07-15 21:49:47,317] {processor.py:153} INFO - Started process (PID=8455) to work on /home/lucas/.local/lib/python3.10/site-packages/airflow/example_dags/example_complex.py
[2023-07-15 21:49:47,321] {processor.py:641} INFO - Processing file /home/lucas/.local/lib/python3.10/site-packages/airflow/example_dags/example_complex.py for tasks to queue
[2023-07-15 21:49:47,322] {logging_mixin.py:115} INFO - [2023-07-15 21:49:47,322] {dagbag.py:507} INFO - Filling up the DagBag from /home/lucas/.local/lib/python3.10/site-packages/airflow/example_dags/example_complex.py
[2023-07-15 21:49:47,356] {processor.py:651} INFO - DAG(s) dict_keys(['example_complex']) retrieved from /home/lucas/.local/lib/python3.10/site-packages/airflow/example_dags/example_complex.py
[2023-07-15 21:49:47,412] {logging_mixin.py:115} INFO - [2023-07-15 21:49:47,412] {dag.py:2379} INFO - Sync 1 DAGs
[2023-07-15 21:49:47,464] {logging_mixin.py:115} INFO - [2023-07-15 21:49:47,463] {dag.py:2927} INFO - Setting next_dagrun for example_complex to None, run_after=None
[2023-07-15 21:49:47,495] {processor.py:161} INFO - Processing /home/lucas/.local/lib/python3.10/site-packages/airflow/example_dags/example_complex.py took 0.184 seconds
[2023-07-15 21:50:29,492] {processor.py:153} INFO - Started process (PID=8530) to work on /home/lucas/.local/lib/python3.10/site-packages/airflow/example_dags/example_complex.py
[2023-07-15 21:50:29,496] {processor.py:641} INFO - Processing file /home/lucas/.local/lib/python3.10/site-packages/airflow/example_dags/example_complex.py for tasks to queue
[2023-07-15 21:50:29,497] {logging_mixin.py:115} INFO - [2023-07-15 21:50:29,497] {dagbag.py:507} INFO - Filling up the DagBag from /home/lucas/.local/lib/python3.10/site-packages/airflow/example_dags/example_complex.py
[2023-07-15 21:50:29,532] {processor.py:651} INFO - DAG(s) dict_keys(['example_complex']) retrieved from /home/lucas/.local/lib/python3.10/site-packages/airflow/example_dags/example_complex.py
[2023-07-15 21:50:29,592] {logging_mixin.py:115} INFO - [2023-07-15 21:50:29,591] {dag.py:2379} INFO - Sync 1 DAGs
[2023-07-15 21:50:29,639] {logging_mixin.py:115} INFO - [2023-07-15 21:50:29,639] {dag.py:2927} INFO - Setting next_dagrun for example_complex to None, run_after=None
[2023-07-15 21:50:29,672] {processor.py:161} INFO - Processing /home/lucas/.local/lib/python3.10/site-packages/airflow/example_dags/example_complex.py took 0.188 seconds
[2023-07-15 21:51:06,321] {processor.py:153} INFO - Started process (PID=8610) to work on /home/lucas/.local/lib/python3.10/site-packages/airflow/example_dags/example_complex.py
[2023-07-15 21:51:06,325] {processor.py:641} INFO - Processing file /home/lucas/.local/lib/python3.10/site-packages/airflow/example_dags/example_complex.py for tasks to queue
[2023-07-15 21:51:06,326] {logging_mixin.py:115} INFO - [2023-07-15 21:51:06,326] {dagbag.py:507} INFO - Filling up the DagBag from /home/lucas/.local/lib/python3.10/site-packages/airflow/example_dags/example_complex.py
[2023-07-15 21:51:06,354] {processor.py:651} INFO - DAG(s) dict_keys(['example_complex']) retrieved from /home/lucas/.local/lib/python3.10/site-packages/airflow/example_dags/example_complex.py
[2023-07-15 21:51:06,399] {logging_mixin.py:115} INFO - [2023-07-15 21:51:06,399] {dag.py:2379} INFO - Sync 1 DAGs
[2023-07-15 21:51:06,439] {logging_mixin.py:115} INFO - [2023-07-15 21:51:06,439] {dag.py:2927} INFO - Setting next_dagrun for example_complex to None, run_after=None
[2023-07-15 21:51:06,466] {processor.py:161} INFO - Processing /home/lucas/.local/lib/python3.10/site-packages/airflow/example_dags/example_complex.py took 0.150 seconds
[2023-07-15 21:51:41,327] {processor.py:153} INFO - Started process (PID=8861) to work on /home/lucas/.local/lib/python3.10/site-packages/airflow/example_dags/example_complex.py
[2023-07-15 21:51:41,328] {processor.py:641} INFO - Processing file /home/lucas/.local/lib/python3.10/site-packages/airflow/example_dags/example_complex.py for tasks to queue
[2023-07-15 21:51:41,328] {logging_mixin.py:115} INFO - [2023-07-15 21:51:41,328] {dagbag.py:507} INFO - Filling up the DagBag from /home/lucas/.local/lib/python3.10/site-packages/airflow/example_dags/example_complex.py
[2023-07-15 21:51:41,335] {processor.py:651} INFO - DAG(s) dict_keys(['example_complex']) retrieved from /home/lucas/.local/lib/python3.10/site-packages/airflow/example_dags/example_complex.py
[2023-07-15 21:51:41,347] {logging_mixin.py:115} INFO - [2023-07-15 21:51:41,347] {dag.py:2379} INFO - Sync 1 DAGs
[2023-07-15 21:51:41,357] {logging_mixin.py:115} INFO - [2023-07-15 21:51:41,357] {dag.py:2927} INFO - Setting next_dagrun for example_complex to None, run_after=None
[2023-07-15 21:51:41,365] {processor.py:161} INFO - Processing /home/lucas/.local/lib/python3.10/site-packages/airflow/example_dags/example_complex.py took 0.041 seconds
[2023-07-15 21:52:17,018] {processor.py:153} INFO - Started process (PID=9095) to work on /home/lucas/.local/lib/python3.10/site-packages/airflow/example_dags/example_complex.py
[2023-07-15 21:52:17,022] {processor.py:641} INFO - Processing file /home/lucas/.local/lib/python3.10/site-packages/airflow/example_dags/example_complex.py for tasks to queue
[2023-07-15 21:52:17,023] {logging_mixin.py:115} INFO - [2023-07-15 21:52:17,023] {dagbag.py:507} INFO - Filling up the DagBag from /home/lucas/.local/lib/python3.10/site-packages/airflow/example_dags/example_complex.py
[2023-07-15 21:52:17,051] {processor.py:651} INFO - DAG(s) dict_keys(['example_complex']) retrieved from /home/lucas/.local/lib/python3.10/site-packages/airflow/example_dags/example_complex.py
[2023-07-15 21:52:17,100] {logging_mixin.py:115} INFO - [2023-07-15 21:52:17,100] {dag.py:2379} INFO - Sync 1 DAGs
[2023-07-15 21:52:17,147] {logging_mixin.py:115} INFO - [2023-07-15 21:52:17,147] {dag.py:2927} INFO - Setting next_dagrun for example_complex to None, run_after=None
[2023-07-15 21:52:17,178] {processor.py:161} INFO - Processing /home/lucas/.local/lib/python3.10/site-packages/airflow/example_dags/example_complex.py took 0.165 seconds
[2023-07-15 21:52:54,856] {processor.py:153} INFO - Started process (PID=9161) to work on /home/lucas/.local/lib/python3.10/site-packages/airflow/example_dags/example_complex.py
[2023-07-15 21:52:54,861] {processor.py:641} INFO - Processing file /home/lucas/.local/lib/python3.10/site-packages/airflow/example_dags/example_complex.py for tasks to queue
[2023-07-15 21:52:54,862] {logging_mixin.py:115} INFO - [2023-07-15 21:52:54,862] {dagbag.py:507} INFO - Filling up the DagBag from /home/lucas/.local/lib/python3.10/site-packages/airflow/example_dags/example_complex.py
[2023-07-15 21:52:54,896] {processor.py:651} INFO - DAG(s) dict_keys(['example_complex']) retrieved from /home/lucas/.local/lib/python3.10/site-packages/airflow/example_dags/example_complex.py
[2023-07-15 21:52:54,941] {logging_mixin.py:115} INFO - [2023-07-15 21:52:54,941] {dag.py:2379} INFO - Sync 1 DAGs
[2023-07-15 21:52:54,981] {logging_mixin.py:115} INFO - [2023-07-15 21:52:54,981] {dag.py:2927} INFO - Setting next_dagrun for example_complex to None, run_after=None
[2023-07-15 21:52:55,011] {processor.py:161} INFO - Processing /home/lucas/.local/lib/python3.10/site-packages/airflow/example_dags/example_complex.py took 0.163 seconds
[2023-07-15 21:53:28,719] {processor.py:153} INFO - Started process (PID=9275) to work on /home/lucas/.local/lib/python3.10/site-packages/airflow/example_dags/example_complex.py
[2023-07-15 21:53:28,720] {processor.py:641} INFO - Processing file /home/lucas/.local/lib/python3.10/site-packages/airflow/example_dags/example_complex.py for tasks to queue
[2023-07-15 21:53:28,722] {logging_mixin.py:115} INFO - [2023-07-15 21:53:28,721] {dagbag.py:507} INFO - Filling up the DagBag from /home/lucas/.local/lib/python3.10/site-packages/airflow/example_dags/example_complex.py
[2023-07-15 21:53:28,752] {processor.py:651} INFO - DAG(s) dict_keys(['example_complex']) retrieved from /home/lucas/.local/lib/python3.10/site-packages/airflow/example_dags/example_complex.py
[2023-07-15 21:53:28,800] {logging_mixin.py:115} INFO - [2023-07-15 21:53:28,800] {dag.py:2379} INFO - Sync 1 DAGs
[2023-07-15 21:53:28,845] {logging_mixin.py:115} INFO - [2023-07-15 21:53:28,845] {dag.py:2927} INFO - Setting next_dagrun for example_complex to None, run_after=None
[2023-07-15 21:53:28,876] {processor.py:161} INFO - Processing /home/lucas/.local/lib/python3.10/site-packages/airflow/example_dags/example_complex.py took 0.162 seconds
[2023-07-15 21:54:07,357] {processor.py:153} INFO - Started process (PID=9381) to work on /home/lucas/.local/lib/python3.10/site-packages/airflow/example_dags/example_complex.py
[2023-07-15 21:54:07,359] {processor.py:641} INFO - Processing file /home/lucas/.local/lib/python3.10/site-packages/airflow/example_dags/example_complex.py for tasks to queue
[2023-07-15 21:54:07,360] {logging_mixin.py:115} INFO - [2023-07-15 21:54:07,360] {dagbag.py:507} INFO - Filling up the DagBag from /home/lucas/.local/lib/python3.10/site-packages/airflow/example_dags/example_complex.py
[2023-07-15 21:54:07,388] {processor.py:651} INFO - DAG(s) dict_keys(['example_complex']) retrieved from /home/lucas/.local/lib/python3.10/site-packages/airflow/example_dags/example_complex.py
[2023-07-15 21:54:07,436] {logging_mixin.py:115} INFO - [2023-07-15 21:54:07,436] {dag.py:2379} INFO - Sync 1 DAGs
[2023-07-15 21:54:07,482] {logging_mixin.py:115} INFO - [2023-07-15 21:54:07,481] {dag.py:2927} INFO - Setting next_dagrun for example_complex to None, run_after=None
[2023-07-15 21:54:07,510] {processor.py:161} INFO - Processing /home/lucas/.local/lib/python3.10/site-packages/airflow/example_dags/example_complex.py took 0.158 seconds
[2023-07-15 21:54:39,137] {processor.py:153} INFO - Started process (PID=9561) to work on /home/lucas/.local/lib/python3.10/site-packages/airflow/example_dags/example_complex.py
[2023-07-15 21:54:39,138] {processor.py:641} INFO - Processing file /home/lucas/.local/lib/python3.10/site-packages/airflow/example_dags/example_complex.py for tasks to queue
[2023-07-15 21:54:39,139] {logging_mixin.py:115} INFO - [2023-07-15 21:54:39,139] {dagbag.py:507} INFO - Filling up the DagBag from /home/lucas/.local/lib/python3.10/site-packages/airflow/example_dags/example_complex.py
[2023-07-15 21:54:39,177] {processor.py:651} INFO - DAG(s) dict_keys(['example_complex']) retrieved from /home/lucas/.local/lib/python3.10/site-packages/airflow/example_dags/example_complex.py
[2023-07-15 21:54:39,228] {logging_mixin.py:115} INFO - [2023-07-15 21:54:39,227] {dag.py:2379} INFO - Sync 1 DAGs
[2023-07-15 21:54:39,269] {logging_mixin.py:115} INFO - [2023-07-15 21:54:39,269] {dag.py:2927} INFO - Setting next_dagrun for example_complex to None, run_after=None
[2023-07-15 21:54:39,296] {processor.py:161} INFO - Processing /home/lucas/.local/lib/python3.10/site-packages/airflow/example_dags/example_complex.py took 0.164 seconds
[2023-07-15 21:55:15,704] {processor.py:153} INFO - Started process (PID=9721) to work on /home/lucas/.local/lib/python3.10/site-packages/airflow/example_dags/example_complex.py
[2023-07-15 21:55:15,708] {processor.py:641} INFO - Processing file /home/lucas/.local/lib/python3.10/site-packages/airflow/example_dags/example_complex.py for tasks to queue
[2023-07-15 21:55:15,709] {logging_mixin.py:115} INFO - [2023-07-15 21:55:15,709] {dagbag.py:507} INFO - Filling up the DagBag from /home/lucas/.local/lib/python3.10/site-packages/airflow/example_dags/example_complex.py
[2023-07-15 21:55:15,738] {processor.py:651} INFO - DAG(s) dict_keys(['example_complex']) retrieved from /home/lucas/.local/lib/python3.10/site-packages/airflow/example_dags/example_complex.py
[2023-07-15 21:55:15,785] {logging_mixin.py:115} INFO - [2023-07-15 21:55:15,785] {dag.py:2379} INFO - Sync 1 DAGs
[2023-07-15 21:55:15,828] {logging_mixin.py:115} INFO - [2023-07-15 21:55:15,828] {dag.py:2927} INFO - Setting next_dagrun for example_complex to None, run_after=None
[2023-07-15 21:55:15,857] {processor.py:161} INFO - Processing /home/lucas/.local/lib/python3.10/site-packages/airflow/example_dags/example_complex.py took 0.159 seconds
[2023-07-15 21:55:52,263] {processor.py:153} INFO - Started process (PID=9808) to work on /home/lucas/.local/lib/python3.10/site-packages/airflow/example_dags/example_complex.py
[2023-07-15 21:55:52,267] {processor.py:641} INFO - Processing file /home/lucas/.local/lib/python3.10/site-packages/airflow/example_dags/example_complex.py for tasks to queue
[2023-07-15 21:55:52,268] {logging_mixin.py:115} INFO - [2023-07-15 21:55:52,267] {dagbag.py:507} INFO - Filling up the DagBag from /home/lucas/.local/lib/python3.10/site-packages/airflow/example_dags/example_complex.py
[2023-07-15 21:55:52,296] {processor.py:651} INFO - DAG(s) dict_keys(['example_complex']) retrieved from /home/lucas/.local/lib/python3.10/site-packages/airflow/example_dags/example_complex.py
[2023-07-15 21:55:52,342] {logging_mixin.py:115} INFO - [2023-07-15 21:55:52,342] {dag.py:2379} INFO - Sync 1 DAGs
[2023-07-15 21:55:52,382] {logging_mixin.py:115} INFO - [2023-07-15 21:55:52,382] {dag.py:2927} INFO - Setting next_dagrun for example_complex to None, run_after=None
[2023-07-15 21:55:52,407] {processor.py:161} INFO - Processing /home/lucas/.local/lib/python3.10/site-packages/airflow/example_dags/example_complex.py took 0.150 seconds
[2023-07-15 21:56:31,654] {processor.py:153} INFO - Started process (PID=9864) to work on /home/lucas/.local/lib/python3.10/site-packages/airflow/example_dags/example_complex.py
[2023-07-15 21:56:31,658] {processor.py:641} INFO - Processing file /home/lucas/.local/lib/python3.10/site-packages/airflow/example_dags/example_complex.py for tasks to queue
[2023-07-15 21:56:31,658] {logging_mixin.py:115} INFO - [2023-07-15 21:56:31,658] {dagbag.py:507} INFO - Filling up the DagBag from /home/lucas/.local/lib/python3.10/site-packages/airflow/example_dags/example_complex.py
[2023-07-15 21:56:31,687] {processor.py:651} INFO - DAG(s) dict_keys(['example_complex']) retrieved from /home/lucas/.local/lib/python3.10/site-packages/airflow/example_dags/example_complex.py
[2023-07-15 21:56:31,733] {logging_mixin.py:115} INFO - [2023-07-15 21:56:31,733] {dag.py:2379} INFO - Sync 1 DAGs
[2023-07-15 21:56:31,775] {logging_mixin.py:115} INFO - [2023-07-15 21:56:31,775] {dag.py:2927} INFO - Setting next_dagrun for example_complex to None, run_after=None
[2023-07-15 21:56:31,803] {processor.py:161} INFO - Processing /home/lucas/.local/lib/python3.10/site-packages/airflow/example_dags/example_complex.py took 0.155 seconds
[2023-07-15 21:57:10,027] {processor.py:153} INFO - Started process (PID=9921) to work on /home/lucas/.local/lib/python3.10/site-packages/airflow/example_dags/example_complex.py
[2023-07-15 21:57:10,030] {processor.py:641} INFO - Processing file /home/lucas/.local/lib/python3.10/site-packages/airflow/example_dags/example_complex.py for tasks to queue
[2023-07-15 21:57:10,031] {logging_mixin.py:115} INFO - [2023-07-15 21:57:10,031] {dagbag.py:507} INFO - Filling up the DagBag from /home/lucas/.local/lib/python3.10/site-packages/airflow/example_dags/example_complex.py
[2023-07-15 21:57:10,059] {processor.py:651} INFO - DAG(s) dict_keys(['example_complex']) retrieved from /home/lucas/.local/lib/python3.10/site-packages/airflow/example_dags/example_complex.py
[2023-07-15 21:57:10,104] {logging_mixin.py:115} INFO - [2023-07-15 21:57:10,103] {dag.py:2379} INFO - Sync 1 DAGs
[2023-07-15 21:57:10,143] {logging_mixin.py:115} INFO - [2023-07-15 21:57:10,143] {dag.py:2927} INFO - Setting next_dagrun for example_complex to None, run_after=None
[2023-07-15 21:57:10,171] {processor.py:161} INFO - Processing /home/lucas/.local/lib/python3.10/site-packages/airflow/example_dags/example_complex.py took 0.150 seconds
[2023-07-15 21:57:49,558] {processor.py:153} INFO - Started process (PID=10043) to work on /home/lucas/.local/lib/python3.10/site-packages/airflow/example_dags/example_complex.py
[2023-07-15 21:57:49,562] {processor.py:641} INFO - Processing file /home/lucas/.local/lib/python3.10/site-packages/airflow/example_dags/example_complex.py for tasks to queue
[2023-07-15 21:57:49,563] {logging_mixin.py:115} INFO - [2023-07-15 21:57:49,563] {dagbag.py:507} INFO - Filling up the DagBag from /home/lucas/.local/lib/python3.10/site-packages/airflow/example_dags/example_complex.py
[2023-07-15 21:57:49,595] {processor.py:651} INFO - DAG(s) dict_keys(['example_complex']) retrieved from /home/lucas/.local/lib/python3.10/site-packages/airflow/example_dags/example_complex.py
[2023-07-15 21:57:49,646] {logging_mixin.py:115} INFO - [2023-07-15 21:57:49,645] {dag.py:2379} INFO - Sync 1 DAGs
[2023-07-15 21:57:49,689] {logging_mixin.py:115} INFO - [2023-07-15 21:57:49,689] {dag.py:2927} INFO - Setting next_dagrun for example_complex to None, run_after=None
[2023-07-15 21:57:49,718] {processor.py:161} INFO - Processing /home/lucas/.local/lib/python3.10/site-packages/airflow/example_dags/example_complex.py took 0.165 seconds
[2023-07-15 21:58:27,652] {processor.py:153} INFO - Started process (PID=10096) to work on /home/lucas/.local/lib/python3.10/site-packages/airflow/example_dags/example_complex.py
[2023-07-15 21:58:27,655] {processor.py:641} INFO - Processing file /home/lucas/.local/lib/python3.10/site-packages/airflow/example_dags/example_complex.py for tasks to queue
[2023-07-15 21:58:27,656] {logging_mixin.py:115} INFO - [2023-07-15 21:58:27,656] {dagbag.py:507} INFO - Filling up the DagBag from /home/lucas/.local/lib/python3.10/site-packages/airflow/example_dags/example_complex.py
[2023-07-15 21:58:27,684] {processor.py:651} INFO - DAG(s) dict_keys(['example_complex']) retrieved from /home/lucas/.local/lib/python3.10/site-packages/airflow/example_dags/example_complex.py
[2023-07-15 21:58:27,728] {logging_mixin.py:115} INFO - [2023-07-15 21:58:27,727] {dag.py:2379} INFO - Sync 1 DAGs
[2023-07-15 21:58:27,767] {logging_mixin.py:115} INFO - [2023-07-15 21:58:27,767] {dag.py:2927} INFO - Setting next_dagrun for example_complex to None, run_after=None
[2023-07-15 21:58:27,795] {processor.py:161} INFO - Processing /home/lucas/.local/lib/python3.10/site-packages/airflow/example_dags/example_complex.py took 0.148 seconds
[2023-07-15 21:59:03,652] {processor.py:153} INFO - Started process (PID=10263) to work on /home/lucas/.local/lib/python3.10/site-packages/airflow/example_dags/example_complex.py
[2023-07-15 21:59:03,654] {processor.py:641} INFO - Processing file /home/lucas/.local/lib/python3.10/site-packages/airflow/example_dags/example_complex.py for tasks to queue
[2023-07-15 21:59:03,655] {logging_mixin.py:115} INFO - [2023-07-15 21:59:03,654] {dagbag.py:507} INFO - Filling up the DagBag from /home/lucas/.local/lib/python3.10/site-packages/airflow/example_dags/example_complex.py
[2023-07-15 21:59:03,683] {processor.py:651} INFO - DAG(s) dict_keys(['example_complex']) retrieved from /home/lucas/.local/lib/python3.10/site-packages/airflow/example_dags/example_complex.py
[2023-07-15 21:59:03,729] {logging_mixin.py:115} INFO - [2023-07-15 21:59:03,729] {dag.py:2379} INFO - Sync 1 DAGs
[2023-07-15 21:59:03,779] {logging_mixin.py:115} INFO - [2023-07-15 21:59:03,779] {dag.py:2927} INFO - Setting next_dagrun for example_complex to None, run_after=None
[2023-07-15 21:59:03,816] {processor.py:161} INFO - Processing /home/lucas/.local/lib/python3.10/site-packages/airflow/example_dags/example_complex.py took 0.169 seconds
