[2023-07-15 21:43:45,253] {processor.py:153} INFO - Started process (PID=7016) to work on /home/lucas/.local/lib/python3.10/site-packages/airflow/example_dags/example_kubernetes_executor.py
[2023-07-15 21:43:45,253] {processor.py:641} INFO - Processing file /home/lucas/.local/lib/python3.10/site-packages/airflow/example_dags/example_kubernetes_executor.py for tasks to queue
[2023-07-15 21:43:45,254] {logging_mixin.py:115} INFO - [2023-07-15 21:43:45,254] {dagbag.py:507} INFO - Filling up the DagBag from /home/lucas/.local/lib/python3.10/site-packages/airflow/example_dags/example_kubernetes_executor.py
[2023-07-15 21:43:45,272] {logging_mixin.py:115} INFO - [2023-07-15 21:43:45,272] {example_kubernetes_executor.py:39} WARNING - The example_kubernetes_executor example DAG requires the kubernetes provider. Please install it with: pip install apache-airflow[cncf.kubernetes]
[2023-07-15 21:43:45,272] {processor.py:653} WARNING - No viable dags retrieved from /home/lucas/.local/lib/python3.10/site-packages/airflow/example_dags/example_kubernetes_executor.py
[2023-07-15 21:43:45,281] {processor.py:161} INFO - Processing /home/lucas/.local/lib/python3.10/site-packages/airflow/example_dags/example_kubernetes_executor.py took 0.030 seconds
[2023-07-15 21:44:27,477] {processor.py:153} INFO - Started process (PID=7783) to work on /home/lucas/.local/lib/python3.10/site-packages/airflow/example_dags/example_kubernetes_executor.py
[2023-07-15 21:44:27,481] {processor.py:641} INFO - Processing file /home/lucas/.local/lib/python3.10/site-packages/airflow/example_dags/example_kubernetes_executor.py for tasks to queue
[2023-07-15 21:44:27,481] {logging_mixin.py:115} INFO - [2023-07-15 21:44:27,481] {dagbag.py:507} INFO - Filling up the DagBag from /home/lucas/.local/lib/python3.10/site-packages/airflow/example_dags/example_kubernetes_executor.py
[2023-07-15 21:44:27,502] {logging_mixin.py:115} INFO - [2023-07-15 21:44:27,501] {example_kubernetes_executor.py:39} WARNING - The example_kubernetes_executor example DAG requires the kubernetes provider. Please install it with: pip install apache-airflow[cncf.kubernetes]
[2023-07-15 21:44:27,502] {processor.py:653} WARNING - No viable dags retrieved from /home/lucas/.local/lib/python3.10/site-packages/airflow/example_dags/example_kubernetes_executor.py
[2023-07-15 21:44:27,516] {processor.py:161} INFO - Processing /home/lucas/.local/lib/python3.10/site-packages/airflow/example_dags/example_kubernetes_executor.py took 0.043 seconds
[2023-07-15 21:45:01,353] {processor.py:153} INFO - Started process (PID=7972) to work on /home/lucas/.local/lib/python3.10/site-packages/airflow/example_dags/example_kubernetes_executor.py
[2023-07-15 21:45:01,357] {processor.py:641} INFO - Processing file /home/lucas/.local/lib/python3.10/site-packages/airflow/example_dags/example_kubernetes_executor.py for tasks to queue
[2023-07-15 21:45:01,358] {logging_mixin.py:115} INFO - [2023-07-15 21:45:01,358] {dagbag.py:507} INFO - Filling up the DagBag from /home/lucas/.local/lib/python3.10/site-packages/airflow/example_dags/example_kubernetes_executor.py
[2023-07-15 21:45:01,391] {logging_mixin.py:115} INFO - [2023-07-15 21:45:01,391] {example_kubernetes_executor.py:39} WARNING - The example_kubernetes_executor example DAG requires the kubernetes provider. Please install it with: pip install apache-airflow[cncf.kubernetes]
[2023-07-15 21:45:01,392] {processor.py:653} WARNING - No viable dags retrieved from /home/lucas/.local/lib/python3.10/site-packages/airflow/example_dags/example_kubernetes_executor.py
[2023-07-15 21:45:01,411] {processor.py:161} INFO - Processing /home/lucas/.local/lib/python3.10/site-packages/airflow/example_dags/example_kubernetes_executor.py took 0.063 seconds
[2023-07-15 21:45:35,802] {processor.py:153} INFO - Started process (PID=8048) to work on /home/lucas/.local/lib/python3.10/site-packages/airflow/example_dags/example_kubernetes_executor.py
[2023-07-15 21:45:35,806] {processor.py:641} INFO - Processing file /home/lucas/.local/lib/python3.10/site-packages/airflow/example_dags/example_kubernetes_executor.py for tasks to queue
[2023-07-15 21:45:35,807] {logging_mixin.py:115} INFO - [2023-07-15 21:45:35,806] {dagbag.py:507} INFO - Filling up the DagBag from /home/lucas/.local/lib/python3.10/site-packages/airflow/example_dags/example_kubernetes_executor.py
[2023-07-15 21:45:35,840] {logging_mixin.py:115} INFO - [2023-07-15 21:45:35,840] {example_kubernetes_executor.py:39} WARNING - The example_kubernetes_executor example DAG requires the kubernetes provider. Please install it with: pip install apache-airflow[cncf.kubernetes]
[2023-07-15 21:45:35,841] {processor.py:653} WARNING - No viable dags retrieved from /home/lucas/.local/lib/python3.10/site-packages/airflow/example_dags/example_kubernetes_executor.py
[2023-07-15 21:45:35,860] {processor.py:161} INFO - Processing /home/lucas/.local/lib/python3.10/site-packages/airflow/example_dags/example_kubernetes_executor.py took 0.064 seconds
[2023-07-15 21:46:09,895] {processor.py:153} INFO - Started process (PID=8085) to work on /home/lucas/.local/lib/python3.10/site-packages/airflow/example_dags/example_kubernetes_executor.py
[2023-07-15 21:46:09,899] {processor.py:641} INFO - Processing file /home/lucas/.local/lib/python3.10/site-packages/airflow/example_dags/example_kubernetes_executor.py for tasks to queue
[2023-07-15 21:46:09,900] {logging_mixin.py:115} INFO - [2023-07-15 21:46:09,900] {dagbag.py:507} INFO - Filling up the DagBag from /home/lucas/.local/lib/python3.10/site-packages/airflow/example_dags/example_kubernetes_executor.py
[2023-07-15 21:46:09,933] {logging_mixin.py:115} INFO - [2023-07-15 21:46:09,933] {example_kubernetes_executor.py:39} WARNING - The example_kubernetes_executor example DAG requires the kubernetes provider. Please install it with: pip install apache-airflow[cncf.kubernetes]
[2023-07-15 21:46:09,933] {processor.py:653} WARNING - No viable dags retrieved from /home/lucas/.local/lib/python3.10/site-packages/airflow/example_dags/example_kubernetes_executor.py
[2023-07-15 21:46:09,953] {processor.py:161} INFO - Processing /home/lucas/.local/lib/python3.10/site-packages/airflow/example_dags/example_kubernetes_executor.py took 0.063 seconds
[2023-07-15 21:46:47,423] {processor.py:153} INFO - Started process (PID=8136) to work on /home/lucas/.local/lib/python3.10/site-packages/airflow/example_dags/example_kubernetes_executor.py
[2023-07-15 21:46:47,427] {processor.py:641} INFO - Processing file /home/lucas/.local/lib/python3.10/site-packages/airflow/example_dags/example_kubernetes_executor.py for tasks to queue
[2023-07-15 21:46:47,428] {logging_mixin.py:115} INFO - [2023-07-15 21:46:47,428] {dagbag.py:507} INFO - Filling up the DagBag from /home/lucas/.local/lib/python3.10/site-packages/airflow/example_dags/example_kubernetes_executor.py
[2023-07-15 21:46:47,463] {logging_mixin.py:115} INFO - [2023-07-15 21:46:47,463] {example_kubernetes_executor.py:39} WARNING - The example_kubernetes_executor example DAG requires the kubernetes provider. Please install it with: pip install apache-airflow[cncf.kubernetes]
[2023-07-15 21:46:47,464] {processor.py:653} WARNING - No viable dags retrieved from /home/lucas/.local/lib/python3.10/site-packages/airflow/example_dags/example_kubernetes_executor.py
[2023-07-15 21:46:47,484] {processor.py:161} INFO - Processing /home/lucas/.local/lib/python3.10/site-packages/airflow/example_dags/example_kubernetes_executor.py took 0.066 seconds
[2023-07-15 21:47:23,152] {processor.py:153} INFO - Started process (PID=8193) to work on /home/lucas/.local/lib/python3.10/site-packages/airflow/example_dags/example_kubernetes_executor.py
[2023-07-15 21:47:23,156] {processor.py:641} INFO - Processing file /home/lucas/.local/lib/python3.10/site-packages/airflow/example_dags/example_kubernetes_executor.py for tasks to queue
[2023-07-15 21:47:23,157] {logging_mixin.py:115} INFO - [2023-07-15 21:47:23,156] {dagbag.py:507} INFO - Filling up the DagBag from /home/lucas/.local/lib/python3.10/site-packages/airflow/example_dags/example_kubernetes_executor.py
[2023-07-15 21:47:23,195] {logging_mixin.py:115} INFO - [2023-07-15 21:47:23,195] {example_kubernetes_executor.py:39} WARNING - The example_kubernetes_executor example DAG requires the kubernetes provider. Please install it with: pip install apache-airflow[cncf.kubernetes]
[2023-07-15 21:47:23,195] {processor.py:653} WARNING - No viable dags retrieved from /home/lucas/.local/lib/python3.10/site-packages/airflow/example_dags/example_kubernetes_executor.py
[2023-07-15 21:47:23,219] {processor.py:161} INFO - Processing /home/lucas/.local/lib/python3.10/site-packages/airflow/example_dags/example_kubernetes_executor.py took 0.073 seconds
[2023-07-15 21:47:58,057] {processor.py:153} INFO - Started process (PID=8238) to work on /home/lucas/.local/lib/python3.10/site-packages/airflow/example_dags/example_kubernetes_executor.py
[2023-07-15 21:47:58,059] {processor.py:641} INFO - Processing file /home/lucas/.local/lib/python3.10/site-packages/airflow/example_dags/example_kubernetes_executor.py for tasks to queue
[2023-07-15 21:47:58,060] {logging_mixin.py:115} INFO - [2023-07-15 21:47:58,060] {dagbag.py:507} INFO - Filling up the DagBag from /home/lucas/.local/lib/python3.10/site-packages/airflow/example_dags/example_kubernetes_executor.py
[2023-07-15 21:47:58,103] {logging_mixin.py:115} INFO - [2023-07-15 21:47:58,102] {example_kubernetes_executor.py:39} WARNING - The example_kubernetes_executor example DAG requires the kubernetes provider. Please install it with: pip install apache-airflow[cncf.kubernetes]
[2023-07-15 21:47:58,104] {processor.py:653} WARNING - No viable dags retrieved from /home/lucas/.local/lib/python3.10/site-packages/airflow/example_dags/example_kubernetes_executor.py
[2023-07-15 21:47:58,134] {processor.py:161} INFO - Processing /home/lucas/.local/lib/python3.10/site-packages/airflow/example_dags/example_kubernetes_executor.py took 0.083 seconds
[2023-07-15 21:48:36,529] {processor.py:153} INFO - Started process (PID=8289) to work on /home/lucas/.local/lib/python3.10/site-packages/airflow/example_dags/example_kubernetes_executor.py
[2023-07-15 21:48:36,533] {processor.py:641} INFO - Processing file /home/lucas/.local/lib/python3.10/site-packages/airflow/example_dags/example_kubernetes_executor.py for tasks to queue
[2023-07-15 21:48:36,534] {logging_mixin.py:115} INFO - [2023-07-15 21:48:36,534] {dagbag.py:507} INFO - Filling up the DagBag from /home/lucas/.local/lib/python3.10/site-packages/airflow/example_dags/example_kubernetes_executor.py
[2023-07-15 21:48:36,569] {logging_mixin.py:115} INFO - [2023-07-15 21:48:36,568] {example_kubernetes_executor.py:39} WARNING - The example_kubernetes_executor example DAG requires the kubernetes provider. Please install it with: pip install apache-airflow[cncf.kubernetes]
[2023-07-15 21:48:36,569] {processor.py:653} WARNING - No viable dags retrieved from /home/lucas/.local/lib/python3.10/site-packages/airflow/example_dags/example_kubernetes_executor.py
[2023-07-15 21:48:36,589] {processor.py:161} INFO - Processing /home/lucas/.local/lib/python3.10/site-packages/airflow/example_dags/example_kubernetes_executor.py took 0.066 seconds
[2023-07-15 21:49:08,039] {processor.py:153} INFO - Started process (PID=8373) to work on /home/lucas/.local/lib/python3.10/site-packages/airflow/example_dags/example_kubernetes_executor.py
[2023-07-15 21:49:08,043] {processor.py:641} INFO - Processing file /home/lucas/.local/lib/python3.10/site-packages/airflow/example_dags/example_kubernetes_executor.py for tasks to queue
[2023-07-15 21:49:08,044] {logging_mixin.py:115} INFO - [2023-07-15 21:49:08,044] {dagbag.py:507} INFO - Filling up the DagBag from /home/lucas/.local/lib/python3.10/site-packages/airflow/example_dags/example_kubernetes_executor.py
[2023-07-15 21:49:08,077] {logging_mixin.py:115} INFO - [2023-07-15 21:49:08,076] {example_kubernetes_executor.py:39} WARNING - The example_kubernetes_executor example DAG requires the kubernetes provider. Please install it with: pip install apache-airflow[cncf.kubernetes]
[2023-07-15 21:49:08,077] {processor.py:653} WARNING - No viable dags retrieved from /home/lucas/.local/lib/python3.10/site-packages/airflow/example_dags/example_kubernetes_executor.py
[2023-07-15 21:49:08,097] {processor.py:161} INFO - Processing /home/lucas/.local/lib/python3.10/site-packages/airflow/example_dags/example_kubernetes_executor.py took 0.063 seconds
[2023-07-15 21:49:40,754] {processor.py:153} INFO - Started process (PID=8429) to work on /home/lucas/.local/lib/python3.10/site-packages/airflow/example_dags/example_kubernetes_executor.py
[2023-07-15 21:49:40,758] {processor.py:641} INFO - Processing file /home/lucas/.local/lib/python3.10/site-packages/airflow/example_dags/example_kubernetes_executor.py for tasks to queue
[2023-07-15 21:49:40,759] {logging_mixin.py:115} INFO - [2023-07-15 21:49:40,759] {dagbag.py:507} INFO - Filling up the DagBag from /home/lucas/.local/lib/python3.10/site-packages/airflow/example_dags/example_kubernetes_executor.py
[2023-07-15 21:49:40,796] {logging_mixin.py:115} INFO - [2023-07-15 21:49:40,796] {example_kubernetes_executor.py:39} WARNING - The example_kubernetes_executor example DAG requires the kubernetes provider. Please install it with: pip install apache-airflow[cncf.kubernetes]
[2023-07-15 21:49:40,796] {processor.py:653} WARNING - No viable dags retrieved from /home/lucas/.local/lib/python3.10/site-packages/airflow/example_dags/example_kubernetes_executor.py
[2023-07-15 21:49:40,820] {processor.py:161} INFO - Processing /home/lucas/.local/lib/python3.10/site-packages/airflow/example_dags/example_kubernetes_executor.py took 0.073 seconds
[2023-07-15 21:50:21,666] {processor.py:153} INFO - Started process (PID=8508) to work on /home/lucas/.local/lib/python3.10/site-packages/airflow/example_dags/example_kubernetes_executor.py
[2023-07-15 21:50:21,669] {processor.py:641} INFO - Processing file /home/lucas/.local/lib/python3.10/site-packages/airflow/example_dags/example_kubernetes_executor.py for tasks to queue
[2023-07-15 21:50:21,670] {logging_mixin.py:115} INFO - [2023-07-15 21:50:21,670] {dagbag.py:507} INFO - Filling up the DagBag from /home/lucas/.local/lib/python3.10/site-packages/airflow/example_dags/example_kubernetes_executor.py
[2023-07-15 21:50:21,703] {logging_mixin.py:115} INFO - [2023-07-15 21:50:21,703] {example_kubernetes_executor.py:39} WARNING - The example_kubernetes_executor example DAG requires the kubernetes provider. Please install it with: pip install apache-airflow[cncf.kubernetes]
[2023-07-15 21:50:21,703] {processor.py:653} WARNING - No viable dags retrieved from /home/lucas/.local/lib/python3.10/site-packages/airflow/example_dags/example_kubernetes_executor.py
[2023-07-15 21:50:21,723] {processor.py:161} INFO - Processing /home/lucas/.local/lib/python3.10/site-packages/airflow/example_dags/example_kubernetes_executor.py took 0.063 seconds
[2023-07-15 21:50:52,625] {processor.py:153} INFO - Started process (PID=8580) to work on /home/lucas/.local/lib/python3.10/site-packages/airflow/example_dags/example_kubernetes_executor.py
[2023-07-15 21:50:52,626] {processor.py:641} INFO - Processing file /home/lucas/.local/lib/python3.10/site-packages/airflow/example_dags/example_kubernetes_executor.py for tasks to queue
[2023-07-15 21:50:52,627] {logging_mixin.py:115} INFO - [2023-07-15 21:50:52,627] {dagbag.py:507} INFO - Filling up the DagBag from /home/lucas/.local/lib/python3.10/site-packages/airflow/example_dags/example_kubernetes_executor.py
[2023-07-15 21:50:52,661] {logging_mixin.py:115} INFO - [2023-07-15 21:50:52,661] {example_kubernetes_executor.py:39} WARNING - The example_kubernetes_executor example DAG requires the kubernetes provider. Please install it with: pip install apache-airflow[cncf.kubernetes]
[2023-07-15 21:50:52,661] {processor.py:653} WARNING - No viable dags retrieved from /home/lucas/.local/lib/python3.10/site-packages/airflow/example_dags/example_kubernetes_executor.py
[2023-07-15 21:50:52,683] {processor.py:161} INFO - Processing /home/lucas/.local/lib/python3.10/site-packages/airflow/example_dags/example_kubernetes_executor.py took 0.063 seconds
[2023-07-15 21:51:28,140] {processor.py:153} INFO - Started process (PID=8634) to work on /home/lucas/.local/lib/python3.10/site-packages/airflow/example_dags/example_kubernetes_executor.py
[2023-07-15 21:51:28,144] {processor.py:641} INFO - Processing file /home/lucas/.local/lib/python3.10/site-packages/airflow/example_dags/example_kubernetes_executor.py for tasks to queue
[2023-07-15 21:51:28,145] {logging_mixin.py:115} INFO - [2023-07-15 21:51:28,145] {dagbag.py:507} INFO - Filling up the DagBag from /home/lucas/.local/lib/python3.10/site-packages/airflow/example_dags/example_kubernetes_executor.py
[2023-07-15 21:51:28,178] {logging_mixin.py:115} INFO - [2023-07-15 21:51:28,178] {example_kubernetes_executor.py:39} WARNING - The example_kubernetes_executor example DAG requires the kubernetes provider. Please install it with: pip install apache-airflow[cncf.kubernetes]
[2023-07-15 21:51:28,178] {processor.py:653} WARNING - No viable dags retrieved from /home/lucas/.local/lib/python3.10/site-packages/airflow/example_dags/example_kubernetes_executor.py
[2023-07-15 21:51:28,199] {processor.py:161} INFO - Processing /home/lucas/.local/lib/python3.10/site-packages/airflow/example_dags/example_kubernetes_executor.py took 0.063 seconds
[2023-07-15 21:52:01,564] {processor.py:153} INFO - Started process (PID=9070) to work on /home/lucas/.local/lib/python3.10/site-packages/airflow/example_dags/example_kubernetes_executor.py
[2023-07-15 21:52:01,568] {processor.py:641} INFO - Processing file /home/lucas/.local/lib/python3.10/site-packages/airflow/example_dags/example_kubernetes_executor.py for tasks to queue
[2023-07-15 21:52:01,569] {logging_mixin.py:115} INFO - [2023-07-15 21:52:01,569] {dagbag.py:507} INFO - Filling up the DagBag from /home/lucas/.local/lib/python3.10/site-packages/airflow/example_dags/example_kubernetes_executor.py
[2023-07-15 21:52:01,612] {logging_mixin.py:115} INFO - [2023-07-15 21:52:01,612] {example_kubernetes_executor.py:39} WARNING - The example_kubernetes_executor example DAG requires the kubernetes provider. Please install it with: pip install apache-airflow[cncf.kubernetes]
[2023-07-15 21:52:01,613] {processor.py:653} WARNING - No viable dags retrieved from /home/lucas/.local/lib/python3.10/site-packages/airflow/example_dags/example_kubernetes_executor.py
[2023-07-15 21:52:01,638] {processor.py:161} INFO - Processing /home/lucas/.local/lib/python3.10/site-packages/airflow/example_dags/example_kubernetes_executor.py took 0.080 seconds
[2023-07-15 21:52:32,128] {processor.py:153} INFO - Started process (PID=9109) to work on /home/lucas/.local/lib/python3.10/site-packages/airflow/example_dags/example_kubernetes_executor.py
[2023-07-15 21:52:32,129] {processor.py:641} INFO - Processing file /home/lucas/.local/lib/python3.10/site-packages/airflow/example_dags/example_kubernetes_executor.py for tasks to queue
[2023-07-15 21:52:32,130] {logging_mixin.py:115} INFO - [2023-07-15 21:52:32,130] {dagbag.py:507} INFO - Filling up the DagBag from /home/lucas/.local/lib/python3.10/site-packages/airflow/example_dags/example_kubernetes_executor.py
[2023-07-15 21:52:32,168] {logging_mixin.py:115} INFO - [2023-07-15 21:52:32,168] {example_kubernetes_executor.py:39} WARNING - The example_kubernetes_executor example DAG requires the kubernetes provider. Please install it with: pip install apache-airflow[cncf.kubernetes]
[2023-07-15 21:52:32,169] {processor.py:653} WARNING - No viable dags retrieved from /home/lucas/.local/lib/python3.10/site-packages/airflow/example_dags/example_kubernetes_executor.py
[2023-07-15 21:52:32,191] {processor.py:161} INFO - Processing /home/lucas/.local/lib/python3.10/site-packages/airflow/example_dags/example_kubernetes_executor.py took 0.068 seconds
[2023-07-15 21:53:05,228] {processor.py:153} INFO - Started process (PID=9173) to work on /home/lucas/.local/lib/python3.10/site-packages/airflow/example_dags/example_kubernetes_executor.py
[2023-07-15 21:53:05,229] {processor.py:641} INFO - Processing file /home/lucas/.local/lib/python3.10/site-packages/airflow/example_dags/example_kubernetes_executor.py for tasks to queue
[2023-07-15 21:53:05,230] {logging_mixin.py:115} INFO - [2023-07-15 21:53:05,229] {dagbag.py:507} INFO - Filling up the DagBag from /home/lucas/.local/lib/python3.10/site-packages/airflow/example_dags/example_kubernetes_executor.py
[2023-07-15 21:53:05,263] {logging_mixin.py:115} INFO - [2023-07-15 21:53:05,262] {example_kubernetes_executor.py:39} WARNING - The example_kubernetes_executor example DAG requires the kubernetes provider. Please install it with: pip install apache-airflow[cncf.kubernetes]
[2023-07-15 21:53:05,263] {processor.py:653} WARNING - No viable dags retrieved from /home/lucas/.local/lib/python3.10/site-packages/airflow/example_dags/example_kubernetes_executor.py
[2023-07-15 21:53:05,284] {processor.py:161} INFO - Processing /home/lucas/.local/lib/python3.10/site-packages/airflow/example_dags/example_kubernetes_executor.py took 0.061 seconds
[2023-07-15 21:53:41,272] {processor.py:153} INFO - Started process (PID=9295) to work on /home/lucas/.local/lib/python3.10/site-packages/airflow/example_dags/example_kubernetes_executor.py
[2023-07-15 21:53:41,273] {processor.py:641} INFO - Processing file /home/lucas/.local/lib/python3.10/site-packages/airflow/example_dags/example_kubernetes_executor.py for tasks to queue
[2023-07-15 21:53:41,273] {logging_mixin.py:115} INFO - [2023-07-15 21:53:41,273] {dagbag.py:507} INFO - Filling up the DagBag from /home/lucas/.local/lib/python3.10/site-packages/airflow/example_dags/example_kubernetes_executor.py
[2023-07-15 21:53:41,282] {logging_mixin.py:115} INFO - [2023-07-15 21:53:41,282] {example_kubernetes_executor.py:39} WARNING - The example_kubernetes_executor example DAG requires the kubernetes provider. Please install it with: pip install apache-airflow[cncf.kubernetes]
[2023-07-15 21:53:41,283] {processor.py:653} WARNING - No viable dags retrieved from /home/lucas/.local/lib/python3.10/site-packages/airflow/example_dags/example_kubernetes_executor.py
[2023-07-15 21:53:41,296] {processor.py:161} INFO - Processing /home/lucas/.local/lib/python3.10/site-packages/airflow/example_dags/example_kubernetes_executor.py took 0.025 seconds
[2023-07-15 21:54:13,023] {processor.py:153} INFO - Started process (PID=9387) to work on /home/lucas/.local/lib/python3.10/site-packages/airflow/example_dags/example_kubernetes_executor.py
[2023-07-15 21:54:13,024] {processor.py:641} INFO - Processing file /home/lucas/.local/lib/python3.10/site-packages/airflow/example_dags/example_kubernetes_executor.py for tasks to queue
[2023-07-15 21:54:13,025] {logging_mixin.py:115} INFO - [2023-07-15 21:54:13,024] {dagbag.py:507} INFO - Filling up the DagBag from /home/lucas/.local/lib/python3.10/site-packages/airflow/example_dags/example_kubernetes_executor.py
[2023-07-15 21:54:13,057] {logging_mixin.py:115} INFO - [2023-07-15 21:54:13,057] {example_kubernetes_executor.py:39} WARNING - The example_kubernetes_executor example DAG requires the kubernetes provider. Please install it with: pip install apache-airflow[cncf.kubernetes]
[2023-07-15 21:54:13,058] {processor.py:653} WARNING - No viable dags retrieved from /home/lucas/.local/lib/python3.10/site-packages/airflow/example_dags/example_kubernetes_executor.py
[2023-07-15 21:54:13,079] {processor.py:161} INFO - Processing /home/lucas/.local/lib/python3.10/site-packages/airflow/example_dags/example_kubernetes_executor.py took 0.062 seconds
[2023-07-15 21:54:44,425] {processor.py:153} INFO - Started process (PID=9599) to work on /home/lucas/.local/lib/python3.10/site-packages/airflow/example_dags/example_kubernetes_executor.py
[2023-07-15 21:54:44,427] {processor.py:641} INFO - Processing file /home/lucas/.local/lib/python3.10/site-packages/airflow/example_dags/example_kubernetes_executor.py for tasks to queue
[2023-07-15 21:54:44,427] {logging_mixin.py:115} INFO - [2023-07-15 21:54:44,427] {dagbag.py:507} INFO - Filling up the DagBag from /home/lucas/.local/lib/python3.10/site-packages/airflow/example_dags/example_kubernetes_executor.py
[2023-07-15 21:54:44,468] {logging_mixin.py:115} INFO - [2023-07-15 21:54:44,468] {example_kubernetes_executor.py:39} WARNING - The example_kubernetes_executor example DAG requires the kubernetes provider. Please install it with: pip install apache-airflow[cncf.kubernetes]
[2023-07-15 21:54:44,469] {processor.py:653} WARNING - No viable dags retrieved from /home/lucas/.local/lib/python3.10/site-packages/airflow/example_dags/example_kubernetes_executor.py
[2023-07-15 21:54:44,494] {processor.py:161} INFO - Processing /home/lucas/.local/lib/python3.10/site-packages/airflow/example_dags/example_kubernetes_executor.py took 0.075 seconds
[2023-07-15 21:55:18,689] {processor.py:153} INFO - Started process (PID=9744) to work on /home/lucas/.local/lib/python3.10/site-packages/airflow/example_dags/example_kubernetes_executor.py
[2023-07-15 21:55:18,690] {processor.py:641} INFO - Processing file /home/lucas/.local/lib/python3.10/site-packages/airflow/example_dags/example_kubernetes_executor.py for tasks to queue
[2023-07-15 21:55:18,691] {logging_mixin.py:115} INFO - [2023-07-15 21:55:18,691] {dagbag.py:507} INFO - Filling up the DagBag from /home/lucas/.local/lib/python3.10/site-packages/airflow/example_dags/example_kubernetes_executor.py
[2023-07-15 21:55:18,728] {logging_mixin.py:115} INFO - [2023-07-15 21:55:18,728] {example_kubernetes_executor.py:39} WARNING - The example_kubernetes_executor example DAG requires the kubernetes provider. Please install it with: pip install apache-airflow[cncf.kubernetes]
[2023-07-15 21:55:18,729] {processor.py:653} WARNING - No viable dags retrieved from /home/lucas/.local/lib/python3.10/site-packages/airflow/example_dags/example_kubernetes_executor.py
[2023-07-15 21:55:18,751] {processor.py:161} INFO - Processing /home/lucas/.local/lib/python3.10/site-packages/airflow/example_dags/example_kubernetes_executor.py took 0.067 seconds
[2023-07-15 21:55:55,720] {processor.py:153} INFO - Started process (PID=9812) to work on /home/lucas/.local/lib/python3.10/site-packages/airflow/example_dags/example_kubernetes_executor.py
[2023-07-15 21:55:55,721] {processor.py:641} INFO - Processing file /home/lucas/.local/lib/python3.10/site-packages/airflow/example_dags/example_kubernetes_executor.py for tasks to queue
[2023-07-15 21:55:55,722] {logging_mixin.py:115} INFO - [2023-07-15 21:55:55,722] {dagbag.py:507} INFO - Filling up the DagBag from /home/lucas/.local/lib/python3.10/site-packages/airflow/example_dags/example_kubernetes_executor.py
[2023-07-15 21:55:55,756] {logging_mixin.py:115} INFO - [2023-07-15 21:55:55,756] {example_kubernetes_executor.py:39} WARNING - The example_kubernetes_executor example DAG requires the kubernetes provider. Please install it with: pip install apache-airflow[cncf.kubernetes]
[2023-07-15 21:55:55,757] {processor.py:653} WARNING - No viable dags retrieved from /home/lucas/.local/lib/python3.10/site-packages/airflow/example_dags/example_kubernetes_executor.py
[2023-07-15 21:55:55,778] {processor.py:161} INFO - Processing /home/lucas/.local/lib/python3.10/site-packages/airflow/example_dags/example_kubernetes_executor.py took 0.063 seconds
[2023-07-15 21:56:27,286] {processor.py:153} INFO - Started process (PID=9858) to work on /home/lucas/.local/lib/python3.10/site-packages/airflow/example_dags/example_kubernetes_executor.py
[2023-07-15 21:56:27,287] {processor.py:641} INFO - Processing file /home/lucas/.local/lib/python3.10/site-packages/airflow/example_dags/example_kubernetes_executor.py for tasks to queue
[2023-07-15 21:56:27,288] {logging_mixin.py:115} INFO - [2023-07-15 21:56:27,288] {dagbag.py:507} INFO - Filling up the DagBag from /home/lucas/.local/lib/python3.10/site-packages/airflow/example_dags/example_kubernetes_executor.py
[2023-07-15 21:56:27,325] {logging_mixin.py:115} INFO - [2023-07-15 21:56:27,325] {example_kubernetes_executor.py:39} WARNING - The example_kubernetes_executor example DAG requires the kubernetes provider. Please install it with: pip install apache-airflow[cncf.kubernetes]
[2023-07-15 21:56:27,326] {processor.py:653} WARNING - No viable dags retrieved from /home/lucas/.local/lib/python3.10/site-packages/airflow/example_dags/example_kubernetes_executor.py
[2023-07-15 21:56:27,350] {processor.py:161} INFO - Processing /home/lucas/.local/lib/python3.10/site-packages/airflow/example_dags/example_kubernetes_executor.py took 0.071 seconds
[2023-07-15 21:57:05,149] {processor.py:153} INFO - Started process (PID=9913) to work on /home/lucas/.local/lib/python3.10/site-packages/airflow/example_dags/example_kubernetes_executor.py
[2023-07-15 21:57:05,150] {processor.py:641} INFO - Processing file /home/lucas/.local/lib/python3.10/site-packages/airflow/example_dags/example_kubernetes_executor.py for tasks to queue
[2023-07-15 21:57:05,151] {logging_mixin.py:115} INFO - [2023-07-15 21:57:05,151] {dagbag.py:507} INFO - Filling up the DagBag from /home/lucas/.local/lib/python3.10/site-packages/airflow/example_dags/example_kubernetes_executor.py
[2023-07-15 21:57:05,186] {logging_mixin.py:115} INFO - [2023-07-15 21:57:05,186] {example_kubernetes_executor.py:39} WARNING - The example_kubernetes_executor example DAG requires the kubernetes provider. Please install it with: pip install apache-airflow[cncf.kubernetes]
[2023-07-15 21:57:05,186] {processor.py:653} WARNING - No viable dags retrieved from /home/lucas/.local/lib/python3.10/site-packages/airflow/example_dags/example_kubernetes_executor.py
[2023-07-15 21:57:05,207] {processor.py:161} INFO - Processing /home/lucas/.local/lib/python3.10/site-packages/airflow/example_dags/example_kubernetes_executor.py took 0.064 seconds
[2023-07-15 21:57:37,965] {processor.py:153} INFO - Started process (PID=9998) to work on /home/lucas/.local/lib/python3.10/site-packages/airflow/example_dags/example_kubernetes_executor.py
[2023-07-15 21:57:37,969] {processor.py:641} INFO - Processing file /home/lucas/.local/lib/python3.10/site-packages/airflow/example_dags/example_kubernetes_executor.py for tasks to queue
[2023-07-15 21:57:37,971] {logging_mixin.py:115} INFO - [2023-07-15 21:57:37,971] {dagbag.py:507} INFO - Filling up the DagBag from /home/lucas/.local/lib/python3.10/site-packages/airflow/example_dags/example_kubernetes_executor.py
[2023-07-15 21:57:38,010] {logging_mixin.py:115} INFO - [2023-07-15 21:57:38,010] {example_kubernetes_executor.py:39} WARNING - The example_kubernetes_executor example DAG requires the kubernetes provider. Please install it with: pip install apache-airflow[cncf.kubernetes]
[2023-07-15 21:57:38,011] {processor.py:653} WARNING - No viable dags retrieved from /home/lucas/.local/lib/python3.10/site-packages/airflow/example_dags/example_kubernetes_executor.py
[2023-07-15 21:57:38,035] {processor.py:161} INFO - Processing /home/lucas/.local/lib/python3.10/site-packages/airflow/example_dags/example_kubernetes_executor.py took 0.076 seconds
[2023-07-15 21:58:15,191] {processor.py:153} INFO - Started process (PID=10082) to work on /home/lucas/.local/lib/python3.10/site-packages/airflow/example_dags/example_kubernetes_executor.py
[2023-07-15 21:58:15,195] {processor.py:641} INFO - Processing file /home/lucas/.local/lib/python3.10/site-packages/airflow/example_dags/example_kubernetes_executor.py for tasks to queue
[2023-07-15 21:58:15,196] {logging_mixin.py:115} INFO - [2023-07-15 21:58:15,195] {dagbag.py:507} INFO - Filling up the DagBag from /home/lucas/.local/lib/python3.10/site-packages/airflow/example_dags/example_kubernetes_executor.py
[2023-07-15 21:58:15,232] {logging_mixin.py:115} INFO - [2023-07-15 21:58:15,232] {example_kubernetes_executor.py:39} WARNING - The example_kubernetes_executor example DAG requires the kubernetes provider. Please install it with: pip install apache-airflow[cncf.kubernetes]
[2023-07-15 21:58:15,233] {processor.py:653} WARNING - No viable dags retrieved from /home/lucas/.local/lib/python3.10/site-packages/airflow/example_dags/example_kubernetes_executor.py
[2023-07-15 21:58:15,257] {processor.py:161} INFO - Processing /home/lucas/.local/lib/python3.10/site-packages/airflow/example_dags/example_kubernetes_executor.py took 0.072 seconds
[2023-07-15 21:58:52,066] {processor.py:153} INFO - Started process (PID=10187) to work on /home/lucas/.local/lib/python3.10/site-packages/airflow/example_dags/example_kubernetes_executor.py
[2023-07-15 21:58:52,070] {processor.py:641} INFO - Processing file /home/lucas/.local/lib/python3.10/site-packages/airflow/example_dags/example_kubernetes_executor.py for tasks to queue
[2023-07-15 21:58:52,071] {logging_mixin.py:115} INFO - [2023-07-15 21:58:52,071] {dagbag.py:507} INFO - Filling up the DagBag from /home/lucas/.local/lib/python3.10/site-packages/airflow/example_dags/example_kubernetes_executor.py
[2023-07-15 21:58:52,110] {logging_mixin.py:115} INFO - [2023-07-15 21:58:52,110] {example_kubernetes_executor.py:39} WARNING - The example_kubernetes_executor example DAG requires the kubernetes provider. Please install it with: pip install apache-airflow[cncf.kubernetes]
[2023-07-15 21:58:52,111] {processor.py:653} WARNING - No viable dags retrieved from /home/lucas/.local/lib/python3.10/site-packages/airflow/example_dags/example_kubernetes_executor.py
[2023-07-15 21:58:52,139] {processor.py:161} INFO - Processing /home/lucas/.local/lib/python3.10/site-packages/airflow/example_dags/example_kubernetes_executor.py took 0.079 seconds
