[2023-07-15 21:43:46,400] {processor.py:153} INFO - Started process (PID=7039) to work on /home/lucas/.local/lib/python3.10/site-packages/airflow/example_dags/tutorial_taskflow_api_etl_virtualenv.py
[2023-07-15 21:43:46,401] {processor.py:641} INFO - Processing file /home/lucas/.local/lib/python3.10/site-packages/airflow/example_dags/tutorial_taskflow_api_etl_virtualenv.py for tasks to queue
[2023-07-15 21:43:46,402] {logging_mixin.py:115} INFO - [2023-07-15 21:43:46,402] {dagbag.py:507} INFO - Filling up the DagBag from /home/lucas/.local/lib/python3.10/site-packages/airflow/example_dags/tutorial_taskflow_api_etl_virtualenv.py
[2023-07-15 21:43:46,433] {logging_mixin.py:115} INFO - [2023-07-15 21:43:46,433] {tutorial_taskflow_api_etl_virtualenv.py:29} WARNING - The tutorial_taskflow_api_etl_virtualenv example DAG requires virtualenv, please install it.
[2023-07-15 21:43:46,433] {processor.py:653} WARNING - No viable dags retrieved from /home/lucas/.local/lib/python3.10/site-packages/airflow/example_dags/tutorial_taskflow_api_etl_virtualenv.py
[2023-07-15 21:43:46,453] {processor.py:161} INFO - Processing /home/lucas/.local/lib/python3.10/site-packages/airflow/example_dags/tutorial_taskflow_api_etl_virtualenv.py took 0.058 seconds
[2023-07-15 21:44:28,600] {processor.py:153} INFO - Started process (PID=7837) to work on /home/lucas/.local/lib/python3.10/site-packages/airflow/example_dags/tutorial_taskflow_api_etl_virtualenv.py
[2023-07-15 21:44:28,604] {processor.py:641} INFO - Processing file /home/lucas/.local/lib/python3.10/site-packages/airflow/example_dags/tutorial_taskflow_api_etl_virtualenv.py for tasks to queue
[2023-07-15 21:44:28,604] {logging_mixin.py:115} INFO - [2023-07-15 21:44:28,604] {dagbag.py:507} INFO - Filling up the DagBag from /home/lucas/.local/lib/python3.10/site-packages/airflow/example_dags/tutorial_taskflow_api_etl_virtualenv.py
[2023-07-15 21:44:28,618] {logging_mixin.py:115} INFO - [2023-07-15 21:44:28,618] {tutorial_taskflow_api_etl_virtualenv.py:29} WARNING - The tutorial_taskflow_api_etl_virtualenv example DAG requires virtualenv, please install it.
[2023-07-15 21:44:28,618] {processor.py:653} WARNING - No viable dags retrieved from /home/lucas/.local/lib/python3.10/site-packages/airflow/example_dags/tutorial_taskflow_api_etl_virtualenv.py
[2023-07-15 21:44:28,625] {processor.py:161} INFO - Processing /home/lucas/.local/lib/python3.10/site-packages/airflow/example_dags/tutorial_taskflow_api_etl_virtualenv.py took 0.029 seconds
[2023-07-15 21:45:02,536] {processor.py:153} INFO - Started process (PID=7973) to work on /home/lucas/.local/lib/python3.10/site-packages/airflow/example_dags/tutorial_taskflow_api_etl_virtualenv.py
[2023-07-15 21:45:02,541] {processor.py:641} INFO - Processing file /home/lucas/.local/lib/python3.10/site-packages/airflow/example_dags/tutorial_taskflow_api_etl_virtualenv.py for tasks to queue
[2023-07-15 21:45:02,543] {logging_mixin.py:115} INFO - [2023-07-15 21:45:02,542] {dagbag.py:507} INFO - Filling up the DagBag from /home/lucas/.local/lib/python3.10/site-packages/airflow/example_dags/tutorial_taskflow_api_etl_virtualenv.py
[2023-07-15 21:45:02,584] {logging_mixin.py:115} INFO - [2023-07-15 21:45:02,583] {tutorial_taskflow_api_etl_virtualenv.py:29} WARNING - The tutorial_taskflow_api_etl_virtualenv example DAG requires virtualenv, please install it.
[2023-07-15 21:45:02,584] {processor.py:653} WARNING - No viable dags retrieved from /home/lucas/.local/lib/python3.10/site-packages/airflow/example_dags/tutorial_taskflow_api_etl_virtualenv.py
[2023-07-15 21:45:02,609] {processor.py:161} INFO - Processing /home/lucas/.local/lib/python3.10/site-packages/airflow/example_dags/tutorial_taskflow_api_etl_virtualenv.py took 0.082 seconds
[2023-07-15 21:45:36,974] {processor.py:153} INFO - Started process (PID=8049) to work on /home/lucas/.local/lib/python3.10/site-packages/airflow/example_dags/tutorial_taskflow_api_etl_virtualenv.py
[2023-07-15 21:45:36,978] {processor.py:641} INFO - Processing file /home/lucas/.local/lib/python3.10/site-packages/airflow/example_dags/tutorial_taskflow_api_etl_virtualenv.py for tasks to queue
[2023-07-15 21:45:36,979] {logging_mixin.py:115} INFO - [2023-07-15 21:45:36,979] {dagbag.py:507} INFO - Filling up the DagBag from /home/lucas/.local/lib/python3.10/site-packages/airflow/example_dags/tutorial_taskflow_api_etl_virtualenv.py
[2023-07-15 21:45:37,011] {logging_mixin.py:115} INFO - [2023-07-15 21:45:37,011] {tutorial_taskflow_api_etl_virtualenv.py:29} WARNING - The tutorial_taskflow_api_etl_virtualenv example DAG requires virtualenv, please install it.
[2023-07-15 21:45:37,012] {processor.py:653} WARNING - No viable dags retrieved from /home/lucas/.local/lib/python3.10/site-packages/airflow/example_dags/tutorial_taskflow_api_etl_virtualenv.py
[2023-07-15 21:45:37,031] {processor.py:161} INFO - Processing /home/lucas/.local/lib/python3.10/site-packages/airflow/example_dags/tutorial_taskflow_api_etl_virtualenv.py took 0.062 seconds
[2023-07-15 21:46:11,053] {processor.py:153} INFO - Started process (PID=8086) to work on /home/lucas/.local/lib/python3.10/site-packages/airflow/example_dags/tutorial_taskflow_api_etl_virtualenv.py
[2023-07-15 21:46:11,057] {processor.py:641} INFO - Processing file /home/lucas/.local/lib/python3.10/site-packages/airflow/example_dags/tutorial_taskflow_api_etl_virtualenv.py for tasks to queue
[2023-07-15 21:46:11,058] {logging_mixin.py:115} INFO - [2023-07-15 21:46:11,057] {dagbag.py:507} INFO - Filling up the DagBag from /home/lucas/.local/lib/python3.10/site-packages/airflow/example_dags/tutorial_taskflow_api_etl_virtualenv.py
[2023-07-15 21:46:11,090] {logging_mixin.py:115} INFO - [2023-07-15 21:46:11,089] {tutorial_taskflow_api_etl_virtualenv.py:29} WARNING - The tutorial_taskflow_api_etl_virtualenv example DAG requires virtualenv, please install it.
[2023-07-15 21:46:11,090] {processor.py:653} WARNING - No viable dags retrieved from /home/lucas/.local/lib/python3.10/site-packages/airflow/example_dags/tutorial_taskflow_api_etl_virtualenv.py
[2023-07-15 21:46:11,110] {processor.py:161} INFO - Processing /home/lucas/.local/lib/python3.10/site-packages/airflow/example_dags/tutorial_taskflow_api_etl_virtualenv.py took 0.063 seconds
[2023-07-15 21:46:48,589] {processor.py:153} INFO - Started process (PID=8137) to work on /home/lucas/.local/lib/python3.10/site-packages/airflow/example_dags/tutorial_taskflow_api_etl_virtualenv.py
[2023-07-15 21:46:48,593] {processor.py:641} INFO - Processing file /home/lucas/.local/lib/python3.10/site-packages/airflow/example_dags/tutorial_taskflow_api_etl_virtualenv.py for tasks to queue
[2023-07-15 21:46:48,594] {logging_mixin.py:115} INFO - [2023-07-15 21:46:48,594] {dagbag.py:507} INFO - Filling up the DagBag from /home/lucas/.local/lib/python3.10/site-packages/airflow/example_dags/tutorial_taskflow_api_etl_virtualenv.py
[2023-07-15 21:46:48,626] {logging_mixin.py:115} INFO - [2023-07-15 21:46:48,626] {tutorial_taskflow_api_etl_virtualenv.py:29} WARNING - The tutorial_taskflow_api_etl_virtualenv example DAG requires virtualenv, please install it.
[2023-07-15 21:46:48,626] {processor.py:653} WARNING - No viable dags retrieved from /home/lucas/.local/lib/python3.10/site-packages/airflow/example_dags/tutorial_taskflow_api_etl_virtualenv.py
[2023-07-15 21:46:48,646] {processor.py:161} INFO - Processing /home/lucas/.local/lib/python3.10/site-packages/airflow/example_dags/tutorial_taskflow_api_etl_virtualenv.py took 0.063 seconds
[2023-07-15 21:47:24,319] {processor.py:153} INFO - Started process (PID=8194) to work on /home/lucas/.local/lib/python3.10/site-packages/airflow/example_dags/tutorial_taskflow_api_etl_virtualenv.py
[2023-07-15 21:47:24,323] {processor.py:641} INFO - Processing file /home/lucas/.local/lib/python3.10/site-packages/airflow/example_dags/tutorial_taskflow_api_etl_virtualenv.py for tasks to queue
[2023-07-15 21:47:24,324] {logging_mixin.py:115} INFO - [2023-07-15 21:47:24,324] {dagbag.py:507} INFO - Filling up the DagBag from /home/lucas/.local/lib/python3.10/site-packages/airflow/example_dags/tutorial_taskflow_api_etl_virtualenv.py
[2023-07-15 21:47:24,358] {logging_mixin.py:115} INFO - [2023-07-15 21:47:24,358] {tutorial_taskflow_api_etl_virtualenv.py:29} WARNING - The tutorial_taskflow_api_etl_virtualenv example DAG requires virtualenv, please install it.
[2023-07-15 21:47:24,359] {processor.py:653} WARNING - No viable dags retrieved from /home/lucas/.local/lib/python3.10/site-packages/airflow/example_dags/tutorial_taskflow_api_etl_virtualenv.py
[2023-07-15 21:47:24,384] {processor.py:161} INFO - Processing /home/lucas/.local/lib/python3.10/site-packages/airflow/example_dags/tutorial_taskflow_api_etl_virtualenv.py took 0.072 seconds
[2023-07-15 21:47:59,215] {processor.py:153} INFO - Started process (PID=8239) to work on /home/lucas/.local/lib/python3.10/site-packages/airflow/example_dags/tutorial_taskflow_api_etl_virtualenv.py
[2023-07-15 21:47:59,217] {processor.py:641} INFO - Processing file /home/lucas/.local/lib/python3.10/site-packages/airflow/example_dags/tutorial_taskflow_api_etl_virtualenv.py for tasks to queue
[2023-07-15 21:47:59,218] {logging_mixin.py:115} INFO - [2023-07-15 21:47:59,217] {dagbag.py:507} INFO - Filling up the DagBag from /home/lucas/.local/lib/python3.10/site-packages/airflow/example_dags/tutorial_taskflow_api_etl_virtualenv.py
[2023-07-15 21:47:59,261] {logging_mixin.py:115} INFO - [2023-07-15 21:47:59,261] {tutorial_taskflow_api_etl_virtualenv.py:29} WARNING - The tutorial_taskflow_api_etl_virtualenv example DAG requires virtualenv, please install it.
[2023-07-15 21:47:59,262] {processor.py:653} WARNING - No viable dags retrieved from /home/lucas/.local/lib/python3.10/site-packages/airflow/example_dags/tutorial_taskflow_api_etl_virtualenv.py
[2023-07-15 21:47:59,285] {processor.py:161} INFO - Processing /home/lucas/.local/lib/python3.10/site-packages/airflow/example_dags/tutorial_taskflow_api_etl_virtualenv.py took 0.077 seconds
[2023-07-15 21:48:37,688] {processor.py:153} INFO - Started process (PID=8290) to work on /home/lucas/.local/lib/python3.10/site-packages/airflow/example_dags/tutorial_taskflow_api_etl_virtualenv.py
[2023-07-15 21:48:37,692] {processor.py:641} INFO - Processing file /home/lucas/.local/lib/python3.10/site-packages/airflow/example_dags/tutorial_taskflow_api_etl_virtualenv.py for tasks to queue
[2023-07-15 21:48:37,693] {logging_mixin.py:115} INFO - [2023-07-15 21:48:37,693] {dagbag.py:507} INFO - Filling up the DagBag from /home/lucas/.local/lib/python3.10/site-packages/airflow/example_dags/tutorial_taskflow_api_etl_virtualenv.py
[2023-07-15 21:48:37,729] {logging_mixin.py:115} INFO - [2023-07-15 21:48:37,729] {tutorial_taskflow_api_etl_virtualenv.py:29} WARNING - The tutorial_taskflow_api_etl_virtualenv example DAG requires virtualenv, please install it.
[2023-07-15 21:48:37,730] {processor.py:653} WARNING - No viable dags retrieved from /home/lucas/.local/lib/python3.10/site-packages/airflow/example_dags/tutorial_taskflow_api_etl_virtualenv.py
[2023-07-15 21:48:37,754] {processor.py:161} INFO - Processing /home/lucas/.local/lib/python3.10/site-packages/airflow/example_dags/tutorial_taskflow_api_etl_virtualenv.py took 0.072 seconds
[2023-07-15 21:49:09,197] {processor.py:153} INFO - Started process (PID=8374) to work on /home/lucas/.local/lib/python3.10/site-packages/airflow/example_dags/tutorial_taskflow_api_etl_virtualenv.py
[2023-07-15 21:49:09,201] {processor.py:641} INFO - Processing file /home/lucas/.local/lib/python3.10/site-packages/airflow/example_dags/tutorial_taskflow_api_etl_virtualenv.py for tasks to queue
[2023-07-15 21:49:09,202] {logging_mixin.py:115} INFO - [2023-07-15 21:49:09,202] {dagbag.py:507} INFO - Filling up the DagBag from /home/lucas/.local/lib/python3.10/site-packages/airflow/example_dags/tutorial_taskflow_api_etl_virtualenv.py
[2023-07-15 21:49:09,233] {logging_mixin.py:115} INFO - [2023-07-15 21:49:09,233] {tutorial_taskflow_api_etl_virtualenv.py:29} WARNING - The tutorial_taskflow_api_etl_virtualenv example DAG requires virtualenv, please install it.
[2023-07-15 21:49:09,234] {processor.py:653} WARNING - No viable dags retrieved from /home/lucas/.local/lib/python3.10/site-packages/airflow/example_dags/tutorial_taskflow_api_etl_virtualenv.py
[2023-07-15 21:49:09,255] {processor.py:161} INFO - Processing /home/lucas/.local/lib/python3.10/site-packages/airflow/example_dags/tutorial_taskflow_api_etl_virtualenv.py took 0.064 seconds
[2023-07-15 21:49:41,133] {processor.py:153} INFO - Started process (PID=8430) to work on /home/lucas/.local/lib/python3.10/site-packages/airflow/example_dags/tutorial_taskflow_api_etl_virtualenv.py
[2023-07-15 21:49:41,137] {processor.py:641} INFO - Processing file /home/lucas/.local/lib/python3.10/site-packages/airflow/example_dags/tutorial_taskflow_api_etl_virtualenv.py for tasks to queue
[2023-07-15 21:49:41,138] {logging_mixin.py:115} INFO - [2023-07-15 21:49:41,138] {dagbag.py:507} INFO - Filling up the DagBag from /home/lucas/.local/lib/python3.10/site-packages/airflow/example_dags/tutorial_taskflow_api_etl_virtualenv.py
[2023-07-15 21:49:41,176] {logging_mixin.py:115} INFO - [2023-07-15 21:49:41,176] {tutorial_taskflow_api_etl_virtualenv.py:29} WARNING - The tutorial_taskflow_api_etl_virtualenv example DAG requires virtualenv, please install it.
[2023-07-15 21:49:41,176] {processor.py:653} WARNING - No viable dags retrieved from /home/lucas/.local/lib/python3.10/site-packages/airflow/example_dags/tutorial_taskflow_api_etl_virtualenv.py
[2023-07-15 21:49:41,199] {processor.py:161} INFO - Processing /home/lucas/.local/lib/python3.10/site-packages/airflow/example_dags/tutorial_taskflow_api_etl_virtualenv.py took 0.072 seconds
[2023-07-15 21:50:21,836] {processor.py:153} INFO - Started process (PID=8509) to work on /home/lucas/.local/lib/python3.10/site-packages/airflow/example_dags/tutorial_taskflow_api_etl_virtualenv.py
[2023-07-15 21:50:21,837] {processor.py:641} INFO - Processing file /home/lucas/.local/lib/python3.10/site-packages/airflow/example_dags/tutorial_taskflow_api_etl_virtualenv.py for tasks to queue
[2023-07-15 21:50:21,838] {logging_mixin.py:115} INFO - [2023-07-15 21:50:21,837] {dagbag.py:507} INFO - Filling up the DagBag from /home/lucas/.local/lib/python3.10/site-packages/airflow/example_dags/tutorial_taskflow_api_etl_virtualenv.py
[2023-07-15 21:50:21,868] {logging_mixin.py:115} INFO - [2023-07-15 21:50:21,868] {tutorial_taskflow_api_etl_virtualenv.py:29} WARNING - The tutorial_taskflow_api_etl_virtualenv example DAG requires virtualenv, please install it.
[2023-07-15 21:50:21,869] {processor.py:653} WARNING - No viable dags retrieved from /home/lucas/.local/lib/python3.10/site-packages/airflow/example_dags/tutorial_taskflow_api_etl_virtualenv.py
[2023-07-15 21:50:21,890] {processor.py:161} INFO - Processing /home/lucas/.local/lib/python3.10/site-packages/airflow/example_dags/tutorial_taskflow_api_etl_virtualenv.py took 0.060 seconds
[2023-07-15 21:50:53,791] {processor.py:153} INFO - Started process (PID=8583) to work on /home/lucas/.local/lib/python3.10/site-packages/airflow/example_dags/tutorial_taskflow_api_etl_virtualenv.py
[2023-07-15 21:50:53,795] {processor.py:641} INFO - Processing file /home/lucas/.local/lib/python3.10/site-packages/airflow/example_dags/tutorial_taskflow_api_etl_virtualenv.py for tasks to queue
[2023-07-15 21:50:53,796] {logging_mixin.py:115} INFO - [2023-07-15 21:50:53,796] {dagbag.py:507} INFO - Filling up the DagBag from /home/lucas/.local/lib/python3.10/site-packages/airflow/example_dags/tutorial_taskflow_api_etl_virtualenv.py
[2023-07-15 21:50:53,836] {logging_mixin.py:115} INFO - [2023-07-15 21:50:53,836] {tutorial_taskflow_api_etl_virtualenv.py:29} WARNING - The tutorial_taskflow_api_etl_virtualenv example DAG requires virtualenv, please install it.
[2023-07-15 21:50:53,837] {processor.py:653} WARNING - No viable dags retrieved from /home/lucas/.local/lib/python3.10/site-packages/airflow/example_dags/tutorial_taskflow_api_etl_virtualenv.py
[2023-07-15 21:50:53,862] {processor.py:161} INFO - Processing /home/lucas/.local/lib/python3.10/site-packages/airflow/example_dags/tutorial_taskflow_api_etl_virtualenv.py took 0.078 seconds
[2023-07-15 21:51:29,299] {processor.py:153} INFO - Started process (PID=8636) to work on /home/lucas/.local/lib/python3.10/site-packages/airflow/example_dags/tutorial_taskflow_api_etl_virtualenv.py
[2023-07-15 21:51:29,303] {processor.py:641} INFO - Processing file /home/lucas/.local/lib/python3.10/site-packages/airflow/example_dags/tutorial_taskflow_api_etl_virtualenv.py for tasks to queue
[2023-07-15 21:51:29,304] {logging_mixin.py:115} INFO - [2023-07-15 21:51:29,304] {dagbag.py:507} INFO - Filling up the DagBag from /home/lucas/.local/lib/python3.10/site-packages/airflow/example_dags/tutorial_taskflow_api_etl_virtualenv.py
[2023-07-15 21:51:29,335] {logging_mixin.py:115} INFO - [2023-07-15 21:51:29,335] {tutorial_taskflow_api_etl_virtualenv.py:29} WARNING - The tutorial_taskflow_api_etl_virtualenv example DAG requires virtualenv, please install it.
[2023-07-15 21:51:29,336] {processor.py:653} WARNING - No viable dags retrieved from /home/lucas/.local/lib/python3.10/site-packages/airflow/example_dags/tutorial_taskflow_api_etl_virtualenv.py
[2023-07-15 21:51:29,359] {processor.py:161} INFO - Processing /home/lucas/.local/lib/python3.10/site-packages/airflow/example_dags/tutorial_taskflow_api_etl_virtualenv.py took 0.066 seconds
[2023-07-15 21:52:02,007] {processor.py:153} INFO - Started process (PID=9071) to work on /home/lucas/.local/lib/python3.10/site-packages/airflow/example_dags/tutorial_taskflow_api_etl_virtualenv.py
[2023-07-15 21:52:02,008] {processor.py:641} INFO - Processing file /home/lucas/.local/lib/python3.10/site-packages/airflow/example_dags/tutorial_taskflow_api_etl_virtualenv.py for tasks to queue
[2023-07-15 21:52:02,009] {logging_mixin.py:115} INFO - [2023-07-15 21:52:02,009] {dagbag.py:507} INFO - Filling up the DagBag from /home/lucas/.local/lib/python3.10/site-packages/airflow/example_dags/tutorial_taskflow_api_etl_virtualenv.py
[2023-07-15 21:52:02,047] {logging_mixin.py:115} INFO - [2023-07-15 21:52:02,047] {tutorial_taskflow_api_etl_virtualenv.py:29} WARNING - The tutorial_taskflow_api_etl_virtualenv example DAG requires virtualenv, please install it.
[2023-07-15 21:52:02,048] {processor.py:653} WARNING - No viable dags retrieved from /home/lucas/.local/lib/python3.10/site-packages/airflow/example_dags/tutorial_taskflow_api_etl_virtualenv.py
[2023-07-15 21:52:02,075] {processor.py:161} INFO - Processing /home/lucas/.local/lib/python3.10/site-packages/airflow/example_dags/tutorial_taskflow_api_etl_virtualenv.py took 0.074 seconds
[2023-07-15 21:52:33,288] {processor.py:153} INFO - Started process (PID=9110) to work on /home/lucas/.local/lib/python3.10/site-packages/airflow/example_dags/tutorial_taskflow_api_etl_virtualenv.py
[2023-07-15 21:52:33,289] {processor.py:641} INFO - Processing file /home/lucas/.local/lib/python3.10/site-packages/airflow/example_dags/tutorial_taskflow_api_etl_virtualenv.py for tasks to queue
[2023-07-15 21:52:33,290] {logging_mixin.py:115} INFO - [2023-07-15 21:52:33,290] {dagbag.py:507} INFO - Filling up the DagBag from /home/lucas/.local/lib/python3.10/site-packages/airflow/example_dags/tutorial_taskflow_api_etl_virtualenv.py
[2023-07-15 21:52:33,321] {logging_mixin.py:115} INFO - [2023-07-15 21:52:33,320] {tutorial_taskflow_api_etl_virtualenv.py:29} WARNING - The tutorial_taskflow_api_etl_virtualenv example DAG requires virtualenv, please install it.
[2023-07-15 21:52:33,321] {processor.py:653} WARNING - No viable dags retrieved from /home/lucas/.local/lib/python3.10/site-packages/airflow/example_dags/tutorial_taskflow_api_etl_virtualenv.py
[2023-07-15 21:52:33,341] {processor.py:161} INFO - Processing /home/lucas/.local/lib/python3.10/site-packages/airflow/example_dags/tutorial_taskflow_api_etl_virtualenv.py took 0.058 seconds
[2023-07-15 21:53:05,425] {processor.py:153} INFO - Started process (PID=9174) to work on /home/lucas/.local/lib/python3.10/site-packages/airflow/example_dags/tutorial_taskflow_api_etl_virtualenv.py
[2023-07-15 21:53:05,429] {processor.py:641} INFO - Processing file /home/lucas/.local/lib/python3.10/site-packages/airflow/example_dags/tutorial_taskflow_api_etl_virtualenv.py for tasks to queue
[2023-07-15 21:53:05,430] {logging_mixin.py:115} INFO - [2023-07-15 21:53:05,430] {dagbag.py:507} INFO - Filling up the DagBag from /home/lucas/.local/lib/python3.10/site-packages/airflow/example_dags/tutorial_taskflow_api_etl_virtualenv.py
[2023-07-15 21:53:05,462] {logging_mixin.py:115} INFO - [2023-07-15 21:53:05,462] {tutorial_taskflow_api_etl_virtualenv.py:29} WARNING - The tutorial_taskflow_api_etl_virtualenv example DAG requires virtualenv, please install it.
[2023-07-15 21:53:05,462] {processor.py:653} WARNING - No viable dags retrieved from /home/lucas/.local/lib/python3.10/site-packages/airflow/example_dags/tutorial_taskflow_api_etl_virtualenv.py
[2023-07-15 21:53:05,484] {processor.py:161} INFO - Processing /home/lucas/.local/lib/python3.10/site-packages/airflow/example_dags/tutorial_taskflow_api_etl_virtualenv.py took 0.064 seconds
[2023-07-15 21:53:41,884] {processor.py:153} INFO - Started process (PID=9296) to work on /home/lucas/.local/lib/python3.10/site-packages/airflow/example_dags/tutorial_taskflow_api_etl_virtualenv.py
[2023-07-15 21:53:41,885] {processor.py:641} INFO - Processing file /home/lucas/.local/lib/python3.10/site-packages/airflow/example_dags/tutorial_taskflow_api_etl_virtualenv.py for tasks to queue
[2023-07-15 21:53:41,886] {logging_mixin.py:115} INFO - [2023-07-15 21:53:41,886] {dagbag.py:507} INFO - Filling up the DagBag from /home/lucas/.local/lib/python3.10/site-packages/airflow/example_dags/tutorial_taskflow_api_etl_virtualenv.py
[2023-07-15 21:53:41,920] {logging_mixin.py:115} INFO - [2023-07-15 21:53:41,920] {tutorial_taskflow_api_etl_virtualenv.py:29} WARNING - The tutorial_taskflow_api_etl_virtualenv example DAG requires virtualenv, please install it.
[2023-07-15 21:53:41,921] {processor.py:653} WARNING - No viable dags retrieved from /home/lucas/.local/lib/python3.10/site-packages/airflow/example_dags/tutorial_taskflow_api_etl_virtualenv.py
[2023-07-15 21:53:41,941] {processor.py:161} INFO - Processing /home/lucas/.local/lib/python3.10/site-packages/airflow/example_dags/tutorial_taskflow_api_etl_virtualenv.py took 0.062 seconds
[2023-07-15 21:54:14,231] {processor.py:153} INFO - Started process (PID=9390) to work on /home/lucas/.local/lib/python3.10/site-packages/airflow/example_dags/tutorial_taskflow_api_etl_virtualenv.py
[2023-07-15 21:54:14,234] {processor.py:641} INFO - Processing file /home/lucas/.local/lib/python3.10/site-packages/airflow/example_dags/tutorial_taskflow_api_etl_virtualenv.py for tasks to queue
[2023-07-15 21:54:14,235] {logging_mixin.py:115} INFO - [2023-07-15 21:54:14,235] {dagbag.py:507} INFO - Filling up the DagBag from /home/lucas/.local/lib/python3.10/site-packages/airflow/example_dags/tutorial_taskflow_api_etl_virtualenv.py
[2023-07-15 21:54:14,268] {logging_mixin.py:115} INFO - [2023-07-15 21:54:14,268] {tutorial_taskflow_api_etl_virtualenv.py:29} WARNING - The tutorial_taskflow_api_etl_virtualenv example DAG requires virtualenv, please install it.
[2023-07-15 21:54:14,269] {processor.py:653} WARNING - No viable dags retrieved from /home/lucas/.local/lib/python3.10/site-packages/airflow/example_dags/tutorial_taskflow_api_etl_virtualenv.py
[2023-07-15 21:54:14,290] {processor.py:161} INFO - Processing /home/lucas/.local/lib/python3.10/site-packages/airflow/example_dags/tutorial_taskflow_api_etl_virtualenv.py took 0.065 seconds
[2023-07-15 21:54:45,628] {processor.py:153} INFO - Started process (PID=9600) to work on /home/lucas/.local/lib/python3.10/site-packages/airflow/example_dags/tutorial_taskflow_api_etl_virtualenv.py
[2023-07-15 21:54:45,632] {processor.py:641} INFO - Processing file /home/lucas/.local/lib/python3.10/site-packages/airflow/example_dags/tutorial_taskflow_api_etl_virtualenv.py for tasks to queue
[2023-07-15 21:54:45,633] {logging_mixin.py:115} INFO - [2023-07-15 21:54:45,632] {dagbag.py:507} INFO - Filling up the DagBag from /home/lucas/.local/lib/python3.10/site-packages/airflow/example_dags/tutorial_taskflow_api_etl_virtualenv.py
[2023-07-15 21:54:45,667] {logging_mixin.py:115} INFO - [2023-07-15 21:54:45,667] {tutorial_taskflow_api_etl_virtualenv.py:29} WARNING - The tutorial_taskflow_api_etl_virtualenv example DAG requires virtualenv, please install it.
[2023-07-15 21:54:45,667] {processor.py:653} WARNING - No viable dags retrieved from /home/lucas/.local/lib/python3.10/site-packages/airflow/example_dags/tutorial_taskflow_api_etl_virtualenv.py
[2023-07-15 21:54:45,689] {processor.py:161} INFO - Processing /home/lucas/.local/lib/python3.10/site-packages/airflow/example_dags/tutorial_taskflow_api_etl_virtualenv.py took 0.069 seconds
[2023-07-15 21:55:19,094] {processor.py:153} INFO - Started process (PID=9745) to work on /home/lucas/.local/lib/python3.10/site-packages/airflow/example_dags/tutorial_taskflow_api_etl_virtualenv.py
[2023-07-15 21:55:19,096] {processor.py:641} INFO - Processing file /home/lucas/.local/lib/python3.10/site-packages/airflow/example_dags/tutorial_taskflow_api_etl_virtualenv.py for tasks to queue
[2023-07-15 21:55:19,097] {logging_mixin.py:115} INFO - [2023-07-15 21:55:19,096] {dagbag.py:507} INFO - Filling up the DagBag from /home/lucas/.local/lib/python3.10/site-packages/airflow/example_dags/tutorial_taskflow_api_etl_virtualenv.py
[2023-07-15 21:55:19,133] {logging_mixin.py:115} INFO - [2023-07-15 21:55:19,133] {tutorial_taskflow_api_etl_virtualenv.py:29} WARNING - The tutorial_taskflow_api_etl_virtualenv example DAG requires virtualenv, please install it.
[2023-07-15 21:55:19,134] {processor.py:653} WARNING - No viable dags retrieved from /home/lucas/.local/lib/python3.10/site-packages/airflow/example_dags/tutorial_taskflow_api_etl_virtualenv.py
[2023-07-15 21:55:19,166] {processor.py:161} INFO - Processing /home/lucas/.local/lib/python3.10/site-packages/airflow/example_dags/tutorial_taskflow_api_etl_virtualenv.py took 0.079 seconds
[2023-07-15 21:55:56,876] {processor.py:153} INFO - Started process (PID=9813) to work on /home/lucas/.local/lib/python3.10/site-packages/airflow/example_dags/tutorial_taskflow_api_etl_virtualenv.py
[2023-07-15 21:55:56,877] {processor.py:641} INFO - Processing file /home/lucas/.local/lib/python3.10/site-packages/airflow/example_dags/tutorial_taskflow_api_etl_virtualenv.py for tasks to queue
[2023-07-15 21:55:56,878] {logging_mixin.py:115} INFO - [2023-07-15 21:55:56,878] {dagbag.py:507} INFO - Filling up the DagBag from /home/lucas/.local/lib/python3.10/site-packages/airflow/example_dags/tutorial_taskflow_api_etl_virtualenv.py
[2023-07-15 21:55:56,909] {logging_mixin.py:115} INFO - [2023-07-15 21:55:56,909] {tutorial_taskflow_api_etl_virtualenv.py:29} WARNING - The tutorial_taskflow_api_etl_virtualenv example DAG requires virtualenv, please install it.
[2023-07-15 21:55:56,910] {processor.py:653} WARNING - No viable dags retrieved from /home/lucas/.local/lib/python3.10/site-packages/airflow/example_dags/tutorial_taskflow_api_etl_virtualenv.py
[2023-07-15 21:55:56,930] {processor.py:161} INFO - Processing /home/lucas/.local/lib/python3.10/site-packages/airflow/example_dags/tutorial_taskflow_api_etl_virtualenv.py took 0.059 seconds
[2023-07-15 21:56:28,446] {processor.py:153} INFO - Started process (PID=9859) to work on /home/lucas/.local/lib/python3.10/site-packages/airflow/example_dags/tutorial_taskflow_api_etl_virtualenv.py
[2023-07-15 21:56:28,450] {processor.py:641} INFO - Processing file /home/lucas/.local/lib/python3.10/site-packages/airflow/example_dags/tutorial_taskflow_api_etl_virtualenv.py for tasks to queue
[2023-07-15 21:56:28,451] {logging_mixin.py:115} INFO - [2023-07-15 21:56:28,451] {dagbag.py:507} INFO - Filling up the DagBag from /home/lucas/.local/lib/python3.10/site-packages/airflow/example_dags/tutorial_taskflow_api_etl_virtualenv.py
[2023-07-15 21:56:28,483] {logging_mixin.py:115} INFO - [2023-07-15 21:56:28,483] {tutorial_taskflow_api_etl_virtualenv.py:29} WARNING - The tutorial_taskflow_api_etl_virtualenv example DAG requires virtualenv, please install it.
[2023-07-15 21:56:28,483] {processor.py:653} WARNING - No viable dags retrieved from /home/lucas/.local/lib/python3.10/site-packages/airflow/example_dags/tutorial_taskflow_api_etl_virtualenv.py
[2023-07-15 21:56:28,504] {processor.py:161} INFO - Processing /home/lucas/.local/lib/python3.10/site-packages/airflow/example_dags/tutorial_taskflow_api_etl_virtualenv.py took 0.063 seconds
[2023-07-15 21:57:06,341] {processor.py:153} INFO - Started process (PID=9918) to work on /home/lucas/.local/lib/python3.10/site-packages/airflow/example_dags/tutorial_taskflow_api_etl_virtualenv.py
[2023-07-15 21:57:06,345] {processor.py:641} INFO - Processing file /home/lucas/.local/lib/python3.10/site-packages/airflow/example_dags/tutorial_taskflow_api_etl_virtualenv.py for tasks to queue
[2023-07-15 21:57:06,347] {logging_mixin.py:115} INFO - [2023-07-15 21:57:06,346] {dagbag.py:507} INFO - Filling up the DagBag from /home/lucas/.local/lib/python3.10/site-packages/airflow/example_dags/tutorial_taskflow_api_etl_virtualenv.py
[2023-07-15 21:57:06,384] {logging_mixin.py:115} INFO - [2023-07-15 21:57:06,384] {tutorial_taskflow_api_etl_virtualenv.py:29} WARNING - The tutorial_taskflow_api_etl_virtualenv example DAG requires virtualenv, please install it.
[2023-07-15 21:57:06,384] {processor.py:653} WARNING - No viable dags retrieved from /home/lucas/.local/lib/python3.10/site-packages/airflow/example_dags/tutorial_taskflow_api_etl_virtualenv.py
[2023-07-15 21:57:06,407] {processor.py:161} INFO - Processing /home/lucas/.local/lib/python3.10/site-packages/airflow/example_dags/tutorial_taskflow_api_etl_virtualenv.py took 0.073 seconds
[2023-07-15 21:57:39,123] {processor.py:153} INFO - Started process (PID=10000) to work on /home/lucas/.local/lib/python3.10/site-packages/airflow/example_dags/tutorial_taskflow_api_etl_virtualenv.py
[2023-07-15 21:57:39,127] {processor.py:641} INFO - Processing file /home/lucas/.local/lib/python3.10/site-packages/airflow/example_dags/tutorial_taskflow_api_etl_virtualenv.py for tasks to queue
[2023-07-15 21:57:39,128] {logging_mixin.py:115} INFO - [2023-07-15 21:57:39,128] {dagbag.py:507} INFO - Filling up the DagBag from /home/lucas/.local/lib/python3.10/site-packages/airflow/example_dags/tutorial_taskflow_api_etl_virtualenv.py
[2023-07-15 21:57:39,160] {logging_mixin.py:115} INFO - [2023-07-15 21:57:39,160] {tutorial_taskflow_api_etl_virtualenv.py:29} WARNING - The tutorial_taskflow_api_etl_virtualenv example DAG requires virtualenv, please install it.
[2023-07-15 21:57:39,160] {processor.py:653} WARNING - No viable dags retrieved from /home/lucas/.local/lib/python3.10/site-packages/airflow/example_dags/tutorial_taskflow_api_etl_virtualenv.py
[2023-07-15 21:57:39,181] {processor.py:161} INFO - Processing /home/lucas/.local/lib/python3.10/site-packages/airflow/example_dags/tutorial_taskflow_api_etl_virtualenv.py took 0.063 seconds
[2023-07-15 21:58:16,351] {processor.py:153} INFO - Started process (PID=10083) to work on /home/lucas/.local/lib/python3.10/site-packages/airflow/example_dags/tutorial_taskflow_api_etl_virtualenv.py
[2023-07-15 21:58:16,354] {processor.py:641} INFO - Processing file /home/lucas/.local/lib/python3.10/site-packages/airflow/example_dags/tutorial_taskflow_api_etl_virtualenv.py for tasks to queue
[2023-07-15 21:58:16,355] {logging_mixin.py:115} INFO - [2023-07-15 21:58:16,355] {dagbag.py:507} INFO - Filling up the DagBag from /home/lucas/.local/lib/python3.10/site-packages/airflow/example_dags/tutorial_taskflow_api_etl_virtualenv.py
[2023-07-15 21:58:16,386] {logging_mixin.py:115} INFO - [2023-07-15 21:58:16,386] {tutorial_taskflow_api_etl_virtualenv.py:29} WARNING - The tutorial_taskflow_api_etl_virtualenv example DAG requires virtualenv, please install it.
[2023-07-15 21:58:16,387] {processor.py:653} WARNING - No viable dags retrieved from /home/lucas/.local/lib/python3.10/site-packages/airflow/example_dags/tutorial_taskflow_api_etl_virtualenv.py
[2023-07-15 21:58:16,411] {processor.py:161} INFO - Processing /home/lucas/.local/lib/python3.10/site-packages/airflow/example_dags/tutorial_taskflow_api_etl_virtualenv.py took 0.065 seconds
[2023-07-15 21:58:53,263] {processor.py:153} INFO - Started process (PID=10188) to work on /home/lucas/.local/lib/python3.10/site-packages/airflow/example_dags/tutorial_taskflow_api_etl_virtualenv.py
[2023-07-15 21:58:53,265] {processor.py:641} INFO - Processing file /home/lucas/.local/lib/python3.10/site-packages/airflow/example_dags/tutorial_taskflow_api_etl_virtualenv.py for tasks to queue
[2023-07-15 21:58:53,266] {logging_mixin.py:115} INFO - [2023-07-15 21:58:53,265] {dagbag.py:507} INFO - Filling up the DagBag from /home/lucas/.local/lib/python3.10/site-packages/airflow/example_dags/tutorial_taskflow_api_etl_virtualenv.py
[2023-07-15 21:58:53,304] {logging_mixin.py:115} INFO - [2023-07-15 21:58:53,304] {tutorial_taskflow_api_etl_virtualenv.py:29} WARNING - The tutorial_taskflow_api_etl_virtualenv example DAG requires virtualenv, please install it.
[2023-07-15 21:58:53,305] {processor.py:653} WARNING - No viable dags retrieved from /home/lucas/.local/lib/python3.10/site-packages/airflow/example_dags/tutorial_taskflow_api_etl_virtualenv.py
[2023-07-15 21:58:53,326] {processor.py:161} INFO - Processing /home/lucas/.local/lib/python3.10/site-packages/airflow/example_dags/tutorial_taskflow_api_etl_virtualenv.py took 0.070 seconds
