[2023-07-15 21:44:02,739] {processor.py:153} INFO - Started process (PID=7244) to work on /home/lucas/.local/lib/python3.10/site-packages/airflow/example_dags/tutorial_etl_dag.py
[2023-07-15 21:44:02,740] {processor.py:641} INFO - Processing file /home/lucas/.local/lib/python3.10/site-packages/airflow/example_dags/tutorial_etl_dag.py for tasks to queue
[2023-07-15 21:44:02,742] {logging_mixin.py:115} INFO - [2023-07-15 21:44:02,741] {dagbag.py:507} INFO - Filling up the DagBag from /home/lucas/.local/lib/python3.10/site-packages/airflow/example_dags/tutorial_etl_dag.py
[2023-07-15 21:44:02,761] {processor.py:651} INFO - DAG(s) dict_keys(['tutorial_etl_dag']) retrieved from /home/lucas/.local/lib/python3.10/site-packages/airflow/example_dags/tutorial_etl_dag.py
[2023-07-15 21:44:02,926] {logging_mixin.py:115} INFO - [2023-07-15 21:44:02,926] {manager.py:508} INFO - Created Permission View: can read on DAG:tutorial_etl_dag
[2023-07-15 21:44:02,947] {logging_mixin.py:115} INFO - [2023-07-15 21:44:02,947] {manager.py:508} INFO - Created Permission View: can delete on DAG:tutorial_etl_dag
[2023-07-15 21:44:02,969] {logging_mixin.py:115} INFO - [2023-07-15 21:44:02,968] {manager.py:508} INFO - Created Permission View: can edit on DAG:tutorial_etl_dag
[2023-07-15 21:44:02,969] {logging_mixin.py:115} INFO - [2023-07-15 21:44:02,969] {dag.py:2379} INFO - Sync 1 DAGs
[2023-07-15 21:44:02,989] {logging_mixin.py:115} INFO - [2023-07-15 21:44:02,989] {dag.py:2398} INFO - Creating ORM DAG for tutorial_etl_dag
[2023-07-15 21:44:03,012] {logging_mixin.py:115} INFO - [2023-07-15 21:44:03,012] {dag.py:2927} INFO - Setting next_dagrun for tutorial_etl_dag to None, run_after=None
[2023-07-15 21:44:03,047] {processor.py:161} INFO - Processing /home/lucas/.local/lib/python3.10/site-packages/airflow/example_dags/tutorial_etl_dag.py took 0.314 seconds
[2023-07-15 21:44:43,747] {processor.py:153} INFO - Started process (PID=7946) to work on /home/lucas/.local/lib/python3.10/site-packages/airflow/example_dags/tutorial_etl_dag.py
[2023-07-15 21:44:43,752] {processor.py:641} INFO - Processing file /home/lucas/.local/lib/python3.10/site-packages/airflow/example_dags/tutorial_etl_dag.py for tasks to queue
[2023-07-15 21:44:43,753] {logging_mixin.py:115} INFO - [2023-07-15 21:44:43,753] {dagbag.py:507} INFO - Filling up the DagBag from /home/lucas/.local/lib/python3.10/site-packages/airflow/example_dags/tutorial_etl_dag.py
[2023-07-15 21:44:43,774] {processor.py:651} INFO - DAG(s) dict_keys(['tutorial_etl_dag']) retrieved from /home/lucas/.local/lib/python3.10/site-packages/airflow/example_dags/tutorial_etl_dag.py
[2023-07-15 21:44:43,825] {logging_mixin.py:115} INFO - [2023-07-15 21:44:43,825] {dag.py:2379} INFO - Sync 1 DAGs
[2023-07-15 21:44:43,878] {logging_mixin.py:115} INFO - [2023-07-15 21:44:43,878] {dag.py:2927} INFO - Setting next_dagrun for tutorial_etl_dag to None, run_after=None
[2023-07-15 21:44:43,912] {processor.py:161} INFO - Processing /home/lucas/.local/lib/python3.10/site-packages/airflow/example_dags/tutorial_etl_dag.py took 0.170 seconds
[2023-07-15 21:45:25,537] {processor.py:153} INFO - Started process (PID=8036) to work on /home/lucas/.local/lib/python3.10/site-packages/airflow/example_dags/tutorial_etl_dag.py
[2023-07-15 21:45:25,540] {processor.py:641} INFO - Processing file /home/lucas/.local/lib/python3.10/site-packages/airflow/example_dags/tutorial_etl_dag.py for tasks to queue
[2023-07-15 21:45:25,541] {logging_mixin.py:115} INFO - [2023-07-15 21:45:25,541] {dagbag.py:507} INFO - Filling up the DagBag from /home/lucas/.local/lib/python3.10/site-packages/airflow/example_dags/tutorial_etl_dag.py
[2023-07-15 21:45:25,556] {processor.py:651} INFO - DAG(s) dict_keys(['tutorial_etl_dag']) retrieved from /home/lucas/.local/lib/python3.10/site-packages/airflow/example_dags/tutorial_etl_dag.py
[2023-07-15 21:45:25,589] {logging_mixin.py:115} INFO - [2023-07-15 21:45:25,589] {dag.py:2379} INFO - Sync 1 DAGs
[2023-07-15 21:45:25,630] {logging_mixin.py:115} INFO - [2023-07-15 21:45:25,629] {dag.py:2927} INFO - Setting next_dagrun for tutorial_etl_dag to None, run_after=None
[2023-07-15 21:45:25,657] {processor.py:161} INFO - Processing /home/lucas/.local/lib/python3.10/site-packages/airflow/example_dags/tutorial_etl_dag.py took 0.126 seconds
[2023-07-15 21:46:02,512] {processor.py:153} INFO - Started process (PID=8077) to work on /home/lucas/.local/lib/python3.10/site-packages/airflow/example_dags/tutorial_etl_dag.py
[2023-07-15 21:46:02,516] {processor.py:641} INFO - Processing file /home/lucas/.local/lib/python3.10/site-packages/airflow/example_dags/tutorial_etl_dag.py for tasks to queue
[2023-07-15 21:46:02,517] {logging_mixin.py:115} INFO - [2023-07-15 21:46:02,517] {dagbag.py:507} INFO - Filling up the DagBag from /home/lucas/.local/lib/python3.10/site-packages/airflow/example_dags/tutorial_etl_dag.py
[2023-07-15 21:46:02,533] {processor.py:651} INFO - DAG(s) dict_keys(['tutorial_etl_dag']) retrieved from /home/lucas/.local/lib/python3.10/site-packages/airflow/example_dags/tutorial_etl_dag.py
[2023-07-15 21:46:02,566] {logging_mixin.py:115} INFO - [2023-07-15 21:46:02,565] {dag.py:2379} INFO - Sync 1 DAGs
[2023-07-15 21:46:02,610] {logging_mixin.py:115} INFO - [2023-07-15 21:46:02,610] {dag.py:2927} INFO - Setting next_dagrun for tutorial_etl_dag to None, run_after=None
[2023-07-15 21:46:02,638] {processor.py:161} INFO - Processing /home/lucas/.local/lib/python3.10/site-packages/airflow/example_dags/tutorial_etl_dag.py took 0.131 seconds
[2023-07-15 21:46:42,420] {processor.py:153} INFO - Started process (PID=8131) to work on /home/lucas/.local/lib/python3.10/site-packages/airflow/example_dags/tutorial_etl_dag.py
[2023-07-15 21:46:42,424] {processor.py:641} INFO - Processing file /home/lucas/.local/lib/python3.10/site-packages/airflow/example_dags/tutorial_etl_dag.py for tasks to queue
[2023-07-15 21:46:42,425] {logging_mixin.py:115} INFO - [2023-07-15 21:46:42,425] {dagbag.py:507} INFO - Filling up the DagBag from /home/lucas/.local/lib/python3.10/site-packages/airflow/example_dags/tutorial_etl_dag.py
[2023-07-15 21:46:42,439] {processor.py:651} INFO - DAG(s) dict_keys(['tutorial_etl_dag']) retrieved from /home/lucas/.local/lib/python3.10/site-packages/airflow/example_dags/tutorial_etl_dag.py
[2023-07-15 21:46:42,471] {logging_mixin.py:115} INFO - [2023-07-15 21:46:42,471] {dag.py:2379} INFO - Sync 1 DAGs
[2023-07-15 21:46:42,513] {logging_mixin.py:115} INFO - [2023-07-15 21:46:42,512] {dag.py:2927} INFO - Setting next_dagrun for tutorial_etl_dag to None, run_after=None
[2023-07-15 21:46:42,539] {processor.py:161} INFO - Processing /home/lucas/.local/lib/python3.10/site-packages/airflow/example_dags/tutorial_etl_dag.py took 0.124 seconds
[2023-07-15 21:47:18,247] {processor.py:153} INFO - Started process (PID=8188) to work on /home/lucas/.local/lib/python3.10/site-packages/airflow/example_dags/tutorial_etl_dag.py
[2023-07-15 21:47:18,251] {processor.py:641} INFO - Processing file /home/lucas/.local/lib/python3.10/site-packages/airflow/example_dags/tutorial_etl_dag.py for tasks to queue
[2023-07-15 21:47:18,252] {logging_mixin.py:115} INFO - [2023-07-15 21:47:18,252] {dagbag.py:507} INFO - Filling up the DagBag from /home/lucas/.local/lib/python3.10/site-packages/airflow/example_dags/tutorial_etl_dag.py
[2023-07-15 21:47:18,267] {processor.py:651} INFO - DAG(s) dict_keys(['tutorial_etl_dag']) retrieved from /home/lucas/.local/lib/python3.10/site-packages/airflow/example_dags/tutorial_etl_dag.py
[2023-07-15 21:47:18,304] {logging_mixin.py:115} INFO - [2023-07-15 21:47:18,303] {dag.py:2379} INFO - Sync 1 DAGs
[2023-07-15 21:47:18,345] {logging_mixin.py:115} INFO - [2023-07-15 21:47:18,345] {dag.py:2927} INFO - Setting next_dagrun for tutorial_etl_dag to None, run_after=None
[2023-07-15 21:47:18,373] {processor.py:161} INFO - Processing /home/lucas/.local/lib/python3.10/site-packages/airflow/example_dags/tutorial_etl_dag.py took 0.131 seconds
[2023-07-15 21:48:03,013] {processor.py:153} INFO - Started process (PID=8242) to work on /home/lucas/.local/lib/python3.10/site-packages/airflow/example_dags/tutorial_etl_dag.py
[2023-07-15 21:48:03,017] {processor.py:641} INFO - Processing file /home/lucas/.local/lib/python3.10/site-packages/airflow/example_dags/tutorial_etl_dag.py for tasks to queue
[2023-07-15 21:48:03,019] {logging_mixin.py:115} INFO - [2023-07-15 21:48:03,019] {dagbag.py:507} INFO - Filling up the DagBag from /home/lucas/.local/lib/python3.10/site-packages/airflow/example_dags/tutorial_etl_dag.py
[2023-07-15 21:48:03,037] {processor.py:651} INFO - DAG(s) dict_keys(['tutorial_etl_dag']) retrieved from /home/lucas/.local/lib/python3.10/site-packages/airflow/example_dags/tutorial_etl_dag.py
[2023-07-15 21:48:03,076] {logging_mixin.py:115} INFO - [2023-07-15 21:48:03,075] {dag.py:2379} INFO - Sync 1 DAGs
[2023-07-15 21:48:03,124] {logging_mixin.py:115} INFO - [2023-07-15 21:48:03,124] {dag.py:2927} INFO - Setting next_dagrun for tutorial_etl_dag to None, run_after=None
[2023-07-15 21:48:03,157] {processor.py:161} INFO - Processing /home/lucas/.local/lib/python3.10/site-packages/airflow/example_dags/tutorial_etl_dag.py took 0.151 seconds
[2023-07-15 21:48:41,306] {processor.py:153} INFO - Started process (PID=8294) to work on /home/lucas/.local/lib/python3.10/site-packages/airflow/example_dags/tutorial_etl_dag.py
[2023-07-15 21:48:41,310] {processor.py:641} INFO - Processing file /home/lucas/.local/lib/python3.10/site-packages/airflow/example_dags/tutorial_etl_dag.py for tasks to queue
[2023-07-15 21:48:41,311] {logging_mixin.py:115} INFO - [2023-07-15 21:48:41,311] {dagbag.py:507} INFO - Filling up the DagBag from /home/lucas/.local/lib/python3.10/site-packages/airflow/example_dags/tutorial_etl_dag.py
[2023-07-15 21:48:41,326] {processor.py:651} INFO - DAG(s) dict_keys(['tutorial_etl_dag']) retrieved from /home/lucas/.local/lib/python3.10/site-packages/airflow/example_dags/tutorial_etl_dag.py
[2023-07-15 21:48:41,357] {logging_mixin.py:115} INFO - [2023-07-15 21:48:41,357] {dag.py:2379} INFO - Sync 1 DAGs
[2023-07-15 21:48:41,395] {logging_mixin.py:115} INFO - [2023-07-15 21:48:41,395] {dag.py:2927} INFO - Setting next_dagrun for tutorial_etl_dag to None, run_after=None
[2023-07-15 21:48:41,421] {processor.py:161} INFO - Processing /home/lucas/.local/lib/python3.10/site-packages/airflow/example_dags/tutorial_etl_dag.py took 0.120 seconds
[2023-07-15 21:49:18,231] {processor.py:153} INFO - Started process (PID=8389) to work on /home/lucas/.local/lib/python3.10/site-packages/airflow/example_dags/tutorial_etl_dag.py
[2023-07-15 21:49:18,233] {processor.py:641} INFO - Processing file /home/lucas/.local/lib/python3.10/site-packages/airflow/example_dags/tutorial_etl_dag.py for tasks to queue
[2023-07-15 21:49:18,234] {logging_mixin.py:115} INFO - [2023-07-15 21:49:18,234] {dagbag.py:507} INFO - Filling up the DagBag from /home/lucas/.local/lib/python3.10/site-packages/airflow/example_dags/tutorial_etl_dag.py
[2023-07-15 21:49:18,251] {processor.py:651} INFO - DAG(s) dict_keys(['tutorial_etl_dag']) retrieved from /home/lucas/.local/lib/python3.10/site-packages/airflow/example_dags/tutorial_etl_dag.py
[2023-07-15 21:49:18,288] {logging_mixin.py:115} INFO - [2023-07-15 21:49:18,288] {dag.py:2379} INFO - Sync 1 DAGs
[2023-07-15 21:49:18,333] {logging_mixin.py:115} INFO - [2023-07-15 21:49:18,333] {dag.py:2927} INFO - Setting next_dagrun for tutorial_etl_dag to None, run_after=None
[2023-07-15 21:49:18,360] {processor.py:161} INFO - Processing /home/lucas/.local/lib/python3.10/site-packages/airflow/example_dags/tutorial_etl_dag.py took 0.134 seconds
[2023-07-15 21:49:53,704] {processor.py:153} INFO - Started process (PID=8462) to work on /home/lucas/.local/lib/python3.10/site-packages/airflow/example_dags/tutorial_etl_dag.py
[2023-07-15 21:49:53,708] {processor.py:641} INFO - Processing file /home/lucas/.local/lib/python3.10/site-packages/airflow/example_dags/tutorial_etl_dag.py for tasks to queue
[2023-07-15 21:49:53,709] {logging_mixin.py:115} INFO - [2023-07-15 21:49:53,709] {dagbag.py:507} INFO - Filling up the DagBag from /home/lucas/.local/lib/python3.10/site-packages/airflow/example_dags/tutorial_etl_dag.py
[2023-07-15 21:49:53,723] {processor.py:651} INFO - DAG(s) dict_keys(['tutorial_etl_dag']) retrieved from /home/lucas/.local/lib/python3.10/site-packages/airflow/example_dags/tutorial_etl_dag.py
[2023-07-15 21:49:53,756] {logging_mixin.py:115} INFO - [2023-07-15 21:49:53,755] {dag.py:2379} INFO - Sync 1 DAGs
[2023-07-15 21:49:53,795] {logging_mixin.py:115} INFO - [2023-07-15 21:49:53,794] {dag.py:2927} INFO - Setting next_dagrun for tutorial_etl_dag to None, run_after=None
[2023-07-15 21:49:53,820] {processor.py:161} INFO - Processing /home/lucas/.local/lib/python3.10/site-packages/airflow/example_dags/tutorial_etl_dag.py took 0.121 seconds
[2023-07-15 21:50:38,321] {processor.py:153} INFO - Started process (PID=8538) to work on /home/lucas/.local/lib/python3.10/site-packages/airflow/example_dags/tutorial_etl_dag.py
[2023-07-15 21:50:38,324] {processor.py:641} INFO - Processing file /home/lucas/.local/lib/python3.10/site-packages/airflow/example_dags/tutorial_etl_dag.py for tasks to queue
[2023-07-15 21:50:38,325] {logging_mixin.py:115} INFO - [2023-07-15 21:50:38,325] {dagbag.py:507} INFO - Filling up the DagBag from /home/lucas/.local/lib/python3.10/site-packages/airflow/example_dags/tutorial_etl_dag.py
[2023-07-15 21:50:38,343] {processor.py:651} INFO - DAG(s) dict_keys(['tutorial_etl_dag']) retrieved from /home/lucas/.local/lib/python3.10/site-packages/airflow/example_dags/tutorial_etl_dag.py
[2023-07-15 21:50:38,387] {logging_mixin.py:115} INFO - [2023-07-15 21:50:38,386] {dag.py:2379} INFO - Sync 1 DAGs
[2023-07-15 21:50:38,436] {logging_mixin.py:115} INFO - [2023-07-15 21:50:38,436] {dag.py:2927} INFO - Setting next_dagrun for tutorial_etl_dag to None, run_after=None
[2023-07-15 21:50:38,467] {processor.py:161} INFO - Processing /home/lucas/.local/lib/python3.10/site-packages/airflow/example_dags/tutorial_etl_dag.py took 0.154 seconds
[2023-07-15 21:51:13,051] {processor.py:153} INFO - Started process (PID=8616) to work on /home/lucas/.local/lib/python3.10/site-packages/airflow/example_dags/tutorial_etl_dag.py
[2023-07-15 21:51:13,052] {processor.py:641} INFO - Processing file /home/lucas/.local/lib/python3.10/site-packages/airflow/example_dags/tutorial_etl_dag.py for tasks to queue
[2023-07-15 21:51:13,053] {logging_mixin.py:115} INFO - [2023-07-15 21:51:13,053] {dagbag.py:507} INFO - Filling up the DagBag from /home/lucas/.local/lib/python3.10/site-packages/airflow/example_dags/tutorial_etl_dag.py
[2023-07-15 21:51:13,068] {processor.py:651} INFO - DAG(s) dict_keys(['tutorial_etl_dag']) retrieved from /home/lucas/.local/lib/python3.10/site-packages/airflow/example_dags/tutorial_etl_dag.py
[2023-07-15 21:51:13,102] {logging_mixin.py:115} INFO - [2023-07-15 21:51:13,101] {dag.py:2379} INFO - Sync 1 DAGs
[2023-07-15 21:51:13,143] {logging_mixin.py:115} INFO - [2023-07-15 21:51:13,142] {dag.py:2927} INFO - Setting next_dagrun for tutorial_etl_dag to None, run_after=None
[2023-07-15 21:51:13,168] {processor.py:161} INFO - Processing /home/lucas/.local/lib/python3.10/site-packages/airflow/example_dags/tutorial_etl_dag.py took 0.123 seconds
[2023-07-15 21:51:48,868] {processor.py:153} INFO - Started process (PID=8998) to work on /home/lucas/.local/lib/python3.10/site-packages/airflow/example_dags/tutorial_etl_dag.py
[2023-07-15 21:51:48,871] {processor.py:641} INFO - Processing file /home/lucas/.local/lib/python3.10/site-packages/airflow/example_dags/tutorial_etl_dag.py for tasks to queue
[2023-07-15 21:51:48,872] {logging_mixin.py:115} INFO - [2023-07-15 21:51:48,872] {dagbag.py:507} INFO - Filling up the DagBag from /home/lucas/.local/lib/python3.10/site-packages/airflow/example_dags/tutorial_etl_dag.py
[2023-07-15 21:51:48,887] {processor.py:651} INFO - DAG(s) dict_keys(['tutorial_etl_dag']) retrieved from /home/lucas/.local/lib/python3.10/site-packages/airflow/example_dags/tutorial_etl_dag.py
[2023-07-15 21:51:48,920] {logging_mixin.py:115} INFO - [2023-07-15 21:51:48,919] {dag.py:2379} INFO - Sync 1 DAGs
[2023-07-15 21:51:48,955] {logging_mixin.py:115} INFO - [2023-07-15 21:51:48,955] {dag.py:2927} INFO - Setting next_dagrun for tutorial_etl_dag to None, run_after=None
[2023-07-15 21:51:48,979] {processor.py:161} INFO - Processing /home/lucas/.local/lib/python3.10/site-packages/airflow/example_dags/tutorial_etl_dag.py took 0.117 seconds
[2023-07-15 21:52:24,760] {processor.py:153} INFO - Started process (PID=9103) to work on /home/lucas/.local/lib/python3.10/site-packages/airflow/example_dags/tutorial_etl_dag.py
[2023-07-15 21:52:24,764] {processor.py:641} INFO - Processing file /home/lucas/.local/lib/python3.10/site-packages/airflow/example_dags/tutorial_etl_dag.py for tasks to queue
[2023-07-15 21:52:24,765] {logging_mixin.py:115} INFO - [2023-07-15 21:52:24,765] {dagbag.py:507} INFO - Filling up the DagBag from /home/lucas/.local/lib/python3.10/site-packages/airflow/example_dags/tutorial_etl_dag.py
[2023-07-15 21:52:24,781] {processor.py:651} INFO - DAG(s) dict_keys(['tutorial_etl_dag']) retrieved from /home/lucas/.local/lib/python3.10/site-packages/airflow/example_dags/tutorial_etl_dag.py
[2023-07-15 21:52:24,816] {logging_mixin.py:115} INFO - [2023-07-15 21:52:24,816] {dag.py:2379} INFO - Sync 1 DAGs
[2023-07-15 21:52:24,857] {logging_mixin.py:115} INFO - [2023-07-15 21:52:24,857] {dag.py:2927} INFO - Setting next_dagrun for tutorial_etl_dag to None, run_after=None
[2023-07-15 21:52:24,883] {processor.py:161} INFO - Processing /home/lucas/.local/lib/python3.10/site-packages/airflow/example_dags/tutorial_etl_dag.py took 0.129 seconds
[2023-07-15 21:53:03,972] {processor.py:153} INFO - Started process (PID=9172) to work on /home/lucas/.local/lib/python3.10/site-packages/airflow/example_dags/tutorial_etl_dag.py
[2023-07-15 21:53:03,976] {processor.py:641} INFO - Processing file /home/lucas/.local/lib/python3.10/site-packages/airflow/example_dags/tutorial_etl_dag.py for tasks to queue
[2023-07-15 21:53:03,978] {logging_mixin.py:115} INFO - [2023-07-15 21:53:03,977] {dagbag.py:507} INFO - Filling up the DagBag from /home/lucas/.local/lib/python3.10/site-packages/airflow/example_dags/tutorial_etl_dag.py
[2023-07-15 21:53:03,996] {processor.py:651} INFO - DAG(s) dict_keys(['tutorial_etl_dag']) retrieved from /home/lucas/.local/lib/python3.10/site-packages/airflow/example_dags/tutorial_etl_dag.py
[2023-07-15 21:53:04,030] {logging_mixin.py:115} INFO - [2023-07-15 21:53:04,030] {dag.py:2379} INFO - Sync 1 DAGs
[2023-07-15 21:53:04,071] {logging_mixin.py:115} INFO - [2023-07-15 21:53:04,071] {dag.py:2927} INFO - Setting next_dagrun for tutorial_etl_dag to None, run_after=None
[2023-07-15 21:53:04,097] {processor.py:161} INFO - Processing /home/lucas/.local/lib/python3.10/site-packages/airflow/example_dags/tutorial_etl_dag.py took 0.134 seconds
[2023-07-15 21:53:43,108] {processor.py:153} INFO - Started process (PID=9297) to work on /home/lucas/.local/lib/python3.10/site-packages/airflow/example_dags/tutorial_etl_dag.py
[2023-07-15 21:53:43,109] {processor.py:641} INFO - Processing file /home/lucas/.local/lib/python3.10/site-packages/airflow/example_dags/tutorial_etl_dag.py for tasks to queue
[2023-07-15 21:53:43,110] {logging_mixin.py:115} INFO - [2023-07-15 21:53:43,109] {dagbag.py:507} INFO - Filling up the DagBag from /home/lucas/.local/lib/python3.10/site-packages/airflow/example_dags/tutorial_etl_dag.py
[2023-07-15 21:53:43,115] {processor.py:651} INFO - DAG(s) dict_keys(['tutorial_etl_dag']) retrieved from /home/lucas/.local/lib/python3.10/site-packages/airflow/example_dags/tutorial_etl_dag.py
[2023-07-15 21:53:43,130] {logging_mixin.py:115} INFO - [2023-07-15 21:53:43,130] {dag.py:2379} INFO - Sync 1 DAGs
[2023-07-15 21:53:43,146] {logging_mixin.py:115} INFO - [2023-07-15 21:53:43,146] {dag.py:2927} INFO - Setting next_dagrun for tutorial_etl_dag to None, run_after=None
[2023-07-15 21:53:43,163] {processor.py:161} INFO - Processing /home/lucas/.local/lib/python3.10/site-packages/airflow/example_dags/tutorial_etl_dag.py took 0.059 seconds
[2023-07-15 21:54:22,014] {processor.py:153} INFO - Started process (PID=9510) to work on /home/lucas/.local/lib/python3.10/site-packages/airflow/example_dags/tutorial_etl_dag.py
[2023-07-15 21:54:22,017] {processor.py:641} INFO - Processing file /home/lucas/.local/lib/python3.10/site-packages/airflow/example_dags/tutorial_etl_dag.py for tasks to queue
[2023-07-15 21:54:22,017] {logging_mixin.py:115} INFO - [2023-07-15 21:54:22,017] {dagbag.py:507} INFO - Filling up the DagBag from /home/lucas/.local/lib/python3.10/site-packages/airflow/example_dags/tutorial_etl_dag.py
[2023-07-15 21:54:22,023] {processor.py:651} INFO - DAG(s) dict_keys(['tutorial_etl_dag']) retrieved from /home/lucas/.local/lib/python3.10/site-packages/airflow/example_dags/tutorial_etl_dag.py
[2023-07-15 21:54:22,034] {logging_mixin.py:115} INFO - [2023-07-15 21:54:22,034] {dag.py:2379} INFO - Sync 1 DAGs
[2023-07-15 21:54:22,051] {logging_mixin.py:115} INFO - [2023-07-15 21:54:22,051] {dag.py:2927} INFO - Setting next_dagrun for tutorial_etl_dag to None, run_after=None
[2023-07-15 21:54:22,074] {processor.py:161} INFO - Processing /home/lucas/.local/lib/python3.10/site-packages/airflow/example_dags/tutorial_etl_dag.py took 0.062 seconds
[2023-07-15 21:54:57,426] {processor.py:153} INFO - Started process (PID=9626) to work on /home/lucas/.local/lib/python3.10/site-packages/airflow/example_dags/tutorial_etl_dag.py
[2023-07-15 21:54:57,426] {processor.py:641} INFO - Processing file /home/lucas/.local/lib/python3.10/site-packages/airflow/example_dags/tutorial_etl_dag.py for tasks to queue
[2023-07-15 21:54:57,427] {logging_mixin.py:115} INFO - [2023-07-15 21:54:57,427] {dagbag.py:507} INFO - Filling up the DagBag from /home/lucas/.local/lib/python3.10/site-packages/airflow/example_dags/tutorial_etl_dag.py
[2023-07-15 21:54:57,431] {processor.py:651} INFO - DAG(s) dict_keys(['tutorial_etl_dag']) retrieved from /home/lucas/.local/lib/python3.10/site-packages/airflow/example_dags/tutorial_etl_dag.py
[2023-07-15 21:54:57,441] {logging_mixin.py:115} INFO - [2023-07-15 21:54:57,441] {dag.py:2379} INFO - Sync 1 DAGs
[2023-07-15 21:54:57,452] {logging_mixin.py:115} INFO - [2023-07-15 21:54:57,452] {dag.py:2927} INFO - Setting next_dagrun for tutorial_etl_dag to None, run_after=None
[2023-07-15 21:54:57,461] {processor.py:161} INFO - Processing /home/lucas/.local/lib/python3.10/site-packages/airflow/example_dags/tutorial_etl_dag.py took 0.036 seconds
[2023-07-15 21:55:37,076] {processor.py:153} INFO - Started process (PID=9774) to work on /home/lucas/.local/lib/python3.10/site-packages/airflow/example_dags/tutorial_etl_dag.py
[2023-07-15 21:55:37,080] {processor.py:641} INFO - Processing file /home/lucas/.local/lib/python3.10/site-packages/airflow/example_dags/tutorial_etl_dag.py for tasks to queue
[2023-07-15 21:55:37,081] {logging_mixin.py:115} INFO - [2023-07-15 21:55:37,081] {dagbag.py:507} INFO - Filling up the DagBag from /home/lucas/.local/lib/python3.10/site-packages/airflow/example_dags/tutorial_etl_dag.py
[2023-07-15 21:55:37,100] {processor.py:651} INFO - DAG(s) dict_keys(['tutorial_etl_dag']) retrieved from /home/lucas/.local/lib/python3.10/site-packages/airflow/example_dags/tutorial_etl_dag.py
[2023-07-15 21:55:37,134] {logging_mixin.py:115} INFO - [2023-07-15 21:55:37,134] {dag.py:2379} INFO - Sync 1 DAGs
[2023-07-15 21:55:37,177] {logging_mixin.py:115} INFO - [2023-07-15 21:55:37,177] {dag.py:2927} INFO - Setting next_dagrun for tutorial_etl_dag to None, run_after=None
[2023-07-15 21:55:37,206] {processor.py:161} INFO - Processing /home/lucas/.local/lib/python3.10/site-packages/airflow/example_dags/tutorial_etl_dag.py took 0.136 seconds
[2023-07-15 21:56:13,471] {processor.py:153} INFO - Started process (PID=9832) to work on /home/lucas/.local/lib/python3.10/site-packages/airflow/example_dags/tutorial_etl_dag.py
[2023-07-15 21:56:13,472] {processor.py:641} INFO - Processing file /home/lucas/.local/lib/python3.10/site-packages/airflow/example_dags/tutorial_etl_dag.py for tasks to queue
[2023-07-15 21:56:13,474] {logging_mixin.py:115} INFO - [2023-07-15 21:56:13,473] {dagbag.py:507} INFO - Filling up the DagBag from /home/lucas/.local/lib/python3.10/site-packages/airflow/example_dags/tutorial_etl_dag.py
[2023-07-15 21:56:13,493] {processor.py:651} INFO - DAG(s) dict_keys(['tutorial_etl_dag']) retrieved from /home/lucas/.local/lib/python3.10/site-packages/airflow/example_dags/tutorial_etl_dag.py
[2023-07-15 21:56:13,540] {logging_mixin.py:115} INFO - [2023-07-15 21:56:13,539] {dag.py:2379} INFO - Sync 1 DAGs
[2023-07-15 21:56:13,592] {logging_mixin.py:115} INFO - [2023-07-15 21:56:13,592] {dag.py:2927} INFO - Setting next_dagrun for tutorial_etl_dag to None, run_after=None
[2023-07-15 21:56:13,623] {processor.py:161} INFO - Processing /home/lucas/.local/lib/python3.10/site-packages/airflow/example_dags/tutorial_etl_dag.py took 0.157 seconds
[2023-07-15 21:56:52,083] {processor.py:153} INFO - Started process (PID=9899) to work on /home/lucas/.local/lib/python3.10/site-packages/airflow/example_dags/tutorial_etl_dag.py
[2023-07-15 21:56:52,087] {processor.py:641} INFO - Processing file /home/lucas/.local/lib/python3.10/site-packages/airflow/example_dags/tutorial_etl_dag.py for tasks to queue
[2023-07-15 21:56:52,088] {logging_mixin.py:115} INFO - [2023-07-15 21:56:52,088] {dagbag.py:507} INFO - Filling up the DagBag from /home/lucas/.local/lib/python3.10/site-packages/airflow/example_dags/tutorial_etl_dag.py
[2023-07-15 21:56:52,104] {processor.py:651} INFO - DAG(s) dict_keys(['tutorial_etl_dag']) retrieved from /home/lucas/.local/lib/python3.10/site-packages/airflow/example_dags/tutorial_etl_dag.py
[2023-07-15 21:56:52,137] {logging_mixin.py:115} INFO - [2023-07-15 21:56:52,137] {dag.py:2379} INFO - Sync 1 DAGs
[2023-07-15 21:56:52,177] {logging_mixin.py:115} INFO - [2023-07-15 21:56:52,177] {dag.py:2927} INFO - Setting next_dagrun for tutorial_etl_dag to None, run_after=None
[2023-07-15 21:56:52,202] {processor.py:161} INFO - Processing /home/lucas/.local/lib/python3.10/site-packages/airflow/example_dags/tutorial_etl_dag.py took 0.125 seconds
[2023-07-15 21:57:28,559] {processor.py:153} INFO - Started process (PID=9989) to work on /home/lucas/.local/lib/python3.10/site-packages/airflow/example_dags/tutorial_etl_dag.py
[2023-07-15 21:57:28,560] {processor.py:641} INFO - Processing file /home/lucas/.local/lib/python3.10/site-packages/airflow/example_dags/tutorial_etl_dag.py for tasks to queue
[2023-07-15 21:57:28,561] {logging_mixin.py:115} INFO - [2023-07-15 21:57:28,561] {dagbag.py:507} INFO - Filling up the DagBag from /home/lucas/.local/lib/python3.10/site-packages/airflow/example_dags/tutorial_etl_dag.py
[2023-07-15 21:57:28,576] {processor.py:651} INFO - DAG(s) dict_keys(['tutorial_etl_dag']) retrieved from /home/lucas/.local/lib/python3.10/site-packages/airflow/example_dags/tutorial_etl_dag.py
[2023-07-15 21:57:28,611] {logging_mixin.py:115} INFO - [2023-07-15 21:57:28,610] {dag.py:2379} INFO - Sync 1 DAGs
[2023-07-15 21:57:28,653] {logging_mixin.py:115} INFO - [2023-07-15 21:57:28,652] {dag.py:2927} INFO - Setting next_dagrun for tutorial_etl_dag to None, run_after=None
[2023-07-15 21:57:28,681] {processor.py:161} INFO - Processing /home/lucas/.local/lib/python3.10/site-packages/airflow/example_dags/tutorial_etl_dag.py took 0.129 seconds
[2023-07-15 21:58:10,030] {processor.py:153} INFO - Started process (PID=10066) to work on /home/lucas/.local/lib/python3.10/site-packages/airflow/example_dags/tutorial_etl_dag.py
[2023-07-15 21:58:10,034] {processor.py:641} INFO - Processing file /home/lucas/.local/lib/python3.10/site-packages/airflow/example_dags/tutorial_etl_dag.py for tasks to queue
[2023-07-15 21:58:10,035] {logging_mixin.py:115} INFO - [2023-07-15 21:58:10,035] {dagbag.py:507} INFO - Filling up the DagBag from /home/lucas/.local/lib/python3.10/site-packages/airflow/example_dags/tutorial_etl_dag.py
[2023-07-15 21:58:10,054] {processor.py:651} INFO - DAG(s) dict_keys(['tutorial_etl_dag']) retrieved from /home/lucas/.local/lib/python3.10/site-packages/airflow/example_dags/tutorial_etl_dag.py
[2023-07-15 21:58:10,091] {logging_mixin.py:115} INFO - [2023-07-15 21:58:10,091] {dag.py:2379} INFO - Sync 1 DAGs
[2023-07-15 21:58:10,134] {logging_mixin.py:115} INFO - [2023-07-15 21:58:10,134] {dag.py:2927} INFO - Setting next_dagrun for tutorial_etl_dag to None, run_after=None
[2023-07-15 21:58:10,162] {processor.py:161} INFO - Processing /home/lucas/.local/lib/python3.10/site-packages/airflow/example_dags/tutorial_etl_dag.py took 0.138 seconds
[2023-07-15 21:58:45,691] {processor.py:153} INFO - Started process (PID=10149) to work on /home/lucas/.local/lib/python3.10/site-packages/airflow/example_dags/tutorial_etl_dag.py
[2023-07-15 21:58:45,695] {processor.py:641} INFO - Processing file /home/lucas/.local/lib/python3.10/site-packages/airflow/example_dags/tutorial_etl_dag.py for tasks to queue
[2023-07-15 21:58:45,696] {logging_mixin.py:115} INFO - [2023-07-15 21:58:45,696] {dagbag.py:507} INFO - Filling up the DagBag from /home/lucas/.local/lib/python3.10/site-packages/airflow/example_dags/tutorial_etl_dag.py
[2023-07-15 21:58:45,712] {processor.py:651} INFO - DAG(s) dict_keys(['tutorial_etl_dag']) retrieved from /home/lucas/.local/lib/python3.10/site-packages/airflow/example_dags/tutorial_etl_dag.py
[2023-07-15 21:58:45,748] {logging_mixin.py:115} INFO - [2023-07-15 21:58:45,748] {dag.py:2379} INFO - Sync 1 DAGs
[2023-07-15 21:58:45,797] {logging_mixin.py:115} INFO - [2023-07-15 21:58:45,797] {dag.py:2927} INFO - Setting next_dagrun for tutorial_etl_dag to None, run_after=None
[2023-07-15 21:58:45,828] {processor.py:161} INFO - Processing /home/lucas/.local/lib/python3.10/site-packages/airflow/example_dags/tutorial_etl_dag.py took 0.143 seconds
