[2023-07-17 22:09:26,451] {taskinstance.py:1159} INFO - Dependencies all met for <TaskInstance: get_crypto_dag.BTC scheduled__2023-06-02T00:00:00+00:00 [queued]>
[2023-07-17 22:09:26,477] {taskinstance.py:1159} INFO - Dependencies all met for <TaskInstance: get_crypto_dag.BTC scheduled__2023-06-02T00:00:00+00:00 [queued]>
[2023-07-17 22:09:26,477] {taskinstance.py:1356} INFO - 
--------------------------------------------------------------------------------
[2023-07-17 22:09:26,477] {taskinstance.py:1357} INFO - Starting attempt 1 of 1
[2023-07-17 22:09:26,477] {taskinstance.py:1358} INFO - 
--------------------------------------------------------------------------------
[2023-07-17 22:09:26,498] {taskinstance.py:1377} INFO - Executing <Task(_PythonDecoratedOperator): BTC> on 2023-06-02 00:00:00+00:00
[2023-07-17 22:09:26,506] {standard_task_runner.py:52} INFO - Started process 77145 to run task
[2023-07-17 22:09:26,508] {standard_task_runner.py:79} INFO - Running: ['airflow', 'tasks', 'run', 'get_crypto_dag', 'BTC', 'scheduled__2023-06-02T00:00:00+00:00', '--job-id', '963', '--raw', '--subdir', 'DAGS_FOLDER/get_crypto.py', '--cfg-path', '/tmp/tmpwyo7m2bb', '--error-file', '/tmp/tmpylyqjmr_']
[2023-07-17 22:09:26,509] {standard_task_runner.py:80} INFO - Job 963: Subtask BTC
[2023-07-17 22:09:26,579] {task_command.py:370} INFO - Running <TaskInstance: get_crypto_dag.BTC scheduled__2023-06-02T00:00:00+00:00 [running]> on host lucas-Estudos
[2023-07-17 22:09:26,650] {taskinstance.py:1569} INFO - Exporting the following env vars:
AIRFLOW_CTX_DAG_OWNER=airflow
AIRFLOW_CTX_DAG_ID=get_crypto_dag
AIRFLOW_CTX_TASK_ID=BTC
AIRFLOW_CTX_EXECUTION_DATE=2023-06-02T00:00:00+00:00
AIRFLOW_CTX_TRY_NUMBER=1
AIRFLOW_CTX_DAG_RUN_ID=scheduled__2023-06-02T00:00:00+00:00
[2023-07-17 22:09:39,696] {base.py:297} ERROR - BTC: No price data found, symbol may be delisted (1h 2023-06-01 -> 2023-06-02)
[2023-07-17 22:09:39,702] {python.py:173} INFO - Done. Returned value was: None
[2023-07-17 22:09:39,762] {taskinstance.py:1395} INFO - Marking task as SUCCESS. dag_id=get_crypto_dag, task_id=BTC, execution_date=20230602T000000, start_date=20230718T010926, end_date=20230718T010939
[2023-07-17 22:09:39,845] {local_task_job.py:156} INFO - Task exited with return code 0
[2023-07-17 22:09:39,959] {local_task_job.py:273} INFO - 0 downstream tasks scheduled from follow-on schedule check
[2023-07-18 10:45:25,417] {taskinstance.py:1159} INFO - Dependencies all met for <TaskInstance: get_crypto_dag.BTC scheduled__2023-06-02T00:00:00+00:00 [queued]>
[2023-07-18 10:45:25,440] {taskinstance.py:1159} INFO - Dependencies all met for <TaskInstance: get_crypto_dag.BTC scheduled__2023-06-02T00:00:00+00:00 [queued]>
[2023-07-18 10:45:25,440] {taskinstance.py:1356} INFO - 
--------------------------------------------------------------------------------
[2023-07-18 10:45:25,440] {taskinstance.py:1357} INFO - Starting attempt 1 of 1
[2023-07-18 10:45:25,440] {taskinstance.py:1358} INFO - 
--------------------------------------------------------------------------------
[2023-07-18 10:45:25,466] {taskinstance.py:1377} INFO - Executing <Task(_PythonDecoratedOperator): BTC> on 2023-06-02 00:00:00+00:00
[2023-07-18 10:45:25,476] {standard_task_runner.py:52} INFO - Started process 16920 to run task
[2023-07-18 10:45:25,482] {standard_task_runner.py:79} INFO - Running: ['airflow', 'tasks', 'run', 'get_crypto_dag', 'BTC', 'scheduled__2023-06-02T00:00:00+00:00', '--job-id', '1373', '--raw', '--subdir', 'DAGS_FOLDER/get_crypto.py', '--cfg-path', '/tmp/tmpzu4_yhls', '--error-file', '/tmp/tmpq7i04egn']
[2023-07-18 10:45:25,484] {standard_task_runner.py:80} INFO - Job 1373: Subtask BTC
[2023-07-18 10:45:25,667] {task_command.py:370} INFO - Running <TaskInstance: get_crypto_dag.BTC scheduled__2023-06-02T00:00:00+00:00 [running]> on host lucas-Estudos
[2023-07-18 10:45:25,891] {taskinstance.py:1569} INFO - Exporting the following env vars:
AIRFLOW_CTX_DAG_OWNER=airflow
AIRFLOW_CTX_DAG_ID=get_crypto_dag
AIRFLOW_CTX_TASK_ID=BTC
AIRFLOW_CTX_EXECUTION_DATE=2023-06-02T00:00:00+00:00
AIRFLOW_CTX_TRY_NUMBER=1
AIRFLOW_CTX_DAG_RUN_ID=scheduled__2023-06-02T00:00:00+00:00
[2023-07-18 10:45:26,423] {base.py:297} ERROR - BTC: No price data found, symbol may be delisted (1h 2023-06-01 -> 2023-06-02)
[2023-07-18 10:45:26,428] {python.py:173} INFO - Done. Returned value was: None
[2023-07-18 10:45:26,478] {taskinstance.py:1395} INFO - Marking task as SUCCESS. dag_id=get_crypto_dag, task_id=BTC, execution_date=20230602T000000, start_date=20230718T134525, end_date=20230718T134526
[2023-07-18 10:45:26,538] {local_task_job.py:156} INFO - Task exited with return code 0
[2023-07-18 10:45:26,650] {local_task_job.py:273} INFO - 0 downstream tasks scheduled from follow-on schedule check
