[2023-07-17 22:10:03,642] {taskinstance.py:1159} INFO - Dependencies all met for <TaskInstance: get_crypto_dag.AVAX scheduled__2023-06-03T00:00:00+00:00 [queued]>
[2023-07-17 22:10:03,653] {taskinstance.py:1159} INFO - Dependencies all met for <TaskInstance: get_crypto_dag.AVAX scheduled__2023-06-03T00:00:00+00:00 [queued]>
[2023-07-17 22:10:03,654] {taskinstance.py:1356} INFO - 
--------------------------------------------------------------------------------
[2023-07-17 22:10:03,654] {taskinstance.py:1357} INFO - Starting attempt 1 of 1
[2023-07-17 22:10:03,654] {taskinstance.py:1358} INFO - 
--------------------------------------------------------------------------------
[2023-07-17 22:10:03,667] {taskinstance.py:1377} INFO - Executing <Task(_PythonDecoratedOperator): AVAX> on 2023-06-03 00:00:00+00:00
[2023-07-17 22:10:03,674] {standard_task_runner.py:52} INFO - Started process 78450 to run task
[2023-07-17 22:10:03,677] {standard_task_runner.py:79} INFO - Running: ['airflow', 'tasks', 'run', 'get_crypto_dag', 'AVAX', 'scheduled__2023-06-03T00:00:00+00:00', '--job-id', '973', '--raw', '--subdir', 'DAGS_FOLDER/get_crypto.py', '--cfg-path', '/tmp/tmp22vimyit', '--error-file', '/tmp/tmpe9xx7maa']
[2023-07-17 22:10:03,678] {standard_task_runner.py:80} INFO - Job 973: Subtask AVAX
[2023-07-17 22:10:03,737] {task_command.py:370} INFO - Running <TaskInstance: get_crypto_dag.AVAX scheduled__2023-06-03T00:00:00+00:00 [running]> on host lucas-Estudos
[2023-07-17 22:10:03,816] {taskinstance.py:1569} INFO - Exporting the following env vars:
AIRFLOW_CTX_DAG_OWNER=airflow
AIRFLOW_CTX_DAG_ID=get_crypto_dag
AIRFLOW_CTX_TASK_ID=AVAX
AIRFLOW_CTX_EXECUTION_DATE=2023-06-03T00:00:00+00:00
AIRFLOW_CTX_TRY_NUMBER=1
AIRFLOW_CTX_DAG_RUN_ID=scheduled__2023-06-03T00:00:00+00:00
[2023-07-17 22:10:10,301] {base.py:162} ERROR - AVAX: No timezone found, symbol may be delisted
[2023-07-17 22:10:10,311] {python.py:173} INFO - Done. Returned value was: None
[2023-07-17 22:10:10,366] {taskinstance.py:1395} INFO - Marking task as SUCCESS. dag_id=get_crypto_dag, task_id=AVAX, execution_date=20230603T000000, start_date=20230718T011003, end_date=20230718T011010
[2023-07-17 22:10:10,445] {local_task_job.py:156} INFO - Task exited with return code 0
[2023-07-17 22:10:10,552] {local_task_job.py:273} INFO - 0 downstream tasks scheduled from follow-on schedule check
[2023-07-18 10:46:45,071] {taskinstance.py:1159} INFO - Dependencies all met for <TaskInstance: get_crypto_dag.AVAX scheduled__2023-06-03T00:00:00+00:00 [queued]>
[2023-07-18 10:46:45,101] {taskinstance.py:1159} INFO - Dependencies all met for <TaskInstance: get_crypto_dag.AVAX scheduled__2023-06-03T00:00:00+00:00 [queued]>
[2023-07-18 10:46:45,102] {taskinstance.py:1356} INFO - 
--------------------------------------------------------------------------------
[2023-07-18 10:46:45,102] {taskinstance.py:1357} INFO - Starting attempt 1 of 1
[2023-07-18 10:46:45,102] {taskinstance.py:1358} INFO - 
--------------------------------------------------------------------------------
[2023-07-18 10:46:45,153] {taskinstance.py:1377} INFO - Executing <Task(_PythonDecoratedOperator): AVAX> on 2023-06-03 00:00:00+00:00
[2023-07-18 10:46:45,170] {standard_task_runner.py:52} INFO - Started process 17361 to run task
[2023-07-18 10:46:45,179] {standard_task_runner.py:79} INFO - Running: ['airflow', 'tasks', 'run', 'get_crypto_dag', 'AVAX', 'scheduled__2023-06-03T00:00:00+00:00', '--job-id', '1386', '--raw', '--subdir', 'DAGS_FOLDER/get_crypto.py', '--cfg-path', '/tmp/tmpxalxhzbu', '--error-file', '/tmp/tmpqvxl_xp1']
[2023-07-18 10:46:45,181] {standard_task_runner.py:80} INFO - Job 1386: Subtask AVAX
[2023-07-18 10:46:45,368] {task_command.py:370} INFO - Running <TaskInstance: get_crypto_dag.AVAX scheduled__2023-06-03T00:00:00+00:00 [running]> on host lucas-Estudos
[2023-07-18 10:46:45,601] {taskinstance.py:1569} INFO - Exporting the following env vars:
AIRFLOW_CTX_DAG_OWNER=airflow
AIRFLOW_CTX_DAG_ID=get_crypto_dag
AIRFLOW_CTX_TASK_ID=AVAX
AIRFLOW_CTX_EXECUTION_DATE=2023-06-03T00:00:00+00:00
AIRFLOW_CTX_TRY_NUMBER=1
AIRFLOW_CTX_DAG_RUN_ID=scheduled__2023-06-03T00:00:00+00:00
[2023-07-18 10:46:46,219] {base.py:162} ERROR - AVAX: No timezone found, symbol may be delisted
[2023-07-18 10:46:46,229] {python.py:173} INFO - Done. Returned value was: None
[2023-07-18 10:46:46,375] {taskinstance.py:1395} INFO - Marking task as SUCCESS. dag_id=get_crypto_dag, task_id=AVAX, execution_date=20230603T000000, start_date=20230718T134645, end_date=20230718T134646
[2023-07-18 10:46:46,435] {local_task_job.py:156} INFO - Task exited with return code 0
[2023-07-18 10:46:46,552] {local_task_job.py:273} INFO - 0 downstream tasks scheduled from follow-on schedule check
