[2023-07-17 21:10:38,229] {taskinstance.py:1159} INFO - Dependencies all met for <TaskInstance: get_stocks_dag.TSLA scheduled__2023-07-15T00:00:00+00:00 [queued]>
[2023-07-17 21:10:38,240] {taskinstance.py:1159} INFO - Dependencies all met for <TaskInstance: get_stocks_dag.TSLA scheduled__2023-07-15T00:00:00+00:00 [queued]>
[2023-07-17 21:10:38,240] {taskinstance.py:1356} INFO - 
--------------------------------------------------------------------------------
[2023-07-17 21:10:38,240] {taskinstance.py:1357} INFO - Starting attempt 1 of 1
[2023-07-17 21:10:38,240] {taskinstance.py:1358} INFO - 
--------------------------------------------------------------------------------
[2023-07-17 21:10:38,260] {taskinstance.py:1377} INFO - Executing <Task(_PythonDecoratedOperator): TSLA> on 2023-07-15 00:00:00+00:00
[2023-07-17 21:10:38,271] {standard_task_runner.py:52} INFO - Started process 39041 to run task
[2023-07-17 21:10:38,278] {standard_task_runner.py:79} INFO - Running: ['airflow', 'tasks', 'run', 'get_stocks_dag', 'TSLA', 'scheduled__2023-07-15T00:00:00+00:00', '--job-id', '707', '--raw', '--subdir', 'DAGS_FOLDER/get_stocks.py', '--cfg-path', '/tmp/tmp2fislv7u', '--error-file', '/tmp/tmpfi3x6h00']
[2023-07-17 21:10:38,281] {standard_task_runner.py:80} INFO - Job 707: Subtask TSLA
[2023-07-17 21:10:38,484] {task_command.py:370} INFO - Running <TaskInstance: get_stocks_dag.TSLA scheduled__2023-07-15T00:00:00+00:00 [running]> on host lucas-Estudos
[2023-07-17 21:10:38,713] {taskinstance.py:1569} INFO - Exporting the following env vars:
AIRFLOW_CTX_DAG_OWNER=airflow
AIRFLOW_CTX_DAG_ID=get_stocks_dag
AIRFLOW_CTX_TASK_ID=TSLA
AIRFLOW_CTX_EXECUTION_DATE=2023-07-15T00:00:00+00:00
AIRFLOW_CTX_TRY_NUMBER=1
AIRFLOW_CTX_DAG_RUN_ID=scheduled__2023-07-15T00:00:00+00:00
[2023-07-17 21:10:43,406] {python.py:173} INFO - Done. Returned value was: None
[2023-07-17 21:10:43,463] {taskinstance.py:1395} INFO - Marking task as SUCCESS. dag_id=get_stocks_dag, task_id=TSLA, execution_date=20230715T000000, start_date=20230718T001038, end_date=20230718T001043
[2023-07-17 21:10:43,530] {local_task_job.py:156} INFO - Task exited with return code 0
[2023-07-17 21:10:43,640] {local_task_job.py:273} INFO - 0 downstream tasks scheduled from follow-on schedule check
[2023-07-17 22:22:05,210] {taskinstance.py:1159} INFO - Dependencies all met for <TaskInstance: get_stocks_dag.TSLA scheduled__2023-07-15T00:00:00+00:00 [queued]>
[2023-07-17 22:22:05,246] {taskinstance.py:1159} INFO - Dependencies all met for <TaskInstance: get_stocks_dag.TSLA scheduled__2023-07-15T00:00:00+00:00 [queued]>
[2023-07-17 22:22:05,246] {taskinstance.py:1356} INFO - 
--------------------------------------------------------------------------------
[2023-07-17 22:22:05,246] {taskinstance.py:1357} INFO - Starting attempt 1 of 1
[2023-07-17 22:22:05,246] {taskinstance.py:1358} INFO - 
--------------------------------------------------------------------------------
[2023-07-17 22:22:05,268] {taskinstance.py:1377} INFO - Executing <Task(_PythonDecoratedOperator): TSLA> on 2023-07-15 00:00:00+00:00
[2023-07-17 22:22:05,305] {standard_task_runner.py:52} INFO - Started process 102788 to run task
[2023-07-17 22:22:05,343] {standard_task_runner.py:79} INFO - Running: ['airflow', 'tasks', 'run', 'get_stocks_dag', 'TSLA', 'scheduled__2023-07-15T00:00:00+00:00', '--job-id', '1147', '--raw', '--subdir', 'DAGS_FOLDER/get_stocks.py', '--cfg-path', '/tmp/tmpisogfdnk', '--error-file', '/tmp/tmp4nad25i_']
[2023-07-17 22:22:05,352] {standard_task_runner.py:80} INFO - Job 1147: Subtask TSLA
[2023-07-17 22:22:05,569] {task_command.py:370} INFO - Running <TaskInstance: get_stocks_dag.TSLA scheduled__2023-07-15T00:00:00+00:00 [running]> on host lucas-Estudos
[2023-07-17 22:22:06,028] {taskinstance.py:1569} INFO - Exporting the following env vars:
AIRFLOW_CTX_DAG_OWNER=airflow
AIRFLOW_CTX_DAG_ID=get_stocks_dag
AIRFLOW_CTX_TASK_ID=TSLA
AIRFLOW_CTX_EXECUTION_DATE=2023-07-15T00:00:00+00:00
AIRFLOW_CTX_TRY_NUMBER=1
AIRFLOW_CTX_DAG_RUN_ID=scheduled__2023-07-15T00:00:00+00:00
[2023-07-17 22:22:09,512] {python.py:173} INFO - Done. Returned value was: None
[2023-07-17 22:22:09,934] {taskinstance.py:1395} INFO - Marking task as SUCCESS. dag_id=get_stocks_dag, task_id=TSLA, execution_date=20230715T000000, start_date=20230718T012205, end_date=20230718T012209
[2023-07-17 22:22:10,090] {local_task_job.py:156} INFO - Task exited with return code 0
[2023-07-17 22:22:10,499] {local_task_job.py:273} INFO - 0 downstream tasks scheduled from follow-on schedule check
