[2023-07-17 16:23:38,545] {taskinstance.py:1159} INFO - Dependencies all met for <TaskInstance: get_stocks_dag.MSFT scheduled__2023-06-29T00:00:00+00:00 [queued]>
[2023-07-17 16:23:38,553] {taskinstance.py:1159} INFO - Dependencies all met for <TaskInstance: get_stocks_dag.MSFT scheduled__2023-06-29T00:00:00+00:00 [queued]>
[2023-07-17 16:23:38,554] {taskinstance.py:1356} INFO - 
--------------------------------------------------------------------------------
[2023-07-17 16:23:38,554] {taskinstance.py:1357} INFO - Starting attempt 1 of 1
[2023-07-17 16:23:38,554] {taskinstance.py:1358} INFO - 
--------------------------------------------------------------------------------
[2023-07-17 16:23:38,574] {taskinstance.py:1377} INFO - Executing <Task(_PythonDecoratedOperator): MSFT> on 2023-06-29 00:00:00+00:00
[2023-07-17 16:23:38,580] {standard_task_runner.py:52} INFO - Started process 11738 to run task
[2023-07-17 16:23:38,585] {standard_task_runner.py:79} INFO - Running: ['airflow', 'tasks', 'run', 'get_stocks_dag', 'MSFT', 'scheduled__2023-06-29T00:00:00+00:00', '--job-id', '223', '--raw', '--subdir', 'DAGS_FOLDER/get_stocks.py', '--cfg-path', '/tmp/tmpfqg_quc4', '--error-file', '/tmp/tmphnzaczfs']
[2023-07-17 16:23:38,586] {standard_task_runner.py:80} INFO - Job 223: Subtask MSFT
[2023-07-17 16:23:38,674] {task_command.py:370} INFO - Running <TaskInstance: get_stocks_dag.MSFT scheduled__2023-06-29T00:00:00+00:00 [running]> on host lucas-Estudos
[2023-07-17 16:23:38,767] {taskinstance.py:1569} INFO - Exporting the following env vars:
AIRFLOW_CTX_DAG_OWNER=airflow
AIRFLOW_CTX_DAG_ID=get_stocks_dag
AIRFLOW_CTX_TASK_ID=MSFT
AIRFLOW_CTX_EXECUTION_DATE=2023-06-29T00:00:00+00:00
AIRFLOW_CTX_TRY_NUMBER=1
AIRFLOW_CTX_DAG_RUN_ID=scheduled__2023-06-29T00:00:00+00:00
[2023-07-17 16:23:39,240] {python.py:173} INFO - Done. Returned value was: None
[2023-07-17 16:23:39,325] {taskinstance.py:1395} INFO - Marking task as SUCCESS. dag_id=get_stocks_dag, task_id=MSFT, execution_date=20230629T000000, start_date=20230717T192338, end_date=20230717T192339
[2023-07-17 16:23:39,404] {local_task_job.py:156} INFO - Task exited with return code 0
[2023-07-17 16:23:39,480] {local_task_job.py:273} INFO - 0 downstream tasks scheduled from follow-on schedule check
[2023-07-17 16:55:00,255] {taskinstance.py:1159} INFO - Dependencies all met for <TaskInstance: get_stocks_dag.MSFT scheduled__2023-06-29T00:00:00+00:00 [queued]>
[2023-07-17 16:55:00,370] {taskinstance.py:1159} INFO - Dependencies all met for <TaskInstance: get_stocks_dag.MSFT scheduled__2023-06-29T00:00:00+00:00 [queued]>
[2023-07-17 16:55:00,370] {taskinstance.py:1356} INFO - 
--------------------------------------------------------------------------------
[2023-07-17 16:55:00,371] {taskinstance.py:1357} INFO - Starting attempt 1 of 1
[2023-07-17 16:55:00,371] {taskinstance.py:1358} INFO - 
--------------------------------------------------------------------------------
[2023-07-17 16:55:00,463] {taskinstance.py:1377} INFO - Executing <Task(_PythonDecoratedOperator): MSFT> on 2023-06-29 00:00:00+00:00
[2023-07-17 16:55:00,550] {standard_task_runner.py:52} INFO - Started process 24680 to run task
[2023-07-17 16:55:00,554] {standard_task_runner.py:79} INFO - Running: ['airflow', 'tasks', 'run', 'get_stocks_dag', 'MSFT', 'scheduled__2023-06-29T00:00:00+00:00', '--job-id', '441', '--raw', '--subdir', 'DAGS_FOLDER/get_stocks.py', '--cfg-path', '/tmp/tmpo6jfu1y9', '--error-file', '/tmp/tmp6sj4s1ej']
[2023-07-17 16:55:00,555] {standard_task_runner.py:80} INFO - Job 441: Subtask MSFT
[2023-07-17 16:55:00,852] {task_command.py:370} INFO - Running <TaskInstance: get_stocks_dag.MSFT scheduled__2023-06-29T00:00:00+00:00 [running]> on host lucas-Estudos
[2023-07-17 16:55:01,245] {taskinstance.py:1569} INFO - Exporting the following env vars:
AIRFLOW_CTX_DAG_OWNER=airflow
AIRFLOW_CTX_DAG_ID=get_stocks_dag
AIRFLOW_CTX_TASK_ID=MSFT
AIRFLOW_CTX_EXECUTION_DATE=2023-06-29T00:00:00+00:00
AIRFLOW_CTX_TRY_NUMBER=1
AIRFLOW_CTX_DAG_RUN_ID=scheduled__2023-06-29T00:00:00+00:00
[2023-07-17 16:55:01,967] {python.py:173} INFO - Done. Returned value was: None
[2023-07-17 16:55:02,005] {taskinstance.py:1395} INFO - Marking task as SUCCESS. dag_id=get_stocks_dag, task_id=MSFT, execution_date=20230629T000000, start_date=20230717T195500, end_date=20230717T195502
[2023-07-17 16:55:02,076] {local_task_job.py:156} INFO - Task exited with return code 0
[2023-07-17 16:55:02,193] {local_task_job.py:273} INFO - 0 downstream tasks scheduled from follow-on schedule check
[2023-07-17 21:07:24,960] {taskinstance.py:1159} INFO - Dependencies all met for <TaskInstance: get_stocks_dag.MSFT scheduled__2023-06-29T00:00:00+00:00 [queued]>
[2023-07-17 21:07:24,984] {taskinstance.py:1159} INFO - Dependencies all met for <TaskInstance: get_stocks_dag.MSFT scheduled__2023-06-29T00:00:00+00:00 [queued]>
[2023-07-17 21:07:24,985] {taskinstance.py:1356} INFO - 
--------------------------------------------------------------------------------
[2023-07-17 21:07:24,985] {taskinstance.py:1357} INFO - Starting attempt 1 of 1
[2023-07-17 21:07:24,985] {taskinstance.py:1358} INFO - 
--------------------------------------------------------------------------------
[2023-07-17 21:07:25,013] {taskinstance.py:1377} INFO - Executing <Task(_PythonDecoratedOperator): MSFT> on 2023-06-29 00:00:00+00:00
[2023-07-17 21:07:25,024] {standard_task_runner.py:52} INFO - Started process 33803 to run task
[2023-07-17 21:07:25,031] {standard_task_runner.py:79} INFO - Running: ['airflow', 'tasks', 'run', 'get_stocks_dag', 'MSFT', 'scheduled__2023-06-29T00:00:00+00:00', '--job-id', '658', '--raw', '--subdir', 'DAGS_FOLDER/get_stocks.py', '--cfg-path', '/tmp/tmpco6efh5_', '--error-file', '/tmp/tmpkz1uzpp5']
[2023-07-17 21:07:25,033] {standard_task_runner.py:80} INFO - Job 658: Subtask MSFT
[2023-07-17 21:07:25,239] {task_command.py:370} INFO - Running <TaskInstance: get_stocks_dag.MSFT scheduled__2023-06-29T00:00:00+00:00 [running]> on host lucas-Estudos
[2023-07-17 21:07:25,474] {taskinstance.py:1569} INFO - Exporting the following env vars:
AIRFLOW_CTX_DAG_OWNER=airflow
AIRFLOW_CTX_DAG_ID=get_stocks_dag
AIRFLOW_CTX_TASK_ID=MSFT
AIRFLOW_CTX_EXECUTION_DATE=2023-06-29T00:00:00+00:00
AIRFLOW_CTX_TRY_NUMBER=1
AIRFLOW_CTX_DAG_RUN_ID=scheduled__2023-06-29T00:00:00+00:00
[2023-07-17 21:07:31,186] {python.py:173} INFO - Done. Returned value was: None
[2023-07-17 21:07:31,237] {taskinstance.py:1395} INFO - Marking task as SUCCESS. dag_id=get_stocks_dag, task_id=MSFT, execution_date=20230629T000000, start_date=20230718T000724, end_date=20230718T000731
[2023-07-17 21:07:31,303] {local_task_job.py:156} INFO - Task exited with return code 0
[2023-07-17 21:07:31,403] {local_task_job.py:273} INFO - 0 downstream tasks scheduled from follow-on schedule check
[2023-07-17 22:15:44,417] {taskinstance.py:1159} INFO - Dependencies all met for <TaskInstance: get_stocks_dag.MSFT scheduled__2023-06-29T00:00:00+00:00 [queued]>
[2023-07-17 22:15:44,437] {taskinstance.py:1159} INFO - Dependencies all met for <TaskInstance: get_stocks_dag.MSFT scheduled__2023-06-29T00:00:00+00:00 [queued]>
[2023-07-17 22:15:44,437] {taskinstance.py:1356} INFO - 
--------------------------------------------------------------------------------
[2023-07-17 22:15:44,437] {taskinstance.py:1357} INFO - Starting attempt 1 of 1
[2023-07-17 22:15:44,437] {taskinstance.py:1358} INFO - 
--------------------------------------------------------------------------------
[2023-07-17 22:15:44,452] {taskinstance.py:1377} INFO - Executing <Task(_PythonDecoratedOperator): MSFT> on 2023-06-29 00:00:00+00:00
[2023-07-17 22:15:44,458] {standard_task_runner.py:52} INFO - Started process 89915 to run task
[2023-07-17 22:15:44,461] {standard_task_runner.py:79} INFO - Running: ['airflow', 'tasks', 'run', 'get_stocks_dag', 'MSFT', 'scheduled__2023-06-29T00:00:00+00:00', '--job-id', '1057', '--raw', '--subdir', 'DAGS_FOLDER/get_stocks.py', '--cfg-path', '/tmp/tmpfu1bcya6', '--error-file', '/tmp/tmpeacvdccy']
[2023-07-17 22:15:44,462] {standard_task_runner.py:80} INFO - Job 1057: Subtask MSFT
[2023-07-17 22:15:44,585] {task_command.py:370} INFO - Running <TaskInstance: get_stocks_dag.MSFT scheduled__2023-06-29T00:00:00+00:00 [running]> on host lucas-Estudos
[2023-07-17 22:15:44,825] {taskinstance.py:1569} INFO - Exporting the following env vars:
AIRFLOW_CTX_DAG_OWNER=airflow
AIRFLOW_CTX_DAG_ID=get_stocks_dag
AIRFLOW_CTX_TASK_ID=MSFT
AIRFLOW_CTX_EXECUTION_DATE=2023-06-29T00:00:00+00:00
AIRFLOW_CTX_TRY_NUMBER=1
AIRFLOW_CTX_DAG_RUN_ID=scheduled__2023-06-29T00:00:00+00:00
[2023-07-17 22:15:48,606] {python.py:173} INFO - Done. Returned value was: None
[2023-07-17 22:15:48,663] {taskinstance.py:1395} INFO - Marking task as SUCCESS. dag_id=get_stocks_dag, task_id=MSFT, execution_date=20230629T000000, start_date=20230718T011544, end_date=20230718T011548
[2023-07-17 22:15:48,731] {local_task_job.py:156} INFO - Task exited with return code 0
[2023-07-17 22:15:48,839] {local_task_job.py:273} INFO - 0 downstream tasks scheduled from follow-on schedule check
[2023-07-18 11:05:52,156] {taskinstance.py:1159} INFO - Dependencies all met for <TaskInstance: get_stocks_dag.MSFT scheduled__2023-06-29T00:00:00+00:00 [queued]>
[2023-07-18 11:05:52,179] {taskinstance.py:1159} INFO - Dependencies all met for <TaskInstance: get_stocks_dag.MSFT scheduled__2023-06-29T00:00:00+00:00 [queued]>
[2023-07-18 11:05:52,179] {taskinstance.py:1356} INFO - 
--------------------------------------------------------------------------------
[2023-07-18 11:05:52,179] {taskinstance.py:1357} INFO - Starting attempt 1 of 1
[2023-07-18 11:05:52,179] {taskinstance.py:1358} INFO - 
--------------------------------------------------------------------------------
[2023-07-18 11:05:52,206] {taskinstance.py:1377} INFO - Executing <Task(_PythonDecoratedOperator): MSFT> on 2023-06-29 00:00:00+00:00
[2023-07-18 11:05:52,216] {standard_task_runner.py:52} INFO - Started process 26534 to run task
[2023-07-18 11:05:52,224] {standard_task_runner.py:79} INFO - Running: ['airflow', 'tasks', 'run', 'get_stocks_dag', 'MSFT', 'scheduled__2023-06-29T00:00:00+00:00', '--job-id', '1558', '--raw', '--subdir', 'DAGS_FOLDER/get_stocks.py', '--cfg-path', '/tmp/tmpneefadde', '--error-file', '/tmp/tmpbeoep8t8']
[2023-07-18 11:05:52,226] {standard_task_runner.py:80} INFO - Job 1558: Subtask MSFT
[2023-07-18 11:05:52,424] {task_command.py:370} INFO - Running <TaskInstance: get_stocks_dag.MSFT scheduled__2023-06-29T00:00:00+00:00 [running]> on host lucas-Estudos
[2023-07-18 11:05:52,651] {taskinstance.py:1569} INFO - Exporting the following env vars:
AIRFLOW_CTX_DAG_OWNER=airflow
AIRFLOW_CTX_DAG_ID=get_stocks_dag
AIRFLOW_CTX_TASK_ID=MSFT
AIRFLOW_CTX_EXECUTION_DATE=2023-06-29T00:00:00+00:00
AIRFLOW_CTX_TRY_NUMBER=1
AIRFLOW_CTX_DAG_RUN_ID=scheduled__2023-06-29T00:00:00+00:00
[2023-07-18 11:05:53,228] {python.py:173} INFO - Done. Returned value was: None
[2023-07-18 11:05:53,275] {taskinstance.py:1395} INFO - Marking task as SUCCESS. dag_id=get_stocks_dag, task_id=MSFT, execution_date=20230629T000000, start_date=20230718T140552, end_date=20230718T140553
[2023-07-18 11:05:53,319] {local_task_job.py:156} INFO - Task exited with return code 0
[2023-07-18 11:05:53,442] {local_task_job.py:273} INFO - 0 downstream tasks scheduled from follow-on schedule check
