[2023-07-17 16:23:29,088] {taskinstance.py:1159} INFO - Dependencies all met for <TaskInstance: get_stocks_dag.MSFT scheduled__2023-06-20T00:00:00+00:00 [queued]>
[2023-07-17 16:23:29,123] {taskinstance.py:1159} INFO - Dependencies all met for <TaskInstance: get_stocks_dag.MSFT scheduled__2023-06-20T00:00:00+00:00 [queued]>
[2023-07-17 16:23:29,123] {taskinstance.py:1356} INFO - 
--------------------------------------------------------------------------------
[2023-07-17 16:23:29,123] {taskinstance.py:1357} INFO - Starting attempt 1 of 1
[2023-07-17 16:23:29,123] {taskinstance.py:1358} INFO - 
--------------------------------------------------------------------------------
[2023-07-17 16:23:29,195] {taskinstance.py:1377} INFO - Executing <Task(_PythonDecoratedOperator): MSFT> on 2023-06-20 00:00:00+00:00
[2023-07-17 16:23:29,207] {standard_task_runner.py:52} INFO - Started process 10790 to run task
[2023-07-17 16:23:29,220] {standard_task_runner.py:79} INFO - Running: ['airflow', 'tasks', 'run', 'get_stocks_dag', 'MSFT', 'scheduled__2023-06-20T00:00:00+00:00', '--job-id', '189', '--raw', '--subdir', 'DAGS_FOLDER/get_stocks.py', '--cfg-path', '/tmp/tmpjnp5rf_y', '--error-file', '/tmp/tmpvta15ay4']
[2023-07-17 16:23:29,221] {standard_task_runner.py:80} INFO - Job 189: Subtask MSFT
[2023-07-17 16:23:29,731] {task_command.py:370} INFO - Running <TaskInstance: get_stocks_dag.MSFT scheduled__2023-06-20T00:00:00+00:00 [running]> on host lucas-Estudos
[2023-07-17 16:23:30,201] {taskinstance.py:1569} INFO - Exporting the following env vars:
AIRFLOW_CTX_DAG_OWNER=airflow
AIRFLOW_CTX_DAG_ID=get_stocks_dag
AIRFLOW_CTX_TASK_ID=MSFT
AIRFLOW_CTX_EXECUTION_DATE=2023-06-20T00:00:00+00:00
AIRFLOW_CTX_TRY_NUMBER=1
AIRFLOW_CTX_DAG_RUN_ID=scheduled__2023-06-20T00:00:00+00:00
[2023-07-17 16:23:30,911] {base.py:297} ERROR - MSFT: No price data found, symbol may be delisted (1h 2023-06-19 -> 2023-06-20)
[2023-07-17 16:23:30,914] {python.py:173} INFO - Done. Returned value was: None
[2023-07-17 16:23:30,974] {taskinstance.py:1395} INFO - Marking task as SUCCESS. dag_id=get_stocks_dag, task_id=MSFT, execution_date=20230620T000000, start_date=20230717T192329, end_date=20230717T192330
[2023-07-17 16:23:31,044] {local_task_job.py:156} INFO - Task exited with return code 0
[2023-07-17 16:23:31,153] {local_task_job.py:273} INFO - 0 downstream tasks scheduled from follow-on schedule check
[2023-07-17 16:54:48,784] {taskinstance.py:1159} INFO - Dependencies all met for <TaskInstance: get_stocks_dag.MSFT scheduled__2023-06-20T00:00:00+00:00 [queued]>
[2023-07-17 16:54:48,827] {taskinstance.py:1159} INFO - Dependencies all met for <TaskInstance: get_stocks_dag.MSFT scheduled__2023-06-20T00:00:00+00:00 [queued]>
[2023-07-17 16:54:48,828] {taskinstance.py:1356} INFO - 
--------------------------------------------------------------------------------
[2023-07-17 16:54:48,828] {taskinstance.py:1357} INFO - Starting attempt 1 of 1
[2023-07-17 16:54:48,829] {taskinstance.py:1358} INFO - 
--------------------------------------------------------------------------------
[2023-07-17 16:54:48,858] {taskinstance.py:1377} INFO - Executing <Task(_PythonDecoratedOperator): MSFT> on 2023-06-20 00:00:00+00:00
[2023-07-17 16:54:48,865] {standard_task_runner.py:52} INFO - Started process 23644 to run task
[2023-07-17 16:54:48,871] {standard_task_runner.py:79} INFO - Running: ['airflow', 'tasks', 'run', 'get_stocks_dag', 'MSFT', 'scheduled__2023-06-20T00:00:00+00:00', '--job-id', '413', '--raw', '--subdir', 'DAGS_FOLDER/get_stocks.py', '--cfg-path', '/tmp/tmpjoub8_u3', '--error-file', '/tmp/tmp0jpk0kbd']
[2023-07-17 16:54:48,872] {standard_task_runner.py:80} INFO - Job 413: Subtask MSFT
[2023-07-17 16:54:49,157] {task_command.py:370} INFO - Running <TaskInstance: get_stocks_dag.MSFT scheduled__2023-06-20T00:00:00+00:00 [running]> on host lucas-Estudos
[2023-07-17 16:54:49,424] {taskinstance.py:1569} INFO - Exporting the following env vars:
AIRFLOW_CTX_DAG_OWNER=airflow
AIRFLOW_CTX_DAG_ID=get_stocks_dag
AIRFLOW_CTX_TASK_ID=MSFT
AIRFLOW_CTX_EXECUTION_DATE=2023-06-20T00:00:00+00:00
AIRFLOW_CTX_TRY_NUMBER=1
AIRFLOW_CTX_DAG_RUN_ID=scheduled__2023-06-20T00:00:00+00:00
[2023-07-17 16:54:49,922] {base.py:297} ERROR - MSFT: No price data found, symbol may be delisted (1h 2023-06-19 -> 2023-06-20)
[2023-07-17 16:54:49,925] {python.py:173} INFO - Done. Returned value was: None
[2023-07-17 16:54:49,967] {taskinstance.py:1395} INFO - Marking task as SUCCESS. dag_id=get_stocks_dag, task_id=MSFT, execution_date=20230620T000000, start_date=20230717T195448, end_date=20230717T195449
[2023-07-17 16:54:50,030] {local_task_job.py:156} INFO - Task exited with return code 0
[2023-07-17 16:54:50,195] {local_task_job.py:273} INFO - 0 downstream tasks scheduled from follow-on schedule check
[2023-07-17 21:05:22,661] {taskinstance.py:1159} INFO - Dependencies all met for <TaskInstance: get_stocks_dag.MSFT scheduled__2023-06-20T00:00:00+00:00 [queued]>
[2023-07-17 21:05:22,670] {taskinstance.py:1159} INFO - Dependencies all met for <TaskInstance: get_stocks_dag.MSFT scheduled__2023-06-20T00:00:00+00:00 [queued]>
[2023-07-17 21:05:22,670] {taskinstance.py:1356} INFO - 
--------------------------------------------------------------------------------
[2023-07-17 21:05:22,670] {taskinstance.py:1357} INFO - Starting attempt 1 of 1
[2023-07-17 21:05:22,670] {taskinstance.py:1358} INFO - 
--------------------------------------------------------------------------------
[2023-07-17 21:05:22,679] {taskinstance.py:1377} INFO - Executing <Task(_PythonDecoratedOperator): MSFT> on 2023-06-20 00:00:00+00:00
[2023-07-17 21:05:22,684] {standard_task_runner.py:52} INFO - Started process 28453 to run task
[2023-07-17 21:05:22,687] {standard_task_runner.py:79} INFO - Running: ['airflow', 'tasks', 'run', 'get_stocks_dag', 'MSFT', 'scheduled__2023-06-20T00:00:00+00:00', '--job-id', '629', '--raw', '--subdir', 'DAGS_FOLDER/get_stocks.py', '--cfg-path', '/tmp/tmpz47zlchq', '--error-file', '/tmp/tmpqvegnnli']
[2023-07-17 21:05:22,687] {standard_task_runner.py:80} INFO - Job 629: Subtask MSFT
[2023-07-17 21:05:22,810] {task_command.py:370} INFO - Running <TaskInstance: get_stocks_dag.MSFT scheduled__2023-06-20T00:00:00+00:00 [running]> on host lucas-Estudos
[2023-07-17 21:05:23,043] {taskinstance.py:1569} INFO - Exporting the following env vars:
AIRFLOW_CTX_DAG_OWNER=airflow
AIRFLOW_CTX_DAG_ID=get_stocks_dag
AIRFLOW_CTX_TASK_ID=MSFT
AIRFLOW_CTX_EXECUTION_DATE=2023-06-20T00:00:00+00:00
AIRFLOW_CTX_TRY_NUMBER=1
AIRFLOW_CTX_DAG_RUN_ID=scheduled__2023-06-20T00:00:00+00:00
[2023-07-17 21:05:26,725] {base.py:297} ERROR - MSFT: No price data found, symbol may be delisted (1h 2023-06-19 -> 2023-06-20)
[2023-07-17 21:05:26,732] {python.py:173} INFO - Done. Returned value was: None
[2023-07-17 21:05:26,786] {taskinstance.py:1395} INFO - Marking task as SUCCESS. dag_id=get_stocks_dag, task_id=MSFT, execution_date=20230620T000000, start_date=20230718T000522, end_date=20230718T000526
[2023-07-17 21:05:26,834] {local_task_job.py:156} INFO - Task exited with return code 0
[2023-07-17 21:05:26,952] {local_task_job.py:273} INFO - 0 downstream tasks scheduled from follow-on schedule check
[2023-07-17 22:11:44,345] {taskinstance.py:1159} INFO - Dependencies all met for <TaskInstance: get_stocks_dag.MSFT scheduled__2023-06-20T00:00:00+00:00 [queued]>
[2023-07-17 22:11:44,375] {taskinstance.py:1159} INFO - Dependencies all met for <TaskInstance: get_stocks_dag.MSFT scheduled__2023-06-20T00:00:00+00:00 [queued]>
[2023-07-17 22:11:44,375] {taskinstance.py:1356} INFO - 
--------------------------------------------------------------------------------
[2023-07-17 22:11:44,376] {taskinstance.py:1357} INFO - Starting attempt 1 of 1
[2023-07-17 22:11:44,376] {taskinstance.py:1358} INFO - 
--------------------------------------------------------------------------------
[2023-07-17 22:11:44,403] {taskinstance.py:1377} INFO - Executing <Task(_PythonDecoratedOperator): MSFT> on 2023-06-20 00:00:00+00:00
[2023-07-17 22:11:44,415] {standard_task_runner.py:52} INFO - Started process 81860 to run task
[2023-07-17 22:11:44,421] {standard_task_runner.py:79} INFO - Running: ['airflow', 'tasks', 'run', 'get_stocks_dag', 'MSFT', 'scheduled__2023-06-20T00:00:00+00:00', '--job-id', '998', '--raw', '--subdir', 'DAGS_FOLDER/get_stocks.py', '--cfg-path', '/tmp/tmpxs8q92lu', '--error-file', '/tmp/tmpt79c86fc']
[2023-07-17 22:11:44,423] {standard_task_runner.py:80} INFO - Job 998: Subtask MSFT
[2023-07-17 22:11:44,602] {task_command.py:370} INFO - Running <TaskInstance: get_stocks_dag.MSFT scheduled__2023-06-20T00:00:00+00:00 [running]> on host lucas-Estudos
[2023-07-17 22:11:44,822] {taskinstance.py:1569} INFO - Exporting the following env vars:
AIRFLOW_CTX_DAG_OWNER=airflow
AIRFLOW_CTX_DAG_ID=get_stocks_dag
AIRFLOW_CTX_TASK_ID=MSFT
AIRFLOW_CTX_EXECUTION_DATE=2023-06-20T00:00:00+00:00
AIRFLOW_CTX_TRY_NUMBER=1
AIRFLOW_CTX_DAG_RUN_ID=scheduled__2023-06-20T00:00:00+00:00
[2023-07-17 22:12:01,717] {base.py:297} ERROR - MSFT: No price data found, symbol may be delisted (1h 2023-06-19 -> 2023-06-20)
[2023-07-17 22:12:01,724] {python.py:173} INFO - Done. Returned value was: None
[2023-07-17 22:12:01,776] {taskinstance.py:1395} INFO - Marking task as SUCCESS. dag_id=get_stocks_dag, task_id=MSFT, execution_date=20230620T000000, start_date=20230718T011144, end_date=20230718T011201
[2023-07-17 22:12:01,839] {local_task_job.py:156} INFO - Task exited with return code 0
[2023-07-17 22:12:01,936] {local_task_job.py:273} INFO - 0 downstream tasks scheduled from follow-on schedule check
[2023-07-18 10:58:34,486] {taskinstance.py:1159} INFO - Dependencies all met for <TaskInstance: get_stocks_dag.MSFT scheduled__2023-06-20T00:00:00+00:00 [queued]>
[2023-07-18 10:58:34,494] {taskinstance.py:1159} INFO - Dependencies all met for <TaskInstance: get_stocks_dag.MSFT scheduled__2023-06-20T00:00:00+00:00 [queued]>
[2023-07-18 10:58:34,494] {taskinstance.py:1356} INFO - 
--------------------------------------------------------------------------------
[2023-07-18 10:58:34,494] {taskinstance.py:1357} INFO - Starting attempt 1 of 1
[2023-07-18 10:58:34,494] {taskinstance.py:1358} INFO - 
--------------------------------------------------------------------------------
[2023-07-18 10:58:34,503] {taskinstance.py:1377} INFO - Executing <Task(_PythonDecoratedOperator): MSFT> on 2023-06-20 00:00:00+00:00
[2023-07-18 10:58:34,506] {standard_task_runner.py:52} INFO - Started process 24530 to run task
[2023-07-18 10:58:34,508] {standard_task_runner.py:79} INFO - Running: ['airflow', 'tasks', 'run', 'get_stocks_dag', 'MSFT', 'scheduled__2023-06-20T00:00:00+00:00', '--job-id', '1494', '--raw', '--subdir', 'DAGS_FOLDER/get_stocks.py', '--cfg-path', '/tmp/tmpcm9g20xm', '--error-file', '/tmp/tmpvoh4a_5_']
[2023-07-18 10:58:34,509] {standard_task_runner.py:80} INFO - Job 1494: Subtask MSFT
[2023-07-18 10:58:34,577] {task_command.py:370} INFO - Running <TaskInstance: get_stocks_dag.MSFT scheduled__2023-06-20T00:00:00+00:00 [running]> on host lucas-Estudos
[2023-07-18 10:58:34,792] {taskinstance.py:1569} INFO - Exporting the following env vars:
AIRFLOW_CTX_DAG_OWNER=airflow
AIRFLOW_CTX_DAG_ID=get_stocks_dag
AIRFLOW_CTX_TASK_ID=MSFT
AIRFLOW_CTX_EXECUTION_DATE=2023-06-20T00:00:00+00:00
AIRFLOW_CTX_TRY_NUMBER=1
AIRFLOW_CTX_DAG_RUN_ID=scheduled__2023-06-20T00:00:00+00:00
[2023-07-18 10:58:35,466] {taskinstance.py:1889} ERROR - Task failed with exception
Traceback (most recent call last):
  File "/home/lucas/.local/lib/python3.10/site-packages/airflow/decorators/base.py", line 179, in execute
    return_value = super().execute(context)
  File "/home/lucas/.local/lib/python3.10/site-packages/airflow/operators/python.py", line 171, in execute
    return_value = self.execute_callable()
  File "/home/lucas/.local/lib/python3.10/site-packages/airflow/operators/python.py", line 189, in execute_callable
    return self.python_callable(*self.op_args, **self.op_kwargs)
  File "/home/lucas/Ãrea de Trabalho/Alura/EngenhariaDados/3-Executores do Airflow/Local and Celery/airflow_pipeline/dags/get_stocks.py", line 19, in get_history
    yfinance.Ticker(ticker).history(
  File "/home/lucas/.local/lib/python3.10/site-packages/yfinance/utils.py", line 105, in wrapper
    result = func(*args, **kwargs)
  File "/home/lucas/.local/lib/python3.10/site-packages/yfinance/base.py", line 299, in history
    logger.debug(f'{self.ticker}: yfinance received OHLC data: {quotes.index[0]} -> {quotes.index[-1]}')
  File "/home/lucas/.local/lib/python3.10/site-packages/pandas/core/indexes/base.py", line 5175, in __getitem__
    return getitem(key)
  File "/home/lucas/.local/lib/python3.10/site-packages/pandas/core/arrays/datetimelike.py", line 370, in __getitem__
    "Union[DatetimeLikeArrayT, DTScalarOrNaT]", super().__getitem__(key)
  File "/home/lucas/.local/lib/python3.10/site-packages/pandas/core/arrays/_mixins.py", line 272, in __getitem__
    result = self._ndarray[key]
IndexError: index 0 is out of bounds for axis 0 with size 0
[2023-07-18 10:58:35,518] {taskinstance.py:1395} INFO - Marking task as FAILED. dag_id=get_stocks_dag, task_id=MSFT, execution_date=20230620T000000, start_date=20230718T135834, end_date=20230718T135835
[2023-07-18 10:58:35,546] {standard_task_runner.py:92} ERROR - Failed to execute job 1494 for task MSFT (index 0 is out of bounds for axis 0 with size 0; 24530)
[2023-07-18 10:58:35,604] {local_task_job.py:156} INFO - Task exited with return code 1
[2023-07-18 10:58:35,742] {local_task_job.py:273} INFO - 0 downstream tasks scheduled from follow-on schedule check
