[2023-07-17 16:23:41,594] {taskinstance.py:1159} INFO - Dependencies all met for <TaskInstance: get_stocks_dag.GOOG scheduled__2023-07-05T00:00:00+00:00 [queued]>
[2023-07-17 16:23:41,625] {taskinstance.py:1159} INFO - Dependencies all met for <TaskInstance: get_stocks_dag.GOOG scheduled__2023-07-05T00:00:00+00:00 [queued]>
[2023-07-17 16:23:41,625] {taskinstance.py:1356} INFO - 
--------------------------------------------------------------------------------
[2023-07-17 16:23:41,625] {taskinstance.py:1357} INFO - Starting attempt 1 of 1
[2023-07-17 16:23:41,625] {taskinstance.py:1358} INFO - 
--------------------------------------------------------------------------------
[2023-07-17 16:23:41,681] {taskinstance.py:1377} INFO - Executing <Task(_PythonDecoratedOperator): GOOG> on 2023-07-05 00:00:00+00:00
[2023-07-17 16:23:41,701] {standard_task_runner.py:52} INFO - Started process 11945 to run task
[2023-07-17 16:23:41,716] {standard_task_runner.py:79} INFO - Running: ['airflow', 'tasks', 'run', 'get_stocks_dag', 'GOOG', 'scheduled__2023-07-05T00:00:00+00:00', '--job-id', '234', '--raw', '--subdir', 'DAGS_FOLDER/get_stocks.py', '--cfg-path', '/tmp/tmpq0v8yexc', '--error-file', '/tmp/tmpi1c7zqwr']
[2023-07-17 16:23:41,717] {standard_task_runner.py:80} INFO - Job 234: Subtask GOOG
[2023-07-17 16:23:41,945] {task_command.py:370} INFO - Running <TaskInstance: get_stocks_dag.GOOG scheduled__2023-07-05T00:00:00+00:00 [running]> on host lucas-Estudos
[2023-07-17 16:23:42,199] {taskinstance.py:1569} INFO - Exporting the following env vars:
AIRFLOW_CTX_DAG_OWNER=airflow
AIRFLOW_CTX_DAG_ID=get_stocks_dag
AIRFLOW_CTX_TASK_ID=GOOG
AIRFLOW_CTX_EXECUTION_DATE=2023-07-05T00:00:00+00:00
AIRFLOW_CTX_TRY_NUMBER=1
AIRFLOW_CTX_DAG_RUN_ID=scheduled__2023-07-05T00:00:00+00:00
[2023-07-17 16:23:42,903] {base.py:297} ERROR - GOOG: No price data found, symbol may be delisted (1h 2023-07-04 -> 2023-07-05)
[2023-07-17 16:23:42,907] {python.py:173} INFO - Done. Returned value was: None
[2023-07-17 16:23:42,951] {taskinstance.py:1395} INFO - Marking task as SUCCESS. dag_id=get_stocks_dag, task_id=GOOG, execution_date=20230705T000000, start_date=20230717T192341, end_date=20230717T192342
[2023-07-17 16:23:43,001] {local_task_job.py:156} INFO - Task exited with return code 0
[2023-07-17 16:23:43,151] {local_task_job.py:273} INFO - 0 downstream tasks scheduled from follow-on schedule check
[2023-07-17 16:55:04,368] {taskinstance.py:1159} INFO - Dependencies all met for <TaskInstance: get_stocks_dag.GOOG scheduled__2023-07-05T00:00:00+00:00 [queued]>
[2023-07-17 16:55:04,380] {taskinstance.py:1159} INFO - Dependencies all met for <TaskInstance: get_stocks_dag.GOOG scheduled__2023-07-05T00:00:00+00:00 [queued]>
[2023-07-17 16:55:04,380] {taskinstance.py:1356} INFO - 
--------------------------------------------------------------------------------
[2023-07-17 16:55:04,380] {taskinstance.py:1357} INFO - Starting attempt 1 of 1
[2023-07-17 16:55:04,381] {taskinstance.py:1358} INFO - 
--------------------------------------------------------------------------------
[2023-07-17 16:55:04,417] {taskinstance.py:1377} INFO - Executing <Task(_PythonDecoratedOperator): GOOG> on 2023-07-05 00:00:00+00:00
[2023-07-17 16:55:04,430] {standard_task_runner.py:52} INFO - Started process 25029 to run task
[2023-07-17 16:55:04,455] {standard_task_runner.py:79} INFO - Running: ['airflow', 'tasks', 'run', 'get_stocks_dag', 'GOOG', 'scheduled__2023-07-05T00:00:00+00:00', '--job-id', '457', '--raw', '--subdir', 'DAGS_FOLDER/get_stocks.py', '--cfg-path', '/tmp/tmp_59prn_3', '--error-file', '/tmp/tmpcjxsug5u']
[2023-07-17 16:55:04,462] {standard_task_runner.py:80} INFO - Job 457: Subtask GOOG
[2023-07-17 16:55:04,647] {task_command.py:370} INFO - Running <TaskInstance: get_stocks_dag.GOOG scheduled__2023-07-05T00:00:00+00:00 [running]> on host lucas-Estudos
[2023-07-17 16:55:04,938] {taskinstance.py:1569} INFO - Exporting the following env vars:
AIRFLOW_CTX_DAG_OWNER=airflow
AIRFLOW_CTX_DAG_ID=get_stocks_dag
AIRFLOW_CTX_TASK_ID=GOOG
AIRFLOW_CTX_EXECUTION_DATE=2023-07-05T00:00:00+00:00
AIRFLOW_CTX_TRY_NUMBER=1
AIRFLOW_CTX_DAG_RUN_ID=scheduled__2023-07-05T00:00:00+00:00
[2023-07-17 16:55:05,591] {base.py:297} ERROR - GOOG: No price data found, symbol may be delisted (1h 2023-07-04 -> 2023-07-05)
[2023-07-17 16:55:05,594] {python.py:173} INFO - Done. Returned value was: None
[2023-07-17 16:55:05,618] {taskinstance.py:1395} INFO - Marking task as SUCCESS. dag_id=get_stocks_dag, task_id=GOOG, execution_date=20230705T000000, start_date=20230717T195504, end_date=20230717T195505
[2023-07-17 16:55:05,670] {local_task_job.py:156} INFO - Task exited with return code 0
[2023-07-17 16:55:05,724] {local_task_job.py:273} INFO - 0 downstream tasks scheduled from follow-on schedule check
[2023-07-17 21:08:28,092] {taskinstance.py:1159} INFO - Dependencies all met for <TaskInstance: get_stocks_dag.GOOG scheduled__2023-07-05T00:00:00+00:00 [queued]>
[2023-07-17 21:08:28,114] {taskinstance.py:1159} INFO - Dependencies all met for <TaskInstance: get_stocks_dag.GOOG scheduled__2023-07-05T00:00:00+00:00 [queued]>
[2023-07-17 21:08:28,114] {taskinstance.py:1356} INFO - 
--------------------------------------------------------------------------------
[2023-07-17 21:08:28,114] {taskinstance.py:1357} INFO - Starting attempt 1 of 1
[2023-07-17 21:08:28,115] {taskinstance.py:1358} INFO - 
--------------------------------------------------------------------------------
[2023-07-17 21:08:28,140] {taskinstance.py:1377} INFO - Executing <Task(_PythonDecoratedOperator): GOOG> on 2023-07-05 00:00:00+00:00
[2023-07-17 21:08:28,149] {standard_task_runner.py:52} INFO - Started process 35510 to run task
[2023-07-17 21:08:28,155] {standard_task_runner.py:79} INFO - Running: ['airflow', 'tasks', 'run', 'get_stocks_dag', 'GOOG', 'scheduled__2023-07-05T00:00:00+00:00', '--job-id', '674', '--raw', '--subdir', 'DAGS_FOLDER/get_stocks.py', '--cfg-path', '/tmp/tmpii8an8ni', '--error-file', '/tmp/tmpze89ykpm']
[2023-07-17 21:08:28,157] {standard_task_runner.py:80} INFO - Job 674: Subtask GOOG
[2023-07-17 21:08:28,338] {task_command.py:370} INFO - Running <TaskInstance: get_stocks_dag.GOOG scheduled__2023-07-05T00:00:00+00:00 [running]> on host lucas-Estudos
[2023-07-17 21:08:28,569] {taskinstance.py:1569} INFO - Exporting the following env vars:
AIRFLOW_CTX_DAG_OWNER=airflow
AIRFLOW_CTX_DAG_ID=get_stocks_dag
AIRFLOW_CTX_TASK_ID=GOOG
AIRFLOW_CTX_EXECUTION_DATE=2023-07-05T00:00:00+00:00
AIRFLOW_CTX_TRY_NUMBER=1
AIRFLOW_CTX_DAG_RUN_ID=scheduled__2023-07-05T00:00:00+00:00
[2023-07-17 21:08:32,259] {base.py:297} ERROR - GOOG: No price data found, symbol may be delisted (1h 2023-07-04 -> 2023-07-05)
[2023-07-17 21:08:32,265] {python.py:173} INFO - Done. Returned value was: None
[2023-07-17 21:08:32,317] {taskinstance.py:1395} INFO - Marking task as SUCCESS. dag_id=get_stocks_dag, task_id=GOOG, execution_date=20230705T000000, start_date=20230718T000828, end_date=20230718T000832
[2023-07-17 21:08:32,382] {local_task_job.py:156} INFO - Task exited with return code 0
[2023-07-17 21:08:32,499] {local_task_job.py:273} INFO - 0 downstream tasks scheduled from follow-on schedule check
[2023-07-17 22:18:05,849] {taskinstance.py:1159} INFO - Dependencies all met for <TaskInstance: get_stocks_dag.GOOG scheduled__2023-07-05T00:00:00+00:00 [queued]>
[2023-07-17 22:18:05,886] {taskinstance.py:1159} INFO - Dependencies all met for <TaskInstance: get_stocks_dag.GOOG scheduled__2023-07-05T00:00:00+00:00 [queued]>
[2023-07-17 22:18:05,886] {taskinstance.py:1356} INFO - 
--------------------------------------------------------------------------------
[2023-07-17 22:18:05,887] {taskinstance.py:1357} INFO - Starting attempt 1 of 1
[2023-07-17 22:18:05,887] {taskinstance.py:1358} INFO - 
--------------------------------------------------------------------------------
[2023-07-17 22:18:05,915] {taskinstance.py:1377} INFO - Executing <Task(_PythonDecoratedOperator): GOOG> on 2023-07-05 00:00:00+00:00
[2023-07-17 22:18:05,924] {standard_task_runner.py:52} INFO - Started process 94681 to run task
[2023-07-17 22:18:05,928] {standard_task_runner.py:79} INFO - Running: ['airflow', 'tasks', 'run', 'get_stocks_dag', 'GOOG', 'scheduled__2023-07-05T00:00:00+00:00', '--job-id', '1090', '--raw', '--subdir', 'DAGS_FOLDER/get_stocks.py', '--cfg-path', '/tmp/tmpaxd2ospc', '--error-file', '/tmp/tmppjz8pjfo']
[2023-07-17 22:18:05,930] {standard_task_runner.py:80} INFO - Job 1090: Subtask GOOG
[2023-07-17 22:18:06,059] {task_command.py:370} INFO - Running <TaskInstance: get_stocks_dag.GOOG scheduled__2023-07-05T00:00:00+00:00 [running]> on host lucas-Estudos
[2023-07-17 22:18:06,253] {taskinstance.py:1569} INFO - Exporting the following env vars:
AIRFLOW_CTX_DAG_OWNER=airflow
AIRFLOW_CTX_DAG_ID=get_stocks_dag
AIRFLOW_CTX_TASK_ID=GOOG
AIRFLOW_CTX_EXECUTION_DATE=2023-07-05T00:00:00+00:00
AIRFLOW_CTX_TRY_NUMBER=1
AIRFLOW_CTX_DAG_RUN_ID=scheduled__2023-07-05T00:00:00+00:00
[2023-07-17 22:18:07,907] {base.py:297} ERROR - GOOG: No price data found, symbol may be delisted (1h 2023-07-04 -> 2023-07-05)
[2023-07-17 22:18:07,913] {python.py:173} INFO - Done. Returned value was: None
[2023-07-17 22:18:07,972] {taskinstance.py:1395} INFO - Marking task as SUCCESS. dag_id=get_stocks_dag, task_id=GOOG, execution_date=20230705T000000, start_date=20230718T011805, end_date=20230718T011807
[2023-07-17 22:18:08,027] {local_task_job.py:156} INFO - Task exited with return code 0
[2023-07-17 22:18:08,153] {local_task_job.py:273} INFO - 0 downstream tasks scheduled from follow-on schedule check
[2023-07-18 11:10:37,022] {taskinstance.py:1159} INFO - Dependencies all met for <TaskInstance: get_stocks_dag.GOOG scheduled__2023-07-05T00:00:00+00:00 [queued]>
[2023-07-18 11:10:37,051] {taskinstance.py:1159} INFO - Dependencies all met for <TaskInstance: get_stocks_dag.GOOG scheduled__2023-07-05T00:00:00+00:00 [queued]>
[2023-07-18 11:10:37,051] {taskinstance.py:1356} INFO - 
--------------------------------------------------------------------------------
[2023-07-18 11:10:37,051] {taskinstance.py:1357} INFO - Starting attempt 1 of 1
[2023-07-18 11:10:37,051] {taskinstance.py:1358} INFO - 
--------------------------------------------------------------------------------
[2023-07-18 11:10:37,089] {taskinstance.py:1377} INFO - Executing <Task(_PythonDecoratedOperator): GOOG> on 2023-07-05 00:00:00+00:00
[2023-07-18 11:10:37,099] {standard_task_runner.py:52} INFO - Started process 27922 to run task
[2023-07-18 11:10:37,106] {standard_task_runner.py:79} INFO - Running: ['airflow', 'tasks', 'run', 'get_stocks_dag', 'GOOG', 'scheduled__2023-07-05T00:00:00+00:00', '--job-id', '1603', '--raw', '--subdir', 'DAGS_FOLDER/get_stocks.py', '--cfg-path', '/tmp/tmpikeyi2xm', '--error-file', '/tmp/tmpznsfchij']
[2023-07-18 11:10:37,108] {standard_task_runner.py:80} INFO - Job 1603: Subtask GOOG
[2023-07-18 11:10:37,295] {task_command.py:370} INFO - Running <TaskInstance: get_stocks_dag.GOOG scheduled__2023-07-05T00:00:00+00:00 [running]> on host lucas-Estudos
[2023-07-18 11:10:37,520] {taskinstance.py:1569} INFO - Exporting the following env vars:
AIRFLOW_CTX_DAG_OWNER=airflow
AIRFLOW_CTX_DAG_ID=get_stocks_dag
AIRFLOW_CTX_TASK_ID=GOOG
AIRFLOW_CTX_EXECUTION_DATE=2023-07-05T00:00:00+00:00
AIRFLOW_CTX_TRY_NUMBER=1
AIRFLOW_CTX_DAG_RUN_ID=scheduled__2023-07-05T00:00:00+00:00
[2023-07-18 11:10:38,101] {taskinstance.py:1889} ERROR - Task failed with exception
Traceback (most recent call last):
  File "/home/lucas/.local/lib/python3.10/site-packages/airflow/decorators/base.py", line 179, in execute
    return_value = super().execute(context)
  File "/home/lucas/.local/lib/python3.10/site-packages/airflow/operators/python.py", line 171, in execute
    return_value = self.execute_callable()
  File "/home/lucas/.local/lib/python3.10/site-packages/airflow/operators/python.py", line 189, in execute_callable
    return self.python_callable(*self.op_args, **self.op_kwargs)
  File "/home/lucas/Ãrea de Trabalho/Alura/EngenhariaDados/3-Executores do Airflow/Local and Celery/airflow_pipeline/dags/get_stocks.py", line 19, in get_history
    yfinance.Ticker(ticker).history(
  File "/home/lucas/.local/lib/python3.10/site-packages/yfinance/utils.py", line 105, in wrapper
    result = func(*args, **kwargs)
  File "/home/lucas/.local/lib/python3.10/site-packages/yfinance/base.py", line 299, in history
    logger.debug(f'{self.ticker}: yfinance received OHLC data: {quotes.index[0]} -> {quotes.index[-1]}')
  File "/home/lucas/.local/lib/python3.10/site-packages/pandas/core/indexes/base.py", line 5175, in __getitem__
    return getitem(key)
  File "/home/lucas/.local/lib/python3.10/site-packages/pandas/core/arrays/datetimelike.py", line 370, in __getitem__
    "Union[DatetimeLikeArrayT, DTScalarOrNaT]", super().__getitem__(key)
  File "/home/lucas/.local/lib/python3.10/site-packages/pandas/core/arrays/_mixins.py", line 272, in __getitem__
    result = self._ndarray[key]
IndexError: index 0 is out of bounds for axis 0 with size 0
[2023-07-18 11:10:38,115] {taskinstance.py:1395} INFO - Marking task as FAILED. dag_id=get_stocks_dag, task_id=GOOG, execution_date=20230705T000000, start_date=20230718T141037, end_date=20230718T141038
[2023-07-18 11:10:38,123] {standard_task_runner.py:92} ERROR - Failed to execute job 1603 for task GOOG (index 0 is out of bounds for axis 0 with size 0; 27922)
[2023-07-18 11:10:38,162] {local_task_job.py:156} INFO - Task exited with return code 1
[2023-07-18 11:10:38,290] {local_task_job.py:273} INFO - 0 downstream tasks scheduled from follow-on schedule check
