[2023-07-17 22:14:32,475] {taskinstance.py:1159} INFO - Dependencies all met for <TaskInstance: get_crypto_dag.BTC scheduled__2023-06-12T00:00:00+00:00 [queued]>
[2023-07-17 22:14:32,492] {taskinstance.py:1159} INFO - Dependencies all met for <TaskInstance: get_crypto_dag.BTC scheduled__2023-06-12T00:00:00+00:00 [queued]>
[2023-07-17 22:14:32,492] {taskinstance.py:1356} INFO - 
--------------------------------------------------------------------------------
[2023-07-17 22:14:32,492] {taskinstance.py:1357} INFO - Starting attempt 1 of 1
[2023-07-17 22:14:32,493] {taskinstance.py:1358} INFO - 
--------------------------------------------------------------------------------
[2023-07-17 22:14:32,522] {taskinstance.py:1377} INFO - Executing <Task(_PythonDecoratedOperator): BTC> on 2023-06-12 00:00:00+00:00
[2023-07-17 22:14:32,528] {standard_task_runner.py:52} INFO - Started process 87493 to run task
[2023-07-17 22:14:32,532] {standard_task_runner.py:79} INFO - Running: ['airflow', 'tasks', 'run', 'get_crypto_dag', 'BTC', 'scheduled__2023-06-12T00:00:00+00:00', '--job-id', '1039', '--raw', '--subdir', 'DAGS_FOLDER/get_crypto.py', '--cfg-path', '/tmp/tmp5l6runhc', '--error-file', '/tmp/tmp9lpdse7z']
[2023-07-17 22:14:32,533] {standard_task_runner.py:80} INFO - Job 1039: Subtask BTC
[2023-07-17 22:14:32,676] {task_command.py:370} INFO - Running <TaskInstance: get_crypto_dag.BTC scheduled__2023-06-12T00:00:00+00:00 [running]> on host lucas-Estudos
[2023-07-17 22:14:32,899] {taskinstance.py:1569} INFO - Exporting the following env vars:
AIRFLOW_CTX_DAG_OWNER=airflow
AIRFLOW_CTX_DAG_ID=get_crypto_dag
AIRFLOW_CTX_TASK_ID=BTC
AIRFLOW_CTX_EXECUTION_DATE=2023-06-12T00:00:00+00:00
AIRFLOW_CTX_TRY_NUMBER=1
AIRFLOW_CTX_DAG_RUN_ID=scheduled__2023-06-12T00:00:00+00:00
[2023-07-17 22:14:36,552] {base.py:297} ERROR - BTC: No price data found, symbol may be delisted (1h 2023-06-11 -> 2023-06-12)
[2023-07-17 22:14:36,560] {python.py:173} INFO - Done. Returned value was: None
[2023-07-17 22:14:36,687] {taskinstance.py:1395} INFO - Marking task as SUCCESS. dag_id=get_crypto_dag, task_id=BTC, execution_date=20230612T000000, start_date=20230718T011432, end_date=20230718T011436
[2023-07-17 22:14:36,719] {local_task_job.py:156} INFO - Task exited with return code 0
[2023-07-17 22:14:36,773] {local_task_job.py:273} INFO - 0 downstream tasks scheduled from follow-on schedule check
[2023-07-18 10:52:37,065] {taskinstance.py:1159} INFO - Dependencies all met for <TaskInstance: get_crypto_dag.BTC scheduled__2023-06-12T00:00:00+00:00 [queued]>
[2023-07-18 10:52:37,086] {taskinstance.py:1159} INFO - Dependencies all met for <TaskInstance: get_crypto_dag.BTC scheduled__2023-06-12T00:00:00+00:00 [queued]>
[2023-07-18 10:52:37,087] {taskinstance.py:1356} INFO - 
--------------------------------------------------------------------------------
[2023-07-18 10:52:37,087] {taskinstance.py:1357} INFO - Starting attempt 1 of 1
[2023-07-18 10:52:37,087] {taskinstance.py:1358} INFO - 
--------------------------------------------------------------------------------
[2023-07-18 10:52:37,113] {taskinstance.py:1377} INFO - Executing <Task(_PythonDecoratedOperator): BTC> on 2023-06-12 00:00:00+00:00
[2023-07-18 10:52:37,123] {standard_task_runner.py:52} INFO - Started process 20789 to run task
[2023-07-18 10:52:37,129] {standard_task_runner.py:79} INFO - Running: ['airflow', 'tasks', 'run', 'get_crypto_dag', 'BTC', 'scheduled__2023-06-12T00:00:00+00:00', '--job-id', '1441', '--raw', '--subdir', 'DAGS_FOLDER/get_crypto.py', '--cfg-path', '/tmp/tmp90dxhlxx', '--error-file', '/tmp/tmp9an4d_wh']
[2023-07-18 10:52:37,132] {standard_task_runner.py:80} INFO - Job 1441: Subtask BTC
[2023-07-18 10:52:37,313] {task_command.py:370} INFO - Running <TaskInstance: get_crypto_dag.BTC scheduled__2023-06-12T00:00:00+00:00 [running]> on host lucas-Estudos
[2023-07-18 10:52:37,536] {taskinstance.py:1569} INFO - Exporting the following env vars:
AIRFLOW_CTX_DAG_OWNER=airflow
AIRFLOW_CTX_DAG_ID=get_crypto_dag
AIRFLOW_CTX_TASK_ID=BTC
AIRFLOW_CTX_EXECUTION_DATE=2023-06-12T00:00:00+00:00
AIRFLOW_CTX_TRY_NUMBER=1
AIRFLOW_CTX_DAG_RUN_ID=scheduled__2023-06-12T00:00:00+00:00
[2023-07-18 10:52:41,249] {base.py:297} ERROR - BTC: No price data found, symbol may be delisted (1h 2023-06-11 -> 2023-06-12)
[2023-07-18 10:52:41,255] {python.py:173} INFO - Done. Returned value was: None
[2023-07-18 10:52:41,305] {taskinstance.py:1395} INFO - Marking task as SUCCESS. dag_id=get_crypto_dag, task_id=BTC, execution_date=20230612T000000, start_date=20230718T135237, end_date=20230718T135241
[2023-07-18 10:52:41,359] {local_task_job.py:156} INFO - Task exited with return code 0
[2023-07-18 10:52:41,469] {local_task_job.py:273} INFO - 0 downstream tasks scheduled from follow-on schedule check
