[2023-07-17 22:04:34,199] {taskinstance.py:1159} INFO - Dependencies all met for <TaskInstance: get_crypto_dag.BTC scheduled__2023-05-24T00:00:00+00:00 [queued]>
[2023-07-17 22:04:34,217] {taskinstance.py:1159} INFO - Dependencies all met for <TaskInstance: get_crypto_dag.BTC scheduled__2023-05-24T00:00:00+00:00 [queued]>
[2023-07-17 22:04:34,217] {taskinstance.py:1356} INFO - 
--------------------------------------------------------------------------------
[2023-07-17 22:04:34,218] {taskinstance.py:1357} INFO - Starting attempt 1 of 1
[2023-07-17 22:04:34,218] {taskinstance.py:1358} INFO - 
--------------------------------------------------------------------------------
[2023-07-17 22:04:34,237] {taskinstance.py:1377} INFO - Executing <Task(_PythonDecoratedOperator): BTC> on 2023-05-24 00:00:00+00:00
[2023-07-17 22:04:34,244] {standard_task_runner.py:52} INFO - Started process 67277 to run task
[2023-07-17 22:04:34,249] {standard_task_runner.py:79} INFO - Running: ['airflow', 'tasks', 'run', 'get_crypto_dag', 'BTC', 'scheduled__2023-05-24T00:00:00+00:00', '--job-id', '890', '--raw', '--subdir', 'DAGS_FOLDER/get_crypto.py', '--cfg-path', '/tmp/tmppsfjvls0', '--error-file', '/tmp/tmpmxgst_1g']
[2023-07-17 22:04:34,250] {standard_task_runner.py:80} INFO - Job 890: Subtask BTC
[2023-07-17 22:04:34,368] {task_command.py:370} INFO - Running <TaskInstance: get_crypto_dag.BTC scheduled__2023-05-24T00:00:00+00:00 [running]> on host lucas-Estudos
[2023-07-17 22:04:34,543] {taskinstance.py:1569} INFO - Exporting the following env vars:
AIRFLOW_CTX_DAG_OWNER=airflow
AIRFLOW_CTX_DAG_ID=get_crypto_dag
AIRFLOW_CTX_TASK_ID=BTC
AIRFLOW_CTX_EXECUTION_DATE=2023-05-24T00:00:00+00:00
AIRFLOW_CTX_TRY_NUMBER=1
AIRFLOW_CTX_DAG_RUN_ID=scheduled__2023-05-24T00:00:00+00:00
[2023-07-17 22:04:37,162] {base.py:297} ERROR - BTC: No price data found, symbol may be delisted (1h 2023-05-23 -> 2023-05-24)
[2023-07-17 22:04:37,168] {python.py:173} INFO - Done. Returned value was: None
[2023-07-17 22:04:37,228] {taskinstance.py:1395} INFO - Marking task as SUCCESS. dag_id=get_crypto_dag, task_id=BTC, execution_date=20230524T000000, start_date=20230718T010434, end_date=20230718T010437
[2023-07-17 22:04:37,313] {local_task_job.py:156} INFO - Task exited with return code 0
[2023-07-17 22:04:37,390] {local_task_job.py:273} INFO - 0 downstream tasks scheduled from follow-on schedule check
[2023-07-18 10:38:27,499] {taskinstance.py:1159} INFO - Dependencies all met for <TaskInstance: get_crypto_dag.BTC scheduled__2023-05-24T00:00:00+00:00 [queued]>
[2023-07-18 10:38:27,518] {taskinstance.py:1159} INFO - Dependencies all met for <TaskInstance: get_crypto_dag.BTC scheduled__2023-05-24T00:00:00+00:00 [queued]>
[2023-07-18 10:38:27,518] {taskinstance.py:1356} INFO - 
--------------------------------------------------------------------------------
[2023-07-18 10:38:27,519] {taskinstance.py:1357} INFO - Starting attempt 1 of 1
[2023-07-18 10:38:27,519] {taskinstance.py:1358} INFO - 
--------------------------------------------------------------------------------
[2023-07-18 10:38:27,549] {taskinstance.py:1377} INFO - Executing <Task(_PythonDecoratedOperator): BTC> on 2023-05-24 00:00:00+00:00
[2023-07-18 10:38:27,560] {standard_task_runner.py:52} INFO - Started process 14898 to run task
[2023-07-18 10:38:27,569] {standard_task_runner.py:79} INFO - Running: ['airflow', 'tasks', 'run', 'get_crypto_dag', 'BTC', 'scheduled__2023-05-24T00:00:00+00:00', '--job-id', '1312', '--raw', '--subdir', 'DAGS_FOLDER/get_crypto.py', '--cfg-path', '/tmp/tmppalt_jf8', '--error-file', '/tmp/tmpuqeeffjz']
[2023-07-18 10:38:27,571] {standard_task_runner.py:80} INFO - Job 1312: Subtask BTC
[2023-07-18 10:38:27,771] {task_command.py:370} INFO - Running <TaskInstance: get_crypto_dag.BTC scheduled__2023-05-24T00:00:00+00:00 [running]> on host lucas-Estudos
[2023-07-18 10:38:28,002] {taskinstance.py:1569} INFO - Exporting the following env vars:
AIRFLOW_CTX_DAG_OWNER=airflow
AIRFLOW_CTX_DAG_ID=get_crypto_dag
AIRFLOW_CTX_TASK_ID=BTC
AIRFLOW_CTX_EXECUTION_DATE=2023-05-24T00:00:00+00:00
AIRFLOW_CTX_TRY_NUMBER=1
AIRFLOW_CTX_DAG_RUN_ID=scheduled__2023-05-24T00:00:00+00:00
[2023-07-18 10:38:28,566] {base.py:297} ERROR - BTC: No price data found, symbol may be delisted (1h 2023-05-23 -> 2023-05-24)
[2023-07-18 10:38:28,568] {python.py:173} INFO - Done. Returned value was: None
[2023-07-18 10:38:28,599] {taskinstance.py:1395} INFO - Marking task as SUCCESS. dag_id=get_crypto_dag, task_id=BTC, execution_date=20230524T000000, start_date=20230718T133827, end_date=20230718T133828
[2023-07-18 10:38:28,664] {local_task_job.py:156} INFO - Task exited with return code 0
[2023-07-18 10:38:28,761] {local_task_job.py:273} INFO - 0 downstream tasks scheduled from follow-on schedule check
