[2023-07-17 21:53:52,032] {taskinstance.py:1159} INFO - Dependencies all met for <TaskInstance: get_crypto_dag.AVAX scheduled__2023-05-04T00:00:00+00:00 [queued]>
[2023-07-17 21:53:52,065] {taskinstance.py:1159} INFO - Dependencies all met for <TaskInstance: get_crypto_dag.AVAX scheduled__2023-05-04T00:00:00+00:00 [queued]>
[2023-07-17 21:53:52,065] {taskinstance.py:1356} INFO - 
--------------------------------------------------------------------------------
[2023-07-17 21:53:52,065] {taskinstance.py:1357} INFO - Starting attempt 1 of 1
[2023-07-17 21:53:52,066] {taskinstance.py:1358} INFO - 
--------------------------------------------------------------------------------
[2023-07-17 21:53:52,100] {taskinstance.py:1377} INFO - Executing <Task(_PythonDecoratedOperator): AVAX> on 2023-05-04 00:00:00+00:00
[2023-07-17 21:53:52,109] {standard_task_runner.py:52} INFO - Started process 45531 to run task
[2023-07-17 21:53:52,118] {standard_task_runner.py:79} INFO - Running: ['airflow', 'tasks', 'run', 'get_crypto_dag', 'AVAX', 'scheduled__2023-05-04T00:00:00+00:00', '--job-id', '733', '--raw', '--subdir', 'DAGS_FOLDER/get_crypto.py', '--cfg-path', '/tmp/tmpn9kaj66_', '--error-file', '/tmp/tmp3fhfqn53']
[2023-07-17 21:53:52,120] {standard_task_runner.py:80} INFO - Job 733: Subtask AVAX
[2023-07-17 21:53:52,225] {task_command.py:370} INFO - Running <TaskInstance: get_crypto_dag.AVAX scheduled__2023-05-04T00:00:00+00:00 [running]> on host lucas-Estudos
[2023-07-17 21:53:52,316] {taskinstance.py:1569} INFO - Exporting the following env vars:
AIRFLOW_CTX_DAG_OWNER=airflow
AIRFLOW_CTX_DAG_ID=get_crypto_dag
AIRFLOW_CTX_TASK_ID=AVAX
AIRFLOW_CTX_EXECUTION_DATE=2023-05-04T00:00:00+00:00
AIRFLOW_CTX_TRY_NUMBER=1
AIRFLOW_CTX_DAG_RUN_ID=scheduled__2023-05-04T00:00:00+00:00
[2023-07-17 21:53:55,845] {base.py:162} ERROR - AVAX: No timezone found, symbol may be delisted
[2023-07-17 21:53:55,852] {python.py:173} INFO - Done. Returned value was: None
[2023-07-17 21:53:55,910] {taskinstance.py:1395} INFO - Marking task as SUCCESS. dag_id=get_crypto_dag, task_id=AVAX, execution_date=20230504T000000, start_date=20230718T005352, end_date=20230718T005355
[2023-07-17 21:53:55,960] {local_task_job.py:156} INFO - Task exited with return code 0
[2023-07-17 21:53:56,075] {local_task_job.py:273} INFO - 0 downstream tasks scheduled from follow-on schedule check
[2023-07-18 10:23:48,338] {taskinstance.py:1159} INFO - Dependencies all met for <TaskInstance: get_crypto_dag.AVAX scheduled__2023-05-04T00:00:00+00:00 [queued]>
[2023-07-18 10:23:48,361] {taskinstance.py:1159} INFO - Dependencies all met for <TaskInstance: get_crypto_dag.AVAX scheduled__2023-05-04T00:00:00+00:00 [queued]>
[2023-07-18 10:23:48,361] {taskinstance.py:1356} INFO - 
--------------------------------------------------------------------------------
[2023-07-18 10:23:48,361] {taskinstance.py:1357} INFO - Starting attempt 1 of 1
[2023-07-18 10:23:48,361] {taskinstance.py:1358} INFO - 
--------------------------------------------------------------------------------
[2023-07-18 10:23:48,390] {taskinstance.py:1377} INFO - Executing <Task(_PythonDecoratedOperator): AVAX> on 2023-05-04 00:00:00+00:00
[2023-07-18 10:23:48,399] {standard_task_runner.py:52} INFO - Started process 10591 to run task
[2023-07-18 10:23:48,406] {standard_task_runner.py:79} INFO - Running: ['airflow', 'tasks', 'run', 'get_crypto_dag', 'AVAX', 'scheduled__2023-05-04T00:00:00+00:00', '--job-id', '1175', '--raw', '--subdir', 'DAGS_FOLDER/get_crypto.py', '--cfg-path', '/tmp/tmp8kz8v14f', '--error-file', '/tmp/tmp4r19qw7w']
[2023-07-18 10:23:48,408] {standard_task_runner.py:80} INFO - Job 1175: Subtask AVAX
[2023-07-18 10:23:48,595] {task_command.py:370} INFO - Running <TaskInstance: get_crypto_dag.AVAX scheduled__2023-05-04T00:00:00+00:00 [running]> on host lucas-Estudos
[2023-07-18 10:23:48,822] {taskinstance.py:1569} INFO - Exporting the following env vars:
AIRFLOW_CTX_DAG_OWNER=airflow
AIRFLOW_CTX_DAG_ID=get_crypto_dag
AIRFLOW_CTX_TASK_ID=AVAX
AIRFLOW_CTX_EXECUTION_DATE=2023-05-04T00:00:00+00:00
AIRFLOW_CTX_TRY_NUMBER=1
AIRFLOW_CTX_DAG_RUN_ID=scheduled__2023-05-04T00:00:00+00:00
[2023-07-18 10:23:49,414] {base.py:162} ERROR - AVAX: No timezone found, symbol may be delisted
[2023-07-18 10:23:49,421] {python.py:173} INFO - Done. Returned value was: None
[2023-07-18 10:23:49,469] {taskinstance.py:1395} INFO - Marking task as SUCCESS. dag_id=get_crypto_dag, task_id=AVAX, execution_date=20230504T000000, start_date=20230718T132348, end_date=20230718T132349
[2023-07-18 10:23:49,542] {local_task_job.py:156} INFO - Task exited with return code 0
[2023-07-18 10:23:49,651] {local_task_job.py:273} INFO - 0 downstream tasks scheduled from follow-on schedule check
