[2023-07-17 16:22:46,135] {taskinstance.py:1159} INFO - Dependencies all met for <TaskInstance: get_stocks_dag.AAPL scheduled__2023-05-05T00:00:00+00:00 [queued]>
[2023-07-17 16:22:46,156] {taskinstance.py:1159} INFO - Dependencies all met for <TaskInstance: get_stocks_dag.AAPL scheduled__2023-05-05T00:00:00+00:00 [queued]>
[2023-07-17 16:22:46,163] {taskinstance.py:1356} INFO - 
--------------------------------------------------------------------------------
[2023-07-17 16:22:46,163] {taskinstance.py:1357} INFO - Starting attempt 1 of 1
[2023-07-17 16:22:46,163] {taskinstance.py:1358} INFO - 
--------------------------------------------------------------------------------
[2023-07-17 16:22:46,191] {taskinstance.py:1377} INFO - Executing <Task(_PythonDecoratedOperator): AAPL> on 2023-05-05 00:00:00+00:00
[2023-07-17 16:22:46,217] {standard_task_runner.py:52} INFO - Started process 6917 to run task
[2023-07-17 16:22:46,248] {standard_task_runner.py:79} INFO - Running: ['airflow', 'tasks', 'run', 'get_stocks_dag', 'AAPL', 'scheduled__2023-05-05T00:00:00+00:00', '--job-id', '63', '--raw', '--subdir', 'DAGS_FOLDER/get_stocks.py', '--cfg-path', '/tmp/tmpvc3sl8ju', '--error-file', '/tmp/tmpxk8p42tk']
[2023-07-17 16:22:46,249] {standard_task_runner.py:80} INFO - Job 63: Subtask AAPL
[2023-07-17 16:22:46,598] {task_command.py:370} INFO - Running <TaskInstance: get_stocks_dag.AAPL scheduled__2023-05-05T00:00:00+00:00 [running]> on host lucas-Estudos
[2023-07-17 16:22:46,846] {taskinstance.py:1569} INFO - Exporting the following env vars:
AIRFLOW_CTX_DAG_OWNER=airflow
AIRFLOW_CTX_DAG_ID=get_stocks_dag
AIRFLOW_CTX_TASK_ID=AAPL
AIRFLOW_CTX_EXECUTION_DATE=2023-05-05T00:00:00+00:00
AIRFLOW_CTX_TRY_NUMBER=1
AIRFLOW_CTX_DAG_RUN_ID=scheduled__2023-05-05T00:00:00+00:00
[2023-07-17 16:22:47,703] {python.py:173} INFO - Done. Returned value was: None
[2023-07-17 16:22:47,822] {taskinstance.py:1395} INFO - Marking task as SUCCESS. dag_id=get_stocks_dag, task_id=AAPL, execution_date=20230505T000000, start_date=20230717T192246, end_date=20230717T192247
[2023-07-17 16:22:47,877] {local_task_job.py:156} INFO - Task exited with return code 0
[2023-07-17 16:22:47,951] {local_task_job.py:273} INFO - 0 downstream tasks scheduled from follow-on schedule check
[2023-07-17 16:54:05,521] {taskinstance.py:1159} INFO - Dependencies all met for <TaskInstance: get_stocks_dag.AAPL scheduled__2023-05-05T00:00:00+00:00 [queued]>
[2023-07-17 16:54:05,552] {taskinstance.py:1159} INFO - Dependencies all met for <TaskInstance: get_stocks_dag.AAPL scheduled__2023-05-05T00:00:00+00:00 [queued]>
[2023-07-17 16:54:05,552] {taskinstance.py:1356} INFO - 
--------------------------------------------------------------------------------
[2023-07-17 16:54:05,552] {taskinstance.py:1357} INFO - Starting attempt 1 of 1
[2023-07-17 16:54:05,552] {taskinstance.py:1358} INFO - 
--------------------------------------------------------------------------------
[2023-07-17 16:54:05,606] {taskinstance.py:1377} INFO - Executing <Task(_PythonDecoratedOperator): AAPL> on 2023-05-05 00:00:00+00:00
[2023-07-17 16:54:05,621] {standard_task_runner.py:52} INFO - Started process 19780 to run task
[2023-07-17 16:54:05,639] {standard_task_runner.py:79} INFO - Running: ['airflow', 'tasks', 'run', 'get_stocks_dag', 'AAPL', 'scheduled__2023-05-05T00:00:00+00:00', '--job-id', '279', '--raw', '--subdir', 'DAGS_FOLDER/get_stocks.py', '--cfg-path', '/tmp/tmpd4lvuxab', '--error-file', '/tmp/tmpyd94tmla']
[2023-07-17 16:54:05,641] {standard_task_runner.py:80} INFO - Job 279: Subtask AAPL
[2023-07-17 16:54:05,868] {task_command.py:370} INFO - Running <TaskInstance: get_stocks_dag.AAPL scheduled__2023-05-05T00:00:00+00:00 [running]> on host lucas-Estudos
[2023-07-17 16:54:06,042] {taskinstance.py:1569} INFO - Exporting the following env vars:
AIRFLOW_CTX_DAG_OWNER=airflow
AIRFLOW_CTX_DAG_ID=get_stocks_dag
AIRFLOW_CTX_TASK_ID=AAPL
AIRFLOW_CTX_EXECUTION_DATE=2023-05-05T00:00:00+00:00
AIRFLOW_CTX_TRY_NUMBER=1
AIRFLOW_CTX_DAG_RUN_ID=scheduled__2023-05-05T00:00:00+00:00
[2023-07-17 16:54:06,786] {python.py:173} INFO - Done. Returned value was: None
[2023-07-17 16:54:06,916] {taskinstance.py:1395} INFO - Marking task as SUCCESS. dag_id=get_stocks_dag, task_id=AAPL, execution_date=20230505T000000, start_date=20230717T195405, end_date=20230717T195406
[2023-07-17 16:54:07,048] {local_task_job.py:156} INFO - Task exited with return code 0
[2023-07-17 16:54:07,161] {local_task_job.py:273} INFO - 0 downstream tasks scheduled from follow-on schedule check
[2023-07-17 20:56:36,548] {taskinstance.py:1159} INFO - Dependencies all met for <TaskInstance: get_stocks_dag.AAPL scheduled__2023-05-05T00:00:00+00:00 [queued]>
[2023-07-17 20:56:36,573] {taskinstance.py:1159} INFO - Dependencies all met for <TaskInstance: get_stocks_dag.AAPL scheduled__2023-05-05T00:00:00+00:00 [queued]>
[2023-07-17 20:56:36,573] {taskinstance.py:1356} INFO - 
--------------------------------------------------------------------------------
[2023-07-17 20:56:36,574] {taskinstance.py:1357} INFO - Starting attempt 1 of 1
[2023-07-17 20:56:36,574] {taskinstance.py:1358} INFO - 
--------------------------------------------------------------------------------
[2023-07-17 20:56:36,603] {taskinstance.py:1377} INFO - Executing <Task(_PythonDecoratedOperator): AAPL> on 2023-05-05 00:00:00+00:00
[2023-07-17 20:56:36,612] {standard_task_runner.py:52} INFO - Started process 14387 to run task
[2023-07-17 20:56:36,621] {standard_task_runner.py:79} INFO - Running: ['airflow', 'tasks', 'run', 'get_stocks_dag', 'AAPL', 'scheduled__2023-05-05T00:00:00+00:00', '--job-id', '500', '--raw', '--subdir', 'DAGS_FOLDER/get_stocks.py', '--cfg-path', '/tmp/tmp228picvw', '--error-file', '/tmp/tmp2nlr_87w']
[2023-07-17 20:56:36,624] {standard_task_runner.py:80} INFO - Job 500: Subtask AAPL
[2023-07-17 20:56:36,817] {task_command.py:370} INFO - Running <TaskInstance: get_stocks_dag.AAPL scheduled__2023-05-05T00:00:00+00:00 [running]> on host lucas-Estudos
[2023-07-17 20:56:37,044] {taskinstance.py:1569} INFO - Exporting the following env vars:
AIRFLOW_CTX_DAG_OWNER=airflow
AIRFLOW_CTX_DAG_ID=get_stocks_dag
AIRFLOW_CTX_TASK_ID=AAPL
AIRFLOW_CTX_EXECUTION_DATE=2023-05-05T00:00:00+00:00
AIRFLOW_CTX_TRY_NUMBER=1
AIRFLOW_CTX_DAG_RUN_ID=scheduled__2023-05-05T00:00:00+00:00
[2023-07-17 20:56:41,851] {python.py:173} INFO - Done. Returned value was: None
[2023-07-17 20:56:41,909] {taskinstance.py:1395} INFO - Marking task as SUCCESS. dag_id=get_stocks_dag, task_id=AAPL, execution_date=20230505T000000, start_date=20230717T235636, end_date=20230717T235641
[2023-07-17 20:56:41,963] {local_task_job.py:156} INFO - Task exited with return code 0
[2023-07-17 20:56:42,093] {local_task_job.py:273} INFO - 0 downstream tasks scheduled from follow-on schedule check
[2023-07-17 21:54:03,777] {taskinstance.py:1159} INFO - Dependencies all met for <TaskInstance: get_stocks_dag.AAPL scheduled__2023-05-05T00:00:00+00:00 [queued]>
[2023-07-17 21:54:03,815] {taskinstance.py:1159} INFO - Dependencies all met for <TaskInstance: get_stocks_dag.AAPL scheduled__2023-05-05T00:00:00+00:00 [queued]>
[2023-07-17 21:54:03,815] {taskinstance.py:1356} INFO - 
--------------------------------------------------------------------------------
[2023-07-17 21:54:03,816] {taskinstance.py:1357} INFO - Starting attempt 1 of 1
[2023-07-17 21:54:03,816] {taskinstance.py:1358} INFO - 
--------------------------------------------------------------------------------
[2023-07-17 21:54:03,845] {taskinstance.py:1377} INFO - Executing <Task(_PythonDecoratedOperator): AAPL> on 2023-05-05 00:00:00+00:00
[2023-07-17 21:54:03,853] {standard_task_runner.py:52} INFO - Started process 45952 to run task
[2023-07-17 21:54:03,862] {standard_task_runner.py:79} INFO - Running: ['airflow', 'tasks', 'run', 'get_stocks_dag', 'AAPL', 'scheduled__2023-05-05T00:00:00+00:00', '--job-id', '736', '--raw', '--subdir', 'DAGS_FOLDER/get_stocks.py', '--cfg-path', '/tmp/tmpykltc_y5', '--error-file', '/tmp/tmpow3x4dq6']
[2023-07-17 21:54:03,863] {standard_task_runner.py:80} INFO - Job 736: Subtask AAPL
[2023-07-17 21:54:03,963] {task_command.py:370} INFO - Running <TaskInstance: get_stocks_dag.AAPL scheduled__2023-05-05T00:00:00+00:00 [running]> on host lucas-Estudos
[2023-07-17 21:54:04,063] {taskinstance.py:1569} INFO - Exporting the following env vars:
AIRFLOW_CTX_DAG_OWNER=airflow
AIRFLOW_CTX_DAG_ID=get_stocks_dag
AIRFLOW_CTX_TASK_ID=AAPL
AIRFLOW_CTX_EXECUTION_DATE=2023-05-05T00:00:00+00:00
AIRFLOW_CTX_TRY_NUMBER=1
AIRFLOW_CTX_DAG_RUN_ID=scheduled__2023-05-05T00:00:00+00:00
[2023-07-17 21:54:07,665] {python.py:173} INFO - Done. Returned value was: None
[2023-07-17 21:54:07,724] {taskinstance.py:1395} INFO - Marking task as SUCCESS. dag_id=get_stocks_dag, task_id=AAPL, execution_date=20230505T000000, start_date=20230718T005403, end_date=20230718T005407
[2023-07-17 21:54:07,776] {local_task_job.py:156} INFO - Task exited with return code 0
[2023-07-17 21:54:07,897] {local_task_job.py:273} INFO - 0 downstream tasks scheduled from follow-on schedule check
[2023-07-18 10:24:57,565] {taskinstance.py:1159} INFO - Dependencies all met for <TaskInstance: get_stocks_dag.AAPL scheduled__2023-05-05T00:00:00+00:00 [queued]>
[2023-07-18 10:24:57,575] {taskinstance.py:1159} INFO - Dependencies all met for <TaskInstance: get_stocks_dag.AAPL scheduled__2023-05-05T00:00:00+00:00 [queued]>
[2023-07-18 10:24:57,575] {taskinstance.py:1356} INFO - 
--------------------------------------------------------------------------------
[2023-07-18 10:24:57,575] {taskinstance.py:1357} INFO - Starting attempt 1 of 1
[2023-07-18 10:24:57,575] {taskinstance.py:1358} INFO - 
--------------------------------------------------------------------------------
[2023-07-18 10:24:57,587] {taskinstance.py:1377} INFO - Executing <Task(_PythonDecoratedOperator): AAPL> on 2023-05-05 00:00:00+00:00
[2023-07-18 10:24:57,591] {standard_task_runner.py:52} INFO - Started process 10949 to run task
[2023-07-18 10:24:57,594] {standard_task_runner.py:79} INFO - Running: ['airflow', 'tasks', 'run', 'get_stocks_dag', 'AAPL', 'scheduled__2023-05-05T00:00:00+00:00', '--job-id', '1186', '--raw', '--subdir', 'DAGS_FOLDER/get_stocks.py', '--cfg-path', '/tmp/tmp0n81lhcm', '--error-file', '/tmp/tmp9ee3n3j0']
[2023-07-18 10:24:57,595] {standard_task_runner.py:80} INFO - Job 1186: Subtask AAPL
[2023-07-18 10:24:57,731] {task_command.py:370} INFO - Running <TaskInstance: get_stocks_dag.AAPL scheduled__2023-05-05T00:00:00+00:00 [running]> on host lucas-Estudos
[2023-07-18 10:24:57,960] {taskinstance.py:1569} INFO - Exporting the following env vars:
AIRFLOW_CTX_DAG_OWNER=airflow
AIRFLOW_CTX_DAG_ID=get_stocks_dag
AIRFLOW_CTX_TASK_ID=AAPL
AIRFLOW_CTX_EXECUTION_DATE=2023-05-05T00:00:00+00:00
AIRFLOW_CTX_TRY_NUMBER=1
AIRFLOW_CTX_DAG_RUN_ID=scheduled__2023-05-05T00:00:00+00:00
[2023-07-18 10:24:58,599] {python.py:173} INFO - Done. Returned value was: None
[2023-07-18 10:24:58,650] {taskinstance.py:1395} INFO - Marking task as SUCCESS. dag_id=get_stocks_dag, task_id=AAPL, execution_date=20230505T000000, start_date=20230718T132457, end_date=20230718T132458
[2023-07-18 10:24:58,730] {local_task_job.py:156} INFO - Task exited with return code 0
[2023-07-18 10:24:58,841] {local_task_job.py:273} INFO - 0 downstream tasks scheduled from follow-on schedule check
