[2023-07-18 11:08:19,661] {taskinstance.py:1159} INFO - Dependencies all met for <TaskInstance: get_crypto_dag.AVAX scheduled__2023-07-02T00:00:00+00:00 [queued]>
[2023-07-18 11:08:19,681] {taskinstance.py:1159} INFO - Dependencies all met for <TaskInstance: get_crypto_dag.AVAX scheduled__2023-07-02T00:00:00+00:00 [queued]>
[2023-07-18 11:08:19,682] {taskinstance.py:1356} INFO - 
--------------------------------------------------------------------------------
[2023-07-18 11:08:19,682] {taskinstance.py:1357} INFO - Starting attempt 1 of 1
[2023-07-18 11:08:19,682] {taskinstance.py:1358} INFO - 
--------------------------------------------------------------------------------
[2023-07-18 11:08:19,713] {taskinstance.py:1377} INFO - Executing <Task(_PythonDecoratedOperator): AVAX> on 2023-07-02 00:00:00+00:00
[2023-07-18 11:08:19,725] {standard_task_runner.py:52} INFO - Started process 27243 to run task
[2023-07-18 11:08:19,733] {standard_task_runner.py:79} INFO - Running: ['airflow', 'tasks', 'run', 'get_crypto_dag', 'AVAX', 'scheduled__2023-07-02T00:00:00+00:00', '--job-id', '1581', '--raw', '--subdir', 'DAGS_FOLDER/get_crypto.py', '--cfg-path', '/tmp/tmpa36fqjjh', '--error-file', '/tmp/tmpdafj2s23']
[2023-07-18 11:08:19,735] {standard_task_runner.py:80} INFO - Job 1581: Subtask AVAX
[2023-07-18 11:08:19,922] {task_command.py:370} INFO - Running <TaskInstance: get_crypto_dag.AVAX scheduled__2023-07-02T00:00:00+00:00 [running]> on host lucas-Estudos
[2023-07-18 11:08:20,143] {taskinstance.py:1569} INFO - Exporting the following env vars:
AIRFLOW_CTX_DAG_OWNER=airflow
AIRFLOW_CTX_DAG_ID=get_crypto_dag
AIRFLOW_CTX_TASK_ID=AVAX
AIRFLOW_CTX_EXECUTION_DATE=2023-07-02T00:00:00+00:00
AIRFLOW_CTX_TRY_NUMBER=1
AIRFLOW_CTX_DAG_RUN_ID=scheduled__2023-07-02T00:00:00+00:00
[2023-07-18 11:08:20,783] {base.py:162} ERROR - AVAX: No timezone found, symbol may be delisted
[2023-07-18 11:08:20,792] {python.py:173} INFO - Done. Returned value was: None
[2023-07-18 11:08:20,842] {taskinstance.py:1395} INFO - Marking task as SUCCESS. dag_id=get_crypto_dag, task_id=AVAX, execution_date=20230702T000000, start_date=20230718T140819, end_date=20230718T140820
[2023-07-18 11:08:20,908] {local_task_job.py:156} INFO - Task exited with return code 0
[2023-07-18 11:08:21,031] {local_task_job.py:273} INFO - 0 downstream tasks scheduled from follow-on schedule check
