[2023-07-17 16:23:41,097] {taskinstance.py:1159} INFO - Dependencies all met for <TaskInstance: get_stocks_dag.MSFT scheduled__2023-06-30T00:00:00+00:00 [queued]>
[2023-07-17 16:23:41,196] {taskinstance.py:1159} INFO - Dependencies all met for <TaskInstance: get_stocks_dag.MSFT scheduled__2023-06-30T00:00:00+00:00 [queued]>
[2023-07-17 16:23:41,196] {taskinstance.py:1356} INFO - 
--------------------------------------------------------------------------------
[2023-07-17 16:23:41,196] {taskinstance.py:1357} INFO - Starting attempt 1 of 1
[2023-07-17 16:23:41,196] {taskinstance.py:1358} INFO - 
--------------------------------------------------------------------------------
[2023-07-17 16:23:41,276] {taskinstance.py:1377} INFO - Executing <Task(_PythonDecoratedOperator): MSFT> on 2023-06-30 00:00:00+00:00
[2023-07-17 16:23:41,350] {standard_task_runner.py:79} INFO - Running: ['airflow', 'tasks', 'run', 'get_stocks_dag', 'MSFT', 'scheduled__2023-06-30T00:00:00+00:00', '--job-id', '229', '--raw', '--subdir', 'DAGS_FOLDER/get_stocks.py', '--cfg-path', '/tmp/tmp_5tfv7me', '--error-file', '/tmp/tmpyno8h5zx']
[2023-07-17 16:23:41,322] {standard_task_runner.py:52} INFO - Started process 11918 to run task
[2023-07-17 16:23:41,376] {standard_task_runner.py:80} INFO - Job 229: Subtask MSFT
[2023-07-17 16:23:41,613] {task_command.py:370} INFO - Running <TaskInstance: get_stocks_dag.MSFT scheduled__2023-06-30T00:00:00+00:00 [running]> on host lucas-Estudos
[2023-07-17 16:23:41,966] {taskinstance.py:1569} INFO - Exporting the following env vars:
AIRFLOW_CTX_DAG_OWNER=airflow
AIRFLOW_CTX_DAG_ID=get_stocks_dag
AIRFLOW_CTX_TASK_ID=MSFT
AIRFLOW_CTX_EXECUTION_DATE=2023-06-30T00:00:00+00:00
AIRFLOW_CTX_TRY_NUMBER=1
AIRFLOW_CTX_DAG_RUN_ID=scheduled__2023-06-30T00:00:00+00:00
[2023-07-17 16:23:43,045] {python.py:173} INFO - Done. Returned value was: None
[2023-07-17 16:23:43,098] {taskinstance.py:1395} INFO - Marking task as SUCCESS. dag_id=get_stocks_dag, task_id=MSFT, execution_date=20230630T000000, start_date=20230717T192341, end_date=20230717T192343
[2023-07-17 16:23:43,172] {local_task_job.py:156} INFO - Task exited with return code 0
[2023-07-17 16:23:43,348] {local_task_job.py:273} INFO - 0 downstream tasks scheduled from follow-on schedule check
[2023-07-17 16:55:00,950] {taskinstance.py:1159} INFO - Dependencies all met for <TaskInstance: get_stocks_dag.MSFT scheduled__2023-06-30T00:00:00+00:00 [queued]>
[2023-07-17 16:55:00,972] {taskinstance.py:1159} INFO - Dependencies all met for <TaskInstance: get_stocks_dag.MSFT scheduled__2023-06-30T00:00:00+00:00 [queued]>
[2023-07-17 16:55:00,973] {taskinstance.py:1356} INFO - 
--------------------------------------------------------------------------------
[2023-07-17 16:55:00,973] {taskinstance.py:1357} INFO - Starting attempt 1 of 1
[2023-07-17 16:55:00,973] {taskinstance.py:1358} INFO - 
--------------------------------------------------------------------------------
[2023-07-17 16:55:01,019] {taskinstance.py:1377} INFO - Executing <Task(_PythonDecoratedOperator): MSFT> on 2023-06-30 00:00:00+00:00
[2023-07-17 16:55:01,037] {standard_task_runner.py:52} INFO - Started process 24717 to run task
[2023-07-17 16:55:01,059] {standard_task_runner.py:79} INFO - Running: ['airflow', 'tasks', 'run', 'get_stocks_dag', 'MSFT', 'scheduled__2023-06-30T00:00:00+00:00', '--job-id', '446', '--raw', '--subdir', 'DAGS_FOLDER/get_stocks.py', '--cfg-path', '/tmp/tmphdcqn4cn', '--error-file', '/tmp/tmpcss7hzfr']
[2023-07-17 16:55:01,067] {standard_task_runner.py:80} INFO - Job 446: Subtask MSFT
[2023-07-17 16:55:01,297] {task_command.py:370} INFO - Running <TaskInstance: get_stocks_dag.MSFT scheduled__2023-06-30T00:00:00+00:00 [running]> on host lucas-Estudos
[2023-07-17 16:55:01,568] {taskinstance.py:1569} INFO - Exporting the following env vars:
AIRFLOW_CTX_DAG_OWNER=airflow
AIRFLOW_CTX_DAG_ID=get_stocks_dag
AIRFLOW_CTX_TASK_ID=MSFT
AIRFLOW_CTX_EXECUTION_DATE=2023-06-30T00:00:00+00:00
AIRFLOW_CTX_TRY_NUMBER=1
AIRFLOW_CTX_DAG_RUN_ID=scheduled__2023-06-30T00:00:00+00:00
[2023-07-17 16:55:02,227] {python.py:173} INFO - Done. Returned value was: None
[2023-07-17 16:55:02,282] {taskinstance.py:1395} INFO - Marking task as SUCCESS. dag_id=get_stocks_dag, task_id=MSFT, execution_date=20230630T000000, start_date=20230717T195500, end_date=20230717T195502
[2023-07-17 16:55:02,364] {local_task_job.py:156} INFO - Task exited with return code 0
[2023-07-17 16:55:02,588] {local_task_job.py:273} INFO - 0 downstream tasks scheduled from follow-on schedule check
[2023-07-17 21:07:47,998] {taskinstance.py:1159} INFO - Dependencies all met for <TaskInstance: get_stocks_dag.MSFT scheduled__2023-06-30T00:00:00+00:00 [queued]>
[2023-07-17 21:07:48,022] {taskinstance.py:1159} INFO - Dependencies all met for <TaskInstance: get_stocks_dag.MSFT scheduled__2023-06-30T00:00:00+00:00 [queued]>
[2023-07-17 21:07:48,022] {taskinstance.py:1356} INFO - 
--------------------------------------------------------------------------------
[2023-07-17 21:07:48,022] {taskinstance.py:1357} INFO - Starting attempt 1 of 1
[2023-07-17 21:07:48,023] {taskinstance.py:1358} INFO - 
--------------------------------------------------------------------------------
[2023-07-17 21:07:48,049] {taskinstance.py:1377} INFO - Executing <Task(_PythonDecoratedOperator): MSFT> on 2023-06-30 00:00:00+00:00
[2023-07-17 21:07:48,058] {standard_task_runner.py:52} INFO - Started process 34392 to run task
[2023-07-17 21:07:48,066] {standard_task_runner.py:79} INFO - Running: ['airflow', 'tasks', 'run', 'get_stocks_dag', 'MSFT', 'scheduled__2023-06-30T00:00:00+00:00', '--job-id', '663', '--raw', '--subdir', 'DAGS_FOLDER/get_stocks.py', '--cfg-path', '/tmp/tmpy85xgzeb', '--error-file', '/tmp/tmpmzncjmxc']
[2023-07-17 21:07:48,069] {standard_task_runner.py:80} INFO - Job 663: Subtask MSFT
[2023-07-17 21:07:48,253] {task_command.py:370} INFO - Running <TaskInstance: get_stocks_dag.MSFT scheduled__2023-06-30T00:00:00+00:00 [running]> on host lucas-Estudos
[2023-07-17 21:07:48,471] {taskinstance.py:1569} INFO - Exporting the following env vars:
AIRFLOW_CTX_DAG_OWNER=airflow
AIRFLOW_CTX_DAG_ID=get_stocks_dag
AIRFLOW_CTX_TASK_ID=MSFT
AIRFLOW_CTX_EXECUTION_DATE=2023-06-30T00:00:00+00:00
AIRFLOW_CTX_TRY_NUMBER=1
AIRFLOW_CTX_DAG_RUN_ID=scheduled__2023-06-30T00:00:00+00:00
[2023-07-17 21:07:51,146] {python.py:173} INFO - Done. Returned value was: None
[2023-07-17 21:07:51,204] {taskinstance.py:1395} INFO - Marking task as SUCCESS. dag_id=get_stocks_dag, task_id=MSFT, execution_date=20230630T000000, start_date=20230718T000748, end_date=20230718T000751
[2023-07-17 21:07:51,255] {local_task_job.py:156} INFO - Task exited with return code 0
[2023-07-17 21:07:51,372] {local_task_job.py:273} INFO - 0 downstream tasks scheduled from follow-on schedule check
[2023-07-17 22:16:31,030] {taskinstance.py:1159} INFO - Dependencies all met for <TaskInstance: get_stocks_dag.MSFT scheduled__2023-06-30T00:00:00+00:00 [queued]>
[2023-07-17 22:16:31,040] {taskinstance.py:1159} INFO - Dependencies all met for <TaskInstance: get_stocks_dag.MSFT scheduled__2023-06-30T00:00:00+00:00 [queued]>
[2023-07-17 22:16:31,040] {taskinstance.py:1356} INFO - 
--------------------------------------------------------------------------------
[2023-07-17 22:16:31,040] {taskinstance.py:1357} INFO - Starting attempt 1 of 1
[2023-07-17 22:16:31,040] {taskinstance.py:1358} INFO - 
--------------------------------------------------------------------------------
[2023-07-17 22:16:31,053] {taskinstance.py:1377} INFO - Executing <Task(_PythonDecoratedOperator): MSFT> on 2023-06-30 00:00:00+00:00
[2023-07-17 22:16:31,061] {standard_task_runner.py:52} INFO - Started process 91471 to run task
[2023-07-17 22:16:31,064] {standard_task_runner.py:79} INFO - Running: ['airflow', 'tasks', 'run', 'get_stocks_dag', 'MSFT', 'scheduled__2023-06-30T00:00:00+00:00', '--job-id', '1069', '--raw', '--subdir', 'DAGS_FOLDER/get_stocks.py', '--cfg-path', '/tmp/tmpck97qad9', '--error-file', '/tmp/tmpfz2woq6w']
[2023-07-17 22:16:31,065] {standard_task_runner.py:80} INFO - Job 1069: Subtask MSFT
[2023-07-17 22:16:31,127] {task_command.py:370} INFO - Running <TaskInstance: get_stocks_dag.MSFT scheduled__2023-06-30T00:00:00+00:00 [running]> on host lucas-Estudos
[2023-07-17 22:16:31,222] {taskinstance.py:1569} INFO - Exporting the following env vars:
AIRFLOW_CTX_DAG_OWNER=airflow
AIRFLOW_CTX_DAG_ID=get_stocks_dag
AIRFLOW_CTX_TASK_ID=MSFT
AIRFLOW_CTX_EXECUTION_DATE=2023-06-30T00:00:00+00:00
AIRFLOW_CTX_TRY_NUMBER=1
AIRFLOW_CTX_DAG_RUN_ID=scheduled__2023-06-30T00:00:00+00:00
[2023-07-17 22:16:36,020] {python.py:173} INFO - Done. Returned value was: None
[2023-07-17 22:16:36,063] {taskinstance.py:1395} INFO - Marking task as SUCCESS. dag_id=get_stocks_dag, task_id=MSFT, execution_date=20230630T000000, start_date=20230718T011631, end_date=20230718T011636
[2023-07-17 22:16:36,091] {local_task_job.py:156} INFO - Task exited with return code 0
[2023-07-17 22:16:36,128] {local_task_job.py:273} INFO - 0 downstream tasks scheduled from follow-on schedule check
[2023-07-18 11:06:52,781] {taskinstance.py:1159} INFO - Dependencies all met for <TaskInstance: get_stocks_dag.MSFT scheduled__2023-06-30T00:00:00+00:00 [queued]>
[2023-07-18 11:06:52,805] {taskinstance.py:1159} INFO - Dependencies all met for <TaskInstance: get_stocks_dag.MSFT scheduled__2023-06-30T00:00:00+00:00 [queued]>
[2023-07-18 11:06:52,805] {taskinstance.py:1356} INFO - 
--------------------------------------------------------------------------------
[2023-07-18 11:06:52,805] {taskinstance.py:1357} INFO - Starting attempt 1 of 1
[2023-07-18 11:06:52,805] {taskinstance.py:1358} INFO - 
--------------------------------------------------------------------------------
[2023-07-18 11:06:52,835] {taskinstance.py:1377} INFO - Executing <Task(_PythonDecoratedOperator): MSFT> on 2023-06-30 00:00:00+00:00
[2023-07-18 11:06:52,847] {standard_task_runner.py:52} INFO - Started process 26801 to run task
[2023-07-18 11:06:52,854] {standard_task_runner.py:79} INFO - Running: ['airflow', 'tasks', 'run', 'get_stocks_dag', 'MSFT', 'scheduled__2023-06-30T00:00:00+00:00', '--job-id', '1567', '--raw', '--subdir', 'DAGS_FOLDER/get_stocks.py', '--cfg-path', '/tmp/tmpwm5ftn4_', '--error-file', '/tmp/tmp_7iflk80']
[2023-07-18 11:06:52,856] {standard_task_runner.py:80} INFO - Job 1567: Subtask MSFT
[2023-07-18 11:06:53,052] {task_command.py:370} INFO - Running <TaskInstance: get_stocks_dag.MSFT scheduled__2023-06-30T00:00:00+00:00 [running]> on host lucas-Estudos
[2023-07-18 11:06:53,278] {taskinstance.py:1569} INFO - Exporting the following env vars:
AIRFLOW_CTX_DAG_OWNER=airflow
AIRFLOW_CTX_DAG_ID=get_stocks_dag
AIRFLOW_CTX_TASK_ID=MSFT
AIRFLOW_CTX_EXECUTION_DATE=2023-06-30T00:00:00+00:00
AIRFLOW_CTX_TRY_NUMBER=1
AIRFLOW_CTX_DAG_RUN_ID=scheduled__2023-06-30T00:00:00+00:00
[2023-07-18 11:06:53,866] {python.py:173} INFO - Done. Returned value was: None
[2023-07-18 11:06:53,926] {taskinstance.py:1395} INFO - Marking task as SUCCESS. dag_id=get_stocks_dag, task_id=MSFT, execution_date=20230630T000000, start_date=20230718T140652, end_date=20230718T140653
[2023-07-18 11:06:53,990] {local_task_job.py:156} INFO - Task exited with return code 0
[2023-07-18 11:06:54,124] {local_task_job.py:273} INFO - 0 downstream tasks scheduled from follow-on schedule check
