[2023-07-17 14:54:25,271] {taskinstance.py:1159} INFO - Dependencies all met for <TaskInstance: get_stocks_dag.GOOG scheduled__2023-07-11T00:00:00+00:00 [queued]>
[2023-07-17 14:54:25,278] {taskinstance.py:1159} INFO - Dependencies all met for <TaskInstance: get_stocks_dag.GOOG scheduled__2023-07-11T00:00:00+00:00 [queued]>
[2023-07-17 14:54:25,278] {taskinstance.py:1356} INFO - 
--------------------------------------------------------------------------------
[2023-07-17 14:54:25,278] {taskinstance.py:1357} INFO - Starting attempt 1 of 1
[2023-07-17 14:54:25,278] {taskinstance.py:1358} INFO - 
--------------------------------------------------------------------------------
[2023-07-17 14:54:25,289] {taskinstance.py:1377} INFO - Executing <Task(_PythonDecoratedOperator): GOOG> on 2023-07-11 00:00:00+00:00
[2023-07-17 14:54:25,293] {standard_task_runner.py:52} INFO - Started process 24862 to run task
[2023-07-17 14:54:25,295] {standard_task_runner.py:79} INFO - Running: ['airflow', 'tasks', 'run', 'get_stocks_dag', 'GOOG', 'scheduled__2023-07-11T00:00:00+00:00', '--job-id', '9', '--raw', '--subdir', 'DAGS_FOLDER/get_stocks.py', '--cfg-path', '/tmp/tmpgmyrd1n3', '--error-file', '/tmp/tmpslsx75l4']
[2023-07-17 14:54:25,296] {standard_task_runner.py:80} INFO - Job 9: Subtask GOOG
[2023-07-17 14:54:25,324] {task_command.py:370} INFO - Running <TaskInstance: get_stocks_dag.GOOG scheduled__2023-07-11T00:00:00+00:00 [running]> on host lucas-Estudos
[2023-07-17 14:54:25,366] {taskinstance.py:1569} INFO - Exporting the following env vars:
AIRFLOW_CTX_DAG_OWNER=airflow
AIRFLOW_CTX_DAG_ID=get_stocks_dag
AIRFLOW_CTX_TASK_ID=GOOG
AIRFLOW_CTX_EXECUTION_DATE=2023-07-11T00:00:00+00:00
AIRFLOW_CTX_TRY_NUMBER=1
AIRFLOW_CTX_DAG_RUN_ID=scheduled__2023-07-11T00:00:00+00:00
[2023-07-17 14:54:25,838] {python.py:173} INFO - Done. Returned value was: None
[2023-07-17 14:54:25,857] {taskinstance.py:1395} INFO - Marking task as SUCCESS. dag_id=get_stocks_dag, task_id=GOOG, execution_date=20230711T000000, start_date=20230717T175425, end_date=20230717T175425
[2023-07-17 14:54:25,911] {local_task_job.py:156} INFO - Task exited with return code 0
[2023-07-17 14:54:25,954] {local_task_job.py:273} INFO - 0 downstream tasks scheduled from follow-on schedule check
[2023-07-17 16:07:04,969] {taskinstance.py:1159} INFO - Dependencies all met for <TaskInstance: get_stocks_dag.GOOG scheduled__2023-07-11T00:00:00+00:00 [queued]>
[2023-07-17 16:07:04,988] {taskinstance.py:1159} INFO - Dependencies all met for <TaskInstance: get_stocks_dag.GOOG scheduled__2023-07-11T00:00:00+00:00 [queued]>
[2023-07-17 16:07:04,988] {taskinstance.py:1356} INFO - 
--------------------------------------------------------------------------------
[2023-07-17 16:07:04,988] {taskinstance.py:1357} INFO - Starting attempt 1 of 1
[2023-07-17 16:07:04,989] {taskinstance.py:1358} INFO - 
--------------------------------------------------------------------------------
[2023-07-17 16:07:05,037] {taskinstance.py:1377} INFO - Executing <Task(_PythonDecoratedOperator): GOOG> on 2023-07-11 00:00:00+00:00
[2023-07-17 16:07:05,047] {standard_task_runner.py:52} INFO - Started process 26104 to run task
[2023-07-17 16:07:05,167] {standard_task_runner.py:79} INFO - Running: ['airflow', 'tasks', 'run', 'get_stocks_dag', 'GOOG', 'scheduled__2023-07-11T00:00:00+00:00', '--job-id', '6', '--raw', '--subdir', 'DAGS_FOLDER/get_stocks.py', '--cfg-path', '/tmp/tmpjz3b7pcm', '--error-file', '/tmp/tmp5c5ivzsh']
[2023-07-17 16:07:05,189] {standard_task_runner.py:80} INFO - Job 6: Subtask GOOG
[2023-07-17 16:07:05,505] {task_command.py:370} INFO - Running <TaskInstance: get_stocks_dag.GOOG scheduled__2023-07-11T00:00:00+00:00 [running]> on host lucas-Estudos
[2023-07-17 16:07:05,980] {taskinstance.py:1569} INFO - Exporting the following env vars:
AIRFLOW_CTX_DAG_OWNER=airflow
AIRFLOW_CTX_DAG_ID=get_stocks_dag
AIRFLOW_CTX_TASK_ID=GOOG
AIRFLOW_CTX_EXECUTION_DATE=2023-07-11T00:00:00+00:00
AIRFLOW_CTX_TRY_NUMBER=1
AIRFLOW_CTX_DAG_RUN_ID=scheduled__2023-07-11T00:00:00+00:00
[2023-07-17 16:07:07,092] {python.py:173} INFO - Done. Returned value was: None
[2023-07-17 16:07:07,240] {taskinstance.py:1395} INFO - Marking task as SUCCESS. dag_id=get_stocks_dag, task_id=GOOG, execution_date=20230711T000000, start_date=20230717T190704, end_date=20230717T190707
[2023-07-17 16:07:07,521] {local_task_job.py:156} INFO - Task exited with return code 0
[2023-07-17 16:07:07,770] {local_task_job.py:273} INFO - 0 downstream tasks scheduled from follow-on schedule check
[2023-07-17 16:23:50,201] {taskinstance.py:1159} INFO - Dependencies all met for <TaskInstance: get_stocks_dag.GOOG scheduled__2023-07-11T00:00:00+00:00 [queued]>
[2023-07-17 16:23:50,293] {taskinstance.py:1159} INFO - Dependencies all met for <TaskInstance: get_stocks_dag.GOOG scheduled__2023-07-11T00:00:00+00:00 [queued]>
[2023-07-17 16:23:50,293] {taskinstance.py:1356} INFO - 
--------------------------------------------------------------------------------
[2023-07-17 16:23:50,293] {taskinstance.py:1357} INFO - Starting attempt 1 of 1
[2023-07-17 16:23:50,293] {taskinstance.py:1358} INFO - 
--------------------------------------------------------------------------------
[2023-07-17 16:23:50,375] {taskinstance.py:1377} INFO - Executing <Task(_PythonDecoratedOperator): GOOG> on 2023-07-11 00:00:00+00:00
[2023-07-17 16:23:50,390] {standard_task_runner.py:52} INFO - Started process 12727 to run task
[2023-07-17 16:23:50,407] {standard_task_runner.py:79} INFO - Running: ['airflow', 'tasks', 'run', 'get_stocks_dag', 'GOOG', 'scheduled__2023-07-11T00:00:00+00:00', '--job-id', '261', '--raw', '--subdir', 'DAGS_FOLDER/get_stocks.py', '--cfg-path', '/tmp/tmpsxo5tctt', '--error-file', '/tmp/tmp6yqx4pl0']
[2023-07-17 16:23:50,408] {standard_task_runner.py:80} INFO - Job 261: Subtask GOOG
[2023-07-17 16:23:50,558] {task_command.py:370} INFO - Running <TaskInstance: get_stocks_dag.GOOG scheduled__2023-07-11T00:00:00+00:00 [running]> on host lucas-Estudos
[2023-07-17 16:23:50,793] {taskinstance.py:1569} INFO - Exporting the following env vars:
AIRFLOW_CTX_DAG_OWNER=airflow
AIRFLOW_CTX_DAG_ID=get_stocks_dag
AIRFLOW_CTX_TASK_ID=GOOG
AIRFLOW_CTX_EXECUTION_DATE=2023-07-11T00:00:00+00:00
AIRFLOW_CTX_TRY_NUMBER=1
AIRFLOW_CTX_DAG_RUN_ID=scheduled__2023-07-11T00:00:00+00:00
[2023-07-17 16:23:51,533] {python.py:173} INFO - Done. Returned value was: None
[2023-07-17 16:23:51,565] {taskinstance.py:1395} INFO - Marking task as SUCCESS. dag_id=get_stocks_dag, task_id=GOOG, execution_date=20230711T000000, start_date=20230717T192350, end_date=20230717T192351
[2023-07-17 16:23:51,594] {local_task_job.py:156} INFO - Task exited with return code 0
[2023-07-17 16:23:51,680] {local_task_job.py:273} INFO - 0 downstream tasks scheduled from follow-on schedule check
[2023-07-17 16:55:10,093] {taskinstance.py:1159} INFO - Dependencies all met for <TaskInstance: get_stocks_dag.GOOG scheduled__2023-07-11T00:00:00+00:00 [queued]>
[2023-07-17 16:55:10,137] {taskinstance.py:1159} INFO - Dependencies all met for <TaskInstance: get_stocks_dag.GOOG scheduled__2023-07-11T00:00:00+00:00 [queued]>
[2023-07-17 16:55:10,137] {taskinstance.py:1356} INFO - 
--------------------------------------------------------------------------------
[2023-07-17 16:55:10,137] {taskinstance.py:1357} INFO - Starting attempt 1 of 1
[2023-07-17 16:55:10,137] {taskinstance.py:1358} INFO - 
--------------------------------------------------------------------------------
[2023-07-17 16:55:10,256] {taskinstance.py:1377} INFO - Executing <Task(_PythonDecoratedOperator): GOOG> on 2023-07-11 00:00:00+00:00
[2023-07-17 16:55:10,269] {standard_task_runner.py:52} INFO - Started process 25509 to run task
[2023-07-17 16:55:10,307] {standard_task_runner.py:79} INFO - Running: ['airflow', 'tasks', 'run', 'get_stocks_dag', 'GOOG', 'scheduled__2023-07-11T00:00:00+00:00', '--job-id', '470', '--raw', '--subdir', 'DAGS_FOLDER/get_stocks.py', '--cfg-path', '/tmp/tmppl54epcq', '--error-file', '/tmp/tmpw0_t4wai']
[2023-07-17 16:55:10,308] {standard_task_runner.py:80} INFO - Job 470: Subtask GOOG
[2023-07-17 16:55:10,627] {task_command.py:370} INFO - Running <TaskInstance: get_stocks_dag.GOOG scheduled__2023-07-11T00:00:00+00:00 [running]> on host lucas-Estudos
[2023-07-17 16:55:10,897] {taskinstance.py:1569} INFO - Exporting the following env vars:
AIRFLOW_CTX_DAG_OWNER=airflow
AIRFLOW_CTX_DAG_ID=get_stocks_dag
AIRFLOW_CTX_TASK_ID=GOOG
AIRFLOW_CTX_EXECUTION_DATE=2023-07-11T00:00:00+00:00
AIRFLOW_CTX_TRY_NUMBER=1
AIRFLOW_CTX_DAG_RUN_ID=scheduled__2023-07-11T00:00:00+00:00
[2023-07-17 16:55:11,838] {python.py:173} INFO - Done. Returned value was: None
[2023-07-17 16:55:11,873] {taskinstance.py:1395} INFO - Marking task as SUCCESS. dag_id=get_stocks_dag, task_id=GOOG, execution_date=20230711T000000, start_date=20230717T195510, end_date=20230717T195511
[2023-07-17 16:55:11,917] {local_task_job.py:156} INFO - Task exited with return code 0
[2023-07-17 16:55:12,121] {local_task_job.py:273} INFO - 0 downstream tasks scheduled from follow-on schedule check
[2023-07-17 21:09:31,654] {taskinstance.py:1159} INFO - Dependencies all met for <TaskInstance: get_stocks_dag.GOOG scheduled__2023-07-11T00:00:00+00:00 [queued]>
[2023-07-17 21:09:31,663] {taskinstance.py:1159} INFO - Dependencies all met for <TaskInstance: get_stocks_dag.GOOG scheduled__2023-07-11T00:00:00+00:00 [queued]>
[2023-07-17 21:09:31,663] {taskinstance.py:1356} INFO - 
--------------------------------------------------------------------------------
[2023-07-17 21:09:31,663] {taskinstance.py:1357} INFO - Starting attempt 1 of 1
[2023-07-17 21:09:31,663] {taskinstance.py:1358} INFO - 
--------------------------------------------------------------------------------
[2023-07-17 21:09:31,672] {taskinstance.py:1377} INFO - Executing <Task(_PythonDecoratedOperator): GOOG> on 2023-07-11 00:00:00+00:00
[2023-07-17 21:09:31,677] {standard_task_runner.py:52} INFO - Started process 37237 to run task
[2023-07-17 21:09:31,679] {standard_task_runner.py:79} INFO - Running: ['airflow', 'tasks', 'run', 'get_stocks_dag', 'GOOG', 'scheduled__2023-07-11T00:00:00+00:00', '--job-id', '690', '--raw', '--subdir', 'DAGS_FOLDER/get_stocks.py', '--cfg-path', '/tmp/tmpgvqej1ip', '--error-file', '/tmp/tmpe8pokf6_']
[2023-07-17 21:09:31,680] {standard_task_runner.py:80} INFO - Job 690: Subtask GOOG
[2023-07-17 21:09:31,791] {task_command.py:370} INFO - Running <TaskInstance: get_stocks_dag.GOOG scheduled__2023-07-11T00:00:00+00:00 [running]> on host lucas-Estudos
[2023-07-17 21:09:32,028] {taskinstance.py:1569} INFO - Exporting the following env vars:
AIRFLOW_CTX_DAG_OWNER=airflow
AIRFLOW_CTX_DAG_ID=get_stocks_dag
AIRFLOW_CTX_TASK_ID=GOOG
AIRFLOW_CTX_EXECUTION_DATE=2023-07-11T00:00:00+00:00
AIRFLOW_CTX_TRY_NUMBER=1
AIRFLOW_CTX_DAG_RUN_ID=scheduled__2023-07-11T00:00:00+00:00
[2023-07-17 21:09:35,797] {python.py:173} INFO - Done. Returned value was: None
[2023-07-17 21:09:35,851] {taskinstance.py:1395} INFO - Marking task as SUCCESS. dag_id=get_stocks_dag, task_id=GOOG, execution_date=20230711T000000, start_date=20230718T000931, end_date=20230718T000935
[2023-07-17 21:09:35,907] {local_task_job.py:156} INFO - Task exited with return code 0
[2023-07-17 21:09:36,028] {local_task_job.py:273} INFO - 0 downstream tasks scheduled from follow-on schedule check
[2023-07-17 22:20:14,385] {taskinstance.py:1159} INFO - Dependencies all met for <TaskInstance: get_stocks_dag.GOOG scheduled__2023-07-11T00:00:00+00:00 [queued]>
[2023-07-17 22:20:14,409] {taskinstance.py:1159} INFO - Dependencies all met for <TaskInstance: get_stocks_dag.GOOG scheduled__2023-07-11T00:00:00+00:00 [queued]>
[2023-07-17 22:20:14,409] {taskinstance.py:1356} INFO - 
--------------------------------------------------------------------------------
[2023-07-17 22:20:14,410] {taskinstance.py:1357} INFO - Starting attempt 1 of 1
[2023-07-17 22:20:14,410] {taskinstance.py:1358} INFO - 
--------------------------------------------------------------------------------
[2023-07-17 22:20:14,433] {taskinstance.py:1377} INFO - Executing <Task(_PythonDecoratedOperator): GOOG> on 2023-07-11 00:00:00+00:00
[2023-07-17 22:20:14,444] {standard_task_runner.py:52} INFO - Started process 99029 to run task
[2023-07-17 22:20:14,449] {standard_task_runner.py:79} INFO - Running: ['airflow', 'tasks', 'run', 'get_stocks_dag', 'GOOG', 'scheduled__2023-07-11T00:00:00+00:00', '--job-id', '1123', '--raw', '--subdir', 'DAGS_FOLDER/get_stocks.py', '--cfg-path', '/tmp/tmpbnp5wodx', '--error-file', '/tmp/tmp1ns9l_k4']
[2023-07-17 22:20:14,451] {standard_task_runner.py:80} INFO - Job 1123: Subtask GOOG
[2023-07-17 22:20:14,600] {task_command.py:370} INFO - Running <TaskInstance: get_stocks_dag.GOOG scheduled__2023-07-11T00:00:00+00:00 [running]> on host lucas-Estudos
[2023-07-17 22:20:14,856] {taskinstance.py:1569} INFO - Exporting the following env vars:
AIRFLOW_CTX_DAG_OWNER=airflow
AIRFLOW_CTX_DAG_ID=get_stocks_dag
AIRFLOW_CTX_TASK_ID=GOOG
AIRFLOW_CTX_EXECUTION_DATE=2023-07-11T00:00:00+00:00
AIRFLOW_CTX_TRY_NUMBER=1
AIRFLOW_CTX_DAG_RUN_ID=scheduled__2023-07-11T00:00:00+00:00
[2023-07-17 22:20:18,620] {python.py:173} INFO - Done. Returned value was: None
[2023-07-17 22:20:18,673] {taskinstance.py:1395} INFO - Marking task as SUCCESS. dag_id=get_stocks_dag, task_id=GOOG, execution_date=20230711T000000, start_date=20230718T012014, end_date=20230718T012018
[2023-07-17 22:20:18,723] {local_task_job.py:156} INFO - Task exited with return code 0
[2023-07-17 22:20:18,850] {local_task_job.py:273} INFO - 0 downstream tasks scheduled from follow-on schedule check
