[2023-07-17 22:04:16,490] {taskinstance.py:1159} INFO - Dependencies all met for <TaskInstance: get_crypto_dag.BTC scheduled__2023-05-23T00:00:00+00:00 [queued]>
[2023-07-17 22:04:16,526] {taskinstance.py:1159} INFO - Dependencies all met for <TaskInstance: get_crypto_dag.BTC scheduled__2023-05-23T00:00:00+00:00 [queued]>
[2023-07-17 22:04:16,526] {taskinstance.py:1356} INFO - 
--------------------------------------------------------------------------------
[2023-07-17 22:04:16,527] {taskinstance.py:1357} INFO - Starting attempt 1 of 1
[2023-07-17 22:04:16,527] {taskinstance.py:1358} INFO - 
--------------------------------------------------------------------------------
[2023-07-17 22:04:16,571] {taskinstance.py:1377} INFO - Executing <Task(_PythonDecoratedOperator): BTC> on 2023-05-23 00:00:00+00:00
[2023-07-17 22:04:16,581] {standard_task_runner.py:52} INFO - Started process 66648 to run task
[2023-07-17 22:04:16,588] {standard_task_runner.py:79} INFO - Running: ['airflow', 'tasks', 'run', 'get_crypto_dag', 'BTC', 'scheduled__2023-05-23T00:00:00+00:00', '--job-id', '886', '--raw', '--subdir', 'DAGS_FOLDER/get_crypto.py', '--cfg-path', '/tmp/tmpr7wijg4m', '--error-file', '/tmp/tmpq75o5hmp']
[2023-07-17 22:04:16,590] {standard_task_runner.py:80} INFO - Job 886: Subtask BTC
[2023-07-17 22:04:16,708] {task_command.py:370} INFO - Running <TaskInstance: get_crypto_dag.BTC scheduled__2023-05-23T00:00:00+00:00 [running]> on host lucas-Estudos
[2023-07-17 22:04:16,818] {taskinstance.py:1569} INFO - Exporting the following env vars:
AIRFLOW_CTX_DAG_OWNER=airflow
AIRFLOW_CTX_DAG_ID=get_crypto_dag
AIRFLOW_CTX_TASK_ID=BTC
AIRFLOW_CTX_EXECUTION_DATE=2023-05-23T00:00:00+00:00
AIRFLOW_CTX_TRY_NUMBER=1
AIRFLOW_CTX_DAG_RUN_ID=scheduled__2023-05-23T00:00:00+00:00
[2023-07-17 22:04:22,501] {base.py:297} ERROR - BTC: No price data found, symbol may be delisted (1h 2023-05-22 -> 2023-05-23)
[2023-07-17 22:04:22,508] {python.py:173} INFO - Done. Returned value was: None
[2023-07-17 22:04:22,569] {taskinstance.py:1395} INFO - Marking task as SUCCESS. dag_id=get_crypto_dag, task_id=BTC, execution_date=20230523T000000, start_date=20230718T010416, end_date=20230718T010422
[2023-07-17 22:04:22,639] {local_task_job.py:156} INFO - Task exited with return code 0
[2023-07-17 22:04:22,798] {local_task_job.py:273} INFO - 0 downstream tasks scheduled from follow-on schedule check
[2023-07-18 10:37:30,185] {taskinstance.py:1159} INFO - Dependencies all met for <TaskInstance: get_crypto_dag.BTC scheduled__2023-05-23T00:00:00+00:00 [queued]>
[2023-07-18 10:37:30,214] {taskinstance.py:1159} INFO - Dependencies all met for <TaskInstance: get_crypto_dag.BTC scheduled__2023-05-23T00:00:00+00:00 [queued]>
[2023-07-18 10:37:30,215] {taskinstance.py:1356} INFO - 
--------------------------------------------------------------------------------
[2023-07-18 10:37:30,215] {taskinstance.py:1357} INFO - Starting attempt 1 of 1
[2023-07-18 10:37:30,215] {taskinstance.py:1358} INFO - 
--------------------------------------------------------------------------------
[2023-07-18 10:37:30,249] {taskinstance.py:1377} INFO - Executing <Task(_PythonDecoratedOperator): BTC> on 2023-05-23 00:00:00+00:00
[2023-07-18 10:37:30,264] {standard_task_runner.py:52} INFO - Started process 14621 to run task
[2023-07-18 10:37:30,274] {standard_task_runner.py:79} INFO - Running: ['airflow', 'tasks', 'run', 'get_crypto_dag', 'BTC', 'scheduled__2023-05-23T00:00:00+00:00', '--job-id', '1303', '--raw', '--subdir', 'DAGS_FOLDER/get_crypto.py', '--cfg-path', '/tmp/tmpgj8nfjo0', '--error-file', '/tmp/tmp7tkzwida']
[2023-07-18 10:37:30,276] {standard_task_runner.py:80} INFO - Job 1303: Subtask BTC
[2023-07-18 10:37:30,493] {task_command.py:370} INFO - Running <TaskInstance: get_crypto_dag.BTC scheduled__2023-05-23T00:00:00+00:00 [running]> on host lucas-Estudos
[2023-07-18 10:37:30,737] {taskinstance.py:1569} INFO - Exporting the following env vars:
AIRFLOW_CTX_DAG_OWNER=airflow
AIRFLOW_CTX_DAG_ID=get_crypto_dag
AIRFLOW_CTX_TASK_ID=BTC
AIRFLOW_CTX_EXECUTION_DATE=2023-05-23T00:00:00+00:00
AIRFLOW_CTX_TRY_NUMBER=1
AIRFLOW_CTX_DAG_RUN_ID=scheduled__2023-05-23T00:00:00+00:00
[2023-07-18 10:37:31,312] {base.py:297} ERROR - BTC: No price data found, symbol may be delisted (1h 2023-05-22 -> 2023-05-23)
[2023-07-18 10:37:31,318] {python.py:173} INFO - Done. Returned value was: None
[2023-07-18 10:37:31,365] {taskinstance.py:1395} INFO - Marking task as SUCCESS. dag_id=get_crypto_dag, task_id=BTC, execution_date=20230523T000000, start_date=20230718T133730, end_date=20230718T133731
[2023-07-18 10:37:31,409] {local_task_job.py:156} INFO - Task exited with return code 0
[2023-07-18 10:37:31,524] {local_task_job.py:273} INFO - 0 downstream tasks scheduled from follow-on schedule check
