[2023-07-17 21:53:27,914] {taskinstance.py:1159} INFO - Dependencies all met for <TaskInstance: get_crypto_dag.DOGE scheduled__2023-05-03T00:00:00+00:00 [queued]>
[2023-07-17 21:53:27,947] {taskinstance.py:1159} INFO - Dependencies all met for <TaskInstance: get_crypto_dag.DOGE scheduled__2023-05-03T00:00:00+00:00 [queued]>
[2023-07-17 21:53:27,947] {taskinstance.py:1356} INFO - 
--------------------------------------------------------------------------------
[2023-07-17 21:53:27,947] {taskinstance.py:1357} INFO - Starting attempt 1 of 1
[2023-07-17 21:53:27,948] {taskinstance.py:1358} INFO - 
--------------------------------------------------------------------------------
[2023-07-17 21:53:27,991] {taskinstance.py:1377} INFO - Executing <Task(_PythonDecoratedOperator): DOGE> on 2023-05-03 00:00:00+00:00
[2023-07-17 21:53:28,001] {standard_task_runner.py:52} INFO - Started process 44771 to run task
[2023-07-17 21:53:28,005] {standard_task_runner.py:79} INFO - Running: ['airflow', 'tasks', 'run', 'get_crypto_dag', 'DOGE', 'scheduled__2023-05-03T00:00:00+00:00', '--job-id', '727', '--raw', '--subdir', 'DAGS_FOLDER/get_crypto.py', '--cfg-path', '/tmp/tmpi8xgr3r2', '--error-file', '/tmp/tmppho2jzzk']
[2023-07-17 21:53:28,007] {standard_task_runner.py:80} INFO - Job 727: Subtask DOGE
[2023-07-17 21:53:28,115] {task_command.py:370} INFO - Running <TaskInstance: get_crypto_dag.DOGE scheduled__2023-05-03T00:00:00+00:00 [running]> on host lucas-Estudos
[2023-07-17 21:53:28,217] {taskinstance.py:1569} INFO - Exporting the following env vars:
AIRFLOW_CTX_DAG_OWNER=airflow
AIRFLOW_CTX_DAG_ID=get_crypto_dag
AIRFLOW_CTX_TASK_ID=DOGE
AIRFLOW_CTX_EXECUTION_DATE=2023-05-03T00:00:00+00:00
AIRFLOW_CTX_TRY_NUMBER=1
AIRFLOW_CTX_DAG_RUN_ID=scheduled__2023-05-03T00:00:00+00:00
[2023-07-17 21:53:31,817] {base.py:162} ERROR - DOGE: No timezone found, symbol may be delisted
[2023-07-17 21:53:31,826] {python.py:173} INFO - Done. Returned value was: None
[2023-07-17 21:53:31,878] {taskinstance.py:1395} INFO - Marking task as SUCCESS. dag_id=get_crypto_dag, task_id=DOGE, execution_date=20230503T000000, start_date=20230718T005327, end_date=20230718T005331
[2023-07-17 21:53:31,958] {local_task_job.py:156} INFO - Task exited with return code 0
[2023-07-17 21:53:32,079] {local_task_job.py:273} INFO - 0 downstream tasks scheduled from follow-on schedule check
[2023-07-18 10:23:23,219] {taskinstance.py:1159} INFO - Dependencies all met for <TaskInstance: get_crypto_dag.DOGE scheduled__2023-05-03T00:00:00+00:00 [queued]>
[2023-07-18 10:23:23,242] {taskinstance.py:1159} INFO - Dependencies all met for <TaskInstance: get_crypto_dag.DOGE scheduled__2023-05-03T00:00:00+00:00 [queued]>
[2023-07-18 10:23:23,242] {taskinstance.py:1356} INFO - 
--------------------------------------------------------------------------------
[2023-07-18 10:23:23,243] {taskinstance.py:1357} INFO - Starting attempt 1 of 1
[2023-07-18 10:23:23,243] {taskinstance.py:1358} INFO - 
--------------------------------------------------------------------------------
[2023-07-18 10:23:23,271] {taskinstance.py:1377} INFO - Executing <Task(_PythonDecoratedOperator): DOGE> on 2023-05-03 00:00:00+00:00
[2023-07-18 10:23:23,283] {standard_task_runner.py:52} INFO - Started process 10481 to run task
[2023-07-18 10:23:23,290] {standard_task_runner.py:79} INFO - Running: ['airflow', 'tasks', 'run', 'get_crypto_dag', 'DOGE', 'scheduled__2023-05-03T00:00:00+00:00', '--job-id', '1171', '--raw', '--subdir', 'DAGS_FOLDER/get_crypto.py', '--cfg-path', '/tmp/tmpgnmeh1bn', '--error-file', '/tmp/tmpmyost_wg']
[2023-07-18 10:23:23,292] {standard_task_runner.py:80} INFO - Job 1171: Subtask DOGE
[2023-07-18 10:23:23,477] {task_command.py:370} INFO - Running <TaskInstance: get_crypto_dag.DOGE scheduled__2023-05-03T00:00:00+00:00 [running]> on host lucas-Estudos
[2023-07-18 10:23:23,680] {taskinstance.py:1569} INFO - Exporting the following env vars:
AIRFLOW_CTX_DAG_OWNER=airflow
AIRFLOW_CTX_DAG_ID=get_crypto_dag
AIRFLOW_CTX_TASK_ID=DOGE
AIRFLOW_CTX_EXECUTION_DATE=2023-05-03T00:00:00+00:00
AIRFLOW_CTX_TRY_NUMBER=1
AIRFLOW_CTX_DAG_RUN_ID=scheduled__2023-05-03T00:00:00+00:00
[2023-07-18 10:23:24,225] {base.py:162} ERROR - DOGE: No timezone found, symbol may be delisted
[2023-07-18 10:23:24,231] {python.py:173} INFO - Done. Returned value was: None
[2023-07-18 10:23:24,311] {taskinstance.py:1395} INFO - Marking task as SUCCESS. dag_id=get_crypto_dag, task_id=DOGE, execution_date=20230503T000000, start_date=20230718T132323, end_date=20230718T132324
[2023-07-18 10:23:24,385] {local_task_job.py:156} INFO - Task exited with return code 0
[2023-07-18 10:23:24,490] {local_task_job.py:273} INFO - 0 downstream tasks scheduled from follow-on schedule check
