[2023-07-17 22:19:40,383] {taskinstance.py:1159} INFO - Dependencies all met for <TaskInstance: get_crypto_dag.BTC scheduled__2023-06-21T00:00:00+00:00 [queued]>
[2023-07-17 22:19:40,395] {taskinstance.py:1159} INFO - Dependencies all met for <TaskInstance: get_crypto_dag.BTC scheduled__2023-06-21T00:00:00+00:00 [queued]>
[2023-07-17 22:19:40,395] {taskinstance.py:1356} INFO - 
--------------------------------------------------------------------------------
[2023-07-17 22:19:40,395] {taskinstance.py:1357} INFO - Starting attempt 1 of 1
[2023-07-17 22:19:40,395] {taskinstance.py:1358} INFO - 
--------------------------------------------------------------------------------
[2023-07-17 22:19:40,413] {taskinstance.py:1377} INFO - Executing <Task(_PythonDecoratedOperator): BTC> on 2023-06-21 00:00:00+00:00
[2023-07-17 22:19:40,423] {standard_task_runner.py:52} INFO - Started process 97859 to run task
[2023-07-17 22:19:40,430] {standard_task_runner.py:79} INFO - Running: ['airflow', 'tasks', 'run', 'get_crypto_dag', 'BTC', 'scheduled__2023-06-21T00:00:00+00:00', '--job-id', '1114', '--raw', '--subdir', 'DAGS_FOLDER/get_crypto.py', '--cfg-path', '/tmp/tmp6gcj7dh6', '--error-file', '/tmp/tmpe4b8cf24']
[2023-07-17 22:19:40,431] {standard_task_runner.py:80} INFO - Job 1114: Subtask BTC
[2023-07-17 22:19:40,539] {task_command.py:370} INFO - Running <TaskInstance: get_crypto_dag.BTC scheduled__2023-06-21T00:00:00+00:00 [running]> on host lucas-Estudos
[2023-07-17 22:19:40,666] {taskinstance.py:1569} INFO - Exporting the following env vars:
AIRFLOW_CTX_DAG_OWNER=airflow
AIRFLOW_CTX_DAG_ID=get_crypto_dag
AIRFLOW_CTX_TASK_ID=BTC
AIRFLOW_CTX_EXECUTION_DATE=2023-06-21T00:00:00+00:00
AIRFLOW_CTX_TRY_NUMBER=1
AIRFLOW_CTX_DAG_RUN_ID=scheduled__2023-06-21T00:00:00+00:00
[2023-07-17 22:19:43,141] {base.py:297} ERROR - BTC: No price data found, symbol may be delisted (1h 2023-06-20 -> 2023-06-21)
[2023-07-17 22:19:43,147] {python.py:173} INFO - Done. Returned value was: None
[2023-07-17 22:19:43,204] {taskinstance.py:1395} INFO - Marking task as SUCCESS. dag_id=get_crypto_dag, task_id=BTC, execution_date=20230621T000000, start_date=20230718T011940, end_date=20230718T011943
[2023-07-17 22:19:43,261] {local_task_job.py:156} INFO - Task exited with return code 0
[2023-07-17 22:19:43,385] {local_task_job.py:273} INFO - 0 downstream tasks scheduled from follow-on schedule check
[2023-07-18 10:59:47,951] {taskinstance.py:1159} INFO - Dependencies all met for <TaskInstance: get_crypto_dag.BTC scheduled__2023-06-21T00:00:00+00:00 [queued]>
[2023-07-18 10:59:47,979] {taskinstance.py:1159} INFO - Dependencies all met for <TaskInstance: get_crypto_dag.BTC scheduled__2023-06-21T00:00:00+00:00 [queued]>
[2023-07-18 10:59:47,980] {taskinstance.py:1356} INFO - 
--------------------------------------------------------------------------------
[2023-07-18 10:59:47,980] {taskinstance.py:1357} INFO - Starting attempt 1 of 1
[2023-07-18 10:59:47,980] {taskinstance.py:1358} INFO - 
--------------------------------------------------------------------------------
[2023-07-18 10:59:48,011] {taskinstance.py:1377} INFO - Executing <Task(_PythonDecoratedOperator): BTC> on 2023-06-21 00:00:00+00:00
[2023-07-18 10:59:48,023] {standard_task_runner.py:52} INFO - Started process 24843 to run task
[2023-07-18 10:59:48,031] {standard_task_runner.py:79} INFO - Running: ['airflow', 'tasks', 'run', 'get_crypto_dag', 'BTC', 'scheduled__2023-06-21T00:00:00+00:00', '--job-id', '1505', '--raw', '--subdir', 'DAGS_FOLDER/get_crypto.py', '--cfg-path', '/tmp/tmpqawej_q4', '--error-file', '/tmp/tmp7z4f2ec7']
[2023-07-18 10:59:48,034] {standard_task_runner.py:80} INFO - Job 1505: Subtask BTC
[2023-07-18 10:59:48,231] {task_command.py:370} INFO - Running <TaskInstance: get_crypto_dag.BTC scheduled__2023-06-21T00:00:00+00:00 [running]> on host lucas-Estudos
[2023-07-18 10:59:48,452] {taskinstance.py:1569} INFO - Exporting the following env vars:
AIRFLOW_CTX_DAG_OWNER=airflow
AIRFLOW_CTX_DAG_ID=get_crypto_dag
AIRFLOW_CTX_TASK_ID=BTC
AIRFLOW_CTX_EXECUTION_DATE=2023-06-21T00:00:00+00:00
AIRFLOW_CTX_TRY_NUMBER=1
AIRFLOW_CTX_DAG_RUN_ID=scheduled__2023-06-21T00:00:00+00:00
[2023-07-18 10:59:48,983] {base.py:297} ERROR - BTC: No price data found, symbol may be delisted (1h 2023-06-20 -> 2023-06-21)
[2023-07-18 10:59:48,989] {python.py:173} INFO - Done. Returned value was: None
[2023-07-18 10:59:49,040] {taskinstance.py:1395} INFO - Marking task as SUCCESS. dag_id=get_crypto_dag, task_id=BTC, execution_date=20230621T000000, start_date=20230718T135947, end_date=20230718T135949
[2023-07-18 10:59:49,085] {local_task_job.py:156} INFO - Task exited with return code 0
[2023-07-18 10:59:49,244] {local_task_job.py:273} INFO - 0 downstream tasks scheduled from follow-on schedule check
