[2023-07-17 22:18:15,113] {taskinstance.py:1159} INFO - Dependencies all met for <TaskInstance: get_crypto_dag.BTC scheduled__2023-06-19T00:00:00+00:00 [queued]>
[2023-07-17 22:18:15,130] {taskinstance.py:1159} INFO - Dependencies all met for <TaskInstance: get_crypto_dag.BTC scheduled__2023-06-19T00:00:00+00:00 [queued]>
[2023-07-17 22:18:15,130] {taskinstance.py:1356} INFO - 
--------------------------------------------------------------------------------
[2023-07-17 22:18:15,130] {taskinstance.py:1357} INFO - Starting attempt 1 of 1
[2023-07-17 22:18:15,130] {taskinstance.py:1358} INFO - 
--------------------------------------------------------------------------------
[2023-07-17 22:18:15,147] {taskinstance.py:1377} INFO - Executing <Task(_PythonDecoratedOperator): BTC> on 2023-06-19 00:00:00+00:00
[2023-07-17 22:18:15,155] {standard_task_runner.py:52} INFO - Started process 95003 to run task
[2023-07-17 22:18:15,158] {standard_task_runner.py:79} INFO - Running: ['airflow', 'tasks', 'run', 'get_crypto_dag', 'BTC', 'scheduled__2023-06-19T00:00:00+00:00', '--job-id', '1093', '--raw', '--subdir', 'DAGS_FOLDER/get_crypto.py', '--cfg-path', '/tmp/tmpd2zwrbdq', '--error-file', '/tmp/tmp4py7pf42']
[2023-07-17 22:18:15,158] {standard_task_runner.py:80} INFO - Job 1093: Subtask BTC
[2023-07-17 22:18:15,259] {task_command.py:370} INFO - Running <TaskInstance: get_crypto_dag.BTC scheduled__2023-06-19T00:00:00+00:00 [running]> on host lucas-Estudos
[2023-07-17 22:18:15,479] {taskinstance.py:1569} INFO - Exporting the following env vars:
AIRFLOW_CTX_DAG_OWNER=airflow
AIRFLOW_CTX_DAG_ID=get_crypto_dag
AIRFLOW_CTX_TASK_ID=BTC
AIRFLOW_CTX_EXECUTION_DATE=2023-06-19T00:00:00+00:00
AIRFLOW_CTX_TRY_NUMBER=1
AIRFLOW_CTX_DAG_RUN_ID=scheduled__2023-06-19T00:00:00+00:00
[2023-07-17 22:18:29,002] {base.py:297} ERROR - BTC: No price data found, symbol may be delisted (1h 2023-06-18 -> 2023-06-19)
[2023-07-17 22:18:29,008] {python.py:173} INFO - Done. Returned value was: None
[2023-07-17 22:18:29,071] {taskinstance.py:1395} INFO - Marking task as SUCCESS. dag_id=get_crypto_dag, task_id=BTC, execution_date=20230619T000000, start_date=20230718T011815, end_date=20230718T011829
[2023-07-17 22:18:29,125] {local_task_job.py:156} INFO - Task exited with return code 0
[2023-07-17 22:18:29,257] {local_task_job.py:273} INFO - 0 downstream tasks scheduled from follow-on schedule check
[2023-07-18 10:58:17,621] {taskinstance.py:1159} INFO - Dependencies all met for <TaskInstance: get_crypto_dag.BTC scheduled__2023-06-19T00:00:00+00:00 [queued]>
[2023-07-18 10:58:17,648] {taskinstance.py:1159} INFO - Dependencies all met for <TaskInstance: get_crypto_dag.BTC scheduled__2023-06-19T00:00:00+00:00 [queued]>
[2023-07-18 10:58:17,649] {taskinstance.py:1356} INFO - 
--------------------------------------------------------------------------------
[2023-07-18 10:58:17,649] {taskinstance.py:1357} INFO - Starting attempt 1 of 1
[2023-07-18 10:58:17,649] {taskinstance.py:1358} INFO - 
--------------------------------------------------------------------------------
[2023-07-18 10:58:17,680] {taskinstance.py:1377} INFO - Executing <Task(_PythonDecoratedOperator): BTC> on 2023-06-19 00:00:00+00:00
[2023-07-18 10:58:17,690] {standard_task_runner.py:52} INFO - Started process 24446 to run task
[2023-07-18 10:58:17,698] {standard_task_runner.py:79} INFO - Running: ['airflow', 'tasks', 'run', 'get_crypto_dag', 'BTC', 'scheduled__2023-06-19T00:00:00+00:00', '--job-id', '1491', '--raw', '--subdir', 'DAGS_FOLDER/get_crypto.py', '--cfg-path', '/tmp/tmpyfeelua5', '--error-file', '/tmp/tmptak1agbd']
[2023-07-18 10:58:17,700] {standard_task_runner.py:80} INFO - Job 1491: Subtask BTC
[2023-07-18 10:58:17,899] {task_command.py:370} INFO - Running <TaskInstance: get_crypto_dag.BTC scheduled__2023-06-19T00:00:00+00:00 [running]> on host lucas-Estudos
[2023-07-18 10:58:18,129] {taskinstance.py:1569} INFO - Exporting the following env vars:
AIRFLOW_CTX_DAG_OWNER=airflow
AIRFLOW_CTX_DAG_ID=get_crypto_dag
AIRFLOW_CTX_TASK_ID=BTC
AIRFLOW_CTX_EXECUTION_DATE=2023-06-19T00:00:00+00:00
AIRFLOW_CTX_TRY_NUMBER=1
AIRFLOW_CTX_DAG_RUN_ID=scheduled__2023-06-19T00:00:00+00:00
[2023-07-18 10:58:18,708] {base.py:297} ERROR - BTC: No price data found, symbol may be delisted (1h 2023-06-18 -> 2023-06-19)
[2023-07-18 10:58:18,713] {python.py:173} INFO - Done. Returned value was: None
[2023-07-18 10:58:18,767] {taskinstance.py:1395} INFO - Marking task as SUCCESS. dag_id=get_crypto_dag, task_id=BTC, execution_date=20230619T000000, start_date=20230718T135817, end_date=20230718T135818
[2023-07-18 10:58:18,833] {local_task_job.py:156} INFO - Task exited with return code 0
[2023-07-18 10:58:18,993] {local_task_job.py:273} INFO - 0 downstream tasks scheduled from follow-on schedule check
