[2023-07-17 16:23:21,291] {taskinstance.py:1159} INFO - Dependencies all met for <TaskInstance: get_stocks_dag.GOOG scheduled__2023-06-10T00:00:00+00:00 [queued]>
[2023-07-17 16:23:21,327] {taskinstance.py:1159} INFO - Dependencies all met for <TaskInstance: get_stocks_dag.GOOG scheduled__2023-06-10T00:00:00+00:00 [queued]>
[2023-07-17 16:23:21,327] {taskinstance.py:1356} INFO - 
--------------------------------------------------------------------------------
[2023-07-17 16:23:21,327] {taskinstance.py:1357} INFO - Starting attempt 1 of 1
[2023-07-17 16:23:21,327] {taskinstance.py:1358} INFO - 
--------------------------------------------------------------------------------
[2023-07-17 16:23:21,401] {taskinstance.py:1377} INFO - Executing <Task(_PythonDecoratedOperator): GOOG> on 2023-06-10 00:00:00+00:00
[2023-07-17 16:23:21,418] {standard_task_runner.py:52} INFO - Started process 10161 to run task
[2023-07-17 16:23:21,476] {standard_task_runner.py:79} INFO - Running: ['airflow', 'tasks', 'run', 'get_stocks_dag', 'GOOG', 'scheduled__2023-06-10T00:00:00+00:00', '--job-id', '171', '--raw', '--subdir', 'DAGS_FOLDER/get_stocks.py', '--cfg-path', '/tmp/tmpqq3j6v8e', '--error-file', '/tmp/tmpmc_ebkgb']
[2023-07-17 16:23:21,478] {standard_task_runner.py:80} INFO - Job 171: Subtask GOOG
[2023-07-17 16:23:21,730] {task_command.py:370} INFO - Running <TaskInstance: get_stocks_dag.GOOG scheduled__2023-06-10T00:00:00+00:00 [running]> on host lucas-Estudos
[2023-07-17 16:23:22,015] {taskinstance.py:1569} INFO - Exporting the following env vars:
AIRFLOW_CTX_DAG_OWNER=airflow
AIRFLOW_CTX_DAG_ID=get_stocks_dag
AIRFLOW_CTX_TASK_ID=GOOG
AIRFLOW_CTX_EXECUTION_DATE=2023-06-10T00:00:00+00:00
AIRFLOW_CTX_TRY_NUMBER=1
AIRFLOW_CTX_DAG_RUN_ID=scheduled__2023-06-10T00:00:00+00:00
[2023-07-17 16:23:22,664] {python.py:173} INFO - Done. Returned value was: None
[2023-07-17 16:23:22,733] {taskinstance.py:1395} INFO - Marking task as SUCCESS. dag_id=get_stocks_dag, task_id=GOOG, execution_date=20230610T000000, start_date=20230717T192321, end_date=20230717T192322
[2023-07-17 16:23:22,857] {local_task_job.py:156} INFO - Task exited with return code 0
[2023-07-17 16:23:23,133] {local_task_job.py:273} INFO - 0 downstream tasks scheduled from follow-on schedule check
[2023-07-17 16:54:40,568] {taskinstance.py:1159} INFO - Dependencies all met for <TaskInstance: get_stocks_dag.GOOG scheduled__2023-06-10T00:00:00+00:00 [queued]>
[2023-07-17 16:54:40,595] {taskinstance.py:1159} INFO - Dependencies all met for <TaskInstance: get_stocks_dag.GOOG scheduled__2023-06-10T00:00:00+00:00 [queued]>
[2023-07-17 16:54:40,595] {taskinstance.py:1356} INFO - 
--------------------------------------------------------------------------------
[2023-07-17 16:54:40,595] {taskinstance.py:1357} INFO - Starting attempt 1 of 1
[2023-07-17 16:54:40,595] {taskinstance.py:1358} INFO - 
--------------------------------------------------------------------------------
[2023-07-17 16:54:40,626] {taskinstance.py:1377} INFO - Executing <Task(_PythonDecoratedOperator): GOOG> on 2023-06-10 00:00:00+00:00
[2023-07-17 16:54:40,632] {standard_task_runner.py:52} INFO - Started process 22976 to run task
[2023-07-17 16:54:40,643] {standard_task_runner.py:79} INFO - Running: ['airflow', 'tasks', 'run', 'get_stocks_dag', 'GOOG', 'scheduled__2023-06-10T00:00:00+00:00', '--job-id', '386', '--raw', '--subdir', 'DAGS_FOLDER/get_stocks.py', '--cfg-path', '/tmp/tmpjqx2d7i_', '--error-file', '/tmp/tmp7qwhcs9r']
[2023-07-17 16:54:40,650] {standard_task_runner.py:80} INFO - Job 386: Subtask GOOG
[2023-07-17 16:54:40,767] {task_command.py:370} INFO - Running <TaskInstance: get_stocks_dag.GOOG scheduled__2023-06-10T00:00:00+00:00 [running]> on host lucas-Estudos
[2023-07-17 16:54:40,905] {taskinstance.py:1569} INFO - Exporting the following env vars:
AIRFLOW_CTX_DAG_OWNER=airflow
AIRFLOW_CTX_DAG_ID=get_stocks_dag
AIRFLOW_CTX_TASK_ID=GOOG
AIRFLOW_CTX_EXECUTION_DATE=2023-06-10T00:00:00+00:00
AIRFLOW_CTX_TRY_NUMBER=1
AIRFLOW_CTX_DAG_RUN_ID=scheduled__2023-06-10T00:00:00+00:00
[2023-07-17 16:54:41,489] {python.py:173} INFO - Done. Returned value was: None
[2023-07-17 16:54:41,527] {taskinstance.py:1395} INFO - Marking task as SUCCESS. dag_id=get_stocks_dag, task_id=GOOG, execution_date=20230610T000000, start_date=20230717T195440, end_date=20230717T195441
[2023-07-17 16:54:41,604] {local_task_job.py:156} INFO - Task exited with return code 0
[2023-07-17 16:54:41,693] {local_task_job.py:273} INFO - 0 downstream tasks scheduled from follow-on schedule check
[2023-07-17 21:03:55,503] {taskinstance.py:1159} INFO - Dependencies all met for <TaskInstance: get_stocks_dag.GOOG scheduled__2023-06-10T00:00:00+00:00 [queued]>
[2023-07-17 21:03:55,521] {taskinstance.py:1159} INFO - Dependencies all met for <TaskInstance: get_stocks_dag.GOOG scheduled__2023-06-10T00:00:00+00:00 [queued]>
[2023-07-17 21:03:55,522] {taskinstance.py:1356} INFO - 
--------------------------------------------------------------------------------
[2023-07-17 21:03:55,522] {taskinstance.py:1357} INFO - Starting attempt 1 of 1
[2023-07-17 21:03:55,522] {taskinstance.py:1358} INFO - 
--------------------------------------------------------------------------------
[2023-07-17 21:03:55,544] {taskinstance.py:1377} INFO - Executing <Task(_PythonDecoratedOperator): GOOG> on 2023-06-10 00:00:00+00:00
[2023-07-17 21:03:55,552] {standard_task_runner.py:52} INFO - Started process 26102 to run task
[2023-07-17 21:03:55,558] {standard_task_runner.py:79} INFO - Running: ['airflow', 'tasks', 'run', 'get_stocks_dag', 'GOOG', 'scheduled__2023-06-10T00:00:00+00:00', '--job-id', '606', '--raw', '--subdir', 'DAGS_FOLDER/get_stocks.py', '--cfg-path', '/tmp/tmpo6_cofbe', '--error-file', '/tmp/tmpt7zx7wzy']
[2023-07-17 21:03:55,559] {standard_task_runner.py:80} INFO - Job 606: Subtask GOOG
[2023-07-17 21:03:55,746] {task_command.py:370} INFO - Running <TaskInstance: get_stocks_dag.GOOG scheduled__2023-06-10T00:00:00+00:00 [running]> on host lucas-Estudos
[2023-07-17 21:03:55,984] {taskinstance.py:1569} INFO - Exporting the following env vars:
AIRFLOW_CTX_DAG_OWNER=airflow
AIRFLOW_CTX_DAG_ID=get_stocks_dag
AIRFLOW_CTX_TASK_ID=GOOG
AIRFLOW_CTX_EXECUTION_DATE=2023-06-10T00:00:00+00:00
AIRFLOW_CTX_TRY_NUMBER=1
AIRFLOW_CTX_DAG_RUN_ID=scheduled__2023-06-10T00:00:00+00:00
[2023-07-17 21:04:05,887] {python.py:173} INFO - Done. Returned value was: None
[2023-07-17 21:04:05,945] {taskinstance.py:1395} INFO - Marking task as SUCCESS. dag_id=get_stocks_dag, task_id=GOOG, execution_date=20230610T000000, start_date=20230718T000355, end_date=20230718T000405
[2023-07-17 21:04:06,028] {local_task_job.py:156} INFO - Task exited with return code 0
[2023-07-17 21:04:06,137] {local_task_job.py:273} INFO - 0 downstream tasks scheduled from follow-on schedule check
[2023-07-17 22:08:45,892] {taskinstance.py:1159} INFO - Dependencies all met for <TaskInstance: get_stocks_dag.GOOG scheduled__2023-06-10T00:00:00+00:00 [queued]>
[2023-07-17 22:08:45,901] {taskinstance.py:1159} INFO - Dependencies all met for <TaskInstance: get_stocks_dag.GOOG scheduled__2023-06-10T00:00:00+00:00 [queued]>
[2023-07-17 22:08:45,901] {taskinstance.py:1356} INFO - 
--------------------------------------------------------------------------------
[2023-07-17 22:08:45,902] {taskinstance.py:1357} INFO - Starting attempt 1 of 1
[2023-07-17 22:08:45,902] {taskinstance.py:1358} INFO - 
--------------------------------------------------------------------------------
[2023-07-17 22:08:45,914] {taskinstance.py:1377} INFO - Executing <Task(_PythonDecoratedOperator): GOOG> on 2023-06-10 00:00:00+00:00
[2023-07-17 22:08:45,918] {standard_task_runner.py:52} INFO - Started process 75766 to run task
[2023-07-17 22:08:45,920] {standard_task_runner.py:79} INFO - Running: ['airflow', 'tasks', 'run', 'get_stocks_dag', 'GOOG', 'scheduled__2023-06-10T00:00:00+00:00', '--job-id', '953', '--raw', '--subdir', 'DAGS_FOLDER/get_stocks.py', '--cfg-path', '/tmp/tmpdahu584j', '--error-file', '/tmp/tmpmdiee2ky']
[2023-07-17 22:08:45,920] {standard_task_runner.py:80} INFO - Job 953: Subtask GOOG
[2023-07-17 22:08:45,976] {task_command.py:370} INFO - Running <TaskInstance: get_stocks_dag.GOOG scheduled__2023-06-10T00:00:00+00:00 [running]> on host lucas-Estudos
[2023-07-17 22:08:46,163] {taskinstance.py:1569} INFO - Exporting the following env vars:
AIRFLOW_CTX_DAG_OWNER=airflow
AIRFLOW_CTX_DAG_ID=get_stocks_dag
AIRFLOW_CTX_TASK_ID=GOOG
AIRFLOW_CTX_EXECUTION_DATE=2023-06-10T00:00:00+00:00
AIRFLOW_CTX_TRY_NUMBER=1
AIRFLOW_CTX_DAG_RUN_ID=scheduled__2023-06-10T00:00:00+00:00
[2023-07-17 22:08:49,663] {python.py:173} INFO - Done. Returned value was: None
[2023-07-17 22:08:49,738] {taskinstance.py:1395} INFO - Marking task as SUCCESS. dag_id=get_stocks_dag, task_id=GOOG, execution_date=20230610T000000, start_date=20230718T010845, end_date=20230718T010849
[2023-07-17 22:08:49,829] {local_task_job.py:156} INFO - Task exited with return code 0
[2023-07-17 22:08:49,897] {local_task_job.py:273} INFO - 0 downstream tasks scheduled from follow-on schedule check
[2023-07-18 10:51:29,711] {taskinstance.py:1159} INFO - Dependencies all met for <TaskInstance: get_stocks_dag.GOOG scheduled__2023-06-10T00:00:00+00:00 [queued]>
[2023-07-18 10:51:29,734] {taskinstance.py:1159} INFO - Dependencies all met for <TaskInstance: get_stocks_dag.GOOG scheduled__2023-06-10T00:00:00+00:00 [queued]>
[2023-07-18 10:51:29,734] {taskinstance.py:1356} INFO - 
--------------------------------------------------------------------------------
[2023-07-18 10:51:29,734] {taskinstance.py:1357} INFO - Starting attempt 1 of 1
[2023-07-18 10:51:29,735] {taskinstance.py:1358} INFO - 
--------------------------------------------------------------------------------
[2023-07-18 10:51:29,761] {taskinstance.py:1377} INFO - Executing <Task(_PythonDecoratedOperator): GOOG> on 2023-06-10 00:00:00+00:00
[2023-07-18 10:51:29,770] {standard_task_runner.py:52} INFO - Started process 19322 to run task
[2023-07-18 10:51:29,777] {standard_task_runner.py:79} INFO - Running: ['airflow', 'tasks', 'run', 'get_stocks_dag', 'GOOG', 'scheduled__2023-06-10T00:00:00+00:00', '--job-id', '1431', '--raw', '--subdir', 'DAGS_FOLDER/get_stocks.py', '--cfg-path', '/tmp/tmp4rgn00e4', '--error-file', '/tmp/tmple_iqxzh']
[2023-07-18 10:51:29,779] {standard_task_runner.py:80} INFO - Job 1431: Subtask GOOG
[2023-07-18 10:51:29,961] {task_command.py:370} INFO - Running <TaskInstance: get_stocks_dag.GOOG scheduled__2023-06-10T00:00:00+00:00 [running]> on host lucas-Estudos
[2023-07-18 10:51:30,169] {taskinstance.py:1569} INFO - Exporting the following env vars:
AIRFLOW_CTX_DAG_OWNER=airflow
AIRFLOW_CTX_DAG_ID=get_stocks_dag
AIRFLOW_CTX_TASK_ID=GOOG
AIRFLOW_CTX_EXECUTION_DATE=2023-06-10T00:00:00+00:00
AIRFLOW_CTX_TRY_NUMBER=1
AIRFLOW_CTX_DAG_RUN_ID=scheduled__2023-06-10T00:00:00+00:00
[2023-07-18 10:51:30,675] {python.py:173} INFO - Done. Returned value was: None
[2023-07-18 10:51:30,722] {taskinstance.py:1395} INFO - Marking task as SUCCESS. dag_id=get_stocks_dag, task_id=GOOG, execution_date=20230610T000000, start_date=20230718T135129, end_date=20230718T135130
[2023-07-18 10:51:30,792] {local_task_job.py:156} INFO - Task exited with return code 0
[2023-07-18 10:51:30,900] {local_task_job.py:273} INFO - 0 downstream tasks scheduled from follow-on schedule check
