[2023-07-18 11:08:35,661] {taskinstance.py:1159} INFO - Dependencies all met for <TaskInstance: get_crypto_dag.DOGE scheduled__2023-07-02T00:00:00+00:00 [queued]>
[2023-07-18 11:08:35,690] {taskinstance.py:1159} INFO - Dependencies all met for <TaskInstance: get_crypto_dag.DOGE scheduled__2023-07-02T00:00:00+00:00 [queued]>
[2023-07-18 11:08:35,691] {taskinstance.py:1356} INFO - 
--------------------------------------------------------------------------------
[2023-07-18 11:08:35,691] {taskinstance.py:1357} INFO - Starting attempt 1 of 1
[2023-07-18 11:08:35,691] {taskinstance.py:1358} INFO - 
--------------------------------------------------------------------------------
[2023-07-18 11:08:35,730] {taskinstance.py:1377} INFO - Executing <Task(_PythonDecoratedOperator): DOGE> on 2023-07-02 00:00:00+00:00
[2023-07-18 11:08:35,740] {standard_task_runner.py:52} INFO - Started process 27335 to run task
[2023-07-18 11:08:35,747] {standard_task_runner.py:79} INFO - Running: ['airflow', 'tasks', 'run', 'get_crypto_dag', 'DOGE', 'scheduled__2023-07-02T00:00:00+00:00', '--job-id', '1584', '--raw', '--subdir', 'DAGS_FOLDER/get_crypto.py', '--cfg-path', '/tmp/tmpwjkstzrj', '--error-file', '/tmp/tmptbwffh0j']
[2023-07-18 11:08:35,750] {standard_task_runner.py:80} INFO - Job 1584: Subtask DOGE
[2023-07-18 11:08:35,944] {task_command.py:370} INFO - Running <TaskInstance: get_crypto_dag.DOGE scheduled__2023-07-02T00:00:00+00:00 [running]> on host lucas-Estudos
[2023-07-18 11:08:36,190] {taskinstance.py:1569} INFO - Exporting the following env vars:
AIRFLOW_CTX_DAG_OWNER=airflow
AIRFLOW_CTX_DAG_ID=get_crypto_dag
AIRFLOW_CTX_TASK_ID=DOGE
AIRFLOW_CTX_EXECUTION_DATE=2023-07-02T00:00:00+00:00
AIRFLOW_CTX_TRY_NUMBER=1
AIRFLOW_CTX_DAG_RUN_ID=scheduled__2023-07-02T00:00:00+00:00
[2023-07-18 11:08:36,658] {base.py:162} ERROR - DOGE: No timezone found, symbol may be delisted
[2023-07-18 11:08:36,666] {python.py:173} INFO - Done. Returned value was: None
[2023-07-18 11:08:36,716] {taskinstance.py:1395} INFO - Marking task as SUCCESS. dag_id=get_crypto_dag, task_id=DOGE, execution_date=20230702T000000, start_date=20230718T140835, end_date=20230718T140836
[2023-07-18 11:08:36,762] {local_task_job.py:156} INFO - Task exited with return code 0
[2023-07-18 11:08:37,000] {local_task_job.py:273} INFO - 0 downstream tasks scheduled from follow-on schedule check
