[2023-07-17 21:59:48,414] {taskinstance.py:1159} INFO - Dependencies all met for <TaskInstance: get_crypto_dag.DOGE scheduled__2023-05-15T00:00:00+00:00 [queued]>
[2023-07-17 21:59:48,426] {taskinstance.py:1159} INFO - Dependencies all met for <TaskInstance: get_crypto_dag.DOGE scheduled__2023-05-15T00:00:00+00:00 [queued]>
[2023-07-17 21:59:48,426] {taskinstance.py:1356} INFO - 
--------------------------------------------------------------------------------
[2023-07-17 21:59:48,427] {taskinstance.py:1357} INFO - Starting attempt 1 of 1
[2023-07-17 21:59:48,427] {taskinstance.py:1358} INFO - 
--------------------------------------------------------------------------------
[2023-07-17 21:59:48,442] {taskinstance.py:1377} INFO - Executing <Task(_PythonDecoratedOperator): DOGE> on 2023-05-15 00:00:00+00:00
[2023-07-17 21:59:48,450] {standard_task_runner.py:52} INFO - Started process 57579 to run task
[2023-07-17 21:59:48,454] {standard_task_runner.py:79} INFO - Running: ['airflow', 'tasks', 'run', 'get_crypto_dag', 'DOGE', 'scheduled__2023-05-15T00:00:00+00:00', '--job-id', '820', '--raw', '--subdir', 'DAGS_FOLDER/get_crypto.py', '--cfg-path', '/tmp/tmpiddpbi6d', '--error-file', '/tmp/tmpn9uu4m4m']
[2023-07-17 21:59:48,455] {standard_task_runner.py:80} INFO - Job 820: Subtask DOGE
[2023-07-17 21:59:48,558] {task_command.py:370} INFO - Running <TaskInstance: get_crypto_dag.DOGE scheduled__2023-05-15T00:00:00+00:00 [running]> on host lucas-Estudos
[2023-07-17 21:59:48,677] {taskinstance.py:1569} INFO - Exporting the following env vars:
AIRFLOW_CTX_DAG_OWNER=airflow
AIRFLOW_CTX_DAG_ID=get_crypto_dag
AIRFLOW_CTX_TASK_ID=DOGE
AIRFLOW_CTX_EXECUTION_DATE=2023-05-15T00:00:00+00:00
AIRFLOW_CTX_TRY_NUMBER=1
AIRFLOW_CTX_DAG_RUN_ID=scheduled__2023-05-15T00:00:00+00:00
[2023-07-17 21:59:52,403] {base.py:162} ERROR - DOGE: No timezone found, symbol may be delisted
[2023-07-17 21:59:52,411] {python.py:173} INFO - Done. Returned value was: None
[2023-07-17 21:59:52,441] {taskinstance.py:1395} INFO - Marking task as SUCCESS. dag_id=get_crypto_dag, task_id=DOGE, execution_date=20230515T000000, start_date=20230718T005948, end_date=20230718T005952
[2023-07-17 21:59:52,486] {local_task_job.py:156} INFO - Task exited with return code 0
[2023-07-17 21:59:52,527] {local_task_job.py:273} INFO - 0 downstream tasks scheduled from follow-on schedule check
[2023-07-18 10:31:59,326] {taskinstance.py:1159} INFO - Dependencies all met for <TaskInstance: get_crypto_dag.DOGE scheduled__2023-05-15T00:00:00+00:00 [queued]>
[2023-07-18 10:31:59,354] {taskinstance.py:1159} INFO - Dependencies all met for <TaskInstance: get_crypto_dag.DOGE scheduled__2023-05-15T00:00:00+00:00 [queued]>
[2023-07-18 10:31:59,354] {taskinstance.py:1356} INFO - 
--------------------------------------------------------------------------------
[2023-07-18 10:31:59,354] {taskinstance.py:1357} INFO - Starting attempt 1 of 1
[2023-07-18 10:31:59,354] {taskinstance.py:1358} INFO - 
--------------------------------------------------------------------------------
[2023-07-18 10:31:59,386] {taskinstance.py:1377} INFO - Executing <Task(_PythonDecoratedOperator): DOGE> on 2023-05-15 00:00:00+00:00
[2023-07-18 10:31:59,398] {standard_task_runner.py:52} INFO - Started process 13132 to run task
[2023-07-18 10:31:59,406] {standard_task_runner.py:79} INFO - Running: ['airflow', 'tasks', 'run', 'get_crypto_dag', 'DOGE', 'scheduled__2023-05-15T00:00:00+00:00', '--job-id', '1252', '--raw', '--subdir', 'DAGS_FOLDER/get_crypto.py', '--cfg-path', '/tmp/tmpg1wxga1t', '--error-file', '/tmp/tmph8kzlb05']
[2023-07-18 10:31:59,409] {standard_task_runner.py:80} INFO - Job 1252: Subtask DOGE
[2023-07-18 10:31:59,604] {task_command.py:370} INFO - Running <TaskInstance: get_crypto_dag.DOGE scheduled__2023-05-15T00:00:00+00:00 [running]> on host lucas-Estudos
[2023-07-18 10:31:59,829] {taskinstance.py:1569} INFO - Exporting the following env vars:
AIRFLOW_CTX_DAG_OWNER=airflow
AIRFLOW_CTX_DAG_ID=get_crypto_dag
AIRFLOW_CTX_TASK_ID=DOGE
AIRFLOW_CTX_EXECUTION_DATE=2023-05-15T00:00:00+00:00
AIRFLOW_CTX_TRY_NUMBER=1
AIRFLOW_CTX_DAG_RUN_ID=scheduled__2023-05-15T00:00:00+00:00
[2023-07-18 10:32:00,425] {base.py:162} ERROR - DOGE: No timezone found, symbol may be delisted
[2023-07-18 10:32:00,434] {python.py:173} INFO - Done. Returned value was: None
[2023-07-18 10:32:00,478] {taskinstance.py:1395} INFO - Marking task as SUCCESS. dag_id=get_crypto_dag, task_id=DOGE, execution_date=20230515T000000, start_date=20230718T133159, end_date=20230718T133200
[2023-07-18 10:32:00,541] {local_task_job.py:156} INFO - Task exited with return code 0
[2023-07-18 10:32:00,646] {local_task_job.py:273} INFO - 0 downstream tasks scheduled from follow-on schedule check
