[2023-07-17 22:12:42,577] {taskinstance.py:1159} INFO - Dependencies all met for <TaskInstance: get_crypto_dag.DOGE scheduled__2023-06-08T00:00:00+00:00 [queued]>
[2023-07-17 22:12:42,594] {taskinstance.py:1159} INFO - Dependencies all met for <TaskInstance: get_crypto_dag.DOGE scheduled__2023-06-08T00:00:00+00:00 [queued]>
[2023-07-17 22:12:42,594] {taskinstance.py:1356} INFO - 
--------------------------------------------------------------------------------
[2023-07-17 22:12:42,594] {taskinstance.py:1357} INFO - Starting attempt 1 of 1
[2023-07-17 22:12:42,594] {taskinstance.py:1358} INFO - 
--------------------------------------------------------------------------------
[2023-07-17 22:12:42,609] {taskinstance.py:1377} INFO - Executing <Task(_PythonDecoratedOperator): DOGE> on 2023-06-08 00:00:00+00:00
[2023-07-17 22:12:42,616] {standard_task_runner.py:52} INFO - Started process 83778 to run task
[2023-07-17 22:12:42,620] {standard_task_runner.py:79} INFO - Running: ['airflow', 'tasks', 'run', 'get_crypto_dag', 'DOGE', 'scheduled__2023-06-08T00:00:00+00:00', '--job-id', '1011', '--raw', '--subdir', 'DAGS_FOLDER/get_crypto.py', '--cfg-path', '/tmp/tmpu6f6ie5k', '--error-file', '/tmp/tmpbccpj2m0']
[2023-07-17 22:12:42,621] {standard_task_runner.py:80} INFO - Job 1011: Subtask DOGE
[2023-07-17 22:12:42,699] {task_command.py:370} INFO - Running <TaskInstance: get_crypto_dag.DOGE scheduled__2023-06-08T00:00:00+00:00 [running]> on host lucas-Estudos
[2023-07-17 22:12:42,764] {taskinstance.py:1569} INFO - Exporting the following env vars:
AIRFLOW_CTX_DAG_OWNER=airflow
AIRFLOW_CTX_DAG_ID=get_crypto_dag
AIRFLOW_CTX_TASK_ID=DOGE
AIRFLOW_CTX_EXECUTION_DATE=2023-06-08T00:00:00+00:00
AIRFLOW_CTX_TRY_NUMBER=1
AIRFLOW_CTX_DAG_RUN_ID=scheduled__2023-06-08T00:00:00+00:00
[2023-07-17 22:12:51,483] {base.py:162} ERROR - DOGE: No timezone found, symbol may be delisted
[2023-07-17 22:12:51,490] {python.py:173} INFO - Done. Returned value was: None
[2023-07-17 22:12:51,570] {taskinstance.py:1395} INFO - Marking task as SUCCESS. dag_id=get_crypto_dag, task_id=DOGE, execution_date=20230608T000000, start_date=20230718T011242, end_date=20230718T011251
[2023-07-17 22:12:51,645] {local_task_job.py:156} INFO - Task exited with return code 0
[2023-07-17 22:12:51,744] {local_task_job.py:273} INFO - 0 downstream tasks scheduled from follow-on schedule check
[2023-07-18 10:50:01,659] {taskinstance.py:1159} INFO - Dependencies all met for <TaskInstance: get_crypto_dag.DOGE scheduled__2023-06-08T00:00:00+00:00 [queued]>
[2023-07-18 10:50:01,688] {taskinstance.py:1159} INFO - Dependencies all met for <TaskInstance: get_crypto_dag.DOGE scheduled__2023-06-08T00:00:00+00:00 [queued]>
[2023-07-18 10:50:01,689] {taskinstance.py:1356} INFO - 
--------------------------------------------------------------------------------
[2023-07-18 10:50:01,689] {taskinstance.py:1357} INFO - Starting attempt 1 of 1
[2023-07-18 10:50:01,689] {taskinstance.py:1358} INFO - 
--------------------------------------------------------------------------------
[2023-07-18 10:50:01,723] {taskinstance.py:1377} INFO - Executing <Task(_PythonDecoratedOperator): DOGE> on 2023-06-08 00:00:00+00:00
[2023-07-18 10:50:01,734] {standard_task_runner.py:52} INFO - Started process 18250 to run task
[2023-07-18 10:50:01,742] {standard_task_runner.py:79} INFO - Running: ['airflow', 'tasks', 'run', 'get_crypto_dag', 'DOGE', 'scheduled__2023-06-08T00:00:00+00:00', '--job-id', '1417', '--raw', '--subdir', 'DAGS_FOLDER/get_crypto.py', '--cfg-path', '/tmp/tmpfdwwlym3', '--error-file', '/tmp/tmpuz9_pk08']
[2023-07-18 10:50:01,744] {standard_task_runner.py:80} INFO - Job 1417: Subtask DOGE
[2023-07-18 10:50:01,942] {task_command.py:370} INFO - Running <TaskInstance: get_crypto_dag.DOGE scheduled__2023-06-08T00:00:00+00:00 [running]> on host lucas-Estudos
[2023-07-18 10:50:02,144] {taskinstance.py:1569} INFO - Exporting the following env vars:
AIRFLOW_CTX_DAG_OWNER=airflow
AIRFLOW_CTX_DAG_ID=get_crypto_dag
AIRFLOW_CTX_TASK_ID=DOGE
AIRFLOW_CTX_EXECUTION_DATE=2023-06-08T00:00:00+00:00
AIRFLOW_CTX_TRY_NUMBER=1
AIRFLOW_CTX_DAG_RUN_ID=scheduled__2023-06-08T00:00:00+00:00
[2023-07-18 10:50:02,725] {base.py:162} ERROR - DOGE: No timezone found, symbol may be delisted
[2023-07-18 10:50:02,727] {python.py:173} INFO - Done. Returned value was: None
[2023-07-18 10:50:02,743] {taskinstance.py:1395} INFO - Marking task as SUCCESS. dag_id=get_crypto_dag, task_id=DOGE, execution_date=20230608T000000, start_date=20230718T135001, end_date=20230718T135002
[2023-07-18 10:50:02,798] {local_task_job.py:156} INFO - Task exited with return code 0
[2023-07-18 10:50:02,988] {local_task_job.py:273} INFO - 0 downstream tasks scheduled from follow-on schedule check
