[2023-07-17 16:23:23,791] {taskinstance.py:1159} INFO - Dependencies all met for <TaskInstance: get_stocks_dag.AAPL scheduled__2023-06-15T00:00:00+00:00 [queued]>
[2023-07-17 16:23:23,804] {taskinstance.py:1159} INFO - Dependencies all met for <TaskInstance: get_stocks_dag.AAPL scheduled__2023-06-15T00:00:00+00:00 [queued]>
[2023-07-17 16:23:23,804] {taskinstance.py:1356} INFO - 
--------------------------------------------------------------------------------
[2023-07-17 16:23:23,805] {taskinstance.py:1357} INFO - Starting attempt 1 of 1
[2023-07-17 16:23:23,805] {taskinstance.py:1358} INFO - 
--------------------------------------------------------------------------------
[2023-07-17 16:23:23,832] {taskinstance.py:1377} INFO - Executing <Task(_PythonDecoratedOperator): AAPL> on 2023-06-15 00:00:00+00:00
[2023-07-17 16:23:23,840] {standard_task_runner.py:52} INFO - Started process 10506 to run task
[2023-07-17 16:23:23,856] {standard_task_runner.py:79} INFO - Running: ['airflow', 'tasks', 'run', 'get_stocks_dag', 'AAPL', 'scheduled__2023-06-15T00:00:00+00:00', '--job-id', '183', '--raw', '--subdir', 'DAGS_FOLDER/get_stocks.py', '--cfg-path', '/tmp/tmpzkqrh1ms', '--error-file', '/tmp/tmp79rl0a50']
[2023-07-17 16:23:23,857] {standard_task_runner.py:80} INFO - Job 183: Subtask AAPL
[2023-07-17 16:23:23,971] {task_command.py:370} INFO - Running <TaskInstance: get_stocks_dag.AAPL scheduled__2023-06-15T00:00:00+00:00 [running]> on host lucas-Estudos
[2023-07-17 16:23:24,114] {taskinstance.py:1569} INFO - Exporting the following env vars:
AIRFLOW_CTX_DAG_OWNER=airflow
AIRFLOW_CTX_DAG_ID=get_stocks_dag
AIRFLOW_CTX_TASK_ID=AAPL
AIRFLOW_CTX_EXECUTION_DATE=2023-06-15T00:00:00+00:00
AIRFLOW_CTX_TRY_NUMBER=1
AIRFLOW_CTX_DAG_RUN_ID=scheduled__2023-06-15T00:00:00+00:00
[2023-07-17 16:23:24,596] {python.py:173} INFO - Done. Returned value was: None
[2023-07-17 16:23:24,654] {taskinstance.py:1395} INFO - Marking task as SUCCESS. dag_id=get_stocks_dag, task_id=AAPL, execution_date=20230615T000000, start_date=20230717T192323, end_date=20230717T192324
[2023-07-17 16:23:24,725] {local_task_job.py:156} INFO - Task exited with return code 0
[2023-07-17 16:23:24,883] {local_task_job.py:273} INFO - 0 downstream tasks scheduled from follow-on schedule check
[2023-07-17 16:54:42,678] {taskinstance.py:1159} INFO - Dependencies all met for <TaskInstance: get_stocks_dag.AAPL scheduled__2023-06-15T00:00:00+00:00 [queued]>
[2023-07-17 16:54:42,701] {taskinstance.py:1159} INFO - Dependencies all met for <TaskInstance: get_stocks_dag.AAPL scheduled__2023-06-15T00:00:00+00:00 [queued]>
[2023-07-17 16:54:42,701] {taskinstance.py:1356} INFO - 
--------------------------------------------------------------------------------
[2023-07-17 16:54:42,701] {taskinstance.py:1357} INFO - Starting attempt 1 of 1
[2023-07-17 16:54:42,701] {taskinstance.py:1358} INFO - 
--------------------------------------------------------------------------------
[2023-07-17 16:54:42,737] {taskinstance.py:1377} INFO - Executing <Task(_PythonDecoratedOperator): AAPL> on 2023-06-15 00:00:00+00:00
[2023-07-17 16:54:42,756] {standard_task_runner.py:52} INFO - Started process 23145 to run task
[2023-07-17 16:54:42,771] {standard_task_runner.py:79} INFO - Running: ['airflow', 'tasks', 'run', 'get_stocks_dag', 'AAPL', 'scheduled__2023-06-15T00:00:00+00:00', '--job-id', '398', '--raw', '--subdir', 'DAGS_FOLDER/get_stocks.py', '--cfg-path', '/tmp/tmp1p4fkpem', '--error-file', '/tmp/tmpxgvd3yug']
[2023-07-17 16:54:42,778] {standard_task_runner.py:80} INFO - Job 398: Subtask AAPL
[2023-07-17 16:54:42,944] {task_command.py:370} INFO - Running <TaskInstance: get_stocks_dag.AAPL scheduled__2023-06-15T00:00:00+00:00 [running]> on host lucas-Estudos
[2023-07-17 16:54:43,126] {taskinstance.py:1569} INFO - Exporting the following env vars:
AIRFLOW_CTX_DAG_OWNER=airflow
AIRFLOW_CTX_DAG_ID=get_stocks_dag
AIRFLOW_CTX_TASK_ID=AAPL
AIRFLOW_CTX_EXECUTION_DATE=2023-06-15T00:00:00+00:00
AIRFLOW_CTX_TRY_NUMBER=1
AIRFLOW_CTX_DAG_RUN_ID=scheduled__2023-06-15T00:00:00+00:00
[2023-07-17 16:54:43,611] {python.py:173} INFO - Done. Returned value was: None
[2023-07-17 16:54:43,645] {taskinstance.py:1395} INFO - Marking task as SUCCESS. dag_id=get_stocks_dag, task_id=AAPL, execution_date=20230615T000000, start_date=20230717T195442, end_date=20230717T195443
[2023-07-17 16:54:43,683] {local_task_job.py:156} INFO - Task exited with return code 0
[2023-07-17 16:54:43,752] {local_task_job.py:273} INFO - 0 downstream tasks scheduled from follow-on schedule check
[2023-07-17 21:04:31,771] {taskinstance.py:1159} INFO - Dependencies all met for <TaskInstance: get_stocks_dag.AAPL scheduled__2023-06-15T00:00:00+00:00 [queued]>
[2023-07-17 21:04:31,795] {taskinstance.py:1159} INFO - Dependencies all met for <TaskInstance: get_stocks_dag.AAPL scheduled__2023-06-15T00:00:00+00:00 [queued]>
[2023-07-17 21:04:31,796] {taskinstance.py:1356} INFO - 
--------------------------------------------------------------------------------
[2023-07-17 21:04:31,796] {taskinstance.py:1357} INFO - Starting attempt 1 of 1
[2023-07-17 21:04:31,796] {taskinstance.py:1358} INFO - 
--------------------------------------------------------------------------------
[2023-07-17 21:04:31,825] {taskinstance.py:1377} INFO - Executing <Task(_PythonDecoratedOperator): AAPL> on 2023-06-15 00:00:00+00:00
[2023-07-17 21:04:31,834] {standard_task_runner.py:52} INFO - Started process 27084 to run task
[2023-07-17 21:04:31,841] {standard_task_runner.py:79} INFO - Running: ['airflow', 'tasks', 'run', 'get_stocks_dag', 'AAPL', 'scheduled__2023-06-15T00:00:00+00:00', '--job-id', '616', '--raw', '--subdir', 'DAGS_FOLDER/get_stocks.py', '--cfg-path', '/tmp/tmp_i1f6c3o', '--error-file', '/tmp/tmpdnmq5_cm']
[2023-07-17 21:04:31,844] {standard_task_runner.py:80} INFO - Job 616: Subtask AAPL
[2023-07-17 21:04:32,027] {task_command.py:370} INFO - Running <TaskInstance: get_stocks_dag.AAPL scheduled__2023-06-15T00:00:00+00:00 [running]> on host lucas-Estudos
[2023-07-17 21:04:32,249] {taskinstance.py:1569} INFO - Exporting the following env vars:
AIRFLOW_CTX_DAG_OWNER=airflow
AIRFLOW_CTX_DAG_ID=get_stocks_dag
AIRFLOW_CTX_TASK_ID=AAPL
AIRFLOW_CTX_EXECUTION_DATE=2023-06-15T00:00:00+00:00
AIRFLOW_CTX_TRY_NUMBER=1
AIRFLOW_CTX_DAG_RUN_ID=scheduled__2023-06-15T00:00:00+00:00
[2023-07-17 21:04:44,280] {python.py:173} INFO - Done. Returned value was: None
[2023-07-17 21:04:44,331] {taskinstance.py:1395} INFO - Marking task as SUCCESS. dag_id=get_stocks_dag, task_id=AAPL, execution_date=20230615T000000, start_date=20230718T000431, end_date=20230718T000444
[2023-07-17 21:04:44,393] {local_task_job.py:156} INFO - Task exited with return code 0
[2023-07-17 21:04:44,497] {local_task_job.py:273} INFO - 0 downstream tasks scheduled from follow-on schedule check
[2023-07-17 22:10:01,124] {taskinstance.py:1159} INFO - Dependencies all met for <TaskInstance: get_stocks_dag.AAPL scheduled__2023-06-15T00:00:00+00:00 [queued]>
[2023-07-17 22:10:01,152] {taskinstance.py:1159} INFO - Dependencies all met for <TaskInstance: get_stocks_dag.AAPL scheduled__2023-06-15T00:00:00+00:00 [queued]>
[2023-07-17 22:10:01,153] {taskinstance.py:1356} INFO - 
--------------------------------------------------------------------------------
[2023-07-17 22:10:01,153] {taskinstance.py:1357} INFO - Starting attempt 1 of 1
[2023-07-17 22:10:01,153] {taskinstance.py:1358} INFO - 
--------------------------------------------------------------------------------
[2023-07-17 22:10:01,180] {taskinstance.py:1377} INFO - Executing <Task(_PythonDecoratedOperator): AAPL> on 2023-06-15 00:00:00+00:00
[2023-07-17 22:10:01,187] {standard_task_runner.py:52} INFO - Started process 78317 to run task
[2023-07-17 22:10:01,191] {standard_task_runner.py:79} INFO - Running: ['airflow', 'tasks', 'run', 'get_stocks_dag', 'AAPL', 'scheduled__2023-06-15T00:00:00+00:00', '--job-id', '972', '--raw', '--subdir', 'DAGS_FOLDER/get_stocks.py', '--cfg-path', '/tmp/tmpnfezt5r9', '--error-file', '/tmp/tmpfd4jt0hq']
[2023-07-17 22:10:01,191] {standard_task_runner.py:80} INFO - Job 972: Subtask AAPL
[2023-07-17 22:10:01,258] {task_command.py:370} INFO - Running <TaskInstance: get_stocks_dag.AAPL scheduled__2023-06-15T00:00:00+00:00 [running]> on host lucas-Estudos
[2023-07-17 22:10:01,342] {taskinstance.py:1569} INFO - Exporting the following env vars:
AIRFLOW_CTX_DAG_OWNER=airflow
AIRFLOW_CTX_DAG_ID=get_stocks_dag
AIRFLOW_CTX_TASK_ID=AAPL
AIRFLOW_CTX_EXECUTION_DATE=2023-06-15T00:00:00+00:00
AIRFLOW_CTX_TRY_NUMBER=1
AIRFLOW_CTX_DAG_RUN_ID=scheduled__2023-06-15T00:00:00+00:00
[2023-07-17 22:10:05,041] {python.py:173} INFO - Done. Returned value was: None
[2023-07-17 22:10:05,095] {taskinstance.py:1395} INFO - Marking task as SUCCESS. dag_id=get_stocks_dag, task_id=AAPL, execution_date=20230615T000000, start_date=20230718T011001, end_date=20230718T011005
[2023-07-17 22:10:05,138] {local_task_job.py:156} INFO - Task exited with return code 0
[2023-07-17 22:10:05,263] {local_task_job.py:273} INFO - 0 downstream tasks scheduled from follow-on schedule check
[2023-07-18 10:55:24,173] {taskinstance.py:1159} INFO - Dependencies all met for <TaskInstance: get_stocks_dag.AAPL scheduled__2023-06-15T00:00:00+00:00 [queued]>
[2023-07-18 10:55:24,196] {taskinstance.py:1159} INFO - Dependencies all met for <TaskInstance: get_stocks_dag.AAPL scheduled__2023-06-15T00:00:00+00:00 [queued]>
[2023-07-18 10:55:24,196] {taskinstance.py:1356} INFO - 
--------------------------------------------------------------------------------
[2023-07-18 10:55:24,196] {taskinstance.py:1357} INFO - Starting attempt 1 of 1
[2023-07-18 10:55:24,197] {taskinstance.py:1358} INFO - 
--------------------------------------------------------------------------------
[2023-07-18 10:55:24,223] {taskinstance.py:1377} INFO - Executing <Task(_PythonDecoratedOperator): AAPL> on 2023-06-15 00:00:00+00:00
[2023-07-18 10:55:24,232] {standard_task_runner.py:52} INFO - Started process 21516 to run task
[2023-07-18 10:55:24,239] {standard_task_runner.py:79} INFO - Running: ['airflow', 'tasks', 'run', 'get_stocks_dag', 'AAPL', 'scheduled__2023-06-15T00:00:00+00:00', '--job-id', '1466', '--raw', '--subdir', 'DAGS_FOLDER/get_stocks.py', '--cfg-path', '/tmp/tmp84oeexre', '--error-file', '/tmp/tmp_2d_7uzs']
[2023-07-18 10:55:24,241] {standard_task_runner.py:80} INFO - Job 1466: Subtask AAPL
[2023-07-18 10:55:24,425] {task_command.py:370} INFO - Running <TaskInstance: get_stocks_dag.AAPL scheduled__2023-06-15T00:00:00+00:00 [running]> on host lucas-Estudos
[2023-07-18 10:55:24,645] {taskinstance.py:1569} INFO - Exporting the following env vars:
AIRFLOW_CTX_DAG_OWNER=airflow
AIRFLOW_CTX_DAG_ID=get_stocks_dag
AIRFLOW_CTX_TASK_ID=AAPL
AIRFLOW_CTX_EXECUTION_DATE=2023-06-15T00:00:00+00:00
AIRFLOW_CTX_TRY_NUMBER=1
AIRFLOW_CTX_DAG_RUN_ID=scheduled__2023-06-15T00:00:00+00:00
[2023-07-18 10:55:25,349] {python.py:173} INFO - Done. Returned value was: None
[2023-07-18 10:55:25,403] {taskinstance.py:1395} INFO - Marking task as SUCCESS. dag_id=get_stocks_dag, task_id=AAPL, execution_date=20230615T000000, start_date=20230718T135524, end_date=20230718T135525
[2023-07-18 10:55:25,455] {local_task_job.py:156} INFO - Task exited with return code 0
[2023-07-18 10:55:25,555] {local_task_job.py:273} INFO - 0 downstream tasks scheduled from follow-on schedule check
