[2023-07-17 22:10:56,492] {taskinstance.py:1159} INFO - Dependencies all met for <TaskInstance: get_crypto_dag.AVAX scheduled__2023-06-05T00:00:00+00:00 [queued]>
[2023-07-17 22:10:56,513] {taskinstance.py:1159} INFO - Dependencies all met for <TaskInstance: get_crypto_dag.AVAX scheduled__2023-06-05T00:00:00+00:00 [queued]>
[2023-07-17 22:10:56,513] {taskinstance.py:1356} INFO - 
--------------------------------------------------------------------------------
[2023-07-17 22:10:56,513] {taskinstance.py:1357} INFO - Starting attempt 1 of 1
[2023-07-17 22:10:56,513] {taskinstance.py:1358} INFO - 
--------------------------------------------------------------------------------
[2023-07-17 22:10:56,534] {taskinstance.py:1377} INFO - Executing <Task(_PythonDecoratedOperator): AVAX> on 2023-06-05 00:00:00+00:00
[2023-07-17 22:10:56,541] {standard_task_runner.py:52} INFO - Started process 80203 to run task
[2023-07-17 22:10:56,544] {standard_task_runner.py:79} INFO - Running: ['airflow', 'tasks', 'run', 'get_crypto_dag', 'AVAX', 'scheduled__2023-06-05T00:00:00+00:00', '--job-id', '986', '--raw', '--subdir', 'DAGS_FOLDER/get_crypto.py', '--cfg-path', '/tmp/tmp9pkrdx68', '--error-file', '/tmp/tmp2hpyczjn']
[2023-07-17 22:10:56,545] {standard_task_runner.py:80} INFO - Job 986: Subtask AVAX
[2023-07-17 22:10:56,604] {task_command.py:370} INFO - Running <TaskInstance: get_crypto_dag.AVAX scheduled__2023-06-05T00:00:00+00:00 [running]> on host lucas-Estudos
[2023-07-17 22:10:56,683] {taskinstance.py:1569} INFO - Exporting the following env vars:
AIRFLOW_CTX_DAG_OWNER=airflow
AIRFLOW_CTX_DAG_ID=get_crypto_dag
AIRFLOW_CTX_TASK_ID=AVAX
AIRFLOW_CTX_EXECUTION_DATE=2023-06-05T00:00:00+00:00
AIRFLOW_CTX_TRY_NUMBER=1
AIRFLOW_CTX_DAG_RUN_ID=scheduled__2023-06-05T00:00:00+00:00
[2023-07-17 22:11:07,545] {base.py:162} ERROR - AVAX: No timezone found, symbol may be delisted
[2023-07-17 22:11:07,553] {python.py:173} INFO - Done. Returned value was: None
[2023-07-17 22:11:07,611] {taskinstance.py:1395} INFO - Marking task as SUCCESS. dag_id=get_crypto_dag, task_id=AVAX, execution_date=20230605T000000, start_date=20230718T011056, end_date=20230718T011107
[2023-07-17 22:11:07,664] {local_task_job.py:156} INFO - Task exited with return code 0
[2023-07-17 22:11:07,809] {local_task_job.py:273} INFO - 0 downstream tasks scheduled from follow-on schedule check
[2023-07-18 10:47:49,423] {taskinstance.py:1159} INFO - Dependencies all met for <TaskInstance: get_crypto_dag.AVAX scheduled__2023-06-05T00:00:00+00:00 [queued]>
[2023-07-18 10:47:49,450] {taskinstance.py:1159} INFO - Dependencies all met for <TaskInstance: get_crypto_dag.AVAX scheduled__2023-06-05T00:00:00+00:00 [queued]>
[2023-07-18 10:47:49,451] {taskinstance.py:1356} INFO - 
--------------------------------------------------------------------------------
[2023-07-18 10:47:49,452] {taskinstance.py:1357} INFO - Starting attempt 1 of 1
[2023-07-18 10:47:49,452] {taskinstance.py:1358} INFO - 
--------------------------------------------------------------------------------
[2023-07-18 10:47:49,485] {taskinstance.py:1377} INFO - Executing <Task(_PythonDecoratedOperator): AVAX> on 2023-06-05 00:00:00+00:00
[2023-07-18 10:47:49,498] {standard_task_runner.py:52} INFO - Started process 17649 to run task
[2023-07-18 10:47:49,506] {standard_task_runner.py:79} INFO - Running: ['airflow', 'tasks', 'run', 'get_crypto_dag', 'AVAX', 'scheduled__2023-06-05T00:00:00+00:00', '--job-id', '1396', '--raw', '--subdir', 'DAGS_FOLDER/get_crypto.py', '--cfg-path', '/tmp/tmp2cj83ak2', '--error-file', '/tmp/tmponilma00']
[2023-07-18 10:47:49,509] {standard_task_runner.py:80} INFO - Job 1396: Subtask AVAX
[2023-07-18 10:47:49,712] {task_command.py:370} INFO - Running <TaskInstance: get_crypto_dag.AVAX scheduled__2023-06-05T00:00:00+00:00 [running]> on host lucas-Estudos
[2023-07-18 10:47:49,954] {taskinstance.py:1569} INFO - Exporting the following env vars:
AIRFLOW_CTX_DAG_OWNER=airflow
AIRFLOW_CTX_DAG_ID=get_crypto_dag
AIRFLOW_CTX_TASK_ID=AVAX
AIRFLOW_CTX_EXECUTION_DATE=2023-06-05T00:00:00+00:00
AIRFLOW_CTX_TRY_NUMBER=1
AIRFLOW_CTX_DAG_RUN_ID=scheduled__2023-06-05T00:00:00+00:00
[2023-07-18 10:47:50,509] {base.py:162} ERROR - AVAX: No timezone found, symbol may be delisted
[2023-07-18 10:47:50,516] {python.py:173} INFO - Done. Returned value was: None
[2023-07-18 10:47:50,578] {taskinstance.py:1395} INFO - Marking task as SUCCESS. dag_id=get_crypto_dag, task_id=AVAX, execution_date=20230605T000000, start_date=20230718T134749, end_date=20230718T134750
[2023-07-18 10:47:50,641] {local_task_job.py:156} INFO - Task exited with return code 0
[2023-07-18 10:47:50,761] {local_task_job.py:273} INFO - 0 downstream tasks scheduled from follow-on schedule check
