[2023-07-17 16:23:33,856] {taskinstance.py:1159} INFO - Dependencies all met for <TaskInstance: get_stocks_dag.MSFT scheduled__2023-06-24T00:00:00+00:00 [queued]>
[2023-07-17 16:23:33,871] {taskinstance.py:1159} INFO - Dependencies all met for <TaskInstance: get_stocks_dag.MSFT scheduled__2023-06-24T00:00:00+00:00 [queued]>
[2023-07-17 16:23:33,871] {taskinstance.py:1356} INFO - 
--------------------------------------------------------------------------------
[2023-07-17 16:23:33,871] {taskinstance.py:1357} INFO - Starting attempt 1 of 1
[2023-07-17 16:23:33,871] {taskinstance.py:1358} INFO - 
--------------------------------------------------------------------------------
[2023-07-17 16:23:33,896] {taskinstance.py:1377} INFO - Executing <Task(_PythonDecoratedOperator): MSFT> on 2023-06-24 00:00:00+00:00
[2023-07-17 16:23:33,907] {standard_task_runner.py:52} INFO - Started process 11310 to run task
[2023-07-17 16:23:33,916] {standard_task_runner.py:79} INFO - Running: ['airflow', 'tasks', 'run', 'get_stocks_dag', 'MSFT', 'scheduled__2023-06-24T00:00:00+00:00', '--job-id', '211', '--raw', '--subdir', 'DAGS_FOLDER/get_stocks.py', '--cfg-path', '/tmp/tmpfg09sy9h', '--error-file', '/tmp/tmpemcm8uxo']
[2023-07-17 16:23:33,917] {standard_task_runner.py:80} INFO - Job 211: Subtask MSFT
[2023-07-17 16:23:34,148] {task_command.py:370} INFO - Running <TaskInstance: get_stocks_dag.MSFT scheduled__2023-06-24T00:00:00+00:00 [running]> on host lucas-Estudos
[2023-07-17 16:23:34,382] {taskinstance.py:1569} INFO - Exporting the following env vars:
AIRFLOW_CTX_DAG_OWNER=airflow
AIRFLOW_CTX_DAG_ID=get_stocks_dag
AIRFLOW_CTX_TASK_ID=MSFT
AIRFLOW_CTX_EXECUTION_DATE=2023-06-24T00:00:00+00:00
AIRFLOW_CTX_TRY_NUMBER=1
AIRFLOW_CTX_DAG_RUN_ID=scheduled__2023-06-24T00:00:00+00:00
[2023-07-17 16:23:35,175] {python.py:173} INFO - Done. Returned value was: None
[2023-07-17 16:23:35,221] {taskinstance.py:1395} INFO - Marking task as SUCCESS. dag_id=get_stocks_dag, task_id=MSFT, execution_date=20230624T000000, start_date=20230717T192333, end_date=20230717T192335
[2023-07-17 16:23:35,265] {local_task_job.py:156} INFO - Task exited with return code 0
[2023-07-17 16:23:35,358] {local_task_job.py:273} INFO - 0 downstream tasks scheduled from follow-on schedule check
[2023-07-17 16:54:52,441] {taskinstance.py:1159} INFO - Dependencies all met for <TaskInstance: get_stocks_dag.MSFT scheduled__2023-06-24T00:00:00+00:00 [queued]>
[2023-07-17 16:54:52,485] {taskinstance.py:1159} INFO - Dependencies all met for <TaskInstance: get_stocks_dag.MSFT scheduled__2023-06-24T00:00:00+00:00 [queued]>
[2023-07-17 16:54:52,485] {taskinstance.py:1356} INFO - 
--------------------------------------------------------------------------------
[2023-07-17 16:54:52,486] {taskinstance.py:1357} INFO - Starting attempt 1 of 1
[2023-07-17 16:54:52,486] {taskinstance.py:1358} INFO - 
--------------------------------------------------------------------------------
[2023-07-17 16:54:52,577] {taskinstance.py:1377} INFO - Executing <Task(_PythonDecoratedOperator): MSFT> on 2023-06-24 00:00:00+00:00
[2023-07-17 16:54:52,592] {standard_task_runner.py:52} INFO - Started process 24003 to run task
[2023-07-17 16:54:52,641] {standard_task_runner.py:79} INFO - Running: ['airflow', 'tasks', 'run', 'get_stocks_dag', 'MSFT', 'scheduled__2023-06-24T00:00:00+00:00', '--job-id', '428', '--raw', '--subdir', 'DAGS_FOLDER/get_stocks.py', '--cfg-path', '/tmp/tmp91asfqx4', '--error-file', '/tmp/tmp5hntm1_1']
[2023-07-17 16:54:52,642] {standard_task_runner.py:80} INFO - Job 428: Subtask MSFT
[2023-07-17 16:54:52,853] {task_command.py:370} INFO - Running <TaskInstance: get_stocks_dag.MSFT scheduled__2023-06-24T00:00:00+00:00 [running]> on host lucas-Estudos
[2023-07-17 16:54:53,203] {taskinstance.py:1569} INFO - Exporting the following env vars:
AIRFLOW_CTX_DAG_OWNER=airflow
AIRFLOW_CTX_DAG_ID=get_stocks_dag
AIRFLOW_CTX_TASK_ID=MSFT
AIRFLOW_CTX_EXECUTION_DATE=2023-06-24T00:00:00+00:00
AIRFLOW_CTX_TRY_NUMBER=1
AIRFLOW_CTX_DAG_RUN_ID=scheduled__2023-06-24T00:00:00+00:00
[2023-07-17 16:54:54,028] {python.py:173} INFO - Done. Returned value was: None
[2023-07-17 16:54:54,083] {taskinstance.py:1395} INFO - Marking task as SUCCESS. dag_id=get_stocks_dag, task_id=MSFT, execution_date=20230624T000000, start_date=20230717T195452, end_date=20230717T195454
[2023-07-17 16:54:54,200] {local_task_job.py:156} INFO - Task exited with return code 0
[2023-07-17 16:54:54,298] {local_task_job.py:273} INFO - 0 downstream tasks scheduled from follow-on schedule check
[2023-07-17 21:06:32,855] {taskinstance.py:1159} INFO - Dependencies all met for <TaskInstance: get_stocks_dag.MSFT scheduled__2023-06-24T00:00:00+00:00 [queued]>
[2023-07-17 21:06:32,865] {taskinstance.py:1159} INFO - Dependencies all met for <TaskInstance: get_stocks_dag.MSFT scheduled__2023-06-24T00:00:00+00:00 [queued]>
[2023-07-17 21:06:32,865] {taskinstance.py:1356} INFO - 
--------------------------------------------------------------------------------
[2023-07-17 21:06:32,865] {taskinstance.py:1357} INFO - Starting attempt 1 of 1
[2023-07-17 21:06:32,865] {taskinstance.py:1358} INFO - 
--------------------------------------------------------------------------------
[2023-07-17 21:06:32,879] {taskinstance.py:1377} INFO - Executing <Task(_PythonDecoratedOperator): MSFT> on 2023-06-24 00:00:00+00:00
[2023-07-17 21:06:32,887] {standard_task_runner.py:52} INFO - Started process 32373 to run task
[2023-07-17 21:06:32,891] {standard_task_runner.py:79} INFO - Running: ['airflow', 'tasks', 'run', 'get_stocks_dag', 'MSFT', 'scheduled__2023-06-24T00:00:00+00:00', '--job-id', '646', '--raw', '--subdir', 'DAGS_FOLDER/get_stocks.py', '--cfg-path', '/tmp/tmpjdk4f_78', '--error-file', '/tmp/tmpkh9hvupp']
[2023-07-17 21:06:32,892] {standard_task_runner.py:80} INFO - Job 646: Subtask MSFT
[2023-07-17 21:06:33,072] {task_command.py:370} INFO - Running <TaskInstance: get_stocks_dag.MSFT scheduled__2023-06-24T00:00:00+00:00 [running]> on host lucas-Estudos
[2023-07-17 21:06:33,296] {taskinstance.py:1569} INFO - Exporting the following env vars:
AIRFLOW_CTX_DAG_OWNER=airflow
AIRFLOW_CTX_DAG_ID=get_stocks_dag
AIRFLOW_CTX_TASK_ID=MSFT
AIRFLOW_CTX_EXECUTION_DATE=2023-06-24T00:00:00+00:00
AIRFLOW_CTX_TRY_NUMBER=1
AIRFLOW_CTX_DAG_RUN_ID=scheduled__2023-06-24T00:00:00+00:00
[2023-07-17 21:06:55,340] {python.py:173} INFO - Done. Returned value was: None
[2023-07-17 21:06:55,394] {taskinstance.py:1395} INFO - Marking task as SUCCESS. dag_id=get_stocks_dag, task_id=MSFT, execution_date=20230624T000000, start_date=20230718T000632, end_date=20230718T000655
[2023-07-17 21:06:55,453] {local_task_job.py:156} INFO - Task exited with return code 0
[2023-07-17 21:06:55,555] {local_task_job.py:273} INFO - 0 downstream tasks scheduled from follow-on schedule check
[2023-07-17 22:14:11,168] {taskinstance.py:1159} INFO - Dependencies all met for <TaskInstance: get_stocks_dag.MSFT scheduled__2023-06-24T00:00:00+00:00 [queued]>
[2023-07-17 22:14:11,198] {taskinstance.py:1159} INFO - Dependencies all met for <TaskInstance: get_stocks_dag.MSFT scheduled__2023-06-24T00:00:00+00:00 [queued]>
[2023-07-17 22:14:11,198] {taskinstance.py:1356} INFO - 
--------------------------------------------------------------------------------
[2023-07-17 22:14:11,198] {taskinstance.py:1357} INFO - Starting attempt 1 of 1
[2023-07-17 22:14:11,198] {taskinstance.py:1358} INFO - 
--------------------------------------------------------------------------------
[2023-07-17 22:14:11,221] {taskinstance.py:1377} INFO - Executing <Task(_PythonDecoratedOperator): MSFT> on 2023-06-24 00:00:00+00:00
[2023-07-17 22:14:11,229] {standard_task_runner.py:52} INFO - Started process 86746 to run task
[2023-07-17 22:14:11,234] {standard_task_runner.py:79} INFO - Running: ['airflow', 'tasks', 'run', 'get_stocks_dag', 'MSFT', 'scheduled__2023-06-24T00:00:00+00:00', '--job-id', '1033', '--raw', '--subdir', 'DAGS_FOLDER/get_stocks.py', '--cfg-path', '/tmp/tmpifi5i0eo', '--error-file', '/tmp/tmpqh_l9qth']
[2023-07-17 22:14:11,235] {standard_task_runner.py:80} INFO - Job 1033: Subtask MSFT
[2023-07-17 22:14:11,298] {task_command.py:370} INFO - Running <TaskInstance: get_stocks_dag.MSFT scheduled__2023-06-24T00:00:00+00:00 [running]> on host lucas-Estudos
[2023-07-17 22:14:11,405] {taskinstance.py:1569} INFO - Exporting the following env vars:
AIRFLOW_CTX_DAG_OWNER=airflow
AIRFLOW_CTX_DAG_ID=get_stocks_dag
AIRFLOW_CTX_TASK_ID=MSFT
AIRFLOW_CTX_EXECUTION_DATE=2023-06-24T00:00:00+00:00
AIRFLOW_CTX_TRY_NUMBER=1
AIRFLOW_CTX_DAG_RUN_ID=scheduled__2023-06-24T00:00:00+00:00
[2023-07-17 22:14:13,041] {python.py:173} INFO - Done. Returned value was: None
[2023-07-17 22:14:13,091] {taskinstance.py:1395} INFO - Marking task as SUCCESS. dag_id=get_stocks_dag, task_id=MSFT, execution_date=20230624T000000, start_date=20230718T011411, end_date=20230718T011413
[2023-07-17 22:14:13,133] {local_task_job.py:156} INFO - Task exited with return code 0
[2023-07-17 22:14:13,261] {local_task_job.py:273} INFO - 0 downstream tasks scheduled from follow-on schedule check
[2023-07-18 11:02:34,871] {taskinstance.py:1159} INFO - Dependencies all met for <TaskInstance: get_stocks_dag.MSFT scheduled__2023-06-24T00:00:00+00:00 [queued]>
[2023-07-18 11:02:34,894] {taskinstance.py:1159} INFO - Dependencies all met for <TaskInstance: get_stocks_dag.MSFT scheduled__2023-06-24T00:00:00+00:00 [queued]>
[2023-07-18 11:02:34,894] {taskinstance.py:1356} INFO - 
--------------------------------------------------------------------------------
[2023-07-18 11:02:34,894] {taskinstance.py:1357} INFO - Starting attempt 1 of 1
[2023-07-18 11:02:34,894] {taskinstance.py:1358} INFO - 
--------------------------------------------------------------------------------
[2023-07-18 11:02:34,922] {taskinstance.py:1377} INFO - Executing <Task(_PythonDecoratedOperator): MSFT> on 2023-06-24 00:00:00+00:00
[2023-07-18 11:02:34,932] {standard_task_runner.py:52} INFO - Started process 25627 to run task
[2023-07-18 11:02:34,939] {standard_task_runner.py:79} INFO - Running: ['airflow', 'tasks', 'run', 'get_stocks_dag', 'MSFT', 'scheduled__2023-06-24T00:00:00+00:00', '--job-id', '1530', '--raw', '--subdir', 'DAGS_FOLDER/get_stocks.py', '--cfg-path', '/tmp/tmpkpnl678h', '--error-file', '/tmp/tmp0vxz2yvh']
[2023-07-18 11:02:34,941] {standard_task_runner.py:80} INFO - Job 1530: Subtask MSFT
[2023-07-18 11:02:35,136] {task_command.py:370} INFO - Running <TaskInstance: get_stocks_dag.MSFT scheduled__2023-06-24T00:00:00+00:00 [running]> on host lucas-Estudos
[2023-07-18 11:02:35,373] {taskinstance.py:1569} INFO - Exporting the following env vars:
AIRFLOW_CTX_DAG_OWNER=airflow
AIRFLOW_CTX_DAG_ID=get_stocks_dag
AIRFLOW_CTX_TASK_ID=MSFT
AIRFLOW_CTX_EXECUTION_DATE=2023-06-24T00:00:00+00:00
AIRFLOW_CTX_TRY_NUMBER=1
AIRFLOW_CTX_DAG_RUN_ID=scheduled__2023-06-24T00:00:00+00:00
[2023-07-18 11:02:36,048] {python.py:173} INFO - Done. Returned value was: None
[2023-07-18 11:02:36,098] {taskinstance.py:1395} INFO - Marking task as SUCCESS. dag_id=get_stocks_dag, task_id=MSFT, execution_date=20230624T000000, start_date=20230718T140234, end_date=20230718T140236
[2023-07-18 11:02:36,154] {local_task_job.py:156} INFO - Task exited with return code 0
[2023-07-18 11:02:36,260] {local_task_job.py:273} INFO - 0 downstream tasks scheduled from follow-on schedule check
