[2023-07-17 21:58:30,563] {taskinstance.py:1159} INFO - Dependencies all met for <TaskInstance: get_crypto_dag.AVAX scheduled__2023-05-12T00:00:00+00:00 [queued]>
[2023-07-17 21:58:30,580] {taskinstance.py:1159} INFO - Dependencies all met for <TaskInstance: get_crypto_dag.AVAX scheduled__2023-05-12T00:00:00+00:00 [queued]>
[2023-07-17 21:58:30,580] {taskinstance.py:1356} INFO - 
--------------------------------------------------------------------------------
[2023-07-17 21:58:30,580] {taskinstance.py:1357} INFO - Starting attempt 1 of 1
[2023-07-17 21:58:30,581] {taskinstance.py:1358} INFO - 
--------------------------------------------------------------------------------
[2023-07-17 21:58:30,596] {taskinstance.py:1377} INFO - Executing <Task(_PythonDecoratedOperator): AVAX> on 2023-05-12 00:00:00+00:00
[2023-07-17 21:58:30,606] {standard_task_runner.py:52} INFO - Started process 54906 to run task
[2023-07-17 21:58:30,609] {standard_task_runner.py:79} INFO - Running: ['airflow', 'tasks', 'run', 'get_crypto_dag', 'AVAX', 'scheduled__2023-05-12T00:00:00+00:00', '--job-id', '800', '--raw', '--subdir', 'DAGS_FOLDER/get_crypto.py', '--cfg-path', '/tmp/tmpifivhotw', '--error-file', '/tmp/tmpawxgafls']
[2023-07-17 21:58:30,611] {standard_task_runner.py:80} INFO - Job 800: Subtask AVAX
[2023-07-17 21:58:30,708] {task_command.py:370} INFO - Running <TaskInstance: get_crypto_dag.AVAX scheduled__2023-05-12T00:00:00+00:00 [running]> on host lucas-Estudos
[2023-07-17 21:58:30,810] {taskinstance.py:1569} INFO - Exporting the following env vars:
AIRFLOW_CTX_DAG_OWNER=airflow
AIRFLOW_CTX_DAG_ID=get_crypto_dag
AIRFLOW_CTX_TASK_ID=AVAX
AIRFLOW_CTX_EXECUTION_DATE=2023-05-12T00:00:00+00:00
AIRFLOW_CTX_TRY_NUMBER=1
AIRFLOW_CTX_DAG_RUN_ID=scheduled__2023-05-12T00:00:00+00:00
[2023-07-17 21:58:34,402] {base.py:162} ERROR - AVAX: No timezone found, symbol may be delisted
[2023-07-17 21:58:34,409] {python.py:173} INFO - Done. Returned value was: None
[2023-07-17 21:58:34,460] {taskinstance.py:1395} INFO - Marking task as SUCCESS. dag_id=get_crypto_dag, task_id=AVAX, execution_date=20230512T000000, start_date=20230718T005830, end_date=20230718T005834
[2023-07-17 21:58:34,522] {local_task_job.py:156} INFO - Task exited with return code 0
[2023-07-17 21:58:34,644] {local_task_job.py:273} INFO - 0 downstream tasks scheduled from follow-on schedule check
[2023-07-18 10:30:04,352] {taskinstance.py:1159} INFO - Dependencies all met for <TaskInstance: get_crypto_dag.AVAX scheduled__2023-05-12T00:00:00+00:00 [queued]>
[2023-07-18 10:30:04,359] {taskinstance.py:1159} INFO - Dependencies all met for <TaskInstance: get_crypto_dag.AVAX scheduled__2023-05-12T00:00:00+00:00 [queued]>
[2023-07-18 10:30:04,359] {taskinstance.py:1356} INFO - 
--------------------------------------------------------------------------------
[2023-07-18 10:30:04,359] {taskinstance.py:1357} INFO - Starting attempt 1 of 1
[2023-07-18 10:30:04,359] {taskinstance.py:1358} INFO - 
--------------------------------------------------------------------------------
[2023-07-18 10:30:04,370] {taskinstance.py:1377} INFO - Executing <Task(_PythonDecoratedOperator): AVAX> on 2023-05-12 00:00:00+00:00
[2023-07-18 10:30:04,375] {standard_task_runner.py:52} INFO - Started process 12488 to run task
[2023-07-18 10:30:04,376] {standard_task_runner.py:79} INFO - Running: ['airflow', 'tasks', 'run', 'get_crypto_dag', 'AVAX', 'scheduled__2023-05-12T00:00:00+00:00', '--job-id', '1234', '--raw', '--subdir', 'DAGS_FOLDER/get_crypto.py', '--cfg-path', '/tmp/tmp9zdzjaji', '--error-file', '/tmp/tmpjrlzm062']
[2023-07-18 10:30:04,377] {standard_task_runner.py:80} INFO - Job 1234: Subtask AVAX
[2023-07-18 10:30:04,428] {task_command.py:370} INFO - Running <TaskInstance: get_crypto_dag.AVAX scheduled__2023-05-12T00:00:00+00:00 [running]> on host lucas-Estudos
[2023-07-18 10:30:04,485] {taskinstance.py:1569} INFO - Exporting the following env vars:
AIRFLOW_CTX_DAG_OWNER=airflow
AIRFLOW_CTX_DAG_ID=get_crypto_dag
AIRFLOW_CTX_TASK_ID=AVAX
AIRFLOW_CTX_EXECUTION_DATE=2023-05-12T00:00:00+00:00
AIRFLOW_CTX_TRY_NUMBER=1
AIRFLOW_CTX_DAG_RUN_ID=scheduled__2023-05-12T00:00:00+00:00
[2023-07-18 10:30:06,042] {base.py:162} ERROR - AVAX: No timezone found, symbol may be delisted
[2023-07-18 10:30:06,048] {python.py:173} INFO - Done. Returned value was: None
[2023-07-18 10:30:06,097] {taskinstance.py:1395} INFO - Marking task as SUCCESS. dag_id=get_crypto_dag, task_id=AVAX, execution_date=20230512T000000, start_date=20230718T133004, end_date=20230718T133006
[2023-07-18 10:30:06,155] {local_task_job.py:156} INFO - Task exited with return code 0
[2023-07-18 10:30:06,187] {local_task_job.py:273} INFO - 0 downstream tasks scheduled from follow-on schedule check
