[2023-07-17 22:17:01,473] {taskinstance.py:1159} INFO - Dependencies all met for <TaskInstance: get_crypto_dag.DOGE scheduled__2023-06-17T00:00:00+00:00 [queued]>
[2023-07-17 22:17:01,487] {taskinstance.py:1159} INFO - Dependencies all met for <TaskInstance: get_crypto_dag.DOGE scheduled__2023-06-17T00:00:00+00:00 [queued]>
[2023-07-17 22:17:01,487] {taskinstance.py:1356} INFO - 
--------------------------------------------------------------------------------
[2023-07-17 22:17:01,487] {taskinstance.py:1357} INFO - Starting attempt 1 of 1
[2023-07-17 22:17:01,487] {taskinstance.py:1358} INFO - 
--------------------------------------------------------------------------------
[2023-07-17 22:17:01,510] {taskinstance.py:1377} INFO - Executing <Task(_PythonDecoratedOperator): DOGE> on 2023-06-17 00:00:00+00:00
[2023-07-17 22:17:01,516] {standard_task_runner.py:52} INFO - Started process 92504 to run task
[2023-07-17 22:17:01,521] {standard_task_runner.py:79} INFO - Running: ['airflow', 'tasks', 'run', 'get_crypto_dag', 'DOGE', 'scheduled__2023-06-17T00:00:00+00:00', '--job-id', '1076', '--raw', '--subdir', 'DAGS_FOLDER/get_crypto.py', '--cfg-path', '/tmp/tmpufw7dbss', '--error-file', '/tmp/tmppxggp4zh']
[2023-07-17 22:17:01,522] {standard_task_runner.py:80} INFO - Job 1076: Subtask DOGE
[2023-07-17 22:17:01,599] {task_command.py:370} INFO - Running <TaskInstance: get_crypto_dag.DOGE scheduled__2023-06-17T00:00:00+00:00 [running]> on host lucas-Estudos
[2023-07-17 22:17:01,674] {taskinstance.py:1569} INFO - Exporting the following env vars:
AIRFLOW_CTX_DAG_OWNER=airflow
AIRFLOW_CTX_DAG_ID=get_crypto_dag
AIRFLOW_CTX_TASK_ID=DOGE
AIRFLOW_CTX_EXECUTION_DATE=2023-06-17T00:00:00+00:00
AIRFLOW_CTX_TRY_NUMBER=1
AIRFLOW_CTX_DAG_RUN_ID=scheduled__2023-06-17T00:00:00+00:00
[2023-07-17 22:17:17,324] {base.py:162} ERROR - DOGE: No timezone found, symbol may be delisted
[2023-07-17 22:17:17,334] {python.py:173} INFO - Done. Returned value was: None
[2023-07-17 22:17:17,402] {taskinstance.py:1395} INFO - Marking task as SUCCESS. dag_id=get_crypto_dag, task_id=DOGE, execution_date=20230617T000000, start_date=20230718T011701, end_date=20230718T011717
[2023-07-17 22:17:17,458] {local_task_job.py:156} INFO - Task exited with return code 0
[2023-07-17 22:17:17,593] {local_task_job.py:273} INFO - 0 downstream tasks scheduled from follow-on schedule check
[2023-07-18 10:57:20,781] {taskinstance.py:1159} INFO - Dependencies all met for <TaskInstance: get_crypto_dag.DOGE scheduled__2023-06-17T00:00:00+00:00 [queued]>
[2023-07-18 10:57:20,805] {taskinstance.py:1159} INFO - Dependencies all met for <TaskInstance: get_crypto_dag.DOGE scheduled__2023-06-17T00:00:00+00:00 [queued]>
[2023-07-18 10:57:20,806] {taskinstance.py:1356} INFO - 
--------------------------------------------------------------------------------
[2023-07-18 10:57:20,806] {taskinstance.py:1357} INFO - Starting attempt 1 of 1
[2023-07-18 10:57:20,806] {taskinstance.py:1358} INFO - 
--------------------------------------------------------------------------------
[2023-07-18 10:57:20,833] {taskinstance.py:1377} INFO - Executing <Task(_PythonDecoratedOperator): DOGE> on 2023-06-17 00:00:00+00:00
[2023-07-18 10:57:20,842] {standard_task_runner.py:52} INFO - Started process 21984 to run task
[2023-07-18 10:57:20,849] {standard_task_runner.py:79} INFO - Running: ['airflow', 'tasks', 'run', 'get_crypto_dag', 'DOGE', 'scheduled__2023-06-17T00:00:00+00:00', '--job-id', '1482', '--raw', '--subdir', 'DAGS_FOLDER/get_crypto.py', '--cfg-path', '/tmp/tmp2dyppc6w', '--error-file', '/tmp/tmpj51_bw_d']
[2023-07-18 10:57:20,851] {standard_task_runner.py:80} INFO - Job 1482: Subtask DOGE
[2023-07-18 10:57:21,029] {task_command.py:370} INFO - Running <TaskInstance: get_crypto_dag.DOGE scheduled__2023-06-17T00:00:00+00:00 [running]> on host lucas-Estudos
[2023-07-18 10:57:21,225] {taskinstance.py:1569} INFO - Exporting the following env vars:
AIRFLOW_CTX_DAG_OWNER=airflow
AIRFLOW_CTX_DAG_ID=get_crypto_dag
AIRFLOW_CTX_TASK_ID=DOGE
AIRFLOW_CTX_EXECUTION_DATE=2023-06-17T00:00:00+00:00
AIRFLOW_CTX_TRY_NUMBER=1
AIRFLOW_CTX_DAG_RUN_ID=scheduled__2023-06-17T00:00:00+00:00
[2023-07-18 10:57:21,829] {base.py:162} ERROR - DOGE: No timezone found, symbol may be delisted
[2023-07-18 10:57:21,836] {python.py:173} INFO - Done. Returned value was: None
[2023-07-18 10:57:21,882] {taskinstance.py:1395} INFO - Marking task as SUCCESS. dag_id=get_crypto_dag, task_id=DOGE, execution_date=20230617T000000, start_date=20230718T135720, end_date=20230718T135721
[2023-07-18 10:57:21,945] {local_task_job.py:156} INFO - Task exited with return code 0
[2023-07-18 10:57:22,051] {local_task_job.py:273} INFO - 0 downstream tasks scheduled from follow-on schedule check
