[2023-07-17 16:22:51,109] {taskinstance.py:1159} INFO - Dependencies all met for <TaskInstance: get_stocks_dag.TSLA scheduled__2023-05-06T00:00:00+00:00 [queued]>
[2023-07-17 16:22:51,143] {taskinstance.py:1159} INFO - Dependencies all met for <TaskInstance: get_stocks_dag.TSLA scheduled__2023-05-06T00:00:00+00:00 [queued]>
[2023-07-17 16:22:51,143] {taskinstance.py:1356} INFO - 
--------------------------------------------------------------------------------
[2023-07-17 16:22:51,143] {taskinstance.py:1357} INFO - Starting attempt 1 of 1
[2023-07-17 16:22:51,143] {taskinstance.py:1358} INFO - 
--------------------------------------------------------------------------------
[2023-07-17 16:22:51,227] {taskinstance.py:1377} INFO - Executing <Task(_PythonDecoratedOperator): TSLA> on 2023-05-06 00:00:00+00:00
[2023-07-17 16:22:51,240] {standard_task_runner.py:52} INFO - Started process 7462 to run task
[2023-07-17 16:22:51,268] {standard_task_runner.py:79} INFO - Running: ['airflow', 'tasks', 'run', 'get_stocks_dag', 'TSLA', 'scheduled__2023-05-06T00:00:00+00:00', '--job-id', '81', '--raw', '--subdir', 'DAGS_FOLDER/get_stocks.py', '--cfg-path', '/tmp/tmpguyatxqq', '--error-file', '/tmp/tmp4roggwwc']
[2023-07-17 16:22:51,303] {standard_task_runner.py:80} INFO - Job 81: Subtask TSLA
[2023-07-17 16:22:51,478] {task_command.py:370} INFO - Running <TaskInstance: get_stocks_dag.TSLA scheduled__2023-05-06T00:00:00+00:00 [running]> on host lucas-Estudos
[2023-07-17 16:22:51,866] {taskinstance.py:1569} INFO - Exporting the following env vars:
AIRFLOW_CTX_DAG_OWNER=airflow
AIRFLOW_CTX_DAG_ID=get_stocks_dag
AIRFLOW_CTX_TASK_ID=TSLA
AIRFLOW_CTX_EXECUTION_DATE=2023-05-06T00:00:00+00:00
AIRFLOW_CTX_TRY_NUMBER=1
AIRFLOW_CTX_DAG_RUN_ID=scheduled__2023-05-06T00:00:00+00:00
[2023-07-17 16:22:52,781] {python.py:173} INFO - Done. Returned value was: None
[2023-07-17 16:22:52,835] {taskinstance.py:1395} INFO - Marking task as SUCCESS. dag_id=get_stocks_dag, task_id=TSLA, execution_date=20230506T000000, start_date=20230717T192251, end_date=20230717T192252
[2023-07-17 16:22:52,923] {local_task_job.py:156} INFO - Task exited with return code 0
[2023-07-17 16:22:53,018] {local_task_job.py:273} INFO - 0 downstream tasks scheduled from follow-on schedule check
[2023-07-17 16:54:09,864] {taskinstance.py:1159} INFO - Dependencies all met for <TaskInstance: get_stocks_dag.TSLA scheduled__2023-05-06T00:00:00+00:00 [queued]>
[2023-07-17 16:54:09,900] {taskinstance.py:1159} INFO - Dependencies all met for <TaskInstance: get_stocks_dag.TSLA scheduled__2023-05-06T00:00:00+00:00 [queued]>
[2023-07-17 16:54:09,900] {taskinstance.py:1356} INFO - 
--------------------------------------------------------------------------------
[2023-07-17 16:54:09,901] {taskinstance.py:1357} INFO - Starting attempt 1 of 1
[2023-07-17 16:54:09,901] {taskinstance.py:1358} INFO - 
--------------------------------------------------------------------------------
[2023-07-17 16:54:10,004] {taskinstance.py:1377} INFO - Executing <Task(_PythonDecoratedOperator): TSLA> on 2023-05-06 00:00:00+00:00
[2023-07-17 16:54:10,054] {standard_task_runner.py:52} INFO - Started process 20182 to run task
[2023-07-17 16:54:10,089] {standard_task_runner.py:79} INFO - Running: ['airflow', 'tasks', 'run', 'get_stocks_dag', 'TSLA', 'scheduled__2023-05-06T00:00:00+00:00', '--job-id', '291', '--raw', '--subdir', 'DAGS_FOLDER/get_stocks.py', '--cfg-path', '/tmp/tmpkc2vyia1', '--error-file', '/tmp/tmp48y890f8']
[2023-07-17 16:54:10,099] {standard_task_runner.py:80} INFO - Job 291: Subtask TSLA
[2023-07-17 16:54:10,383] {task_command.py:370} INFO - Running <TaskInstance: get_stocks_dag.TSLA scheduled__2023-05-06T00:00:00+00:00 [running]> on host lucas-Estudos
[2023-07-17 16:54:10,648] {taskinstance.py:1569} INFO - Exporting the following env vars:
AIRFLOW_CTX_DAG_OWNER=airflow
AIRFLOW_CTX_DAG_ID=get_stocks_dag
AIRFLOW_CTX_TASK_ID=TSLA
AIRFLOW_CTX_EXECUTION_DATE=2023-05-06T00:00:00+00:00
AIRFLOW_CTX_TRY_NUMBER=1
AIRFLOW_CTX_DAG_RUN_ID=scheduled__2023-05-06T00:00:00+00:00
[2023-07-17 16:54:11,569] {python.py:173} INFO - Done. Returned value was: None
[2023-07-17 16:54:11,622] {taskinstance.py:1395} INFO - Marking task as SUCCESS. dag_id=get_stocks_dag, task_id=TSLA, execution_date=20230506T000000, start_date=20230717T195409, end_date=20230717T195411
[2023-07-17 16:54:11,696] {local_task_job.py:156} INFO - Task exited with return code 0
[2023-07-17 16:54:11,787] {local_task_job.py:273} INFO - 0 downstream tasks scheduled from follow-on schedule check
[2023-07-17 20:57:12,786] {taskinstance.py:1159} INFO - Dependencies all met for <TaskInstance: get_stocks_dag.TSLA scheduled__2023-05-06T00:00:00+00:00 [queued]>
[2023-07-17 20:57:12,812] {taskinstance.py:1159} INFO - Dependencies all met for <TaskInstance: get_stocks_dag.TSLA scheduled__2023-05-06T00:00:00+00:00 [queued]>
[2023-07-17 20:57:12,812] {taskinstance.py:1356} INFO - 
--------------------------------------------------------------------------------
[2023-07-17 20:57:12,812] {taskinstance.py:1357} INFO - Starting attempt 1 of 1
[2023-07-17 20:57:12,812] {taskinstance.py:1358} INFO - 
--------------------------------------------------------------------------------
[2023-07-17 20:57:12,840] {taskinstance.py:1377} INFO - Executing <Task(_PythonDecoratedOperator): TSLA> on 2023-05-06 00:00:00+00:00
[2023-07-17 20:57:12,850] {standard_task_runner.py:52} INFO - Started process 15390 to run task
[2023-07-17 20:57:12,858] {standard_task_runner.py:79} INFO - Running: ['airflow', 'tasks', 'run', 'get_stocks_dag', 'TSLA', 'scheduled__2023-05-06T00:00:00+00:00', '--job-id', '507', '--raw', '--subdir', 'DAGS_FOLDER/get_stocks.py', '--cfg-path', '/tmp/tmpjjjrcpfn', '--error-file', '/tmp/tmpx56m7akq']
[2023-07-17 20:57:12,861] {standard_task_runner.py:80} INFO - Job 507: Subtask TSLA
[2023-07-17 20:57:13,047] {task_command.py:370} INFO - Running <TaskInstance: get_stocks_dag.TSLA scheduled__2023-05-06T00:00:00+00:00 [running]> on host lucas-Estudos
[2023-07-17 20:57:13,289] {taskinstance.py:1569} INFO - Exporting the following env vars:
AIRFLOW_CTX_DAG_OWNER=airflow
AIRFLOW_CTX_DAG_ID=get_stocks_dag
AIRFLOW_CTX_TASK_ID=TSLA
AIRFLOW_CTX_EXECUTION_DATE=2023-05-06T00:00:00+00:00
AIRFLOW_CTX_TRY_NUMBER=1
AIRFLOW_CTX_DAG_RUN_ID=scheduled__2023-05-06T00:00:00+00:00
[2023-07-17 20:57:15,177] {python.py:173} INFO - Done. Returned value was: None
[2023-07-17 20:57:15,230] {taskinstance.py:1395} INFO - Marking task as SUCCESS. dag_id=get_stocks_dag, task_id=TSLA, execution_date=20230506T000000, start_date=20230717T235712, end_date=20230717T235715
[2023-07-17 20:57:15,278] {local_task_job.py:156} INFO - Task exited with return code 0
[2023-07-17 20:57:15,405] {local_task_job.py:273} INFO - 0 downstream tasks scheduled from follow-on schedule check
[2023-07-17 21:54:46,243] {taskinstance.py:1159} INFO - Dependencies all met for <TaskInstance: get_stocks_dag.TSLA scheduled__2023-05-06T00:00:00+00:00 [queued]>
[2023-07-17 21:54:46,258] {taskinstance.py:1159} INFO - Dependencies all met for <TaskInstance: get_stocks_dag.TSLA scheduled__2023-05-06T00:00:00+00:00 [queued]>
[2023-07-17 21:54:46,258] {taskinstance.py:1356} INFO - 
--------------------------------------------------------------------------------
[2023-07-17 21:54:46,259] {taskinstance.py:1357} INFO - Starting attempt 1 of 1
[2023-07-17 21:54:46,259] {taskinstance.py:1358} INFO - 
--------------------------------------------------------------------------------
[2023-07-17 21:54:46,274] {taskinstance.py:1377} INFO - Executing <Task(_PythonDecoratedOperator): TSLA> on 2023-05-06 00:00:00+00:00
[2023-07-17 21:54:46,281] {standard_task_runner.py:52} INFO - Started process 47357 to run task
[2023-07-17 21:54:46,285] {standard_task_runner.py:79} INFO - Running: ['airflow', 'tasks', 'run', 'get_stocks_dag', 'TSLA', 'scheduled__2023-05-06T00:00:00+00:00', '--job-id', '747', '--raw', '--subdir', 'DAGS_FOLDER/get_stocks.py', '--cfg-path', '/tmp/tmp59j9nrql', '--error-file', '/tmp/tmpqq05i5r1']
[2023-07-17 21:54:46,286] {standard_task_runner.py:80} INFO - Job 747: Subtask TSLA
[2023-07-17 21:54:46,395] {task_command.py:370} INFO - Running <TaskInstance: get_stocks_dag.TSLA scheduled__2023-05-06T00:00:00+00:00 [running]> on host lucas-Estudos
[2023-07-17 21:54:46,506] {taskinstance.py:1569} INFO - Exporting the following env vars:
AIRFLOW_CTX_DAG_OWNER=airflow
AIRFLOW_CTX_DAG_ID=get_stocks_dag
AIRFLOW_CTX_TASK_ID=TSLA
AIRFLOW_CTX_EXECUTION_DATE=2023-05-06T00:00:00+00:00
AIRFLOW_CTX_TRY_NUMBER=1
AIRFLOW_CTX_DAG_RUN_ID=scheduled__2023-05-06T00:00:00+00:00
[2023-07-17 21:54:51,308] {python.py:173} INFO - Done. Returned value was: None
[2023-07-17 21:54:51,362] {taskinstance.py:1395} INFO - Marking task as SUCCESS. dag_id=get_stocks_dag, task_id=TSLA, execution_date=20230506T000000, start_date=20230718T005446, end_date=20230718T005451
[2023-07-17 21:54:51,463] {local_task_job.py:156} INFO - Task exited with return code 0
[2023-07-17 21:54:51,569] {local_task_job.py:273} INFO - 0 downstream tasks scheduled from follow-on schedule check
[2023-07-18 10:26:01,109] {taskinstance.py:1159} INFO - Dependencies all met for <TaskInstance: get_stocks_dag.TSLA scheduled__2023-05-06T00:00:00+00:00 [queued]>
[2023-07-18 10:26:01,135] {taskinstance.py:1159} INFO - Dependencies all met for <TaskInstance: get_stocks_dag.TSLA scheduled__2023-05-06T00:00:00+00:00 [queued]>
[2023-07-18 10:26:01,135] {taskinstance.py:1356} INFO - 
--------------------------------------------------------------------------------
[2023-07-18 10:26:01,135] {taskinstance.py:1357} INFO - Starting attempt 1 of 1
[2023-07-18 10:26:01,135] {taskinstance.py:1358} INFO - 
--------------------------------------------------------------------------------
[2023-07-18 10:26:01,167] {taskinstance.py:1377} INFO - Executing <Task(_PythonDecoratedOperator): TSLA> on 2023-05-06 00:00:00+00:00
[2023-07-18 10:26:01,177] {standard_task_runner.py:52} INFO - Started process 11253 to run task
[2023-07-18 10:26:01,184] {standard_task_runner.py:79} INFO - Running: ['airflow', 'tasks', 'run', 'get_stocks_dag', 'TSLA', 'scheduled__2023-05-06T00:00:00+00:00', '--job-id', '1196', '--raw', '--subdir', 'DAGS_FOLDER/get_stocks.py', '--cfg-path', '/tmp/tmpv7clrnky', '--error-file', '/tmp/tmp1zzzdpd8']
[2023-07-18 10:26:01,186] {standard_task_runner.py:80} INFO - Job 1196: Subtask TSLA
[2023-07-18 10:26:01,395] {task_command.py:370} INFO - Running <TaskInstance: get_stocks_dag.TSLA scheduled__2023-05-06T00:00:00+00:00 [running]> on host lucas-Estudos
[2023-07-18 10:26:01,649] {taskinstance.py:1569} INFO - Exporting the following env vars:
AIRFLOW_CTX_DAG_OWNER=airflow
AIRFLOW_CTX_DAG_ID=get_stocks_dag
AIRFLOW_CTX_TASK_ID=TSLA
AIRFLOW_CTX_EXECUTION_DATE=2023-05-06T00:00:00+00:00
AIRFLOW_CTX_TRY_NUMBER=1
AIRFLOW_CTX_DAG_RUN_ID=scheduled__2023-05-06T00:00:00+00:00
[2023-07-18 10:26:02,278] {python.py:173} INFO - Done. Returned value was: None
[2023-07-18 10:26:02,331] {taskinstance.py:1395} INFO - Marking task as SUCCESS. dag_id=get_stocks_dag, task_id=TSLA, execution_date=20230506T000000, start_date=20230718T132601, end_date=20230718T132602
[2023-07-18 10:26:02,400] {local_task_job.py:156} INFO - Task exited with return code 0
[2023-07-18 10:26:02,519] {local_task_job.py:273} INFO - 0 downstream tasks scheduled from follow-on schedule check
