[2023-07-17 16:23:06,022] {taskinstance.py:1159} INFO - Dependencies all met for <TaskInstance: get_stocks_dag.AAPL scheduled__2023-05-25T00:00:00+00:00 [queued]>
[2023-07-17 16:23:06,058] {taskinstance.py:1159} INFO - Dependencies all met for <TaskInstance: get_stocks_dag.AAPL scheduled__2023-05-25T00:00:00+00:00 [queued]>
[2023-07-17 16:23:06,058] {taskinstance.py:1356} INFO - 
--------------------------------------------------------------------------------
[2023-07-17 16:23:06,058] {taskinstance.py:1357} INFO - Starting attempt 1 of 1
[2023-07-17 16:23:06,059] {taskinstance.py:1358} INFO - 
--------------------------------------------------------------------------------
[2023-07-17 16:23:06,095] {taskinstance.py:1377} INFO - Executing <Task(_PythonDecoratedOperator): AAPL> on 2023-05-25 00:00:00+00:00
[2023-07-17 16:23:06,122] {standard_task_runner.py:52} INFO - Started process 8798 to run task
[2023-07-17 16:23:06,137] {standard_task_runner.py:79} INFO - Running: ['airflow', 'tasks', 'run', 'get_stocks_dag', 'AAPL', 'scheduled__2023-05-25T00:00:00+00:00', '--job-id', '123', '--raw', '--subdir', 'DAGS_FOLDER/get_stocks.py', '--cfg-path', '/tmp/tmpd8qqg8sq', '--error-file', '/tmp/tmpaws9td28']
[2023-07-17 16:23:06,138] {standard_task_runner.py:80} INFO - Job 123: Subtask AAPL
[2023-07-17 16:23:06,302] {task_command.py:370} INFO - Running <TaskInstance: get_stocks_dag.AAPL scheduled__2023-05-25T00:00:00+00:00 [running]> on host lucas-Estudos
[2023-07-17 16:23:06,598] {taskinstance.py:1569} INFO - Exporting the following env vars:
AIRFLOW_CTX_DAG_OWNER=airflow
AIRFLOW_CTX_DAG_ID=get_stocks_dag
AIRFLOW_CTX_TASK_ID=AAPL
AIRFLOW_CTX_EXECUTION_DATE=2023-05-25T00:00:00+00:00
AIRFLOW_CTX_TRY_NUMBER=1
AIRFLOW_CTX_DAG_RUN_ID=scheduled__2023-05-25T00:00:00+00:00
[2023-07-17 16:23:07,169] {python.py:173} INFO - Done. Returned value was: None
[2023-07-17 16:23:07,200] {taskinstance.py:1395} INFO - Marking task as SUCCESS. dag_id=get_stocks_dag, task_id=AAPL, execution_date=20230525T000000, start_date=20230717T192306, end_date=20230717T192307
[2023-07-17 16:23:07,259] {local_task_job.py:156} INFO - Task exited with return code 0
[2023-07-17 16:23:07,344] {local_task_job.py:273} INFO - 0 downstream tasks scheduled from follow-on schedule check
[2023-07-17 16:54:25,938] {taskinstance.py:1159} INFO - Dependencies all met for <TaskInstance: get_stocks_dag.AAPL scheduled__2023-05-25T00:00:00+00:00 [queued]>
[2023-07-17 16:54:25,946] {taskinstance.py:1159} INFO - Dependencies all met for <TaskInstance: get_stocks_dag.AAPL scheduled__2023-05-25T00:00:00+00:00 [queued]>
[2023-07-17 16:54:25,946] {taskinstance.py:1356} INFO - 
--------------------------------------------------------------------------------
[2023-07-17 16:54:25,946] {taskinstance.py:1357} INFO - Starting attempt 1 of 1
[2023-07-17 16:54:25,946] {taskinstance.py:1358} INFO - 
--------------------------------------------------------------------------------
[2023-07-17 16:54:25,958] {taskinstance.py:1377} INFO - Executing <Task(_PythonDecoratedOperator): AAPL> on 2023-05-25 00:00:00+00:00
[2023-07-17 16:54:25,963] {standard_task_runner.py:52} INFO - Started process 21605 to run task
[2023-07-17 16:54:25,966] {standard_task_runner.py:79} INFO - Running: ['airflow', 'tasks', 'run', 'get_stocks_dag', 'AAPL', 'scheduled__2023-05-25T00:00:00+00:00', '--job-id', '338', '--raw', '--subdir', 'DAGS_FOLDER/get_stocks.py', '--cfg-path', '/tmp/tmphq34r02i', '--error-file', '/tmp/tmpl9gd820j']
[2023-07-17 16:54:25,967] {standard_task_runner.py:80} INFO - Job 338: Subtask AAPL
[2023-07-17 16:54:26,065] {task_command.py:370} INFO - Running <TaskInstance: get_stocks_dag.AAPL scheduled__2023-05-25T00:00:00+00:00 [running]> on host lucas-Estudos
[2023-07-17 16:54:26,172] {taskinstance.py:1569} INFO - Exporting the following env vars:
AIRFLOW_CTX_DAG_OWNER=airflow
AIRFLOW_CTX_DAG_ID=get_stocks_dag
AIRFLOW_CTX_TASK_ID=AAPL
AIRFLOW_CTX_EXECUTION_DATE=2023-05-25T00:00:00+00:00
AIRFLOW_CTX_TRY_NUMBER=1
AIRFLOW_CTX_DAG_RUN_ID=scheduled__2023-05-25T00:00:00+00:00
[2023-07-17 16:54:26,710] {python.py:173} INFO - Done. Returned value was: None
[2023-07-17 16:54:26,794] {taskinstance.py:1395} INFO - Marking task as SUCCESS. dag_id=get_stocks_dag, task_id=AAPL, execution_date=20230525T000000, start_date=20230717T195425, end_date=20230717T195426
[2023-07-17 16:54:26,911] {local_task_job.py:156} INFO - Task exited with return code 0
[2023-07-17 16:54:27,112] {local_task_job.py:273} INFO - 0 downstream tasks scheduled from follow-on schedule check
[2023-07-17 21:00:33,367] {taskinstance.py:1159} INFO - Dependencies all met for <TaskInstance: get_stocks_dag.AAPL scheduled__2023-05-25T00:00:00+00:00 [queued]>
[2023-07-17 21:00:33,388] {taskinstance.py:1159} INFO - Dependencies all met for <TaskInstance: get_stocks_dag.AAPL scheduled__2023-05-25T00:00:00+00:00 [queued]>
[2023-07-17 21:00:33,389] {taskinstance.py:1356} INFO - 
--------------------------------------------------------------------------------
[2023-07-17 21:00:33,389] {taskinstance.py:1357} INFO - Starting attempt 1 of 1
[2023-07-17 21:00:33,389] {taskinstance.py:1358} INFO - 
--------------------------------------------------------------------------------
[2023-07-17 21:00:33,420] {taskinstance.py:1377} INFO - Executing <Task(_PythonDecoratedOperator): AAPL> on 2023-05-25 00:00:00+00:00
[2023-07-17 21:00:33,431] {standard_task_runner.py:52} INFO - Started process 20745 to run task
[2023-07-17 21:00:33,438] {standard_task_runner.py:79} INFO - Running: ['airflow', 'tasks', 'run', 'get_stocks_dag', 'AAPL', 'scheduled__2023-05-25T00:00:00+00:00', '--job-id', '556', '--raw', '--subdir', 'DAGS_FOLDER/get_stocks.py', '--cfg-path', '/tmp/tmpz4ok_b_6', '--error-file', '/tmp/tmpv4gvveq8']
[2023-07-17 21:00:33,441] {standard_task_runner.py:80} INFO - Job 556: Subtask AAPL
[2023-07-17 21:00:33,646] {task_command.py:370} INFO - Running <TaskInstance: get_stocks_dag.AAPL scheduled__2023-05-25T00:00:00+00:00 [running]> on host lucas-Estudos
[2023-07-17 21:00:33,897] {taskinstance.py:1569} INFO - Exporting the following env vars:
AIRFLOW_CTX_DAG_OWNER=airflow
AIRFLOW_CTX_DAG_ID=get_stocks_dag
AIRFLOW_CTX_TASK_ID=AAPL
AIRFLOW_CTX_EXECUTION_DATE=2023-05-25T00:00:00+00:00
AIRFLOW_CTX_TRY_NUMBER=1
AIRFLOW_CTX_DAG_RUN_ID=scheduled__2023-05-25T00:00:00+00:00
[2023-07-17 21:00:39,544] {python.py:173} INFO - Done. Returned value was: None
[2023-07-17 21:00:39,613] {taskinstance.py:1395} INFO - Marking task as SUCCESS. dag_id=get_stocks_dag, task_id=AAPL, execution_date=20230525T000000, start_date=20230718T000033, end_date=20230718T000039
[2023-07-17 21:00:39,690] {local_task_job.py:156} INFO - Task exited with return code 0
[2023-07-17 21:00:39,803] {local_task_job.py:273} INFO - 0 downstream tasks scheduled from follow-on schedule check
[2023-07-17 22:01:50,681] {taskinstance.py:1159} INFO - Dependencies all met for <TaskInstance: get_stocks_dag.AAPL scheduled__2023-05-25T00:00:00+00:00 [queued]>
[2023-07-17 22:01:50,697] {taskinstance.py:1159} INFO - Dependencies all met for <TaskInstance: get_stocks_dag.AAPL scheduled__2023-05-25T00:00:00+00:00 [queued]>
[2023-07-17 22:01:50,697] {taskinstance.py:1356} INFO - 
--------------------------------------------------------------------------------
[2023-07-17 22:01:50,697] {taskinstance.py:1357} INFO - Starting attempt 1 of 1
[2023-07-17 22:01:50,697] {taskinstance.py:1358} INFO - 
--------------------------------------------------------------------------------
[2023-07-17 22:01:50,710] {taskinstance.py:1377} INFO - Executing <Task(_PythonDecoratedOperator): AAPL> on 2023-05-25 00:00:00+00:00
[2023-07-17 22:01:50,718] {standard_task_runner.py:52} INFO - Started process 61683 to run task
[2023-07-17 22:01:50,722] {standard_task_runner.py:79} INFO - Running: ['airflow', 'tasks', 'run', 'get_stocks_dag', 'AAPL', 'scheduled__2023-05-25T00:00:00+00:00', '--job-id', '851', '--raw', '--subdir', 'DAGS_FOLDER/get_stocks.py', '--cfg-path', '/tmp/tmpioyyes9x', '--error-file', '/tmp/tmpzi6r25ox']
[2023-07-17 22:01:50,724] {standard_task_runner.py:80} INFO - Job 851: Subtask AAPL
[2023-07-17 22:01:50,807] {task_command.py:370} INFO - Running <TaskInstance: get_stocks_dag.AAPL scheduled__2023-05-25T00:00:00+00:00 [running]> on host lucas-Estudos
[2023-07-17 22:01:50,921] {taskinstance.py:1569} INFO - Exporting the following env vars:
AIRFLOW_CTX_DAG_OWNER=airflow
AIRFLOW_CTX_DAG_ID=get_stocks_dag
AIRFLOW_CTX_TASK_ID=AAPL
AIRFLOW_CTX_EXECUTION_DATE=2023-05-25T00:00:00+00:00
AIRFLOW_CTX_TRY_NUMBER=1
AIRFLOW_CTX_DAG_RUN_ID=scheduled__2023-05-25T00:00:00+00:00
[2023-07-17 22:01:54,521] {python.py:173} INFO - Done. Returned value was: None
[2023-07-17 22:01:54,572] {taskinstance.py:1395} INFO - Marking task as SUCCESS. dag_id=get_stocks_dag, task_id=AAPL, execution_date=20230525T000000, start_date=20230718T010150, end_date=20230718T010154
[2023-07-17 22:01:54,628] {local_task_job.py:156} INFO - Task exited with return code 0
[2023-07-17 22:01:54,746] {local_task_job.py:273} INFO - 0 downstream tasks scheduled from follow-on schedule check
[2023-07-18 10:39:49,396] {taskinstance.py:1159} INFO - Dependencies all met for <TaskInstance: get_stocks_dag.AAPL scheduled__2023-05-25T00:00:00+00:00 [queued]>
[2023-07-18 10:39:49,427] {taskinstance.py:1159} INFO - Dependencies all met for <TaskInstance: get_stocks_dag.AAPL scheduled__2023-05-25T00:00:00+00:00 [queued]>
[2023-07-18 10:39:49,428] {taskinstance.py:1356} INFO - 
--------------------------------------------------------------------------------
[2023-07-18 10:39:49,428] {taskinstance.py:1357} INFO - Starting attempt 1 of 1
[2023-07-18 10:39:49,428] {taskinstance.py:1358} INFO - 
--------------------------------------------------------------------------------
[2023-07-18 10:39:49,461] {taskinstance.py:1377} INFO - Executing <Task(_PythonDecoratedOperator): AAPL> on 2023-05-25 00:00:00+00:00
[2023-07-18 10:39:49,474] {standard_task_runner.py:52} INFO - Started process 15243 to run task
[2023-07-18 10:39:49,481] {standard_task_runner.py:79} INFO - Running: ['airflow', 'tasks', 'run', 'get_stocks_dag', 'AAPL', 'scheduled__2023-05-25T00:00:00+00:00', '--job-id', '1324', '--raw', '--subdir', 'DAGS_FOLDER/get_stocks.py', '--cfg-path', '/tmp/tmpq4b0v7_p', '--error-file', '/tmp/tmpdn2js1ub']
[2023-07-18 10:39:49,483] {standard_task_runner.py:80} INFO - Job 1324: Subtask AAPL
[2023-07-18 10:39:49,682] {task_command.py:370} INFO - Running <TaskInstance: get_stocks_dag.AAPL scheduled__2023-05-25T00:00:00+00:00 [running]> on host lucas-Estudos
[2023-07-18 10:39:49,937] {taskinstance.py:1569} INFO - Exporting the following env vars:
AIRFLOW_CTX_DAG_OWNER=airflow
AIRFLOW_CTX_DAG_ID=get_stocks_dag
AIRFLOW_CTX_TASK_ID=AAPL
AIRFLOW_CTX_EXECUTION_DATE=2023-05-25T00:00:00+00:00
AIRFLOW_CTX_TRY_NUMBER=1
AIRFLOW_CTX_DAG_RUN_ID=scheduled__2023-05-25T00:00:00+00:00
[2023-07-18 10:39:53,690] {python.py:173} INFO - Done. Returned value was: None
[2023-07-18 10:39:53,739] {taskinstance.py:1395} INFO - Marking task as SUCCESS. dag_id=get_stocks_dag, task_id=AAPL, execution_date=20230525T000000, start_date=20230718T133949, end_date=20230718T133953
[2023-07-18 10:39:53,786] {local_task_job.py:156} INFO - Task exited with return code 0
[2023-07-18 10:39:53,891] {local_task_job.py:273} INFO - 0 downstream tasks scheduled from follow-on schedule check
