[2023-07-17 22:11:23,006] {taskinstance.py:1159} INFO - Dependencies all met for <TaskInstance: get_crypto_dag.ETH scheduled__2023-06-06T00:00:00+00:00 [queued]>
[2023-07-17 22:11:23,040] {taskinstance.py:1159} INFO - Dependencies all met for <TaskInstance: get_crypto_dag.ETH scheduled__2023-06-06T00:00:00+00:00 [queued]>
[2023-07-17 22:11:23,041] {taskinstance.py:1356} INFO - 
--------------------------------------------------------------------------------
[2023-07-17 22:11:23,041] {taskinstance.py:1357} INFO - Starting attempt 1 of 1
[2023-07-17 22:11:23,041] {taskinstance.py:1358} INFO - 
--------------------------------------------------------------------------------
[2023-07-17 22:11:23,070] {taskinstance.py:1377} INFO - Executing <Task(_PythonDecoratedOperator): ETH> on 2023-06-06 00:00:00+00:00
[2023-07-17 22:11:23,079] {standard_task_runner.py:52} INFO - Started process 81099 to run task
[2023-07-17 22:11:23,083] {standard_task_runner.py:79} INFO - Running: ['airflow', 'tasks', 'run', 'get_crypto_dag', 'ETH', 'scheduled__2023-06-06T00:00:00+00:00', '--job-id', '992', '--raw', '--subdir', 'DAGS_FOLDER/get_crypto.py', '--cfg-path', '/tmp/tmpcz2yfiwr', '--error-file', '/tmp/tmp2q2o91q5']
[2023-07-17 22:11:23,084] {standard_task_runner.py:80} INFO - Job 992: Subtask ETH
[2023-07-17 22:11:23,164] {task_command.py:370} INFO - Running <TaskInstance: get_crypto_dag.ETH scheduled__2023-06-06T00:00:00+00:00 [running]> on host lucas-Estudos
[2023-07-17 22:11:23,233] {taskinstance.py:1569} INFO - Exporting the following env vars:
AIRFLOW_CTX_DAG_OWNER=airflow
AIRFLOW_CTX_DAG_ID=get_crypto_dag
AIRFLOW_CTX_TASK_ID=ETH
AIRFLOW_CTX_EXECUTION_DATE=2023-06-06T00:00:00+00:00
AIRFLOW_CTX_TRY_NUMBER=1
AIRFLOW_CTX_DAG_RUN_ID=scheduled__2023-06-06T00:00:00+00:00
[2023-07-17 22:11:24,849] {base.py:162} ERROR - ETH: No timezone found, symbol may be delisted
[2023-07-17 22:11:24,858] {python.py:173} INFO - Done. Returned value was: None
[2023-07-17 22:11:24,907] {taskinstance.py:1395} INFO - Marking task as SUCCESS. dag_id=get_crypto_dag, task_id=ETH, execution_date=20230606T000000, start_date=20230718T011123, end_date=20230718T011124
[2023-07-17 22:11:24,982] {local_task_job.py:156} INFO - Task exited with return code 0
[2023-07-17 22:11:25,097] {local_task_job.py:273} INFO - 0 downstream tasks scheduled from follow-on schedule check
[2023-07-18 10:48:28,121] {taskinstance.py:1159} INFO - Dependencies all met for <TaskInstance: get_crypto_dag.ETH scheduled__2023-06-06T00:00:00+00:00 [queued]>
[2023-07-18 10:48:28,152] {taskinstance.py:1159} INFO - Dependencies all met for <TaskInstance: get_crypto_dag.ETH scheduled__2023-06-06T00:00:00+00:00 [queued]>
[2023-07-18 10:48:28,152] {taskinstance.py:1356} INFO - 
--------------------------------------------------------------------------------
[2023-07-18 10:48:28,152] {taskinstance.py:1357} INFO - Starting attempt 1 of 1
[2023-07-18 10:48:28,153] {taskinstance.py:1358} INFO - 
--------------------------------------------------------------------------------
[2023-07-18 10:48:28,189] {taskinstance.py:1377} INFO - Executing <Task(_PythonDecoratedOperator): ETH> on 2023-06-06 00:00:00+00:00
[2023-07-18 10:48:28,200] {standard_task_runner.py:52} INFO - Started process 17824 to run task
[2023-07-18 10:48:28,210] {standard_task_runner.py:79} INFO - Running: ['airflow', 'tasks', 'run', 'get_crypto_dag', 'ETH', 'scheduled__2023-06-06T00:00:00+00:00', '--job-id', '1402', '--raw', '--subdir', 'DAGS_FOLDER/get_crypto.py', '--cfg-path', '/tmp/tmpp0in0tmy', '--error-file', '/tmp/tmp_wytxy04']
[2023-07-18 10:48:28,212] {standard_task_runner.py:80} INFO - Job 1402: Subtask ETH
[2023-07-18 10:48:28,422] {task_command.py:370} INFO - Running <TaskInstance: get_crypto_dag.ETH scheduled__2023-06-06T00:00:00+00:00 [running]> on host lucas-Estudos
[2023-07-18 10:48:28,645] {taskinstance.py:1569} INFO - Exporting the following env vars:
AIRFLOW_CTX_DAG_OWNER=airflow
AIRFLOW_CTX_DAG_ID=get_crypto_dag
AIRFLOW_CTX_TASK_ID=ETH
AIRFLOW_CTX_EXECUTION_DATE=2023-06-06T00:00:00+00:00
AIRFLOW_CTX_TRY_NUMBER=1
AIRFLOW_CTX_DAG_RUN_ID=scheduled__2023-06-06T00:00:00+00:00
[2023-07-18 10:48:29,236] {base.py:162} ERROR - ETH: No timezone found, symbol may be delisted
[2023-07-18 10:48:29,248] {python.py:173} INFO - Done. Returned value was: None
[2023-07-18 10:48:29,305] {taskinstance.py:1395} INFO - Marking task as SUCCESS. dag_id=get_crypto_dag, task_id=ETH, execution_date=20230606T000000, start_date=20230718T134828, end_date=20230718T134829
[2023-07-18 10:48:29,383] {local_task_job.py:156} INFO - Task exited with return code 0
[2023-07-18 10:48:29,508] {local_task_job.py:273} INFO - 0 downstream tasks scheduled from follow-on schedule check
