[2023-07-17 21:55:25,915] {taskinstance.py:1159} INFO - Dependencies all met for <TaskInstance: get_crypto_dag.ETH scheduled__2023-05-07T00:00:00+00:00 [queued]>
[2023-07-17 21:55:25,929] {taskinstance.py:1159} INFO - Dependencies all met for <TaskInstance: get_crypto_dag.ETH scheduled__2023-05-07T00:00:00+00:00 [queued]>
[2023-07-17 21:55:25,929] {taskinstance.py:1356} INFO - 
--------------------------------------------------------------------------------
[2023-07-17 21:55:25,929] {taskinstance.py:1357} INFO - Starting attempt 1 of 1
[2023-07-17 21:55:25,929] {taskinstance.py:1358} INFO - 
--------------------------------------------------------------------------------
[2023-07-17 21:55:25,950] {taskinstance.py:1377} INFO - Executing <Task(_PythonDecoratedOperator): ETH> on 2023-05-07 00:00:00+00:00
[2023-07-17 21:55:25,960] {standard_task_runner.py:52} INFO - Started process 48688 to run task
[2023-07-17 21:55:25,964] {standard_task_runner.py:79} INFO - Running: ['airflow', 'tasks', 'run', 'get_crypto_dag', 'ETH', 'scheduled__2023-05-07T00:00:00+00:00', '--job-id', '757', '--raw', '--subdir', 'DAGS_FOLDER/get_crypto.py', '--cfg-path', '/tmp/tmppcdl67bk', '--error-file', '/tmp/tmp3c4mn_58']
[2023-07-17 21:55:25,965] {standard_task_runner.py:80} INFO - Job 757: Subtask ETH
[2023-07-17 21:55:26,072] {task_command.py:370} INFO - Running <TaskInstance: get_crypto_dag.ETH scheduled__2023-05-07T00:00:00+00:00 [running]> on host lucas-Estudos
[2023-07-17 21:55:26,205] {taskinstance.py:1569} INFO - Exporting the following env vars:
AIRFLOW_CTX_DAG_OWNER=airflow
AIRFLOW_CTX_DAG_ID=get_crypto_dag
AIRFLOW_CTX_TASK_ID=ETH
AIRFLOW_CTX_EXECUTION_DATE=2023-05-07T00:00:00+00:00
AIRFLOW_CTX_TRY_NUMBER=1
AIRFLOW_CTX_DAG_RUN_ID=scheduled__2023-05-07T00:00:00+00:00
[2023-07-17 21:55:28,801] {base.py:162} ERROR - ETH: No timezone found, symbol may be delisted
[2023-07-17 21:55:28,809] {python.py:173} INFO - Done. Returned value was: None
[2023-07-17 21:55:28,860] {taskinstance.py:1395} INFO - Marking task as SUCCESS. dag_id=get_crypto_dag, task_id=ETH, execution_date=20230507T000000, start_date=20230718T005525, end_date=20230718T005528
[2023-07-17 21:55:28,907] {local_task_job.py:156} INFO - Task exited with return code 0
[2023-07-17 21:55:29,040] {local_task_job.py:273} INFO - 0 downstream tasks scheduled from follow-on schedule check
[2023-07-18 10:26:13,560] {taskinstance.py:1159} INFO - Dependencies all met for <TaskInstance: get_crypto_dag.ETH scheduled__2023-05-07T00:00:00+00:00 [queued]>
[2023-07-18 10:26:13,591] {taskinstance.py:1159} INFO - Dependencies all met for <TaskInstance: get_crypto_dag.ETH scheduled__2023-05-07T00:00:00+00:00 [queued]>
[2023-07-18 10:26:13,591] {taskinstance.py:1356} INFO - 
--------------------------------------------------------------------------------
[2023-07-18 10:26:13,592] {taskinstance.py:1357} INFO - Starting attempt 1 of 1
[2023-07-18 10:26:13,592] {taskinstance.py:1358} INFO - 
--------------------------------------------------------------------------------
[2023-07-18 10:26:13,625] {taskinstance.py:1377} INFO - Executing <Task(_PythonDecoratedOperator): ETH> on 2023-05-07 00:00:00+00:00
[2023-07-18 10:26:13,636] {standard_task_runner.py:52} INFO - Started process 11311 to run task
[2023-07-18 10:26:13,645] {standard_task_runner.py:79} INFO - Running: ['airflow', 'tasks', 'run', 'get_crypto_dag', 'ETH', 'scheduled__2023-05-07T00:00:00+00:00', '--job-id', '1198', '--raw', '--subdir', 'DAGS_FOLDER/get_crypto.py', '--cfg-path', '/tmp/tmpqb479gjm', '--error-file', '/tmp/tmpxaads8ad']
[2023-07-18 10:26:13,647] {standard_task_runner.py:80} INFO - Job 1198: Subtask ETH
[2023-07-18 10:26:13,837] {task_command.py:370} INFO - Running <TaskInstance: get_crypto_dag.ETH scheduled__2023-05-07T00:00:00+00:00 [running]> on host lucas-Estudos
[2023-07-18 10:26:14,086] {taskinstance.py:1569} INFO - Exporting the following env vars:
AIRFLOW_CTX_DAG_OWNER=airflow
AIRFLOW_CTX_DAG_ID=get_crypto_dag
AIRFLOW_CTX_TASK_ID=ETH
AIRFLOW_CTX_EXECUTION_DATE=2023-05-07T00:00:00+00:00
AIRFLOW_CTX_TRY_NUMBER=1
AIRFLOW_CTX_DAG_RUN_ID=scheduled__2023-05-07T00:00:00+00:00
[2023-07-18 10:26:14,717] {base.py:162} ERROR - ETH: No timezone found, symbol may be delisted
[2023-07-18 10:26:14,728] {python.py:173} INFO - Done. Returned value was: None
[2023-07-18 10:26:14,783] {taskinstance.py:1395} INFO - Marking task as SUCCESS. dag_id=get_crypto_dag, task_id=ETH, execution_date=20230507T000000, start_date=20230718T132613, end_date=20230718T132614
[2023-07-18 10:26:14,860] {local_task_job.py:156} INFO - Task exited with return code 0
[2023-07-18 10:26:14,976] {local_task_job.py:273} INFO - 0 downstream tasks scheduled from follow-on schedule check
