[2023-07-17 21:54:38,193] {taskinstance.py:1159} INFO - Dependencies all met for <TaskInstance: get_crypto_dag.BTC scheduled__2023-05-05T00:00:00+00:00 [queued]>
[2023-07-17 21:54:38,226] {taskinstance.py:1159} INFO - Dependencies all met for <TaskInstance: get_crypto_dag.BTC scheduled__2023-05-05T00:00:00+00:00 [queued]>
[2023-07-17 21:54:38,226] {taskinstance.py:1356} INFO - 
--------------------------------------------------------------------------------
[2023-07-17 21:54:38,226] {taskinstance.py:1357} INFO - Starting attempt 1 of 1
[2023-07-17 21:54:38,227] {taskinstance.py:1358} INFO - 
--------------------------------------------------------------------------------
[2023-07-17 21:54:38,269] {taskinstance.py:1377} INFO - Executing <Task(_PythonDecoratedOperator): BTC> on 2023-05-05 00:00:00+00:00
[2023-07-17 21:54:38,284] {standard_task_runner.py:52} INFO - Started process 47127 to run task
[2023-07-17 21:54:38,297] {standard_task_runner.py:79} INFO - Running: ['airflow', 'tasks', 'run', 'get_crypto_dag', 'BTC', 'scheduled__2023-05-05T00:00:00+00:00', '--job-id', '745', '--raw', '--subdir', 'DAGS_FOLDER/get_crypto.py', '--cfg-path', '/tmp/tmpvp5uvfn5', '--error-file', '/tmp/tmp77rs9cwr']
[2023-07-17 21:54:38,299] {standard_task_runner.py:80} INFO - Job 745: Subtask BTC
[2023-07-17 21:54:38,404] {task_command.py:370} INFO - Running <TaskInstance: get_crypto_dag.BTC scheduled__2023-05-05T00:00:00+00:00 [running]> on host lucas-Estudos
[2023-07-17 21:54:38,491] {taskinstance.py:1569} INFO - Exporting the following env vars:
AIRFLOW_CTX_DAG_OWNER=airflow
AIRFLOW_CTX_DAG_ID=get_crypto_dag
AIRFLOW_CTX_TASK_ID=BTC
AIRFLOW_CTX_EXECUTION_DATE=2023-05-05T00:00:00+00:00
AIRFLOW_CTX_TRY_NUMBER=1
AIRFLOW_CTX_DAG_RUN_ID=scheduled__2023-05-05T00:00:00+00:00
[2023-07-17 21:54:42,111] {base.py:297} ERROR - BTC: No price data found, symbol may be delisted (1h 2023-05-04 -> 2023-05-05)
[2023-07-17 21:54:42,119] {python.py:173} INFO - Done. Returned value was: None
[2023-07-17 21:54:42,179] {taskinstance.py:1395} INFO - Marking task as SUCCESS. dag_id=get_crypto_dag, task_id=BTC, execution_date=20230505T000000, start_date=20230718T005438, end_date=20230718T005442
[2023-07-17 21:54:42,239] {local_task_job.py:156} INFO - Task exited with return code 0
[2023-07-17 21:54:42,355] {local_task_job.py:273} INFO - 0 downstream tasks scheduled from follow-on schedule check
[2023-07-18 10:24:44,740] {taskinstance.py:1159} INFO - Dependencies all met for <TaskInstance: get_crypto_dag.BTC scheduled__2023-05-05T00:00:00+00:00 [queued]>
[2023-07-18 10:24:44,773] {taskinstance.py:1159} INFO - Dependencies all met for <TaskInstance: get_crypto_dag.BTC scheduled__2023-05-05T00:00:00+00:00 [queued]>
[2023-07-18 10:24:44,774] {taskinstance.py:1356} INFO - 
--------------------------------------------------------------------------------
[2023-07-18 10:24:44,774] {taskinstance.py:1357} INFO - Starting attempt 1 of 1
[2023-07-18 10:24:44,774] {taskinstance.py:1358} INFO - 
--------------------------------------------------------------------------------
[2023-07-18 10:24:44,809] {taskinstance.py:1377} INFO - Executing <Task(_PythonDecoratedOperator): BTC> on 2023-05-05 00:00:00+00:00
[2023-07-18 10:24:44,820] {standard_task_runner.py:52} INFO - Started process 10872 to run task
[2023-07-18 10:24:44,829] {standard_task_runner.py:79} INFO - Running: ['airflow', 'tasks', 'run', 'get_crypto_dag', 'BTC', 'scheduled__2023-05-05T00:00:00+00:00', '--job-id', '1184', '--raw', '--subdir', 'DAGS_FOLDER/get_crypto.py', '--cfg-path', '/tmp/tmpnk3xs_uj', '--error-file', '/tmp/tmp6gb1y5dv']
[2023-07-18 10:24:44,832] {standard_task_runner.py:80} INFO - Job 1184: Subtask BTC
[2023-07-18 10:24:44,969] {task_command.py:370} INFO - Running <TaskInstance: get_crypto_dag.BTC scheduled__2023-05-05T00:00:00+00:00 [running]> on host lucas-Estudos
[2023-07-18 10:24:45,123] {taskinstance.py:1569} INFO - Exporting the following env vars:
AIRFLOW_CTX_DAG_OWNER=airflow
AIRFLOW_CTX_DAG_ID=get_crypto_dag
AIRFLOW_CTX_TASK_ID=BTC
AIRFLOW_CTX_EXECUTION_DATE=2023-05-05T00:00:00+00:00
AIRFLOW_CTX_TRY_NUMBER=1
AIRFLOW_CTX_DAG_RUN_ID=scheduled__2023-05-05T00:00:00+00:00
[2023-07-18 10:24:45,836] {base.py:297} ERROR - BTC: No price data found, symbol may be delisted (1h 2023-05-04 -> 2023-05-05)
[2023-07-18 10:24:45,842] {python.py:173} INFO - Done. Returned value was: None
[2023-07-18 10:24:45,892] {taskinstance.py:1395} INFO - Marking task as SUCCESS. dag_id=get_crypto_dag, task_id=BTC, execution_date=20230505T000000, start_date=20230718T132444, end_date=20230718T132445
[2023-07-18 10:24:45,964] {local_task_job.py:156} INFO - Task exited with return code 0
[2023-07-18 10:24:46,082] {local_task_job.py:273} INFO - 0 downstream tasks scheduled from follow-on schedule check
