[2023-07-17 22:08:04,826] {taskinstance.py:1159} INFO - Dependencies all met for <TaskInstance: get_crypto_dag.AVAX scheduled__2023-05-31T00:00:00+00:00 [queued]>
[2023-07-17 22:08:04,857] {taskinstance.py:1159} INFO - Dependencies all met for <TaskInstance: get_crypto_dag.AVAX scheduled__2023-05-31T00:00:00+00:00 [queued]>
[2023-07-17 22:08:04,857] {taskinstance.py:1356} INFO - 
--------------------------------------------------------------------------------
[2023-07-17 22:08:04,857] {taskinstance.py:1357} INFO - Starting attempt 1 of 1
[2023-07-17 22:08:04,858] {taskinstance.py:1358} INFO - 
--------------------------------------------------------------------------------
[2023-07-17 22:08:04,891] {taskinstance.py:1377} INFO - Executing <Task(_PythonDecoratedOperator): AVAX> on 2023-05-31 00:00:00+00:00
[2023-07-17 22:08:04,900] {standard_task_runner.py:52} INFO - Started process 74385 to run task
[2023-07-17 22:08:04,904] {standard_task_runner.py:79} INFO - Running: ['airflow', 'tasks', 'run', 'get_crypto_dag', 'AVAX', 'scheduled__2023-05-31T00:00:00+00:00', '--job-id', '943', '--raw', '--subdir', 'DAGS_FOLDER/get_crypto.py', '--cfg-path', '/tmp/tmp9kb66__y', '--error-file', '/tmp/tmp9ugi226b']
[2023-07-17 22:08:04,905] {standard_task_runner.py:80} INFO - Job 943: Subtask AVAX
[2023-07-17 22:08:04,981] {task_command.py:370} INFO - Running <TaskInstance: get_crypto_dag.AVAX scheduled__2023-05-31T00:00:00+00:00 [running]> on host lucas-Estudos
[2023-07-17 22:08:05,184] {taskinstance.py:1569} INFO - Exporting the following env vars:
AIRFLOW_CTX_DAG_OWNER=airflow
AIRFLOW_CTX_DAG_ID=get_crypto_dag
AIRFLOW_CTX_TASK_ID=AVAX
AIRFLOW_CTX_EXECUTION_DATE=2023-05-31T00:00:00+00:00
AIRFLOW_CTX_TRY_NUMBER=1
AIRFLOW_CTX_DAG_RUN_ID=scheduled__2023-05-31T00:00:00+00:00
[2023-07-17 22:08:10,840] {base.py:162} ERROR - AVAX: No timezone found, symbol may be delisted
[2023-07-17 22:08:10,849] {python.py:173} INFO - Done. Returned value was: None
[2023-07-17 22:08:10,910] {taskinstance.py:1395} INFO - Marking task as SUCCESS. dag_id=get_crypto_dag, task_id=AVAX, execution_date=20230531T000000, start_date=20230718T010804, end_date=20230718T010810
[2023-07-17 22:08:10,979] {local_task_job.py:156} INFO - Task exited with return code 0
[2023-07-17 22:08:11,028] {local_task_job.py:273} INFO - 0 downstream tasks scheduled from follow-on schedule check
[2023-07-18 10:44:03,705] {taskinstance.py:1159} INFO - Dependencies all met for <TaskInstance: get_crypto_dag.AVAX scheduled__2023-05-31T00:00:00+00:00 [queued]>
[2023-07-18 10:44:03,730] {taskinstance.py:1159} INFO - Dependencies all met for <TaskInstance: get_crypto_dag.AVAX scheduled__2023-05-31T00:00:00+00:00 [queued]>
[2023-07-18 10:44:03,731] {taskinstance.py:1356} INFO - 
--------------------------------------------------------------------------------
[2023-07-18 10:44:03,731] {taskinstance.py:1357} INFO - Starting attempt 1 of 1
[2023-07-18 10:44:03,731] {taskinstance.py:1358} INFO - 
--------------------------------------------------------------------------------
[2023-07-18 10:44:03,764] {taskinstance.py:1377} INFO - Executing <Task(_PythonDecoratedOperator): AVAX> on 2023-05-31 00:00:00+00:00
[2023-07-18 10:44:03,774] {standard_task_runner.py:52} INFO - Started process 16543 to run task
[2023-07-18 10:44:03,781] {standard_task_runner.py:79} INFO - Running: ['airflow', 'tasks', 'run', 'get_crypto_dag', 'AVAX', 'scheduled__2023-05-31T00:00:00+00:00', '--job-id', '1363', '--raw', '--subdir', 'DAGS_FOLDER/get_crypto.py', '--cfg-path', '/tmp/tmp_mx99y8h', '--error-file', '/tmp/tmpmmogxlfk']
[2023-07-18 10:44:03,783] {standard_task_runner.py:80} INFO - Job 1363: Subtask AVAX
[2023-07-18 10:44:03,973] {task_command.py:370} INFO - Running <TaskInstance: get_crypto_dag.AVAX scheduled__2023-05-31T00:00:00+00:00 [running]> on host lucas-Estudos
[2023-07-18 10:44:04,187] {taskinstance.py:1569} INFO - Exporting the following env vars:
AIRFLOW_CTX_DAG_OWNER=airflow
AIRFLOW_CTX_DAG_ID=get_crypto_dag
AIRFLOW_CTX_TASK_ID=AVAX
AIRFLOW_CTX_EXECUTION_DATE=2023-05-31T00:00:00+00:00
AIRFLOW_CTX_TRY_NUMBER=1
AIRFLOW_CTX_DAG_RUN_ID=scheduled__2023-05-31T00:00:00+00:00
[2023-07-18 10:44:16,977] {base.py:162} ERROR - AVAX: No timezone found, symbol may be delisted
[2023-07-18 10:44:16,983] {python.py:173} INFO - Done. Returned value was: None
[2023-07-18 10:44:17,086] {taskinstance.py:1395} INFO - Marking task as SUCCESS. dag_id=get_crypto_dag, task_id=AVAX, execution_date=20230531T000000, start_date=20230718T134403, end_date=20230718T134417
[2023-07-18 10:44:17,128] {local_task_job.py:156} INFO - Task exited with return code 0
[2023-07-18 10:44:17,228] {local_task_job.py:273} INFO - 0 downstream tasks scheduled from follow-on schedule check
