[2023-07-17 16:23:13,109] {taskinstance.py:1159} INFO - Dependencies all met for <TaskInstance: get_stocks_dag.TSLA scheduled__2023-05-31T00:00:00+00:00 [queued]>
[2023-07-17 16:23:13,144] {taskinstance.py:1159} INFO - Dependencies all met for <TaskInstance: get_stocks_dag.TSLA scheduled__2023-05-31T00:00:00+00:00 [queued]>
[2023-07-17 16:23:13,145] {taskinstance.py:1356} INFO - 
--------------------------------------------------------------------------------
[2023-07-17 16:23:13,145] {taskinstance.py:1357} INFO - Starting attempt 1 of 1
[2023-07-17 16:23:13,145] {taskinstance.py:1358} INFO - 
--------------------------------------------------------------------------------
[2023-07-17 16:23:13,202] {taskinstance.py:1377} INFO - Executing <Task(_PythonDecoratedOperator): TSLA> on 2023-05-31 00:00:00+00:00
[2023-07-17 16:23:13,230] {standard_task_runner.py:52} INFO - Started process 9350 to run task
[2023-07-17 16:23:13,291] {standard_task_runner.py:79} INFO - Running: ['airflow', 'tasks', 'run', 'get_stocks_dag', 'TSLA', 'scheduled__2023-05-31T00:00:00+00:00', '--job-id', '139', '--raw', '--subdir', 'DAGS_FOLDER/get_stocks.py', '--cfg-path', '/tmp/tmpt5q_5u6r', '--error-file', '/tmp/tmp8w79p_wx']
[2023-07-17 16:23:13,307] {standard_task_runner.py:80} INFO - Job 139: Subtask TSLA
[2023-07-17 16:23:13,629] {task_command.py:370} INFO - Running <TaskInstance: get_stocks_dag.TSLA scheduled__2023-05-31T00:00:00+00:00 [running]> on host lucas-Estudos
[2023-07-17 16:23:13,985] {taskinstance.py:1569} INFO - Exporting the following env vars:
AIRFLOW_CTX_DAG_OWNER=airflow
AIRFLOW_CTX_DAG_ID=get_stocks_dag
AIRFLOW_CTX_TASK_ID=TSLA
AIRFLOW_CTX_EXECUTION_DATE=2023-05-31T00:00:00+00:00
AIRFLOW_CTX_TRY_NUMBER=1
AIRFLOW_CTX_DAG_RUN_ID=scheduled__2023-05-31T00:00:00+00:00
[2023-07-17 16:23:14,549] {python.py:173} INFO - Done. Returned value was: None
[2023-07-17 16:23:14,592] {taskinstance.py:1395} INFO - Marking task as SUCCESS. dag_id=get_stocks_dag, task_id=TSLA, execution_date=20230531T000000, start_date=20230717T192313, end_date=20230717T192314
[2023-07-17 16:23:14,638] {local_task_job.py:156} INFO - Task exited with return code 0
[2023-07-17 16:23:14,774] {local_task_job.py:273} INFO - 0 downstream tasks scheduled from follow-on schedule check
[2023-07-17 16:54:31,462] {taskinstance.py:1159} INFO - Dependencies all met for <TaskInstance: get_stocks_dag.TSLA scheduled__2023-05-31T00:00:00+00:00 [queued]>
[2023-07-17 16:54:31,476] {taskinstance.py:1159} INFO - Dependencies all met for <TaskInstance: get_stocks_dag.TSLA scheduled__2023-05-31T00:00:00+00:00 [queued]>
[2023-07-17 16:54:31,477] {taskinstance.py:1356} INFO - 
--------------------------------------------------------------------------------
[2023-07-17 16:54:31,477] {taskinstance.py:1357} INFO - Starting attempt 1 of 1
[2023-07-17 16:54:31,477] {taskinstance.py:1358} INFO - 
--------------------------------------------------------------------------------
[2023-07-17 16:54:31,491] {taskinstance.py:1377} INFO - Executing <Task(_PythonDecoratedOperator): TSLA> on 2023-05-31 00:00:00+00:00
[2023-07-17 16:54:31,502] {standard_task_runner.py:79} INFO - Running: ['airflow', 'tasks', 'run', 'get_stocks_dag', 'TSLA', 'scheduled__2023-05-31T00:00:00+00:00', '--job-id', '354', '--raw', '--subdir', 'DAGS_FOLDER/get_stocks.py', '--cfg-path', '/tmp/tmpmhua5jhx', '--error-file', '/tmp/tmp8888kuaj']
[2023-07-17 16:54:31,503] {standard_task_runner.py:80} INFO - Job 354: Subtask TSLA
[2023-07-17 16:54:31,498] {standard_task_runner.py:52} INFO - Started process 22059 to run task
[2023-07-17 16:54:31,621] {task_command.py:370} INFO - Running <TaskInstance: get_stocks_dag.TSLA scheduled__2023-05-31T00:00:00+00:00 [running]> on host lucas-Estudos
[2023-07-17 16:54:31,768] {taskinstance.py:1569} INFO - Exporting the following env vars:
AIRFLOW_CTX_DAG_OWNER=airflow
AIRFLOW_CTX_DAG_ID=get_stocks_dag
AIRFLOW_CTX_TASK_ID=TSLA
AIRFLOW_CTX_EXECUTION_DATE=2023-05-31T00:00:00+00:00
AIRFLOW_CTX_TRY_NUMBER=1
AIRFLOW_CTX_DAG_RUN_ID=scheduled__2023-05-31T00:00:00+00:00
[2023-07-17 16:54:32,574] {python.py:173} INFO - Done. Returned value was: None
[2023-07-17 16:54:32,603] {taskinstance.py:1395} INFO - Marking task as SUCCESS. dag_id=get_stocks_dag, task_id=TSLA, execution_date=20230531T000000, start_date=20230717T195431, end_date=20230717T195432
[2023-07-17 16:54:32,724] {local_task_job.py:156} INFO - Task exited with return code 0
[2023-07-17 16:54:32,906] {local_task_job.py:273} INFO - 0 downstream tasks scheduled from follow-on schedule check
[2023-07-17 21:01:52,684] {taskinstance.py:1159} INFO - Dependencies all met for <TaskInstance: get_stocks_dag.TSLA scheduled__2023-05-31T00:00:00+00:00 [queued]>
[2023-07-17 21:01:52,692] {taskinstance.py:1159} INFO - Dependencies all met for <TaskInstance: get_stocks_dag.TSLA scheduled__2023-05-31T00:00:00+00:00 [queued]>
[2023-07-17 21:01:52,692] {taskinstance.py:1356} INFO - 
--------------------------------------------------------------------------------
[2023-07-17 21:01:52,692] {taskinstance.py:1357} INFO - Starting attempt 1 of 1
[2023-07-17 21:01:52,692] {taskinstance.py:1358} INFO - 
--------------------------------------------------------------------------------
[2023-07-17 21:01:52,702] {taskinstance.py:1377} INFO - Executing <Task(_PythonDecoratedOperator): TSLA> on 2023-05-31 00:00:00+00:00
[2023-07-17 21:01:52,706] {standard_task_runner.py:52} INFO - Started process 22816 to run task
[2023-07-17 21:01:52,709] {standard_task_runner.py:79} INFO - Running: ['airflow', 'tasks', 'run', 'get_stocks_dag', 'TSLA', 'scheduled__2023-05-31T00:00:00+00:00', '--job-id', '574', '--raw', '--subdir', 'DAGS_FOLDER/get_stocks.py', '--cfg-path', '/tmp/tmps6hdw2k2', '--error-file', '/tmp/tmps6_xjmzo']
[2023-07-17 21:01:52,710] {standard_task_runner.py:80} INFO - Job 574: Subtask TSLA
[2023-07-17 21:01:52,793] {task_command.py:370} INFO - Running <TaskInstance: get_stocks_dag.TSLA scheduled__2023-05-31T00:00:00+00:00 [running]> on host lucas-Estudos
[2023-07-17 21:01:53,018] {taskinstance.py:1569} INFO - Exporting the following env vars:
AIRFLOW_CTX_DAG_OWNER=airflow
AIRFLOW_CTX_DAG_ID=get_stocks_dag
AIRFLOW_CTX_TASK_ID=TSLA
AIRFLOW_CTX_EXECUTION_DATE=2023-05-31T00:00:00+00:00
AIRFLOW_CTX_TRY_NUMBER=1
AIRFLOW_CTX_DAG_RUN_ID=scheduled__2023-05-31T00:00:00+00:00
[2023-07-17 21:01:55,732] {python.py:173} INFO - Done. Returned value was: None
[2023-07-17 21:01:55,784] {taskinstance.py:1395} INFO - Marking task as SUCCESS. dag_id=get_stocks_dag, task_id=TSLA, execution_date=20230531T000000, start_date=20230718T000152, end_date=20230718T000155
[2023-07-17 21:01:55,853] {local_task_job.py:156} INFO - Task exited with return code 0
[2023-07-17 21:01:55,970] {local_task_job.py:273} INFO - 0 downstream tasks scheduled from follow-on schedule check
[2023-07-17 22:03:58,297] {taskinstance.py:1159} INFO - Dependencies all met for <TaskInstance: get_stocks_dag.TSLA scheduled__2023-05-31T00:00:00+00:00 [queued]>
[2023-07-17 22:03:58,316] {taskinstance.py:1159} INFO - Dependencies all met for <TaskInstance: get_stocks_dag.TSLA scheduled__2023-05-31T00:00:00+00:00 [queued]>
[2023-07-17 22:03:58,316] {taskinstance.py:1356} INFO - 
--------------------------------------------------------------------------------
[2023-07-17 22:03:58,316] {taskinstance.py:1357} INFO - Starting attempt 1 of 1
[2023-07-17 22:03:58,317] {taskinstance.py:1358} INFO - 
--------------------------------------------------------------------------------
[2023-07-17 22:03:58,339] {taskinstance.py:1377} INFO - Executing <Task(_PythonDecoratedOperator): TSLA> on 2023-05-31 00:00:00+00:00
[2023-07-17 22:03:58,352] {standard_task_runner.py:52} INFO - Started process 66081 to run task
[2023-07-17 22:03:58,359] {standard_task_runner.py:79} INFO - Running: ['airflow', 'tasks', 'run', 'get_stocks_dag', 'TSLA', 'scheduled__2023-05-31T00:00:00+00:00', '--job-id', '882', '--raw', '--subdir', 'DAGS_FOLDER/get_stocks.py', '--cfg-path', '/tmp/tmpgci_citq', '--error-file', '/tmp/tmpp3wx18oo']
[2023-07-17 22:03:58,361] {standard_task_runner.py:80} INFO - Job 882: Subtask TSLA
[2023-07-17 22:03:58,473] {task_command.py:370} INFO - Running <TaskInstance: get_stocks_dag.TSLA scheduled__2023-05-31T00:00:00+00:00 [running]> on host lucas-Estudos
[2023-07-17 22:03:58,598] {taskinstance.py:1569} INFO - Exporting the following env vars:
AIRFLOW_CTX_DAG_OWNER=airflow
AIRFLOW_CTX_DAG_ID=get_stocks_dag
AIRFLOW_CTX_TASK_ID=TSLA
AIRFLOW_CTX_EXECUTION_DATE=2023-05-31T00:00:00+00:00
AIRFLOW_CTX_TRY_NUMBER=1
AIRFLOW_CTX_DAG_RUN_ID=scheduled__2023-05-31T00:00:00+00:00
[2023-07-17 22:04:11,508] {python.py:173} INFO - Done. Returned value was: None
[2023-07-17 22:04:11,537] {taskinstance.py:1395} INFO - Marking task as SUCCESS. dag_id=get_stocks_dag, task_id=TSLA, execution_date=20230531T000000, start_date=20230718T010358, end_date=20230718T010411
[2023-07-17 22:04:11,583] {local_task_job.py:156} INFO - Task exited with return code 0
[2023-07-17 22:04:11,836] {local_task_job.py:273} INFO - 0 downstream tasks scheduled from follow-on schedule check
[2023-07-18 10:43:37,584] {taskinstance.py:1159} INFO - Dependencies all met for <TaskInstance: get_stocks_dag.TSLA scheduled__2023-05-31T00:00:00+00:00 [queued]>
[2023-07-18 10:43:37,612] {taskinstance.py:1159} INFO - Dependencies all met for <TaskInstance: get_stocks_dag.TSLA scheduled__2023-05-31T00:00:00+00:00 [queued]>
[2023-07-18 10:43:37,613] {taskinstance.py:1356} INFO - 
--------------------------------------------------------------------------------
[2023-07-18 10:43:37,613] {taskinstance.py:1357} INFO - Starting attempt 1 of 1
[2023-07-18 10:43:37,613] {taskinstance.py:1358} INFO - 
--------------------------------------------------------------------------------
[2023-07-18 10:43:37,653] {taskinstance.py:1377} INFO - Executing <Task(_PythonDecoratedOperator): TSLA> on 2023-05-31 00:00:00+00:00
[2023-07-18 10:43:37,667] {standard_task_runner.py:52} INFO - Started process 16411 to run task
[2023-07-18 10:43:37,675] {standard_task_runner.py:79} INFO - Running: ['airflow', 'tasks', 'run', 'get_stocks_dag', 'TSLA', 'scheduled__2023-05-31T00:00:00+00:00', '--job-id', '1359', '--raw', '--subdir', 'DAGS_FOLDER/get_stocks.py', '--cfg-path', '/tmp/tmpffthzge0', '--error-file', '/tmp/tmp9bol8q01']
[2023-07-18 10:43:37,678] {standard_task_runner.py:80} INFO - Job 1359: Subtask TSLA
[2023-07-18 10:43:37,878] {task_command.py:370} INFO - Running <TaskInstance: get_stocks_dag.TSLA scheduled__2023-05-31T00:00:00+00:00 [running]> on host lucas-Estudos
[2023-07-18 10:43:38,118] {taskinstance.py:1569} INFO - Exporting the following env vars:
AIRFLOW_CTX_DAG_OWNER=airflow
AIRFLOW_CTX_DAG_ID=get_stocks_dag
AIRFLOW_CTX_TASK_ID=TSLA
AIRFLOW_CTX_EXECUTION_DATE=2023-05-31T00:00:00+00:00
AIRFLOW_CTX_TRY_NUMBER=1
AIRFLOW_CTX_DAG_RUN_ID=scheduled__2023-05-31T00:00:00+00:00
[2023-07-18 10:43:38,773] {python.py:173} INFO - Done. Returned value was: None
[2023-07-18 10:43:38,843] {taskinstance.py:1395} INFO - Marking task as SUCCESS. dag_id=get_stocks_dag, task_id=TSLA, execution_date=20230531T000000, start_date=20230718T134337, end_date=20230718T134338
[2023-07-18 10:43:38,890] {local_task_job.py:156} INFO - Task exited with return code 0
[2023-07-18 10:43:39,006] {local_task_job.py:273} INFO - 0 downstream tasks scheduled from follow-on schedule check
