[2023-07-17 16:22:56,485] {taskinstance.py:1159} INFO - Dependencies all met for <TaskInstance: get_stocks_dag.GOOG scheduled__2023-05-17T00:00:00+00:00 [queued]>
[2023-07-17 16:22:56,504] {taskinstance.py:1159} INFO - Dependencies all met for <TaskInstance: get_stocks_dag.GOOG scheduled__2023-05-17T00:00:00+00:00 [queued]>
[2023-07-17 16:22:56,504] {taskinstance.py:1356} INFO - 
--------------------------------------------------------------------------------
[2023-07-17 16:22:56,504] {taskinstance.py:1357} INFO - Starting attempt 1 of 1
[2023-07-17 16:22:56,504] {taskinstance.py:1358} INFO - 
--------------------------------------------------------------------------------
[2023-07-17 16:22:56,682] {taskinstance.py:1377} INFO - Executing <Task(_PythonDecoratedOperator): GOOG> on 2023-05-17 00:00:00+00:00
[2023-07-17 16:22:56,711] {standard_task_runner.py:79} INFO - Running: ['airflow', 'tasks', 'run', 'get_stocks_dag', 'GOOG', 'scheduled__2023-05-17T00:00:00+00:00', '--job-id', '101', '--raw', '--subdir', 'DAGS_FOLDER/get_stocks.py', '--cfg-path', '/tmp/tmp4cwc73vg', '--error-file', '/tmp/tmplsxold4g']
[2023-07-17 16:22:56,715] {standard_task_runner.py:80} INFO - Job 101: Subtask GOOG
[2023-07-17 16:22:56,706] {standard_task_runner.py:52} INFO - Started process 8021 to run task
[2023-07-17 16:22:56,924] {task_command.py:370} INFO - Running <TaskInstance: get_stocks_dag.GOOG scheduled__2023-05-17T00:00:00+00:00 [running]> on host lucas-Estudos
[2023-07-17 16:22:57,139] {taskinstance.py:1569} INFO - Exporting the following env vars:
AIRFLOW_CTX_DAG_OWNER=airflow
AIRFLOW_CTX_DAG_ID=get_stocks_dag
AIRFLOW_CTX_TASK_ID=GOOG
AIRFLOW_CTX_EXECUTION_DATE=2023-05-17T00:00:00+00:00
AIRFLOW_CTX_TRY_NUMBER=1
AIRFLOW_CTX_DAG_RUN_ID=scheduled__2023-05-17T00:00:00+00:00
[2023-07-17 16:22:57,970] {python.py:173} INFO - Done. Returned value was: None
[2023-07-17 16:22:58,045] {taskinstance.py:1395} INFO - Marking task as SUCCESS. dag_id=get_stocks_dag, task_id=GOOG, execution_date=20230517T000000, start_date=20230717T192256, end_date=20230717T192258
[2023-07-17 16:22:58,094] {local_task_job.py:156} INFO - Task exited with return code 0
[2023-07-17 16:22:58,173] {local_task_job.py:273} INFO - 0 downstream tasks scheduled from follow-on schedule check
[2023-07-17 16:54:17,945] {taskinstance.py:1159} INFO - Dependencies all met for <TaskInstance: get_stocks_dag.GOOG scheduled__2023-05-17T00:00:00+00:00 [queued]>
[2023-07-17 16:54:17,975] {taskinstance.py:1159} INFO - Dependencies all met for <TaskInstance: get_stocks_dag.GOOG scheduled__2023-05-17T00:00:00+00:00 [queued]>
[2023-07-17 16:54:17,975] {taskinstance.py:1356} INFO - 
--------------------------------------------------------------------------------
[2023-07-17 16:54:17,975] {taskinstance.py:1357} INFO - Starting attempt 1 of 1
[2023-07-17 16:54:17,975] {taskinstance.py:1358} INFO - 
--------------------------------------------------------------------------------
[2023-07-17 16:54:18,005] {taskinstance.py:1377} INFO - Executing <Task(_PythonDecoratedOperator): GOOG> on 2023-05-17 00:00:00+00:00
[2023-07-17 16:54:18,011] {standard_task_runner.py:52} INFO - Started process 20761 to run task
[2023-07-17 16:54:18,072] {standard_task_runner.py:79} INFO - Running: ['airflow', 'tasks', 'run', 'get_stocks_dag', 'GOOG', 'scheduled__2023-05-17T00:00:00+00:00', '--job-id', '317', '--raw', '--subdir', 'DAGS_FOLDER/get_stocks.py', '--cfg-path', '/tmp/tmp7bdm4r65', '--error-file', '/tmp/tmpsa4qvsgo']
[2023-07-17 16:54:18,074] {standard_task_runner.py:80} INFO - Job 317: Subtask GOOG
[2023-07-17 16:54:18,257] {task_command.py:370} INFO - Running <TaskInstance: get_stocks_dag.GOOG scheduled__2023-05-17T00:00:00+00:00 [running]> on host lucas-Estudos
[2023-07-17 16:54:18,532] {taskinstance.py:1569} INFO - Exporting the following env vars:
AIRFLOW_CTX_DAG_OWNER=airflow
AIRFLOW_CTX_DAG_ID=get_stocks_dag
AIRFLOW_CTX_TASK_ID=GOOG
AIRFLOW_CTX_EXECUTION_DATE=2023-05-17T00:00:00+00:00
AIRFLOW_CTX_TRY_NUMBER=1
AIRFLOW_CTX_DAG_RUN_ID=scheduled__2023-05-17T00:00:00+00:00
[2023-07-17 16:54:19,543] {python.py:173} INFO - Done. Returned value was: None
[2023-07-17 16:54:19,835] {taskinstance.py:1395} INFO - Marking task as SUCCESS. dag_id=get_stocks_dag, task_id=GOOG, execution_date=20230517T000000, start_date=20230717T195417, end_date=20230717T195419
[2023-07-17 16:54:19,937] {local_task_job.py:156} INFO - Task exited with return code 0
[2023-07-17 16:54:20,082] {local_task_job.py:273} INFO - 0 downstream tasks scheduled from follow-on schedule check
[2023-07-17 20:59:00,396] {taskinstance.py:1159} INFO - Dependencies all met for <TaskInstance: get_stocks_dag.GOOG scheduled__2023-05-17T00:00:00+00:00 [queued]>
[2023-07-17 20:59:00,422] {taskinstance.py:1159} INFO - Dependencies all met for <TaskInstance: get_stocks_dag.GOOG scheduled__2023-05-17T00:00:00+00:00 [queued]>
[2023-07-17 20:59:00,422] {taskinstance.py:1356} INFO - 
--------------------------------------------------------------------------------
[2023-07-17 20:59:00,422] {taskinstance.py:1357} INFO - Starting attempt 1 of 1
[2023-07-17 20:59:00,422] {taskinstance.py:1358} INFO - 
--------------------------------------------------------------------------------
[2023-07-17 20:59:00,450] {taskinstance.py:1377} INFO - Executing <Task(_PythonDecoratedOperator): GOOG> on 2023-05-17 00:00:00+00:00
[2023-07-17 20:59:00,458] {standard_task_runner.py:52} INFO - Started process 18238 to run task
[2023-07-17 20:59:00,464] {standard_task_runner.py:79} INFO - Running: ['airflow', 'tasks', 'run', 'get_stocks_dag', 'GOOG', 'scheduled__2023-05-17T00:00:00+00:00', '--job-id', '534', '--raw', '--subdir', 'DAGS_FOLDER/get_stocks.py', '--cfg-path', '/tmp/tmptzfy7asu', '--error-file', '/tmp/tmpz7l9fczu']
[2023-07-17 20:59:00,465] {standard_task_runner.py:80} INFO - Job 534: Subtask GOOG
[2023-07-17 20:59:00,573] {task_command.py:370} INFO - Running <TaskInstance: get_stocks_dag.GOOG scheduled__2023-05-17T00:00:00+00:00 [running]> on host lucas-Estudos
[2023-07-17 20:59:00,657] {taskinstance.py:1569} INFO - Exporting the following env vars:
AIRFLOW_CTX_DAG_OWNER=airflow
AIRFLOW_CTX_DAG_ID=get_stocks_dag
AIRFLOW_CTX_TASK_ID=GOOG
AIRFLOW_CTX_EXECUTION_DATE=2023-05-17T00:00:00+00:00
AIRFLOW_CTX_TRY_NUMBER=1
AIRFLOW_CTX_DAG_RUN_ID=scheduled__2023-05-17T00:00:00+00:00
[2023-07-17 20:59:12,593] {python.py:173} INFO - Done. Returned value was: None
[2023-07-17 20:59:12,644] {taskinstance.py:1395} INFO - Marking task as SUCCESS. dag_id=get_stocks_dag, task_id=GOOG, execution_date=20230517T000000, start_date=20230717T235900, end_date=20230717T235912
[2023-07-17 20:59:12,708] {local_task_job.py:156} INFO - Task exited with return code 0
[2023-07-17 20:59:12,812] {local_task_job.py:273} INFO - 0 downstream tasks scheduled from follow-on schedule check
[2023-07-17 21:58:36,633] {taskinstance.py:1159} INFO - Dependencies all met for <TaskInstance: get_stocks_dag.GOOG scheduled__2023-05-17T00:00:00+00:00 [queued]>
[2023-07-17 21:58:36,645] {taskinstance.py:1159} INFO - Dependencies all met for <TaskInstance: get_stocks_dag.GOOG scheduled__2023-05-17T00:00:00+00:00 [queued]>
[2023-07-17 21:58:36,645] {taskinstance.py:1356} INFO - 
--------------------------------------------------------------------------------
[2023-07-17 21:58:36,646] {taskinstance.py:1357} INFO - Starting attempt 1 of 1
[2023-07-17 21:58:36,646] {taskinstance.py:1358} INFO - 
--------------------------------------------------------------------------------
[2023-07-17 21:58:36,665] {taskinstance.py:1377} INFO - Executing <Task(_PythonDecoratedOperator): GOOG> on 2023-05-17 00:00:00+00:00
[2023-07-17 21:58:36,674] {standard_task_runner.py:52} INFO - Started process 55129 to run task
[2023-07-17 21:58:36,677] {standard_task_runner.py:79} INFO - Running: ['airflow', 'tasks', 'run', 'get_stocks_dag', 'GOOG', 'scheduled__2023-05-17T00:00:00+00:00', '--job-id', '802', '--raw', '--subdir', 'DAGS_FOLDER/get_stocks.py', '--cfg-path', '/tmp/tmps15warad', '--error-file', '/tmp/tmpxl64y4nd']
[2023-07-17 21:58:36,678] {standard_task_runner.py:80} INFO - Job 802: Subtask GOOG
[2023-07-17 21:58:36,784] {task_command.py:370} INFO - Running <TaskInstance: get_stocks_dag.GOOG scheduled__2023-05-17T00:00:00+00:00 [running]> on host lucas-Estudos
[2023-07-17 21:58:36,892] {taskinstance.py:1569} INFO - Exporting the following env vars:
AIRFLOW_CTX_DAG_OWNER=airflow
AIRFLOW_CTX_DAG_ID=get_stocks_dag
AIRFLOW_CTX_TASK_ID=GOOG
AIRFLOW_CTX_EXECUTION_DATE=2023-05-17T00:00:00+00:00
AIRFLOW_CTX_TRY_NUMBER=1
AIRFLOW_CTX_DAG_RUN_ID=scheduled__2023-05-17T00:00:00+00:00
[2023-07-17 21:58:41,703] {python.py:173} INFO - Done. Returned value was: None
[2023-07-17 21:58:41,818] {taskinstance.py:1395} INFO - Marking task as SUCCESS. dag_id=get_stocks_dag, task_id=GOOG, execution_date=20230517T000000, start_date=20230718T005836, end_date=20230718T005841
[2023-07-17 21:58:41,882] {local_task_job.py:156} INFO - Task exited with return code 0
[2023-07-17 21:58:42,055] {local_task_job.py:273} INFO - 0 downstream tasks scheduled from follow-on schedule check
[2023-07-18 10:33:28,303] {taskinstance.py:1159} INFO - Dependencies all met for <TaskInstance: get_stocks_dag.GOOG scheduled__2023-05-17T00:00:00+00:00 [queued]>
[2023-07-18 10:33:28,327] {taskinstance.py:1159} INFO - Dependencies all met for <TaskInstance: get_stocks_dag.GOOG scheduled__2023-05-17T00:00:00+00:00 [queued]>
[2023-07-18 10:33:28,327] {taskinstance.py:1356} INFO - 
--------------------------------------------------------------------------------
[2023-07-18 10:33:28,327] {taskinstance.py:1357} INFO - Starting attempt 1 of 1
[2023-07-18 10:33:28,328] {taskinstance.py:1358} INFO - 
--------------------------------------------------------------------------------
[2023-07-18 10:33:28,355] {taskinstance.py:1377} INFO - Executing <Task(_PythonDecoratedOperator): GOOG> on 2023-05-17 00:00:00+00:00
[2023-07-18 10:33:28,367] {standard_task_runner.py:52} INFO - Started process 13538 to run task
[2023-07-18 10:33:28,374] {standard_task_runner.py:79} INFO - Running: ['airflow', 'tasks', 'run', 'get_stocks_dag', 'GOOG', 'scheduled__2023-05-17T00:00:00+00:00', '--job-id', '1266', '--raw', '--subdir', 'DAGS_FOLDER/get_stocks.py', '--cfg-path', '/tmp/tmp276ak0qv', '--error-file', '/tmp/tmpdso2ahez']
[2023-07-18 10:33:28,377] {standard_task_runner.py:80} INFO - Job 1266: Subtask GOOG
[2023-07-18 10:33:28,583] {task_command.py:370} INFO - Running <TaskInstance: get_stocks_dag.GOOG scheduled__2023-05-17T00:00:00+00:00 [running]> on host lucas-Estudos
[2023-07-18 10:33:28,813] {taskinstance.py:1569} INFO - Exporting the following env vars:
AIRFLOW_CTX_DAG_OWNER=airflow
AIRFLOW_CTX_DAG_ID=get_stocks_dag
AIRFLOW_CTX_TASK_ID=GOOG
AIRFLOW_CTX_EXECUTION_DATE=2023-05-17T00:00:00+00:00
AIRFLOW_CTX_TRY_NUMBER=1
AIRFLOW_CTX_DAG_RUN_ID=scheduled__2023-05-17T00:00:00+00:00
[2023-07-18 10:33:29,463] {python.py:173} INFO - Done. Returned value was: None
[2023-07-18 10:33:29,512] {taskinstance.py:1395} INFO - Marking task as SUCCESS. dag_id=get_stocks_dag, task_id=GOOG, execution_date=20230517T000000, start_date=20230718T133328, end_date=20230718T133329
[2023-07-18 10:33:29,589] {local_task_job.py:156} INFO - Task exited with return code 0
[2023-07-18 10:33:29,699] {local_task_job.py:273} INFO - 0 downstream tasks scheduled from follow-on schedule check
