[2023-07-17 22:18:40,552] {taskinstance.py:1159} INFO - Dependencies all met for <TaskInstance: get_crypto_dag.AVAX scheduled__2023-06-19T00:00:00+00:00 [queued]>
[2023-07-17 22:18:40,562] {taskinstance.py:1159} INFO - Dependencies all met for <TaskInstance: get_crypto_dag.AVAX scheduled__2023-06-19T00:00:00+00:00 [queued]>
[2023-07-17 22:18:40,563] {taskinstance.py:1356} INFO - 
--------------------------------------------------------------------------------
[2023-07-17 22:18:40,563] {taskinstance.py:1357} INFO - Starting attempt 1 of 1
[2023-07-17 22:18:40,563] {taskinstance.py:1358} INFO - 
--------------------------------------------------------------------------------
[2023-07-17 22:18:40,578] {taskinstance.py:1377} INFO - Executing <Task(_PythonDecoratedOperator): AVAX> on 2023-06-19 00:00:00+00:00
[2023-07-17 22:18:40,584] {standard_task_runner.py:52} INFO - Started process 95848 to run task
[2023-07-17 22:18:40,587] {standard_task_runner.py:79} INFO - Running: ['airflow', 'tasks', 'run', 'get_crypto_dag', 'AVAX', 'scheduled__2023-06-19T00:00:00+00:00', '--job-id', '1099', '--raw', '--subdir', 'DAGS_FOLDER/get_crypto.py', '--cfg-path', '/tmp/tmp_bqrnm9j', '--error-file', '/tmp/tmpbeu6kke8']
[2023-07-17 22:18:40,589] {standard_task_runner.py:80} INFO - Job 1099: Subtask AVAX
[2023-07-17 22:18:40,646] {task_command.py:370} INFO - Running <TaskInstance: get_crypto_dag.AVAX scheduled__2023-06-19T00:00:00+00:00 [running]> on host lucas-Estudos
[2023-07-17 22:18:40,726] {taskinstance.py:1569} INFO - Exporting the following env vars:
AIRFLOW_CTX_DAG_OWNER=airflow
AIRFLOW_CTX_DAG_ID=get_crypto_dag
AIRFLOW_CTX_TASK_ID=AVAX
AIRFLOW_CTX_EXECUTION_DATE=2023-06-19T00:00:00+00:00
AIRFLOW_CTX_TRY_NUMBER=1
AIRFLOW_CTX_DAG_RUN_ID=scheduled__2023-06-19T00:00:00+00:00
[2023-07-17 22:18:43,647] {base.py:162} ERROR - AVAX: No timezone found, symbol may be delisted
[2023-07-17 22:18:43,665] {python.py:173} INFO - Done. Returned value was: None
[2023-07-17 22:18:43,705] {taskinstance.py:1395} INFO - Marking task as SUCCESS. dag_id=get_crypto_dag, task_id=AVAX, execution_date=20230619T000000, start_date=20230718T011840, end_date=20230718T011843
[2023-07-17 22:18:43,731] {local_task_job.py:156} INFO - Task exited with return code 0
[2023-07-17 22:18:43,785] {local_task_job.py:273} INFO - 0 downstream tasks scheduled from follow-on schedule check
[2023-07-18 10:58:22,708] {taskinstance.py:1159} INFO - Dependencies all met for <TaskInstance: get_crypto_dag.AVAX scheduled__2023-06-19T00:00:00+00:00 [queued]>
[2023-07-18 10:58:22,733] {taskinstance.py:1159} INFO - Dependencies all met for <TaskInstance: get_crypto_dag.AVAX scheduled__2023-06-19T00:00:00+00:00 [queued]>
[2023-07-18 10:58:22,734] {taskinstance.py:1356} INFO - 
--------------------------------------------------------------------------------
[2023-07-18 10:58:22,734] {taskinstance.py:1357} INFO - Starting attempt 1 of 1
[2023-07-18 10:58:22,734] {taskinstance.py:1358} INFO - 
--------------------------------------------------------------------------------
[2023-07-18 10:58:22,764] {taskinstance.py:1377} INFO - Executing <Task(_PythonDecoratedOperator): AVAX> on 2023-06-19 00:00:00+00:00
[2023-07-18 10:58:22,775] {standard_task_runner.py:52} INFO - Started process 24478 to run task
[2023-07-18 10:58:22,782] {standard_task_runner.py:79} INFO - Running: ['airflow', 'tasks', 'run', 'get_crypto_dag', 'AVAX', 'scheduled__2023-06-19T00:00:00+00:00', '--job-id', '1492', '--raw', '--subdir', 'DAGS_FOLDER/get_crypto.py', '--cfg-path', '/tmp/tmpqdxh703w', '--error-file', '/tmp/tmpgfcwv5xr']
[2023-07-18 10:58:22,785] {standard_task_runner.py:80} INFO - Job 1492: Subtask AVAX
[2023-07-18 10:58:22,982] {task_command.py:370} INFO - Running <TaskInstance: get_crypto_dag.AVAX scheduled__2023-06-19T00:00:00+00:00 [running]> on host lucas-Estudos
[2023-07-18 10:58:23,207] {taskinstance.py:1569} INFO - Exporting the following env vars:
AIRFLOW_CTX_DAG_OWNER=airflow
AIRFLOW_CTX_DAG_ID=get_crypto_dag
AIRFLOW_CTX_TASK_ID=AVAX
AIRFLOW_CTX_EXECUTION_DATE=2023-06-19T00:00:00+00:00
AIRFLOW_CTX_TRY_NUMBER=1
AIRFLOW_CTX_DAG_RUN_ID=scheduled__2023-06-19T00:00:00+00:00
[2023-07-18 10:58:23,623] {base.py:162} ERROR - AVAX: No timezone found, symbol may be delisted
[2023-07-18 10:58:23,630] {python.py:173} INFO - Done. Returned value was: None
[2023-07-18 10:58:23,681] {taskinstance.py:1395} INFO - Marking task as SUCCESS. dag_id=get_crypto_dag, task_id=AVAX, execution_date=20230619T000000, start_date=20230718T135822, end_date=20230718T135823
[2023-07-18 10:58:23,757] {local_task_job.py:156} INFO - Task exited with return code 0
[2023-07-18 10:58:23,982] {local_task_job.py:273} INFO - 0 downstream tasks scheduled from follow-on schedule check
