[2023-07-18 11:09:50,073] {taskinstance.py:1159} INFO - Dependencies all met for <TaskInstance: get_crypto_dag.BTC scheduled__2023-07-04T00:00:00+00:00 [queued]>
[2023-07-18 11:09:50,097] {taskinstance.py:1159} INFO - Dependencies all met for <TaskInstance: get_crypto_dag.BTC scheduled__2023-07-04T00:00:00+00:00 [queued]>
[2023-07-18 11:09:50,098] {taskinstance.py:1356} INFO - 
--------------------------------------------------------------------------------
[2023-07-18 11:09:50,098] {taskinstance.py:1357} INFO - Starting attempt 1 of 1
[2023-07-18 11:09:50,098] {taskinstance.py:1358} INFO - 
--------------------------------------------------------------------------------
[2023-07-18 11:09:50,130] {taskinstance.py:1377} INFO - Executing <Task(_PythonDecoratedOperator): BTC> on 2023-07-04 00:00:00+00:00
[2023-07-18 11:09:50,139] {standard_task_runner.py:52} INFO - Started process 27707 to run task
[2023-07-18 11:09:50,146] {standard_task_runner.py:79} INFO - Running: ['airflow', 'tasks', 'run', 'get_crypto_dag', 'BTC', 'scheduled__2023-07-04T00:00:00+00:00', '--job-id', '1596', '--raw', '--subdir', 'DAGS_FOLDER/get_crypto.py', '--cfg-path', '/tmp/tmpns09ew_h', '--error-file', '/tmp/tmpc0m4zkiu']
[2023-07-18 11:09:50,148] {standard_task_runner.py:80} INFO - Job 1596: Subtask BTC
[2023-07-18 11:09:50,348] {task_command.py:370} INFO - Running <TaskInstance: get_crypto_dag.BTC scheduled__2023-07-04T00:00:00+00:00 [running]> on host lucas-Estudos
[2023-07-18 11:09:50,544] {taskinstance.py:1569} INFO - Exporting the following env vars:
AIRFLOW_CTX_DAG_OWNER=airflow
AIRFLOW_CTX_DAG_ID=get_crypto_dag
AIRFLOW_CTX_TASK_ID=BTC
AIRFLOW_CTX_EXECUTION_DATE=2023-07-04T00:00:00+00:00
AIRFLOW_CTX_TRY_NUMBER=1
AIRFLOW_CTX_DAG_RUN_ID=scheduled__2023-07-04T00:00:00+00:00
[2023-07-18 11:09:51,104] {base.py:297} ERROR - BTC: No price data found, symbol may be delisted (1h 2023-07-03 -> 2023-07-04)
[2023-07-18 11:09:51,111] {python.py:173} INFO - Done. Returned value was: None
[2023-07-18 11:09:51,161] {taskinstance.py:1395} INFO - Marking task as SUCCESS. dag_id=get_crypto_dag, task_id=BTC, execution_date=20230704T000000, start_date=20230718T140950, end_date=20230718T140951
[2023-07-18 11:09:51,201] {local_task_job.py:156} INFO - Task exited with return code 0
[2023-07-18 11:09:51,321] {local_task_job.py:273} INFO - 0 downstream tasks scheduled from follow-on schedule check
