[2023-07-17 14:54:48,032] {taskinstance.py:1159} INFO - Dependencies all met for <TaskInstance: get_stocks_dag.GOOG scheduled__2023-07-13T00:00:00+00:00 [queued]>
[2023-07-17 14:54:48,036] {taskinstance.py:1159} INFO - Dependencies all met for <TaskInstance: get_stocks_dag.GOOG scheduled__2023-07-13T00:00:00+00:00 [queued]>
[2023-07-17 14:54:48,036] {taskinstance.py:1356} INFO - 
--------------------------------------------------------------------------------
[2023-07-17 14:54:48,036] {taskinstance.py:1357} INFO - Starting attempt 1 of 1
[2023-07-17 14:54:48,036] {taskinstance.py:1358} INFO - 
--------------------------------------------------------------------------------
[2023-07-17 14:54:48,044] {taskinstance.py:1377} INFO - Executing <Task(_PythonDecoratedOperator): GOOG> on 2023-07-13 00:00:00+00:00
[2023-07-17 14:54:48,047] {standard_task_runner.py:52} INFO - Started process 25162 to run task
[2023-07-17 14:54:48,048] {standard_task_runner.py:79} INFO - Running: ['airflow', 'tasks', 'run', 'get_stocks_dag', 'GOOG', 'scheduled__2023-07-13T00:00:00+00:00', '--job-id', '17', '--raw', '--subdir', 'DAGS_FOLDER/get_stocks.py', '--cfg-path', '/tmp/tmp0tj1ywj3', '--error-file', '/tmp/tmpqcfxsd_w']
[2023-07-17 14:54:48,049] {standard_task_runner.py:80} INFO - Job 17: Subtask GOOG
[2023-07-17 14:54:48,080] {task_command.py:370} INFO - Running <TaskInstance: get_stocks_dag.GOOG scheduled__2023-07-13T00:00:00+00:00 [running]> on host lucas-Estudos
[2023-07-17 14:54:48,135] {taskinstance.py:1569} INFO - Exporting the following env vars:
AIRFLOW_CTX_DAG_OWNER=airflow
AIRFLOW_CTX_DAG_ID=get_stocks_dag
AIRFLOW_CTX_TASK_ID=GOOG
AIRFLOW_CTX_EXECUTION_DATE=2023-07-13T00:00:00+00:00
AIRFLOW_CTX_TRY_NUMBER=1
AIRFLOW_CTX_DAG_RUN_ID=scheduled__2023-07-13T00:00:00+00:00
[2023-07-17 14:54:48,739] {python.py:173} INFO - Done. Returned value was: None
[2023-07-17 14:54:48,752] {taskinstance.py:1395} INFO - Marking task as SUCCESS. dag_id=get_stocks_dag, task_id=GOOG, execution_date=20230713T000000, start_date=20230717T175448, end_date=20230717T175448
[2023-07-17 14:54:48,784] {local_task_job.py:156} INFO - Task exited with return code 0
[2023-07-17 14:54:48,823] {local_task_job.py:273} INFO - 0 downstream tasks scheduled from follow-on schedule check
[2023-07-17 16:07:06,923] {taskinstance.py:1159} INFO - Dependencies all met for <TaskInstance: get_stocks_dag.GOOG scheduled__2023-07-13T00:00:00+00:00 [queued]>
[2023-07-17 16:07:06,943] {taskinstance.py:1159} INFO - Dependencies all met for <TaskInstance: get_stocks_dag.GOOG scheduled__2023-07-13T00:00:00+00:00 [queued]>
[2023-07-17 16:07:06,943] {taskinstance.py:1356} INFO - 
--------------------------------------------------------------------------------
[2023-07-17 16:07:06,944] {taskinstance.py:1357} INFO - Starting attempt 1 of 1
[2023-07-17 16:07:06,944] {taskinstance.py:1358} INFO - 
--------------------------------------------------------------------------------
[2023-07-17 16:07:06,990] {taskinstance.py:1377} INFO - Executing <Task(_PythonDecoratedOperator): GOOG> on 2023-07-13 00:00:00+00:00
[2023-07-17 16:07:07,019] {standard_task_runner.py:52} INFO - Started process 26290 to run task
[2023-07-17 16:07:07,089] {standard_task_runner.py:79} INFO - Running: ['airflow', 'tasks', 'run', 'get_stocks_dag', 'GOOG', 'scheduled__2023-07-13T00:00:00+00:00', '--job-id', '17', '--raw', '--subdir', 'DAGS_FOLDER/get_stocks.py', '--cfg-path', '/tmp/tmp7_mrq9ws', '--error-file', '/tmp/tmpw0jvv0jj']
[2023-07-17 16:07:07,091] {standard_task_runner.py:80} INFO - Job 17: Subtask GOOG
[2023-07-17 16:07:07,463] {task_command.py:370} INFO - Running <TaskInstance: get_stocks_dag.GOOG scheduled__2023-07-13T00:00:00+00:00 [running]> on host lucas-Estudos
[2023-07-17 16:07:07,818] {taskinstance.py:1569} INFO - Exporting the following env vars:
AIRFLOW_CTX_DAG_OWNER=airflow
AIRFLOW_CTX_DAG_ID=get_stocks_dag
AIRFLOW_CTX_TASK_ID=GOOG
AIRFLOW_CTX_EXECUTION_DATE=2023-07-13T00:00:00+00:00
AIRFLOW_CTX_TRY_NUMBER=1
AIRFLOW_CTX_DAG_RUN_ID=scheduled__2023-07-13T00:00:00+00:00
[2023-07-17 16:07:08,506] {python.py:173} INFO - Done. Returned value was: None
[2023-07-17 16:07:08,603] {taskinstance.py:1395} INFO - Marking task as SUCCESS. dag_id=get_stocks_dag, task_id=GOOG, execution_date=20230713T000000, start_date=20230717T190706, end_date=20230717T190708
[2023-07-17 16:07:08,665] {local_task_job.py:156} INFO - Task exited with return code 0
[2023-07-17 16:07:08,751] {local_task_job.py:273} INFO - 0 downstream tasks scheduled from follow-on schedule check
[2023-07-17 16:23:50,573] {taskinstance.py:1159} INFO - Dependencies all met for <TaskInstance: get_stocks_dag.GOOG scheduled__2023-07-13T00:00:00+00:00 [queued]>
[2023-07-17 16:23:50,603] {taskinstance.py:1159} INFO - Dependencies all met for <TaskInstance: get_stocks_dag.GOOG scheduled__2023-07-13T00:00:00+00:00 [queued]>
[2023-07-17 16:23:50,603] {taskinstance.py:1356} INFO - 
--------------------------------------------------------------------------------
[2023-07-17 16:23:50,604] {taskinstance.py:1357} INFO - Starting attempt 1 of 1
[2023-07-17 16:23:50,604] {taskinstance.py:1358} INFO - 
--------------------------------------------------------------------------------
[2023-07-17 16:23:50,642] {taskinstance.py:1377} INFO - Executing <Task(_PythonDecoratedOperator): GOOG> on 2023-07-13 00:00:00+00:00
[2023-07-17 16:23:50,657] {standard_task_runner.py:79} INFO - Running: ['airflow', 'tasks', 'run', 'get_stocks_dag', 'GOOG', 'scheduled__2023-07-13T00:00:00+00:00', '--job-id', '262', '--raw', '--subdir', 'DAGS_FOLDER/get_stocks.py', '--cfg-path', '/tmp/tmpgckhumfp', '--error-file', '/tmp/tmp4j6svh6r']
[2023-07-17 16:23:50,659] {standard_task_runner.py:80} INFO - Job 262: Subtask GOOG
[2023-07-17 16:23:50,658] {standard_task_runner.py:52} INFO - Started process 12744 to run task
[2023-07-17 16:23:50,801] {task_command.py:370} INFO - Running <TaskInstance: get_stocks_dag.GOOG scheduled__2023-07-13T00:00:00+00:00 [running]> on host lucas-Estudos
[2023-07-17 16:23:51,014] {taskinstance.py:1569} INFO - Exporting the following env vars:
AIRFLOW_CTX_DAG_OWNER=airflow
AIRFLOW_CTX_DAG_ID=get_stocks_dag
AIRFLOW_CTX_TASK_ID=GOOG
AIRFLOW_CTX_EXECUTION_DATE=2023-07-13T00:00:00+00:00
AIRFLOW_CTX_TRY_NUMBER=1
AIRFLOW_CTX_DAG_RUN_ID=scheduled__2023-07-13T00:00:00+00:00
[2023-07-17 16:23:51,708] {python.py:173} INFO - Done. Returned value was: None
[2023-07-17 16:23:51,754] {taskinstance.py:1395} INFO - Marking task as SUCCESS. dag_id=get_stocks_dag, task_id=GOOG, execution_date=20230713T000000, start_date=20230717T192350, end_date=20230717T192351
[2023-07-17 16:23:51,792] {local_task_job.py:156} INFO - Task exited with return code 0
[2023-07-17 16:23:51,871] {local_task_job.py:273} INFO - 0 downstream tasks scheduled from follow-on schedule check
[2023-07-17 16:55:10,734] {taskinstance.py:1159} INFO - Dependencies all met for <TaskInstance: get_stocks_dag.GOOG scheduled__2023-07-13T00:00:00+00:00 [queued]>
[2023-07-17 16:55:10,768] {taskinstance.py:1159} INFO - Dependencies all met for <TaskInstance: get_stocks_dag.GOOG scheduled__2023-07-13T00:00:00+00:00 [queued]>
[2023-07-17 16:55:10,768] {taskinstance.py:1356} INFO - 
--------------------------------------------------------------------------------
[2023-07-17 16:55:10,768] {taskinstance.py:1357} INFO - Starting attempt 1 of 1
[2023-07-17 16:55:10,768] {taskinstance.py:1358} INFO - 
--------------------------------------------------------------------------------
[2023-07-17 16:55:10,817] {taskinstance.py:1377} INFO - Executing <Task(_PythonDecoratedOperator): GOOG> on 2023-07-13 00:00:00+00:00
[2023-07-17 16:55:10,826] {standard_task_runner.py:52} INFO - Started process 25551 to run task
[2023-07-17 16:55:10,859] {standard_task_runner.py:79} INFO - Running: ['airflow', 'tasks', 'run', 'get_stocks_dag', 'GOOG', 'scheduled__2023-07-13T00:00:00+00:00', '--job-id', '476', '--raw', '--subdir', 'DAGS_FOLDER/get_stocks.py', '--cfg-path', '/tmp/tmpn8b35mpl', '--error-file', '/tmp/tmp5y3gwf_c']
[2023-07-17 16:55:10,865] {standard_task_runner.py:80} INFO - Job 476: Subtask GOOG
[2023-07-17 16:55:11,144] {task_command.py:370} INFO - Running <TaskInstance: get_stocks_dag.GOOG scheduled__2023-07-13T00:00:00+00:00 [running]> on host lucas-Estudos
[2023-07-17 16:55:11,474] {taskinstance.py:1569} INFO - Exporting the following env vars:
AIRFLOW_CTX_DAG_OWNER=airflow
AIRFLOW_CTX_DAG_ID=get_stocks_dag
AIRFLOW_CTX_TASK_ID=GOOG
AIRFLOW_CTX_EXECUTION_DATE=2023-07-13T00:00:00+00:00
AIRFLOW_CTX_TRY_NUMBER=1
AIRFLOW_CTX_DAG_RUN_ID=scheduled__2023-07-13T00:00:00+00:00
[2023-07-17 16:55:12,110] {python.py:173} INFO - Done. Returned value was: None
[2023-07-17 16:55:12,205] {taskinstance.py:1395} INFO - Marking task as SUCCESS. dag_id=get_stocks_dag, task_id=GOOG, execution_date=20230713T000000, start_date=20230717T195510, end_date=20230717T195512
[2023-07-17 16:55:12,320] {local_task_job.py:156} INFO - Task exited with return code 0
[2023-07-17 16:55:12,412] {local_task_job.py:273} INFO - 0 downstream tasks scheduled from follow-on schedule check
[2023-07-17 21:10:03,115] {taskinstance.py:1159} INFO - Dependencies all met for <TaskInstance: get_stocks_dag.GOOG scheduled__2023-07-13T00:00:00+00:00 [queued]>
[2023-07-17 21:10:03,139] {taskinstance.py:1159} INFO - Dependencies all met for <TaskInstance: get_stocks_dag.GOOG scheduled__2023-07-13T00:00:00+00:00 [queued]>
[2023-07-17 21:10:03,139] {taskinstance.py:1356} INFO - 
--------------------------------------------------------------------------------
[2023-07-17 21:10:03,139] {taskinstance.py:1357} INFO - Starting attempt 1 of 1
[2023-07-17 21:10:03,139] {taskinstance.py:1358} INFO - 
--------------------------------------------------------------------------------
[2023-07-17 21:10:03,166] {taskinstance.py:1377} INFO - Executing <Task(_PythonDecoratedOperator): GOOG> on 2023-07-13 00:00:00+00:00
[2023-07-17 21:10:03,176] {standard_task_runner.py:52} INFO - Started process 38103 to run task
[2023-07-17 21:10:03,183] {standard_task_runner.py:79} INFO - Running: ['airflow', 'tasks', 'run', 'get_stocks_dag', 'GOOG', 'scheduled__2023-07-13T00:00:00+00:00', '--job-id', '698', '--raw', '--subdir', 'DAGS_FOLDER/get_stocks.py', '--cfg-path', '/tmp/tmph48mcqlj', '--error-file', '/tmp/tmpxc853209']
[2023-07-17 21:10:03,186] {standard_task_runner.py:80} INFO - Job 698: Subtask GOOG
[2023-07-17 21:10:03,385] {task_command.py:370} INFO - Running <TaskInstance: get_stocks_dag.GOOG scheduled__2023-07-13T00:00:00+00:00 [running]> on host lucas-Estudos
[2023-07-17 21:10:03,624] {taskinstance.py:1569} INFO - Exporting the following env vars:
AIRFLOW_CTX_DAG_OWNER=airflow
AIRFLOW_CTX_DAG_ID=get_stocks_dag
AIRFLOW_CTX_TASK_ID=GOOG
AIRFLOW_CTX_EXECUTION_DATE=2023-07-13T00:00:00+00:00
AIRFLOW_CTX_TRY_NUMBER=1
AIRFLOW_CTX_DAG_RUN_ID=scheduled__2023-07-13T00:00:00+00:00
[2023-07-17 21:10:06,268] {python.py:173} INFO - Done. Returned value was: None
[2023-07-17 21:10:06,317] {taskinstance.py:1395} INFO - Marking task as SUCCESS. dag_id=get_stocks_dag, task_id=GOOG, execution_date=20230713T000000, start_date=20230718T001003, end_date=20230718T001006
[2023-07-17 21:10:06,367] {local_task_job.py:156} INFO - Task exited with return code 0
[2023-07-17 21:10:06,493] {local_task_job.py:273} INFO - 0 downstream tasks scheduled from follow-on schedule check
[2023-07-17 22:21:06,234] {taskinstance.py:1159} INFO - Dependencies all met for <TaskInstance: get_stocks_dag.GOOG scheduled__2023-07-13T00:00:00+00:00 [queued]>
[2023-07-17 22:21:06,245] {taskinstance.py:1159} INFO - Dependencies all met for <TaskInstance: get_stocks_dag.GOOG scheduled__2023-07-13T00:00:00+00:00 [queued]>
[2023-07-17 22:21:06,245] {taskinstance.py:1356} INFO - 
--------------------------------------------------------------------------------
[2023-07-17 22:21:06,245] {taskinstance.py:1357} INFO - Starting attempt 1 of 1
[2023-07-17 22:21:06,245] {taskinstance.py:1358} INFO - 
--------------------------------------------------------------------------------
[2023-07-17 22:21:06,259] {taskinstance.py:1377} INFO - Executing <Task(_PythonDecoratedOperator): GOOG> on 2023-07-13 00:00:00+00:00
[2023-07-17 22:21:06,264] {standard_task_runner.py:52} INFO - Started process 100767 to run task
[2023-07-17 22:21:06,266] {standard_task_runner.py:79} INFO - Running: ['airflow', 'tasks', 'run', 'get_stocks_dag', 'GOOG', 'scheduled__2023-07-13T00:00:00+00:00', '--job-id', '1136', '--raw', '--subdir', 'DAGS_FOLDER/get_stocks.py', '--cfg-path', '/tmp/tmpyn2xpr9w', '--error-file', '/tmp/tmpvl_mni7z']
[2023-07-17 22:21:06,267] {standard_task_runner.py:80} INFO - Job 1136: Subtask GOOG
[2023-07-17 22:21:06,319] {task_command.py:370} INFO - Running <TaskInstance: get_stocks_dag.GOOG scheduled__2023-07-13T00:00:00+00:00 [running]> on host lucas-Estudos
[2023-07-17 22:21:06,397] {taskinstance.py:1569} INFO - Exporting the following env vars:
AIRFLOW_CTX_DAG_OWNER=airflow
AIRFLOW_CTX_DAG_ID=get_stocks_dag
AIRFLOW_CTX_TASK_ID=GOOG
AIRFLOW_CTX_EXECUTION_DATE=2023-07-13T00:00:00+00:00
AIRFLOW_CTX_TRY_NUMBER=1
AIRFLOW_CTX_DAG_RUN_ID=scheduled__2023-07-13T00:00:00+00:00
[2023-07-17 22:21:23,114] {python.py:173} INFO - Done. Returned value was: None
[2023-07-17 22:21:23,186] {taskinstance.py:1395} INFO - Marking task as SUCCESS. dag_id=get_stocks_dag, task_id=GOOG, execution_date=20230713T000000, start_date=20230718T012106, end_date=20230718T012123
[2023-07-17 22:21:23,265] {local_task_job.py:156} INFO - Task exited with return code 0
[2023-07-17 22:21:23,372] {local_task_job.py:273} INFO - 0 downstream tasks scheduled from follow-on schedule check
