[2023-07-17 22:12:20,647] {taskinstance.py:1159} INFO - Dependencies all met for <TaskInstance: get_crypto_dag.BTC scheduled__2023-06-08T00:00:00+00:00 [queued]>
[2023-07-17 22:12:20,674] {taskinstance.py:1159} INFO - Dependencies all met for <TaskInstance: get_crypto_dag.BTC scheduled__2023-06-08T00:00:00+00:00 [queued]>
[2023-07-17 22:12:20,674] {taskinstance.py:1356} INFO - 
--------------------------------------------------------------------------------
[2023-07-17 22:12:20,675] {taskinstance.py:1357} INFO - Starting attempt 1 of 1
[2023-07-17 22:12:20,675] {taskinstance.py:1358} INFO - 
--------------------------------------------------------------------------------
[2023-07-17 22:12:20,705] {taskinstance.py:1377} INFO - Executing <Task(_PythonDecoratedOperator): BTC> on 2023-06-08 00:00:00+00:00
[2023-07-17 22:12:20,714] {standard_task_runner.py:52} INFO - Started process 83045 to run task
[2023-07-17 22:12:20,720] {standard_task_runner.py:79} INFO - Running: ['airflow', 'tasks', 'run', 'get_crypto_dag', 'BTC', 'scheduled__2023-06-08T00:00:00+00:00', '--job-id', '1006', '--raw', '--subdir', 'DAGS_FOLDER/get_crypto.py', '--cfg-path', '/tmp/tmpw85pw77f', '--error-file', '/tmp/tmpyhui6zk_']
[2023-07-17 22:12:20,722] {standard_task_runner.py:80} INFO - Job 1006: Subtask BTC
[2023-07-17 22:12:20,904] {task_command.py:370} INFO - Running <TaskInstance: get_crypto_dag.BTC scheduled__2023-06-08T00:00:00+00:00 [running]> on host lucas-Estudos
[2023-07-17 22:12:21,114] {taskinstance.py:1569} INFO - Exporting the following env vars:
AIRFLOW_CTX_DAG_OWNER=airflow
AIRFLOW_CTX_DAG_ID=get_crypto_dag
AIRFLOW_CTX_TASK_ID=BTC
AIRFLOW_CTX_EXECUTION_DATE=2023-06-08T00:00:00+00:00
AIRFLOW_CTX_TRY_NUMBER=1
AIRFLOW_CTX_DAG_RUN_ID=scheduled__2023-06-08T00:00:00+00:00
[2023-07-17 22:12:25,722] {base.py:297} ERROR - BTC: No price data found, symbol may be delisted (1h 2023-06-07 -> 2023-06-08)
[2023-07-17 22:12:25,728] {python.py:173} INFO - Done. Returned value was: None
[2023-07-17 22:12:25,783] {taskinstance.py:1395} INFO - Marking task as SUCCESS. dag_id=get_crypto_dag, task_id=BTC, execution_date=20230608T000000, start_date=20230718T011220, end_date=20230718T011225
[2023-07-17 22:12:25,899] {local_task_job.py:156} INFO - Task exited with return code 0
[2023-07-17 22:12:26,017] {local_task_job.py:273} INFO - 0 downstream tasks scheduled from follow-on schedule check
[2023-07-18 10:49:37,031] {taskinstance.py:1159} INFO - Dependencies all met for <TaskInstance: get_crypto_dag.BTC scheduled__2023-06-08T00:00:00+00:00 [queued]>
[2023-07-18 10:49:37,054] {taskinstance.py:1159} INFO - Dependencies all met for <TaskInstance: get_crypto_dag.BTC scheduled__2023-06-08T00:00:00+00:00 [queued]>
[2023-07-18 10:49:37,055] {taskinstance.py:1356} INFO - 
--------------------------------------------------------------------------------
[2023-07-18 10:49:37,055] {taskinstance.py:1357} INFO - Starting attempt 1 of 1
[2023-07-18 10:49:37,055] {taskinstance.py:1358} INFO - 
--------------------------------------------------------------------------------
[2023-07-18 10:49:37,084] {taskinstance.py:1377} INFO - Executing <Task(_PythonDecoratedOperator): BTC> on 2023-06-08 00:00:00+00:00
[2023-07-18 10:49:37,093] {standard_task_runner.py:52} INFO - Started process 18133 to run task
[2023-07-18 10:49:37,100] {standard_task_runner.py:79} INFO - Running: ['airflow', 'tasks', 'run', 'get_crypto_dag', 'BTC', 'scheduled__2023-06-08T00:00:00+00:00', '--job-id', '1413', '--raw', '--subdir', 'DAGS_FOLDER/get_crypto.py', '--cfg-path', '/tmp/tmp4qgbvcky', '--error-file', '/tmp/tmpfxvo_42o']
[2023-07-18 10:49:37,102] {standard_task_runner.py:80} INFO - Job 1413: Subtask BTC
[2023-07-18 10:49:37,284] {task_command.py:370} INFO - Running <TaskInstance: get_crypto_dag.BTC scheduled__2023-06-08T00:00:00+00:00 [running]> on host lucas-Estudos
[2023-07-18 10:49:37,462] {taskinstance.py:1569} INFO - Exporting the following env vars:
AIRFLOW_CTX_DAG_OWNER=airflow
AIRFLOW_CTX_DAG_ID=get_crypto_dag
AIRFLOW_CTX_TASK_ID=BTC
AIRFLOW_CTX_EXECUTION_DATE=2023-06-08T00:00:00+00:00
AIRFLOW_CTX_TRY_NUMBER=1
AIRFLOW_CTX_DAG_RUN_ID=scheduled__2023-06-08T00:00:00+00:00
[2023-07-18 10:49:38,051] {base.py:297} ERROR - BTC: No price data found, symbol may be delisted (1h 2023-06-07 -> 2023-06-08)
[2023-07-18 10:49:38,058] {python.py:173} INFO - Done. Returned value was: None
[2023-07-18 10:49:38,153] {taskinstance.py:1395} INFO - Marking task as SUCCESS. dag_id=get_crypto_dag, task_id=BTC, execution_date=20230608T000000, start_date=20230718T134937, end_date=20230718T134938
[2023-07-18 10:49:38,195] {local_task_job.py:156} INFO - Task exited with return code 0
[2023-07-18 10:49:38,326] {local_task_job.py:273} INFO - 0 downstream tasks scheduled from follow-on schedule check
