[2023-07-17 16:23:20,232] {taskinstance.py:1159} INFO - Dependencies all met for <TaskInstance: get_stocks_dag.MSFT scheduled__2023-06-09T00:00:00+00:00 [queued]>
[2023-07-17 16:23:20,246] {taskinstance.py:1159} INFO - Dependencies all met for <TaskInstance: get_stocks_dag.MSFT scheduled__2023-06-09T00:00:00+00:00 [queued]>
[2023-07-17 16:23:20,247] {taskinstance.py:1356} INFO - 
--------------------------------------------------------------------------------
[2023-07-17 16:23:20,247] {taskinstance.py:1357} INFO - Starting attempt 1 of 1
[2023-07-17 16:23:20,247] {taskinstance.py:1358} INFO - 
--------------------------------------------------------------------------------
[2023-07-17 16:23:20,274] {taskinstance.py:1377} INFO - Executing <Task(_PythonDecoratedOperator): MSFT> on 2023-06-09 00:00:00+00:00
[2023-07-17 16:23:20,292] {standard_task_runner.py:52} INFO - Started process 10022 to run task
[2023-07-17 16:23:20,302] {standard_task_runner.py:79} INFO - Running: ['airflow', 'tasks', 'run', 'get_stocks_dag', 'MSFT', 'scheduled__2023-06-09T00:00:00+00:00', '--job-id', '166', '--raw', '--subdir', 'DAGS_FOLDER/get_stocks.py', '--cfg-path', '/tmp/tmp642qw8i5', '--error-file', '/tmp/tmp6ildltll']
[2023-07-17 16:23:20,303] {standard_task_runner.py:80} INFO - Job 166: Subtask MSFT
[2023-07-17 16:23:20,533] {task_command.py:370} INFO - Running <TaskInstance: get_stocks_dag.MSFT scheduled__2023-06-09T00:00:00+00:00 [running]> on host lucas-Estudos
[2023-07-17 16:23:20,777] {taskinstance.py:1569} INFO - Exporting the following env vars:
AIRFLOW_CTX_DAG_OWNER=airflow
AIRFLOW_CTX_DAG_ID=get_stocks_dag
AIRFLOW_CTX_TASK_ID=MSFT
AIRFLOW_CTX_EXECUTION_DATE=2023-06-09T00:00:00+00:00
AIRFLOW_CTX_TRY_NUMBER=1
AIRFLOW_CTX_DAG_RUN_ID=scheduled__2023-06-09T00:00:00+00:00
[2023-07-17 16:23:21,771] {python.py:173} INFO - Done. Returned value was: None
[2023-07-17 16:23:21,836] {taskinstance.py:1395} INFO - Marking task as SUCCESS. dag_id=get_stocks_dag, task_id=MSFT, execution_date=20230609T000000, start_date=20230717T192320, end_date=20230717T192321
[2023-07-17 16:23:21,868] {local_task_job.py:156} INFO - Task exited with return code 0
[2023-07-17 16:23:21,969] {local_task_job.py:273} INFO - 0 downstream tasks scheduled from follow-on schedule check
[2023-07-17 16:54:39,002] {taskinstance.py:1159} INFO - Dependencies all met for <TaskInstance: get_stocks_dag.MSFT scheduled__2023-06-09T00:00:00+00:00 [queued]>
[2023-07-17 16:54:39,029] {taskinstance.py:1159} INFO - Dependencies all met for <TaskInstance: get_stocks_dag.MSFT scheduled__2023-06-09T00:00:00+00:00 [queued]>
[2023-07-17 16:54:39,029] {taskinstance.py:1356} INFO - 
--------------------------------------------------------------------------------
[2023-07-17 16:54:39,030] {taskinstance.py:1357} INFO - Starting attempt 1 of 1
[2023-07-17 16:54:39,030] {taskinstance.py:1358} INFO - 
--------------------------------------------------------------------------------
[2023-07-17 16:54:39,054] {taskinstance.py:1377} INFO - Executing <Task(_PythonDecoratedOperator): MSFT> on 2023-06-09 00:00:00+00:00
[2023-07-17 16:54:39,060] {standard_task_runner.py:52} INFO - Started process 22766 to run task
[2023-07-17 16:54:39,071] {standard_task_runner.py:79} INFO - Running: ['airflow', 'tasks', 'run', 'get_stocks_dag', 'MSFT', 'scheduled__2023-06-09T00:00:00+00:00', '--job-id', '384', '--raw', '--subdir', 'DAGS_FOLDER/get_stocks.py', '--cfg-path', '/tmp/tmp5u25mrpp', '--error-file', '/tmp/tmpwul1r44j']
[2023-07-17 16:54:39,072] {standard_task_runner.py:80} INFO - Job 384: Subtask MSFT
[2023-07-17 16:54:39,199] {task_command.py:370} INFO - Running <TaskInstance: get_stocks_dag.MSFT scheduled__2023-06-09T00:00:00+00:00 [running]> on host lucas-Estudos
[2023-07-17 16:54:39,331] {taskinstance.py:1569} INFO - Exporting the following env vars:
AIRFLOW_CTX_DAG_OWNER=airflow
AIRFLOW_CTX_DAG_ID=get_stocks_dag
AIRFLOW_CTX_TASK_ID=MSFT
AIRFLOW_CTX_EXECUTION_DATE=2023-06-09T00:00:00+00:00
AIRFLOW_CTX_TRY_NUMBER=1
AIRFLOW_CTX_DAG_RUN_ID=scheduled__2023-06-09T00:00:00+00:00
[2023-07-17 16:54:39,797] {python.py:173} INFO - Done. Returned value was: None
[2023-07-17 16:54:39,952] {taskinstance.py:1395} INFO - Marking task as SUCCESS. dag_id=get_stocks_dag, task_id=MSFT, execution_date=20230609T000000, start_date=20230717T195439, end_date=20230717T195439
[2023-07-17 16:54:40,048] {local_task_job.py:156} INFO - Task exited with return code 0
[2023-07-17 16:54:40,156] {local_task_job.py:273} INFO - 0 downstream tasks scheduled from follow-on schedule check
[2023-07-17 21:03:36,593] {taskinstance.py:1159} INFO - Dependencies all met for <TaskInstance: get_stocks_dag.MSFT scheduled__2023-06-09T00:00:00+00:00 [queued]>
[2023-07-17 21:03:36,601] {taskinstance.py:1159} INFO - Dependencies all met for <TaskInstance: get_stocks_dag.MSFT scheduled__2023-06-09T00:00:00+00:00 [queued]>
[2023-07-17 21:03:36,601] {taskinstance.py:1356} INFO - 
--------------------------------------------------------------------------------
[2023-07-17 21:03:36,601] {taskinstance.py:1357} INFO - Starting attempt 1 of 1
[2023-07-17 21:03:36,601] {taskinstance.py:1358} INFO - 
--------------------------------------------------------------------------------
[2023-07-17 21:03:36,611] {taskinstance.py:1377} INFO - Executing <Task(_PythonDecoratedOperator): MSFT> on 2023-06-09 00:00:00+00:00
[2023-07-17 21:03:36,615] {standard_task_runner.py:52} INFO - Started process 25588 to run task
[2023-07-17 21:03:36,617] {standard_task_runner.py:79} INFO - Running: ['airflow', 'tasks', 'run', 'get_stocks_dag', 'MSFT', 'scheduled__2023-06-09T00:00:00+00:00', '--job-id', '601', '--raw', '--subdir', 'DAGS_FOLDER/get_stocks.py', '--cfg-path', '/tmp/tmpw4o14mn7', '--error-file', '/tmp/tmpmnhokb_n']
[2023-07-17 21:03:36,618] {standard_task_runner.py:80} INFO - Job 601: Subtask MSFT
[2023-07-17 21:03:36,740] {task_command.py:370} INFO - Running <TaskInstance: get_stocks_dag.MSFT scheduled__2023-06-09T00:00:00+00:00 [running]> on host lucas-Estudos
[2023-07-17 21:03:36,989] {taskinstance.py:1569} INFO - Exporting the following env vars:
AIRFLOW_CTX_DAG_OWNER=airflow
AIRFLOW_CTX_DAG_ID=get_stocks_dag
AIRFLOW_CTX_TASK_ID=MSFT
AIRFLOW_CTX_EXECUTION_DATE=2023-06-09T00:00:00+00:00
AIRFLOW_CTX_TRY_NUMBER=1
AIRFLOW_CTX_DAG_RUN_ID=scheduled__2023-06-09T00:00:00+00:00
[2023-07-17 21:03:39,674] {python.py:173} INFO - Done. Returned value was: None
[2023-07-17 21:03:39,724] {taskinstance.py:1395} INFO - Marking task as SUCCESS. dag_id=get_stocks_dag, task_id=MSFT, execution_date=20230609T000000, start_date=20230718T000336, end_date=20230718T000339
[2023-07-17 21:03:39,802] {local_task_job.py:156} INFO - Task exited with return code 0
[2023-07-17 21:03:39,921] {local_task_job.py:273} INFO - 0 downstream tasks scheduled from follow-on schedule check
[2023-07-17 22:08:01,375] {taskinstance.py:1159} INFO - Dependencies all met for <TaskInstance: get_stocks_dag.MSFT scheduled__2023-06-09T00:00:00+00:00 [queued]>
[2023-07-17 22:08:01,388] {taskinstance.py:1159} INFO - Dependencies all met for <TaskInstance: get_stocks_dag.MSFT scheduled__2023-06-09T00:00:00+00:00 [queued]>
[2023-07-17 22:08:01,388] {taskinstance.py:1356} INFO - 
--------------------------------------------------------------------------------
[2023-07-17 22:08:01,388] {taskinstance.py:1357} INFO - Starting attempt 1 of 1
[2023-07-17 22:08:01,389] {taskinstance.py:1358} INFO - 
--------------------------------------------------------------------------------
[2023-07-17 22:08:01,401] {taskinstance.py:1377} INFO - Executing <Task(_PythonDecoratedOperator): MSFT> on 2023-06-09 00:00:00+00:00
[2023-07-17 22:08:01,406] {standard_task_runner.py:52} INFO - Started process 74246 to run task
[2023-07-17 22:08:01,408] {standard_task_runner.py:79} INFO - Running: ['airflow', 'tasks', 'run', 'get_stocks_dag', 'MSFT', 'scheduled__2023-06-09T00:00:00+00:00', '--job-id', '942', '--raw', '--subdir', 'DAGS_FOLDER/get_stocks.py', '--cfg-path', '/tmp/tmpl65wgar6', '--error-file', '/tmp/tmphworls1a']
[2023-07-17 22:08:01,410] {standard_task_runner.py:80} INFO - Job 942: Subtask MSFT
[2023-07-17 22:08:01,479] {task_command.py:370} INFO - Running <TaskInstance: get_stocks_dag.MSFT scheduled__2023-06-09T00:00:00+00:00 [running]> on host lucas-Estudos
[2023-07-17 22:08:01,547] {taskinstance.py:1569} INFO - Exporting the following env vars:
AIRFLOW_CTX_DAG_OWNER=airflow
AIRFLOW_CTX_DAG_ID=get_stocks_dag
AIRFLOW_CTX_TASK_ID=MSFT
AIRFLOW_CTX_EXECUTION_DATE=2023-06-09T00:00:00+00:00
AIRFLOW_CTX_TRY_NUMBER=1
AIRFLOW_CTX_DAG_RUN_ID=scheduled__2023-06-09T00:00:00+00:00
[2023-07-17 22:08:05,259] {python.py:173} INFO - Done. Returned value was: None
[2023-07-17 22:08:05,305] {taskinstance.py:1395} INFO - Marking task as SUCCESS. dag_id=get_stocks_dag, task_id=MSFT, execution_date=20230609T000000, start_date=20230718T010801, end_date=20230718T010805
[2023-07-17 22:08:05,357] {local_task_job.py:156} INFO - Task exited with return code 0
[2023-07-17 22:08:05,471] {local_task_job.py:273} INFO - 0 downstream tasks scheduled from follow-on schedule check
[2023-07-18 10:50:26,794] {taskinstance.py:1159} INFO - Dependencies all met for <TaskInstance: get_stocks_dag.MSFT scheduled__2023-06-09T00:00:00+00:00 [queued]>
[2023-07-18 10:50:26,818] {taskinstance.py:1159} INFO - Dependencies all met for <TaskInstance: get_stocks_dag.MSFT scheduled__2023-06-09T00:00:00+00:00 [queued]>
[2023-07-18 10:50:26,818] {taskinstance.py:1356} INFO - 
--------------------------------------------------------------------------------
[2023-07-18 10:50:26,819] {taskinstance.py:1357} INFO - Starting attempt 1 of 1
[2023-07-18 10:50:26,819] {taskinstance.py:1358} INFO - 
--------------------------------------------------------------------------------
[2023-07-18 10:50:26,845] {taskinstance.py:1377} INFO - Executing <Task(_PythonDecoratedOperator): MSFT> on 2023-06-09 00:00:00+00:00
[2023-07-18 10:50:26,854] {standard_task_runner.py:52} INFO - Started process 18963 to run task
[2023-07-18 10:50:26,861] {standard_task_runner.py:79} INFO - Running: ['airflow', 'tasks', 'run', 'get_stocks_dag', 'MSFT', 'scheduled__2023-06-09T00:00:00+00:00', '--job-id', '1421', '--raw', '--subdir', 'DAGS_FOLDER/get_stocks.py', '--cfg-path', '/tmp/tmpttjwq7q3', '--error-file', '/tmp/tmp4n88bn3u']
[2023-07-18 10:50:26,863] {standard_task_runner.py:80} INFO - Job 1421: Subtask MSFT
[2023-07-18 10:50:27,051] {task_command.py:370} INFO - Running <TaskInstance: get_stocks_dag.MSFT scheduled__2023-06-09T00:00:00+00:00 [running]> on host lucas-Estudos
[2023-07-18 10:50:27,270] {taskinstance.py:1569} INFO - Exporting the following env vars:
AIRFLOW_CTX_DAG_OWNER=airflow
AIRFLOW_CTX_DAG_ID=get_stocks_dag
AIRFLOW_CTX_TASK_ID=MSFT
AIRFLOW_CTX_EXECUTION_DATE=2023-06-09T00:00:00+00:00
AIRFLOW_CTX_TRY_NUMBER=1
AIRFLOW_CTX_DAG_RUN_ID=scheduled__2023-06-09T00:00:00+00:00
[2023-07-18 10:50:27,847] {python.py:173} INFO - Done. Returned value was: None
[2023-07-18 10:50:27,910] {taskinstance.py:1395} INFO - Marking task as SUCCESS. dag_id=get_stocks_dag, task_id=MSFT, execution_date=20230609T000000, start_date=20230718T135026, end_date=20230718T135027
[2023-07-18 10:50:27,996] {local_task_job.py:156} INFO - Task exited with return code 0
[2023-07-18 10:50:28,037] {local_task_job.py:273} INFO - 0 downstream tasks scheduled from follow-on schedule check
