[2023-07-17 16:23:21,426] {taskinstance.py:1159} INFO - Dependencies all met for <TaskInstance: get_stocks_dag.TSLA scheduled__2023-06-10T00:00:00+00:00 [queued]>
[2023-07-17 16:23:21,440] {taskinstance.py:1159} INFO - Dependencies all met for <TaskInstance: get_stocks_dag.TSLA scheduled__2023-06-10T00:00:00+00:00 [queued]>
[2023-07-17 16:23:21,440] {taskinstance.py:1356} INFO - 
--------------------------------------------------------------------------------
[2023-07-17 16:23:21,440] {taskinstance.py:1357} INFO - Starting attempt 1 of 1
[2023-07-17 16:23:21,440] {taskinstance.py:1358} INFO - 
--------------------------------------------------------------------------------
[2023-07-17 16:23:21,466] {taskinstance.py:1377} INFO - Executing <Task(_PythonDecoratedOperator): TSLA> on 2023-06-10 00:00:00+00:00
[2023-07-17 16:23:21,483] {standard_task_runner.py:52} INFO - Started process 10169 to run task
[2023-07-17 16:23:21,522] {standard_task_runner.py:79} INFO - Running: ['airflow', 'tasks', 'run', 'get_stocks_dag', 'TSLA', 'scheduled__2023-06-10T00:00:00+00:00', '--job-id', '172', '--raw', '--subdir', 'DAGS_FOLDER/get_stocks.py', '--cfg-path', '/tmp/tmpxuz5nbqx', '--error-file', '/tmp/tmpbcsukfh0']
[2023-07-17 16:23:21,523] {standard_task_runner.py:80} INFO - Job 172: Subtask TSLA
[2023-07-17 16:23:21,781] {task_command.py:370} INFO - Running <TaskInstance: get_stocks_dag.TSLA scheduled__2023-06-10T00:00:00+00:00 [running]> on host lucas-Estudos
[2023-07-17 16:23:22,012] {taskinstance.py:1569} INFO - Exporting the following env vars:
AIRFLOW_CTX_DAG_OWNER=airflow
AIRFLOW_CTX_DAG_ID=get_stocks_dag
AIRFLOW_CTX_TASK_ID=TSLA
AIRFLOW_CTX_EXECUTION_DATE=2023-06-10T00:00:00+00:00
AIRFLOW_CTX_TRY_NUMBER=1
AIRFLOW_CTX_DAG_RUN_ID=scheduled__2023-06-10T00:00:00+00:00
[2023-07-17 16:23:22,666] {python.py:173} INFO - Done. Returned value was: None
[2023-07-17 16:23:22,798] {taskinstance.py:1395} INFO - Marking task as SUCCESS. dag_id=get_stocks_dag, task_id=TSLA, execution_date=20230610T000000, start_date=20230717T192321, end_date=20230717T192322
[2023-07-17 16:23:22,893] {local_task_job.py:156} INFO - Task exited with return code 0
[2023-07-17 16:23:23,124] {local_task_job.py:273} INFO - 0 downstream tasks scheduled from follow-on schedule check
[2023-07-17 16:54:40,715] {taskinstance.py:1159} INFO - Dependencies all met for <TaskInstance: get_stocks_dag.TSLA scheduled__2023-06-10T00:00:00+00:00 [queued]>
[2023-07-17 16:54:40,733] {taskinstance.py:1159} INFO - Dependencies all met for <TaskInstance: get_stocks_dag.TSLA scheduled__2023-06-10T00:00:00+00:00 [queued]>
[2023-07-17 16:54:40,733] {taskinstance.py:1356} INFO - 
--------------------------------------------------------------------------------
[2023-07-17 16:54:40,733] {taskinstance.py:1357} INFO - Starting attempt 1 of 1
[2023-07-17 16:54:40,733] {taskinstance.py:1358} INFO - 
--------------------------------------------------------------------------------
[2023-07-17 16:54:40,751] {taskinstance.py:1377} INFO - Executing <Task(_PythonDecoratedOperator): TSLA> on 2023-06-10 00:00:00+00:00
[2023-07-17 16:54:40,756] {standard_task_runner.py:52} INFO - Started process 22988 to run task
[2023-07-17 16:54:40,763] {standard_task_runner.py:79} INFO - Running: ['airflow', 'tasks', 'run', 'get_stocks_dag', 'TSLA', 'scheduled__2023-06-10T00:00:00+00:00', '--job-id', '387', '--raw', '--subdir', 'DAGS_FOLDER/get_stocks.py', '--cfg-path', '/tmp/tmp3_hgrznz', '--error-file', '/tmp/tmpti4x3mwc']
[2023-07-17 16:54:40,764] {standard_task_runner.py:80} INFO - Job 387: Subtask TSLA
[2023-07-17 16:54:40,877] {task_command.py:370} INFO - Running <TaskInstance: get_stocks_dag.TSLA scheduled__2023-06-10T00:00:00+00:00 [running]> on host lucas-Estudos
[2023-07-17 16:54:41,114] {taskinstance.py:1569} INFO - Exporting the following env vars:
AIRFLOW_CTX_DAG_OWNER=airflow
AIRFLOW_CTX_DAG_ID=get_stocks_dag
AIRFLOW_CTX_TASK_ID=TSLA
AIRFLOW_CTX_EXECUTION_DATE=2023-06-10T00:00:00+00:00
AIRFLOW_CTX_TRY_NUMBER=1
AIRFLOW_CTX_DAG_RUN_ID=scheduled__2023-06-10T00:00:00+00:00
[2023-07-17 16:54:42,043] {python.py:173} INFO - Done. Returned value was: None
[2023-07-17 16:54:42,137] {taskinstance.py:1395} INFO - Marking task as SUCCESS. dag_id=get_stocks_dag, task_id=TSLA, execution_date=20230610T000000, start_date=20230717T195440, end_date=20230717T195442
[2023-07-17 16:54:42,175] {local_task_job.py:156} INFO - Task exited with return code 0
[2023-07-17 16:54:42,265] {local_task_job.py:273} INFO - 0 downstream tasks scheduled from follow-on schedule check
[2023-07-17 21:03:57,219] {taskinstance.py:1159} INFO - Dependencies all met for <TaskInstance: get_stocks_dag.TSLA scheduled__2023-06-10T00:00:00+00:00 [queued]>
[2023-07-17 21:03:57,244] {taskinstance.py:1159} INFO - Dependencies all met for <TaskInstance: get_stocks_dag.TSLA scheduled__2023-06-10T00:00:00+00:00 [queued]>
[2023-07-17 21:03:57,245] {taskinstance.py:1356} INFO - 
--------------------------------------------------------------------------------
[2023-07-17 21:03:57,245] {taskinstance.py:1357} INFO - Starting attempt 1 of 1
[2023-07-17 21:03:57,245] {taskinstance.py:1358} INFO - 
--------------------------------------------------------------------------------
[2023-07-17 21:03:57,273] {taskinstance.py:1377} INFO - Executing <Task(_PythonDecoratedOperator): TSLA> on 2023-06-10 00:00:00+00:00
[2023-07-17 21:03:57,284] {standard_task_runner.py:52} INFO - Started process 26141 to run task
[2023-07-17 21:03:57,291] {standard_task_runner.py:79} INFO - Running: ['airflow', 'tasks', 'run', 'get_stocks_dag', 'TSLA', 'scheduled__2023-06-10T00:00:00+00:00', '--job-id', '607', '--raw', '--subdir', 'DAGS_FOLDER/get_stocks.py', '--cfg-path', '/tmp/tmpfdwha9q0', '--error-file', '/tmp/tmpnoj_vvpz']
[2023-07-17 21:03:57,293] {standard_task_runner.py:80} INFO - Job 607: Subtask TSLA
[2023-07-17 21:03:57,511] {task_command.py:370} INFO - Running <TaskInstance: get_stocks_dag.TSLA scheduled__2023-06-10T00:00:00+00:00 [running]> on host lucas-Estudos
[2023-07-17 21:03:57,758] {taskinstance.py:1569} INFO - Exporting the following env vars:
AIRFLOW_CTX_DAG_OWNER=airflow
AIRFLOW_CTX_DAG_ID=get_stocks_dag
AIRFLOW_CTX_TASK_ID=TSLA
AIRFLOW_CTX_EXECUTION_DATE=2023-06-10T00:00:00+00:00
AIRFLOW_CTX_TRY_NUMBER=1
AIRFLOW_CTX_DAG_RUN_ID=scheduled__2023-06-10T00:00:00+00:00
[2023-07-17 21:04:01,584] {python.py:173} INFO - Done. Returned value was: None
[2023-07-17 21:04:01,636] {taskinstance.py:1395} INFO - Marking task as SUCCESS. dag_id=get_stocks_dag, task_id=TSLA, execution_date=20230610T000000, start_date=20230718T000357, end_date=20230718T000401
[2023-07-17 21:04:01,680] {local_task_job.py:156} INFO - Task exited with return code 0
[2023-07-17 21:04:01,798] {local_task_job.py:273} INFO - 0 downstream tasks scheduled from follow-on schedule check
[2023-07-17 22:08:49,842] {taskinstance.py:1159} INFO - Dependencies all met for <TaskInstance: get_stocks_dag.TSLA scheduled__2023-06-10T00:00:00+00:00 [queued]>
[2023-07-17 22:08:49,858] {taskinstance.py:1159} INFO - Dependencies all met for <TaskInstance: get_stocks_dag.TSLA scheduled__2023-06-10T00:00:00+00:00 [queued]>
[2023-07-17 22:08:49,858] {taskinstance.py:1356} INFO - 
--------------------------------------------------------------------------------
[2023-07-17 22:08:49,858] {taskinstance.py:1357} INFO - Starting attempt 1 of 1
[2023-07-17 22:08:49,858] {taskinstance.py:1358} INFO - 
--------------------------------------------------------------------------------
[2023-07-17 22:08:49,873] {taskinstance.py:1377} INFO - Executing <Task(_PythonDecoratedOperator): TSLA> on 2023-06-10 00:00:00+00:00
[2023-07-17 22:08:49,880] {standard_task_runner.py:52} INFO - Started process 75924 to run task
[2023-07-17 22:08:49,884] {standard_task_runner.py:79} INFO - Running: ['airflow', 'tasks', 'run', 'get_stocks_dag', 'TSLA', 'scheduled__2023-06-10T00:00:00+00:00', '--job-id', '954', '--raw', '--subdir', 'DAGS_FOLDER/get_stocks.py', '--cfg-path', '/tmp/tmp2kap_0lt', '--error-file', '/tmp/tmpqs6lud74']
[2023-07-17 22:08:49,884] {standard_task_runner.py:80} INFO - Job 954: Subtask TSLA
[2023-07-17 22:08:49,953] {task_command.py:370} INFO - Running <TaskInstance: get_stocks_dag.TSLA scheduled__2023-06-10T00:00:00+00:00 [running]> on host lucas-Estudos
[2023-07-17 22:08:50,042] {taskinstance.py:1569} INFO - Exporting the following env vars:
AIRFLOW_CTX_DAG_OWNER=airflow
AIRFLOW_CTX_DAG_ID=get_stocks_dag
AIRFLOW_CTX_TASK_ID=TSLA
AIRFLOW_CTX_EXECUTION_DATE=2023-06-10T00:00:00+00:00
AIRFLOW_CTX_TRY_NUMBER=1
AIRFLOW_CTX_DAG_RUN_ID=scheduled__2023-06-10T00:00:00+00:00
[2023-07-17 22:08:53,651] {python.py:173} INFO - Done. Returned value was: None
[2023-07-17 22:08:53,701] {taskinstance.py:1395} INFO - Marking task as SUCCESS. dag_id=get_stocks_dag, task_id=TSLA, execution_date=20230610T000000, start_date=20230718T010849, end_date=20230718T010853
[2023-07-17 22:08:53,752] {local_task_job.py:156} INFO - Task exited with return code 0
[2023-07-17 22:08:53,892] {local_task_job.py:273} INFO - 0 downstream tasks scheduled from follow-on schedule check
[2023-07-18 10:51:36,163] {taskinstance.py:1159} INFO - Dependencies all met for <TaskInstance: get_stocks_dag.TSLA scheduled__2023-06-10T00:00:00+00:00 [queued]>
[2023-07-18 10:51:36,186] {taskinstance.py:1159} INFO - Dependencies all met for <TaskInstance: get_stocks_dag.TSLA scheduled__2023-06-10T00:00:00+00:00 [queued]>
[2023-07-18 10:51:36,186] {taskinstance.py:1356} INFO - 
--------------------------------------------------------------------------------
[2023-07-18 10:51:36,186] {taskinstance.py:1357} INFO - Starting attempt 1 of 1
[2023-07-18 10:51:36,186] {taskinstance.py:1358} INFO - 
--------------------------------------------------------------------------------
[2023-07-18 10:51:36,212] {taskinstance.py:1377} INFO - Executing <Task(_PythonDecoratedOperator): TSLA> on 2023-06-10 00:00:00+00:00
[2023-07-18 10:51:36,221] {standard_task_runner.py:52} INFO - Started process 19349 to run task
[2023-07-18 10:51:36,228] {standard_task_runner.py:79} INFO - Running: ['airflow', 'tasks', 'run', 'get_stocks_dag', 'TSLA', 'scheduled__2023-06-10T00:00:00+00:00', '--job-id', '1432', '--raw', '--subdir', 'DAGS_FOLDER/get_stocks.py', '--cfg-path', '/tmp/tmp3zda90rg', '--error-file', '/tmp/tmpyeaomk9m']
[2023-07-18 10:51:36,230] {standard_task_runner.py:80} INFO - Job 1432: Subtask TSLA
[2023-07-18 10:51:36,413] {task_command.py:370} INFO - Running <TaskInstance: get_stocks_dag.TSLA scheduled__2023-06-10T00:00:00+00:00 [running]> on host lucas-Estudos
[2023-07-18 10:51:36,635] {taskinstance.py:1569} INFO - Exporting the following env vars:
AIRFLOW_CTX_DAG_OWNER=airflow
AIRFLOW_CTX_DAG_ID=get_stocks_dag
AIRFLOW_CTX_TASK_ID=TSLA
AIRFLOW_CTX_EXECUTION_DATE=2023-06-10T00:00:00+00:00
AIRFLOW_CTX_TRY_NUMBER=1
AIRFLOW_CTX_DAG_RUN_ID=scheduled__2023-06-10T00:00:00+00:00
[2023-07-18 10:51:42,173] {python.py:173} INFO - Done. Returned value was: None
[2023-07-18 10:51:42,188] {taskinstance.py:1395} INFO - Marking task as SUCCESS. dag_id=get_stocks_dag, task_id=TSLA, execution_date=20230610T000000, start_date=20230718T135136, end_date=20230718T135142
[2023-07-18 10:51:42,245] {local_task_job.py:156} INFO - Task exited with return code 0
[2023-07-18 10:51:42,329] {local_task_job.py:273} INFO - 0 downstream tasks scheduled from follow-on schedule check
