[2023-07-17 22:11:48,211] {taskinstance.py:1159} INFO - Dependencies all met for <TaskInstance: get_crypto_dag.AVAX scheduled__2023-06-07T00:00:00+00:00 [queued]>
[2023-07-17 22:11:48,220] {taskinstance.py:1159} INFO - Dependencies all met for <TaskInstance: get_crypto_dag.AVAX scheduled__2023-06-07T00:00:00+00:00 [queued]>
[2023-07-17 22:11:48,220] {taskinstance.py:1356} INFO - 
--------------------------------------------------------------------------------
[2023-07-17 22:11:48,220] {taskinstance.py:1357} INFO - Starting attempt 1 of 1
[2023-07-17 22:11:48,220] {taskinstance.py:1358} INFO - 
--------------------------------------------------------------------------------
[2023-07-17 22:11:48,233] {taskinstance.py:1377} INFO - Executing <Task(_PythonDecoratedOperator): AVAX> on 2023-06-07 00:00:00+00:00
[2023-07-17 22:11:48,241] {standard_task_runner.py:52} INFO - Started process 81959 to run task
[2023-07-17 22:11:48,245] {standard_task_runner.py:79} INFO - Running: ['airflow', 'tasks', 'run', 'get_crypto_dag', 'AVAX', 'scheduled__2023-06-07T00:00:00+00:00', '--job-id', '999', '--raw', '--subdir', 'DAGS_FOLDER/get_crypto.py', '--cfg-path', '/tmp/tmpuzf6a3c5', '--error-file', '/tmp/tmprej1kgrj']
[2023-07-17 22:11:48,246] {standard_task_runner.py:80} INFO - Job 999: Subtask AVAX
[2023-07-17 22:11:48,305] {task_command.py:370} INFO - Running <TaskInstance: get_crypto_dag.AVAX scheduled__2023-06-07T00:00:00+00:00 [running]> on host lucas-Estudos
[2023-07-17 22:11:48,365] {taskinstance.py:1569} INFO - Exporting the following env vars:
AIRFLOW_CTX_DAG_OWNER=airflow
AIRFLOW_CTX_DAG_ID=get_crypto_dag
AIRFLOW_CTX_TASK_ID=AVAX
AIRFLOW_CTX_EXECUTION_DATE=2023-06-07T00:00:00+00:00
AIRFLOW_CTX_TRY_NUMBER=1
AIRFLOW_CTX_DAG_RUN_ID=scheduled__2023-06-07T00:00:00+00:00
[2023-07-17 22:11:59,895] {base.py:162} ERROR - AVAX: No timezone found, symbol may be delisted
[2023-07-17 22:11:59,902] {python.py:173} INFO - Done. Returned value was: None
[2023-07-17 22:11:59,953] {taskinstance.py:1395} INFO - Marking task as SUCCESS. dag_id=get_crypto_dag, task_id=AVAX, execution_date=20230607T000000, start_date=20230718T011148, end_date=20230718T011159
[2023-07-17 22:12:00,042] {local_task_job.py:156} INFO - Task exited with return code 0
[2023-07-17 22:12:00,073] {local_task_job.py:273} INFO - 0 downstream tasks scheduled from follow-on schedule check
[2023-07-18 10:49:07,320] {taskinstance.py:1159} INFO - Dependencies all met for <TaskInstance: get_crypto_dag.AVAX scheduled__2023-06-07T00:00:00+00:00 [queued]>
[2023-07-18 10:49:07,344] {taskinstance.py:1159} INFO - Dependencies all met for <TaskInstance: get_crypto_dag.AVAX scheduled__2023-06-07T00:00:00+00:00 [queued]>
[2023-07-18 10:49:07,344] {taskinstance.py:1356} INFO - 
--------------------------------------------------------------------------------
[2023-07-18 10:49:07,344] {taskinstance.py:1357} INFO - Starting attempt 1 of 1
[2023-07-18 10:49:07,345] {taskinstance.py:1358} INFO - 
--------------------------------------------------------------------------------
[2023-07-18 10:49:07,370] {taskinstance.py:1377} INFO - Executing <Task(_PythonDecoratedOperator): AVAX> on 2023-06-07 00:00:00+00:00
[2023-07-18 10:49:07,379] {standard_task_runner.py:52} INFO - Started process 17996 to run task
[2023-07-18 10:49:07,385] {standard_task_runner.py:79} INFO - Running: ['airflow', 'tasks', 'run', 'get_crypto_dag', 'AVAX', 'scheduled__2023-06-07T00:00:00+00:00', '--job-id', '1408', '--raw', '--subdir', 'DAGS_FOLDER/get_crypto.py', '--cfg-path', '/tmp/tmpw_bzv4ku', '--error-file', '/tmp/tmpplu8yj26']
[2023-07-18 10:49:07,387] {standard_task_runner.py:80} INFO - Job 1408: Subtask AVAX
[2023-07-18 10:49:07,562] {task_command.py:370} INFO - Running <TaskInstance: get_crypto_dag.AVAX scheduled__2023-06-07T00:00:00+00:00 [running]> on host lucas-Estudos
[2023-07-18 10:49:07,773] {taskinstance.py:1569} INFO - Exporting the following env vars:
AIRFLOW_CTX_DAG_OWNER=airflow
AIRFLOW_CTX_DAG_ID=get_crypto_dag
AIRFLOW_CTX_TASK_ID=AVAX
AIRFLOW_CTX_EXECUTION_DATE=2023-06-07T00:00:00+00:00
AIRFLOW_CTX_TRY_NUMBER=1
AIRFLOW_CTX_DAG_RUN_ID=scheduled__2023-06-07T00:00:00+00:00
[2023-07-18 10:49:08,357] {base.py:162} ERROR - AVAX: No timezone found, symbol may be delisted
[2023-07-18 10:49:08,365] {python.py:173} INFO - Done. Returned value was: None
[2023-07-18 10:49:08,415] {taskinstance.py:1395} INFO - Marking task as SUCCESS. dag_id=get_crypto_dag, task_id=AVAX, execution_date=20230607T000000, start_date=20230718T134907, end_date=20230718T134908
[2023-07-18 10:49:08,481] {local_task_job.py:156} INFO - Task exited with return code 0
[2023-07-18 10:49:08,598] {local_task_job.py:273} INFO - 0 downstream tasks scheduled from follow-on schedule check
