[2023-07-17 16:23:22,187] {taskinstance.py:1159} INFO - Dependencies all met for <TaskInstance: get_stocks_dag.MSFT scheduled__2023-06-14T00:00:00+00:00 [queued]>
[2023-07-17 16:23:22,217] {taskinstance.py:1159} INFO - Dependencies all met for <TaskInstance: get_stocks_dag.MSFT scheduled__2023-06-14T00:00:00+00:00 [queued]>
[2023-07-17 16:23:22,217] {taskinstance.py:1356} INFO - 
--------------------------------------------------------------------------------
[2023-07-17 16:23:22,217] {taskinstance.py:1357} INFO - Starting attempt 1 of 1
[2023-07-17 16:23:22,223] {taskinstance.py:1358} INFO - 
--------------------------------------------------------------------------------
[2023-07-17 16:23:22,246] {taskinstance.py:1377} INFO - Executing <Task(_PythonDecoratedOperator): MSFT> on 2023-06-14 00:00:00+00:00
[2023-07-17 16:23:22,258] {standard_task_runner.py:52} INFO - Started process 10259 to run task
[2023-07-17 16:23:22,312] {standard_task_runner.py:79} INFO - Running: ['airflow', 'tasks', 'run', 'get_stocks_dag', 'MSFT', 'scheduled__2023-06-14T00:00:00+00:00', '--job-id', '178', '--raw', '--subdir', 'DAGS_FOLDER/get_stocks.py', '--cfg-path', '/tmp/tmpwns9bot1', '--error-file', '/tmp/tmppoo6vsxg']
[2023-07-17 16:23:22,313] {standard_task_runner.py:80} INFO - Job 178: Subtask MSFT
[2023-07-17 16:23:22,496] {task_command.py:370} INFO - Running <TaskInstance: get_stocks_dag.MSFT scheduled__2023-06-14T00:00:00+00:00 [running]> on host lucas-Estudos
[2023-07-17 16:23:22,849] {taskinstance.py:1569} INFO - Exporting the following env vars:
AIRFLOW_CTX_DAG_OWNER=airflow
AIRFLOW_CTX_DAG_ID=get_stocks_dag
AIRFLOW_CTX_TASK_ID=MSFT
AIRFLOW_CTX_EXECUTION_DATE=2023-06-14T00:00:00+00:00
AIRFLOW_CTX_TRY_NUMBER=1
AIRFLOW_CTX_DAG_RUN_ID=scheduled__2023-06-14T00:00:00+00:00
[2023-07-17 16:23:23,443] {python.py:173} INFO - Done. Returned value was: None
[2023-07-17 16:23:23,476] {taskinstance.py:1395} INFO - Marking task as SUCCESS. dag_id=get_stocks_dag, task_id=MSFT, execution_date=20230614T000000, start_date=20230717T192322, end_date=20230717T192323
[2023-07-17 16:23:23,536] {local_task_job.py:156} INFO - Task exited with return code 0
[2023-07-17 16:23:23,619] {local_task_job.py:273} INFO - 0 downstream tasks scheduled from follow-on schedule check
[2023-07-17 16:54:42,577] {taskinstance.py:1159} INFO - Dependencies all met for <TaskInstance: get_stocks_dag.MSFT scheduled__2023-06-14T00:00:00+00:00 [queued]>
[2023-07-17 16:54:42,650] {taskinstance.py:1159} INFO - Dependencies all met for <TaskInstance: get_stocks_dag.MSFT scheduled__2023-06-14T00:00:00+00:00 [queued]>
[2023-07-17 16:54:42,651] {taskinstance.py:1356} INFO - 
--------------------------------------------------------------------------------
[2023-07-17 16:54:42,651] {taskinstance.py:1357} INFO - Starting attempt 1 of 1
[2023-07-17 16:54:42,651] {taskinstance.py:1358} INFO - 
--------------------------------------------------------------------------------
[2023-07-17 16:54:42,685] {taskinstance.py:1377} INFO - Executing <Task(_PythonDecoratedOperator): MSFT> on 2023-06-14 00:00:00+00:00
[2023-07-17 16:54:42,694] {standard_task_runner.py:52} INFO - Started process 23139 to run task
[2023-07-17 16:54:42,704] {standard_task_runner.py:79} INFO - Running: ['airflow', 'tasks', 'run', 'get_stocks_dag', 'MSFT', 'scheduled__2023-06-14T00:00:00+00:00', '--job-id', '396', '--raw', '--subdir', 'DAGS_FOLDER/get_stocks.py', '--cfg-path', '/tmp/tmpon5k5uwm', '--error-file', '/tmp/tmpphpgbotj']
[2023-07-17 16:54:42,705] {standard_task_runner.py:80} INFO - Job 396: Subtask MSFT
[2023-07-17 16:54:42,890] {task_command.py:370} INFO - Running <TaskInstance: get_stocks_dag.MSFT scheduled__2023-06-14T00:00:00+00:00 [running]> on host lucas-Estudos
[2023-07-17 16:54:43,085] {taskinstance.py:1569} INFO - Exporting the following env vars:
AIRFLOW_CTX_DAG_OWNER=airflow
AIRFLOW_CTX_DAG_ID=get_stocks_dag
AIRFLOW_CTX_TASK_ID=MSFT
AIRFLOW_CTX_EXECUTION_DATE=2023-06-14T00:00:00+00:00
AIRFLOW_CTX_TRY_NUMBER=1
AIRFLOW_CTX_DAG_RUN_ID=scheduled__2023-06-14T00:00:00+00:00
[2023-07-17 16:54:43,567] {python.py:173} INFO - Done. Returned value was: None
[2023-07-17 16:54:43,586] {taskinstance.py:1395} INFO - Marking task as SUCCESS. dag_id=get_stocks_dag, task_id=MSFT, execution_date=20230614T000000, start_date=20230717T195442, end_date=20230717T195443
[2023-07-17 16:54:43,621] {local_task_job.py:156} INFO - Task exited with return code 0
[2023-07-17 16:54:43,672] {local_task_job.py:273} INFO - 0 downstream tasks scheduled from follow-on schedule check
[2023-07-17 21:04:26,308] {taskinstance.py:1159} INFO - Dependencies all met for <TaskInstance: get_stocks_dag.MSFT scheduled__2023-06-14T00:00:00+00:00 [queued]>
[2023-07-17 21:04:26,332] {taskinstance.py:1159} INFO - Dependencies all met for <TaskInstance: get_stocks_dag.MSFT scheduled__2023-06-14T00:00:00+00:00 [queued]>
[2023-07-17 21:04:26,333] {taskinstance.py:1356} INFO - 
--------------------------------------------------------------------------------
[2023-07-17 21:04:26,333] {taskinstance.py:1357} INFO - Starting attempt 1 of 1
[2023-07-17 21:04:26,333] {taskinstance.py:1358} INFO - 
--------------------------------------------------------------------------------
[2023-07-17 21:04:26,361] {taskinstance.py:1377} INFO - Executing <Task(_PythonDecoratedOperator): MSFT> on 2023-06-14 00:00:00+00:00
[2023-07-17 21:04:26,372] {standard_task_runner.py:52} INFO - Started process 26936 to run task
[2023-07-17 21:04:26,378] {standard_task_runner.py:79} INFO - Running: ['airflow', 'tasks', 'run', 'get_stocks_dag', 'MSFT', 'scheduled__2023-06-14T00:00:00+00:00', '--job-id', '614', '--raw', '--subdir', 'DAGS_FOLDER/get_stocks.py', '--cfg-path', '/tmp/tmpk3ifipyl', '--error-file', '/tmp/tmpen9pv_u9']
[2023-07-17 21:04:26,380] {standard_task_runner.py:80} INFO - Job 614: Subtask MSFT
[2023-07-17 21:04:26,577] {task_command.py:370} INFO - Running <TaskInstance: get_stocks_dag.MSFT scheduled__2023-06-14T00:00:00+00:00 [running]> on host lucas-Estudos
[2023-07-17 21:04:26,804] {taskinstance.py:1569} INFO - Exporting the following env vars:
AIRFLOW_CTX_DAG_OWNER=airflow
AIRFLOW_CTX_DAG_ID=get_stocks_dag
AIRFLOW_CTX_TASK_ID=MSFT
AIRFLOW_CTX_EXECUTION_DATE=2023-06-14T00:00:00+00:00
AIRFLOW_CTX_TRY_NUMBER=1
AIRFLOW_CTX_DAG_RUN_ID=scheduled__2023-06-14T00:00:00+00:00
[2023-07-17 21:04:28,512] {python.py:173} INFO - Done. Returned value was: None
[2023-07-17 21:04:28,563] {taskinstance.py:1395} INFO - Marking task as SUCCESS. dag_id=get_stocks_dag, task_id=MSFT, execution_date=20230614T000000, start_date=20230718T000426, end_date=20230718T000428
[2023-07-17 21:04:28,638] {local_task_job.py:156} INFO - Task exited with return code 0
[2023-07-17 21:04:28,758] {local_task_job.py:273} INFO - 0 downstream tasks scheduled from follow-on schedule check
[2023-07-17 22:09:38,339] {taskinstance.py:1159} INFO - Dependencies all met for <TaskInstance: get_stocks_dag.MSFT scheduled__2023-06-14T00:00:00+00:00 [queued]>
[2023-07-17 22:09:38,370] {taskinstance.py:1159} INFO - Dependencies all met for <TaskInstance: get_stocks_dag.MSFT scheduled__2023-06-14T00:00:00+00:00 [queued]>
[2023-07-17 22:09:38,371] {taskinstance.py:1356} INFO - 
--------------------------------------------------------------------------------
[2023-07-17 22:09:38,371] {taskinstance.py:1357} INFO - Starting attempt 1 of 1
[2023-07-17 22:09:38,371] {taskinstance.py:1358} INFO - 
--------------------------------------------------------------------------------
[2023-07-17 22:09:38,395] {taskinstance.py:1377} INFO - Executing <Task(_PythonDecoratedOperator): MSFT> on 2023-06-14 00:00:00+00:00
[2023-07-17 22:09:38,406] {standard_task_runner.py:52} INFO - Started process 77554 to run task
[2023-07-17 22:09:38,410] {standard_task_runner.py:79} INFO - Running: ['airflow', 'tasks', 'run', 'get_stocks_dag', 'MSFT', 'scheduled__2023-06-14T00:00:00+00:00', '--job-id', '966', '--raw', '--subdir', 'DAGS_FOLDER/get_stocks.py', '--cfg-path', '/tmp/tmp6h2cit05', '--error-file', '/tmp/tmprjvgcyft']
[2023-07-17 22:09:38,412] {standard_task_runner.py:80} INFO - Job 966: Subtask MSFT
[2023-07-17 22:09:38,494] {task_command.py:370} INFO - Running <TaskInstance: get_stocks_dag.MSFT scheduled__2023-06-14T00:00:00+00:00 [running]> on host lucas-Estudos
[2023-07-17 22:09:38,570] {taskinstance.py:1569} INFO - Exporting the following env vars:
AIRFLOW_CTX_DAG_OWNER=airflow
AIRFLOW_CTX_DAG_ID=get_stocks_dag
AIRFLOW_CTX_TASK_ID=MSFT
AIRFLOW_CTX_EXECUTION_DATE=2023-06-14T00:00:00+00:00
AIRFLOW_CTX_TRY_NUMBER=1
AIRFLOW_CTX_DAG_RUN_ID=scheduled__2023-06-14T00:00:00+00:00
[2023-07-17 22:09:41,318] {python.py:173} INFO - Done. Returned value was: None
[2023-07-17 22:09:41,347] {taskinstance.py:1395} INFO - Marking task as SUCCESS. dag_id=get_stocks_dag, task_id=MSFT, execution_date=20230614T000000, start_date=20230718T010938, end_date=20230718T010941
[2023-07-17 22:09:41,396] {local_task_job.py:156} INFO - Task exited with return code 0
[2023-07-17 22:09:41,519] {local_task_job.py:273} INFO - 0 downstream tasks scheduled from follow-on schedule check
[2023-07-18 10:54:09,847] {taskinstance.py:1159} INFO - Dependencies all met for <TaskInstance: get_stocks_dag.MSFT scheduled__2023-06-14T00:00:00+00:00 [queued]>
[2023-07-18 10:54:09,853] {taskinstance.py:1159} INFO - Dependencies all met for <TaskInstance: get_stocks_dag.MSFT scheduled__2023-06-14T00:00:00+00:00 [queued]>
[2023-07-18 10:54:09,853] {taskinstance.py:1356} INFO - 
--------------------------------------------------------------------------------
[2023-07-18 10:54:09,853] {taskinstance.py:1357} INFO - Starting attempt 1 of 1
[2023-07-18 10:54:09,853] {taskinstance.py:1358} INFO - 
--------------------------------------------------------------------------------
[2023-07-18 10:54:09,862] {taskinstance.py:1377} INFO - Executing <Task(_PythonDecoratedOperator): MSFT> on 2023-06-14 00:00:00+00:00
[2023-07-18 10:54:09,866] {standard_task_runner.py:52} INFO - Started process 21195 to run task
[2023-07-18 10:54:09,868] {standard_task_runner.py:79} INFO - Running: ['airflow', 'tasks', 'run', 'get_stocks_dag', 'MSFT', 'scheduled__2023-06-14T00:00:00+00:00', '--job-id', '1455', '--raw', '--subdir', 'DAGS_FOLDER/get_stocks.py', '--cfg-path', '/tmp/tmphr0h_a5x', '--error-file', '/tmp/tmp1jn16nlw']
[2023-07-18 10:54:09,868] {standard_task_runner.py:80} INFO - Job 1455: Subtask MSFT
[2023-07-18 10:54:09,916] {task_command.py:370} INFO - Running <TaskInstance: get_stocks_dag.MSFT scheduled__2023-06-14T00:00:00+00:00 [running]> on host lucas-Estudos
[2023-07-18 10:54:10,016] {taskinstance.py:1569} INFO - Exporting the following env vars:
AIRFLOW_CTX_DAG_OWNER=airflow
AIRFLOW_CTX_DAG_ID=get_stocks_dag
AIRFLOW_CTX_TASK_ID=MSFT
AIRFLOW_CTX_EXECUTION_DATE=2023-06-14T00:00:00+00:00
AIRFLOW_CTX_TRY_NUMBER=1
AIRFLOW_CTX_DAG_RUN_ID=scheduled__2023-06-14T00:00:00+00:00
[2023-07-18 10:54:10,691] {python.py:173} INFO - Done. Returned value was: None
[2023-07-18 10:54:10,740] {taskinstance.py:1395} INFO - Marking task as SUCCESS. dag_id=get_stocks_dag, task_id=MSFT, execution_date=20230614T000000, start_date=20230718T135409, end_date=20230718T135410
[2023-07-18 10:54:10,803] {local_task_job.py:156} INFO - Task exited with return code 0
[2023-07-18 10:54:11,004] {local_task_job.py:273} INFO - 0 downstream tasks scheduled from follow-on schedule check
