[2023-07-17 22:02:11,950] {taskinstance.py:1159} INFO - Dependencies all met for <TaskInstance: get_crypto_dag.AVAX scheduled__2023-05-20T00:00:00+00:00 [queued]>
[2023-07-17 22:02:11,965] {taskinstance.py:1159} INFO - Dependencies all met for <TaskInstance: get_crypto_dag.AVAX scheduled__2023-05-20T00:00:00+00:00 [queued]>
[2023-07-17 22:02:11,965] {taskinstance.py:1356} INFO - 
--------------------------------------------------------------------------------
[2023-07-17 22:02:11,965] {taskinstance.py:1357} INFO - Starting attempt 1 of 1
[2023-07-17 22:02:11,965] {taskinstance.py:1358} INFO - 
--------------------------------------------------------------------------------
[2023-07-17 22:02:11,987] {taskinstance.py:1377} INFO - Executing <Task(_PythonDecoratedOperator): AVAX> on 2023-05-20 00:00:00+00:00
[2023-07-17 22:02:11,997] {standard_task_runner.py:52} INFO - Started process 62428 to run task
[2023-07-17 22:02:12,002] {standard_task_runner.py:79} INFO - Running: ['airflow', 'tasks', 'run', 'get_crypto_dag', 'AVAX', 'scheduled__2023-05-20T00:00:00+00:00', '--job-id', '855', '--raw', '--subdir', 'DAGS_FOLDER/get_crypto.py', '--cfg-path', '/tmp/tmpdsgfcir7', '--error-file', '/tmp/tmp2j98l4o_']
[2023-07-17 22:02:12,004] {standard_task_runner.py:80} INFO - Job 855: Subtask AVAX
[2023-07-17 22:02:12,113] {task_command.py:370} INFO - Running <TaskInstance: get_crypto_dag.AVAX scheduled__2023-05-20T00:00:00+00:00 [running]> on host lucas-Estudos
[2023-07-17 22:02:12,264] {taskinstance.py:1569} INFO - Exporting the following env vars:
AIRFLOW_CTX_DAG_OWNER=airflow
AIRFLOW_CTX_DAG_ID=get_crypto_dag
AIRFLOW_CTX_TASK_ID=AVAX
AIRFLOW_CTX_EXECUTION_DATE=2023-05-20T00:00:00+00:00
AIRFLOW_CTX_TRY_NUMBER=1
AIRFLOW_CTX_DAG_RUN_ID=scheduled__2023-05-20T00:00:00+00:00
[2023-07-17 22:02:14,850] {base.py:162} ERROR - AVAX: No timezone found, symbol may be delisted
[2023-07-17 22:02:14,857] {python.py:173} INFO - Done. Returned value was: None
[2023-07-17 22:02:14,910] {taskinstance.py:1395} INFO - Marking task as SUCCESS. dag_id=get_crypto_dag, task_id=AVAX, execution_date=20230520T000000, start_date=20230718T010211, end_date=20230718T010214
[2023-07-17 22:02:14,984] {local_task_job.py:156} INFO - Task exited with return code 0
[2023-07-17 22:02:15,105] {local_task_job.py:273} INFO - 0 downstream tasks scheduled from follow-on schedule check
[2023-07-18 10:36:14,618] {taskinstance.py:1159} INFO - Dependencies all met for <TaskInstance: get_crypto_dag.AVAX scheduled__2023-05-20T00:00:00+00:00 [queued]>
[2023-07-18 10:36:14,645] {taskinstance.py:1159} INFO - Dependencies all met for <TaskInstance: get_crypto_dag.AVAX scheduled__2023-05-20T00:00:00+00:00 [queued]>
[2023-07-18 10:36:14,645] {taskinstance.py:1356} INFO - 
--------------------------------------------------------------------------------
[2023-07-18 10:36:14,645] {taskinstance.py:1357} INFO - Starting attempt 1 of 1
[2023-07-18 10:36:14,645] {taskinstance.py:1358} INFO - 
--------------------------------------------------------------------------------
[2023-07-18 10:36:14,672] {taskinstance.py:1377} INFO - Executing <Task(_PythonDecoratedOperator): AVAX> on 2023-05-20 00:00:00+00:00
[2023-07-18 10:36:14,682] {standard_task_runner.py:52} INFO - Started process 14289 to run task
[2023-07-18 10:36:14,689] {standard_task_runner.py:79} INFO - Running: ['airflow', 'tasks', 'run', 'get_crypto_dag', 'AVAX', 'scheduled__2023-05-20T00:00:00+00:00', '--job-id', '1292', '--raw', '--subdir', 'DAGS_FOLDER/get_crypto.py', '--cfg-path', '/tmp/tmpih29be1b', '--error-file', '/tmp/tmppqxgt0d9']
[2023-07-18 10:36:14,691] {standard_task_runner.py:80} INFO - Job 1292: Subtask AVAX
[2023-07-18 10:36:14,877] {task_command.py:370} INFO - Running <TaskInstance: get_crypto_dag.AVAX scheduled__2023-05-20T00:00:00+00:00 [running]> on host lucas-Estudos
[2023-07-18 10:36:15,097] {taskinstance.py:1569} INFO - Exporting the following env vars:
AIRFLOW_CTX_DAG_OWNER=airflow
AIRFLOW_CTX_DAG_ID=get_crypto_dag
AIRFLOW_CTX_TASK_ID=AVAX
AIRFLOW_CTX_EXECUTION_DATE=2023-05-20T00:00:00+00:00
AIRFLOW_CTX_TRY_NUMBER=1
AIRFLOW_CTX_DAG_RUN_ID=scheduled__2023-05-20T00:00:00+00:00
[2023-07-18 10:36:15,723] {base.py:162} ERROR - AVAX: No timezone found, symbol may be delisted
[2023-07-18 10:36:15,730] {python.py:173} INFO - Done. Returned value was: None
[2023-07-18 10:36:15,779] {taskinstance.py:1395} INFO - Marking task as SUCCESS. dag_id=get_crypto_dag, task_id=AVAX, execution_date=20230520T000000, start_date=20230718T133614, end_date=20230718T133615
[2023-07-18 10:36:15,824] {local_task_job.py:156} INFO - Task exited with return code 0
[2023-07-18 10:36:15,936] {local_task_job.py:273} INFO - 0 downstream tasks scheduled from follow-on schedule check
