[2023-07-08 01:05:05,637] {taskinstance.py:1159} INFO - Dependencies all met for <TaskInstance: dados_climaticos.cria_pasta scheduled__2022-08-01T00:00:00+00:00 [queued]>
[2023-07-08 01:05:05,645] {taskinstance.py:1159} INFO - Dependencies all met for <TaskInstance: dados_climaticos.cria_pasta scheduled__2022-08-01T00:00:00+00:00 [queued]>
[2023-07-08 01:05:05,645] {taskinstance.py:1356} INFO - 
--------------------------------------------------------------------------------
[2023-07-08 01:05:05,645] {taskinstance.py:1357} INFO - Starting attempt 1 of 1
[2023-07-08 01:05:05,645] {taskinstance.py:1358} INFO - 
--------------------------------------------------------------------------------
[2023-07-08 01:05:05,658] {taskinstance.py:1377} INFO - Executing <Task(BashOperator): cria_pasta> on 2022-08-01 00:00:00+00:00
[2023-07-08 01:05:05,662] {standard_task_runner.py:52} INFO - Started process 37495 to run task
[2023-07-08 01:05:05,666] {standard_task_runner.py:79} INFO - Running: ['airflow', 'tasks', 'run', 'dados_climaticos', 'cria_pasta', 'scheduled__2022-08-01T00:00:00+00:00', '--job-id', '19', '--raw', '--subdir', 'DAGS_FOLDER/dados_climaticos.py', '--cfg-path', '/tmp/tmpc7cgngal', '--error-file', '/tmp/tmpeslz9911']
[2023-07-08 01:05:05,667] {standard_task_runner.py:80} INFO - Job 19: Subtask cria_pasta
[2023-07-08 01:05:05,706] {task_command.py:370} INFO - Running <TaskInstance: dados_climaticos.cria_pasta scheduled__2022-08-01T00:00:00+00:00 [running]> on host lucas-Estudos
[2023-07-08 01:05:05,768] {taskinstance.py:1569} INFO - Exporting the following env vars:
AIRFLOW_CTX_DAG_OWNER=airflow
AIRFLOW_CTX_DAG_ID=dados_climaticos
AIRFLOW_CTX_TASK_ID=cria_pasta
AIRFLOW_CTX_EXECUTION_DATE=2022-08-01T00:00:00+00:00
AIRFLOW_CTX_TRY_NUMBER=1
AIRFLOW_CTX_DAG_RUN_ID=scheduled__2022-08-01T00:00:00+00:00
[2023-07-08 01:05:05,769] {subprocess.py:62} INFO - Tmp dir root location: 
 /tmp
[2023-07-08 01:05:05,769] {subprocess.py:74} INFO - Running command: ['bash', '-c', 'mkdir -p "/home/lucas/Área de Trabalho/apresentação/DadosExtraidos/semana=2022-08-08"']
[2023-07-08 01:05:05,778] {subprocess.py:85} INFO - Output:
[2023-07-08 01:05:05,781] {subprocess.py:96} INFO - Command exited with return code 0
[2023-07-08 01:05:05,803] {taskinstance.py:1395} INFO - Marking task as SUCCESS. dag_id=dados_climaticos, task_id=cria_pasta, execution_date=20220801T000000, start_date=20230708T040505, end_date=20230708T040505
[2023-07-08 01:05:05,836] {local_task_job.py:156} INFO - Task exited with return code 0
[2023-07-08 01:05:05,865] {local_task_job.py:273} INFO - 1 downstream tasks scheduled from follow-on schedule check
