[2023-07-17 16:23:35,846] {taskinstance.py:1159} INFO - Dependencies all met for <TaskInstance: get_stocks_dag.GOOG scheduled__2023-06-28T00:00:00+00:00 [queued]>
[2023-07-17 16:23:35,862] {taskinstance.py:1159} INFO - Dependencies all met for <TaskInstance: get_stocks_dag.GOOG scheduled__2023-06-28T00:00:00+00:00 [queued]>
[2023-07-17 16:23:35,862] {taskinstance.py:1356} INFO - 
--------------------------------------------------------------------------------
[2023-07-17 16:23:35,863] {taskinstance.py:1357} INFO - Starting attempt 1 of 1
[2023-07-17 16:23:35,863] {taskinstance.py:1358} INFO - 
--------------------------------------------------------------------------------
[2023-07-17 16:23:35,892] {taskinstance.py:1377} INFO - Executing <Task(_PythonDecoratedOperator): GOOG> on 2023-06-28 00:00:00+00:00
[2023-07-17 16:23:35,912] {standard_task_runner.py:52} INFO - Started process 11503 to run task
[2023-07-17 16:23:35,920] {standard_task_runner.py:79} INFO - Running: ['airflow', 'tasks', 'run', 'get_stocks_dag', 'GOOG', 'scheduled__2023-06-28T00:00:00+00:00', '--job-id', '220', '--raw', '--subdir', 'DAGS_FOLDER/get_stocks.py', '--cfg-path', '/tmp/tmpj47j96ku', '--error-file', '/tmp/tmp649wxzmf']
[2023-07-17 16:23:35,921] {standard_task_runner.py:80} INFO - Job 220: Subtask GOOG
[2023-07-17 16:23:36,033] {task_command.py:370} INFO - Running <TaskInstance: get_stocks_dag.GOOG scheduled__2023-06-28T00:00:00+00:00 [running]> on host lucas-Estudos
[2023-07-17 16:23:36,168] {taskinstance.py:1569} INFO - Exporting the following env vars:
AIRFLOW_CTX_DAG_OWNER=airflow
AIRFLOW_CTX_DAG_ID=get_stocks_dag
AIRFLOW_CTX_TASK_ID=GOOG
AIRFLOW_CTX_EXECUTION_DATE=2023-06-28T00:00:00+00:00
AIRFLOW_CTX_TRY_NUMBER=1
AIRFLOW_CTX_DAG_RUN_ID=scheduled__2023-06-28T00:00:00+00:00
[2023-07-17 16:23:36,686] {python.py:173} INFO - Done. Returned value was: None
[2023-07-17 16:23:36,754] {taskinstance.py:1395} INFO - Marking task as SUCCESS. dag_id=get_stocks_dag, task_id=GOOG, execution_date=20230628T000000, start_date=20230717T192335, end_date=20230717T192336
[2023-07-17 16:23:36,804] {local_task_job.py:156} INFO - Task exited with return code 0
[2023-07-17 16:23:36,860] {local_task_job.py:273} INFO - 0 downstream tasks scheduled from follow-on schedule check
[2023-07-17 16:54:56,462] {taskinstance.py:1159} INFO - Dependencies all met for <TaskInstance: get_stocks_dag.GOOG scheduled__2023-06-28T00:00:00+00:00 [queued]>
[2023-07-17 16:54:56,472] {taskinstance.py:1159} INFO - Dependencies all met for <TaskInstance: get_stocks_dag.GOOG scheduled__2023-06-28T00:00:00+00:00 [queued]>
[2023-07-17 16:54:56,472] {taskinstance.py:1356} INFO - 
--------------------------------------------------------------------------------
[2023-07-17 16:54:56,472] {taskinstance.py:1357} INFO - Starting attempt 1 of 1
[2023-07-17 16:54:56,472] {taskinstance.py:1358} INFO - 
--------------------------------------------------------------------------------
[2023-07-17 16:54:56,487] {taskinstance.py:1377} INFO - Executing <Task(_PythonDecoratedOperator): GOOG> on 2023-06-28 00:00:00+00:00
[2023-07-17 16:54:56,493] {standard_task_runner.py:52} INFO - Started process 24404 to run task
[2023-07-17 16:54:56,498] {standard_task_runner.py:79} INFO - Running: ['airflow', 'tasks', 'run', 'get_stocks_dag', 'GOOG', 'scheduled__2023-06-28T00:00:00+00:00', '--job-id', '434', '--raw', '--subdir', 'DAGS_FOLDER/get_stocks.py', '--cfg-path', '/tmp/tmpdnjrocf1', '--error-file', '/tmp/tmpro4zi06s']
[2023-07-17 16:54:56,499] {standard_task_runner.py:80} INFO - Job 434: Subtask GOOG
[2023-07-17 16:54:56,593] {task_command.py:370} INFO - Running <TaskInstance: get_stocks_dag.GOOG scheduled__2023-06-28T00:00:00+00:00 [running]> on host lucas-Estudos
[2023-07-17 16:54:56,709] {taskinstance.py:1569} INFO - Exporting the following env vars:
AIRFLOW_CTX_DAG_OWNER=airflow
AIRFLOW_CTX_DAG_ID=get_stocks_dag
AIRFLOW_CTX_TASK_ID=GOOG
AIRFLOW_CTX_EXECUTION_DATE=2023-06-28T00:00:00+00:00
AIRFLOW_CTX_TRY_NUMBER=1
AIRFLOW_CTX_DAG_RUN_ID=scheduled__2023-06-28T00:00:00+00:00
[2023-07-17 16:54:57,173] {python.py:173} INFO - Done. Returned value was: None
[2023-07-17 16:54:57,223] {taskinstance.py:1395} INFO - Marking task as SUCCESS. dag_id=get_stocks_dag, task_id=GOOG, execution_date=20230628T000000, start_date=20230717T195456, end_date=20230717T195457
[2023-07-17 16:54:57,275] {local_task_job.py:156} INFO - Task exited with return code 0
[2023-07-17 16:54:57,404] {local_task_job.py:273} INFO - 0 downstream tasks scheduled from follow-on schedule check
[2023-07-17 21:07:10,642] {taskinstance.py:1159} INFO - Dependencies all met for <TaskInstance: get_stocks_dag.GOOG scheduled__2023-06-28T00:00:00+00:00 [queued]>
[2023-07-17 21:07:10,653] {taskinstance.py:1159} INFO - Dependencies all met for <TaskInstance: get_stocks_dag.GOOG scheduled__2023-06-28T00:00:00+00:00 [queued]>
[2023-07-17 21:07:10,653] {taskinstance.py:1356} INFO - 
--------------------------------------------------------------------------------
[2023-07-17 21:07:10,653] {taskinstance.py:1357} INFO - Starting attempt 1 of 1
[2023-07-17 21:07:10,653] {taskinstance.py:1358} INFO - 
--------------------------------------------------------------------------------
[2023-07-17 21:07:10,669] {taskinstance.py:1377} INFO - Executing <Task(_PythonDecoratedOperator): GOOG> on 2023-06-28 00:00:00+00:00
[2023-07-17 21:07:10,677] {standard_task_runner.py:52} INFO - Started process 33392 to run task
[2023-07-17 21:07:10,685] {standard_task_runner.py:79} INFO - Running: ['airflow', 'tasks', 'run', 'get_stocks_dag', 'GOOG', 'scheduled__2023-06-28T00:00:00+00:00', '--job-id', '654', '--raw', '--subdir', 'DAGS_FOLDER/get_stocks.py', '--cfg-path', '/tmp/tmpwmw7o8e7', '--error-file', '/tmp/tmpbxskud72']
[2023-07-17 21:07:10,688] {standard_task_runner.py:80} INFO - Job 654: Subtask GOOG
[2023-07-17 21:07:10,934] {task_command.py:370} INFO - Running <TaskInstance: get_stocks_dag.GOOG scheduled__2023-06-28T00:00:00+00:00 [running]> on host lucas-Estudos
[2023-07-17 21:07:11,168] {taskinstance.py:1569} INFO - Exporting the following env vars:
AIRFLOW_CTX_DAG_OWNER=airflow
AIRFLOW_CTX_DAG_ID=get_stocks_dag
AIRFLOW_CTX_TASK_ID=GOOG
AIRFLOW_CTX_EXECUTION_DATE=2023-06-28T00:00:00+00:00
AIRFLOW_CTX_TRY_NUMBER=1
AIRFLOW_CTX_DAG_RUN_ID=scheduled__2023-06-28T00:00:00+00:00
[2023-07-17 21:07:14,896] {python.py:173} INFO - Done. Returned value was: None
[2023-07-17 21:07:14,948] {taskinstance.py:1395} INFO - Marking task as SUCCESS. dag_id=get_stocks_dag, task_id=GOOG, execution_date=20230628T000000, start_date=20230718T000710, end_date=20230718T000714
[2023-07-17 21:07:14,991] {local_task_job.py:156} INFO - Task exited with return code 0
[2023-07-17 21:07:15,112] {local_task_job.py:273} INFO - 0 downstream tasks scheduled from follow-on schedule check
[2023-07-17 22:15:21,497] {taskinstance.py:1159} INFO - Dependencies all met for <TaskInstance: get_stocks_dag.GOOG scheduled__2023-06-28T00:00:00+00:00 [queued]>
[2023-07-17 22:15:21,532] {taskinstance.py:1159} INFO - Dependencies all met for <TaskInstance: get_stocks_dag.GOOG scheduled__2023-06-28T00:00:00+00:00 [queued]>
[2023-07-17 22:15:21,533] {taskinstance.py:1356} INFO - 
--------------------------------------------------------------------------------
[2023-07-17 22:15:21,533] {taskinstance.py:1357} INFO - Starting attempt 1 of 1
[2023-07-17 22:15:21,533] {taskinstance.py:1358} INFO - 
--------------------------------------------------------------------------------
[2023-07-17 22:15:21,558] {taskinstance.py:1377} INFO - Executing <Task(_PythonDecoratedOperator): GOOG> on 2023-06-28 00:00:00+00:00
[2023-07-17 22:15:21,567] {standard_task_runner.py:52} INFO - Started process 89109 to run task
[2023-07-17 22:15:21,570] {standard_task_runner.py:79} INFO - Running: ['airflow', 'tasks', 'run', 'get_stocks_dag', 'GOOG', 'scheduled__2023-06-28T00:00:00+00:00', '--job-id', '1051', '--raw', '--subdir', 'DAGS_FOLDER/get_stocks.py', '--cfg-path', '/tmp/tmpjzw8g9wt', '--error-file', '/tmp/tmp7mlrckac']
[2023-07-17 22:15:21,572] {standard_task_runner.py:80} INFO - Job 1051: Subtask GOOG
[2023-07-17 22:15:21,656] {task_command.py:370} INFO - Running <TaskInstance: get_stocks_dag.GOOG scheduled__2023-06-28T00:00:00+00:00 [running]> on host lucas-Estudos
[2023-07-17 22:15:21,941] {taskinstance.py:1569} INFO - Exporting the following env vars:
AIRFLOW_CTX_DAG_OWNER=airflow
AIRFLOW_CTX_DAG_ID=get_stocks_dag
AIRFLOW_CTX_TASK_ID=GOOG
AIRFLOW_CTX_EXECUTION_DATE=2023-06-28T00:00:00+00:00
AIRFLOW_CTX_TRY_NUMBER=1
AIRFLOW_CTX_DAG_RUN_ID=scheduled__2023-06-28T00:00:00+00:00
[2023-07-17 22:15:24,586] {python.py:173} INFO - Done. Returned value was: None
[2023-07-17 22:15:24,653] {taskinstance.py:1395} INFO - Marking task as SUCCESS. dag_id=get_stocks_dag, task_id=GOOG, execution_date=20230628T000000, start_date=20230718T011521, end_date=20230718T011524
[2023-07-17 22:15:24,715] {local_task_job.py:156} INFO - Task exited with return code 0
[2023-07-17 22:15:24,842] {local_task_job.py:273} INFO - 0 downstream tasks scheduled from follow-on schedule check
[2023-07-18 11:05:07,506] {taskinstance.py:1159} INFO - Dependencies all met for <TaskInstance: get_stocks_dag.GOOG scheduled__2023-06-28T00:00:00+00:00 [queued]>
[2023-07-18 11:05:07,533] {taskinstance.py:1159} INFO - Dependencies all met for <TaskInstance: get_stocks_dag.GOOG scheduled__2023-06-28T00:00:00+00:00 [queued]>
[2023-07-18 11:05:07,534] {taskinstance.py:1356} INFO - 
--------------------------------------------------------------------------------
[2023-07-18 11:05:07,534] {taskinstance.py:1357} INFO - Starting attempt 1 of 1
[2023-07-18 11:05:07,534] {taskinstance.py:1358} INFO - 
--------------------------------------------------------------------------------
[2023-07-18 11:05:07,569] {taskinstance.py:1377} INFO - Executing <Task(_PythonDecoratedOperator): GOOG> on 2023-06-28 00:00:00+00:00
[2023-07-18 11:05:07,580] {standard_task_runner.py:52} INFO - Started process 26344 to run task
[2023-07-18 11:05:07,586] {standard_task_runner.py:79} INFO - Running: ['airflow', 'tasks', 'run', 'get_stocks_dag', 'GOOG', 'scheduled__2023-06-28T00:00:00+00:00', '--job-id', '1551', '--raw', '--subdir', 'DAGS_FOLDER/get_stocks.py', '--cfg-path', '/tmp/tmpr6vr79wk', '--error-file', '/tmp/tmpe0301wpf']
[2023-07-18 11:05:07,589] {standard_task_runner.py:80} INFO - Job 1551: Subtask GOOG
[2023-07-18 11:05:07,791] {task_command.py:370} INFO - Running <TaskInstance: get_stocks_dag.GOOG scheduled__2023-06-28T00:00:00+00:00 [running]> on host lucas-Estudos
[2023-07-18 11:05:08,022] {taskinstance.py:1569} INFO - Exporting the following env vars:
AIRFLOW_CTX_DAG_OWNER=airflow
AIRFLOW_CTX_DAG_ID=get_stocks_dag
AIRFLOW_CTX_TASK_ID=GOOG
AIRFLOW_CTX_EXECUTION_DATE=2023-06-28T00:00:00+00:00
AIRFLOW_CTX_TRY_NUMBER=1
AIRFLOW_CTX_DAG_RUN_ID=scheduled__2023-06-28T00:00:00+00:00
[2023-07-18 11:05:09,033] {python.py:173} INFO - Done. Returned value was: None
[2023-07-18 11:05:09,079] {taskinstance.py:1395} INFO - Marking task as SUCCESS. dag_id=get_stocks_dag, task_id=GOOG, execution_date=20230628T000000, start_date=20230718T140507, end_date=20230718T140509
[2023-07-18 11:05:09,125] {local_task_job.py:156} INFO - Task exited with return code 0
[2023-07-18 11:05:09,256] {local_task_job.py:273} INFO - 0 downstream tasks scheduled from follow-on schedule check
