[2023-07-17 16:16:27,480] {taskinstance.py:1159} INFO - Dependencies all met for <TaskInstance: get_stocks_dag.GOOG scheduled__2023-05-04T00:00:00+00:00 [queued]>
[2023-07-17 16:16:27,505] {taskinstance.py:1159} INFO - Dependencies all met for <TaskInstance: get_stocks_dag.GOOG scheduled__2023-05-04T00:00:00+00:00 [queued]>
[2023-07-17 16:16:27,505] {taskinstance.py:1356} INFO - 
--------------------------------------------------------------------------------
[2023-07-17 16:16:27,505] {taskinstance.py:1357} INFO - Starting attempt 1 of 1
[2023-07-17 16:16:27,505] {taskinstance.py:1358} INFO - 
--------------------------------------------------------------------------------
[2023-07-17 16:16:27,575] {taskinstance.py:1377} INFO - Executing <Task(_PythonDecoratedOperator): GOOG> on 2023-05-04 00:00:00+00:00
[2023-07-17 16:16:27,641] {standard_task_runner.py:79} INFO - Running: ['airflow', 'tasks', 'run', 'get_stocks_dag', 'GOOG', 'scheduled__2023-05-04T00:00:00+00:00', '--job-id', '25', '--raw', '--subdir', 'DAGS_FOLDER/get_stocks.py', '--cfg-path', '/tmp/tmp7lsuolnt', '--error-file', '/tmp/tmpa1ywy37g']
[2023-07-17 16:16:27,645] {standard_task_runner.py:80} INFO - Job 25: Subtask GOOG
[2023-07-17 16:16:27,603] {standard_task_runner.py:52} INFO - Started process 32627 to run task
[2023-07-17 16:54:06,391] {taskinstance.py:1159} INFO - Dependencies all met for <TaskInstance: get_stocks_dag.GOOG scheduled__2023-05-04T00:00:00+00:00 [queued]>
[2023-07-17 16:54:06,452] {taskinstance.py:1159} INFO - Dependencies all met for <TaskInstance: get_stocks_dag.GOOG scheduled__2023-05-04T00:00:00+00:00 [queued]>
[2023-07-17 16:54:06,453] {taskinstance.py:1356} INFO - 
--------------------------------------------------------------------------------
[2023-07-17 16:54:06,453] {taskinstance.py:1357} INFO - Starting attempt 1 of 1
[2023-07-17 16:54:06,453] {taskinstance.py:1358} INFO - 
--------------------------------------------------------------------------------
[2023-07-17 16:54:06,512] {taskinstance.py:1377} INFO - Executing <Task(_PythonDecoratedOperator): GOOG> on 2023-05-04 00:00:00+00:00
[2023-07-17 16:54:06,519] {standard_task_runner.py:52} INFO - Started process 19862 to run task
[2023-07-17 16:54:06,542] {standard_task_runner.py:79} INFO - Running: ['airflow', 'tasks', 'run', 'get_stocks_dag', 'GOOG', 'scheduled__2023-05-04T00:00:00+00:00', '--job-id', '284', '--raw', '--subdir', 'DAGS_FOLDER/get_stocks.py', '--cfg-path', '/tmp/tmp765j98sr', '--error-file', '/tmp/tmp42y45m9t']
[2023-07-17 16:54:06,543] {standard_task_runner.py:80} INFO - Job 284: Subtask GOOG
[2023-07-17 16:54:06,767] {task_command.py:370} INFO - Running <TaskInstance: get_stocks_dag.GOOG scheduled__2023-05-04T00:00:00+00:00 [running]> on host lucas-Estudos
[2023-07-17 16:54:07,051] {taskinstance.py:1569} INFO - Exporting the following env vars:
AIRFLOW_CTX_DAG_OWNER=airflow
AIRFLOW_CTX_DAG_ID=get_stocks_dag
AIRFLOW_CTX_TASK_ID=GOOG
AIRFLOW_CTX_EXECUTION_DATE=2023-05-04T00:00:00+00:00
AIRFLOW_CTX_TRY_NUMBER=1
AIRFLOW_CTX_DAG_RUN_ID=scheduled__2023-05-04T00:00:00+00:00
[2023-07-17 16:54:07,727] {python.py:173} INFO - Done. Returned value was: None
[2023-07-17 16:54:07,934] {taskinstance.py:1395} INFO - Marking task as SUCCESS. dag_id=get_stocks_dag, task_id=GOOG, execution_date=20230504T000000, start_date=20230717T195406, end_date=20230717T195407
[2023-07-17 16:54:08,017] {local_task_job.py:156} INFO - Task exited with return code 0
[2023-07-17 16:54:08,139] {local_task_job.py:273} INFO - 0 downstream tasks scheduled from follow-on schedule check
[2023-07-17 20:56:31,182] {taskinstance.py:1159} INFO - Dependencies all met for <TaskInstance: get_stocks_dag.GOOG scheduled__2023-05-04T00:00:00+00:00 [queued]>
[2023-07-17 20:56:31,191] {taskinstance.py:1159} INFO - Dependencies all met for <TaskInstance: get_stocks_dag.GOOG scheduled__2023-05-04T00:00:00+00:00 [queued]>
[2023-07-17 20:56:31,191] {taskinstance.py:1356} INFO - 
--------------------------------------------------------------------------------
[2023-07-17 20:56:31,191] {taskinstance.py:1357} INFO - Starting attempt 1 of 1
[2023-07-17 20:56:31,191] {taskinstance.py:1358} INFO - 
--------------------------------------------------------------------------------
[2023-07-17 20:56:31,203] {taskinstance.py:1377} INFO - Executing <Task(_PythonDecoratedOperator): GOOG> on 2023-05-04 00:00:00+00:00
[2023-07-17 20:56:31,208] {standard_task_runner.py:52} INFO - Started process 14258 to run task
[2023-07-17 20:56:31,211] {standard_task_runner.py:79} INFO - Running: ['airflow', 'tasks', 'run', 'get_stocks_dag', 'GOOG', 'scheduled__2023-05-04T00:00:00+00:00', '--job-id', '499', '--raw', '--subdir', 'DAGS_FOLDER/get_stocks.py', '--cfg-path', '/tmp/tmpazaxi1uj', '--error-file', '/tmp/tmpduyiyb2_']
[2023-07-17 20:56:31,212] {standard_task_runner.py:80} INFO - Job 499: Subtask GOOG
[2023-07-17 20:56:31,342] {task_command.py:370} INFO - Running <TaskInstance: get_stocks_dag.GOOG scheduled__2023-05-04T00:00:00+00:00 [running]> on host lucas-Estudos
[2023-07-17 20:56:31,596] {taskinstance.py:1569} INFO - Exporting the following env vars:
AIRFLOW_CTX_DAG_OWNER=airflow
AIRFLOW_CTX_DAG_ID=get_stocks_dag
AIRFLOW_CTX_TASK_ID=GOOG
AIRFLOW_CTX_EXECUTION_DATE=2023-05-04T00:00:00+00:00
AIRFLOW_CTX_TRY_NUMBER=1
AIRFLOW_CTX_DAG_RUN_ID=scheduled__2023-05-04T00:00:00+00:00
[2023-07-17 20:56:35,385] {python.py:173} INFO - Done. Returned value was: None
[2023-07-17 20:56:35,443] {taskinstance.py:1395} INFO - Marking task as SUCCESS. dag_id=get_stocks_dag, task_id=GOOG, execution_date=20230504T000000, start_date=20230717T235631, end_date=20230717T235635
[2023-07-17 20:56:35,519] {local_task_job.py:156} INFO - Task exited with return code 0
[2023-07-17 20:56:35,849] {local_task_job.py:273} INFO - 0 downstream tasks scheduled from follow-on schedule check
[2023-07-17 21:53:47,495] {taskinstance.py:1159} INFO - Dependencies all met for <TaskInstance: get_stocks_dag.GOOG scheduled__2023-05-04T00:00:00+00:00 [queued]>
[2023-07-17 21:53:47,534] {taskinstance.py:1159} INFO - Dependencies all met for <TaskInstance: get_stocks_dag.GOOG scheduled__2023-05-04T00:00:00+00:00 [queued]>
[2023-07-17 21:53:47,535] {taskinstance.py:1356} INFO - 
--------------------------------------------------------------------------------
[2023-07-17 21:53:47,535] {taskinstance.py:1357} INFO - Starting attempt 1 of 1
[2023-07-17 21:53:47,535] {taskinstance.py:1358} INFO - 
--------------------------------------------------------------------------------
[2023-07-17 21:53:47,572] {taskinstance.py:1377} INFO - Executing <Task(_PythonDecoratedOperator): GOOG> on 2023-05-04 00:00:00+00:00
[2023-07-17 21:53:47,584] {standard_task_runner.py:52} INFO - Started process 45384 to run task
[2023-07-17 21:53:47,591] {standard_task_runner.py:79} INFO - Running: ['airflow', 'tasks', 'run', 'get_stocks_dag', 'GOOG', 'scheduled__2023-05-04T00:00:00+00:00', '--job-id', '732', '--raw', '--subdir', 'DAGS_FOLDER/get_stocks.py', '--cfg-path', '/tmp/tmps71o0i5k', '--error-file', '/tmp/tmpztwkq8cv']
[2023-07-17 21:53:47,592] {standard_task_runner.py:80} INFO - Job 732: Subtask GOOG
[2023-07-17 21:53:47,699] {task_command.py:370} INFO - Running <TaskInstance: get_stocks_dag.GOOG scheduled__2023-05-04T00:00:00+00:00 [running]> on host lucas-Estudos
[2023-07-17 21:53:47,789] {taskinstance.py:1569} INFO - Exporting the following env vars:
AIRFLOW_CTX_DAG_OWNER=airflow
AIRFLOW_CTX_DAG_ID=get_stocks_dag
AIRFLOW_CTX_TASK_ID=GOOG
AIRFLOW_CTX_EXECUTION_DATE=2023-05-04T00:00:00+00:00
AIRFLOW_CTX_TRY_NUMBER=1
AIRFLOW_CTX_DAG_RUN_ID=scheduled__2023-05-04T00:00:00+00:00
[2023-07-17 21:53:52,513] {python.py:173} INFO - Done. Returned value was: None
[2023-07-17 21:53:52,566] {taskinstance.py:1395} INFO - Marking task as SUCCESS. dag_id=get_stocks_dag, task_id=GOOG, execution_date=20230504T000000, start_date=20230718T005347, end_date=20230718T005352
[2023-07-17 21:53:52,626] {local_task_job.py:156} INFO - Task exited with return code 0
[2023-07-17 21:53:52,755] {local_task_job.py:273} INFO - 0 downstream tasks scheduled from follow-on schedule check
[2023-07-18 10:24:06,712] {taskinstance.py:1159} INFO - Dependencies all met for <TaskInstance: get_stocks_dag.GOOG scheduled__2023-05-04T00:00:00+00:00 [queued]>
[2023-07-18 10:24:06,735] {taskinstance.py:1159} INFO - Dependencies all met for <TaskInstance: get_stocks_dag.GOOG scheduled__2023-05-04T00:00:00+00:00 [queued]>
[2023-07-18 10:24:06,736] {taskinstance.py:1356} INFO - 
--------------------------------------------------------------------------------
[2023-07-18 10:24:06,736] {taskinstance.py:1357} INFO - Starting attempt 1 of 1
[2023-07-18 10:24:06,736] {taskinstance.py:1358} INFO - 
--------------------------------------------------------------------------------
[2023-07-18 10:24:06,763] {taskinstance.py:1377} INFO - Executing <Task(_PythonDecoratedOperator): GOOG> on 2023-05-04 00:00:00+00:00
[2023-07-18 10:24:06,772] {standard_task_runner.py:52} INFO - Started process 10672 to run task
[2023-07-18 10:24:06,779] {standard_task_runner.py:79} INFO - Running: ['airflow', 'tasks', 'run', 'get_stocks_dag', 'GOOG', 'scheduled__2023-05-04T00:00:00+00:00', '--job-id', '1178', '--raw', '--subdir', 'DAGS_FOLDER/get_stocks.py', '--cfg-path', '/tmp/tmpnv6tgldc', '--error-file', '/tmp/tmpf7eza4cr']
[2023-07-18 10:24:06,781] {standard_task_runner.py:80} INFO - Job 1178: Subtask GOOG
[2023-07-18 10:24:06,968] {task_command.py:370} INFO - Running <TaskInstance: get_stocks_dag.GOOG scheduled__2023-05-04T00:00:00+00:00 [running]> on host lucas-Estudos
[2023-07-18 10:24:07,177] {taskinstance.py:1569} INFO - Exporting the following env vars:
AIRFLOW_CTX_DAG_OWNER=airflow
AIRFLOW_CTX_DAG_ID=get_stocks_dag
AIRFLOW_CTX_TASK_ID=GOOG
AIRFLOW_CTX_EXECUTION_DATE=2023-05-04T00:00:00+00:00
AIRFLOW_CTX_TRY_NUMBER=1
AIRFLOW_CTX_DAG_RUN_ID=scheduled__2023-05-04T00:00:00+00:00
[2023-07-18 10:24:07,791] {python.py:173} INFO - Done. Returned value was: None
[2023-07-18 10:24:07,838] {taskinstance.py:1395} INFO - Marking task as SUCCESS. dag_id=get_stocks_dag, task_id=GOOG, execution_date=20230504T000000, start_date=20230718T132406, end_date=20230718T132407
[2023-07-18 10:24:07,914] {local_task_job.py:156} INFO - Task exited with return code 0
[2023-07-18 10:24:08,022] {local_task_job.py:273} INFO - 0 downstream tasks scheduled from follow-on schedule check
