[2023-07-17 22:20:54,493] {taskinstance.py:1159} INFO - Dependencies all met for <TaskInstance: get_crypto_dag.DOGE scheduled__2023-06-23T00:00:00+00:00 [queued]>
[2023-07-17 22:20:54,528] {taskinstance.py:1159} INFO - Dependencies all met for <TaskInstance: get_crypto_dag.DOGE scheduled__2023-06-23T00:00:00+00:00 [queued]>
[2023-07-17 22:20:54,528] {taskinstance.py:1356} INFO - 
--------------------------------------------------------------------------------
[2023-07-17 22:20:54,529] {taskinstance.py:1357} INFO - Starting attempt 1 of 1
[2023-07-17 22:20:54,529] {taskinstance.py:1358} INFO - 
--------------------------------------------------------------------------------
[2023-07-17 22:20:54,551] {taskinstance.py:1377} INFO - Executing <Task(_PythonDecoratedOperator): DOGE> on 2023-06-23 00:00:00+00:00
[2023-07-17 22:20:54,561] {standard_task_runner.py:52} INFO - Started process 100376 to run task
[2023-07-17 22:20:54,567] {standard_task_runner.py:79} INFO - Running: ['airflow', 'tasks', 'run', 'get_crypto_dag', 'DOGE', 'scheduled__2023-06-23T00:00:00+00:00', '--job-id', '1133', '--raw', '--subdir', 'DAGS_FOLDER/get_crypto.py', '--cfg-path', '/tmp/tmp6p13ja8e', '--error-file', '/tmp/tmp56eqmyoe']
[2023-07-17 22:20:54,568] {standard_task_runner.py:80} INFO - Job 1133: Subtask DOGE
[2023-07-17 22:20:54,679] {task_command.py:370} INFO - Running <TaskInstance: get_crypto_dag.DOGE scheduled__2023-06-23T00:00:00+00:00 [running]> on host lucas-Estudos
[2023-07-17 22:20:54,817] {taskinstance.py:1569} INFO - Exporting the following env vars:
AIRFLOW_CTX_DAG_OWNER=airflow
AIRFLOW_CTX_DAG_ID=get_crypto_dag
AIRFLOW_CTX_TASK_ID=DOGE
AIRFLOW_CTX_EXECUTION_DATE=2023-06-23T00:00:00+00:00
AIRFLOW_CTX_TRY_NUMBER=1
AIRFLOW_CTX_DAG_RUN_ID=scheduled__2023-06-23T00:00:00+00:00
[2023-07-17 22:20:58,406] {base.py:162} ERROR - DOGE: No timezone found, symbol may be delisted
[2023-07-17 22:20:58,417] {python.py:173} INFO - Done. Returned value was: None
[2023-07-17 22:20:58,486] {taskinstance.py:1395} INFO - Marking task as SUCCESS. dag_id=get_crypto_dag, task_id=DOGE, execution_date=20230623T000000, start_date=20230718T012054, end_date=20230718T012058
[2023-07-17 22:20:58,556] {local_task_job.py:156} INFO - Task exited with return code 0
[2023-07-17 22:20:58,688] {local_task_job.py:273} INFO - 0 downstream tasks scheduled from follow-on schedule check
[2023-07-18 11:01:41,823] {taskinstance.py:1159} INFO - Dependencies all met for <TaskInstance: get_crypto_dag.DOGE scheduled__2023-06-23T00:00:00+00:00 [queued]>
[2023-07-18 11:01:41,848] {taskinstance.py:1159} INFO - Dependencies all met for <TaskInstance: get_crypto_dag.DOGE scheduled__2023-06-23T00:00:00+00:00 [queued]>
[2023-07-18 11:01:41,849] {taskinstance.py:1356} INFO - 
--------------------------------------------------------------------------------
[2023-07-18 11:01:41,849] {taskinstance.py:1357} INFO - Starting attempt 1 of 1
[2023-07-18 11:01:41,849] {taskinstance.py:1358} INFO - 
--------------------------------------------------------------------------------
[2023-07-18 11:01:41,882] {taskinstance.py:1377} INFO - Executing <Task(_PythonDecoratedOperator): DOGE> on 2023-06-23 00:00:00+00:00
[2023-07-18 11:01:41,898] {standard_task_runner.py:52} INFO - Started process 25367 to run task
[2023-07-18 11:01:41,907] {standard_task_runner.py:79} INFO - Running: ['airflow', 'tasks', 'run', 'get_crypto_dag', 'DOGE', 'scheduled__2023-06-23T00:00:00+00:00', '--job-id', '1522', '--raw', '--subdir', 'DAGS_FOLDER/get_crypto.py', '--cfg-path', '/tmp/tmprkhi6a5d', '--error-file', '/tmp/tmp346zn2qr']
[2023-07-18 11:01:41,909] {standard_task_runner.py:80} INFO - Job 1522: Subtask DOGE
[2023-07-18 11:01:42,135] {task_command.py:370} INFO - Running <TaskInstance: get_crypto_dag.DOGE scheduled__2023-06-23T00:00:00+00:00 [running]> on host lucas-Estudos
[2023-07-18 11:01:42,398] {taskinstance.py:1569} INFO - Exporting the following env vars:
AIRFLOW_CTX_DAG_OWNER=airflow
AIRFLOW_CTX_DAG_ID=get_crypto_dag
AIRFLOW_CTX_TASK_ID=DOGE
AIRFLOW_CTX_EXECUTION_DATE=2023-06-23T00:00:00+00:00
AIRFLOW_CTX_TRY_NUMBER=1
AIRFLOW_CTX_DAG_RUN_ID=scheduled__2023-06-23T00:00:00+00:00
[2023-07-18 11:01:44,899] {base.py:162} ERROR - DOGE: No timezone found, symbol may be delisted
[2023-07-18 11:01:44,909] {python.py:173} INFO - Done. Returned value was: None
[2023-07-18 11:01:44,958] {taskinstance.py:1395} INFO - Marking task as SUCCESS. dag_id=get_crypto_dag, task_id=DOGE, execution_date=20230623T000000, start_date=20230718T140141, end_date=20230718T140144
[2023-07-18 11:01:45,010] {local_task_job.py:156} INFO - Task exited with return code 0
[2023-07-18 11:01:45,127] {local_task_job.py:273} INFO - 0 downstream tasks scheduled from follow-on schedule check
