[2023-07-17 16:23:42,013] {taskinstance.py:1159} INFO - Dependencies all met for <TaskInstance: get_stocks_dag.AAPL scheduled__2023-07-05T00:00:00+00:00 [queued]>
[2023-07-17 16:23:42,032] {taskinstance.py:1159} INFO - Dependencies all met for <TaskInstance: get_stocks_dag.AAPL scheduled__2023-07-05T00:00:00+00:00 [queued]>
[2023-07-17 16:23:42,032] {taskinstance.py:1356} INFO - 
--------------------------------------------------------------------------------
[2023-07-17 16:23:42,032] {taskinstance.py:1357} INFO - Starting attempt 1 of 1
[2023-07-17 16:23:42,033] {taskinstance.py:1358} INFO - 
--------------------------------------------------------------------------------
[2023-07-17 16:23:42,083] {taskinstance.py:1377} INFO - Executing <Task(_PythonDecoratedOperator): AAPL> on 2023-07-05 00:00:00+00:00
[2023-07-17 16:23:42,101] {standard_task_runner.py:52} INFO - Started process 11982 to run task
[2023-07-17 16:23:42,117] {standard_task_runner.py:79} INFO - Running: ['airflow', 'tasks', 'run', 'get_stocks_dag', 'AAPL', 'scheduled__2023-07-05T00:00:00+00:00', '--job-id', '237', '--raw', '--subdir', 'DAGS_FOLDER/get_stocks.py', '--cfg-path', '/tmp/tmp_x3lod36', '--error-file', '/tmp/tmp6519x4ub']
[2023-07-17 16:23:42,118] {standard_task_runner.py:80} INFO - Job 237: Subtask AAPL
[2023-07-17 16:23:42,440] {task_command.py:370} INFO - Running <TaskInstance: get_stocks_dag.AAPL scheduled__2023-07-05T00:00:00+00:00 [running]> on host lucas-Estudos
[2023-07-17 16:23:42,845] {taskinstance.py:1569} INFO - Exporting the following env vars:
AIRFLOW_CTX_DAG_OWNER=airflow
AIRFLOW_CTX_DAG_ID=get_stocks_dag
AIRFLOW_CTX_TASK_ID=AAPL
AIRFLOW_CTX_EXECUTION_DATE=2023-07-05T00:00:00+00:00
AIRFLOW_CTX_TRY_NUMBER=1
AIRFLOW_CTX_DAG_RUN_ID=scheduled__2023-07-05T00:00:00+00:00
[2023-07-17 16:23:43,415] {base.py:297} ERROR - AAPL: No price data found, symbol may be delisted (1h 2023-07-04 -> 2023-07-05)
[2023-07-17 16:23:43,425] {python.py:173} INFO - Done. Returned value was: None
[2023-07-17 16:23:43,479] {taskinstance.py:1395} INFO - Marking task as SUCCESS. dag_id=get_stocks_dag, task_id=AAPL, execution_date=20230705T000000, start_date=20230717T192342, end_date=20230717T192343
[2023-07-17 16:23:43,525] {local_task_job.py:156} INFO - Task exited with return code 0
[2023-07-17 16:23:43,620] {local_task_job.py:273} INFO - 0 downstream tasks scheduled from follow-on schedule check
[2023-07-17 16:55:04,408] {taskinstance.py:1159} INFO - Dependencies all met for <TaskInstance: get_stocks_dag.AAPL scheduled__2023-07-05T00:00:00+00:00 [queued]>
[2023-07-17 16:55:04,442] {taskinstance.py:1159} INFO - Dependencies all met for <TaskInstance: get_stocks_dag.AAPL scheduled__2023-07-05T00:00:00+00:00 [queued]>
[2023-07-17 16:55:04,442] {taskinstance.py:1356} INFO - 
--------------------------------------------------------------------------------
[2023-07-17 16:55:04,442] {taskinstance.py:1357} INFO - Starting attempt 1 of 1
[2023-07-17 16:55:04,442] {taskinstance.py:1358} INFO - 
--------------------------------------------------------------------------------
[2023-07-17 16:55:04,469] {taskinstance.py:1377} INFO - Executing <Task(_PythonDecoratedOperator): AAPL> on 2023-07-05 00:00:00+00:00
[2023-07-17 16:55:04,476] {standard_task_runner.py:52} INFO - Started process 25032 to run task
[2023-07-17 16:55:04,487] {standard_task_runner.py:79} INFO - Running: ['airflow', 'tasks', 'run', 'get_stocks_dag', 'AAPL', 'scheduled__2023-07-05T00:00:00+00:00', '--job-id', '459', '--raw', '--subdir', 'DAGS_FOLDER/get_stocks.py', '--cfg-path', '/tmp/tmpm_4p08o4', '--error-file', '/tmp/tmpxp_s7w7b']
[2023-07-17 16:55:04,488] {standard_task_runner.py:80} INFO - Job 459: Subtask AAPL
[2023-07-17 16:55:04,822] {task_command.py:370} INFO - Running <TaskInstance: get_stocks_dag.AAPL scheduled__2023-07-05T00:00:00+00:00 [running]> on host lucas-Estudos
[2023-07-17 16:55:05,191] {taskinstance.py:1569} INFO - Exporting the following env vars:
AIRFLOW_CTX_DAG_OWNER=airflow
AIRFLOW_CTX_DAG_ID=get_stocks_dag
AIRFLOW_CTX_TASK_ID=AAPL
AIRFLOW_CTX_EXECUTION_DATE=2023-07-05T00:00:00+00:00
AIRFLOW_CTX_TRY_NUMBER=1
AIRFLOW_CTX_DAG_RUN_ID=scheduled__2023-07-05T00:00:00+00:00
[2023-07-17 16:55:05,899] {base.py:297} ERROR - AAPL: No price data found, symbol may be delisted (1h 2023-07-04 -> 2023-07-05)
[2023-07-17 16:55:05,907] {python.py:173} INFO - Done. Returned value was: None
[2023-07-17 16:55:05,944] {taskinstance.py:1395} INFO - Marking task as SUCCESS. dag_id=get_stocks_dag, task_id=AAPL, execution_date=20230705T000000, start_date=20230717T195504, end_date=20230717T195505
[2023-07-17 16:55:06,010] {local_task_job.py:156} INFO - Task exited with return code 0
[2023-07-17 16:55:06,066] {local_task_job.py:273} INFO - 0 downstream tasks scheduled from follow-on schedule check
[2023-07-17 21:08:20,313] {taskinstance.py:1159} INFO - Dependencies all met for <TaskInstance: get_stocks_dag.AAPL scheduled__2023-07-05T00:00:00+00:00 [queued]>
[2023-07-17 21:08:20,322] {taskinstance.py:1159} INFO - Dependencies all met for <TaskInstance: get_stocks_dag.AAPL scheduled__2023-07-05T00:00:00+00:00 [queued]>
[2023-07-17 21:08:20,322] {taskinstance.py:1356} INFO - 
--------------------------------------------------------------------------------
[2023-07-17 21:08:20,322] {taskinstance.py:1357} INFO - Starting attempt 1 of 1
[2023-07-17 21:08:20,322] {taskinstance.py:1358} INFO - 
--------------------------------------------------------------------------------
[2023-07-17 21:08:20,331] {taskinstance.py:1377} INFO - Executing <Task(_PythonDecoratedOperator): AAPL> on 2023-07-05 00:00:00+00:00
[2023-07-17 21:08:20,335] {standard_task_runner.py:52} INFO - Started process 35287 to run task
[2023-07-17 21:08:20,338] {standard_task_runner.py:79} INFO - Running: ['airflow', 'tasks', 'run', 'get_stocks_dag', 'AAPL', 'scheduled__2023-07-05T00:00:00+00:00', '--job-id', '672', '--raw', '--subdir', 'DAGS_FOLDER/get_stocks.py', '--cfg-path', '/tmp/tmpee5dfrpd', '--error-file', '/tmp/tmp6440sqgn']
[2023-07-17 21:08:20,339] {standard_task_runner.py:80} INFO - Job 672: Subtask AAPL
[2023-07-17 21:08:20,417] {task_command.py:370} INFO - Running <TaskInstance: get_stocks_dag.AAPL scheduled__2023-07-05T00:00:00+00:00 [running]> on host lucas-Estudos
[2023-07-17 21:08:20,666] {taskinstance.py:1569} INFO - Exporting the following env vars:
AIRFLOW_CTX_DAG_OWNER=airflow
AIRFLOW_CTX_DAG_ID=get_stocks_dag
AIRFLOW_CTX_TASK_ID=AAPL
AIRFLOW_CTX_EXECUTION_DATE=2023-07-05T00:00:00+00:00
AIRFLOW_CTX_TRY_NUMBER=1
AIRFLOW_CTX_DAG_RUN_ID=scheduled__2023-07-05T00:00:00+00:00
[2023-07-17 21:08:26,319] {base.py:297} ERROR - AAPL: No price data found, symbol may be delisted (1h 2023-07-04 -> 2023-07-05)
[2023-07-17 21:08:26,326] {python.py:173} INFO - Done. Returned value was: None
[2023-07-17 21:08:26,381] {taskinstance.py:1395} INFO - Marking task as SUCCESS. dag_id=get_stocks_dag, task_id=AAPL, execution_date=20230705T000000, start_date=20230718T000820, end_date=20230718T000826
[2023-07-17 21:08:26,435] {local_task_job.py:156} INFO - Task exited with return code 0
[2023-07-17 21:08:26,550] {local_task_job.py:273} INFO - 0 downstream tasks scheduled from follow-on schedule check
[2023-07-17 22:17:43,287] {taskinstance.py:1159} INFO - Dependencies all met for <TaskInstance: get_stocks_dag.AAPL scheduled__2023-07-05T00:00:00+00:00 [queued]>
[2023-07-17 22:17:43,303] {taskinstance.py:1159} INFO - Dependencies all met for <TaskInstance: get_stocks_dag.AAPL scheduled__2023-07-05T00:00:00+00:00 [queued]>
[2023-07-17 22:17:43,303] {taskinstance.py:1356} INFO - 
--------------------------------------------------------------------------------
[2023-07-17 22:17:43,303] {taskinstance.py:1357} INFO - Starting attempt 1 of 1
[2023-07-17 22:17:43,303] {taskinstance.py:1358} INFO - 
--------------------------------------------------------------------------------
[2023-07-17 22:17:43,318] {taskinstance.py:1377} INFO - Executing <Task(_PythonDecoratedOperator): AAPL> on 2023-07-05 00:00:00+00:00
[2023-07-17 22:17:43,323] {standard_task_runner.py:52} INFO - Started process 93920 to run task
[2023-07-17 22:17:43,326] {standard_task_runner.py:79} INFO - Running: ['airflow', 'tasks', 'run', 'get_stocks_dag', 'AAPL', 'scheduled__2023-07-05T00:00:00+00:00', '--job-id', '1085', '--raw', '--subdir', 'DAGS_FOLDER/get_stocks.py', '--cfg-path', '/tmp/tmpn1gzdxkm', '--error-file', '/tmp/tmpxtclvmnx']
[2023-07-17 22:17:43,327] {standard_task_runner.py:80} INFO - Job 1085: Subtask AAPL
[2023-07-17 22:17:43,410] {task_command.py:370} INFO - Running <TaskInstance: get_stocks_dag.AAPL scheduled__2023-07-05T00:00:00+00:00 [running]> on host lucas-Estudos
[2023-07-17 22:17:43,658] {taskinstance.py:1569} INFO - Exporting the following env vars:
AIRFLOW_CTX_DAG_OWNER=airflow
AIRFLOW_CTX_DAG_ID=get_stocks_dag
AIRFLOW_CTX_TASK_ID=AAPL
AIRFLOW_CTX_EXECUTION_DATE=2023-07-05T00:00:00+00:00
AIRFLOW_CTX_TRY_NUMBER=1
AIRFLOW_CTX_DAG_RUN_ID=scheduled__2023-07-05T00:00:00+00:00
[2023-07-17 22:17:54,595] {base.py:297} ERROR - AAPL: No price data found, symbol may be delisted (1h 2023-07-04 -> 2023-07-05)
[2023-07-17 22:17:54,601] {python.py:173} INFO - Done. Returned value was: None
[2023-07-17 22:17:54,652] {taskinstance.py:1395} INFO - Marking task as SUCCESS. dag_id=get_stocks_dag, task_id=AAPL, execution_date=20230705T000000, start_date=20230718T011743, end_date=20230718T011754
[2023-07-17 22:17:54,719] {local_task_job.py:156} INFO - Task exited with return code 0
[2023-07-17 22:17:54,828] {local_task_job.py:273} INFO - 0 downstream tasks scheduled from follow-on schedule check
[2023-07-18 11:10:25,055] {taskinstance.py:1159} INFO - Dependencies all met for <TaskInstance: get_stocks_dag.AAPL scheduled__2023-07-05T00:00:00+00:00 [queued]>
[2023-07-18 11:10:25,086] {taskinstance.py:1159} INFO - Dependencies all met for <TaskInstance: get_stocks_dag.AAPL scheduled__2023-07-05T00:00:00+00:00 [queued]>
[2023-07-18 11:10:25,087] {taskinstance.py:1356} INFO - 
--------------------------------------------------------------------------------
[2023-07-18 11:10:25,087] {taskinstance.py:1357} INFO - Starting attempt 1 of 1
[2023-07-18 11:10:25,087] {taskinstance.py:1358} INFO - 
--------------------------------------------------------------------------------
[2023-07-18 11:10:25,120] {taskinstance.py:1377} INFO - Executing <Task(_PythonDecoratedOperator): AAPL> on 2023-07-05 00:00:00+00:00
[2023-07-18 11:10:25,131] {standard_task_runner.py:52} INFO - Started process 27865 to run task
[2023-07-18 11:10:25,139] {standard_task_runner.py:79} INFO - Running: ['airflow', 'tasks', 'run', 'get_stocks_dag', 'AAPL', 'scheduled__2023-07-05T00:00:00+00:00', '--job-id', '1601', '--raw', '--subdir', 'DAGS_FOLDER/get_stocks.py', '--cfg-path', '/tmp/tmpqbj3aad3', '--error-file', '/tmp/tmpkys9_4ax']
[2023-07-18 11:10:25,141] {standard_task_runner.py:80} INFO - Job 1601: Subtask AAPL
[2023-07-18 11:10:25,349] {task_command.py:370} INFO - Running <TaskInstance: get_stocks_dag.AAPL scheduled__2023-07-05T00:00:00+00:00 [running]> on host lucas-Estudos
[2023-07-18 11:10:25,463] {taskinstance.py:1569} INFO - Exporting the following env vars:
AIRFLOW_CTX_DAG_OWNER=airflow
AIRFLOW_CTX_DAG_ID=get_stocks_dag
AIRFLOW_CTX_TASK_ID=AAPL
AIRFLOW_CTX_EXECUTION_DATE=2023-07-05T00:00:00+00:00
AIRFLOW_CTX_TRY_NUMBER=1
AIRFLOW_CTX_DAG_RUN_ID=scheduled__2023-07-05T00:00:00+00:00
[2023-07-18 11:10:26,007] {taskinstance.py:1889} ERROR - Task failed with exception
Traceback (most recent call last):
  File "/home/lucas/.local/lib/python3.10/site-packages/airflow/decorators/base.py", line 179, in execute
    return_value = super().execute(context)
  File "/home/lucas/.local/lib/python3.10/site-packages/airflow/operators/python.py", line 171, in execute
    return_value = self.execute_callable()
  File "/home/lucas/.local/lib/python3.10/site-packages/airflow/operators/python.py", line 189, in execute_callable
    return self.python_callable(*self.op_args, **self.op_kwargs)
  File "/home/lucas/Ãrea de Trabalho/Alura/EngenhariaDados/3-Executores do Airflow/Local and Celery/airflow_pipeline/dags/get_stocks.py", line 19, in get_history
    yfinance.Ticker(ticker).history(
  File "/home/lucas/.local/lib/python3.10/site-packages/yfinance/utils.py", line 105, in wrapper
    result = func(*args, **kwargs)
  File "/home/lucas/.local/lib/python3.10/site-packages/yfinance/base.py", line 299, in history
    logger.debug(f'{self.ticker}: yfinance received OHLC data: {quotes.index[0]} -> {quotes.index[-1]}')
  File "/home/lucas/.local/lib/python3.10/site-packages/pandas/core/indexes/base.py", line 5175, in __getitem__
    return getitem(key)
  File "/home/lucas/.local/lib/python3.10/site-packages/pandas/core/arrays/datetimelike.py", line 370, in __getitem__
    "Union[DatetimeLikeArrayT, DTScalarOrNaT]", super().__getitem__(key)
  File "/home/lucas/.local/lib/python3.10/site-packages/pandas/core/arrays/_mixins.py", line 272, in __getitem__
    result = self._ndarray[key]
IndexError: index 0 is out of bounds for axis 0 with size 0
[2023-07-18 11:10:26,053] {taskinstance.py:1395} INFO - Marking task as FAILED. dag_id=get_stocks_dag, task_id=AAPL, execution_date=20230705T000000, start_date=20230718T141025, end_date=20230718T141026
[2023-07-18 11:10:26,080] {standard_task_runner.py:92} ERROR - Failed to execute job 1601 for task AAPL (index 0 is out of bounds for axis 0 with size 0; 27865)
[2023-07-18 11:10:26,115] {local_task_job.py:156} INFO - Task exited with return code 1
[2023-07-18 11:10:26,248] {local_task_job.py:273} INFO - 0 downstream tasks scheduled from follow-on schedule check
