[2023-07-08 01:02:29,611] {processor.py:153} INFO - Started process (PID=35889) to work on /home/lucas/Área de Trabalho/apresentação/venv/lib/python3.10/site-packages/airflow/example_dags/example_nested_branch_dag.py
[2023-07-08 01:02:29,612] {processor.py:641} INFO - Processing file /home/lucas/Área de Trabalho/apresentação/venv/lib/python3.10/site-packages/airflow/example_dags/example_nested_branch_dag.py for tasks to queue
[2023-07-08 01:02:29,613] {logging_mixin.py:115} INFO - [2023-07-08 01:02:29,613] {dagbag.py:507} INFO - Filling up the DagBag from /home/lucas/Área de Trabalho/apresentação/venv/lib/python3.10/site-packages/airflow/example_dags/example_nested_branch_dag.py
[2023-07-08 01:02:29,645] {processor.py:651} INFO - DAG(s) dict_keys(['example_nested_branch_dag']) retrieved from /home/lucas/Área de Trabalho/apresentação/venv/lib/python3.10/site-packages/airflow/example_dags/example_nested_branch_dag.py
[2023-07-08 01:02:29,698] {logging_mixin.py:115} INFO - [2023-07-08 01:02:29,698] {dag.py:2379} INFO - Sync 1 DAGs
[2023-07-08 01:02:29,736] {logging_mixin.py:115} INFO - [2023-07-08 01:02:29,736] {dag.py:2927} INFO - Setting next_dagrun for example_nested_branch_dag to 2023-07-07T00:00:00+00:00, run_after=2023-07-08T00:00:00+00:00
[2023-07-08 01:02:29,752] {processor.py:161} INFO - Processing /home/lucas/Área de Trabalho/apresentação/venv/lib/python3.10/site-packages/airflow/example_dags/example_nested_branch_dag.py took 0.149 seconds
[2023-07-08 01:03:12,159] {processor.py:153} INFO - Started process (PID=36328) to work on /home/lucas/Área de Trabalho/apresentação/venv/lib/python3.10/site-packages/airflow/example_dags/example_nested_branch_dag.py
[2023-07-08 01:03:12,163] {processor.py:641} INFO - Processing file /home/lucas/Área de Trabalho/apresentação/venv/lib/python3.10/site-packages/airflow/example_dags/example_nested_branch_dag.py for tasks to queue
[2023-07-08 01:03:12,165] {logging_mixin.py:115} INFO - [2023-07-08 01:03:12,164] {dagbag.py:507} INFO - Filling up the DagBag from /home/lucas/Área de Trabalho/apresentação/venv/lib/python3.10/site-packages/airflow/example_dags/example_nested_branch_dag.py
[2023-07-08 01:03:12,188] {processor.py:651} INFO - DAG(s) dict_keys(['example_nested_branch_dag']) retrieved from /home/lucas/Área de Trabalho/apresentação/venv/lib/python3.10/site-packages/airflow/example_dags/example_nested_branch_dag.py
[2023-07-08 01:03:12,226] {logging_mixin.py:115} INFO - [2023-07-08 01:03:12,226] {dag.py:2379} INFO - Sync 1 DAGs
[2023-07-08 01:03:12,274] {logging_mixin.py:115} INFO - [2023-07-08 01:03:12,274] {dag.py:2927} INFO - Setting next_dagrun for example_nested_branch_dag to 2023-07-07T00:00:00+00:00, run_after=2023-07-08T00:00:00+00:00
[2023-07-08 01:03:12,303] {processor.py:161} INFO - Processing /home/lucas/Área de Trabalho/apresentação/venv/lib/python3.10/site-packages/airflow/example_dags/example_nested_branch_dag.py took 0.149 seconds
[2023-07-08 01:03:50,328] {processor.py:153} INFO - Started process (PID=36559) to work on /home/lucas/Área de Trabalho/apresentação/venv/lib/python3.10/site-packages/airflow/example_dags/example_nested_branch_dag.py
[2023-07-08 01:03:50,332] {processor.py:641} INFO - Processing file /home/lucas/Área de Trabalho/apresentação/venv/lib/python3.10/site-packages/airflow/example_dags/example_nested_branch_dag.py for tasks to queue
[2023-07-08 01:03:50,333] {logging_mixin.py:115} INFO - [2023-07-08 01:03:50,333] {dagbag.py:507} INFO - Filling up the DagBag from /home/lucas/Área de Trabalho/apresentação/venv/lib/python3.10/site-packages/airflow/example_dags/example_nested_branch_dag.py
[2023-07-08 01:03:50,353] {processor.py:651} INFO - DAG(s) dict_keys(['example_nested_branch_dag']) retrieved from /home/lucas/Área de Trabalho/apresentação/venv/lib/python3.10/site-packages/airflow/example_dags/example_nested_branch_dag.py
[2023-07-08 01:03:50,387] {logging_mixin.py:115} INFO - [2023-07-08 01:03:50,387] {dag.py:2379} INFO - Sync 1 DAGs
[2023-07-08 01:03:50,431] {logging_mixin.py:115} INFO - [2023-07-08 01:03:50,431] {dag.py:2927} INFO - Setting next_dagrun for example_nested_branch_dag to 2023-07-07T00:00:00+00:00, run_after=2023-07-08T00:00:00+00:00
[2023-07-08 01:03:50,458] {processor.py:161} INFO - Processing /home/lucas/Área de Trabalho/apresentação/venv/lib/python3.10/site-packages/airflow/example_dags/example_nested_branch_dag.py took 0.135 seconds
[2023-07-08 01:04:30,478] {processor.py:153} INFO - Started process (PID=36988) to work on /home/lucas/Área de Trabalho/apresentação/venv/lib/python3.10/site-packages/airflow/example_dags/example_nested_branch_dag.py
[2023-07-08 01:04:30,485] {processor.py:641} INFO - Processing file /home/lucas/Área de Trabalho/apresentação/venv/lib/python3.10/site-packages/airflow/example_dags/example_nested_branch_dag.py for tasks to queue
[2023-07-08 01:04:30,486] {logging_mixin.py:115} INFO - [2023-07-08 01:04:30,486] {dagbag.py:507} INFO - Filling up the DagBag from /home/lucas/Área de Trabalho/apresentação/venv/lib/python3.10/site-packages/airflow/example_dags/example_nested_branch_dag.py
[2023-07-08 01:04:30,515] {processor.py:651} INFO - DAG(s) dict_keys(['example_nested_branch_dag']) retrieved from /home/lucas/Área de Trabalho/apresentação/venv/lib/python3.10/site-packages/airflow/example_dags/example_nested_branch_dag.py
[2023-07-08 01:04:30,542] {logging_mixin.py:115} INFO - [2023-07-08 01:04:30,542] {dag.py:2379} INFO - Sync 1 DAGs
[2023-07-08 01:04:30,567] {logging_mixin.py:115} INFO - [2023-07-08 01:04:30,567] {dag.py:2927} INFO - Setting next_dagrun for example_nested_branch_dag to 2023-07-07T00:00:00+00:00, run_after=2023-07-08T00:00:00+00:00
[2023-07-08 01:04:30,580] {processor.py:161} INFO - Processing /home/lucas/Área de Trabalho/apresentação/venv/lib/python3.10/site-packages/airflow/example_dags/example_nested_branch_dag.py took 0.110 seconds
[2023-07-08 01:06:52,331] {processor.py:153} INFO - Started process (PID=38667) to work on /home/lucas/Área de Trabalho/apresentação/venv/lib/python3.10/site-packages/airflow/example_dags/example_nested_branch_dag.py
[2023-07-08 01:06:52,333] {processor.py:641} INFO - Processing file /home/lucas/Área de Trabalho/apresentação/venv/lib/python3.10/site-packages/airflow/example_dags/example_nested_branch_dag.py for tasks to queue
[2023-07-08 01:06:52,334] {logging_mixin.py:115} INFO - [2023-07-08 01:06:52,333] {dagbag.py:507} INFO - Filling up the DagBag from /home/lucas/Área de Trabalho/apresentação/venv/lib/python3.10/site-packages/airflow/example_dags/example_nested_branch_dag.py
[2023-07-08 01:06:52,353] {processor.py:651} INFO - DAG(s) dict_keys(['example_nested_branch_dag']) retrieved from /home/lucas/Área de Trabalho/apresentação/venv/lib/python3.10/site-packages/airflow/example_dags/example_nested_branch_dag.py
[2023-07-08 01:06:52,392] {logging_mixin.py:115} INFO - [2023-07-08 01:06:52,391] {dag.py:2379} INFO - Sync 1 DAGs
[2023-07-08 01:06:52,432] {logging_mixin.py:115} INFO - [2023-07-08 01:06:52,432] {dag.py:2927} INFO - Setting next_dagrun for example_nested_branch_dag to 2023-07-07T00:00:00+00:00, run_after=2023-07-08T00:00:00+00:00
[2023-07-08 01:06:52,454] {processor.py:161} INFO - Processing /home/lucas/Área de Trabalho/apresentação/venv/lib/python3.10/site-packages/airflow/example_dags/example_nested_branch_dag.py took 0.128 seconds
[2023-07-08 01:07:32,047] {processor.py:153} INFO - Started process (PID=38892) to work on /home/lucas/Área de Trabalho/apresentação/venv/lib/python3.10/site-packages/airflow/example_dags/example_nested_branch_dag.py
[2023-07-08 01:07:32,051] {processor.py:641} INFO - Processing file /home/lucas/Área de Trabalho/apresentação/venv/lib/python3.10/site-packages/airflow/example_dags/example_nested_branch_dag.py for tasks to queue
[2023-07-08 01:07:32,052] {logging_mixin.py:115} INFO - [2023-07-08 01:07:32,052] {dagbag.py:507} INFO - Filling up the DagBag from /home/lucas/Área de Trabalho/apresentação/venv/lib/python3.10/site-packages/airflow/example_dags/example_nested_branch_dag.py
[2023-07-08 01:07:32,072] {processor.py:651} INFO - DAG(s) dict_keys(['example_nested_branch_dag']) retrieved from /home/lucas/Área de Trabalho/apresentação/venv/lib/python3.10/site-packages/airflow/example_dags/example_nested_branch_dag.py
[2023-07-08 01:07:32,104] {logging_mixin.py:115} INFO - [2023-07-08 01:07:32,104] {dag.py:2379} INFO - Sync 1 DAGs
[2023-07-08 01:07:32,147] {logging_mixin.py:115} INFO - [2023-07-08 01:07:32,147] {dag.py:2927} INFO - Setting next_dagrun for example_nested_branch_dag to 2023-07-07T00:00:00+00:00, run_after=2023-07-08T00:00:00+00:00
[2023-07-08 01:07:32,173] {processor.py:161} INFO - Processing /home/lucas/Área de Trabalho/apresentação/venv/lib/python3.10/site-packages/airflow/example_dags/example_nested_branch_dag.py took 0.131 seconds
[2023-07-08 01:08:12,101] {processor.py:153} INFO - Started process (PID=38962) to work on /home/lucas/Área de Trabalho/apresentação/venv/lib/python3.10/site-packages/airflow/example_dags/example_nested_branch_dag.py
[2023-07-08 01:08:12,105] {processor.py:641} INFO - Processing file /home/lucas/Área de Trabalho/apresentação/venv/lib/python3.10/site-packages/airflow/example_dags/example_nested_branch_dag.py for tasks to queue
[2023-07-08 01:08:12,106] {logging_mixin.py:115} INFO - [2023-07-08 01:08:12,106] {dagbag.py:507} INFO - Filling up the DagBag from /home/lucas/Área de Trabalho/apresentação/venv/lib/python3.10/site-packages/airflow/example_dags/example_nested_branch_dag.py
[2023-07-08 01:08:12,126] {processor.py:651} INFO - DAG(s) dict_keys(['example_nested_branch_dag']) retrieved from /home/lucas/Área de Trabalho/apresentação/venv/lib/python3.10/site-packages/airflow/example_dags/example_nested_branch_dag.py
[2023-07-08 01:08:12,160] {logging_mixin.py:115} INFO - [2023-07-08 01:08:12,160] {dag.py:2379} INFO - Sync 1 DAGs
[2023-07-08 01:08:12,216] {logging_mixin.py:115} INFO - [2023-07-08 01:08:12,216] {dag.py:2927} INFO - Setting next_dagrun for example_nested_branch_dag to 2023-07-07T00:00:00+00:00, run_after=2023-07-08T00:00:00+00:00
[2023-07-08 01:08:12,242] {processor.py:161} INFO - Processing /home/lucas/Área de Trabalho/apresentação/venv/lib/python3.10/site-packages/airflow/example_dags/example_nested_branch_dag.py took 0.146 seconds
[2023-07-08 01:08:51,024] {processor.py:153} INFO - Started process (PID=39043) to work on /home/lucas/Área de Trabalho/apresentação/venv/lib/python3.10/site-packages/airflow/example_dags/example_nested_branch_dag.py
[2023-07-08 01:08:51,028] {processor.py:641} INFO - Processing file /home/lucas/Área de Trabalho/apresentação/venv/lib/python3.10/site-packages/airflow/example_dags/example_nested_branch_dag.py for tasks to queue
[2023-07-08 01:08:51,029] {logging_mixin.py:115} INFO - [2023-07-08 01:08:51,029] {dagbag.py:507} INFO - Filling up the DagBag from /home/lucas/Área de Trabalho/apresentação/venv/lib/python3.10/site-packages/airflow/example_dags/example_nested_branch_dag.py
[2023-07-08 01:08:51,049] {processor.py:651} INFO - DAG(s) dict_keys(['example_nested_branch_dag']) retrieved from /home/lucas/Área de Trabalho/apresentação/venv/lib/python3.10/site-packages/airflow/example_dags/example_nested_branch_dag.py
[2023-07-08 01:08:51,083] {logging_mixin.py:115} INFO - [2023-07-08 01:08:51,083] {dag.py:2379} INFO - Sync 1 DAGs
[2023-07-08 01:08:51,126] {logging_mixin.py:115} INFO - [2023-07-08 01:08:51,126] {dag.py:2927} INFO - Setting next_dagrun for example_nested_branch_dag to 2023-07-07T00:00:00+00:00, run_after=2023-07-08T00:00:00+00:00
[2023-07-08 01:08:51,152] {processor.py:161} INFO - Processing /home/lucas/Área de Trabalho/apresentação/venv/lib/python3.10/site-packages/airflow/example_dags/example_nested_branch_dag.py took 0.133 seconds
[2023-07-08 01:09:30,462] {processor.py:153} INFO - Started process (PID=39126) to work on /home/lucas/Área de Trabalho/apresentação/venv/lib/python3.10/site-packages/airflow/example_dags/example_nested_branch_dag.py
[2023-07-08 01:09:30,466] {processor.py:641} INFO - Processing file /home/lucas/Área de Trabalho/apresentação/venv/lib/python3.10/site-packages/airflow/example_dags/example_nested_branch_dag.py for tasks to queue
[2023-07-08 01:09:30,467] {logging_mixin.py:115} INFO - [2023-07-08 01:09:30,467] {dagbag.py:507} INFO - Filling up the DagBag from /home/lucas/Área de Trabalho/apresentação/venv/lib/python3.10/site-packages/airflow/example_dags/example_nested_branch_dag.py
[2023-07-08 01:09:30,488] {processor.py:651} INFO - DAG(s) dict_keys(['example_nested_branch_dag']) retrieved from /home/lucas/Área de Trabalho/apresentação/venv/lib/python3.10/site-packages/airflow/example_dags/example_nested_branch_dag.py
[2023-07-08 01:09:30,522] {logging_mixin.py:115} INFO - [2023-07-08 01:09:30,521] {dag.py:2379} INFO - Sync 1 DAGs
[2023-07-08 01:09:30,565] {logging_mixin.py:115} INFO - [2023-07-08 01:09:30,565] {dag.py:2927} INFO - Setting next_dagrun for example_nested_branch_dag to 2023-07-07T00:00:00+00:00, run_after=2023-07-08T00:00:00+00:00
[2023-07-08 01:09:30,591] {processor.py:161} INFO - Processing /home/lucas/Área de Trabalho/apresentação/venv/lib/python3.10/site-packages/airflow/example_dags/example_nested_branch_dag.py took 0.134 seconds
[2023-07-08 01:10:12,380] {processor.py:153} INFO - Started process (PID=39214) to work on /home/lucas/Área de Trabalho/apresentação/venv/lib/python3.10/site-packages/airflow/example_dags/example_nested_branch_dag.py
[2023-07-08 01:10:12,383] {processor.py:641} INFO - Processing file /home/lucas/Área de Trabalho/apresentação/venv/lib/python3.10/site-packages/airflow/example_dags/example_nested_branch_dag.py for tasks to queue
[2023-07-08 01:10:12,384] {logging_mixin.py:115} INFO - [2023-07-08 01:10:12,384] {dagbag.py:507} INFO - Filling up the DagBag from /home/lucas/Área de Trabalho/apresentação/venv/lib/python3.10/site-packages/airflow/example_dags/example_nested_branch_dag.py
[2023-07-08 01:10:12,405] {processor.py:651} INFO - DAG(s) dict_keys(['example_nested_branch_dag']) retrieved from /home/lucas/Área de Trabalho/apresentação/venv/lib/python3.10/site-packages/airflow/example_dags/example_nested_branch_dag.py
[2023-07-08 01:10:12,439] {logging_mixin.py:115} INFO - [2023-07-08 01:10:12,438] {dag.py:2379} INFO - Sync 1 DAGs
[2023-07-08 01:10:12,482] {logging_mixin.py:115} INFO - [2023-07-08 01:10:12,482] {dag.py:2927} INFO - Setting next_dagrun for example_nested_branch_dag to 2023-07-07T00:00:00+00:00, run_after=2023-07-08T00:00:00+00:00
[2023-07-08 01:10:12,518] {processor.py:161} INFO - Processing /home/lucas/Área de Trabalho/apresentação/venv/lib/python3.10/site-packages/airflow/example_dags/example_nested_branch_dag.py took 0.144 seconds
[2023-07-08 01:10:53,299] {processor.py:153} INFO - Started process (PID=39501) to work on /home/lucas/Área de Trabalho/apresentação/venv/lib/python3.10/site-packages/airflow/example_dags/example_nested_branch_dag.py
[2023-07-08 01:10:53,303] {processor.py:641} INFO - Processing file /home/lucas/Área de Trabalho/apresentação/venv/lib/python3.10/site-packages/airflow/example_dags/example_nested_branch_dag.py for tasks to queue
[2023-07-08 01:10:53,303] {logging_mixin.py:115} INFO - [2023-07-08 01:10:53,303] {dagbag.py:507} INFO - Filling up the DagBag from /home/lucas/Área de Trabalho/apresentação/venv/lib/python3.10/site-packages/airflow/example_dags/example_nested_branch_dag.py
[2023-07-08 01:10:53,312] {processor.py:651} INFO - DAG(s) dict_keys(['example_nested_branch_dag']) retrieved from /home/lucas/Área de Trabalho/apresentação/venv/lib/python3.10/site-packages/airflow/example_dags/example_nested_branch_dag.py
[2023-07-08 01:10:53,328] {logging_mixin.py:115} INFO - [2023-07-08 01:10:53,328] {dag.py:2379} INFO - Sync 1 DAGs
[2023-07-08 01:10:53,349] {logging_mixin.py:115} INFO - [2023-07-08 01:10:53,349] {dag.py:2927} INFO - Setting next_dagrun for example_nested_branch_dag to 2023-07-07T00:00:00+00:00, run_after=2023-07-08T00:00:00+00:00
[2023-07-08 01:10:53,362] {processor.py:161} INFO - Processing /home/lucas/Área de Trabalho/apresentação/venv/lib/python3.10/site-packages/airflow/example_dags/example_nested_branch_dag.py took 0.065 seconds
[2023-07-08 01:11:34,786] {processor.py:153} INFO - Started process (PID=39755) to work on /home/lucas/Área de Trabalho/apresentação/venv/lib/python3.10/site-packages/airflow/example_dags/example_nested_branch_dag.py
[2023-07-08 01:11:34,790] {processor.py:641} INFO - Processing file /home/lucas/Área de Trabalho/apresentação/venv/lib/python3.10/site-packages/airflow/example_dags/example_nested_branch_dag.py for tasks to queue
[2023-07-08 01:11:34,791] {logging_mixin.py:115} INFO - [2023-07-08 01:11:34,790] {dagbag.py:507} INFO - Filling up the DagBag from /home/lucas/Área de Trabalho/apresentação/venv/lib/python3.10/site-packages/airflow/example_dags/example_nested_branch_dag.py
[2023-07-08 01:11:34,813] {processor.py:651} INFO - DAG(s) dict_keys(['example_nested_branch_dag']) retrieved from /home/lucas/Área de Trabalho/apresentação/venv/lib/python3.10/site-packages/airflow/example_dags/example_nested_branch_dag.py
[2023-07-08 01:11:34,847] {logging_mixin.py:115} INFO - [2023-07-08 01:11:34,847] {dag.py:2379} INFO - Sync 1 DAGs
[2023-07-08 01:11:34,892] {logging_mixin.py:115} INFO - [2023-07-08 01:11:34,892] {dag.py:2927} INFO - Setting next_dagrun for example_nested_branch_dag to 2023-07-07T00:00:00+00:00, run_after=2023-07-08T00:00:00+00:00
[2023-07-08 01:11:34,917] {processor.py:161} INFO - Processing /home/lucas/Área de Trabalho/apresentação/venv/lib/python3.10/site-packages/airflow/example_dags/example_nested_branch_dag.py took 0.137 seconds
[2023-07-08 01:12:12,950] {processor.py:153} INFO - Started process (PID=39830) to work on /home/lucas/Área de Trabalho/apresentação/venv/lib/python3.10/site-packages/airflow/example_dags/example_nested_branch_dag.py
[2023-07-08 01:12:12,954] {processor.py:641} INFO - Processing file /home/lucas/Área de Trabalho/apresentação/venv/lib/python3.10/site-packages/airflow/example_dags/example_nested_branch_dag.py for tasks to queue
[2023-07-08 01:12:12,955] {logging_mixin.py:115} INFO - [2023-07-08 01:12:12,955] {dagbag.py:507} INFO - Filling up the DagBag from /home/lucas/Área de Trabalho/apresentação/venv/lib/python3.10/site-packages/airflow/example_dags/example_nested_branch_dag.py
[2023-07-08 01:12:12,974] {processor.py:651} INFO - DAG(s) dict_keys(['example_nested_branch_dag']) retrieved from /home/lucas/Área de Trabalho/apresentação/venv/lib/python3.10/site-packages/airflow/example_dags/example_nested_branch_dag.py
[2023-07-08 01:12:13,005] {logging_mixin.py:115} INFO - [2023-07-08 01:12:13,005] {dag.py:2379} INFO - Sync 1 DAGs
[2023-07-08 01:12:13,057] {logging_mixin.py:115} INFO - [2023-07-08 01:12:13,056] {dag.py:2927} INFO - Setting next_dagrun for example_nested_branch_dag to 2023-07-07T00:00:00+00:00, run_after=2023-07-08T00:00:00+00:00
[2023-07-08 01:12:13,093] {processor.py:161} INFO - Processing /home/lucas/Área de Trabalho/apresentação/venv/lib/python3.10/site-packages/airflow/example_dags/example_nested_branch_dag.py took 0.149 seconds
[2023-07-08 01:12:51,582] {processor.py:153} INFO - Started process (PID=40002) to work on /home/lucas/Área de Trabalho/apresentação/venv/lib/python3.10/site-packages/airflow/example_dags/example_nested_branch_dag.py
[2023-07-08 01:12:51,586] {processor.py:641} INFO - Processing file /home/lucas/Área de Trabalho/apresentação/venv/lib/python3.10/site-packages/airflow/example_dags/example_nested_branch_dag.py for tasks to queue
[2023-07-08 01:12:51,587] {logging_mixin.py:115} INFO - [2023-07-08 01:12:51,587] {dagbag.py:507} INFO - Filling up the DagBag from /home/lucas/Área de Trabalho/apresentação/venv/lib/python3.10/site-packages/airflow/example_dags/example_nested_branch_dag.py
[2023-07-08 01:12:51,610] {processor.py:651} INFO - DAG(s) dict_keys(['example_nested_branch_dag']) retrieved from /home/lucas/Área de Trabalho/apresentação/venv/lib/python3.10/site-packages/airflow/example_dags/example_nested_branch_dag.py
[2023-07-08 01:12:51,645] {logging_mixin.py:115} INFO - [2023-07-08 01:12:51,645] {dag.py:2379} INFO - Sync 1 DAGs
[2023-07-08 01:12:51,689] {logging_mixin.py:115} INFO - [2023-07-08 01:12:51,688] {dag.py:2927} INFO - Setting next_dagrun for example_nested_branch_dag to 2023-07-07T00:00:00+00:00, run_after=2023-07-08T00:00:00+00:00
[2023-07-08 01:12:51,714] {processor.py:161} INFO - Processing /home/lucas/Área de Trabalho/apresentação/venv/lib/python3.10/site-packages/airflow/example_dags/example_nested_branch_dag.py took 0.139 seconds
[2023-07-08 01:13:33,099] {processor.py:153} INFO - Started process (PID=40092) to work on /home/lucas/Área de Trabalho/apresentação/venv/lib/python3.10/site-packages/airflow/example_dags/example_nested_branch_dag.py
[2023-07-08 01:13:33,102] {processor.py:641} INFO - Processing file /home/lucas/Área de Trabalho/apresentação/venv/lib/python3.10/site-packages/airflow/example_dags/example_nested_branch_dag.py for tasks to queue
[2023-07-08 01:13:33,103] {logging_mixin.py:115} INFO - [2023-07-08 01:13:33,103] {dagbag.py:507} INFO - Filling up the DagBag from /home/lucas/Área de Trabalho/apresentação/venv/lib/python3.10/site-packages/airflow/example_dags/example_nested_branch_dag.py
[2023-07-08 01:13:33,125] {processor.py:651} INFO - DAG(s) dict_keys(['example_nested_branch_dag']) retrieved from /home/lucas/Área de Trabalho/apresentação/venv/lib/python3.10/site-packages/airflow/example_dags/example_nested_branch_dag.py
[2023-07-08 01:13:33,160] {logging_mixin.py:115} INFO - [2023-07-08 01:13:33,160] {dag.py:2379} INFO - Sync 1 DAGs
[2023-07-08 01:13:33,206] {logging_mixin.py:115} INFO - [2023-07-08 01:13:33,205] {dag.py:2927} INFO - Setting next_dagrun for example_nested_branch_dag to 2023-07-07T00:00:00+00:00, run_after=2023-07-08T00:00:00+00:00
[2023-07-08 01:13:33,234] {processor.py:161} INFO - Processing /home/lucas/Área de Trabalho/apresentação/venv/lib/python3.10/site-packages/airflow/example_dags/example_nested_branch_dag.py took 0.141 seconds
[2023-07-08 01:14:10,980] {processor.py:153} INFO - Started process (PID=40165) to work on /home/lucas/Área de Trabalho/apresentação/venv/lib/python3.10/site-packages/airflow/example_dags/example_nested_branch_dag.py
[2023-07-08 01:14:10,984] {processor.py:641} INFO - Processing file /home/lucas/Área de Trabalho/apresentação/venv/lib/python3.10/site-packages/airflow/example_dags/example_nested_branch_dag.py for tasks to queue
[2023-07-08 01:14:10,985] {logging_mixin.py:115} INFO - [2023-07-08 01:14:10,984] {dagbag.py:507} INFO - Filling up the DagBag from /home/lucas/Área de Trabalho/apresentação/venv/lib/python3.10/site-packages/airflow/example_dags/example_nested_branch_dag.py
[2023-07-08 01:14:11,006] {processor.py:651} INFO - DAG(s) dict_keys(['example_nested_branch_dag']) retrieved from /home/lucas/Área de Trabalho/apresentação/venv/lib/python3.10/site-packages/airflow/example_dags/example_nested_branch_dag.py
[2023-07-08 01:14:11,040] {logging_mixin.py:115} INFO - [2023-07-08 01:14:11,040] {dag.py:2379} INFO - Sync 1 DAGs
[2023-07-08 01:14:11,084] {logging_mixin.py:115} INFO - [2023-07-08 01:14:11,084] {dag.py:2927} INFO - Setting next_dagrun for example_nested_branch_dag to 2023-07-07T00:00:00+00:00, run_after=2023-07-08T00:00:00+00:00
[2023-07-08 01:14:11,109] {processor.py:161} INFO - Processing /home/lucas/Área de Trabalho/apresentação/venv/lib/python3.10/site-packages/airflow/example_dags/example_nested_branch_dag.py took 0.135 seconds
[2023-07-08 01:14:51,430] {processor.py:153} INFO - Started process (PID=40374) to work on /home/lucas/Área de Trabalho/apresentação/venv/lib/python3.10/site-packages/airflow/example_dags/example_nested_branch_dag.py
[2023-07-08 01:14:51,434] {processor.py:641} INFO - Processing file /home/lucas/Área de Trabalho/apresentação/venv/lib/python3.10/site-packages/airflow/example_dags/example_nested_branch_dag.py for tasks to queue
[2023-07-08 01:14:51,435] {logging_mixin.py:115} INFO - [2023-07-08 01:14:51,435] {dagbag.py:507} INFO - Filling up the DagBag from /home/lucas/Área de Trabalho/apresentação/venv/lib/python3.10/site-packages/airflow/example_dags/example_nested_branch_dag.py
[2023-07-08 01:14:51,457] {processor.py:651} INFO - DAG(s) dict_keys(['example_nested_branch_dag']) retrieved from /home/lucas/Área de Trabalho/apresentação/venv/lib/python3.10/site-packages/airflow/example_dags/example_nested_branch_dag.py
[2023-07-08 01:14:51,493] {logging_mixin.py:115} INFO - [2023-07-08 01:14:51,493] {dag.py:2379} INFO - Sync 1 DAGs
[2023-07-08 01:14:51,539] {logging_mixin.py:115} INFO - [2023-07-08 01:14:51,538] {dag.py:2927} INFO - Setting next_dagrun for example_nested_branch_dag to 2023-07-07T00:00:00+00:00, run_after=2023-07-08T00:00:00+00:00
[2023-07-08 01:14:51,564] {processor.py:161} INFO - Processing /home/lucas/Área de Trabalho/apresentação/venv/lib/python3.10/site-packages/airflow/example_dags/example_nested_branch_dag.py took 0.140 seconds
[2023-07-08 01:15:29,239] {processor.py:153} INFO - Started process (PID=40513) to work on /home/lucas/Área de Trabalho/apresentação/venv/lib/python3.10/site-packages/airflow/example_dags/example_nested_branch_dag.py
[2023-07-08 01:15:29,243] {processor.py:641} INFO - Processing file /home/lucas/Área de Trabalho/apresentação/venv/lib/python3.10/site-packages/airflow/example_dags/example_nested_branch_dag.py for tasks to queue
[2023-07-08 01:15:29,244] {logging_mixin.py:115} INFO - [2023-07-08 01:15:29,244] {dagbag.py:507} INFO - Filling up the DagBag from /home/lucas/Área de Trabalho/apresentação/venv/lib/python3.10/site-packages/airflow/example_dags/example_nested_branch_dag.py
[2023-07-08 01:15:29,267] {processor.py:651} INFO - DAG(s) dict_keys(['example_nested_branch_dag']) retrieved from /home/lucas/Área de Trabalho/apresentação/venv/lib/python3.10/site-packages/airflow/example_dags/example_nested_branch_dag.py
[2023-07-08 01:15:29,305] {logging_mixin.py:115} INFO - [2023-07-08 01:15:29,304] {dag.py:2379} INFO - Sync 1 DAGs
[2023-07-08 01:15:29,351] {logging_mixin.py:115} INFO - [2023-07-08 01:15:29,350] {dag.py:2927} INFO - Setting next_dagrun for example_nested_branch_dag to 2023-07-07T00:00:00+00:00, run_after=2023-07-08T00:00:00+00:00
[2023-07-08 01:15:29,380] {processor.py:161} INFO - Processing /home/lucas/Área de Trabalho/apresentação/venv/lib/python3.10/site-packages/airflow/example_dags/example_nested_branch_dag.py took 0.147 seconds
[2023-07-08 01:16:34,396] {processor.py:153} INFO - Started process (PID=40976) to work on /home/lucas/Área de Trabalho/apresentação/venv/lib/python3.10/site-packages/airflow/example_dags/example_nested_branch_dag.py
[2023-07-08 01:16:34,399] {processor.py:641} INFO - Processing file /home/lucas/Área de Trabalho/apresentação/venv/lib/python3.10/site-packages/airflow/example_dags/example_nested_branch_dag.py for tasks to queue
[2023-07-08 01:16:34,399] {logging_mixin.py:115} INFO - [2023-07-08 01:16:34,399] {dagbag.py:507} INFO - Filling up the DagBag from /home/lucas/Área de Trabalho/apresentação/venv/lib/python3.10/site-packages/airflow/example_dags/example_nested_branch_dag.py
[2023-07-08 01:16:34,460] {processor.py:651} INFO - DAG(s) dict_keys(['example_nested_branch_dag']) retrieved from /home/lucas/Área de Trabalho/apresentação/venv/lib/python3.10/site-packages/airflow/example_dags/example_nested_branch_dag.py
[2023-07-08 01:16:34,514] {logging_mixin.py:115} INFO - [2023-07-08 01:16:34,514] {dag.py:2379} INFO - Sync 1 DAGs
[2023-07-08 01:16:34,559] {logging_mixin.py:115} INFO - [2023-07-08 01:16:34,559] {dag.py:2927} INFO - Setting next_dagrun for example_nested_branch_dag to 2023-07-07T00:00:00+00:00, run_after=2023-07-08T00:00:00+00:00
[2023-07-08 01:16:34,586] {processor.py:161} INFO - Processing /home/lucas/Área de Trabalho/apresentação/venv/lib/python3.10/site-packages/airflow/example_dags/example_nested_branch_dag.py took 0.197 seconds
[2023-07-08 01:18:04,440] {processor.py:153} INFO - Started process (PID=41381) to work on /home/lucas/Área de Trabalho/apresentação/venv/lib/python3.10/site-packages/airflow/example_dags/example_nested_branch_dag.py
[2023-07-08 01:18:04,441] {processor.py:641} INFO - Processing file /home/lucas/Área de Trabalho/apresentação/venv/lib/python3.10/site-packages/airflow/example_dags/example_nested_branch_dag.py for tasks to queue
[2023-07-08 01:18:04,442] {logging_mixin.py:115} INFO - [2023-07-08 01:18:04,442] {dagbag.py:507} INFO - Filling up the DagBag from /home/lucas/Área de Trabalho/apresentação/venv/lib/python3.10/site-packages/airflow/example_dags/example_nested_branch_dag.py
[2023-07-08 01:18:04,462] {processor.py:651} INFO - DAG(s) dict_keys(['example_nested_branch_dag']) retrieved from /home/lucas/Área de Trabalho/apresentação/venv/lib/python3.10/site-packages/airflow/example_dags/example_nested_branch_dag.py
[2023-07-08 01:18:04,494] {logging_mixin.py:115} INFO - [2023-07-08 01:18:04,494] {dag.py:2379} INFO - Sync 1 DAGs
[2023-07-08 01:18:04,534] {logging_mixin.py:115} INFO - [2023-07-08 01:18:04,533] {dag.py:2927} INFO - Setting next_dagrun for example_nested_branch_dag to 2023-07-07T00:00:00+00:00, run_after=2023-07-08T00:00:00+00:00
[2023-07-08 01:18:04,557] {processor.py:161} INFO - Processing /home/lucas/Área de Trabalho/apresentação/venv/lib/python3.10/site-packages/airflow/example_dags/example_nested_branch_dag.py took 0.122 seconds
[2023-07-08 01:18:42,845] {processor.py:153} INFO - Started process (PID=41464) to work on /home/lucas/Área de Trabalho/apresentação/venv/lib/python3.10/site-packages/airflow/example_dags/example_nested_branch_dag.py
[2023-07-08 01:18:42,849] {processor.py:641} INFO - Processing file /home/lucas/Área de Trabalho/apresentação/venv/lib/python3.10/site-packages/airflow/example_dags/example_nested_branch_dag.py for tasks to queue
[2023-07-08 01:18:42,850] {logging_mixin.py:115} INFO - [2023-07-08 01:18:42,850] {dagbag.py:507} INFO - Filling up the DagBag from /home/lucas/Área de Trabalho/apresentação/venv/lib/python3.10/site-packages/airflow/example_dags/example_nested_branch_dag.py
[2023-07-08 01:18:42,871] {processor.py:651} INFO - DAG(s) dict_keys(['example_nested_branch_dag']) retrieved from /home/lucas/Área de Trabalho/apresentação/venv/lib/python3.10/site-packages/airflow/example_dags/example_nested_branch_dag.py
[2023-07-08 01:18:42,905] {logging_mixin.py:115} INFO - [2023-07-08 01:18:42,905] {dag.py:2379} INFO - Sync 1 DAGs
[2023-07-08 01:18:42,949] {logging_mixin.py:115} INFO - [2023-07-08 01:18:42,949] {dag.py:2927} INFO - Setting next_dagrun for example_nested_branch_dag to 2023-07-07T00:00:00+00:00, run_after=2023-07-08T00:00:00+00:00
[2023-07-08 01:18:42,974] {processor.py:161} INFO - Processing /home/lucas/Área de Trabalho/apresentação/venv/lib/python3.10/site-packages/airflow/example_dags/example_nested_branch_dag.py took 0.134 seconds
[2023-07-08 01:19:21,420] {processor.py:153} INFO - Started process (PID=41550) to work on /home/lucas/Área de Trabalho/apresentação/venv/lib/python3.10/site-packages/airflow/example_dags/example_nested_branch_dag.py
[2023-07-08 01:19:21,421] {processor.py:641} INFO - Processing file /home/lucas/Área de Trabalho/apresentação/venv/lib/python3.10/site-packages/airflow/example_dags/example_nested_branch_dag.py for tasks to queue
[2023-07-08 01:19:21,422] {logging_mixin.py:115} INFO - [2023-07-08 01:19:21,422] {dagbag.py:507} INFO - Filling up the DagBag from /home/lucas/Área de Trabalho/apresentação/venv/lib/python3.10/site-packages/airflow/example_dags/example_nested_branch_dag.py
[2023-07-08 01:19:21,429] {processor.py:651} INFO - DAG(s) dict_keys(['example_nested_branch_dag']) retrieved from /home/lucas/Área de Trabalho/apresentação/venv/lib/python3.10/site-packages/airflow/example_dags/example_nested_branch_dag.py
[2023-07-08 01:19:21,442] {logging_mixin.py:115} INFO - [2023-07-08 01:19:21,442] {dag.py:2379} INFO - Sync 1 DAGs
[2023-07-08 01:19:21,463] {logging_mixin.py:115} INFO - [2023-07-08 01:19:21,463] {dag.py:2927} INFO - Setting next_dagrun for example_nested_branch_dag to 2023-07-07T00:00:00+00:00, run_after=2023-07-08T00:00:00+00:00
[2023-07-08 01:19:21,480] {processor.py:161} INFO - Processing /home/lucas/Área de Trabalho/apresentação/venv/lib/python3.10/site-packages/airflow/example_dags/example_nested_branch_dag.py took 0.061 seconds
[2023-07-08 01:19:59,544] {processor.py:153} INFO - Started process (PID=41643) to work on /home/lucas/Área de Trabalho/apresentação/venv/lib/python3.10/site-packages/airflow/example_dags/example_nested_branch_dag.py
[2023-07-08 01:19:59,548] {processor.py:641} INFO - Processing file /home/lucas/Área de Trabalho/apresentação/venv/lib/python3.10/site-packages/airflow/example_dags/example_nested_branch_dag.py for tasks to queue
[2023-07-08 01:19:59,550] {logging_mixin.py:115} INFO - [2023-07-08 01:19:59,549] {dagbag.py:507} INFO - Filling up the DagBag from /home/lucas/Área de Trabalho/apresentação/venv/lib/python3.10/site-packages/airflow/example_dags/example_nested_branch_dag.py
[2023-07-08 01:19:59,571] {processor.py:651} INFO - DAG(s) dict_keys(['example_nested_branch_dag']) retrieved from /home/lucas/Área de Trabalho/apresentação/venv/lib/python3.10/site-packages/airflow/example_dags/example_nested_branch_dag.py
[2023-07-08 01:19:59,604] {logging_mixin.py:115} INFO - [2023-07-08 01:19:59,604] {dag.py:2379} INFO - Sync 1 DAGs
[2023-07-08 01:19:59,648] {logging_mixin.py:115} INFO - [2023-07-08 01:19:59,647] {dag.py:2927} INFO - Setting next_dagrun for example_nested_branch_dag to 2023-07-07T00:00:00+00:00, run_after=2023-07-08T00:00:00+00:00
[2023-07-08 01:19:59,674] {processor.py:161} INFO - Processing /home/lucas/Área de Trabalho/apresentação/venv/lib/python3.10/site-packages/airflow/example_dags/example_nested_branch_dag.py took 0.135 seconds
[2023-07-08 10:16:29,298] {processor.py:153} INFO - Started process (PID=4753) to work on /home/lucas/Área de Trabalho/apresentação/venv/lib/python3.10/site-packages/airflow/example_dags/example_nested_branch_dag.py
[2023-07-08 10:16:29,300] {processor.py:641} INFO - Processing file /home/lucas/Área de Trabalho/apresentação/venv/lib/python3.10/site-packages/airflow/example_dags/example_nested_branch_dag.py for tasks to queue
[2023-07-08 10:16:29,301] {logging_mixin.py:115} INFO - [2023-07-08 10:16:29,301] {dagbag.py:507} INFO - Filling up the DagBag from /home/lucas/Área de Trabalho/apresentação/venv/lib/python3.10/site-packages/airflow/example_dags/example_nested_branch_dag.py
[2023-07-08 10:16:29,321] {processor.py:651} INFO - DAG(s) dict_keys(['example_nested_branch_dag']) retrieved from /home/lucas/Área de Trabalho/apresentação/venv/lib/python3.10/site-packages/airflow/example_dags/example_nested_branch_dag.py
[2023-07-08 10:16:29,354] {logging_mixin.py:115} INFO - [2023-07-08 10:16:29,354] {dag.py:2379} INFO - Sync 1 DAGs
[2023-07-08 10:16:29,397] {logging_mixin.py:115} INFO - [2023-07-08 10:16:29,397] {dag.py:2927} INFO - Setting next_dagrun for example_nested_branch_dag to 2023-07-07T00:00:00+00:00, run_after=2023-07-08T00:00:00+00:00
[2023-07-08 10:16:29,422] {processor.py:161} INFO - Processing /home/lucas/Área de Trabalho/apresentação/venv/lib/python3.10/site-packages/airflow/example_dags/example_nested_branch_dag.py took 0.129 seconds
[2023-07-08 10:17:07,354] {processor.py:153} INFO - Started process (PID=5186) to work on /home/lucas/Área de Trabalho/apresentação/venv/lib/python3.10/site-packages/airflow/example_dags/example_nested_branch_dag.py
[2023-07-08 10:17:07,358] {processor.py:641} INFO - Processing file /home/lucas/Área de Trabalho/apresentação/venv/lib/python3.10/site-packages/airflow/example_dags/example_nested_branch_dag.py for tasks to queue
[2023-07-08 10:17:07,359] {logging_mixin.py:115} INFO - [2023-07-08 10:17:07,359] {dagbag.py:507} INFO - Filling up the DagBag from /home/lucas/Área de Trabalho/apresentação/venv/lib/python3.10/site-packages/airflow/example_dags/example_nested_branch_dag.py
[2023-07-08 10:17:07,380] {processor.py:651} INFO - DAG(s) dict_keys(['example_nested_branch_dag']) retrieved from /home/lucas/Área de Trabalho/apresentação/venv/lib/python3.10/site-packages/airflow/example_dags/example_nested_branch_dag.py
[2023-07-08 10:17:07,413] {logging_mixin.py:115} INFO - [2023-07-08 10:17:07,413] {dag.py:2379} INFO - Sync 1 DAGs
[2023-07-08 10:17:07,457] {logging_mixin.py:115} INFO - [2023-07-08 10:17:07,457] {dag.py:2927} INFO - Setting next_dagrun for example_nested_branch_dag to 2023-07-07T00:00:00+00:00, run_after=2023-07-08T00:00:00+00:00
[2023-07-08 10:17:07,483] {processor.py:161} INFO - Processing /home/lucas/Área de Trabalho/apresentação/venv/lib/python3.10/site-packages/airflow/example_dags/example_nested_branch_dag.py took 0.134 seconds
[2023-07-08 10:17:42,921] {processor.py:153} INFO - Started process (PID=5525) to work on /home/lucas/Área de Trabalho/apresentação/venv/lib/python3.10/site-packages/airflow/example_dags/example_nested_branch_dag.py
[2023-07-08 10:17:42,925] {processor.py:641} INFO - Processing file /home/lucas/Área de Trabalho/apresentação/venv/lib/python3.10/site-packages/airflow/example_dags/example_nested_branch_dag.py for tasks to queue
[2023-07-08 10:17:42,926] {logging_mixin.py:115} INFO - [2023-07-08 10:17:42,925] {dagbag.py:507} INFO - Filling up the DagBag from /home/lucas/Área de Trabalho/apresentação/venv/lib/python3.10/site-packages/airflow/example_dags/example_nested_branch_dag.py
[2023-07-08 10:17:42,946] {processor.py:651} INFO - DAG(s) dict_keys(['example_nested_branch_dag']) retrieved from /home/lucas/Área de Trabalho/apresentação/venv/lib/python3.10/site-packages/airflow/example_dags/example_nested_branch_dag.py
[2023-07-08 10:17:42,980] {logging_mixin.py:115} INFO - [2023-07-08 10:17:42,980] {dag.py:2379} INFO - Sync 1 DAGs
[2023-07-08 10:17:43,029] {logging_mixin.py:115} INFO - [2023-07-08 10:17:43,029] {dag.py:2927} INFO - Setting next_dagrun for example_nested_branch_dag to 2023-07-07T00:00:00+00:00, run_after=2023-07-08T00:00:00+00:00
[2023-07-08 10:17:43,055] {processor.py:161} INFO - Processing /home/lucas/Área de Trabalho/apresentação/venv/lib/python3.10/site-packages/airflow/example_dags/example_nested_branch_dag.py took 0.139 seconds
[2023-07-08 10:18:20,796] {processor.py:153} INFO - Started process (PID=5597) to work on /home/lucas/Área de Trabalho/apresentação/venv/lib/python3.10/site-packages/airflow/example_dags/example_nested_branch_dag.py
[2023-07-08 10:18:20,797] {processor.py:641} INFO - Processing file /home/lucas/Área de Trabalho/apresentação/venv/lib/python3.10/site-packages/airflow/example_dags/example_nested_branch_dag.py for tasks to queue
[2023-07-08 10:18:20,798] {logging_mixin.py:115} INFO - [2023-07-08 10:18:20,797] {dagbag.py:507} INFO - Filling up the DagBag from /home/lucas/Área de Trabalho/apresentação/venv/lib/python3.10/site-packages/airflow/example_dags/example_nested_branch_dag.py
[2023-07-08 10:18:20,818] {processor.py:651} INFO - DAG(s) dict_keys(['example_nested_branch_dag']) retrieved from /home/lucas/Área de Trabalho/apresentação/venv/lib/python3.10/site-packages/airflow/example_dags/example_nested_branch_dag.py
[2023-07-08 10:18:20,851] {logging_mixin.py:115} INFO - [2023-07-08 10:18:20,851] {dag.py:2379} INFO - Sync 1 DAGs
[2023-07-08 10:18:20,894] {logging_mixin.py:115} INFO - [2023-07-08 10:18:20,894] {dag.py:2927} INFO - Setting next_dagrun for example_nested_branch_dag to 2023-07-07T00:00:00+00:00, run_after=2023-07-08T00:00:00+00:00
[2023-07-08 10:18:20,919] {processor.py:161} INFO - Processing /home/lucas/Área de Trabalho/apresentação/venv/lib/python3.10/site-packages/airflow/example_dags/example_nested_branch_dag.py took 0.129 seconds
[2023-07-08 10:19:00,247] {processor.py:153} INFO - Started process (PID=5677) to work on /home/lucas/Área de Trabalho/apresentação/venv/lib/python3.10/site-packages/airflow/example_dags/example_nested_branch_dag.py
[2023-07-08 10:19:00,250] {processor.py:641} INFO - Processing file /home/lucas/Área de Trabalho/apresentação/venv/lib/python3.10/site-packages/airflow/example_dags/example_nested_branch_dag.py for tasks to queue
[2023-07-08 10:19:00,251] {logging_mixin.py:115} INFO - [2023-07-08 10:19:00,251] {dagbag.py:507} INFO - Filling up the DagBag from /home/lucas/Área de Trabalho/apresentação/venv/lib/python3.10/site-packages/airflow/example_dags/example_nested_branch_dag.py
[2023-07-08 10:19:00,272] {processor.py:651} INFO - DAG(s) dict_keys(['example_nested_branch_dag']) retrieved from /home/lucas/Área de Trabalho/apresentação/venv/lib/python3.10/site-packages/airflow/example_dags/example_nested_branch_dag.py
[2023-07-08 10:19:00,306] {logging_mixin.py:115} INFO - [2023-07-08 10:19:00,306] {dag.py:2379} INFO - Sync 1 DAGs
[2023-07-08 10:19:00,349] {logging_mixin.py:115} INFO - [2023-07-08 10:19:00,349] {dag.py:2927} INFO - Setting next_dagrun for example_nested_branch_dag to 2023-07-07T00:00:00+00:00, run_after=2023-07-08T00:00:00+00:00
[2023-07-08 10:19:00,376] {processor.py:161} INFO - Processing /home/lucas/Área de Trabalho/apresentação/venv/lib/python3.10/site-packages/airflow/example_dags/example_nested_branch_dag.py took 0.135 seconds
[2023-07-08 10:19:38,462] {processor.py:153} INFO - Started process (PID=5752) to work on /home/lucas/Área de Trabalho/apresentação/venv/lib/python3.10/site-packages/airflow/example_dags/example_nested_branch_dag.py
[2023-07-08 10:19:38,466] {processor.py:641} INFO - Processing file /home/lucas/Área de Trabalho/apresentação/venv/lib/python3.10/site-packages/airflow/example_dags/example_nested_branch_dag.py for tasks to queue
[2023-07-08 10:19:38,467] {logging_mixin.py:115} INFO - [2023-07-08 10:19:38,467] {dagbag.py:507} INFO - Filling up the DagBag from /home/lucas/Área de Trabalho/apresentação/venv/lib/python3.10/site-packages/airflow/example_dags/example_nested_branch_dag.py
[2023-07-08 10:19:38,488] {processor.py:651} INFO - DAG(s) dict_keys(['example_nested_branch_dag']) retrieved from /home/lucas/Área de Trabalho/apresentação/venv/lib/python3.10/site-packages/airflow/example_dags/example_nested_branch_dag.py
[2023-07-08 10:19:38,521] {logging_mixin.py:115} INFO - [2023-07-08 10:19:38,521] {dag.py:2379} INFO - Sync 1 DAGs
[2023-07-08 10:19:38,565] {logging_mixin.py:115} INFO - [2023-07-08 10:19:38,565] {dag.py:2927} INFO - Setting next_dagrun for example_nested_branch_dag to 2023-07-07T00:00:00+00:00, run_after=2023-07-08T00:00:00+00:00
[2023-07-08 10:19:38,590] {processor.py:161} INFO - Processing /home/lucas/Área de Trabalho/apresentação/venv/lib/python3.10/site-packages/airflow/example_dags/example_nested_branch_dag.py took 0.134 seconds
[2023-07-08 10:20:16,062] {processor.py:153} INFO - Started process (PID=5810) to work on /home/lucas/Área de Trabalho/apresentação/venv/lib/python3.10/site-packages/airflow/example_dags/example_nested_branch_dag.py
[2023-07-08 10:20:16,066] {processor.py:641} INFO - Processing file /home/lucas/Área de Trabalho/apresentação/venv/lib/python3.10/site-packages/airflow/example_dags/example_nested_branch_dag.py for tasks to queue
[2023-07-08 10:20:16,067] {logging_mixin.py:115} INFO - [2023-07-08 10:20:16,067] {dagbag.py:507} INFO - Filling up the DagBag from /home/lucas/Área de Trabalho/apresentação/venv/lib/python3.10/site-packages/airflow/example_dags/example_nested_branch_dag.py
[2023-07-08 10:20:16,087] {processor.py:651} INFO - DAG(s) dict_keys(['example_nested_branch_dag']) retrieved from /home/lucas/Área de Trabalho/apresentação/venv/lib/python3.10/site-packages/airflow/example_dags/example_nested_branch_dag.py
[2023-07-08 10:20:16,131] {logging_mixin.py:115} INFO - [2023-07-08 10:20:16,130] {dag.py:2379} INFO - Sync 1 DAGs
[2023-07-08 10:20:16,180] {logging_mixin.py:115} INFO - [2023-07-08 10:20:16,179] {dag.py:2927} INFO - Setting next_dagrun for example_nested_branch_dag to 2023-07-07T00:00:00+00:00, run_after=2023-07-08T00:00:00+00:00
[2023-07-08 10:20:16,207] {processor.py:161} INFO - Processing /home/lucas/Área de Trabalho/apresentação/venv/lib/python3.10/site-packages/airflow/example_dags/example_nested_branch_dag.py took 0.151 seconds
[2023-07-08 10:20:54,558] {processor.py:153} INFO - Started process (PID=5887) to work on /home/lucas/Área de Trabalho/apresentação/venv/lib/python3.10/site-packages/airflow/example_dags/example_nested_branch_dag.py
[2023-07-08 10:20:54,560] {processor.py:641} INFO - Processing file /home/lucas/Área de Trabalho/apresentação/venv/lib/python3.10/site-packages/airflow/example_dags/example_nested_branch_dag.py for tasks to queue
[2023-07-08 10:20:54,561] {logging_mixin.py:115} INFO - [2023-07-08 10:20:54,561] {dagbag.py:507} INFO - Filling up the DagBag from /home/lucas/Área de Trabalho/apresentação/venv/lib/python3.10/site-packages/airflow/example_dags/example_nested_branch_dag.py
[2023-07-08 10:20:54,582] {processor.py:651} INFO - DAG(s) dict_keys(['example_nested_branch_dag']) retrieved from /home/lucas/Área de Trabalho/apresentação/venv/lib/python3.10/site-packages/airflow/example_dags/example_nested_branch_dag.py
[2023-07-08 10:20:54,616] {logging_mixin.py:115} INFO - [2023-07-08 10:20:54,616] {dag.py:2379} INFO - Sync 1 DAGs
[2023-07-08 10:20:54,659] {logging_mixin.py:115} INFO - [2023-07-08 10:20:54,659] {dag.py:2927} INFO - Setting next_dagrun for example_nested_branch_dag to 2023-07-07T00:00:00+00:00, run_after=2023-07-08T00:00:00+00:00
[2023-07-08 10:20:54,684] {processor.py:161} INFO - Processing /home/lucas/Área de Trabalho/apresentação/venv/lib/python3.10/site-packages/airflow/example_dags/example_nested_branch_dag.py took 0.131 seconds
[2023-07-08 10:21:35,444] {processor.py:153} INFO - Started process (PID=6005) to work on /home/lucas/Área de Trabalho/apresentação/venv/lib/python3.10/site-packages/airflow/example_dags/example_nested_branch_dag.py
[2023-07-08 10:21:35,448] {processor.py:641} INFO - Processing file /home/lucas/Área de Trabalho/apresentação/venv/lib/python3.10/site-packages/airflow/example_dags/example_nested_branch_dag.py for tasks to queue
[2023-07-08 10:21:35,449] {logging_mixin.py:115} INFO - [2023-07-08 10:21:35,449] {dagbag.py:507} INFO - Filling up the DagBag from /home/lucas/Área de Trabalho/apresentação/venv/lib/python3.10/site-packages/airflow/example_dags/example_nested_branch_dag.py
[2023-07-08 10:21:35,470] {processor.py:651} INFO - DAG(s) dict_keys(['example_nested_branch_dag']) retrieved from /home/lucas/Área de Trabalho/apresentação/venv/lib/python3.10/site-packages/airflow/example_dags/example_nested_branch_dag.py
[2023-07-08 10:21:35,503] {logging_mixin.py:115} INFO - [2023-07-08 10:21:35,503] {dag.py:2379} INFO - Sync 1 DAGs
[2023-07-08 10:21:35,549] {logging_mixin.py:115} INFO - [2023-07-08 10:21:35,548] {dag.py:2927} INFO - Setting next_dagrun for example_nested_branch_dag to 2023-07-07T00:00:00+00:00, run_after=2023-07-08T00:00:00+00:00
[2023-07-08 10:21:35,573] {processor.py:161} INFO - Processing /home/lucas/Área de Trabalho/apresentação/venv/lib/python3.10/site-packages/airflow/example_dags/example_nested_branch_dag.py took 0.135 seconds
[2023-07-08 10:22:16,169] {processor.py:153} INFO - Started process (PID=6075) to work on /home/lucas/Área de Trabalho/apresentação/venv/lib/python3.10/site-packages/airflow/example_dags/example_nested_branch_dag.py
[2023-07-08 10:22:16,173] {processor.py:641} INFO - Processing file /home/lucas/Área de Trabalho/apresentação/venv/lib/python3.10/site-packages/airflow/example_dags/example_nested_branch_dag.py for tasks to queue
[2023-07-08 10:22:16,174] {logging_mixin.py:115} INFO - [2023-07-08 10:22:16,174] {dagbag.py:507} INFO - Filling up the DagBag from /home/lucas/Área de Trabalho/apresentação/venv/lib/python3.10/site-packages/airflow/example_dags/example_nested_branch_dag.py
[2023-07-08 10:22:16,195] {processor.py:651} INFO - DAG(s) dict_keys(['example_nested_branch_dag']) retrieved from /home/lucas/Área de Trabalho/apresentação/venv/lib/python3.10/site-packages/airflow/example_dags/example_nested_branch_dag.py
[2023-07-08 10:22:16,227] {logging_mixin.py:115} INFO - [2023-07-08 10:22:16,227] {dag.py:2379} INFO - Sync 1 DAGs
[2023-07-08 10:22:16,271] {logging_mixin.py:115} INFO - [2023-07-08 10:22:16,270] {dag.py:2927} INFO - Setting next_dagrun for example_nested_branch_dag to 2023-07-07T00:00:00+00:00, run_after=2023-07-08T00:00:00+00:00
[2023-07-08 10:22:16,296] {processor.py:161} INFO - Processing /home/lucas/Área de Trabalho/apresentação/venv/lib/python3.10/site-packages/airflow/example_dags/example_nested_branch_dag.py took 0.133 seconds
[2023-07-08 10:22:53,995] {processor.py:153} INFO - Started process (PID=6160) to work on /home/lucas/Área de Trabalho/apresentação/venv/lib/python3.10/site-packages/airflow/example_dags/example_nested_branch_dag.py
[2023-07-08 10:22:53,999] {processor.py:641} INFO - Processing file /home/lucas/Área de Trabalho/apresentação/venv/lib/python3.10/site-packages/airflow/example_dags/example_nested_branch_dag.py for tasks to queue
[2023-07-08 10:22:54,000] {logging_mixin.py:115} INFO - [2023-07-08 10:22:54,000] {dagbag.py:507} INFO - Filling up the DagBag from /home/lucas/Área de Trabalho/apresentação/venv/lib/python3.10/site-packages/airflow/example_dags/example_nested_branch_dag.py
[2023-07-08 10:22:54,021] {processor.py:651} INFO - DAG(s) dict_keys(['example_nested_branch_dag']) retrieved from /home/lucas/Área de Trabalho/apresentação/venv/lib/python3.10/site-packages/airflow/example_dags/example_nested_branch_dag.py
[2023-07-08 10:22:54,054] {logging_mixin.py:115} INFO - [2023-07-08 10:22:54,054] {dag.py:2379} INFO - Sync 1 DAGs
[2023-07-08 10:22:54,098] {logging_mixin.py:115} INFO - [2023-07-08 10:22:54,097] {dag.py:2927} INFO - Setting next_dagrun for example_nested_branch_dag to 2023-07-07T00:00:00+00:00, run_after=2023-07-08T00:00:00+00:00
[2023-07-08 10:22:54,123] {processor.py:161} INFO - Processing /home/lucas/Área de Trabalho/apresentação/venv/lib/python3.10/site-packages/airflow/example_dags/example_nested_branch_dag.py took 0.134 seconds
[2023-07-08 10:23:31,642] {processor.py:153} INFO - Started process (PID=6242) to work on /home/lucas/Área de Trabalho/apresentação/venv/lib/python3.10/site-packages/airflow/example_dags/example_nested_branch_dag.py
[2023-07-08 10:23:31,645] {processor.py:641} INFO - Processing file /home/lucas/Área de Trabalho/apresentação/venv/lib/python3.10/site-packages/airflow/example_dags/example_nested_branch_dag.py for tasks to queue
[2023-07-08 10:23:31,647] {logging_mixin.py:115} INFO - [2023-07-08 10:23:31,647] {dagbag.py:507} INFO - Filling up the DagBag from /home/lucas/Área de Trabalho/apresentação/venv/lib/python3.10/site-packages/airflow/example_dags/example_nested_branch_dag.py
[2023-07-08 10:23:31,668] {processor.py:651} INFO - DAG(s) dict_keys(['example_nested_branch_dag']) retrieved from /home/lucas/Área de Trabalho/apresentação/venv/lib/python3.10/site-packages/airflow/example_dags/example_nested_branch_dag.py
[2023-07-08 10:23:31,702] {logging_mixin.py:115} INFO - [2023-07-08 10:23:31,702] {dag.py:2379} INFO - Sync 1 DAGs
[2023-07-08 10:23:31,746] {logging_mixin.py:115} INFO - [2023-07-08 10:23:31,746] {dag.py:2927} INFO - Setting next_dagrun for example_nested_branch_dag to 2023-07-07T00:00:00+00:00, run_after=2023-07-08T00:00:00+00:00
[2023-07-08 10:23:31,772] {processor.py:161} INFO - Processing /home/lucas/Área de Trabalho/apresentação/venv/lib/python3.10/site-packages/airflow/example_dags/example_nested_branch_dag.py took 0.136 seconds
[2023-07-08 10:24:09,334] {processor.py:153} INFO - Started process (PID=6299) to work on /home/lucas/Área de Trabalho/apresentação/venv/lib/python3.10/site-packages/airflow/example_dags/example_nested_branch_dag.py
[2023-07-08 10:24:09,335] {processor.py:641} INFO - Processing file /home/lucas/Área de Trabalho/apresentação/venv/lib/python3.10/site-packages/airflow/example_dags/example_nested_branch_dag.py for tasks to queue
[2023-07-08 10:24:09,336] {logging_mixin.py:115} INFO - [2023-07-08 10:24:09,336] {dagbag.py:507} INFO - Filling up the DagBag from /home/lucas/Área de Trabalho/apresentação/venv/lib/python3.10/site-packages/airflow/example_dags/example_nested_branch_dag.py
[2023-07-08 10:24:09,358] {processor.py:651} INFO - DAG(s) dict_keys(['example_nested_branch_dag']) retrieved from /home/lucas/Área de Trabalho/apresentação/venv/lib/python3.10/site-packages/airflow/example_dags/example_nested_branch_dag.py
[2023-07-08 10:24:09,392] {logging_mixin.py:115} INFO - [2023-07-08 10:24:09,391] {dag.py:2379} INFO - Sync 1 DAGs
[2023-07-08 10:24:09,435] {logging_mixin.py:115} INFO - [2023-07-08 10:24:09,435] {dag.py:2927} INFO - Setting next_dagrun for example_nested_branch_dag to 2023-07-07T00:00:00+00:00, run_after=2023-07-08T00:00:00+00:00
[2023-07-08 10:24:09,460] {processor.py:161} INFO - Processing /home/lucas/Área de Trabalho/apresentação/venv/lib/python3.10/site-packages/airflow/example_dags/example_nested_branch_dag.py took 0.132 seconds
[2023-07-08 10:24:46,610] {processor.py:153} INFO - Started process (PID=6376) to work on /home/lucas/Área de Trabalho/apresentação/venv/lib/python3.10/site-packages/airflow/example_dags/example_nested_branch_dag.py
[2023-07-08 10:24:46,616] {processor.py:641} INFO - Processing file /home/lucas/Área de Trabalho/apresentação/venv/lib/python3.10/site-packages/airflow/example_dags/example_nested_branch_dag.py for tasks to queue
[2023-07-08 10:24:46,617] {logging_mixin.py:115} INFO - [2023-07-08 10:24:46,616] {dagbag.py:507} INFO - Filling up the DagBag from /home/lucas/Área de Trabalho/apresentação/venv/lib/python3.10/site-packages/airflow/example_dags/example_nested_branch_dag.py
[2023-07-08 10:24:46,637] {processor.py:651} INFO - DAG(s) dict_keys(['example_nested_branch_dag']) retrieved from /home/lucas/Área de Trabalho/apresentação/venv/lib/python3.10/site-packages/airflow/example_dags/example_nested_branch_dag.py
[2023-07-08 10:24:46,671] {logging_mixin.py:115} INFO - [2023-07-08 10:24:46,670] {dag.py:2379} INFO - Sync 1 DAGs
[2023-07-08 10:24:46,713] {logging_mixin.py:115} INFO - [2023-07-08 10:24:46,713] {dag.py:2927} INFO - Setting next_dagrun for example_nested_branch_dag to 2023-07-07T00:00:00+00:00, run_after=2023-07-08T00:00:00+00:00
[2023-07-08 10:24:46,737] {processor.py:161} INFO - Processing /home/lucas/Área de Trabalho/apresentação/venv/lib/python3.10/site-packages/airflow/example_dags/example_nested_branch_dag.py took 0.133 seconds
[2023-07-08 10:25:24,143] {processor.py:153} INFO - Started process (PID=6434) to work on /home/lucas/Área de Trabalho/apresentação/venv/lib/python3.10/site-packages/airflow/example_dags/example_nested_branch_dag.py
[2023-07-08 10:25:24,144] {processor.py:641} INFO - Processing file /home/lucas/Área de Trabalho/apresentação/venv/lib/python3.10/site-packages/airflow/example_dags/example_nested_branch_dag.py for tasks to queue
[2023-07-08 10:25:24,144] {logging_mixin.py:115} INFO - [2023-07-08 10:25:24,144] {dagbag.py:507} INFO - Filling up the DagBag from /home/lucas/Área de Trabalho/apresentação/venv/lib/python3.10/site-packages/airflow/example_dags/example_nested_branch_dag.py
[2023-07-08 10:25:24,165] {processor.py:651} INFO - DAG(s) dict_keys(['example_nested_branch_dag']) retrieved from /home/lucas/Área de Trabalho/apresentação/venv/lib/python3.10/site-packages/airflow/example_dags/example_nested_branch_dag.py
[2023-07-08 10:25:24,200] {logging_mixin.py:115} INFO - [2023-07-08 10:25:24,200] {dag.py:2379} INFO - Sync 1 DAGs
[2023-07-08 10:25:24,243] {logging_mixin.py:115} INFO - [2023-07-08 10:25:24,243] {dag.py:2927} INFO - Setting next_dagrun for example_nested_branch_dag to 2023-07-07T00:00:00+00:00, run_after=2023-07-08T00:00:00+00:00
[2023-07-08 10:25:24,267] {processor.py:161} INFO - Processing /home/lucas/Área de Trabalho/apresentação/venv/lib/python3.10/site-packages/airflow/example_dags/example_nested_branch_dag.py took 0.130 seconds
[2023-07-08 10:26:01,955] {processor.py:153} INFO - Started process (PID=6505) to work on /home/lucas/Área de Trabalho/apresentação/venv/lib/python3.10/site-packages/airflow/example_dags/example_nested_branch_dag.py
[2023-07-08 10:26:01,959] {processor.py:641} INFO - Processing file /home/lucas/Área de Trabalho/apresentação/venv/lib/python3.10/site-packages/airflow/example_dags/example_nested_branch_dag.py for tasks to queue
[2023-07-08 10:26:01,960] {logging_mixin.py:115} INFO - [2023-07-08 10:26:01,960] {dagbag.py:507} INFO - Filling up the DagBag from /home/lucas/Área de Trabalho/apresentação/venv/lib/python3.10/site-packages/airflow/example_dags/example_nested_branch_dag.py
[2023-07-08 10:26:01,981] {processor.py:651} INFO - DAG(s) dict_keys(['example_nested_branch_dag']) retrieved from /home/lucas/Área de Trabalho/apresentação/venv/lib/python3.10/site-packages/airflow/example_dags/example_nested_branch_dag.py
[2023-07-08 10:26:02,015] {logging_mixin.py:115} INFO - [2023-07-08 10:26:02,014] {dag.py:2379} INFO - Sync 1 DAGs
[2023-07-08 10:26:02,058] {logging_mixin.py:115} INFO - [2023-07-08 10:26:02,058] {dag.py:2927} INFO - Setting next_dagrun for example_nested_branch_dag to 2023-07-07T00:00:00+00:00, run_after=2023-07-08T00:00:00+00:00
[2023-07-08 10:26:02,084] {processor.py:161} INFO - Processing /home/lucas/Área de Trabalho/apresentação/venv/lib/python3.10/site-packages/airflow/example_dags/example_nested_branch_dag.py took 0.134 seconds
[2023-07-08 10:26:39,973] {processor.py:153} INFO - Started process (PID=6631) to work on /home/lucas/Área de Trabalho/apresentação/venv/lib/python3.10/site-packages/airflow/example_dags/example_nested_branch_dag.py
[2023-07-08 10:26:39,976] {processor.py:641} INFO - Processing file /home/lucas/Área de Trabalho/apresentação/venv/lib/python3.10/site-packages/airflow/example_dags/example_nested_branch_dag.py for tasks to queue
[2023-07-08 10:26:39,977] {logging_mixin.py:115} INFO - [2023-07-08 10:26:39,977] {dagbag.py:507} INFO - Filling up the DagBag from /home/lucas/Área de Trabalho/apresentação/venv/lib/python3.10/site-packages/airflow/example_dags/example_nested_branch_dag.py
[2023-07-08 10:26:39,998] {processor.py:651} INFO - DAG(s) dict_keys(['example_nested_branch_dag']) retrieved from /home/lucas/Área de Trabalho/apresentação/venv/lib/python3.10/site-packages/airflow/example_dags/example_nested_branch_dag.py
[2023-07-08 10:26:40,031] {logging_mixin.py:115} INFO - [2023-07-08 10:26:40,031] {dag.py:2379} INFO - Sync 1 DAGs
[2023-07-08 10:26:40,074] {logging_mixin.py:115} INFO - [2023-07-08 10:26:40,074] {dag.py:2927} INFO - Setting next_dagrun for example_nested_branch_dag to 2023-07-07T00:00:00+00:00, run_after=2023-07-08T00:00:00+00:00
[2023-07-08 10:26:40,101] {processor.py:161} INFO - Processing /home/lucas/Área de Trabalho/apresentação/venv/lib/python3.10/site-packages/airflow/example_dags/example_nested_branch_dag.py took 0.134 seconds
[2023-07-08 10:27:21,369] {processor.py:153} INFO - Started process (PID=6696) to work on /home/lucas/Área de Trabalho/apresentação/venv/lib/python3.10/site-packages/airflow/example_dags/example_nested_branch_dag.py
[2023-07-08 10:27:21,372] {processor.py:641} INFO - Processing file /home/lucas/Área de Trabalho/apresentação/venv/lib/python3.10/site-packages/airflow/example_dags/example_nested_branch_dag.py for tasks to queue
[2023-07-08 10:27:21,374] {logging_mixin.py:115} INFO - [2023-07-08 10:27:21,374] {dagbag.py:507} INFO - Filling up the DagBag from /home/lucas/Área de Trabalho/apresentação/venv/lib/python3.10/site-packages/airflow/example_dags/example_nested_branch_dag.py
[2023-07-08 10:27:21,394] {processor.py:651} INFO - DAG(s) dict_keys(['example_nested_branch_dag']) retrieved from /home/lucas/Área de Trabalho/apresentação/venv/lib/python3.10/site-packages/airflow/example_dags/example_nested_branch_dag.py
[2023-07-08 10:27:21,427] {logging_mixin.py:115} INFO - [2023-07-08 10:27:21,427] {dag.py:2379} INFO - Sync 1 DAGs
[2023-07-08 10:27:21,471] {logging_mixin.py:115} INFO - [2023-07-08 10:27:21,470] {dag.py:2927} INFO - Setting next_dagrun for example_nested_branch_dag to 2023-07-07T00:00:00+00:00, run_after=2023-07-08T00:00:00+00:00
[2023-07-08 10:27:21,496] {processor.py:161} INFO - Processing /home/lucas/Área de Trabalho/apresentação/venv/lib/python3.10/site-packages/airflow/example_dags/example_nested_branch_dag.py took 0.133 seconds
[2023-07-08 10:28:00,735] {processor.py:153} INFO - Started process (PID=6800) to work on /home/lucas/Área de Trabalho/apresentação/venv/lib/python3.10/site-packages/airflow/example_dags/example_nested_branch_dag.py
[2023-07-08 10:28:00,738] {processor.py:641} INFO - Processing file /home/lucas/Área de Trabalho/apresentação/venv/lib/python3.10/site-packages/airflow/example_dags/example_nested_branch_dag.py for tasks to queue
[2023-07-08 10:28:00,739] {logging_mixin.py:115} INFO - [2023-07-08 10:28:00,739] {dagbag.py:507} INFO - Filling up the DagBag from /home/lucas/Área de Trabalho/apresentação/venv/lib/python3.10/site-packages/airflow/example_dags/example_nested_branch_dag.py
[2023-07-08 10:28:00,760] {processor.py:651} INFO - DAG(s) dict_keys(['example_nested_branch_dag']) retrieved from /home/lucas/Área de Trabalho/apresentação/venv/lib/python3.10/site-packages/airflow/example_dags/example_nested_branch_dag.py
[2023-07-08 10:28:00,793] {logging_mixin.py:115} INFO - [2023-07-08 10:28:00,793] {dag.py:2379} INFO - Sync 1 DAGs
[2023-07-08 10:28:00,837] {logging_mixin.py:115} INFO - [2023-07-08 10:28:00,836] {dag.py:2927} INFO - Setting next_dagrun for example_nested_branch_dag to 2023-07-07T00:00:00+00:00, run_after=2023-07-08T00:00:00+00:00
[2023-07-08 10:28:00,866] {processor.py:161} INFO - Processing /home/lucas/Área de Trabalho/apresentação/venv/lib/python3.10/site-packages/airflow/example_dags/example_nested_branch_dag.py took 0.136 seconds
[2023-07-08 10:28:36,510] {processor.py:153} INFO - Started process (PID=6874) to work on /home/lucas/Área de Trabalho/apresentação/venv/lib/python3.10/site-packages/airflow/example_dags/example_nested_branch_dag.py
[2023-07-08 10:28:36,514] {processor.py:641} INFO - Processing file /home/lucas/Área de Trabalho/apresentação/venv/lib/python3.10/site-packages/airflow/example_dags/example_nested_branch_dag.py for tasks to queue
[2023-07-08 10:28:36,515] {logging_mixin.py:115} INFO - [2023-07-08 10:28:36,515] {dagbag.py:507} INFO - Filling up the DagBag from /home/lucas/Área de Trabalho/apresentação/venv/lib/python3.10/site-packages/airflow/example_dags/example_nested_branch_dag.py
[2023-07-08 10:28:36,536] {processor.py:651} INFO - DAG(s) dict_keys(['example_nested_branch_dag']) retrieved from /home/lucas/Área de Trabalho/apresentação/venv/lib/python3.10/site-packages/airflow/example_dags/example_nested_branch_dag.py
[2023-07-08 10:28:36,569] {logging_mixin.py:115} INFO - [2023-07-08 10:28:36,569] {dag.py:2379} INFO - Sync 1 DAGs
[2023-07-08 10:28:36,612] {logging_mixin.py:115} INFO - [2023-07-08 10:28:36,611] {dag.py:2927} INFO - Setting next_dagrun for example_nested_branch_dag to 2023-07-07T00:00:00+00:00, run_after=2023-07-08T00:00:00+00:00
[2023-07-08 10:28:36,637] {processor.py:161} INFO - Processing /home/lucas/Área de Trabalho/apresentação/venv/lib/python3.10/site-packages/airflow/example_dags/example_nested_branch_dag.py took 0.133 seconds
[2023-07-08 10:29:16,961] {processor.py:153} INFO - Started process (PID=6939) to work on /home/lucas/Área de Trabalho/apresentação/venv/lib/python3.10/site-packages/airflow/example_dags/example_nested_branch_dag.py
[2023-07-08 10:29:16,962] {processor.py:641} INFO - Processing file /home/lucas/Área de Trabalho/apresentação/venv/lib/python3.10/site-packages/airflow/example_dags/example_nested_branch_dag.py for tasks to queue
[2023-07-08 10:29:16,963] {logging_mixin.py:115} INFO - [2023-07-08 10:29:16,962] {dagbag.py:507} INFO - Filling up the DagBag from /home/lucas/Área de Trabalho/apresentação/venv/lib/python3.10/site-packages/airflow/example_dags/example_nested_branch_dag.py
[2023-07-08 10:29:16,984] {processor.py:651} INFO - DAG(s) dict_keys(['example_nested_branch_dag']) retrieved from /home/lucas/Área de Trabalho/apresentação/venv/lib/python3.10/site-packages/airflow/example_dags/example_nested_branch_dag.py
[2023-07-08 10:29:17,017] {logging_mixin.py:115} INFO - [2023-07-08 10:29:17,017] {dag.py:2379} INFO - Sync 1 DAGs
[2023-07-08 10:29:17,060] {logging_mixin.py:115} INFO - [2023-07-08 10:29:17,060] {dag.py:2927} INFO - Setting next_dagrun for example_nested_branch_dag to 2023-07-07T00:00:00+00:00, run_after=2023-07-08T00:00:00+00:00
[2023-07-08 10:29:17,084] {processor.py:161} INFO - Processing /home/lucas/Área de Trabalho/apresentação/venv/lib/python3.10/site-packages/airflow/example_dags/example_nested_branch_dag.py took 0.129 seconds
[2023-07-08 10:29:52,429] {processor.py:153} INFO - Started process (PID=7010) to work on /home/lucas/Área de Trabalho/apresentação/venv/lib/python3.10/site-packages/airflow/example_dags/example_nested_branch_dag.py
[2023-07-08 10:29:52,433] {processor.py:641} INFO - Processing file /home/lucas/Área de Trabalho/apresentação/venv/lib/python3.10/site-packages/airflow/example_dags/example_nested_branch_dag.py for tasks to queue
[2023-07-08 10:29:52,435] {logging_mixin.py:115} INFO - [2023-07-08 10:29:52,434] {dagbag.py:507} INFO - Filling up the DagBag from /home/lucas/Área de Trabalho/apresentação/venv/lib/python3.10/site-packages/airflow/example_dags/example_nested_branch_dag.py
[2023-07-08 10:29:52,455] {processor.py:651} INFO - DAG(s) dict_keys(['example_nested_branch_dag']) retrieved from /home/lucas/Área de Trabalho/apresentação/venv/lib/python3.10/site-packages/airflow/example_dags/example_nested_branch_dag.py
[2023-07-08 10:29:52,488] {logging_mixin.py:115} INFO - [2023-07-08 10:29:52,488] {dag.py:2379} INFO - Sync 1 DAGs
[2023-07-08 10:29:52,531] {logging_mixin.py:115} INFO - [2023-07-08 10:29:52,531] {dag.py:2927} INFO - Setting next_dagrun for example_nested_branch_dag to 2023-07-07T00:00:00+00:00, run_after=2023-07-08T00:00:00+00:00
[2023-07-08 10:29:52,557] {processor.py:161} INFO - Processing /home/lucas/Área de Trabalho/apresentação/venv/lib/python3.10/site-packages/airflow/example_dags/example_nested_branch_dag.py took 0.133 seconds
[2023-07-08 10:30:28,807] {processor.py:153} INFO - Started process (PID=7087) to work on /home/lucas/Área de Trabalho/apresentação/venv/lib/python3.10/site-packages/airflow/example_dags/example_nested_branch_dag.py
[2023-07-08 10:30:28,811] {processor.py:641} INFO - Processing file /home/lucas/Área de Trabalho/apresentação/venv/lib/python3.10/site-packages/airflow/example_dags/example_nested_branch_dag.py for tasks to queue
[2023-07-08 10:30:28,812] {logging_mixin.py:115} INFO - [2023-07-08 10:30:28,812] {dagbag.py:507} INFO - Filling up the DagBag from /home/lucas/Área de Trabalho/apresentação/venv/lib/python3.10/site-packages/airflow/example_dags/example_nested_branch_dag.py
[2023-07-08 10:30:28,833] {processor.py:651} INFO - DAG(s) dict_keys(['example_nested_branch_dag']) retrieved from /home/lucas/Área de Trabalho/apresentação/venv/lib/python3.10/site-packages/airflow/example_dags/example_nested_branch_dag.py
[2023-07-08 10:30:28,866] {logging_mixin.py:115} INFO - [2023-07-08 10:30:28,866] {dag.py:2379} INFO - Sync 1 DAGs
[2023-07-08 10:30:28,909] {logging_mixin.py:115} INFO - [2023-07-08 10:30:28,909] {dag.py:2927} INFO - Setting next_dagrun for example_nested_branch_dag to 2023-07-07T00:00:00+00:00, run_after=2023-07-08T00:00:00+00:00
[2023-07-08 10:30:28,940] {processor.py:161} INFO - Processing /home/lucas/Área de Trabalho/apresentação/venv/lib/python3.10/site-packages/airflow/example_dags/example_nested_branch_dag.py took 0.139 seconds
[2023-07-08 10:31:04,283] {processor.py:153} INFO - Started process (PID=7145) to work on /home/lucas/Área de Trabalho/apresentação/venv/lib/python3.10/site-packages/airflow/example_dags/example_nested_branch_dag.py
[2023-07-08 10:31:04,287] {processor.py:641} INFO - Processing file /home/lucas/Área de Trabalho/apresentação/venv/lib/python3.10/site-packages/airflow/example_dags/example_nested_branch_dag.py for tasks to queue
[2023-07-08 10:31:04,288] {logging_mixin.py:115} INFO - [2023-07-08 10:31:04,288] {dagbag.py:507} INFO - Filling up the DagBag from /home/lucas/Área de Trabalho/apresentação/venv/lib/python3.10/site-packages/airflow/example_dags/example_nested_branch_dag.py
[2023-07-08 10:31:04,311] {processor.py:651} INFO - DAG(s) dict_keys(['example_nested_branch_dag']) retrieved from /home/lucas/Área de Trabalho/apresentação/venv/lib/python3.10/site-packages/airflow/example_dags/example_nested_branch_dag.py
[2023-07-08 10:31:04,344] {logging_mixin.py:115} INFO - [2023-07-08 10:31:04,344] {dag.py:2379} INFO - Sync 1 DAGs
[2023-07-08 10:31:04,387] {logging_mixin.py:115} INFO - [2023-07-08 10:31:04,387] {dag.py:2927} INFO - Setting next_dagrun for example_nested_branch_dag to 2023-07-07T00:00:00+00:00, run_after=2023-07-08T00:00:00+00:00
[2023-07-08 10:31:04,413] {processor.py:161} INFO - Processing /home/lucas/Área de Trabalho/apresentação/venv/lib/python3.10/site-packages/airflow/example_dags/example_nested_branch_dag.py took 0.136 seconds
[2023-07-08 11:40:38,708] {processor.py:153} INFO - Started process (PID=11264) to work on /home/lucas/Área de Trabalho/apresentação/venv/lib/python3.10/site-packages/airflow/example_dags/example_nested_branch_dag.py
[2023-07-08 11:40:38,709] {processor.py:641} INFO - Processing file /home/lucas/Área de Trabalho/apresentação/venv/lib/python3.10/site-packages/airflow/example_dags/example_nested_branch_dag.py for tasks to queue
[2023-07-08 11:40:38,710] {logging_mixin.py:115} INFO - [2023-07-08 11:40:38,709] {dagbag.py:507} INFO - Filling up the DagBag from /home/lucas/Área de Trabalho/apresentação/venv/lib/python3.10/site-packages/airflow/example_dags/example_nested_branch_dag.py
[2023-07-08 11:40:38,722] {processor.py:651} INFO - DAG(s) dict_keys(['example_nested_branch_dag']) retrieved from /home/lucas/Área de Trabalho/apresentação/venv/lib/python3.10/site-packages/airflow/example_dags/example_nested_branch_dag.py
[2023-07-08 11:40:38,742] {logging_mixin.py:115} INFO - [2023-07-08 11:40:38,742] {dag.py:2379} INFO - Sync 1 DAGs
[2023-07-08 11:40:38,774] {logging_mixin.py:115} INFO - [2023-07-08 11:40:38,773] {dag.py:2927} INFO - Setting next_dagrun for example_nested_branch_dag to 2023-07-07T00:00:00+00:00, run_after=2023-07-08T00:00:00+00:00
[2023-07-08 11:40:38,795] {processor.py:161} INFO - Processing /home/lucas/Área de Trabalho/apresentação/venv/lib/python3.10/site-packages/airflow/example_dags/example_nested_branch_dag.py took 0.089 seconds
[2023-07-08 11:41:19,986] {processor.py:153} INFO - Started process (PID=11657) to work on /home/lucas/Área de Trabalho/apresentação/venv/lib/python3.10/site-packages/airflow/example_dags/example_nested_branch_dag.py
[2023-07-08 11:41:19,989] {processor.py:641} INFO - Processing file /home/lucas/Área de Trabalho/apresentação/venv/lib/python3.10/site-packages/airflow/example_dags/example_nested_branch_dag.py for tasks to queue
[2023-07-08 11:41:19,990] {logging_mixin.py:115} INFO - [2023-07-08 11:41:19,990] {dagbag.py:507} INFO - Filling up the DagBag from /home/lucas/Área de Trabalho/apresentação/venv/lib/python3.10/site-packages/airflow/example_dags/example_nested_branch_dag.py
[2023-07-08 11:41:20,012] {processor.py:651} INFO - DAG(s) dict_keys(['example_nested_branch_dag']) retrieved from /home/lucas/Área de Trabalho/apresentação/venv/lib/python3.10/site-packages/airflow/example_dags/example_nested_branch_dag.py
[2023-07-08 11:41:20,045] {logging_mixin.py:115} INFO - [2023-07-08 11:41:20,045] {dag.py:2379} INFO - Sync 1 DAGs
[2023-07-08 11:41:20,088] {logging_mixin.py:115} INFO - [2023-07-08 11:41:20,088] {dag.py:2927} INFO - Setting next_dagrun for example_nested_branch_dag to 2023-07-07T00:00:00+00:00, run_after=2023-07-08T00:00:00+00:00
[2023-07-08 11:41:20,115] {processor.py:161} INFO - Processing /home/lucas/Área de Trabalho/apresentação/venv/lib/python3.10/site-packages/airflow/example_dags/example_nested_branch_dag.py took 0.134 seconds
[2023-07-08 11:41:59,792] {processor.py:153} INFO - Started process (PID=11835) to work on /home/lucas/Área de Trabalho/apresentação/venv/lib/python3.10/site-packages/airflow/example_dags/example_nested_branch_dag.py
[2023-07-08 11:41:59,794] {processor.py:641} INFO - Processing file /home/lucas/Área de Trabalho/apresentação/venv/lib/python3.10/site-packages/airflow/example_dags/example_nested_branch_dag.py for tasks to queue
[2023-07-08 11:41:59,794] {logging_mixin.py:115} INFO - [2023-07-08 11:41:59,794] {dagbag.py:507} INFO - Filling up the DagBag from /home/lucas/Área de Trabalho/apresentação/venv/lib/python3.10/site-packages/airflow/example_dags/example_nested_branch_dag.py
[2023-07-08 11:41:59,803] {processor.py:651} INFO - DAG(s) dict_keys(['example_nested_branch_dag']) retrieved from /home/lucas/Área de Trabalho/apresentação/venv/lib/python3.10/site-packages/airflow/example_dags/example_nested_branch_dag.py
[2023-07-08 11:41:59,822] {logging_mixin.py:115} INFO - [2023-07-08 11:41:59,822] {dag.py:2379} INFO - Sync 1 DAGs
[2023-07-08 11:41:59,859] {logging_mixin.py:115} INFO - [2023-07-08 11:41:59,859] {dag.py:2927} INFO - Setting next_dagrun for example_nested_branch_dag to 2023-07-07T00:00:00+00:00, run_after=2023-07-08T00:00:00+00:00
[2023-07-08 11:41:59,887] {processor.py:161} INFO - Processing /home/lucas/Área de Trabalho/apresentação/venv/lib/python3.10/site-packages/airflow/example_dags/example_nested_branch_dag.py took 0.099 seconds
[2023-07-08 11:42:37,555] {processor.py:153} INFO - Started process (PID=11980) to work on /home/lucas/Área de Trabalho/apresentação/venv/lib/python3.10/site-packages/airflow/example_dags/example_nested_branch_dag.py
[2023-07-08 11:42:37,559] {processor.py:641} INFO - Processing file /home/lucas/Área de Trabalho/apresentação/venv/lib/python3.10/site-packages/airflow/example_dags/example_nested_branch_dag.py for tasks to queue
[2023-07-08 11:42:37,561] {logging_mixin.py:115} INFO - [2023-07-08 11:42:37,560] {dagbag.py:507} INFO - Filling up the DagBag from /home/lucas/Área de Trabalho/apresentação/venv/lib/python3.10/site-packages/airflow/example_dags/example_nested_branch_dag.py
[2023-07-08 11:42:37,581] {processor.py:651} INFO - DAG(s) dict_keys(['example_nested_branch_dag']) retrieved from /home/lucas/Área de Trabalho/apresentação/venv/lib/python3.10/site-packages/airflow/example_dags/example_nested_branch_dag.py
[2023-07-08 11:42:37,614] {logging_mixin.py:115} INFO - [2023-07-08 11:42:37,613] {dag.py:2379} INFO - Sync 1 DAGs
[2023-07-08 11:42:37,654] {logging_mixin.py:115} INFO - [2023-07-08 11:42:37,654] {dag.py:2927} INFO - Setting next_dagrun for example_nested_branch_dag to 2023-07-07T00:00:00+00:00, run_after=2023-07-08T00:00:00+00:00
[2023-07-08 11:42:37,679] {processor.py:161} INFO - Processing /home/lucas/Área de Trabalho/apresentação/venv/lib/python3.10/site-packages/airflow/example_dags/example_nested_branch_dag.py took 0.129 seconds
[2023-07-08 11:43:15,147] {processor.py:153} INFO - Started process (PID=12254) to work on /home/lucas/Área de Trabalho/apresentação/venv/lib/python3.10/site-packages/airflow/example_dags/example_nested_branch_dag.py
[2023-07-08 11:43:15,148] {processor.py:641} INFO - Processing file /home/lucas/Área de Trabalho/apresentação/venv/lib/python3.10/site-packages/airflow/example_dags/example_nested_branch_dag.py for tasks to queue
[2023-07-08 11:43:15,149] {logging_mixin.py:115} INFO - [2023-07-08 11:43:15,149] {dagbag.py:507} INFO - Filling up the DagBag from /home/lucas/Área de Trabalho/apresentação/venv/lib/python3.10/site-packages/airflow/example_dags/example_nested_branch_dag.py
[2023-07-08 11:43:15,180] {processor.py:651} INFO - DAG(s) dict_keys(['example_nested_branch_dag']) retrieved from /home/lucas/Área de Trabalho/apresentação/venv/lib/python3.10/site-packages/airflow/example_dags/example_nested_branch_dag.py
[2023-07-08 11:43:15,225] {logging_mixin.py:115} INFO - [2023-07-08 11:43:15,225] {dag.py:2379} INFO - Sync 1 DAGs
[2023-07-08 11:43:15,284] {logging_mixin.py:115} INFO - [2023-07-08 11:43:15,283] {dag.py:2927} INFO - Setting next_dagrun for example_nested_branch_dag to 2023-07-07T00:00:00+00:00, run_after=2023-07-08T00:00:00+00:00
[2023-07-08 11:43:15,319] {processor.py:161} INFO - Processing /home/lucas/Área de Trabalho/apresentação/venv/lib/python3.10/site-packages/airflow/example_dags/example_nested_branch_dag.py took 0.180 seconds
[2023-07-08 11:43:55,983] {processor.py:153} INFO - Started process (PID=12329) to work on /home/lucas/Área de Trabalho/apresentação/venv/lib/python3.10/site-packages/airflow/example_dags/example_nested_branch_dag.py
[2023-07-08 11:43:55,987] {processor.py:641} INFO - Processing file /home/lucas/Área de Trabalho/apresentação/venv/lib/python3.10/site-packages/airflow/example_dags/example_nested_branch_dag.py for tasks to queue
[2023-07-08 11:43:55,988] {logging_mixin.py:115} INFO - [2023-07-08 11:43:55,988] {dagbag.py:507} INFO - Filling up the DagBag from /home/lucas/Área de Trabalho/apresentação/venv/lib/python3.10/site-packages/airflow/example_dags/example_nested_branch_dag.py
[2023-07-08 11:43:56,012] {processor.py:651} INFO - DAG(s) dict_keys(['example_nested_branch_dag']) retrieved from /home/lucas/Área de Trabalho/apresentação/venv/lib/python3.10/site-packages/airflow/example_dags/example_nested_branch_dag.py
[2023-07-08 11:43:56,055] {logging_mixin.py:115} INFO - [2023-07-08 11:43:56,055] {dag.py:2379} INFO - Sync 1 DAGs
[2023-07-08 11:43:56,111] {logging_mixin.py:115} INFO - [2023-07-08 11:43:56,111] {dag.py:2927} INFO - Setting next_dagrun for example_nested_branch_dag to 2023-07-07T00:00:00+00:00, run_after=2023-07-08T00:00:00+00:00
[2023-07-08 11:43:56,143] {processor.py:161} INFO - Processing /home/lucas/Área de Trabalho/apresentação/venv/lib/python3.10/site-packages/airflow/example_dags/example_nested_branch_dag.py took 0.167 seconds
[2023-07-08 11:44:34,067] {processor.py:153} INFO - Started process (PID=12392) to work on /home/lucas/Área de Trabalho/apresentação/venv/lib/python3.10/site-packages/airflow/example_dags/example_nested_branch_dag.py
[2023-07-08 11:44:34,070] {processor.py:641} INFO - Processing file /home/lucas/Área de Trabalho/apresentação/venv/lib/python3.10/site-packages/airflow/example_dags/example_nested_branch_dag.py for tasks to queue
[2023-07-08 11:44:34,071] {logging_mixin.py:115} INFO - [2023-07-08 11:44:34,070] {dagbag.py:507} INFO - Filling up the DagBag from /home/lucas/Área de Trabalho/apresentação/venv/lib/python3.10/site-packages/airflow/example_dags/example_nested_branch_dag.py
[2023-07-08 11:44:34,078] {processor.py:651} INFO - DAG(s) dict_keys(['example_nested_branch_dag']) retrieved from /home/lucas/Área de Trabalho/apresentação/venv/lib/python3.10/site-packages/airflow/example_dags/example_nested_branch_dag.py
[2023-07-08 11:44:34,088] {logging_mixin.py:115} INFO - [2023-07-08 11:44:34,088] {dag.py:2379} INFO - Sync 1 DAGs
[2023-07-08 11:44:34,102] {logging_mixin.py:115} INFO - [2023-07-08 11:44:34,102] {dag.py:2927} INFO - Setting next_dagrun for example_nested_branch_dag to 2023-07-07T00:00:00+00:00, run_after=2023-07-08T00:00:00+00:00
[2023-07-08 11:44:34,114] {processor.py:161} INFO - Processing /home/lucas/Área de Trabalho/apresentação/venv/lib/python3.10/site-packages/airflow/example_dags/example_nested_branch_dag.py took 0.049 seconds
[2023-07-08 11:45:10,765] {processor.py:153} INFO - Started process (PID=12455) to work on /home/lucas/Área de Trabalho/apresentação/venv/lib/python3.10/site-packages/airflow/example_dags/example_nested_branch_dag.py
[2023-07-08 11:45:10,765] {processor.py:641} INFO - Processing file /home/lucas/Área de Trabalho/apresentação/venv/lib/python3.10/site-packages/airflow/example_dags/example_nested_branch_dag.py for tasks to queue
[2023-07-08 11:45:10,766] {logging_mixin.py:115} INFO - [2023-07-08 11:45:10,765] {dagbag.py:507} INFO - Filling up the DagBag from /home/lucas/Área de Trabalho/apresentação/venv/lib/python3.10/site-packages/airflow/example_dags/example_nested_branch_dag.py
[2023-07-08 11:45:10,772] {processor.py:651} INFO - DAG(s) dict_keys(['example_nested_branch_dag']) retrieved from /home/lucas/Área de Trabalho/apresentação/venv/lib/python3.10/site-packages/airflow/example_dags/example_nested_branch_dag.py
[2023-07-08 11:45:10,783] {logging_mixin.py:115} INFO - [2023-07-08 11:45:10,783] {dag.py:2379} INFO - Sync 1 DAGs
[2023-07-08 11:45:10,800] {logging_mixin.py:115} INFO - [2023-07-08 11:45:10,800] {dag.py:2927} INFO - Setting next_dagrun for example_nested_branch_dag to 2023-07-07T00:00:00+00:00, run_after=2023-07-08T00:00:00+00:00
[2023-07-08 11:45:10,813] {processor.py:161} INFO - Processing /home/lucas/Área de Trabalho/apresentação/venv/lib/python3.10/site-packages/airflow/example_dags/example_nested_branch_dag.py took 0.052 seconds
[2023-07-08 11:45:48,797] {processor.py:153} INFO - Started process (PID=12579) to work on /home/lucas/Área de Trabalho/apresentação/venv/lib/python3.10/site-packages/airflow/example_dags/example_nested_branch_dag.py
[2023-07-08 11:45:48,801] {processor.py:641} INFO - Processing file /home/lucas/Área de Trabalho/apresentação/venv/lib/python3.10/site-packages/airflow/example_dags/example_nested_branch_dag.py for tasks to queue
[2023-07-08 11:45:48,803] {logging_mixin.py:115} INFO - [2023-07-08 11:45:48,802] {dagbag.py:507} INFO - Filling up the DagBag from /home/lucas/Área de Trabalho/apresentação/venv/lib/python3.10/site-packages/airflow/example_dags/example_nested_branch_dag.py
[2023-07-08 11:45:48,824] {processor.py:651} INFO - DAG(s) dict_keys(['example_nested_branch_dag']) retrieved from /home/lucas/Área de Trabalho/apresentação/venv/lib/python3.10/site-packages/airflow/example_dags/example_nested_branch_dag.py
[2023-07-08 11:45:48,857] {logging_mixin.py:115} INFO - [2023-07-08 11:45:48,857] {dag.py:2379} INFO - Sync 1 DAGs
[2023-07-08 11:45:48,901] {logging_mixin.py:115} INFO - [2023-07-08 11:45:48,901] {dag.py:2927} INFO - Setting next_dagrun for example_nested_branch_dag to 2023-07-07T00:00:00+00:00, run_after=2023-07-08T00:00:00+00:00
[2023-07-08 11:45:48,927] {processor.py:161} INFO - Processing /home/lucas/Área de Trabalho/apresentação/venv/lib/python3.10/site-packages/airflow/example_dags/example_nested_branch_dag.py took 0.135 seconds
[2023-07-08 11:46:30,679] {processor.py:153} INFO - Started process (PID=12785) to work on /home/lucas/Área de Trabalho/apresentação/venv/lib/python3.10/site-packages/airflow/example_dags/example_nested_branch_dag.py
[2023-07-08 11:46:30,683] {processor.py:641} INFO - Processing file /home/lucas/Área de Trabalho/apresentação/venv/lib/python3.10/site-packages/airflow/example_dags/example_nested_branch_dag.py for tasks to queue
[2023-07-08 11:46:30,684] {logging_mixin.py:115} INFO - [2023-07-08 11:46:30,684] {dagbag.py:507} INFO - Filling up the DagBag from /home/lucas/Área de Trabalho/apresentação/venv/lib/python3.10/site-packages/airflow/example_dags/example_nested_branch_dag.py
[2023-07-08 11:46:30,708] {processor.py:651} INFO - DAG(s) dict_keys(['example_nested_branch_dag']) retrieved from /home/lucas/Área de Trabalho/apresentação/venv/lib/python3.10/site-packages/airflow/example_dags/example_nested_branch_dag.py
[2023-07-08 11:46:30,742] {logging_mixin.py:115} INFO - [2023-07-08 11:46:30,741] {dag.py:2379} INFO - Sync 1 DAGs
[2023-07-08 11:46:30,786] {logging_mixin.py:115} INFO - [2023-07-08 11:46:30,785] {dag.py:2927} INFO - Setting next_dagrun for example_nested_branch_dag to 2023-07-07T00:00:00+00:00, run_after=2023-07-08T00:00:00+00:00
[2023-07-08 11:46:30,813] {processor.py:161} INFO - Processing /home/lucas/Área de Trabalho/apresentação/venv/lib/python3.10/site-packages/airflow/example_dags/example_nested_branch_dag.py took 0.139 seconds
[2023-07-08 11:47:07,396] {processor.py:153} INFO - Started process (PID=12832) to work on /home/lucas/Área de Trabalho/apresentação/venv/lib/python3.10/site-packages/airflow/example_dags/example_nested_branch_dag.py
[2023-07-08 11:47:07,399] {processor.py:641} INFO - Processing file /home/lucas/Área de Trabalho/apresentação/venv/lib/python3.10/site-packages/airflow/example_dags/example_nested_branch_dag.py for tasks to queue
[2023-07-08 11:47:07,400] {logging_mixin.py:115} INFO - [2023-07-08 11:47:07,400] {dagbag.py:507} INFO - Filling up the DagBag from /home/lucas/Área de Trabalho/apresentação/venv/lib/python3.10/site-packages/airflow/example_dags/example_nested_branch_dag.py
[2023-07-08 11:47:07,407] {processor.py:651} INFO - DAG(s) dict_keys(['example_nested_branch_dag']) retrieved from /home/lucas/Área de Trabalho/apresentação/venv/lib/python3.10/site-packages/airflow/example_dags/example_nested_branch_dag.py
[2023-07-08 11:47:07,421] {logging_mixin.py:115} INFO - [2023-07-08 11:47:07,421] {dag.py:2379} INFO - Sync 1 DAGs
[2023-07-08 11:47:07,439] {logging_mixin.py:115} INFO - [2023-07-08 11:47:07,439] {dag.py:2927} INFO - Setting next_dagrun for example_nested_branch_dag to 2023-07-07T00:00:00+00:00, run_after=2023-07-08T00:00:00+00:00
[2023-07-08 11:47:07,461] {processor.py:161} INFO - Processing /home/lucas/Área de Trabalho/apresentação/venv/lib/python3.10/site-packages/airflow/example_dags/example_nested_branch_dag.py took 0.067 seconds
[2023-07-08 11:47:42,937] {processor.py:153} INFO - Started process (PID=12878) to work on /home/lucas/Área de Trabalho/apresentação/venv/lib/python3.10/site-packages/airflow/example_dags/example_nested_branch_dag.py
[2023-07-08 11:47:42,941] {processor.py:641} INFO - Processing file /home/lucas/Área de Trabalho/apresentação/venv/lib/python3.10/site-packages/airflow/example_dags/example_nested_branch_dag.py for tasks to queue
[2023-07-08 11:47:42,941] {logging_mixin.py:115} INFO - [2023-07-08 11:47:42,941] {dagbag.py:507} INFO - Filling up the DagBag from /home/lucas/Área de Trabalho/apresentação/venv/lib/python3.10/site-packages/airflow/example_dags/example_nested_branch_dag.py
[2023-07-08 11:47:42,956] {processor.py:651} INFO - DAG(s) dict_keys(['example_nested_branch_dag']) retrieved from /home/lucas/Área de Trabalho/apresentação/venv/lib/python3.10/site-packages/airflow/example_dags/example_nested_branch_dag.py
[2023-07-08 11:47:42,997] {logging_mixin.py:115} INFO - [2023-07-08 11:47:42,997] {dag.py:2379} INFO - Sync 1 DAGs
[2023-07-08 11:47:43,045] {logging_mixin.py:115} INFO - [2023-07-08 11:47:43,045] {dag.py:2927} INFO - Setting next_dagrun for example_nested_branch_dag to 2023-07-07T00:00:00+00:00, run_after=2023-07-08T00:00:00+00:00
[2023-07-08 11:47:43,074] {processor.py:161} INFO - Processing /home/lucas/Área de Trabalho/apresentação/venv/lib/python3.10/site-packages/airflow/example_dags/example_nested_branch_dag.py took 0.139 seconds
[2023-07-08 11:48:19,773] {processor.py:153} INFO - Started process (PID=12967) to work on /home/lucas/Área de Trabalho/apresentação/venv/lib/python3.10/site-packages/airflow/example_dags/example_nested_branch_dag.py
[2023-07-08 11:48:19,777] {processor.py:641} INFO - Processing file /home/lucas/Área de Trabalho/apresentação/venv/lib/python3.10/site-packages/airflow/example_dags/example_nested_branch_dag.py for tasks to queue
[2023-07-08 11:48:19,778] {logging_mixin.py:115} INFO - [2023-07-08 11:48:19,778] {dagbag.py:507} INFO - Filling up the DagBag from /home/lucas/Área de Trabalho/apresentação/venv/lib/python3.10/site-packages/airflow/example_dags/example_nested_branch_dag.py
[2023-07-08 11:48:19,805] {processor.py:651} INFO - DAG(s) dict_keys(['example_nested_branch_dag']) retrieved from /home/lucas/Área de Trabalho/apresentação/venv/lib/python3.10/site-packages/airflow/example_dags/example_nested_branch_dag.py
[2023-07-08 11:48:19,841] {logging_mixin.py:115} INFO - [2023-07-08 11:48:19,841] {dag.py:2379} INFO - Sync 1 DAGs
[2023-07-08 11:48:19,886] {logging_mixin.py:115} INFO - [2023-07-08 11:48:19,886] {dag.py:2927} INFO - Setting next_dagrun for example_nested_branch_dag to 2023-07-07T00:00:00+00:00, run_after=2023-07-08T00:00:00+00:00
[2023-07-08 11:48:19,918] {processor.py:161} INFO - Processing /home/lucas/Área de Trabalho/apresentação/venv/lib/python3.10/site-packages/airflow/example_dags/example_nested_branch_dag.py took 0.152 seconds
[2023-07-08 11:48:56,493] {processor.py:153} INFO - Started process (PID=13017) to work on /home/lucas/Área de Trabalho/apresentação/venv/lib/python3.10/site-packages/airflow/example_dags/example_nested_branch_dag.py
[2023-07-08 11:48:56,497] {processor.py:641} INFO - Processing file /home/lucas/Área de Trabalho/apresentação/venv/lib/python3.10/site-packages/airflow/example_dags/example_nested_branch_dag.py for tasks to queue
[2023-07-08 11:48:56,499] {logging_mixin.py:115} INFO - [2023-07-08 11:48:56,498] {dagbag.py:507} INFO - Filling up the DagBag from /home/lucas/Área de Trabalho/apresentação/venv/lib/python3.10/site-packages/airflow/example_dags/example_nested_branch_dag.py
[2023-07-08 11:48:56,527] {processor.py:651} INFO - DAG(s) dict_keys(['example_nested_branch_dag']) retrieved from /home/lucas/Área de Trabalho/apresentação/venv/lib/python3.10/site-packages/airflow/example_dags/example_nested_branch_dag.py
[2023-07-08 11:48:56,565] {logging_mixin.py:115} INFO - [2023-07-08 11:48:56,565] {dag.py:2379} INFO - Sync 1 DAGs
[2023-07-08 11:48:56,622] {logging_mixin.py:115} INFO - [2023-07-08 11:48:56,622] {dag.py:2927} INFO - Setting next_dagrun for example_nested_branch_dag to 2023-07-07T00:00:00+00:00, run_after=2023-07-08T00:00:00+00:00
[2023-07-08 11:48:56,652] {processor.py:161} INFO - Processing /home/lucas/Área de Trabalho/apresentação/venv/lib/python3.10/site-packages/airflow/example_dags/example_nested_branch_dag.py took 0.166 seconds
[2023-07-08 11:49:32,736] {processor.py:153} INFO - Started process (PID=13083) to work on /home/lucas/Área de Trabalho/apresentação/venv/lib/python3.10/site-packages/airflow/example_dags/example_nested_branch_dag.py
[2023-07-08 11:49:32,738] {processor.py:641} INFO - Processing file /home/lucas/Área de Trabalho/apresentação/venv/lib/python3.10/site-packages/airflow/example_dags/example_nested_branch_dag.py for tasks to queue
[2023-07-08 11:49:32,739] {logging_mixin.py:115} INFO - [2023-07-08 11:49:32,739] {dagbag.py:507} INFO - Filling up the DagBag from /home/lucas/Área de Trabalho/apresentação/venv/lib/python3.10/site-packages/airflow/example_dags/example_nested_branch_dag.py
[2023-07-08 11:49:32,765] {processor.py:651} INFO - DAG(s) dict_keys(['example_nested_branch_dag']) retrieved from /home/lucas/Área de Trabalho/apresentação/venv/lib/python3.10/site-packages/airflow/example_dags/example_nested_branch_dag.py
[2023-07-08 11:49:32,804] {logging_mixin.py:115} INFO - [2023-07-08 11:49:32,804] {dag.py:2379} INFO - Sync 1 DAGs
[2023-07-08 11:49:32,858] {logging_mixin.py:115} INFO - [2023-07-08 11:49:32,857] {dag.py:2927} INFO - Setting next_dagrun for example_nested_branch_dag to 2023-07-07T00:00:00+00:00, run_after=2023-07-08T00:00:00+00:00
[2023-07-08 11:49:32,887] {processor.py:161} INFO - Processing /home/lucas/Área de Trabalho/apresentação/venv/lib/python3.10/site-packages/airflow/example_dags/example_nested_branch_dag.py took 0.157 seconds
[2023-07-08 11:50:08,695] {processor.py:153} INFO - Started process (PID=13129) to work on /home/lucas/Área de Trabalho/apresentação/venv/lib/python3.10/site-packages/airflow/example_dags/example_nested_branch_dag.py
[2023-07-08 11:50:08,699] {processor.py:641} INFO - Processing file /home/lucas/Área de Trabalho/apresentação/venv/lib/python3.10/site-packages/airflow/example_dags/example_nested_branch_dag.py for tasks to queue
[2023-07-08 11:50:08,700] {logging_mixin.py:115} INFO - [2023-07-08 11:50:08,700] {dagbag.py:507} INFO - Filling up the DagBag from /home/lucas/Área de Trabalho/apresentação/venv/lib/python3.10/site-packages/airflow/example_dags/example_nested_branch_dag.py
[2023-07-08 11:50:08,723] {processor.py:651} INFO - DAG(s) dict_keys(['example_nested_branch_dag']) retrieved from /home/lucas/Área de Trabalho/apresentação/venv/lib/python3.10/site-packages/airflow/example_dags/example_nested_branch_dag.py
[2023-07-08 11:50:08,757] {logging_mixin.py:115} INFO - [2023-07-08 11:50:08,757] {dag.py:2379} INFO - Sync 1 DAGs
[2023-07-08 11:50:08,801] {logging_mixin.py:115} INFO - [2023-07-08 11:50:08,800] {dag.py:2927} INFO - Setting next_dagrun for example_nested_branch_dag to 2023-07-07T00:00:00+00:00, run_after=2023-07-08T00:00:00+00:00
[2023-07-08 11:50:08,818] {processor.py:161} INFO - Processing /home/lucas/Área de Trabalho/apresentação/venv/lib/python3.10/site-packages/airflow/example_dags/example_nested_branch_dag.py took 0.129 seconds
[2023-07-08 11:50:51,128] {processor.py:153} INFO - Started process (PID=13282) to work on /home/lucas/Área de Trabalho/apresentação/venv/lib/python3.10/site-packages/airflow/example_dags/example_nested_branch_dag.py
[2023-07-08 11:50:51,129] {processor.py:641} INFO - Processing file /home/lucas/Área de Trabalho/apresentação/venv/lib/python3.10/site-packages/airflow/example_dags/example_nested_branch_dag.py for tasks to queue
[2023-07-08 11:50:51,130] {logging_mixin.py:115} INFO - [2023-07-08 11:50:51,130] {dagbag.py:507} INFO - Filling up the DagBag from /home/lucas/Área de Trabalho/apresentação/venv/lib/python3.10/site-packages/airflow/example_dags/example_nested_branch_dag.py
[2023-07-08 11:50:51,152] {processor.py:651} INFO - DAG(s) dict_keys(['example_nested_branch_dag']) retrieved from /home/lucas/Área de Trabalho/apresentação/venv/lib/python3.10/site-packages/airflow/example_dags/example_nested_branch_dag.py
[2023-07-08 11:50:51,186] {logging_mixin.py:115} INFO - [2023-07-08 11:50:51,186] {dag.py:2379} INFO - Sync 1 DAGs
[2023-07-08 11:50:51,230] {logging_mixin.py:115} INFO - [2023-07-08 11:50:51,230] {dag.py:2927} INFO - Setting next_dagrun for example_nested_branch_dag to 2023-07-07T00:00:00+00:00, run_after=2023-07-08T00:00:00+00:00
[2023-07-08 11:50:51,256] {processor.py:161} INFO - Processing /home/lucas/Área de Trabalho/apresentação/venv/lib/python3.10/site-packages/airflow/example_dags/example_nested_branch_dag.py took 0.134 seconds
[2023-07-08 11:51:30,400] {processor.py:153} INFO - Started process (PID=13328) to work on /home/lucas/Área de Trabalho/apresentação/venv/lib/python3.10/site-packages/airflow/example_dags/example_nested_branch_dag.py
[2023-07-08 11:51:30,404] {processor.py:641} INFO - Processing file /home/lucas/Área de Trabalho/apresentação/venv/lib/python3.10/site-packages/airflow/example_dags/example_nested_branch_dag.py for tasks to queue
[2023-07-08 11:51:30,405] {logging_mixin.py:115} INFO - [2023-07-08 11:51:30,405] {dagbag.py:507} INFO - Filling up the DagBag from /home/lucas/Área de Trabalho/apresentação/venv/lib/python3.10/site-packages/airflow/example_dags/example_nested_branch_dag.py
[2023-07-08 11:51:30,426] {processor.py:651} INFO - DAG(s) dict_keys(['example_nested_branch_dag']) retrieved from /home/lucas/Área de Trabalho/apresentação/venv/lib/python3.10/site-packages/airflow/example_dags/example_nested_branch_dag.py
[2023-07-08 11:51:30,460] {logging_mixin.py:115} INFO - [2023-07-08 11:51:30,459] {dag.py:2379} INFO - Sync 1 DAGs
[2023-07-08 11:51:30,505] {logging_mixin.py:115} INFO - [2023-07-08 11:51:30,504] {dag.py:2927} INFO - Setting next_dagrun for example_nested_branch_dag to 2023-07-07T00:00:00+00:00, run_after=2023-07-08T00:00:00+00:00
[2023-07-08 11:51:30,531] {processor.py:161} INFO - Processing /home/lucas/Área de Trabalho/apresentação/venv/lib/python3.10/site-packages/airflow/example_dags/example_nested_branch_dag.py took 0.136 seconds
[2023-07-08 11:52:07,796] {processor.py:153} INFO - Started process (PID=13373) to work on /home/lucas/Área de Trabalho/apresentação/venv/lib/python3.10/site-packages/airflow/example_dags/example_nested_branch_dag.py
[2023-07-08 11:52:07,800] {processor.py:641} INFO - Processing file /home/lucas/Área de Trabalho/apresentação/venv/lib/python3.10/site-packages/airflow/example_dags/example_nested_branch_dag.py for tasks to queue
[2023-07-08 11:52:07,801] {logging_mixin.py:115} INFO - [2023-07-08 11:52:07,801] {dagbag.py:507} INFO - Filling up the DagBag from /home/lucas/Área de Trabalho/apresentação/venv/lib/python3.10/site-packages/airflow/example_dags/example_nested_branch_dag.py
[2023-07-08 11:52:07,822] {processor.py:651} INFO - DAG(s) dict_keys(['example_nested_branch_dag']) retrieved from /home/lucas/Área de Trabalho/apresentação/venv/lib/python3.10/site-packages/airflow/example_dags/example_nested_branch_dag.py
[2023-07-08 11:52:07,856] {logging_mixin.py:115} INFO - [2023-07-08 11:52:07,856] {dag.py:2379} INFO - Sync 1 DAGs
[2023-07-08 11:52:07,901] {logging_mixin.py:115} INFO - [2023-07-08 11:52:07,900] {dag.py:2927} INFO - Setting next_dagrun for example_nested_branch_dag to 2023-07-07T00:00:00+00:00, run_after=2023-07-08T00:00:00+00:00
[2023-07-08 11:52:07,926] {processor.py:161} INFO - Processing /home/lucas/Área de Trabalho/apresentação/venv/lib/python3.10/site-packages/airflow/example_dags/example_nested_branch_dag.py took 0.135 seconds
