[2023-07-08 01:02:45,323] {processor.py:153} INFO - Started process (PID=36055) to work on /home/lucas/Área de Trabalho/apresentação/venv/lib/python3.10/site-packages/airflow/example_dags/example_branch_python_dop_operator_3.py
[2023-07-08 01:02:45,324] {processor.py:641} INFO - Processing file /home/lucas/Área de Trabalho/apresentação/venv/lib/python3.10/site-packages/airflow/example_dags/example_branch_python_dop_operator_3.py for tasks to queue
[2023-07-08 01:02:45,325] {logging_mixin.py:115} INFO - [2023-07-08 01:02:45,325] {dagbag.py:507} INFO - Filling up the DagBag from /home/lucas/Área de Trabalho/apresentação/venv/lib/python3.10/site-packages/airflow/example_dags/example_branch_python_dop_operator_3.py
[2023-07-08 01:02:45,348] {processor.py:651} INFO - DAG(s) dict_keys(['example_branch_dop_operator_v3']) retrieved from /home/lucas/Área de Trabalho/apresentação/venv/lib/python3.10/site-packages/airflow/example_dags/example_branch_python_dop_operator_3.py
[2023-07-08 01:02:45,380] {logging_mixin.py:115} INFO - [2023-07-08 01:02:45,380] {dag.py:2379} INFO - Sync 1 DAGs
[2023-07-08 01:02:45,434] {logging_mixin.py:115} INFO - [2023-07-08 01:02:45,434] {dag.py:2927} INFO - Setting next_dagrun for example_branch_dop_operator_v3 to 2023-07-08T04:01:00+00:00, run_after=2023-07-08T04:02:00+00:00
[2023-07-08 01:02:45,461] {processor.py:161} INFO - Processing /home/lucas/Área de Trabalho/apresentação/venv/lib/python3.10/site-packages/airflow/example_dags/example_branch_python_dop_operator_3.py took 0.144 seconds
[2023-07-08 01:03:32,015] {processor.py:153} INFO - Started process (PID=36526) to work on /home/lucas/Área de Trabalho/apresentação/venv/lib/python3.10/site-packages/airflow/example_dags/example_branch_python_dop_operator_3.py
[2023-07-08 01:03:32,016] {processor.py:641} INFO - Processing file /home/lucas/Área de Trabalho/apresentação/venv/lib/python3.10/site-packages/airflow/example_dags/example_branch_python_dop_operator_3.py for tasks to queue
[2023-07-08 01:03:32,017] {logging_mixin.py:115} INFO - [2023-07-08 01:03:32,017] {dagbag.py:507} INFO - Filling up the DagBag from /home/lucas/Área de Trabalho/apresentação/venv/lib/python3.10/site-packages/airflow/example_dags/example_branch_python_dop_operator_3.py
[2023-07-08 01:03:32,039] {processor.py:651} INFO - DAG(s) dict_keys(['example_branch_dop_operator_v3']) retrieved from /home/lucas/Área de Trabalho/apresentação/venv/lib/python3.10/site-packages/airflow/example_dags/example_branch_python_dop_operator_3.py
[2023-07-08 01:03:32,073] {logging_mixin.py:115} INFO - [2023-07-08 01:03:32,073] {dag.py:2379} INFO - Sync 1 DAGs
[2023-07-08 01:03:32,128] {logging_mixin.py:115} INFO - [2023-07-08 01:03:32,128] {dag.py:2927} INFO - Setting next_dagrun for example_branch_dop_operator_v3 to 2023-07-08T04:02:00+00:00, run_after=2023-07-08T04:03:00+00:00
[2023-07-08 01:03:32,155] {processor.py:161} INFO - Processing /home/lucas/Área de Trabalho/apresentação/venv/lib/python3.10/site-packages/airflow/example_dags/example_branch_python_dop_operator_3.py took 0.146 seconds
[2023-07-08 01:04:23,730] {processor.py:153} INFO - Started process (PID=36924) to work on /home/lucas/Área de Trabalho/apresentação/venv/lib/python3.10/site-packages/airflow/example_dags/example_branch_python_dop_operator_3.py
[2023-07-08 01:04:23,730] {processor.py:641} INFO - Processing file /home/lucas/Área de Trabalho/apresentação/venv/lib/python3.10/site-packages/airflow/example_dags/example_branch_python_dop_operator_3.py for tasks to queue
[2023-07-08 01:04:23,731] {logging_mixin.py:115} INFO - [2023-07-08 01:04:23,731] {dagbag.py:507} INFO - Filling up the DagBag from /home/lucas/Área de Trabalho/apresentação/venv/lib/python3.10/site-packages/airflow/example_dags/example_branch_python_dop_operator_3.py
[2023-07-08 01:04:23,741] {processor.py:651} INFO - DAG(s) dict_keys(['example_branch_dop_operator_v3']) retrieved from /home/lucas/Área de Trabalho/apresentação/venv/lib/python3.10/site-packages/airflow/example_dags/example_branch_python_dop_operator_3.py
[2023-07-08 01:04:23,752] {logging_mixin.py:115} INFO - [2023-07-08 01:04:23,752] {dag.py:2379} INFO - Sync 1 DAGs
[2023-07-08 01:04:23,769] {logging_mixin.py:115} INFO - [2023-07-08 01:04:23,769] {dag.py:2927} INFO - Setting next_dagrun for example_branch_dop_operator_v3 to 2023-07-08T04:03:00+00:00, run_after=2023-07-08T04:04:00+00:00
[2023-07-08 01:04:23,779] {processor.py:161} INFO - Processing /home/lucas/Área de Trabalho/apresentação/venv/lib/python3.10/site-packages/airflow/example_dags/example_branch_python_dop_operator_3.py took 0.051 seconds
[2023-07-08 01:07:08,033] {processor.py:153} INFO - Started process (PID=38827) to work on /home/lucas/Área de Trabalho/apresentação/venv/lib/python3.10/site-packages/airflow/example_dags/example_branch_python_dop_operator_3.py
[2023-07-08 01:07:08,037] {processor.py:641} INFO - Processing file /home/lucas/Área de Trabalho/apresentação/venv/lib/python3.10/site-packages/airflow/example_dags/example_branch_python_dop_operator_3.py for tasks to queue
[2023-07-08 01:07:08,038] {logging_mixin.py:115} INFO - [2023-07-08 01:07:08,038] {dagbag.py:507} INFO - Filling up the DagBag from /home/lucas/Área de Trabalho/apresentação/venv/lib/python3.10/site-packages/airflow/example_dags/example_branch_python_dop_operator_3.py
[2023-07-08 01:07:08,059] {processor.py:651} INFO - DAG(s) dict_keys(['example_branch_dop_operator_v3']) retrieved from /home/lucas/Área de Trabalho/apresentação/venv/lib/python3.10/site-packages/airflow/example_dags/example_branch_python_dop_operator_3.py
[2023-07-08 01:07:08,091] {logging_mixin.py:115} INFO - [2023-07-08 01:07:08,091] {dag.py:2379} INFO - Sync 1 DAGs
[2023-07-08 01:07:08,140] {logging_mixin.py:115} INFO - [2023-07-08 01:07:08,140] {dag.py:2927} INFO - Setting next_dagrun for example_branch_dop_operator_v3 to 2023-07-08T04:06:00+00:00, run_after=2023-07-08T04:07:00+00:00
[2023-07-08 01:07:08,163] {processor.py:161} INFO - Processing /home/lucas/Área de Trabalho/apresentação/venv/lib/python3.10/site-packages/airflow/example_dags/example_branch_python_dop_operator_3.py took 0.135 seconds
[2023-07-08 01:07:47,319] {processor.py:153} INFO - Started process (PID=38915) to work on /home/lucas/Área de Trabalho/apresentação/venv/lib/python3.10/site-packages/airflow/example_dags/example_branch_python_dop_operator_3.py
[2023-07-08 01:07:47,323] {processor.py:641} INFO - Processing file /home/lucas/Área de Trabalho/apresentação/venv/lib/python3.10/site-packages/airflow/example_dags/example_branch_python_dop_operator_3.py for tasks to queue
[2023-07-08 01:07:47,324] {logging_mixin.py:115} INFO - [2023-07-08 01:07:47,324] {dagbag.py:507} INFO - Filling up the DagBag from /home/lucas/Área de Trabalho/apresentação/venv/lib/python3.10/site-packages/airflow/example_dags/example_branch_python_dop_operator_3.py
[2023-07-08 01:07:47,344] {processor.py:651} INFO - DAG(s) dict_keys(['example_branch_dop_operator_v3']) retrieved from /home/lucas/Área de Trabalho/apresentação/venv/lib/python3.10/site-packages/airflow/example_dags/example_branch_python_dop_operator_3.py
[2023-07-08 01:07:47,376] {logging_mixin.py:115} INFO - [2023-07-08 01:07:47,376] {dag.py:2379} INFO - Sync 1 DAGs
[2023-07-08 01:07:47,428] {logging_mixin.py:115} INFO - [2023-07-08 01:07:47,428] {dag.py:2927} INFO - Setting next_dagrun for example_branch_dop_operator_v3 to 2023-07-08T04:06:00+00:00, run_after=2023-07-08T04:07:00+00:00
[2023-07-08 01:07:47,456] {processor.py:161} INFO - Processing /home/lucas/Área de Trabalho/apresentação/venv/lib/python3.10/site-packages/airflow/example_dags/example_branch_python_dop_operator_3.py took 0.142 seconds
[2023-07-08 01:08:26,665] {processor.py:153} INFO - Started process (PID=39004) to work on /home/lucas/Área de Trabalho/apresentação/venv/lib/python3.10/site-packages/airflow/example_dags/example_branch_python_dop_operator_3.py
[2023-07-08 01:08:26,666] {processor.py:641} INFO - Processing file /home/lucas/Área de Trabalho/apresentação/venv/lib/python3.10/site-packages/airflow/example_dags/example_branch_python_dop_operator_3.py for tasks to queue
[2023-07-08 01:08:26,667] {logging_mixin.py:115} INFO - [2023-07-08 01:08:26,667] {dagbag.py:507} INFO - Filling up the DagBag from /home/lucas/Área de Trabalho/apresentação/venv/lib/python3.10/site-packages/airflow/example_dags/example_branch_python_dop_operator_3.py
[2023-07-08 01:08:26,687] {processor.py:651} INFO - DAG(s) dict_keys(['example_branch_dop_operator_v3']) retrieved from /home/lucas/Área de Trabalho/apresentação/venv/lib/python3.10/site-packages/airflow/example_dags/example_branch_python_dop_operator_3.py
[2023-07-08 01:08:26,720] {logging_mixin.py:115} INFO - [2023-07-08 01:08:26,719] {dag.py:2379} INFO - Sync 1 DAGs
[2023-07-08 01:08:26,772] {logging_mixin.py:115} INFO - [2023-07-08 01:08:26,771] {dag.py:2927} INFO - Setting next_dagrun for example_branch_dop_operator_v3 to 2023-07-08T04:07:00+00:00, run_after=2023-07-08T04:08:00+00:00
[2023-07-08 01:08:26,799] {processor.py:161} INFO - Processing /home/lucas/Área de Trabalho/apresentação/venv/lib/python3.10/site-packages/airflow/example_dags/example_branch_python_dop_operator_3.py took 0.139 seconds
[2023-07-08 01:09:05,846] {processor.py:153} INFO - Started process (PID=39067) to work on /home/lucas/Área de Trabalho/apresentação/venv/lib/python3.10/site-packages/airflow/example_dags/example_branch_python_dop_operator_3.py
[2023-07-08 01:09:05,848] {processor.py:641} INFO - Processing file /home/lucas/Área de Trabalho/apresentação/venv/lib/python3.10/site-packages/airflow/example_dags/example_branch_python_dop_operator_3.py for tasks to queue
[2023-07-08 01:09:05,849] {logging_mixin.py:115} INFO - [2023-07-08 01:09:05,849] {dagbag.py:507} INFO - Filling up the DagBag from /home/lucas/Área de Trabalho/apresentação/venv/lib/python3.10/site-packages/airflow/example_dags/example_branch_python_dop_operator_3.py
[2023-07-08 01:09:05,872] {processor.py:651} INFO - DAG(s) dict_keys(['example_branch_dop_operator_v3']) retrieved from /home/lucas/Área de Trabalho/apresentação/venv/lib/python3.10/site-packages/airflow/example_dags/example_branch_python_dop_operator_3.py
[2023-07-08 01:09:05,908] {logging_mixin.py:115} INFO - [2023-07-08 01:09:05,908] {dag.py:2379} INFO - Sync 1 DAGs
[2023-07-08 01:09:05,960] {logging_mixin.py:115} INFO - [2023-07-08 01:09:05,960] {dag.py:2927} INFO - Setting next_dagrun for example_branch_dop_operator_v3 to 2023-07-08T04:08:00+00:00, run_after=2023-07-08T04:09:00+00:00
[2023-07-08 01:09:05,985] {processor.py:161} INFO - Processing /home/lucas/Área de Trabalho/apresentação/venv/lib/python3.10/site-packages/airflow/example_dags/example_branch_python_dop_operator_3.py took 0.144 seconds
[2023-07-08 01:09:48,267] {processor.py:153} INFO - Started process (PID=39168) to work on /home/lucas/Área de Trabalho/apresentação/venv/lib/python3.10/site-packages/airflow/example_dags/example_branch_python_dop_operator_3.py
[2023-07-08 01:09:48,271] {processor.py:641} INFO - Processing file /home/lucas/Área de Trabalho/apresentação/venv/lib/python3.10/site-packages/airflow/example_dags/example_branch_python_dop_operator_3.py for tasks to queue
[2023-07-08 01:09:48,272] {logging_mixin.py:115} INFO - [2023-07-08 01:09:48,272] {dagbag.py:507} INFO - Filling up the DagBag from /home/lucas/Área de Trabalho/apresentação/venv/lib/python3.10/site-packages/airflow/example_dags/example_branch_python_dop_operator_3.py
[2023-07-08 01:09:48,301] {processor.py:651} INFO - DAG(s) dict_keys(['example_branch_dop_operator_v3']) retrieved from /home/lucas/Área de Trabalho/apresentação/venv/lib/python3.10/site-packages/airflow/example_dags/example_branch_python_dop_operator_3.py
[2023-07-08 01:09:48,338] {logging_mixin.py:115} INFO - [2023-07-08 01:09:48,338] {dag.py:2379} INFO - Sync 1 DAGs
[2023-07-08 01:09:48,403] {logging_mixin.py:115} INFO - [2023-07-08 01:09:48,403] {dag.py:2927} INFO - Setting next_dagrun for example_branch_dop_operator_v3 to 2023-07-08T04:08:00+00:00, run_after=2023-07-08T04:09:00+00:00
[2023-07-08 01:09:48,435] {processor.py:161} INFO - Processing /home/lucas/Área de Trabalho/apresentação/venv/lib/python3.10/site-packages/airflow/example_dags/example_branch_python_dop_operator_3.py took 0.175 seconds
[2023-07-08 01:10:29,475] {processor.py:153} INFO - Started process (PID=39257) to work on /home/lucas/Área de Trabalho/apresentação/venv/lib/python3.10/site-packages/airflow/example_dags/example_branch_python_dop_operator_3.py
[2023-07-08 01:10:29,479] {processor.py:641} INFO - Processing file /home/lucas/Área de Trabalho/apresentação/venv/lib/python3.10/site-packages/airflow/example_dags/example_branch_python_dop_operator_3.py for tasks to queue
[2023-07-08 01:10:29,480] {logging_mixin.py:115} INFO - [2023-07-08 01:10:29,480] {dagbag.py:507} INFO - Filling up the DagBag from /home/lucas/Área de Trabalho/apresentação/venv/lib/python3.10/site-packages/airflow/example_dags/example_branch_python_dop_operator_3.py
[2023-07-08 01:10:29,502] {processor.py:651} INFO - DAG(s) dict_keys(['example_branch_dop_operator_v3']) retrieved from /home/lucas/Área de Trabalho/apresentação/venv/lib/python3.10/site-packages/airflow/example_dags/example_branch_python_dop_operator_3.py
[2023-07-08 01:10:29,535] {logging_mixin.py:115} INFO - [2023-07-08 01:10:29,535] {dag.py:2379} INFO - Sync 1 DAGs
[2023-07-08 01:10:29,589] {logging_mixin.py:115} INFO - [2023-07-08 01:10:29,589] {dag.py:2927} INFO - Setting next_dagrun for example_branch_dop_operator_v3 to 2023-07-08T04:09:00+00:00, run_after=2023-07-08T04:10:00+00:00
[2023-07-08 01:10:29,614] {processor.py:161} INFO - Processing /home/lucas/Área de Trabalho/apresentação/venv/lib/python3.10/site-packages/airflow/example_dags/example_branch_python_dop_operator_3.py took 0.144 seconds
[2023-07-08 01:11:20,595] {processor.py:153} INFO - Started process (PID=39657) to work on /home/lucas/Área de Trabalho/apresentação/venv/lib/python3.10/site-packages/airflow/example_dags/example_branch_python_dop_operator_3.py
[2023-07-08 01:11:20,596] {processor.py:641} INFO - Processing file /home/lucas/Área de Trabalho/apresentação/venv/lib/python3.10/site-packages/airflow/example_dags/example_branch_python_dop_operator_3.py for tasks to queue
[2023-07-08 01:11:20,597] {logging_mixin.py:115} INFO - [2023-07-08 01:11:20,597] {dagbag.py:507} INFO - Filling up the DagBag from /home/lucas/Área de Trabalho/apresentação/venv/lib/python3.10/site-packages/airflow/example_dags/example_branch_python_dop_operator_3.py
[2023-07-08 01:11:20,618] {processor.py:651} INFO - DAG(s) dict_keys(['example_branch_dop_operator_v3']) retrieved from /home/lucas/Área de Trabalho/apresentação/venv/lib/python3.10/site-packages/airflow/example_dags/example_branch_python_dop_operator_3.py
[2023-07-08 01:11:20,651] {logging_mixin.py:115} INFO - [2023-07-08 01:11:20,651] {dag.py:2379} INFO - Sync 1 DAGs
[2023-07-08 01:11:20,703] {logging_mixin.py:115} INFO - [2023-07-08 01:11:20,703] {dag.py:2927} INFO - Setting next_dagrun for example_branch_dop_operator_v3 to 2023-07-08T04:10:00+00:00, run_after=2023-07-08T04:11:00+00:00
[2023-07-08 01:11:20,728] {processor.py:161} INFO - Processing /home/lucas/Área de Trabalho/apresentação/venv/lib/python3.10/site-packages/airflow/example_dags/example_branch_python_dop_operator_3.py took 0.139 seconds
[2023-07-08 01:12:00,594] {processor.py:153} INFO - Started process (PID=39808) to work on /home/lucas/Área de Trabalho/apresentação/venv/lib/python3.10/site-packages/airflow/example_dags/example_branch_python_dop_operator_3.py
[2023-07-08 01:12:00,596] {processor.py:641} INFO - Processing file /home/lucas/Área de Trabalho/apresentação/venv/lib/python3.10/site-packages/airflow/example_dags/example_branch_python_dop_operator_3.py for tasks to queue
[2023-07-08 01:12:00,597] {logging_mixin.py:115} INFO - [2023-07-08 01:12:00,597] {dagbag.py:507} INFO - Filling up the DagBag from /home/lucas/Área de Trabalho/apresentação/venv/lib/python3.10/site-packages/airflow/example_dags/example_branch_python_dop_operator_3.py
[2023-07-08 01:12:00,622] {processor.py:651} INFO - DAG(s) dict_keys(['example_branch_dop_operator_v3']) retrieved from /home/lucas/Área de Trabalho/apresentação/venv/lib/python3.10/site-packages/airflow/example_dags/example_branch_python_dop_operator_3.py
[2023-07-08 01:12:00,659] {logging_mixin.py:115} INFO - [2023-07-08 01:12:00,659] {dag.py:2379} INFO - Sync 1 DAGs
[2023-07-08 01:12:00,737] {logging_mixin.py:115} INFO - [2023-07-08 01:12:00,736] {dag.py:2927} INFO - Setting next_dagrun for example_branch_dop_operator_v3 to 2023-07-08T04:11:00+00:00, run_after=2023-07-08T04:12:00+00:00
[2023-07-08 01:12:00,766] {processor.py:161} INFO - Processing /home/lucas/Área de Trabalho/apresentação/venv/lib/python3.10/site-packages/airflow/example_dags/example_branch_python_dop_operator_3.py took 0.177 seconds
[2023-07-08 01:12:41,214] {processor.py:153} INFO - Started process (PID=39971) to work on /home/lucas/Área de Trabalho/apresentação/venv/lib/python3.10/site-packages/airflow/example_dags/example_branch_python_dop_operator_3.py
[2023-07-08 01:12:41,217] {processor.py:641} INFO - Processing file /home/lucas/Área de Trabalho/apresentação/venv/lib/python3.10/site-packages/airflow/example_dags/example_branch_python_dop_operator_3.py for tasks to queue
[2023-07-08 01:12:41,219] {logging_mixin.py:115} INFO - [2023-07-08 01:12:41,218] {dagbag.py:507} INFO - Filling up the DagBag from /home/lucas/Área de Trabalho/apresentação/venv/lib/python3.10/site-packages/airflow/example_dags/example_branch_python_dop_operator_3.py
[2023-07-08 01:12:41,241] {processor.py:651} INFO - DAG(s) dict_keys(['example_branch_dop_operator_v3']) retrieved from /home/lucas/Área de Trabalho/apresentação/venv/lib/python3.10/site-packages/airflow/example_dags/example_branch_python_dop_operator_3.py
[2023-07-08 01:12:41,274] {logging_mixin.py:115} INFO - [2023-07-08 01:12:41,274] {dag.py:2379} INFO - Sync 1 DAGs
[2023-07-08 01:12:41,327] {logging_mixin.py:115} INFO - [2023-07-08 01:12:41,326] {dag.py:2927} INFO - Setting next_dagrun for example_branch_dop_operator_v3 to 2023-07-08T04:11:00+00:00, run_after=2023-07-08T04:12:00+00:00
[2023-07-08 01:12:41,353] {processor.py:161} INFO - Processing /home/lucas/Área de Trabalho/apresentação/venv/lib/python3.10/site-packages/airflow/example_dags/example_branch_python_dop_operator_3.py took 0.145 seconds
[2023-07-08 01:13:23,613] {processor.py:153} INFO - Started process (PID=40070) to work on /home/lucas/Área de Trabalho/apresentação/venv/lib/python3.10/site-packages/airflow/example_dags/example_branch_python_dop_operator_3.py
[2023-07-08 01:13:23,617] {processor.py:641} INFO - Processing file /home/lucas/Área de Trabalho/apresentação/venv/lib/python3.10/site-packages/airflow/example_dags/example_branch_python_dop_operator_3.py for tasks to queue
[2023-07-08 01:13:23,618] {logging_mixin.py:115} INFO - [2023-07-08 01:13:23,618] {dagbag.py:507} INFO - Filling up the DagBag from /home/lucas/Área de Trabalho/apresentação/venv/lib/python3.10/site-packages/airflow/example_dags/example_branch_python_dop_operator_3.py
[2023-07-08 01:13:23,640] {processor.py:651} INFO - DAG(s) dict_keys(['example_branch_dop_operator_v3']) retrieved from /home/lucas/Área de Trabalho/apresentação/venv/lib/python3.10/site-packages/airflow/example_dags/example_branch_python_dop_operator_3.py
[2023-07-08 01:13:23,671] {logging_mixin.py:115} INFO - [2023-07-08 01:13:23,671] {dag.py:2379} INFO - Sync 1 DAGs
[2023-07-08 01:13:23,724] {logging_mixin.py:115} INFO - [2023-07-08 01:13:23,723] {dag.py:2927} INFO - Setting next_dagrun for example_branch_dop_operator_v3 to 2023-07-08T04:12:00+00:00, run_after=2023-07-08T04:13:00+00:00
[2023-07-08 01:13:23,753] {processor.py:161} INFO - Processing /home/lucas/Área de Trabalho/apresentação/venv/lib/python3.10/site-packages/airflow/example_dags/example_branch_python_dop_operator_3.py took 0.146 seconds
[2023-07-08 01:14:03,057] {processor.py:153} INFO - Started process (PID=40148) to work on /home/lucas/Área de Trabalho/apresentação/venv/lib/python3.10/site-packages/airflow/example_dags/example_branch_python_dop_operator_3.py
[2023-07-08 01:14:03,061] {processor.py:641} INFO - Processing file /home/lucas/Área de Trabalho/apresentação/venv/lib/python3.10/site-packages/airflow/example_dags/example_branch_python_dop_operator_3.py for tasks to queue
[2023-07-08 01:14:03,062] {logging_mixin.py:115} INFO - [2023-07-08 01:14:03,062] {dagbag.py:507} INFO - Filling up the DagBag from /home/lucas/Área de Trabalho/apresentação/venv/lib/python3.10/site-packages/airflow/example_dags/example_branch_python_dop_operator_3.py
[2023-07-08 01:14:03,084] {processor.py:651} INFO - DAG(s) dict_keys(['example_branch_dop_operator_v3']) retrieved from /home/lucas/Área de Trabalho/apresentação/venv/lib/python3.10/site-packages/airflow/example_dags/example_branch_python_dop_operator_3.py
[2023-07-08 01:14:03,116] {logging_mixin.py:115} INFO - [2023-07-08 01:14:03,116] {dag.py:2379} INFO - Sync 1 DAGs
[2023-07-08 01:14:03,168] {logging_mixin.py:115} INFO - [2023-07-08 01:14:03,168] {dag.py:2927} INFO - Setting next_dagrun for example_branch_dop_operator_v3 to 2023-07-08T04:13:00+00:00, run_after=2023-07-08T04:14:00+00:00
[2023-07-08 01:14:03,193] {processor.py:161} INFO - Processing /home/lucas/Área de Trabalho/apresentação/venv/lib/python3.10/site-packages/airflow/example_dags/example_branch_python_dop_operator_3.py took 0.142 seconds
[2023-07-08 01:14:43,485] {processor.py:153} INFO - Started process (PID=40342) to work on /home/lucas/Área de Trabalho/apresentação/venv/lib/python3.10/site-packages/airflow/example_dags/example_branch_python_dop_operator_3.py
[2023-07-08 01:14:43,490] {processor.py:641} INFO - Processing file /home/lucas/Área de Trabalho/apresentação/venv/lib/python3.10/site-packages/airflow/example_dags/example_branch_python_dop_operator_3.py for tasks to queue
[2023-07-08 01:14:43,491] {logging_mixin.py:115} INFO - [2023-07-08 01:14:43,491] {dagbag.py:507} INFO - Filling up the DagBag from /home/lucas/Área de Trabalho/apresentação/venv/lib/python3.10/site-packages/airflow/example_dags/example_branch_python_dop_operator_3.py
[2023-07-08 01:14:43,518] {processor.py:651} INFO - DAG(s) dict_keys(['example_branch_dop_operator_v3']) retrieved from /home/lucas/Área de Trabalho/apresentação/venv/lib/python3.10/site-packages/airflow/example_dags/example_branch_python_dop_operator_3.py
[2023-07-08 01:14:43,564] {logging_mixin.py:115} INFO - [2023-07-08 01:14:43,564] {dag.py:2379} INFO - Sync 1 DAGs
[2023-07-08 01:14:43,647] {logging_mixin.py:115} INFO - [2023-07-08 01:14:43,647] {dag.py:2927} INFO - Setting next_dagrun for example_branch_dop_operator_v3 to 2023-07-08T04:13:00+00:00, run_after=2023-07-08T04:14:00+00:00
[2023-07-08 01:14:43,693] {processor.py:161} INFO - Processing /home/lucas/Área de Trabalho/apresentação/venv/lib/python3.10/site-packages/airflow/example_dags/example_branch_python_dop_operator_3.py took 0.215 seconds
[2023-07-08 01:15:30,499] {processor.py:153} INFO - Started process (PID=40515) to work on /home/lucas/Área de Trabalho/apresentação/venv/lib/python3.10/site-packages/airflow/example_dags/example_branch_python_dop_operator_3.py
[2023-07-08 01:15:30,504] {processor.py:641} INFO - Processing file /home/lucas/Área de Trabalho/apresentação/venv/lib/python3.10/site-packages/airflow/example_dags/example_branch_python_dop_operator_3.py for tasks to queue
[2023-07-08 01:15:30,505] {logging_mixin.py:115} INFO - [2023-07-08 01:15:30,505] {dagbag.py:507} INFO - Filling up the DagBag from /home/lucas/Área de Trabalho/apresentação/venv/lib/python3.10/site-packages/airflow/example_dags/example_branch_python_dop_operator_3.py
[2023-07-08 01:15:30,528] {processor.py:651} INFO - DAG(s) dict_keys(['example_branch_dop_operator_v3']) retrieved from /home/lucas/Área de Trabalho/apresentação/venv/lib/python3.10/site-packages/airflow/example_dags/example_branch_python_dop_operator_3.py
[2023-07-08 01:15:30,561] {logging_mixin.py:115} INFO - [2023-07-08 01:15:30,561] {dag.py:2379} INFO - Sync 1 DAGs
[2023-07-08 01:15:30,625] {logging_mixin.py:115} INFO - [2023-07-08 01:15:30,625] {dag.py:2927} INFO - Setting next_dagrun for example_branch_dop_operator_v3 to 2023-07-08T04:14:00+00:00, run_after=2023-07-08T04:15:00+00:00
[2023-07-08 01:15:30,653] {processor.py:161} INFO - Processing /home/lucas/Área de Trabalho/apresentação/venv/lib/python3.10/site-packages/airflow/example_dags/example_branch_python_dop_operator_3.py took 0.160 seconds
[2023-07-08 01:16:50,555] {processor.py:153} INFO - Started process (PID=41055) to work on /home/lucas/Área de Trabalho/apresentação/venv/lib/python3.10/site-packages/airflow/example_dags/example_branch_python_dop_operator_3.py
[2023-07-08 01:16:50,557] {processor.py:641} INFO - Processing file /home/lucas/Área de Trabalho/apresentação/venv/lib/python3.10/site-packages/airflow/example_dags/example_branch_python_dop_operator_3.py for tasks to queue
[2023-07-08 01:16:50,557] {logging_mixin.py:115} INFO - [2023-07-08 01:16:50,557] {dagbag.py:507} INFO - Filling up the DagBag from /home/lucas/Área de Trabalho/apresentação/venv/lib/python3.10/site-packages/airflow/example_dags/example_branch_python_dop_operator_3.py
[2023-07-08 01:16:50,605] {processor.py:651} INFO - DAG(s) dict_keys(['example_branch_dop_operator_v3']) retrieved from /home/lucas/Área de Trabalho/apresentação/venv/lib/python3.10/site-packages/airflow/example_dags/example_branch_python_dop_operator_3.py
[2023-07-08 01:16:50,638] {logging_mixin.py:115} INFO - [2023-07-08 01:16:50,638] {dag.py:2379} INFO - Sync 1 DAGs
[2023-07-08 01:16:50,709] {logging_mixin.py:115} INFO - [2023-07-08 01:16:50,709] {dag.py:2927} INFO - Setting next_dagrun for example_branch_dop_operator_v3 to 2023-07-08T04:15:00+00:00, run_after=2023-07-08T04:16:00+00:00
[2023-07-08 01:16:50,748] {processor.py:161} INFO - Processing /home/lucas/Área de Trabalho/apresentação/venv/lib/python3.10/site-packages/airflow/example_dags/example_branch_python_dop_operator_3.py took 0.199 seconds
[2023-07-08 01:18:16,748] {processor.py:153} INFO - Started process (PID=41415) to work on /home/lucas/Área de Trabalho/apresentação/venv/lib/python3.10/site-packages/airflow/example_dags/example_branch_python_dop_operator_3.py
[2023-07-08 01:18:16,752] {processor.py:641} INFO - Processing file /home/lucas/Área de Trabalho/apresentação/venv/lib/python3.10/site-packages/airflow/example_dags/example_branch_python_dop_operator_3.py for tasks to queue
[2023-07-08 01:18:16,753] {logging_mixin.py:115} INFO - [2023-07-08 01:18:16,752] {dagbag.py:507} INFO - Filling up the DagBag from /home/lucas/Área de Trabalho/apresentação/venv/lib/python3.10/site-packages/airflow/example_dags/example_branch_python_dop_operator_3.py
[2023-07-08 01:18:16,774] {processor.py:651} INFO - DAG(s) dict_keys(['example_branch_dop_operator_v3']) retrieved from /home/lucas/Área de Trabalho/apresentação/venv/lib/python3.10/site-packages/airflow/example_dags/example_branch_python_dop_operator_3.py
[2023-07-08 01:18:16,806] {logging_mixin.py:115} INFO - [2023-07-08 01:18:16,805] {dag.py:2379} INFO - Sync 1 DAGs
[2023-07-08 01:18:16,856] {logging_mixin.py:115} INFO - [2023-07-08 01:18:16,856] {dag.py:2927} INFO - Setting next_dagrun for example_branch_dop_operator_v3 to 2023-07-08T04:17:00+00:00, run_after=2023-07-08T04:18:00+00:00
[2023-07-08 01:18:16,880] {processor.py:161} INFO - Processing /home/lucas/Área de Trabalho/apresentação/venv/lib/python3.10/site-packages/airflow/example_dags/example_branch_python_dop_operator_3.py took 0.138 seconds
[2023-07-08 01:18:59,818] {processor.py:153} INFO - Started process (PID=41490) to work on /home/lucas/Área de Trabalho/apresentação/venv/lib/python3.10/site-packages/airflow/example_dags/example_branch_python_dop_operator_3.py
[2023-07-08 01:18:59,822] {processor.py:641} INFO - Processing file /home/lucas/Área de Trabalho/apresentação/venv/lib/python3.10/site-packages/airflow/example_dags/example_branch_python_dop_operator_3.py for tasks to queue
[2023-07-08 01:18:59,823] {logging_mixin.py:115} INFO - [2023-07-08 01:18:59,823] {dagbag.py:507} INFO - Filling up the DagBag from /home/lucas/Área de Trabalho/apresentação/venv/lib/python3.10/site-packages/airflow/example_dags/example_branch_python_dop_operator_3.py
[2023-07-08 01:18:59,844] {processor.py:651} INFO - DAG(s) dict_keys(['example_branch_dop_operator_v3']) retrieved from /home/lucas/Área de Trabalho/apresentação/venv/lib/python3.10/site-packages/airflow/example_dags/example_branch_python_dop_operator_3.py
[2023-07-08 01:18:59,876] {logging_mixin.py:115} INFO - [2023-07-08 01:18:59,875] {dag.py:2379} INFO - Sync 1 DAGs
[2023-07-08 01:18:59,926] {logging_mixin.py:115} INFO - [2023-07-08 01:18:59,926] {dag.py:2927} INFO - Setting next_dagrun for example_branch_dop_operator_v3 to 2023-07-08T04:17:00+00:00, run_after=2023-07-08T04:18:00+00:00
[2023-07-08 01:18:59,949] {processor.py:161} INFO - Processing /home/lucas/Área de Trabalho/apresentação/venv/lib/python3.10/site-packages/airflow/example_dags/example_branch_python_dop_operator_3.py took 0.137 seconds
[2023-07-08 01:19:46,230] {processor.py:153} INFO - Started process (PID=41597) to work on /home/lucas/Área de Trabalho/apresentação/venv/lib/python3.10/site-packages/airflow/example_dags/example_branch_python_dop_operator_3.py
[2023-07-08 01:19:46,234] {processor.py:641} INFO - Processing file /home/lucas/Área de Trabalho/apresentação/venv/lib/python3.10/site-packages/airflow/example_dags/example_branch_python_dop_operator_3.py for tasks to queue
[2023-07-08 01:19:46,235] {logging_mixin.py:115} INFO - [2023-07-08 01:19:46,234] {dagbag.py:507} INFO - Filling up the DagBag from /home/lucas/Área de Trabalho/apresentação/venv/lib/python3.10/site-packages/airflow/example_dags/example_branch_python_dop_operator_3.py
[2023-07-08 01:19:46,256] {processor.py:651} INFO - DAG(s) dict_keys(['example_branch_dop_operator_v3']) retrieved from /home/lucas/Área de Trabalho/apresentação/venv/lib/python3.10/site-packages/airflow/example_dags/example_branch_python_dop_operator_3.py
[2023-07-08 01:19:46,288] {logging_mixin.py:115} INFO - [2023-07-08 01:19:46,288] {dag.py:2379} INFO - Sync 1 DAGs
[2023-07-08 01:19:46,340] {logging_mixin.py:115} INFO - [2023-07-08 01:19:46,340] {dag.py:2927} INFO - Setting next_dagrun for example_branch_dop_operator_v3 to 2023-07-08T04:18:00+00:00, run_after=2023-07-08T04:19:00+00:00
[2023-07-08 01:19:46,365] {processor.py:161} INFO - Processing /home/lucas/Área de Trabalho/apresentação/venv/lib/python3.10/site-packages/airflow/example_dags/example_branch_python_dop_operator_3.py took 0.140 seconds
[2023-07-08 01:20:26,222] {processor.py:153} INFO - Started process (PID=41696) to work on /home/lucas/Área de Trabalho/apresentação/venv/lib/python3.10/site-packages/airflow/example_dags/example_branch_python_dop_operator_3.py
[2023-07-08 01:20:26,226] {processor.py:641} INFO - Processing file /home/lucas/Área de Trabalho/apresentação/venv/lib/python3.10/site-packages/airflow/example_dags/example_branch_python_dop_operator_3.py for tasks to queue
[2023-07-08 01:20:26,227] {logging_mixin.py:115} INFO - [2023-07-08 01:20:26,226] {dagbag.py:507} INFO - Filling up the DagBag from /home/lucas/Área de Trabalho/apresentação/venv/lib/python3.10/site-packages/airflow/example_dags/example_branch_python_dop_operator_3.py
[2023-07-08 01:20:26,248] {processor.py:651} INFO - DAG(s) dict_keys(['example_branch_dop_operator_v3']) retrieved from /home/lucas/Área de Trabalho/apresentação/venv/lib/python3.10/site-packages/airflow/example_dags/example_branch_python_dop_operator_3.py
[2023-07-08 01:20:26,279] {logging_mixin.py:115} INFO - [2023-07-08 01:20:26,278] {dag.py:2379} INFO - Sync 1 DAGs
[2023-07-08 01:20:26,327] {logging_mixin.py:115} INFO - [2023-07-08 01:20:26,327] {dag.py:2927} INFO - Setting next_dagrun for example_branch_dop_operator_v3 to 2023-07-08T04:19:00+00:00, run_after=2023-07-08T04:20:00+00:00
[2023-07-08 01:20:26,352] {processor.py:161} INFO - Processing /home/lucas/Área de Trabalho/apresentação/venv/lib/python3.10/site-packages/airflow/example_dags/example_branch_python_dop_operator_3.py took 0.135 seconds
[2023-07-08 10:16:44,569] {processor.py:153} INFO - Started process (PID=4910) to work on /home/lucas/Área de Trabalho/apresentação/venv/lib/python3.10/site-packages/airflow/example_dags/example_branch_python_dop_operator_3.py
[2023-07-08 10:16:44,573] {processor.py:641} INFO - Processing file /home/lucas/Área de Trabalho/apresentação/venv/lib/python3.10/site-packages/airflow/example_dags/example_branch_python_dop_operator_3.py for tasks to queue
[2023-07-08 10:16:44,574] {logging_mixin.py:115} INFO - [2023-07-08 10:16:44,574] {dagbag.py:507} INFO - Filling up the DagBag from /home/lucas/Área de Trabalho/apresentação/venv/lib/python3.10/site-packages/airflow/example_dags/example_branch_python_dop_operator_3.py
[2023-07-08 10:16:44,600] {processor.py:651} INFO - DAG(s) dict_keys(['example_branch_dop_operator_v3']) retrieved from /home/lucas/Área de Trabalho/apresentação/venv/lib/python3.10/site-packages/airflow/example_dags/example_branch_python_dop_operator_3.py
[2023-07-08 10:16:44,640] {logging_mixin.py:115} INFO - [2023-07-08 10:16:44,640] {dag.py:2379} INFO - Sync 1 DAGs
[2023-07-08 10:16:44,698] {logging_mixin.py:115} INFO - [2023-07-08 10:16:44,698] {dag.py:2927} INFO - Setting next_dagrun for example_branch_dop_operator_v3 to 2023-07-08T13:15:00+00:00, run_after=2023-07-08T13:16:00+00:00
[2023-07-08 10:16:44,725] {processor.py:161} INFO - Processing /home/lucas/Área de Trabalho/apresentação/venv/lib/python3.10/site-packages/airflow/example_dags/example_branch_python_dop_operator_3.py took 0.163 seconds
[2023-07-08 10:17:20,618] {processor.py:153} INFO - Started process (PID=5334) to work on /home/lucas/Área de Trabalho/apresentação/venv/lib/python3.10/site-packages/airflow/example_dags/example_branch_python_dop_operator_3.py
[2023-07-08 10:17:20,625] {processor.py:641} INFO - Processing file /home/lucas/Área de Trabalho/apresentação/venv/lib/python3.10/site-packages/airflow/example_dags/example_branch_python_dop_operator_3.py for tasks to queue
[2023-07-08 10:17:20,626] {logging_mixin.py:115} INFO - [2023-07-08 10:17:20,626] {dagbag.py:507} INFO - Filling up the DagBag from /home/lucas/Área de Trabalho/apresentação/venv/lib/python3.10/site-packages/airflow/example_dags/example_branch_python_dop_operator_3.py
[2023-07-08 10:17:20,649] {processor.py:651} INFO - DAG(s) dict_keys(['example_branch_dop_operator_v3']) retrieved from /home/lucas/Área de Trabalho/apresentação/venv/lib/python3.10/site-packages/airflow/example_dags/example_branch_python_dop_operator_3.py
[2023-07-08 10:17:20,685] {logging_mixin.py:115} INFO - [2023-07-08 10:17:20,684] {dag.py:2379} INFO - Sync 1 DAGs
[2023-07-08 10:17:20,749] {logging_mixin.py:115} INFO - [2023-07-08 10:17:20,749] {dag.py:2927} INFO - Setting next_dagrun for example_branch_dop_operator_v3 to 2023-07-08T13:16:00+00:00, run_after=2023-07-08T13:17:00+00:00
[2023-07-08 10:17:20,783] {processor.py:161} INFO - Processing /home/lucas/Área de Trabalho/apresentação/venv/lib/python3.10/site-packages/airflow/example_dags/example_branch_python_dop_operator_3.py took 0.170 seconds
[2023-07-08 10:18:02,876] {processor.py:153} INFO - Started process (PID=5574) to work on /home/lucas/Área de Trabalho/apresentação/venv/lib/python3.10/site-packages/airflow/example_dags/example_branch_python_dop_operator_3.py
[2023-07-08 10:18:02,876] {processor.py:641} INFO - Processing file /home/lucas/Área de Trabalho/apresentação/venv/lib/python3.10/site-packages/airflow/example_dags/example_branch_python_dop_operator_3.py for tasks to queue
[2023-07-08 10:18:02,877] {logging_mixin.py:115} INFO - [2023-07-08 10:18:02,877] {dagbag.py:507} INFO - Filling up the DagBag from /home/lucas/Área de Trabalho/apresentação/venv/lib/python3.10/site-packages/airflow/example_dags/example_branch_python_dop_operator_3.py
[2023-07-08 10:18:02,884] {processor.py:651} INFO - DAG(s) dict_keys(['example_branch_dop_operator_v3']) retrieved from /home/lucas/Área de Trabalho/apresentação/venv/lib/python3.10/site-packages/airflow/example_dags/example_branch_python_dop_operator_3.py
[2023-07-08 10:18:02,894] {logging_mixin.py:115} INFO - [2023-07-08 10:18:02,894] {dag.py:2379} INFO - Sync 1 DAGs
[2023-07-08 10:18:02,909] {logging_mixin.py:115} INFO - [2023-07-08 10:18:02,909] {dag.py:2927} INFO - Setting next_dagrun for example_branch_dop_operator_v3 to 2023-07-08T13:17:00+00:00, run_after=2023-07-08T13:18:00+00:00
[2023-07-08 10:18:02,919] {processor.py:161} INFO - Processing /home/lucas/Área de Trabalho/apresentação/venv/lib/python3.10/site-packages/airflow/example_dags/example_branch_python_dop_operator_3.py took 0.046 seconds
[2023-07-08 10:18:43,871] {processor.py:153} INFO - Started process (PID=5645) to work on /home/lucas/Área de Trabalho/apresentação/venv/lib/python3.10/site-packages/airflow/example_dags/example_branch_python_dop_operator_3.py
[2023-07-08 10:18:43,875] {processor.py:641} INFO - Processing file /home/lucas/Área de Trabalho/apresentação/venv/lib/python3.10/site-packages/airflow/example_dags/example_branch_python_dop_operator_3.py for tasks to queue
[2023-07-08 10:18:43,877] {logging_mixin.py:115} INFO - [2023-07-08 10:18:43,876] {dagbag.py:507} INFO - Filling up the DagBag from /home/lucas/Área de Trabalho/apresentação/venv/lib/python3.10/site-packages/airflow/example_dags/example_branch_python_dop_operator_3.py
[2023-07-08 10:18:43,897] {processor.py:651} INFO - DAG(s) dict_keys(['example_branch_dop_operator_v3']) retrieved from /home/lucas/Área de Trabalho/apresentação/venv/lib/python3.10/site-packages/airflow/example_dags/example_branch_python_dop_operator_3.py
[2023-07-08 10:18:43,929] {logging_mixin.py:115} INFO - [2023-07-08 10:18:43,929] {dag.py:2379} INFO - Sync 1 DAGs
[2023-07-08 10:18:43,982] {logging_mixin.py:115} INFO - [2023-07-08 10:18:43,981] {dag.py:2927} INFO - Setting next_dagrun for example_branch_dop_operator_v3 to 2023-07-08T13:17:00+00:00, run_after=2023-07-08T13:18:00+00:00
[2023-07-08 10:18:44,008] {processor.py:161} INFO - Processing /home/lucas/Área de Trabalho/apresentação/venv/lib/python3.10/site-packages/airflow/example_dags/example_branch_python_dop_operator_3.py took 0.142 seconds
[2023-07-08 10:19:29,410] {processor.py:153} INFO - Started process (PID=5738) to work on /home/lucas/Área de Trabalho/apresentação/venv/lib/python3.10/site-packages/airflow/example_dags/example_branch_python_dop_operator_3.py
[2023-07-08 10:19:29,414] {processor.py:641} INFO - Processing file /home/lucas/Área de Trabalho/apresentação/venv/lib/python3.10/site-packages/airflow/example_dags/example_branch_python_dop_operator_3.py for tasks to queue
[2023-07-08 10:19:29,415] {logging_mixin.py:115} INFO - [2023-07-08 10:19:29,415] {dagbag.py:507} INFO - Filling up the DagBag from /home/lucas/Área de Trabalho/apresentação/venv/lib/python3.10/site-packages/airflow/example_dags/example_branch_python_dop_operator_3.py
[2023-07-08 10:19:29,436] {processor.py:651} INFO - DAG(s) dict_keys(['example_branch_dop_operator_v3']) retrieved from /home/lucas/Área de Trabalho/apresentação/venv/lib/python3.10/site-packages/airflow/example_dags/example_branch_python_dop_operator_3.py
[2023-07-08 10:19:29,468] {logging_mixin.py:115} INFO - [2023-07-08 10:19:29,468] {dag.py:2379} INFO - Sync 1 DAGs
[2023-07-08 10:19:29,521] {logging_mixin.py:115} INFO - [2023-07-08 10:19:29,521] {dag.py:2927} INFO - Setting next_dagrun for example_branch_dop_operator_v3 to 2023-07-08T13:18:00+00:00, run_after=2023-07-08T13:19:00+00:00
[2023-07-08 10:19:29,547] {processor.py:161} INFO - Processing /home/lucas/Área de Trabalho/apresentação/venv/lib/python3.10/site-packages/airflow/example_dags/example_branch_python_dop_operator_3.py took 0.143 seconds
[2023-07-08 10:20:17,329] {processor.py:153} INFO - Started process (PID=5811) to work on /home/lucas/Área de Trabalho/apresentação/venv/lib/python3.10/site-packages/airflow/example_dags/example_branch_python_dop_operator_3.py
[2023-07-08 10:20:17,333] {processor.py:641} INFO - Processing file /home/lucas/Área de Trabalho/apresentação/venv/lib/python3.10/site-packages/airflow/example_dags/example_branch_python_dop_operator_3.py for tasks to queue
[2023-07-08 10:20:17,334] {logging_mixin.py:115} INFO - [2023-07-08 10:20:17,334] {dagbag.py:507} INFO - Filling up the DagBag from /home/lucas/Área de Trabalho/apresentação/venv/lib/python3.10/site-packages/airflow/example_dags/example_branch_python_dop_operator_3.py
[2023-07-08 10:20:17,354] {processor.py:651} INFO - DAG(s) dict_keys(['example_branch_dop_operator_v3']) retrieved from /home/lucas/Área de Trabalho/apresentação/venv/lib/python3.10/site-packages/airflow/example_dags/example_branch_python_dop_operator_3.py
[2023-07-08 10:20:17,391] {logging_mixin.py:115} INFO - [2023-07-08 10:20:17,390] {dag.py:2379} INFO - Sync 1 DAGs
[2023-07-08 10:20:17,443] {logging_mixin.py:115} INFO - [2023-07-08 10:20:17,443] {dag.py:2927} INFO - Setting next_dagrun for example_branch_dop_operator_v3 to 2023-07-08T13:19:00+00:00, run_after=2023-07-08T13:20:00+00:00
[2023-07-08 10:20:17,469] {processor.py:161} INFO - Processing /home/lucas/Área de Trabalho/apresentação/venv/lib/python3.10/site-packages/airflow/example_dags/example_branch_python_dop_operator_3.py took 0.146 seconds
[2023-07-08 10:20:56,865] {processor.py:153} INFO - Started process (PID=5889) to work on /home/lucas/Área de Trabalho/apresentação/venv/lib/python3.10/site-packages/airflow/example_dags/example_branch_python_dop_operator_3.py
[2023-07-08 10:20:56,868] {processor.py:641} INFO - Processing file /home/lucas/Área de Trabalho/apresentação/venv/lib/python3.10/site-packages/airflow/example_dags/example_branch_python_dop_operator_3.py for tasks to queue
[2023-07-08 10:20:56,869] {logging_mixin.py:115} INFO - [2023-07-08 10:20:56,869] {dagbag.py:507} INFO - Filling up the DagBag from /home/lucas/Área de Trabalho/apresentação/venv/lib/python3.10/site-packages/airflow/example_dags/example_branch_python_dop_operator_3.py
[2023-07-08 10:20:56,889] {processor.py:651} INFO - DAG(s) dict_keys(['example_branch_dop_operator_v3']) retrieved from /home/lucas/Área de Trabalho/apresentação/venv/lib/python3.10/site-packages/airflow/example_dags/example_branch_python_dop_operator_3.py
[2023-07-08 10:20:56,922] {logging_mixin.py:115} INFO - [2023-07-08 10:20:56,922] {dag.py:2379} INFO - Sync 1 DAGs
[2023-07-08 10:20:56,974] {logging_mixin.py:115} INFO - [2023-07-08 10:20:56,974] {dag.py:2927} INFO - Setting next_dagrun for example_branch_dop_operator_v3 to 2023-07-08T13:19:00+00:00, run_after=2023-07-08T13:20:00+00:00
[2023-07-08 10:20:57,000] {processor.py:161} INFO - Processing /home/lucas/Área de Trabalho/apresentação/venv/lib/python3.10/site-packages/airflow/example_dags/example_branch_python_dop_operator_3.py took 0.141 seconds
[2023-07-08 10:21:40,703] {processor.py:153} INFO - Started process (PID=6018) to work on /home/lucas/Área de Trabalho/apresentação/venv/lib/python3.10/site-packages/airflow/example_dags/example_branch_python_dop_operator_3.py
[2023-07-08 10:21:40,707] {processor.py:641} INFO - Processing file /home/lucas/Área de Trabalho/apresentação/venv/lib/python3.10/site-packages/airflow/example_dags/example_branch_python_dop_operator_3.py for tasks to queue
[2023-07-08 10:21:40,708] {logging_mixin.py:115} INFO - [2023-07-08 10:21:40,708] {dagbag.py:507} INFO - Filling up the DagBag from /home/lucas/Área de Trabalho/apresentação/venv/lib/python3.10/site-packages/airflow/example_dags/example_branch_python_dop_operator_3.py
[2023-07-08 10:21:40,729] {processor.py:651} INFO - DAG(s) dict_keys(['example_branch_dop_operator_v3']) retrieved from /home/lucas/Área de Trabalho/apresentação/venv/lib/python3.10/site-packages/airflow/example_dags/example_branch_python_dop_operator_3.py
[2023-07-08 10:21:40,761] {logging_mixin.py:115} INFO - [2023-07-08 10:21:40,760] {dag.py:2379} INFO - Sync 1 DAGs
[2023-07-08 10:21:40,814] {logging_mixin.py:115} INFO - [2023-07-08 10:21:40,814] {dag.py:2927} INFO - Setting next_dagrun for example_branch_dop_operator_v3 to 2023-07-08T13:20:00+00:00, run_after=2023-07-08T13:21:00+00:00
[2023-07-08 10:21:40,841] {processor.py:161} INFO - Processing /home/lucas/Área de Trabalho/apresentação/venv/lib/python3.10/site-packages/airflow/example_dags/example_branch_python_dop_operator_3.py took 0.143 seconds
[2023-07-08 10:22:21,273] {processor.py:153} INFO - Started process (PID=6081) to work on /home/lucas/Área de Trabalho/apresentação/venv/lib/python3.10/site-packages/airflow/example_dags/example_branch_python_dop_operator_3.py
[2023-07-08 10:22:21,277] {processor.py:641} INFO - Processing file /home/lucas/Área de Trabalho/apresentação/venv/lib/python3.10/site-packages/airflow/example_dags/example_branch_python_dop_operator_3.py for tasks to queue
[2023-07-08 10:22:21,278] {logging_mixin.py:115} INFO - [2023-07-08 10:22:21,278] {dagbag.py:507} INFO - Filling up the DagBag from /home/lucas/Área de Trabalho/apresentação/venv/lib/python3.10/site-packages/airflow/example_dags/example_branch_python_dop_operator_3.py
[2023-07-08 10:22:21,300] {processor.py:651} INFO - DAG(s) dict_keys(['example_branch_dop_operator_v3']) retrieved from /home/lucas/Área de Trabalho/apresentação/venv/lib/python3.10/site-packages/airflow/example_dags/example_branch_python_dop_operator_3.py
[2023-07-08 10:22:21,331] {logging_mixin.py:115} INFO - [2023-07-08 10:22:21,331] {dag.py:2379} INFO - Sync 1 DAGs
[2023-07-08 10:22:21,382] {logging_mixin.py:115} INFO - [2023-07-08 10:22:21,382] {dag.py:2927} INFO - Setting next_dagrun for example_branch_dop_operator_v3 to 2023-07-08T13:21:00+00:00, run_after=2023-07-08T13:22:00+00:00
[2023-07-08 10:22:21,409] {processor.py:161} INFO - Processing /home/lucas/Área de Trabalho/apresentação/venv/lib/python3.10/site-packages/airflow/example_dags/example_branch_python_dop_operator_3.py took 0.142 seconds
[2023-07-08 10:23:01,590] {processor.py:153} INFO - Started process (PID=6186) to work on /home/lucas/Área de Trabalho/apresentação/venv/lib/python3.10/site-packages/airflow/example_dags/example_branch_python_dop_operator_3.py
[2023-07-08 10:23:01,593] {processor.py:641} INFO - Processing file /home/lucas/Área de Trabalho/apresentação/venv/lib/python3.10/site-packages/airflow/example_dags/example_branch_python_dop_operator_3.py for tasks to queue
[2023-07-08 10:23:01,594] {logging_mixin.py:115} INFO - [2023-07-08 10:23:01,594] {dagbag.py:507} INFO - Filling up the DagBag from /home/lucas/Área de Trabalho/apresentação/venv/lib/python3.10/site-packages/airflow/example_dags/example_branch_python_dop_operator_3.py
[2023-07-08 10:23:01,615] {processor.py:651} INFO - DAG(s) dict_keys(['example_branch_dop_operator_v3']) retrieved from /home/lucas/Área de Trabalho/apresentação/venv/lib/python3.10/site-packages/airflow/example_dags/example_branch_python_dop_operator_3.py
[2023-07-08 10:23:01,646] {logging_mixin.py:115} INFO - [2023-07-08 10:23:01,646] {dag.py:2379} INFO - Sync 1 DAGs
[2023-07-08 10:23:01,699] {logging_mixin.py:115} INFO - [2023-07-08 10:23:01,699] {dag.py:2927} INFO - Setting next_dagrun for example_branch_dop_operator_v3 to 2023-07-08T13:22:00+00:00, run_after=2023-07-08T13:23:00+00:00
[2023-07-08 10:23:01,727] {processor.py:161} INFO - Processing /home/lucas/Área de Trabalho/apresentação/venv/lib/python3.10/site-packages/airflow/example_dags/example_branch_python_dop_operator_3.py took 0.143 seconds
[2023-07-08 10:23:44,536] {processor.py:153} INFO - Started process (PID=6260) to work on /home/lucas/Área de Trabalho/apresentação/venv/lib/python3.10/site-packages/airflow/example_dags/example_branch_python_dop_operator_3.py
[2023-07-08 10:23:44,540] {processor.py:641} INFO - Processing file /home/lucas/Área de Trabalho/apresentação/venv/lib/python3.10/site-packages/airflow/example_dags/example_branch_python_dop_operator_3.py for tasks to queue
[2023-07-08 10:23:44,541] {logging_mixin.py:115} INFO - [2023-07-08 10:23:44,541] {dagbag.py:507} INFO - Filling up the DagBag from /home/lucas/Área de Trabalho/apresentação/venv/lib/python3.10/site-packages/airflow/example_dags/example_branch_python_dop_operator_3.py
[2023-07-08 10:23:44,562] {processor.py:651} INFO - DAG(s) dict_keys(['example_branch_dop_operator_v3']) retrieved from /home/lucas/Área de Trabalho/apresentação/venv/lib/python3.10/site-packages/airflow/example_dags/example_branch_python_dop_operator_3.py
[2023-07-08 10:23:44,593] {logging_mixin.py:115} INFO - [2023-07-08 10:23:44,593] {dag.py:2379} INFO - Sync 1 DAGs
[2023-07-08 10:23:44,645] {logging_mixin.py:115} INFO - [2023-07-08 10:23:44,645] {dag.py:2927} INFO - Setting next_dagrun for example_branch_dop_operator_v3 to 2023-07-08T13:22:00+00:00, run_after=2023-07-08T13:23:00+00:00
[2023-07-08 10:23:44,670] {processor.py:161} INFO - Processing /home/lucas/Área de Trabalho/apresentação/venv/lib/python3.10/site-packages/airflow/example_dags/example_branch_python_dop_operator_3.py took 0.141 seconds
[2023-07-08 10:24:27,397] {processor.py:153} INFO - Started process (PID=6333) to work on /home/lucas/Área de Trabalho/apresentação/venv/lib/python3.10/site-packages/airflow/example_dags/example_branch_python_dop_operator_3.py
[2023-07-08 10:24:27,398] {processor.py:641} INFO - Processing file /home/lucas/Área de Trabalho/apresentação/venv/lib/python3.10/site-packages/airflow/example_dags/example_branch_python_dop_operator_3.py for tasks to queue
[2023-07-08 10:24:27,399] {logging_mixin.py:115} INFO - [2023-07-08 10:24:27,399] {dagbag.py:507} INFO - Filling up the DagBag from /home/lucas/Área de Trabalho/apresentação/venv/lib/python3.10/site-packages/airflow/example_dags/example_branch_python_dop_operator_3.py
[2023-07-08 10:24:27,420] {processor.py:651} INFO - DAG(s) dict_keys(['example_branch_dop_operator_v3']) retrieved from /home/lucas/Área de Trabalho/apresentação/venv/lib/python3.10/site-packages/airflow/example_dags/example_branch_python_dop_operator_3.py
[2023-07-08 10:24:27,452] {logging_mixin.py:115} INFO - [2023-07-08 10:24:27,452] {dag.py:2379} INFO - Sync 1 DAGs
[2023-07-08 10:24:27,505] {logging_mixin.py:115} INFO - [2023-07-08 10:24:27,505] {dag.py:2927} INFO - Setting next_dagrun for example_branch_dop_operator_v3 to 2023-07-08T13:23:00+00:00, run_after=2023-07-08T13:24:00+00:00
[2023-07-08 10:24:27,531] {processor.py:161} INFO - Processing /home/lucas/Área de Trabalho/apresentação/venv/lib/python3.10/site-packages/airflow/example_dags/example_branch_python_dop_operator_3.py took 0.140 seconds
[2023-07-08 10:25:09,597] {processor.py:153} INFO - Started process (PID=6412) to work on /home/lucas/Área de Trabalho/apresentação/venv/lib/python3.10/site-packages/airflow/example_dags/example_branch_python_dop_operator_3.py
[2023-07-08 10:25:09,601] {processor.py:641} INFO - Processing file /home/lucas/Área de Trabalho/apresentação/venv/lib/python3.10/site-packages/airflow/example_dags/example_branch_python_dop_operator_3.py for tasks to queue
[2023-07-08 10:25:09,602] {logging_mixin.py:115} INFO - [2023-07-08 10:25:09,602] {dagbag.py:507} INFO - Filling up the DagBag from /home/lucas/Área de Trabalho/apresentação/venv/lib/python3.10/site-packages/airflow/example_dags/example_branch_python_dop_operator_3.py
[2023-07-08 10:25:09,623] {processor.py:651} INFO - DAG(s) dict_keys(['example_branch_dop_operator_v3']) retrieved from /home/lucas/Área de Trabalho/apresentação/venv/lib/python3.10/site-packages/airflow/example_dags/example_branch_python_dop_operator_3.py
[2023-07-08 10:25:09,654] {logging_mixin.py:115} INFO - [2023-07-08 10:25:09,654] {dag.py:2379} INFO - Sync 1 DAGs
[2023-07-08 10:25:09,706] {logging_mixin.py:115} INFO - [2023-07-08 10:25:09,706] {dag.py:2927} INFO - Setting next_dagrun for example_branch_dop_operator_v3 to 2023-07-08T13:24:00+00:00, run_after=2023-07-08T13:25:00+00:00
[2023-07-08 10:25:09,733] {processor.py:161} INFO - Processing /home/lucas/Área de Trabalho/apresentação/venv/lib/python3.10/site-packages/airflow/example_dags/example_branch_python_dop_operator_3.py took 0.142 seconds
[2023-07-08 10:25:55,500] {processor.py:153} INFO - Started process (PID=6499) to work on /home/lucas/Área de Trabalho/apresentação/venv/lib/python3.10/site-packages/airflow/example_dags/example_branch_python_dop_operator_3.py
[2023-07-08 10:25:55,502] {processor.py:641} INFO - Processing file /home/lucas/Área de Trabalho/apresentação/venv/lib/python3.10/site-packages/airflow/example_dags/example_branch_python_dop_operator_3.py for tasks to queue
[2023-07-08 10:25:55,503] {logging_mixin.py:115} INFO - [2023-07-08 10:25:55,503] {dagbag.py:507} INFO - Filling up the DagBag from /home/lucas/Área de Trabalho/apresentação/venv/lib/python3.10/site-packages/airflow/example_dags/example_branch_python_dop_operator_3.py
[2023-07-08 10:25:55,524] {processor.py:651} INFO - DAG(s) dict_keys(['example_branch_dop_operator_v3']) retrieved from /home/lucas/Área de Trabalho/apresentação/venv/lib/python3.10/site-packages/airflow/example_dags/example_branch_python_dop_operator_3.py
[2023-07-08 10:25:55,555] {logging_mixin.py:115} INFO - [2023-07-08 10:25:55,555] {dag.py:2379} INFO - Sync 1 DAGs
[2023-07-08 10:25:55,607] {logging_mixin.py:115} INFO - [2023-07-08 10:25:55,607] {dag.py:2927} INFO - Setting next_dagrun for example_branch_dop_operator_v3 to 2023-07-08T13:24:00+00:00, run_after=2023-07-08T13:25:00+00:00
[2023-07-08 10:25:55,632] {processor.py:161} INFO - Processing /home/lucas/Área de Trabalho/apresentação/venv/lib/python3.10/site-packages/airflow/example_dags/example_branch_python_dop_operator_3.py took 0.137 seconds
[2023-07-08 10:26:42,512] {processor.py:153} INFO - Started process (PID=6633) to work on /home/lucas/Área de Trabalho/apresentação/venv/lib/python3.10/site-packages/airflow/example_dags/example_branch_python_dop_operator_3.py
[2023-07-08 10:26:42,516] {processor.py:641} INFO - Processing file /home/lucas/Área de Trabalho/apresentação/venv/lib/python3.10/site-packages/airflow/example_dags/example_branch_python_dop_operator_3.py for tasks to queue
[2023-07-08 10:26:42,517] {logging_mixin.py:115} INFO - [2023-07-08 10:26:42,517] {dagbag.py:507} INFO - Filling up the DagBag from /home/lucas/Área de Trabalho/apresentação/venv/lib/python3.10/site-packages/airflow/example_dags/example_branch_python_dop_operator_3.py
[2023-07-08 10:26:42,538] {processor.py:651} INFO - DAG(s) dict_keys(['example_branch_dop_operator_v3']) retrieved from /home/lucas/Área de Trabalho/apresentação/venv/lib/python3.10/site-packages/airflow/example_dags/example_branch_python_dop_operator_3.py
[2023-07-08 10:26:42,570] {logging_mixin.py:115} INFO - [2023-07-08 10:26:42,569] {dag.py:2379} INFO - Sync 1 DAGs
[2023-07-08 10:26:42,622] {logging_mixin.py:115} INFO - [2023-07-08 10:26:42,622] {dag.py:2927} INFO - Setting next_dagrun for example_branch_dop_operator_v3 to 2023-07-08T13:25:00+00:00, run_after=2023-07-08T13:26:00+00:00
[2023-07-08 10:26:42,649] {processor.py:161} INFO - Processing /home/lucas/Área de Trabalho/apresentação/venv/lib/python3.10/site-packages/airflow/example_dags/example_branch_python_dop_operator_3.py took 0.142 seconds
[2023-07-08 10:27:23,907] {processor.py:153} INFO - Started process (PID=6705) to work on /home/lucas/Área de Trabalho/apresentação/venv/lib/python3.10/site-packages/airflow/example_dags/example_branch_python_dop_operator_3.py
[2023-07-08 10:27:23,911] {processor.py:641} INFO - Processing file /home/lucas/Área de Trabalho/apresentação/venv/lib/python3.10/site-packages/airflow/example_dags/example_branch_python_dop_operator_3.py for tasks to queue
[2023-07-08 10:27:23,912] {logging_mixin.py:115} INFO - [2023-07-08 10:27:23,912] {dagbag.py:507} INFO - Filling up the DagBag from /home/lucas/Área de Trabalho/apresentação/venv/lib/python3.10/site-packages/airflow/example_dags/example_branch_python_dop_operator_3.py
[2023-07-08 10:27:23,933] {processor.py:651} INFO - DAG(s) dict_keys(['example_branch_dop_operator_v3']) retrieved from /home/lucas/Área de Trabalho/apresentação/venv/lib/python3.10/site-packages/airflow/example_dags/example_branch_python_dop_operator_3.py
[2023-07-08 10:27:23,965] {logging_mixin.py:115} INFO - [2023-07-08 10:27:23,964] {dag.py:2379} INFO - Sync 1 DAGs
[2023-07-08 10:27:24,017] {logging_mixin.py:115} INFO - [2023-07-08 10:27:24,016] {dag.py:2927} INFO - Setting next_dagrun for example_branch_dop_operator_v3 to 2023-07-08T13:26:00+00:00, run_after=2023-07-08T13:27:00+00:00
[2023-07-08 10:27:24,043] {processor.py:161} INFO - Processing /home/lucas/Área de Trabalho/apresentação/venv/lib/python3.10/site-packages/airflow/example_dags/example_branch_python_dop_operator_3.py took 0.141 seconds
[2023-07-08 10:28:04,517] {processor.py:153} INFO - Started process (PID=6808) to work on /home/lucas/Área de Trabalho/apresentação/venv/lib/python3.10/site-packages/airflow/example_dags/example_branch_python_dop_operator_3.py
[2023-07-08 10:28:04,521] {processor.py:641} INFO - Processing file /home/lucas/Área de Trabalho/apresentação/venv/lib/python3.10/site-packages/airflow/example_dags/example_branch_python_dop_operator_3.py for tasks to queue
[2023-07-08 10:28:04,522] {logging_mixin.py:115} INFO - [2023-07-08 10:28:04,522] {dagbag.py:507} INFO - Filling up the DagBag from /home/lucas/Área de Trabalho/apresentação/venv/lib/python3.10/site-packages/airflow/example_dags/example_branch_python_dop_operator_3.py
[2023-07-08 10:28:04,543] {processor.py:651} INFO - DAG(s) dict_keys(['example_branch_dop_operator_v3']) retrieved from /home/lucas/Área de Trabalho/apresentação/venv/lib/python3.10/site-packages/airflow/example_dags/example_branch_python_dop_operator_3.py
[2023-07-08 10:28:04,574] {logging_mixin.py:115} INFO - [2023-07-08 10:28:04,574] {dag.py:2379} INFO - Sync 1 DAGs
[2023-07-08 10:28:04,627] {logging_mixin.py:115} INFO - [2023-07-08 10:28:04,627] {dag.py:2927} INFO - Setting next_dagrun for example_branch_dop_operator_v3 to 2023-07-08T13:27:00+00:00, run_after=2023-07-08T13:28:00+00:00
[2023-07-08 10:28:04,652] {processor.py:161} INFO - Processing /home/lucas/Área de Trabalho/apresentação/venv/lib/python3.10/site-packages/airflow/example_dags/example_branch_python_dop_operator_3.py took 0.141 seconds
[2023-07-08 10:28:49,297] {processor.py:153} INFO - Started process (PID=6891) to work on /home/lucas/Área de Trabalho/apresentação/venv/lib/python3.10/site-packages/airflow/example_dags/example_branch_python_dop_operator_3.py
[2023-07-08 10:28:49,301] {processor.py:641} INFO - Processing file /home/lucas/Área de Trabalho/apresentação/venv/lib/python3.10/site-packages/airflow/example_dags/example_branch_python_dop_operator_3.py for tasks to queue
[2023-07-08 10:28:49,302] {logging_mixin.py:115} INFO - [2023-07-08 10:28:49,301] {dagbag.py:507} INFO - Filling up the DagBag from /home/lucas/Área de Trabalho/apresentação/venv/lib/python3.10/site-packages/airflow/example_dags/example_branch_python_dop_operator_3.py
[2023-07-08 10:28:49,324] {processor.py:651} INFO - DAG(s) dict_keys(['example_branch_dop_operator_v3']) retrieved from /home/lucas/Área de Trabalho/apresentação/venv/lib/python3.10/site-packages/airflow/example_dags/example_branch_python_dop_operator_3.py
[2023-07-08 10:28:49,355] {logging_mixin.py:115} INFO - [2023-07-08 10:28:49,355] {dag.py:2379} INFO - Sync 1 DAGs
[2023-07-08 10:28:49,407] {logging_mixin.py:115} INFO - [2023-07-08 10:28:49,407] {dag.py:2927} INFO - Setting next_dagrun for example_branch_dop_operator_v3 to 2023-07-08T13:27:00+00:00, run_after=2023-07-08T13:28:00+00:00
[2023-07-08 10:28:49,433] {processor.py:161} INFO - Processing /home/lucas/Área de Trabalho/apresentação/venv/lib/python3.10/site-packages/airflow/example_dags/example_branch_python_dop_operator_3.py took 0.142 seconds
[2023-07-08 10:29:30,935] {processor.py:153} INFO - Started process (PID=6971) to work on /home/lucas/Área de Trabalho/apresentação/venv/lib/python3.10/site-packages/airflow/example_dags/example_branch_python_dop_operator_3.py
[2023-07-08 10:29:30,938] {processor.py:641} INFO - Processing file /home/lucas/Área de Trabalho/apresentação/venv/lib/python3.10/site-packages/airflow/example_dags/example_branch_python_dop_operator_3.py for tasks to queue
[2023-07-08 10:29:30,939] {logging_mixin.py:115} INFO - [2023-07-08 10:29:30,939] {dagbag.py:507} INFO - Filling up the DagBag from /home/lucas/Área de Trabalho/apresentação/venv/lib/python3.10/site-packages/airflow/example_dags/example_branch_python_dop_operator_3.py
[2023-07-08 10:29:30,961] {processor.py:651} INFO - DAG(s) dict_keys(['example_branch_dop_operator_v3']) retrieved from /home/lucas/Área de Trabalho/apresentação/venv/lib/python3.10/site-packages/airflow/example_dags/example_branch_python_dop_operator_3.py
[2023-07-08 10:29:30,992] {logging_mixin.py:115} INFO - [2023-07-08 10:29:30,992] {dag.py:2379} INFO - Sync 1 DAGs
[2023-07-08 10:29:31,045] {logging_mixin.py:115} INFO - [2023-07-08 10:29:31,045] {dag.py:2927} INFO - Setting next_dagrun for example_branch_dop_operator_v3 to 2023-07-08T13:28:00+00:00, run_after=2023-07-08T13:29:00+00:00
[2023-07-08 10:29:31,070] {processor.py:161} INFO - Processing /home/lucas/Área de Trabalho/apresentação/venv/lib/python3.10/site-packages/airflow/example_dags/example_branch_python_dop_operator_3.py took 0.141 seconds
[2023-07-08 10:30:08,572] {processor.py:153} INFO - Started process (PID=7045) to work on /home/lucas/Área de Trabalho/apresentação/venv/lib/python3.10/site-packages/airflow/example_dags/example_branch_python_dop_operator_3.py
[2023-07-08 10:30:08,576] {processor.py:641} INFO - Processing file /home/lucas/Área de Trabalho/apresentação/venv/lib/python3.10/site-packages/airflow/example_dags/example_branch_python_dop_operator_3.py for tasks to queue
[2023-07-08 10:30:08,577] {logging_mixin.py:115} INFO - [2023-07-08 10:30:08,577] {dagbag.py:507} INFO - Filling up the DagBag from /home/lucas/Área de Trabalho/apresentação/venv/lib/python3.10/site-packages/airflow/example_dags/example_branch_python_dop_operator_3.py
[2023-07-08 10:30:08,598] {processor.py:651} INFO - DAG(s) dict_keys(['example_branch_dop_operator_v3']) retrieved from /home/lucas/Área de Trabalho/apresentação/venv/lib/python3.10/site-packages/airflow/example_dags/example_branch_python_dop_operator_3.py
[2023-07-08 10:30:08,629] {logging_mixin.py:115} INFO - [2023-07-08 10:30:08,629] {dag.py:2379} INFO - Sync 1 DAGs
[2023-07-08 10:30:08,686] {logging_mixin.py:115} INFO - [2023-07-08 10:30:08,686] {dag.py:2927} INFO - Setting next_dagrun for example_branch_dop_operator_v3 to 2023-07-08T13:29:00+00:00, run_after=2023-07-08T13:30:00+00:00
[2023-07-08 10:30:08,712] {processor.py:161} INFO - Processing /home/lucas/Área de Trabalho/apresentação/venv/lib/python3.10/site-packages/airflow/example_dags/example_branch_python_dop_operator_3.py took 0.146 seconds
[2023-07-08 10:30:50,869] {processor.py:153} INFO - Started process (PID=7120) to work on /home/lucas/Área de Trabalho/apresentação/venv/lib/python3.10/site-packages/airflow/example_dags/example_branch_python_dop_operator_3.py
[2023-07-08 10:30:50,872] {processor.py:641} INFO - Processing file /home/lucas/Área de Trabalho/apresentação/venv/lib/python3.10/site-packages/airflow/example_dags/example_branch_python_dop_operator_3.py for tasks to queue
[2023-07-08 10:30:50,874] {logging_mixin.py:115} INFO - [2023-07-08 10:30:50,874] {dagbag.py:507} INFO - Filling up the DagBag from /home/lucas/Área de Trabalho/apresentação/venv/lib/python3.10/site-packages/airflow/example_dags/example_branch_python_dop_operator_3.py
[2023-07-08 10:30:50,895] {processor.py:651} INFO - DAG(s) dict_keys(['example_branch_dop_operator_v3']) retrieved from /home/lucas/Área de Trabalho/apresentação/venv/lib/python3.10/site-packages/airflow/example_dags/example_branch_python_dop_operator_3.py
[2023-07-08 10:30:50,927] {logging_mixin.py:115} INFO - [2023-07-08 10:30:50,926] {dag.py:2379} INFO - Sync 1 DAGs
[2023-07-08 10:30:50,980] {logging_mixin.py:115} INFO - [2023-07-08 10:30:50,980] {dag.py:2927} INFO - Setting next_dagrun for example_branch_dop_operator_v3 to 2023-07-08T13:29:00+00:00, run_after=2023-07-08T13:30:00+00:00
[2023-07-08 10:30:51,006] {processor.py:161} INFO - Processing /home/lucas/Área de Trabalho/apresentação/venv/lib/python3.10/site-packages/airflow/example_dags/example_branch_python_dop_operator_3.py took 0.143 seconds
[2023-07-08 11:40:54,186] {processor.py:153} INFO - Started process (PID=11450) to work on /home/lucas/Área de Trabalho/apresentação/venv/lib/python3.10/site-packages/airflow/example_dags/example_branch_python_dop_operator_3.py
[2023-07-08 11:40:54,190] {processor.py:641} INFO - Processing file /home/lucas/Área de Trabalho/apresentação/venv/lib/python3.10/site-packages/airflow/example_dags/example_branch_python_dop_operator_3.py for tasks to queue
[2023-07-08 11:40:54,191] {logging_mixin.py:115} INFO - [2023-07-08 11:40:54,191] {dagbag.py:507} INFO - Filling up the DagBag from /home/lucas/Área de Trabalho/apresentação/venv/lib/python3.10/site-packages/airflow/example_dags/example_branch_python_dop_operator_3.py
[2023-07-08 11:40:54,213] {processor.py:651} INFO - DAG(s) dict_keys(['example_branch_dop_operator_v3']) retrieved from /home/lucas/Área de Trabalho/apresentação/venv/lib/python3.10/site-packages/airflow/example_dags/example_branch_python_dop_operator_3.py
[2023-07-08 11:40:54,245] {logging_mixin.py:115} INFO - [2023-07-08 11:40:54,245] {dag.py:2379} INFO - Sync 1 DAGs
[2023-07-08 11:40:54,297] {logging_mixin.py:115} INFO - [2023-07-08 11:40:54,297] {dag.py:2927} INFO - Setting next_dagrun for example_branch_dop_operator_v3 to 2023-07-08T14:39:00+00:00, run_after=2023-07-08T14:40:00+00:00
[2023-07-08 11:40:54,322] {processor.py:161} INFO - Processing /home/lucas/Área de Trabalho/apresentação/venv/lib/python3.10/site-packages/airflow/example_dags/example_branch_python_dop_operator_3.py took 0.142 seconds
[2023-07-08 11:41:42,979] {processor.py:153} INFO - Started process (PID=11743) to work on /home/lucas/Área de Trabalho/apresentação/venv/lib/python3.10/site-packages/airflow/example_dags/example_branch_python_dop_operator_3.py
[2023-07-08 11:41:42,983] {processor.py:641} INFO - Processing file /home/lucas/Área de Trabalho/apresentação/venv/lib/python3.10/site-packages/airflow/example_dags/example_branch_python_dop_operator_3.py for tasks to queue
[2023-07-08 11:41:42,984] {logging_mixin.py:115} INFO - [2023-07-08 11:41:42,984] {dagbag.py:507} INFO - Filling up the DagBag from /home/lucas/Área de Trabalho/apresentação/venv/lib/python3.10/site-packages/airflow/example_dags/example_branch_python_dop_operator_3.py
[2023-07-08 11:41:43,004] {processor.py:651} INFO - DAG(s) dict_keys(['example_branch_dop_operator_v3']) retrieved from /home/lucas/Área de Trabalho/apresentação/venv/lib/python3.10/site-packages/airflow/example_dags/example_branch_python_dop_operator_3.py
[2023-07-08 11:41:43,037] {logging_mixin.py:115} INFO - [2023-07-08 11:41:43,037] {dag.py:2379} INFO - Sync 1 DAGs
[2023-07-08 11:41:43,090] {logging_mixin.py:115} INFO - [2023-07-08 11:41:43,090] {dag.py:2927} INFO - Setting next_dagrun for example_branch_dop_operator_v3 to 2023-07-08T14:40:00+00:00, run_after=2023-07-08T14:41:00+00:00
[2023-07-08 11:41:43,118] {processor.py:161} INFO - Processing /home/lucas/Área de Trabalho/apresentação/venv/lib/python3.10/site-packages/airflow/example_dags/example_branch_python_dop_operator_3.py took 0.144 seconds
[2023-07-08 11:42:20,714] {processor.py:153} INFO - Started process (PID=11921) to work on /home/lucas/Área de Trabalho/apresentação/venv/lib/python3.10/site-packages/airflow/example_dags/example_branch_python_dop_operator_3.py
[2023-07-08 11:42:20,718] {processor.py:641} INFO - Processing file /home/lucas/Área de Trabalho/apresentação/venv/lib/python3.10/site-packages/airflow/example_dags/example_branch_python_dop_operator_3.py for tasks to queue
[2023-07-08 11:42:20,719] {logging_mixin.py:115} INFO - [2023-07-08 11:42:20,719] {dagbag.py:507} INFO - Filling up the DagBag from /home/lucas/Área de Trabalho/apresentação/venv/lib/python3.10/site-packages/airflow/example_dags/example_branch_python_dop_operator_3.py
[2023-07-08 11:42:20,739] {processor.py:651} INFO - DAG(s) dict_keys(['example_branch_dop_operator_v3']) retrieved from /home/lucas/Área de Trabalho/apresentação/venv/lib/python3.10/site-packages/airflow/example_dags/example_branch_python_dop_operator_3.py
[2023-07-08 11:42:20,771] {logging_mixin.py:115} INFO - [2023-07-08 11:42:20,771] {dag.py:2379} INFO - Sync 1 DAGs
[2023-07-08 11:42:20,824] {logging_mixin.py:115} INFO - [2023-07-08 11:42:20,824] {dag.py:2927} INFO - Setting next_dagrun for example_branch_dop_operator_v3 to 2023-07-08T14:41:00+00:00, run_after=2023-07-08T14:42:00+00:00
[2023-07-08 11:42:20,850] {processor.py:161} INFO - Processing /home/lucas/Área de Trabalho/apresentação/venv/lib/python3.10/site-packages/airflow/example_dags/example_branch_python_dop_operator_3.py took 0.141 seconds
[2023-07-08 11:43:00,966] {processor.py:153} INFO - Started process (PID=12145) to work on /home/lucas/Área de Trabalho/apresentação/venv/lib/python3.10/site-packages/airflow/example_dags/example_branch_python_dop_operator_3.py
[2023-07-08 11:43:00,970] {processor.py:641} INFO - Processing file /home/lucas/Área de Trabalho/apresentação/venv/lib/python3.10/site-packages/airflow/example_dags/example_branch_python_dop_operator_3.py for tasks to queue
[2023-07-08 11:43:00,971] {logging_mixin.py:115} INFO - [2023-07-08 11:43:00,971] {dagbag.py:507} INFO - Filling up the DagBag from /home/lucas/Área de Trabalho/apresentação/venv/lib/python3.10/site-packages/airflow/example_dags/example_branch_python_dop_operator_3.py
[2023-07-08 11:43:00,990] {processor.py:651} INFO - DAG(s) dict_keys(['example_branch_dop_operator_v3']) retrieved from /home/lucas/Área de Trabalho/apresentação/venv/lib/python3.10/site-packages/airflow/example_dags/example_branch_python_dop_operator_3.py
[2023-07-08 11:43:01,020] {logging_mixin.py:115} INFO - [2023-07-08 11:43:01,020] {dag.py:2379} INFO - Sync 1 DAGs
[2023-07-08 11:43:01,067] {logging_mixin.py:115} INFO - [2023-07-08 11:43:01,067] {dag.py:2927} INFO - Setting next_dagrun for example_branch_dop_operator_v3 to 2023-07-08T14:42:00+00:00, run_after=2023-07-08T14:43:00+00:00
[2023-07-08 11:43:01,094] {processor.py:161} INFO - Processing /home/lucas/Área de Trabalho/apresentação/venv/lib/python3.10/site-packages/airflow/example_dags/example_branch_python_dop_operator_3.py took 0.133 seconds
[2023-07-08 11:43:41,107] {processor.py:153} INFO - Started process (PID=12299) to work on /home/lucas/Área de Trabalho/apresentação/venv/lib/python3.10/site-packages/airflow/example_dags/example_branch_python_dop_operator_3.py
[2023-07-08 11:43:41,111] {processor.py:641} INFO - Processing file /home/lucas/Área de Trabalho/apresentação/venv/lib/python3.10/site-packages/airflow/example_dags/example_branch_python_dop_operator_3.py for tasks to queue
[2023-07-08 11:43:41,113] {logging_mixin.py:115} INFO - [2023-07-08 11:43:41,113] {dagbag.py:507} INFO - Filling up the DagBag from /home/lucas/Área de Trabalho/apresentação/venv/lib/python3.10/site-packages/airflow/example_dags/example_branch_python_dop_operator_3.py
[2023-07-08 11:43:41,133] {processor.py:651} INFO - DAG(s) dict_keys(['example_branch_dop_operator_v3']) retrieved from /home/lucas/Área de Trabalho/apresentação/venv/lib/python3.10/site-packages/airflow/example_dags/example_branch_python_dop_operator_3.py
[2023-07-08 11:43:41,165] {logging_mixin.py:115} INFO - [2023-07-08 11:43:41,165] {dag.py:2379} INFO - Sync 1 DAGs
[2023-07-08 11:43:41,218] {logging_mixin.py:115} INFO - [2023-07-08 11:43:41,218] {dag.py:2927} INFO - Setting next_dagrun for example_branch_dop_operator_v3 to 2023-07-08T14:42:00+00:00, run_after=2023-07-08T14:43:00+00:00
[2023-07-08 11:43:41,245] {processor.py:161} INFO - Processing /home/lucas/Área de Trabalho/apresentação/venv/lib/python3.10/site-packages/airflow/example_dags/example_branch_python_dop_operator_3.py took 0.144 seconds
[2023-07-08 11:44:27,815] {processor.py:153} INFO - Started process (PID=12380) to work on /home/lucas/Área de Trabalho/apresentação/venv/lib/python3.10/site-packages/airflow/example_dags/example_branch_python_dop_operator_3.py
[2023-07-08 11:44:27,816] {processor.py:641} INFO - Processing file /home/lucas/Área de Trabalho/apresentação/venv/lib/python3.10/site-packages/airflow/example_dags/example_branch_python_dop_operator_3.py for tasks to queue
[2023-07-08 11:44:27,817] {logging_mixin.py:115} INFO - [2023-07-08 11:44:27,817] {dagbag.py:507} INFO - Filling up the DagBag from /home/lucas/Área de Trabalho/apresentação/venv/lib/python3.10/site-packages/airflow/example_dags/example_branch_python_dop_operator_3.py
[2023-07-08 11:44:27,823] {processor.py:651} INFO - DAG(s) dict_keys(['example_branch_dop_operator_v3']) retrieved from /home/lucas/Área de Trabalho/apresentação/venv/lib/python3.10/site-packages/airflow/example_dags/example_branch_python_dop_operator_3.py
[2023-07-08 11:44:27,833] {logging_mixin.py:115} INFO - [2023-07-08 11:44:27,832] {dag.py:2379} INFO - Sync 1 DAGs
[2023-07-08 11:44:27,847] {logging_mixin.py:115} INFO - [2023-07-08 11:44:27,847] {dag.py:2927} INFO - Setting next_dagrun for example_branch_dop_operator_v3 to 2023-07-08T14:43:00+00:00, run_after=2023-07-08T14:44:00+00:00
[2023-07-08 11:44:27,858] {processor.py:161} INFO - Processing /home/lucas/Área de Trabalho/apresentação/venv/lib/python3.10/site-packages/airflow/example_dags/example_branch_python_dop_operator_3.py took 0.044 seconds
[2023-07-08 11:45:11,945] {processor.py:153} INFO - Started process (PID=12456) to work on /home/lucas/Área de Trabalho/apresentação/venv/lib/python3.10/site-packages/airflow/example_dags/example_branch_python_dop_operator_3.py
[2023-07-08 11:45:11,949] {processor.py:641} INFO - Processing file /home/lucas/Área de Trabalho/apresentação/venv/lib/python3.10/site-packages/airflow/example_dags/example_branch_python_dop_operator_3.py for tasks to queue
[2023-07-08 11:45:11,950] {logging_mixin.py:115} INFO - [2023-07-08 11:45:11,950] {dagbag.py:507} INFO - Filling up the DagBag from /home/lucas/Área de Trabalho/apresentação/venv/lib/python3.10/site-packages/airflow/example_dags/example_branch_python_dop_operator_3.py
[2023-07-08 11:45:11,972] {processor.py:651} INFO - DAG(s) dict_keys(['example_branch_dop_operator_v3']) retrieved from /home/lucas/Área de Trabalho/apresentação/venv/lib/python3.10/site-packages/airflow/example_dags/example_branch_python_dop_operator_3.py
[2023-07-08 11:45:12,007] {logging_mixin.py:115} INFO - [2023-07-08 11:45:12,007] {dag.py:2379} INFO - Sync 1 DAGs
[2023-07-08 11:45:12,078] {logging_mixin.py:115} INFO - [2023-07-08 11:45:12,077] {dag.py:2927} INFO - Setting next_dagrun for example_branch_dop_operator_v3 to 2023-07-08T14:44:00+00:00, run_after=2023-07-08T14:45:00+00:00
[2023-07-08 11:45:12,106] {processor.py:161} INFO - Processing /home/lucas/Área de Trabalho/apresentação/venv/lib/python3.10/site-packages/airflow/example_dags/example_branch_python_dop_operator_3.py took 0.167 seconds
[2023-07-08 11:45:50,056] {processor.py:153} INFO - Started process (PID=12580) to work on /home/lucas/Área de Trabalho/apresentação/venv/lib/python3.10/site-packages/airflow/example_dags/example_branch_python_dop_operator_3.py
[2023-07-08 11:45:50,061] {processor.py:641} INFO - Processing file /home/lucas/Área de Trabalho/apresentação/venv/lib/python3.10/site-packages/airflow/example_dags/example_branch_python_dop_operator_3.py for tasks to queue
[2023-07-08 11:45:50,062] {logging_mixin.py:115} INFO - [2023-07-08 11:45:50,062] {dagbag.py:507} INFO - Filling up the DagBag from /home/lucas/Área de Trabalho/apresentação/venv/lib/python3.10/site-packages/airflow/example_dags/example_branch_python_dop_operator_3.py
[2023-07-08 11:45:50,088] {processor.py:651} INFO - DAG(s) dict_keys(['example_branch_dop_operator_v3']) retrieved from /home/lucas/Área de Trabalho/apresentação/venv/lib/python3.10/site-packages/airflow/example_dags/example_branch_python_dop_operator_3.py
[2023-07-08 11:45:50,126] {logging_mixin.py:115} INFO - [2023-07-08 11:45:50,126] {dag.py:2379} INFO - Sync 1 DAGs
[2023-07-08 11:45:50,179] {logging_mixin.py:115} INFO - [2023-07-08 11:45:50,179] {dag.py:2927} INFO - Setting next_dagrun for example_branch_dop_operator_v3 to 2023-07-08T14:44:00+00:00, run_after=2023-07-08T14:45:00+00:00
[2023-07-08 11:45:50,190] {processor.py:161} INFO - Processing /home/lucas/Área de Trabalho/apresentação/venv/lib/python3.10/site-packages/airflow/example_dags/example_branch_python_dop_operator_3.py took 0.140 seconds
[2023-07-08 11:46:34,236] {processor.py:153} INFO - Started process (PID=12792) to work on /home/lucas/Área de Trabalho/apresentação/venv/lib/python3.10/site-packages/airflow/example_dags/example_branch_python_dop_operator_3.py
[2023-07-08 11:46:34,236] {processor.py:641} INFO - Processing file /home/lucas/Área de Trabalho/apresentação/venv/lib/python3.10/site-packages/airflow/example_dags/example_branch_python_dop_operator_3.py for tasks to queue
[2023-07-08 11:46:34,237] {logging_mixin.py:115} INFO - [2023-07-08 11:46:34,237] {dagbag.py:507} INFO - Filling up the DagBag from /home/lucas/Área de Trabalho/apresentação/venv/lib/python3.10/site-packages/airflow/example_dags/example_branch_python_dop_operator_3.py
[2023-07-08 11:46:34,243] {processor.py:651} INFO - DAG(s) dict_keys(['example_branch_dop_operator_v3']) retrieved from /home/lucas/Área de Trabalho/apresentação/venv/lib/python3.10/site-packages/airflow/example_dags/example_branch_python_dop_operator_3.py
[2023-07-08 11:46:34,252] {logging_mixin.py:115} INFO - [2023-07-08 11:46:34,252] {dag.py:2379} INFO - Sync 1 DAGs
[2023-07-08 11:46:34,269] {logging_mixin.py:115} INFO - [2023-07-08 11:46:34,269] {dag.py:2927} INFO - Setting next_dagrun for example_branch_dop_operator_v3 to 2023-07-08T14:45:00+00:00, run_after=2023-07-08T14:46:00+00:00
[2023-07-08 11:46:34,280] {processor.py:161} INFO - Processing /home/lucas/Área de Trabalho/apresentação/venv/lib/python3.10/site-packages/airflow/example_dags/example_branch_python_dop_operator_3.py took 0.046 seconds
[2023-07-08 11:47:19,272] {processor.py:153} INFO - Started process (PID=12855) to work on /home/lucas/Área de Trabalho/apresentação/venv/lib/python3.10/site-packages/airflow/example_dags/example_branch_python_dop_operator_3.py
[2023-07-08 11:47:19,275] {processor.py:641} INFO - Processing file /home/lucas/Área de Trabalho/apresentação/venv/lib/python3.10/site-packages/airflow/example_dags/example_branch_python_dop_operator_3.py for tasks to queue
[2023-07-08 11:47:19,277] {logging_mixin.py:115} INFO - [2023-07-08 11:47:19,277] {dagbag.py:507} INFO - Filling up the DagBag from /home/lucas/Área de Trabalho/apresentação/venv/lib/python3.10/site-packages/airflow/example_dags/example_branch_python_dop_operator_3.py
[2023-07-08 11:47:19,298] {processor.py:651} INFO - DAG(s) dict_keys(['example_branch_dop_operator_v3']) retrieved from /home/lucas/Área de Trabalho/apresentação/venv/lib/python3.10/site-packages/airflow/example_dags/example_branch_python_dop_operator_3.py
[2023-07-08 11:47:19,331] {logging_mixin.py:115} INFO - [2023-07-08 11:47:19,331] {dag.py:2379} INFO - Sync 1 DAGs
[2023-07-08 11:47:19,384] {logging_mixin.py:115} INFO - [2023-07-08 11:47:19,384] {dag.py:2927} INFO - Setting next_dagrun for example_branch_dop_operator_v3 to 2023-07-08T14:46:00+00:00, run_after=2023-07-08T14:47:00+00:00
[2023-07-08 11:47:19,408] {processor.py:161} INFO - Processing /home/lucas/Área de Trabalho/apresentação/venv/lib/python3.10/site-packages/airflow/example_dags/example_branch_python_dop_operator_3.py took 0.142 seconds
[2023-07-08 11:48:01,422] {processor.py:153} INFO - Started process (PID=12935) to work on /home/lucas/Área de Trabalho/apresentação/venv/lib/python3.10/site-packages/airflow/example_dags/example_branch_python_dop_operator_3.py
[2023-07-08 11:48:01,426] {processor.py:641} INFO - Processing file /home/lucas/Área de Trabalho/apresentação/venv/lib/python3.10/site-packages/airflow/example_dags/example_branch_python_dop_operator_3.py for tasks to queue
[2023-07-08 11:48:01,427] {logging_mixin.py:115} INFO - [2023-07-08 11:48:01,427] {dagbag.py:507} INFO - Filling up the DagBag from /home/lucas/Área de Trabalho/apresentação/venv/lib/python3.10/site-packages/airflow/example_dags/example_branch_python_dop_operator_3.py
[2023-07-08 11:48:01,448] {processor.py:651} INFO - DAG(s) dict_keys(['example_branch_dop_operator_v3']) retrieved from /home/lucas/Área de Trabalho/apresentação/venv/lib/python3.10/site-packages/airflow/example_dags/example_branch_python_dop_operator_3.py
[2023-07-08 11:48:01,480] {logging_mixin.py:115} INFO - [2023-07-08 11:48:01,480] {dag.py:2379} INFO - Sync 1 DAGs
[2023-07-08 11:48:01,533] {logging_mixin.py:115} INFO - [2023-07-08 11:48:01,533] {dag.py:2927} INFO - Setting next_dagrun for example_branch_dop_operator_v3 to 2023-07-08T14:47:00+00:00, run_after=2023-07-08T14:48:00+00:00
[2023-07-08 11:48:01,559] {processor.py:161} INFO - Processing /home/lucas/Área de Trabalho/apresentação/venv/lib/python3.10/site-packages/airflow/example_dags/example_branch_python_dop_operator_3.py took 0.142 seconds
[2023-07-08 11:48:39,843] {processor.py:153} INFO - Started process (PID=12985) to work on /home/lucas/Área de Trabalho/apresentação/venv/lib/python3.10/site-packages/airflow/example_dags/example_branch_python_dop_operator_3.py
[2023-07-08 11:48:39,847] {processor.py:641} INFO - Processing file /home/lucas/Área de Trabalho/apresentação/venv/lib/python3.10/site-packages/airflow/example_dags/example_branch_python_dop_operator_3.py for tasks to queue
[2023-07-08 11:48:39,847] {logging_mixin.py:115} INFO - [2023-07-08 11:48:39,847] {dagbag.py:507} INFO - Filling up the DagBag from /home/lucas/Área de Trabalho/apresentação/venv/lib/python3.10/site-packages/airflow/example_dags/example_branch_python_dop_operator_3.py
[2023-07-08 11:48:39,855] {processor.py:651} INFO - DAG(s) dict_keys(['example_branch_dop_operator_v3']) retrieved from /home/lucas/Área de Trabalho/apresentação/venv/lib/python3.10/site-packages/airflow/example_dags/example_branch_python_dop_operator_3.py
[2023-07-08 11:48:39,870] {logging_mixin.py:115} INFO - [2023-07-08 11:48:39,870] {dag.py:2379} INFO - Sync 1 DAGs
[2023-07-08 11:48:39,914] {logging_mixin.py:115} INFO - [2023-07-08 11:48:39,914] {dag.py:2927} INFO - Setting next_dagrun for example_branch_dop_operator_v3 to 2023-07-08T14:47:00+00:00, run_after=2023-07-08T14:48:00+00:00
[2023-07-08 11:48:39,943] {processor.py:161} INFO - Processing /home/lucas/Área de Trabalho/apresentação/venv/lib/python3.10/site-packages/airflow/example_dags/example_branch_python_dop_operator_3.py took 0.102 seconds
[2023-07-08 11:49:18,545] {processor.py:153} INFO - Started process (PID=13047) to work on /home/lucas/Área de Trabalho/apresentação/venv/lib/python3.10/site-packages/airflow/example_dags/example_branch_python_dop_operator_3.py
[2023-07-08 11:49:18,549] {processor.py:641} INFO - Processing file /home/lucas/Área de Trabalho/apresentação/venv/lib/python3.10/site-packages/airflow/example_dags/example_branch_python_dop_operator_3.py for tasks to queue
[2023-07-08 11:49:18,550] {logging_mixin.py:115} INFO - [2023-07-08 11:49:18,550] {dagbag.py:507} INFO - Filling up the DagBag from /home/lucas/Área de Trabalho/apresentação/venv/lib/python3.10/site-packages/airflow/example_dags/example_branch_python_dop_operator_3.py
[2023-07-08 11:49:18,571] {processor.py:651} INFO - DAG(s) dict_keys(['example_branch_dop_operator_v3']) retrieved from /home/lucas/Área de Trabalho/apresentação/venv/lib/python3.10/site-packages/airflow/example_dags/example_branch_python_dop_operator_3.py
[2023-07-08 11:49:18,606] {logging_mixin.py:115} INFO - [2023-07-08 11:49:18,606] {dag.py:2379} INFO - Sync 1 DAGs
[2023-07-08 11:49:18,678] {logging_mixin.py:115} INFO - [2023-07-08 11:49:18,677] {dag.py:2927} INFO - Setting next_dagrun for example_branch_dop_operator_v3 to 2023-07-08T14:48:00+00:00, run_after=2023-07-08T14:49:00+00:00
[2023-07-08 11:49:18,715] {processor.py:161} INFO - Processing /home/lucas/Área de Trabalho/apresentação/venv/lib/python3.10/site-packages/airflow/example_dags/example_branch_python_dop_operator_3.py took 0.176 seconds
[2023-07-08 11:49:55,996] {processor.py:153} INFO - Started process (PID=13118) to work on /home/lucas/Área de Trabalho/apresentação/venv/lib/python3.10/site-packages/airflow/example_dags/example_branch_python_dop_operator_3.py
[2023-07-08 11:49:56,000] {processor.py:641} INFO - Processing file /home/lucas/Área de Trabalho/apresentação/venv/lib/python3.10/site-packages/airflow/example_dags/example_branch_python_dop_operator_3.py for tasks to queue
[2023-07-08 11:49:56,002] {logging_mixin.py:115} INFO - [2023-07-08 11:49:56,001] {dagbag.py:507} INFO - Filling up the DagBag from /home/lucas/Área de Trabalho/apresentação/venv/lib/python3.10/site-packages/airflow/example_dags/example_branch_python_dop_operator_3.py
[2023-07-08 11:49:56,026] {processor.py:651} INFO - DAG(s) dict_keys(['example_branch_dop_operator_v3']) retrieved from /home/lucas/Área de Trabalho/apresentação/venv/lib/python3.10/site-packages/airflow/example_dags/example_branch_python_dop_operator_3.py
[2023-07-08 11:49:56,060] {logging_mixin.py:115} INFO - [2023-07-08 11:49:56,059] {dag.py:2379} INFO - Sync 1 DAGs
[2023-07-08 11:49:56,113] {logging_mixin.py:115} INFO - [2023-07-08 11:49:56,113] {dag.py:2927} INFO - Setting next_dagrun for example_branch_dop_operator_v3 to 2023-07-08T14:48:00+00:00, run_after=2023-07-08T14:49:00+00:00
[2023-07-08 11:49:56,140] {processor.py:161} INFO - Processing /home/lucas/Área de Trabalho/apresentação/venv/lib/python3.10/site-packages/airflow/example_dags/example_branch_python_dop_operator_3.py took 0.150 seconds
[2023-07-08 11:50:35,534] {processor.py:153} INFO - Started process (PID=13259) to work on /home/lucas/Área de Trabalho/apresentação/venv/lib/python3.10/site-packages/airflow/example_dags/example_branch_python_dop_operator_3.py
[2023-07-08 11:50:35,538] {processor.py:641} INFO - Processing file /home/lucas/Área de Trabalho/apresentação/venv/lib/python3.10/site-packages/airflow/example_dags/example_branch_python_dop_operator_3.py for tasks to queue
[2023-07-08 11:50:35,539] {logging_mixin.py:115} INFO - [2023-07-08 11:50:35,539] {dagbag.py:507} INFO - Filling up the DagBag from /home/lucas/Área de Trabalho/apresentação/venv/lib/python3.10/site-packages/airflow/example_dags/example_branch_python_dop_operator_3.py
[2023-07-08 11:50:35,560] {processor.py:651} INFO - DAG(s) dict_keys(['example_branch_dop_operator_v3']) retrieved from /home/lucas/Área de Trabalho/apresentação/venv/lib/python3.10/site-packages/airflow/example_dags/example_branch_python_dop_operator_3.py
[2023-07-08 11:50:35,592] {logging_mixin.py:115} INFO - [2023-07-08 11:50:35,592] {dag.py:2379} INFO - Sync 1 DAGs
[2023-07-08 11:50:35,646] {logging_mixin.py:115} INFO - [2023-07-08 11:50:35,646] {dag.py:2927} INFO - Setting next_dagrun for example_branch_dop_operator_v3 to 2023-07-08T14:49:00+00:00, run_after=2023-07-08T14:50:00+00:00
[2023-07-08 11:50:35,674] {processor.py:161} INFO - Processing /home/lucas/Área de Trabalho/apresentação/venv/lib/python3.10/site-packages/airflow/example_dags/example_branch_python_dop_operator_3.py took 0.145 seconds
[2023-07-08 11:51:19,663] {processor.py:153} INFO - Started process (PID=13318) to work on /home/lucas/Área de Trabalho/apresentação/venv/lib/python3.10/site-packages/airflow/example_dags/example_branch_python_dop_operator_3.py
[2023-07-08 11:51:19,667] {processor.py:641} INFO - Processing file /home/lucas/Área de Trabalho/apresentação/venv/lib/python3.10/site-packages/airflow/example_dags/example_branch_python_dop_operator_3.py for tasks to queue
[2023-07-08 11:51:19,668] {logging_mixin.py:115} INFO - [2023-07-08 11:51:19,667] {dagbag.py:507} INFO - Filling up the DagBag from /home/lucas/Área de Trabalho/apresentação/venv/lib/python3.10/site-packages/airflow/example_dags/example_branch_python_dop_operator_3.py
[2023-07-08 11:51:19,689] {processor.py:651} INFO - DAG(s) dict_keys(['example_branch_dop_operator_v3']) retrieved from /home/lucas/Área de Trabalho/apresentação/venv/lib/python3.10/site-packages/airflow/example_dags/example_branch_python_dop_operator_3.py
[2023-07-08 11:51:19,721] {logging_mixin.py:115} INFO - [2023-07-08 11:51:19,721] {dag.py:2379} INFO - Sync 1 DAGs
[2023-07-08 11:51:19,774] {logging_mixin.py:115} INFO - [2023-07-08 11:51:19,774] {dag.py:2927} INFO - Setting next_dagrun for example_branch_dop_operator_v3 to 2023-07-08T14:50:00+00:00, run_after=2023-07-08T14:51:00+00:00
[2023-07-08 11:51:19,800] {processor.py:161} INFO - Processing /home/lucas/Área de Trabalho/apresentação/venv/lib/python3.10/site-packages/airflow/example_dags/example_branch_python_dop_operator_3.py took 0.143 seconds
[2023-07-08 11:52:04,712] {processor.py:153} INFO - Started process (PID=13370) to work on /home/lucas/Área de Trabalho/apresentação/venv/lib/python3.10/site-packages/airflow/example_dags/example_branch_python_dop_operator_3.py
[2023-07-08 11:52:04,716] {processor.py:641} INFO - Processing file /home/lucas/Área de Trabalho/apresentação/venv/lib/python3.10/site-packages/airflow/example_dags/example_branch_python_dop_operator_3.py for tasks to queue
[2023-07-08 11:52:04,717] {logging_mixin.py:115} INFO - [2023-07-08 11:52:04,716] {dagbag.py:507} INFO - Filling up the DagBag from /home/lucas/Área de Trabalho/apresentação/venv/lib/python3.10/site-packages/airflow/example_dags/example_branch_python_dop_operator_3.py
[2023-07-08 11:52:04,738] {processor.py:651} INFO - DAG(s) dict_keys(['example_branch_dop_operator_v3']) retrieved from /home/lucas/Área de Trabalho/apresentação/venv/lib/python3.10/site-packages/airflow/example_dags/example_branch_python_dop_operator_3.py
[2023-07-08 11:52:04,769] {logging_mixin.py:115} INFO - [2023-07-08 11:52:04,769] {dag.py:2379} INFO - Sync 1 DAGs
[2023-07-08 11:52:04,837] {logging_mixin.py:115} INFO - [2023-07-08 11:52:04,837] {dag.py:2927} INFO - Setting next_dagrun for example_branch_dop_operator_v3 to 2023-07-08T14:51:00+00:00, run_after=2023-07-08T14:52:00+00:00
[2023-07-08 11:52:04,866] {processor.py:161} INFO - Processing /home/lucas/Área de Trabalho/apresentação/venv/lib/python3.10/site-packages/airflow/example_dags/example_branch_python_dop_operator_3.py took 0.160 seconds
