[2023-07-08 01:02:46,620] {processor.py:153} INFO - Started process (PID=36059) to work on /home/lucas/Área de Trabalho/apresentação/venv/lib/python3.10/site-packages/airflow/example_dags/example_branch_operator_decorator.py
[2023-07-08 01:02:46,621] {processor.py:641} INFO - Processing file /home/lucas/Área de Trabalho/apresentação/venv/lib/python3.10/site-packages/airflow/example_dags/example_branch_operator_decorator.py for tasks to queue
[2023-07-08 01:02:46,622] {logging_mixin.py:115} INFO - [2023-07-08 01:02:46,622] {dagbag.py:507} INFO - Filling up the DagBag from /home/lucas/Área de Trabalho/apresentação/venv/lib/python3.10/site-packages/airflow/example_dags/example_branch_operator_decorator.py
[2023-07-08 01:02:46,679] {processor.py:651} INFO - DAG(s) dict_keys(['example_branch_python_operator_decorator']) retrieved from /home/lucas/Área de Trabalho/apresentação/venv/lib/python3.10/site-packages/airflow/example_dags/example_branch_operator_decorator.py
[2023-07-08 01:02:46,724] {logging_mixin.py:115} INFO - [2023-07-08 01:02:46,723] {dag.py:2379} INFO - Sync 1 DAGs
[2023-07-08 01:02:46,773] {logging_mixin.py:115} INFO - [2023-07-08 01:02:46,772] {dag.py:2927} INFO - Setting next_dagrun for example_branch_python_operator_decorator to 2023-07-07T00:00:00+00:00, run_after=2023-07-08T00:00:00+00:00
[2023-07-08 01:02:46,799] {processor.py:161} INFO - Processing /home/lucas/Área de Trabalho/apresentação/venv/lib/python3.10/site-packages/airflow/example_dags/example_branch_operator_decorator.py took 0.186 seconds
[2023-07-08 01:03:33,304] {processor.py:153} INFO - Started process (PID=36527) to work on /home/lucas/Área de Trabalho/apresentação/venv/lib/python3.10/site-packages/airflow/example_dags/example_branch_operator_decorator.py
[2023-07-08 01:03:33,305] {processor.py:641} INFO - Processing file /home/lucas/Área de Trabalho/apresentação/venv/lib/python3.10/site-packages/airflow/example_dags/example_branch_operator_decorator.py for tasks to queue
[2023-07-08 01:03:33,307] {logging_mixin.py:115} INFO - [2023-07-08 01:03:33,306] {dagbag.py:507} INFO - Filling up the DagBag from /home/lucas/Área de Trabalho/apresentação/venv/lib/python3.10/site-packages/airflow/example_dags/example_branch_operator_decorator.py
[2023-07-08 01:03:33,351] {processor.py:651} INFO - DAG(s) dict_keys(['example_branch_python_operator_decorator']) retrieved from /home/lucas/Área de Trabalho/apresentação/venv/lib/python3.10/site-packages/airflow/example_dags/example_branch_operator_decorator.py
[2023-07-08 01:03:33,387] {logging_mixin.py:115} INFO - [2023-07-08 01:03:33,387] {dag.py:2379} INFO - Sync 1 DAGs
[2023-07-08 01:03:33,432] {logging_mixin.py:115} INFO - [2023-07-08 01:03:33,432] {dag.py:2927} INFO - Setting next_dagrun for example_branch_python_operator_decorator to 2023-07-07T00:00:00+00:00, run_after=2023-07-08T00:00:00+00:00
[2023-07-08 01:03:33,457] {processor.py:161} INFO - Processing /home/lucas/Área de Trabalho/apresentação/venv/lib/python3.10/site-packages/airflow/example_dags/example_branch_operator_decorator.py took 0.159 seconds
[2023-07-08 01:04:23,859] {processor.py:153} INFO - Started process (PID=36925) to work on /home/lucas/Área de Trabalho/apresentação/venv/lib/python3.10/site-packages/airflow/example_dags/example_branch_operator_decorator.py
[2023-07-08 01:04:23,860] {processor.py:641} INFO - Processing file /home/lucas/Área de Trabalho/apresentação/venv/lib/python3.10/site-packages/airflow/example_dags/example_branch_operator_decorator.py for tasks to queue
[2023-07-08 01:04:23,860] {logging_mixin.py:115} INFO - [2023-07-08 01:04:23,860] {dagbag.py:507} INFO - Filling up the DagBag from /home/lucas/Área de Trabalho/apresentação/venv/lib/python3.10/site-packages/airflow/example_dags/example_branch_operator_decorator.py
[2023-07-08 01:04:23,875] {processor.py:651} INFO - DAG(s) dict_keys(['example_branch_python_operator_decorator']) retrieved from /home/lucas/Área de Trabalho/apresentação/venv/lib/python3.10/site-packages/airflow/example_dags/example_branch_operator_decorator.py
[2023-07-08 01:04:23,890] {logging_mixin.py:115} INFO - [2023-07-08 01:04:23,890] {dag.py:2379} INFO - Sync 1 DAGs
[2023-07-08 01:04:23,905] {logging_mixin.py:115} INFO - [2023-07-08 01:04:23,905] {dag.py:2927} INFO - Setting next_dagrun for example_branch_python_operator_decorator to 2023-07-07T00:00:00+00:00, run_after=2023-07-08T00:00:00+00:00
[2023-07-08 01:04:23,915] {processor.py:161} INFO - Processing /home/lucas/Área de Trabalho/apresentação/venv/lib/python3.10/site-packages/airflow/example_dags/example_branch_operator_decorator.py took 0.057 seconds
[2023-07-08 01:07:09,313] {processor.py:153} INFO - Started process (PID=38829) to work on /home/lucas/Área de Trabalho/apresentação/venv/lib/python3.10/site-packages/airflow/example_dags/example_branch_operator_decorator.py
[2023-07-08 01:07:09,317] {processor.py:641} INFO - Processing file /home/lucas/Área de Trabalho/apresentação/venv/lib/python3.10/site-packages/airflow/example_dags/example_branch_operator_decorator.py for tasks to queue
[2023-07-08 01:07:09,318] {logging_mixin.py:115} INFO - [2023-07-08 01:07:09,318] {dagbag.py:507} INFO - Filling up the DagBag from /home/lucas/Área de Trabalho/apresentação/venv/lib/python3.10/site-packages/airflow/example_dags/example_branch_operator_decorator.py
[2023-07-08 01:07:09,361] {processor.py:651} INFO - DAG(s) dict_keys(['example_branch_python_operator_decorator']) retrieved from /home/lucas/Área de Trabalho/apresentação/venv/lib/python3.10/site-packages/airflow/example_dags/example_branch_operator_decorator.py
[2023-07-08 01:07:09,396] {logging_mixin.py:115} INFO - [2023-07-08 01:07:09,396] {dag.py:2379} INFO - Sync 1 DAGs
[2023-07-08 01:07:09,439] {logging_mixin.py:115} INFO - [2023-07-08 01:07:09,438] {dag.py:2927} INFO - Setting next_dagrun for example_branch_python_operator_decorator to 2023-07-07T00:00:00+00:00, run_after=2023-07-08T00:00:00+00:00
[2023-07-08 01:07:09,462] {processor.py:161} INFO - Processing /home/lucas/Área de Trabalho/apresentação/venv/lib/python3.10/site-packages/airflow/example_dags/example_branch_operator_decorator.py took 0.155 seconds
[2023-07-08 01:07:48,584] {processor.py:153} INFO - Started process (PID=38920) to work on /home/lucas/Área de Trabalho/apresentação/venv/lib/python3.10/site-packages/airflow/example_dags/example_branch_operator_decorator.py
[2023-07-08 01:07:48,585] {processor.py:641} INFO - Processing file /home/lucas/Área de Trabalho/apresentação/venv/lib/python3.10/site-packages/airflow/example_dags/example_branch_operator_decorator.py for tasks to queue
[2023-07-08 01:07:48,586] {logging_mixin.py:115} INFO - [2023-07-08 01:07:48,586] {dagbag.py:507} INFO - Filling up the DagBag from /home/lucas/Área de Trabalho/apresentação/venv/lib/python3.10/site-packages/airflow/example_dags/example_branch_operator_decorator.py
[2023-07-08 01:07:48,629] {processor.py:651} INFO - DAG(s) dict_keys(['example_branch_python_operator_decorator']) retrieved from /home/lucas/Área de Trabalho/apresentação/venv/lib/python3.10/site-packages/airflow/example_dags/example_branch_operator_decorator.py
[2023-07-08 01:07:48,664] {logging_mixin.py:115} INFO - [2023-07-08 01:07:48,664] {dag.py:2379} INFO - Sync 1 DAGs
[2023-07-08 01:07:48,707] {logging_mixin.py:115} INFO - [2023-07-08 01:07:48,707] {dag.py:2927} INFO - Setting next_dagrun for example_branch_python_operator_decorator to 2023-07-07T00:00:00+00:00, run_after=2023-07-08T00:00:00+00:00
[2023-07-08 01:07:48,731] {processor.py:161} INFO - Processing /home/lucas/Área de Trabalho/apresentação/venv/lib/python3.10/site-packages/airflow/example_dags/example_branch_operator_decorator.py took 0.153 seconds
[2023-07-08 01:08:36,306] {processor.py:153} INFO - Started process (PID=39021) to work on /home/lucas/Área de Trabalho/apresentação/venv/lib/python3.10/site-packages/airflow/example_dags/example_branch_operator_decorator.py
[2023-07-08 01:08:36,310] {processor.py:641} INFO - Processing file /home/lucas/Área de Trabalho/apresentação/venv/lib/python3.10/site-packages/airflow/example_dags/example_branch_operator_decorator.py for tasks to queue
[2023-07-08 01:08:36,311] {logging_mixin.py:115} INFO - [2023-07-08 01:08:36,311] {dagbag.py:507} INFO - Filling up the DagBag from /home/lucas/Área de Trabalho/apresentação/venv/lib/python3.10/site-packages/airflow/example_dags/example_branch_operator_decorator.py
[2023-07-08 01:08:36,353] {processor.py:651} INFO - DAG(s) dict_keys(['example_branch_python_operator_decorator']) retrieved from /home/lucas/Área de Trabalho/apresentação/venv/lib/python3.10/site-packages/airflow/example_dags/example_branch_operator_decorator.py
[2023-07-08 01:08:36,387] {logging_mixin.py:115} INFO - [2023-07-08 01:08:36,386] {dag.py:2379} INFO - Sync 1 DAGs
[2023-07-08 01:08:36,430] {logging_mixin.py:115} INFO - [2023-07-08 01:08:36,430] {dag.py:2927} INFO - Setting next_dagrun for example_branch_python_operator_decorator to 2023-07-07T00:00:00+00:00, run_after=2023-07-08T00:00:00+00:00
[2023-07-08 01:08:36,455] {processor.py:161} INFO - Processing /home/lucas/Área de Trabalho/apresentação/venv/lib/python3.10/site-packages/airflow/example_dags/example_branch_operator_decorator.py took 0.155 seconds
[2023-07-08 01:09:16,107] {processor.py:153} INFO - Started process (PID=39083) to work on /home/lucas/Área de Trabalho/apresentação/venv/lib/python3.10/site-packages/airflow/example_dags/example_branch_operator_decorator.py
[2023-07-08 01:09:16,109] {processor.py:641} INFO - Processing file /home/lucas/Área de Trabalho/apresentação/venv/lib/python3.10/site-packages/airflow/example_dags/example_branch_operator_decorator.py for tasks to queue
[2023-07-08 01:09:16,110] {logging_mixin.py:115} INFO - [2023-07-08 01:09:16,109] {dagbag.py:507} INFO - Filling up the DagBag from /home/lucas/Área de Trabalho/apresentação/venv/lib/python3.10/site-packages/airflow/example_dags/example_branch_operator_decorator.py
[2023-07-08 01:09:16,152] {processor.py:651} INFO - DAG(s) dict_keys(['example_branch_python_operator_decorator']) retrieved from /home/lucas/Área de Trabalho/apresentação/venv/lib/python3.10/site-packages/airflow/example_dags/example_branch_operator_decorator.py
[2023-07-08 01:09:16,187] {logging_mixin.py:115} INFO - [2023-07-08 01:09:16,186] {dag.py:2379} INFO - Sync 1 DAGs
[2023-07-08 01:09:16,233] {logging_mixin.py:115} INFO - [2023-07-08 01:09:16,233] {dag.py:2927} INFO - Setting next_dagrun for example_branch_python_operator_decorator to 2023-07-07T00:00:00+00:00, run_after=2023-07-08T00:00:00+00:00
[2023-07-08 01:09:16,260] {processor.py:161} INFO - Processing /home/lucas/Área de Trabalho/apresentação/venv/lib/python3.10/site-packages/airflow/example_dags/example_branch_operator_decorator.py took 0.158 seconds
[2023-07-08 01:09:59,980] {processor.py:153} INFO - Started process (PID=39189) to work on /home/lucas/Área de Trabalho/apresentação/venv/lib/python3.10/site-packages/airflow/example_dags/example_branch_operator_decorator.py
[2023-07-08 01:09:59,981] {processor.py:641} INFO - Processing file /home/lucas/Área de Trabalho/apresentação/venv/lib/python3.10/site-packages/airflow/example_dags/example_branch_operator_decorator.py for tasks to queue
[2023-07-08 01:09:59,982] {logging_mixin.py:115} INFO - [2023-07-08 01:09:59,982] {dagbag.py:507} INFO - Filling up the DagBag from /home/lucas/Área de Trabalho/apresentação/venv/lib/python3.10/site-packages/airflow/example_dags/example_branch_operator_decorator.py
[2023-07-08 01:10:00,032] {processor.py:651} INFO - DAG(s) dict_keys(['example_branch_python_operator_decorator']) retrieved from /home/lucas/Área de Trabalho/apresentação/venv/lib/python3.10/site-packages/airflow/example_dags/example_branch_operator_decorator.py
[2023-07-08 01:10:00,068] {logging_mixin.py:115} INFO - [2023-07-08 01:10:00,068] {dag.py:2379} INFO - Sync 1 DAGs
[2023-07-08 01:10:00,111] {logging_mixin.py:115} INFO - [2023-07-08 01:10:00,111] {dag.py:2927} INFO - Setting next_dagrun for example_branch_python_operator_decorator to 2023-07-07T00:00:00+00:00, run_after=2023-07-08T00:00:00+00:00
[2023-07-08 01:10:00,136] {processor.py:161} INFO - Processing /home/lucas/Área de Trabalho/apresentação/venv/lib/python3.10/site-packages/airflow/example_dags/example_branch_operator_decorator.py took 0.161 seconds
[2023-07-08 01:10:38,655] {processor.py:153} INFO - Started process (PID=39298) to work on /home/lucas/Área de Trabalho/apresentação/venv/lib/python3.10/site-packages/airflow/example_dags/example_branch_operator_decorator.py
[2023-07-08 01:10:38,656] {processor.py:641} INFO - Processing file /home/lucas/Área de Trabalho/apresentação/venv/lib/python3.10/site-packages/airflow/example_dags/example_branch_operator_decorator.py for tasks to queue
[2023-07-08 01:10:38,657] {logging_mixin.py:115} INFO - [2023-07-08 01:10:38,657] {dagbag.py:507} INFO - Filling up the DagBag from /home/lucas/Área de Trabalho/apresentação/venv/lib/python3.10/site-packages/airflow/example_dags/example_branch_operator_decorator.py
[2023-07-08 01:10:38,706] {processor.py:651} INFO - DAG(s) dict_keys(['example_branch_python_operator_decorator']) retrieved from /home/lucas/Área de Trabalho/apresentação/venv/lib/python3.10/site-packages/airflow/example_dags/example_branch_operator_decorator.py
[2023-07-08 01:10:38,742] {logging_mixin.py:115} INFO - [2023-07-08 01:10:38,742] {dag.py:2379} INFO - Sync 1 DAGs
[2023-07-08 01:10:38,785] {logging_mixin.py:115} INFO - [2023-07-08 01:10:38,785] {dag.py:2927} INFO - Setting next_dagrun for example_branch_python_operator_decorator to 2023-07-07T00:00:00+00:00, run_after=2023-07-08T00:00:00+00:00
[2023-07-08 01:10:38,811] {processor.py:161} INFO - Processing /home/lucas/Área de Trabalho/apresentação/venv/lib/python3.10/site-packages/airflow/example_dags/example_branch_operator_decorator.py took 0.162 seconds
[2023-07-08 01:11:21,681] {processor.py:153} INFO - Started process (PID=39658) to work on /home/lucas/Área de Trabalho/apresentação/venv/lib/python3.10/site-packages/airflow/example_dags/example_branch_operator_decorator.py
[2023-07-08 01:11:21,685] {processor.py:641} INFO - Processing file /home/lucas/Área de Trabalho/apresentação/venv/lib/python3.10/site-packages/airflow/example_dags/example_branch_operator_decorator.py for tasks to queue
[2023-07-08 01:11:21,686] {logging_mixin.py:115} INFO - [2023-07-08 01:11:21,686] {dagbag.py:507} INFO - Filling up the DagBag from /home/lucas/Área de Trabalho/apresentação/venv/lib/python3.10/site-packages/airflow/example_dags/example_branch_operator_decorator.py
[2023-07-08 01:11:21,730] {processor.py:651} INFO - DAG(s) dict_keys(['example_branch_python_operator_decorator']) retrieved from /home/lucas/Área de Trabalho/apresentação/venv/lib/python3.10/site-packages/airflow/example_dags/example_branch_operator_decorator.py
[2023-07-08 01:11:21,764] {logging_mixin.py:115} INFO - [2023-07-08 01:11:21,764] {dag.py:2379} INFO - Sync 1 DAGs
[2023-07-08 01:11:21,810] {logging_mixin.py:115} INFO - [2023-07-08 01:11:21,810] {dag.py:2927} INFO - Setting next_dagrun for example_branch_python_operator_decorator to 2023-07-07T00:00:00+00:00, run_after=2023-07-08T00:00:00+00:00
[2023-07-08 01:11:21,836] {processor.py:161} INFO - Processing /home/lucas/Área de Trabalho/apresentação/venv/lib/python3.10/site-packages/airflow/example_dags/example_branch_operator_decorator.py took 0.160 seconds
[2023-07-08 01:12:01,310] {processor.py:153} INFO - Started process (PID=39810) to work on /home/lucas/Área de Trabalho/apresentação/venv/lib/python3.10/site-packages/airflow/example_dags/example_branch_operator_decorator.py
[2023-07-08 01:12:01,314] {processor.py:641} INFO - Processing file /home/lucas/Área de Trabalho/apresentação/venv/lib/python3.10/site-packages/airflow/example_dags/example_branch_operator_decorator.py for tasks to queue
[2023-07-08 01:12:01,315] {logging_mixin.py:115} INFO - [2023-07-08 01:12:01,314] {dagbag.py:507} INFO - Filling up the DagBag from /home/lucas/Área de Trabalho/apresentação/venv/lib/python3.10/site-packages/airflow/example_dags/example_branch_operator_decorator.py
[2023-07-08 01:12:01,359] {processor.py:651} INFO - DAG(s) dict_keys(['example_branch_python_operator_decorator']) retrieved from /home/lucas/Área de Trabalho/apresentação/venv/lib/python3.10/site-packages/airflow/example_dags/example_branch_operator_decorator.py
[2023-07-08 01:12:01,395] {logging_mixin.py:115} INFO - [2023-07-08 01:12:01,395] {dag.py:2379} INFO - Sync 1 DAGs
[2023-07-08 01:12:01,442] {logging_mixin.py:115} INFO - [2023-07-08 01:12:01,441] {dag.py:2927} INFO - Setting next_dagrun for example_branch_python_operator_decorator to 2023-07-07T00:00:00+00:00, run_after=2023-07-08T00:00:00+00:00
[2023-07-08 01:12:01,470] {processor.py:161} INFO - Processing /home/lucas/Área de Trabalho/apresentação/venv/lib/python3.10/site-packages/airflow/example_dags/example_branch_operator_decorator.py took 0.167 seconds
[2023-07-08 01:12:42,477] {processor.py:153} INFO - Started process (PID=39973) to work on /home/lucas/Área de Trabalho/apresentação/venv/lib/python3.10/site-packages/airflow/example_dags/example_branch_operator_decorator.py
[2023-07-08 01:12:42,478] {processor.py:641} INFO - Processing file /home/lucas/Área de Trabalho/apresentação/venv/lib/python3.10/site-packages/airflow/example_dags/example_branch_operator_decorator.py for tasks to queue
[2023-07-08 01:12:42,479] {logging_mixin.py:115} INFO - [2023-07-08 01:12:42,479] {dagbag.py:507} INFO - Filling up the DagBag from /home/lucas/Área de Trabalho/apresentação/venv/lib/python3.10/site-packages/airflow/example_dags/example_branch_operator_decorator.py
[2023-07-08 01:12:42,522] {processor.py:651} INFO - DAG(s) dict_keys(['example_branch_python_operator_decorator']) retrieved from /home/lucas/Área de Trabalho/apresentação/venv/lib/python3.10/site-packages/airflow/example_dags/example_branch_operator_decorator.py
[2023-07-08 01:12:42,557] {logging_mixin.py:115} INFO - [2023-07-08 01:12:42,557] {dag.py:2379} INFO - Sync 1 DAGs
[2023-07-08 01:12:42,603] {logging_mixin.py:115} INFO - [2023-07-08 01:12:42,603] {dag.py:2927} INFO - Setting next_dagrun for example_branch_python_operator_decorator to 2023-07-07T00:00:00+00:00, run_after=2023-07-08T00:00:00+00:00
[2023-07-08 01:12:42,629] {processor.py:161} INFO - Processing /home/lucas/Área de Trabalho/apresentação/venv/lib/python3.10/site-packages/airflow/example_dags/example_branch_operator_decorator.py took 0.157 seconds
[2023-07-08 01:13:24,879] {processor.py:153} INFO - Started process (PID=40071) to work on /home/lucas/Área de Trabalho/apresentação/venv/lib/python3.10/site-packages/airflow/example_dags/example_branch_operator_decorator.py
[2023-07-08 01:13:24,884] {processor.py:641} INFO - Processing file /home/lucas/Área de Trabalho/apresentação/venv/lib/python3.10/site-packages/airflow/example_dags/example_branch_operator_decorator.py for tasks to queue
[2023-07-08 01:13:24,885] {logging_mixin.py:115} INFO - [2023-07-08 01:13:24,885] {dagbag.py:507} INFO - Filling up the DagBag from /home/lucas/Área de Trabalho/apresentação/venv/lib/python3.10/site-packages/airflow/example_dags/example_branch_operator_decorator.py
[2023-07-08 01:13:24,932] {processor.py:651} INFO - DAG(s) dict_keys(['example_branch_python_operator_decorator']) retrieved from /home/lucas/Área de Trabalho/apresentação/venv/lib/python3.10/site-packages/airflow/example_dags/example_branch_operator_decorator.py
[2023-07-08 01:13:24,971] {logging_mixin.py:115} INFO - [2023-07-08 01:13:24,970] {dag.py:2379} INFO - Sync 1 DAGs
[2023-07-08 01:13:25,018] {logging_mixin.py:115} INFO - [2023-07-08 01:13:25,018] {dag.py:2927} INFO - Setting next_dagrun for example_branch_python_operator_decorator to 2023-07-07T00:00:00+00:00, run_after=2023-07-08T00:00:00+00:00
[2023-07-08 01:13:25,047] {processor.py:161} INFO - Processing /home/lucas/Área de Trabalho/apresentação/venv/lib/python3.10/site-packages/airflow/example_dags/example_branch_operator_decorator.py took 0.173 seconds
[2023-07-08 01:14:13,415] {processor.py:153} INFO - Started process (PID=40167) to work on /home/lucas/Área de Trabalho/apresentação/venv/lib/python3.10/site-packages/airflow/example_dags/example_branch_operator_decorator.py
[2023-07-08 01:14:13,419] {processor.py:641} INFO - Processing file /home/lucas/Área de Trabalho/apresentação/venv/lib/python3.10/site-packages/airflow/example_dags/example_branch_operator_decorator.py for tasks to queue
[2023-07-08 01:14:13,420] {logging_mixin.py:115} INFO - [2023-07-08 01:14:13,420] {dagbag.py:507} INFO - Filling up the DagBag from /home/lucas/Área de Trabalho/apresentação/venv/lib/python3.10/site-packages/airflow/example_dags/example_branch_operator_decorator.py
[2023-07-08 01:14:13,465] {processor.py:651} INFO - DAG(s) dict_keys(['example_branch_python_operator_decorator']) retrieved from /home/lucas/Área de Trabalho/apresentação/venv/lib/python3.10/site-packages/airflow/example_dags/example_branch_operator_decorator.py
[2023-07-08 01:14:13,498] {logging_mixin.py:115} INFO - [2023-07-08 01:14:13,498] {dag.py:2379} INFO - Sync 1 DAGs
[2023-07-08 01:14:13,541] {logging_mixin.py:115} INFO - [2023-07-08 01:14:13,541] {dag.py:2927} INFO - Setting next_dagrun for example_branch_python_operator_decorator to 2023-07-07T00:00:00+00:00, run_after=2023-07-08T00:00:00+00:00
[2023-07-08 01:14:13,566] {processor.py:161} INFO - Processing /home/lucas/Área de Trabalho/apresentação/venv/lib/python3.10/site-packages/airflow/example_dags/example_branch_operator_decorator.py took 0.157 seconds
[2023-07-08 01:14:53,864] {processor.py:153} INFO - Started process (PID=40379) to work on /home/lucas/Área de Trabalho/apresentação/venv/lib/python3.10/site-packages/airflow/example_dags/example_branch_operator_decorator.py
[2023-07-08 01:14:53,865] {processor.py:641} INFO - Processing file /home/lucas/Área de Trabalho/apresentação/venv/lib/python3.10/site-packages/airflow/example_dags/example_branch_operator_decorator.py for tasks to queue
[2023-07-08 01:14:53,867] {logging_mixin.py:115} INFO - [2023-07-08 01:14:53,866] {dagbag.py:507} INFO - Filling up the DagBag from /home/lucas/Área de Trabalho/apresentação/venv/lib/python3.10/site-packages/airflow/example_dags/example_branch_operator_decorator.py
[2023-07-08 01:14:53,929] {processor.py:651} INFO - DAG(s) dict_keys(['example_branch_python_operator_decorator']) retrieved from /home/lucas/Área de Trabalho/apresentação/venv/lib/python3.10/site-packages/airflow/example_dags/example_branch_operator_decorator.py
[2023-07-08 01:14:53,977] {logging_mixin.py:115} INFO - [2023-07-08 01:14:53,977] {dag.py:2379} INFO - Sync 1 DAGs
[2023-07-08 01:14:54,029] {logging_mixin.py:115} INFO - [2023-07-08 01:14:54,029] {dag.py:2927} INFO - Setting next_dagrun for example_branch_python_operator_decorator to 2023-07-07T00:00:00+00:00, run_after=2023-07-08T00:00:00+00:00
[2023-07-08 01:14:54,059] {processor.py:161} INFO - Processing /home/lucas/Área de Trabalho/apresentação/venv/lib/python3.10/site-packages/airflow/example_dags/example_branch_operator_decorator.py took 0.201 seconds
[2023-07-08 01:15:40,039] {processor.py:153} INFO - Started process (PID=40565) to work on /home/lucas/Área de Trabalho/apresentação/venv/lib/python3.10/site-packages/airflow/example_dags/example_branch_operator_decorator.py
[2023-07-08 01:15:40,041] {processor.py:641} INFO - Processing file /home/lucas/Área de Trabalho/apresentação/venv/lib/python3.10/site-packages/airflow/example_dags/example_branch_operator_decorator.py for tasks to queue
[2023-07-08 01:15:40,042] {logging_mixin.py:115} INFO - [2023-07-08 01:15:40,041] {dagbag.py:507} INFO - Filling up the DagBag from /home/lucas/Área de Trabalho/apresentação/venv/lib/python3.10/site-packages/airflow/example_dags/example_branch_operator_decorator.py
[2023-07-08 01:15:40,077] {processor.py:651} INFO - DAG(s) dict_keys(['example_branch_python_operator_decorator']) retrieved from /home/lucas/Área de Trabalho/apresentação/venv/lib/python3.10/site-packages/airflow/example_dags/example_branch_operator_decorator.py
[2023-07-08 01:15:40,092] {logging_mixin.py:115} INFO - [2023-07-08 01:15:40,092] {dag.py:2379} INFO - Sync 1 DAGs
[2023-07-08 01:15:40,107] {logging_mixin.py:115} INFO - [2023-07-08 01:15:40,107] {dag.py:2927} INFO - Setting next_dagrun for example_branch_python_operator_decorator to 2023-07-07T00:00:00+00:00, run_after=2023-07-08T00:00:00+00:00
[2023-07-08 01:15:40,120] {processor.py:161} INFO - Processing /home/lucas/Área de Trabalho/apresentação/venv/lib/python3.10/site-packages/airflow/example_dags/example_branch_operator_decorator.py took 0.087 seconds
[2023-07-08 01:16:51,949] {processor.py:153} INFO - Started process (PID=41057) to work on /home/lucas/Área de Trabalho/apresentação/venv/lib/python3.10/site-packages/airflow/example_dags/example_branch_operator_decorator.py
[2023-07-08 01:16:51,952] {processor.py:641} INFO - Processing file /home/lucas/Área de Trabalho/apresentação/venv/lib/python3.10/site-packages/airflow/example_dags/example_branch_operator_decorator.py for tasks to queue
[2023-07-08 01:16:51,952] {logging_mixin.py:115} INFO - [2023-07-08 01:16:51,952] {dagbag.py:507} INFO - Filling up the DagBag from /home/lucas/Área de Trabalho/apresentação/venv/lib/python3.10/site-packages/airflow/example_dags/example_branch_operator_decorator.py
[2023-07-08 01:16:52,116] {processor.py:651} INFO - DAG(s) dict_keys(['example_branch_python_operator_decorator']) retrieved from /home/lucas/Área de Trabalho/apresentação/venv/lib/python3.10/site-packages/airflow/example_dags/example_branch_operator_decorator.py
[2023-07-08 01:16:52,233] {logging_mixin.py:115} INFO - [2023-07-08 01:16:52,232] {dag.py:2379} INFO - Sync 1 DAGs
[2023-07-08 01:16:52,312] {logging_mixin.py:115} INFO - [2023-07-08 01:16:52,312] {dag.py:2927} INFO - Setting next_dagrun for example_branch_python_operator_decorator to 2023-07-07T00:00:00+00:00, run_after=2023-07-08T00:00:00+00:00
[2023-07-08 01:16:52,381] {processor.py:161} INFO - Processing /home/lucas/Área de Trabalho/apresentação/venv/lib/python3.10/site-packages/airflow/example_dags/example_branch_operator_decorator.py took 0.437 seconds
[2023-07-08 01:18:18,012] {processor.py:153} INFO - Started process (PID=41420) to work on /home/lucas/Área de Trabalho/apresentação/venv/lib/python3.10/site-packages/airflow/example_dags/example_branch_operator_decorator.py
[2023-07-08 01:18:18,016] {processor.py:641} INFO - Processing file /home/lucas/Área de Trabalho/apresentação/venv/lib/python3.10/site-packages/airflow/example_dags/example_branch_operator_decorator.py for tasks to queue
[2023-07-08 01:18:18,017] {logging_mixin.py:115} INFO - [2023-07-08 01:18:18,017] {dagbag.py:507} INFO - Filling up the DagBag from /home/lucas/Área de Trabalho/apresentação/venv/lib/python3.10/site-packages/airflow/example_dags/example_branch_operator_decorator.py
[2023-07-08 01:18:18,058] {processor.py:651} INFO - DAG(s) dict_keys(['example_branch_python_operator_decorator']) retrieved from /home/lucas/Área de Trabalho/apresentação/venv/lib/python3.10/site-packages/airflow/example_dags/example_branch_operator_decorator.py
[2023-07-08 01:18:18,089] {logging_mixin.py:115} INFO - [2023-07-08 01:18:18,089] {dag.py:2379} INFO - Sync 1 DAGs
[2023-07-08 01:18:18,128] {logging_mixin.py:115} INFO - [2023-07-08 01:18:18,128] {dag.py:2927} INFO - Setting next_dagrun for example_branch_python_operator_decorator to 2023-07-07T00:00:00+00:00, run_after=2023-07-08T00:00:00+00:00
[2023-07-08 01:18:18,152] {processor.py:161} INFO - Processing /home/lucas/Área de Trabalho/apresentação/venv/lib/python3.10/site-packages/airflow/example_dags/example_branch_operator_decorator.py took 0.145 seconds
[2023-07-08 01:19:01,083] {processor.py:153} INFO - Started process (PID=41492) to work on /home/lucas/Área de Trabalho/apresentação/venv/lib/python3.10/site-packages/airflow/example_dags/example_branch_operator_decorator.py
[2023-07-08 01:19:01,087] {processor.py:641} INFO - Processing file /home/lucas/Área de Trabalho/apresentação/venv/lib/python3.10/site-packages/airflow/example_dags/example_branch_operator_decorator.py for tasks to queue
[2023-07-08 01:19:01,088] {logging_mixin.py:115} INFO - [2023-07-08 01:19:01,088] {dagbag.py:507} INFO - Filling up the DagBag from /home/lucas/Área de Trabalho/apresentação/venv/lib/python3.10/site-packages/airflow/example_dags/example_branch_operator_decorator.py
[2023-07-08 01:19:01,133] {processor.py:651} INFO - DAG(s) dict_keys(['example_branch_python_operator_decorator']) retrieved from /home/lucas/Área de Trabalho/apresentação/venv/lib/python3.10/site-packages/airflow/example_dags/example_branch_operator_decorator.py
[2023-07-08 01:19:01,168] {logging_mixin.py:115} INFO - [2023-07-08 01:19:01,167] {dag.py:2379} INFO - Sync 1 DAGs
[2023-07-08 01:19:01,212] {logging_mixin.py:115} INFO - [2023-07-08 01:19:01,212] {dag.py:2927} INFO - Setting next_dagrun for example_branch_python_operator_decorator to 2023-07-07T00:00:00+00:00, run_after=2023-07-08T00:00:00+00:00
[2023-07-08 01:19:01,239] {processor.py:161} INFO - Processing /home/lucas/Área de Trabalho/apresentação/venv/lib/python3.10/site-packages/airflow/example_dags/example_branch_operator_decorator.py took 0.162 seconds
[2023-07-08 01:19:47,489] {processor.py:153} INFO - Started process (PID=41598) to work on /home/lucas/Área de Trabalho/apresentação/venv/lib/python3.10/site-packages/airflow/example_dags/example_branch_operator_decorator.py
[2023-07-08 01:19:47,493] {processor.py:641} INFO - Processing file /home/lucas/Área de Trabalho/apresentação/venv/lib/python3.10/site-packages/airflow/example_dags/example_branch_operator_decorator.py for tasks to queue
[2023-07-08 01:19:47,494] {logging_mixin.py:115} INFO - [2023-07-08 01:19:47,494] {dagbag.py:507} INFO - Filling up the DagBag from /home/lucas/Área de Trabalho/apresentação/venv/lib/python3.10/site-packages/airflow/example_dags/example_branch_operator_decorator.py
[2023-07-08 01:19:47,537] {processor.py:651} INFO - DAG(s) dict_keys(['example_branch_python_operator_decorator']) retrieved from /home/lucas/Área de Trabalho/apresentação/venv/lib/python3.10/site-packages/airflow/example_dags/example_branch_operator_decorator.py
[2023-07-08 01:19:47,571] {logging_mixin.py:115} INFO - [2023-07-08 01:19:47,571] {dag.py:2379} INFO - Sync 1 DAGs
[2023-07-08 01:19:47,615] {logging_mixin.py:115} INFO - [2023-07-08 01:19:47,615] {dag.py:2927} INFO - Setting next_dagrun for example_branch_python_operator_decorator to 2023-07-07T00:00:00+00:00, run_after=2023-07-08T00:00:00+00:00
[2023-07-08 01:19:47,640] {processor.py:161} INFO - Processing /home/lucas/Área de Trabalho/apresentação/venv/lib/python3.10/site-packages/airflow/example_dags/example_branch_operator_decorator.py took 0.156 seconds
[2023-07-08 01:20:27,486] {processor.py:153} INFO - Started process (PID=41697) to work on /home/lucas/Área de Trabalho/apresentação/venv/lib/python3.10/site-packages/airflow/example_dags/example_branch_operator_decorator.py
[2023-07-08 01:20:27,490] {processor.py:641} INFO - Processing file /home/lucas/Área de Trabalho/apresentação/venv/lib/python3.10/site-packages/airflow/example_dags/example_branch_operator_decorator.py for tasks to queue
[2023-07-08 01:20:27,491] {logging_mixin.py:115} INFO - [2023-07-08 01:20:27,491] {dagbag.py:507} INFO - Filling up the DagBag from /home/lucas/Área de Trabalho/apresentação/venv/lib/python3.10/site-packages/airflow/example_dags/example_branch_operator_decorator.py
[2023-07-08 01:20:27,533] {processor.py:651} INFO - DAG(s) dict_keys(['example_branch_python_operator_decorator']) retrieved from /home/lucas/Área de Trabalho/apresentação/venv/lib/python3.10/site-packages/airflow/example_dags/example_branch_operator_decorator.py
[2023-07-08 01:20:27,567] {logging_mixin.py:115} INFO - [2023-07-08 01:20:27,567] {dag.py:2379} INFO - Sync 1 DAGs
[2023-07-08 01:20:27,610] {logging_mixin.py:115} INFO - [2023-07-08 01:20:27,609] {dag.py:2927} INFO - Setting next_dagrun for example_branch_python_operator_decorator to 2023-07-07T00:00:00+00:00, run_after=2023-07-08T00:00:00+00:00
[2023-07-08 01:20:27,635] {processor.py:161} INFO - Processing /home/lucas/Área de Trabalho/apresentação/venv/lib/python3.10/site-packages/airflow/example_dags/example_branch_operator_decorator.py took 0.155 seconds
[2023-07-08 10:16:44,999] {processor.py:153} INFO - Started process (PID=4911) to work on /home/lucas/Área de Trabalho/apresentação/venv/lib/python3.10/site-packages/airflow/example_dags/example_branch_operator_decorator.py
[2023-07-08 10:16:45,004] {processor.py:641} INFO - Processing file /home/lucas/Área de Trabalho/apresentação/venv/lib/python3.10/site-packages/airflow/example_dags/example_branch_operator_decorator.py for tasks to queue
[2023-07-08 10:16:45,005] {logging_mixin.py:115} INFO - [2023-07-08 10:16:45,004] {dagbag.py:507} INFO - Filling up the DagBag from /home/lucas/Área de Trabalho/apresentação/venv/lib/python3.10/site-packages/airflow/example_dags/example_branch_operator_decorator.py
[2023-07-08 10:16:45,042] {processor.py:651} INFO - DAG(s) dict_keys(['example_branch_python_operator_decorator']) retrieved from /home/lucas/Área de Trabalho/apresentação/venv/lib/python3.10/site-packages/airflow/example_dags/example_branch_operator_decorator.py
[2023-07-08 10:16:45,052] {logging_mixin.py:115} INFO - [2023-07-08 10:16:45,052] {dag.py:2379} INFO - Sync 1 DAGs
[2023-07-08 10:16:45,067] {logging_mixin.py:115} INFO - [2023-07-08 10:16:45,067] {dag.py:2927} INFO - Setting next_dagrun for example_branch_python_operator_decorator to 2023-07-07T00:00:00+00:00, run_after=2023-07-08T00:00:00+00:00
[2023-07-08 10:16:45,077] {processor.py:161} INFO - Processing /home/lucas/Área de Trabalho/apresentação/venv/lib/python3.10/site-packages/airflow/example_dags/example_branch_operator_decorator.py took 0.082 seconds
[2023-07-08 10:17:21,872] {processor.py:153} INFO - Started process (PID=5364) to work on /home/lucas/Área de Trabalho/apresentação/venv/lib/python3.10/site-packages/airflow/example_dags/example_branch_operator_decorator.py
[2023-07-08 10:17:21,876] {processor.py:641} INFO - Processing file /home/lucas/Área de Trabalho/apresentação/venv/lib/python3.10/site-packages/airflow/example_dags/example_branch_operator_decorator.py for tasks to queue
[2023-07-08 10:17:21,877] {logging_mixin.py:115} INFO - [2023-07-08 10:17:21,877] {dagbag.py:507} INFO - Filling up the DagBag from /home/lucas/Área de Trabalho/apresentação/venv/lib/python3.10/site-packages/airflow/example_dags/example_branch_operator_decorator.py
[2023-07-08 10:17:21,918] {processor.py:651} INFO - DAG(s) dict_keys(['example_branch_python_operator_decorator']) retrieved from /home/lucas/Área de Trabalho/apresentação/venv/lib/python3.10/site-packages/airflow/example_dags/example_branch_operator_decorator.py
[2023-07-08 10:17:21,950] {logging_mixin.py:115} INFO - [2023-07-08 10:17:21,949] {dag.py:2379} INFO - Sync 1 DAGs
[2023-07-08 10:17:21,989] {logging_mixin.py:115} INFO - [2023-07-08 10:17:21,989] {dag.py:2927} INFO - Setting next_dagrun for example_branch_python_operator_decorator to 2023-07-07T00:00:00+00:00, run_after=2023-07-08T00:00:00+00:00
[2023-07-08 10:17:22,013] {processor.py:161} INFO - Processing /home/lucas/Área de Trabalho/apresentação/venv/lib/python3.10/site-packages/airflow/example_dags/example_branch_operator_decorator.py took 0.146 seconds
[2023-07-08 10:18:03,920] {processor.py:153} INFO - Started process (PID=5575) to work on /home/lucas/Área de Trabalho/apresentação/venv/lib/python3.10/site-packages/airflow/example_dags/example_branch_operator_decorator.py
[2023-07-08 10:18:03,924] {processor.py:641} INFO - Processing file /home/lucas/Área de Trabalho/apresentação/venv/lib/python3.10/site-packages/airflow/example_dags/example_branch_operator_decorator.py for tasks to queue
[2023-07-08 10:18:03,925] {logging_mixin.py:115} INFO - [2023-07-08 10:18:03,925] {dagbag.py:507} INFO - Filling up the DagBag from /home/lucas/Área de Trabalho/apresentação/venv/lib/python3.10/site-packages/airflow/example_dags/example_branch_operator_decorator.py
[2023-07-08 10:18:03,967] {processor.py:651} INFO - DAG(s) dict_keys(['example_branch_python_operator_decorator']) retrieved from /home/lucas/Área de Trabalho/apresentação/venv/lib/python3.10/site-packages/airflow/example_dags/example_branch_operator_decorator.py
[2023-07-08 10:18:03,988] {logging_mixin.py:115} INFO - [2023-07-08 10:18:03,988] {dag.py:2379} INFO - Sync 1 DAGs
[2023-07-08 10:18:04,000] {logging_mixin.py:115} INFO - [2023-07-08 10:18:04,000] {dag.py:2927} INFO - Setting next_dagrun for example_branch_python_operator_decorator to 2023-07-07T00:00:00+00:00, run_after=2023-07-08T00:00:00+00:00
[2023-07-08 10:18:04,010] {processor.py:161} INFO - Processing /home/lucas/Área de Trabalho/apresentação/venv/lib/python3.10/site-packages/airflow/example_dags/example_branch_operator_decorator.py took 0.096 seconds
[2023-07-08 10:18:45,128] {processor.py:153} INFO - Started process (PID=5646) to work on /home/lucas/Área de Trabalho/apresentação/venv/lib/python3.10/site-packages/airflow/example_dags/example_branch_operator_decorator.py
[2023-07-08 10:18:45,132] {processor.py:641} INFO - Processing file /home/lucas/Área de Trabalho/apresentação/venv/lib/python3.10/site-packages/airflow/example_dags/example_branch_operator_decorator.py for tasks to queue
[2023-07-08 10:18:45,133] {logging_mixin.py:115} INFO - [2023-07-08 10:18:45,133] {dagbag.py:507} INFO - Filling up the DagBag from /home/lucas/Área de Trabalho/apresentação/venv/lib/python3.10/site-packages/airflow/example_dags/example_branch_operator_decorator.py
[2023-07-08 10:18:45,177] {processor.py:651} INFO - DAG(s) dict_keys(['example_branch_python_operator_decorator']) retrieved from /home/lucas/Área de Trabalho/apresentação/venv/lib/python3.10/site-packages/airflow/example_dags/example_branch_operator_decorator.py
[2023-07-08 10:18:45,211] {logging_mixin.py:115} INFO - [2023-07-08 10:18:45,211] {dag.py:2379} INFO - Sync 1 DAGs
[2023-07-08 10:18:45,255] {logging_mixin.py:115} INFO - [2023-07-08 10:18:45,255] {dag.py:2927} INFO - Setting next_dagrun for example_branch_python_operator_decorator to 2023-07-07T00:00:00+00:00, run_after=2023-07-08T00:00:00+00:00
[2023-07-08 10:18:45,282] {processor.py:161} INFO - Processing /home/lucas/Área de Trabalho/apresentação/venv/lib/python3.10/site-packages/airflow/example_dags/example_branch_operator_decorator.py took 0.159 seconds
[2023-07-08 10:19:30,669] {processor.py:153} INFO - Started process (PID=5739) to work on /home/lucas/Área de Trabalho/apresentação/venv/lib/python3.10/site-packages/airflow/example_dags/example_branch_operator_decorator.py
[2023-07-08 10:19:30,673] {processor.py:641} INFO - Processing file /home/lucas/Área de Trabalho/apresentação/venv/lib/python3.10/site-packages/airflow/example_dags/example_branch_operator_decorator.py for tasks to queue
[2023-07-08 10:19:30,674] {logging_mixin.py:115} INFO - [2023-07-08 10:19:30,674] {dagbag.py:507} INFO - Filling up the DagBag from /home/lucas/Área de Trabalho/apresentação/venv/lib/python3.10/site-packages/airflow/example_dags/example_branch_operator_decorator.py
[2023-07-08 10:19:30,716] {processor.py:651} INFO - DAG(s) dict_keys(['example_branch_python_operator_decorator']) retrieved from /home/lucas/Área de Trabalho/apresentação/venv/lib/python3.10/site-packages/airflow/example_dags/example_branch_operator_decorator.py
[2023-07-08 10:19:30,751] {logging_mixin.py:115} INFO - [2023-07-08 10:19:30,750] {dag.py:2379} INFO - Sync 1 DAGs
[2023-07-08 10:19:30,794] {logging_mixin.py:115} INFO - [2023-07-08 10:19:30,794] {dag.py:2927} INFO - Setting next_dagrun for example_branch_python_operator_decorator to 2023-07-07T00:00:00+00:00, run_after=2023-07-08T00:00:00+00:00
[2023-07-08 10:19:30,821] {processor.py:161} INFO - Processing /home/lucas/Área de Trabalho/apresentação/venv/lib/python3.10/site-packages/airflow/example_dags/example_branch_operator_decorator.py took 0.158 seconds
[2023-07-08 10:20:18,591] {processor.py:153} INFO - Started process (PID=5813) to work on /home/lucas/Área de Trabalho/apresentação/venv/lib/python3.10/site-packages/airflow/example_dags/example_branch_operator_decorator.py
[2023-07-08 10:20:18,595] {processor.py:641} INFO - Processing file /home/lucas/Área de Trabalho/apresentação/venv/lib/python3.10/site-packages/airflow/example_dags/example_branch_operator_decorator.py for tasks to queue
[2023-07-08 10:20:18,596] {logging_mixin.py:115} INFO - [2023-07-08 10:20:18,596] {dagbag.py:507} INFO - Filling up the DagBag from /home/lucas/Área de Trabalho/apresentação/venv/lib/python3.10/site-packages/airflow/example_dags/example_branch_operator_decorator.py
[2023-07-08 10:20:18,639] {processor.py:651} INFO - DAG(s) dict_keys(['example_branch_python_operator_decorator']) retrieved from /home/lucas/Área de Trabalho/apresentação/venv/lib/python3.10/site-packages/airflow/example_dags/example_branch_operator_decorator.py
[2023-07-08 10:20:18,673] {logging_mixin.py:115} INFO - [2023-07-08 10:20:18,673] {dag.py:2379} INFO - Sync 1 DAGs
[2023-07-08 10:20:18,717] {logging_mixin.py:115} INFO - [2023-07-08 10:20:18,716] {dag.py:2927} INFO - Setting next_dagrun for example_branch_python_operator_decorator to 2023-07-07T00:00:00+00:00, run_after=2023-07-08T00:00:00+00:00
[2023-07-08 10:20:18,742] {processor.py:161} INFO - Processing /home/lucas/Área de Trabalho/apresentação/venv/lib/python3.10/site-packages/airflow/example_dags/example_branch_operator_decorator.py took 0.157 seconds
[2023-07-08 10:20:57,204] {processor.py:153} INFO - Started process (PID=5890) to work on /home/lucas/Área de Trabalho/apresentação/venv/lib/python3.10/site-packages/airflow/example_dags/example_branch_operator_decorator.py
[2023-07-08 10:20:57,206] {processor.py:641} INFO - Processing file /home/lucas/Área de Trabalho/apresentação/venv/lib/python3.10/site-packages/airflow/example_dags/example_branch_operator_decorator.py for tasks to queue
[2023-07-08 10:20:57,207] {logging_mixin.py:115} INFO - [2023-07-08 10:20:57,207] {dagbag.py:507} INFO - Filling up the DagBag from /home/lucas/Área de Trabalho/apresentação/venv/lib/python3.10/site-packages/airflow/example_dags/example_branch_operator_decorator.py
[2023-07-08 10:20:57,250] {processor.py:651} INFO - DAG(s) dict_keys(['example_branch_python_operator_decorator']) retrieved from /home/lucas/Área de Trabalho/apresentação/venv/lib/python3.10/site-packages/airflow/example_dags/example_branch_operator_decorator.py
[2023-07-08 10:20:57,284] {logging_mixin.py:115} INFO - [2023-07-08 10:20:57,284] {dag.py:2379} INFO - Sync 1 DAGs
[2023-07-08 10:20:57,329] {logging_mixin.py:115} INFO - [2023-07-08 10:20:57,329] {dag.py:2927} INFO - Setting next_dagrun for example_branch_python_operator_decorator to 2023-07-07T00:00:00+00:00, run_after=2023-07-08T00:00:00+00:00
[2023-07-08 10:20:57,353] {processor.py:161} INFO - Processing /home/lucas/Área de Trabalho/apresentação/venv/lib/python3.10/site-packages/airflow/example_dags/example_branch_operator_decorator.py took 0.154 seconds
[2023-07-08 10:21:41,965] {processor.py:153} INFO - Started process (PID=6020) to work on /home/lucas/Área de Trabalho/apresentação/venv/lib/python3.10/site-packages/airflow/example_dags/example_branch_operator_decorator.py
[2023-07-08 10:21:41,969] {processor.py:641} INFO - Processing file /home/lucas/Área de Trabalho/apresentação/venv/lib/python3.10/site-packages/airflow/example_dags/example_branch_operator_decorator.py for tasks to queue
[2023-07-08 10:21:41,970] {logging_mixin.py:115} INFO - [2023-07-08 10:21:41,970] {dagbag.py:507} INFO - Filling up the DagBag from /home/lucas/Área de Trabalho/apresentação/venv/lib/python3.10/site-packages/airflow/example_dags/example_branch_operator_decorator.py
[2023-07-08 10:21:42,013] {processor.py:651} INFO - DAG(s) dict_keys(['example_branch_python_operator_decorator']) retrieved from /home/lucas/Área de Trabalho/apresentação/venv/lib/python3.10/site-packages/airflow/example_dags/example_branch_operator_decorator.py
[2023-07-08 10:21:42,047] {logging_mixin.py:115} INFO - [2023-07-08 10:21:42,047] {dag.py:2379} INFO - Sync 1 DAGs
[2023-07-08 10:21:42,091] {logging_mixin.py:115} INFO - [2023-07-08 10:21:42,090] {dag.py:2927} INFO - Setting next_dagrun for example_branch_python_operator_decorator to 2023-07-07T00:00:00+00:00, run_after=2023-07-08T00:00:00+00:00
[2023-07-08 10:21:42,116] {processor.py:161} INFO - Processing /home/lucas/Área de Trabalho/apresentação/venv/lib/python3.10/site-packages/airflow/example_dags/example_branch_operator_decorator.py took 0.157 seconds
[2023-07-08 10:22:22,534] {processor.py:153} INFO - Started process (PID=6083) to work on /home/lucas/Área de Trabalho/apresentação/venv/lib/python3.10/site-packages/airflow/example_dags/example_branch_operator_decorator.py
[2023-07-08 10:22:22,538] {processor.py:641} INFO - Processing file /home/lucas/Área de Trabalho/apresentação/venv/lib/python3.10/site-packages/airflow/example_dags/example_branch_operator_decorator.py for tasks to queue
[2023-07-08 10:22:22,539] {logging_mixin.py:115} INFO - [2023-07-08 10:22:22,539] {dagbag.py:507} INFO - Filling up the DagBag from /home/lucas/Área de Trabalho/apresentação/venv/lib/python3.10/site-packages/airflow/example_dags/example_branch_operator_decorator.py
[2023-07-08 10:22:22,582] {processor.py:651} INFO - DAG(s) dict_keys(['example_branch_python_operator_decorator']) retrieved from /home/lucas/Área de Trabalho/apresentação/venv/lib/python3.10/site-packages/airflow/example_dags/example_branch_operator_decorator.py
[2023-07-08 10:22:22,616] {logging_mixin.py:115} INFO - [2023-07-08 10:22:22,616] {dag.py:2379} INFO - Sync 1 DAGs
[2023-07-08 10:22:22,662] {logging_mixin.py:115} INFO - [2023-07-08 10:22:22,662] {dag.py:2927} INFO - Setting next_dagrun for example_branch_python_operator_decorator to 2023-07-07T00:00:00+00:00, run_after=2023-07-08T00:00:00+00:00
[2023-07-08 10:22:22,688] {processor.py:161} INFO - Processing /home/lucas/Área de Trabalho/apresentação/venv/lib/python3.10/site-packages/airflow/example_dags/example_branch_operator_decorator.py took 0.160 seconds
[2023-07-08 10:23:11,920] {processor.py:153} INFO - Started process (PID=6201) to work on /home/lucas/Área de Trabalho/apresentação/venv/lib/python3.10/site-packages/airflow/example_dags/example_branch_operator_decorator.py
[2023-07-08 10:23:11,924] {processor.py:641} INFO - Processing file /home/lucas/Área de Trabalho/apresentação/venv/lib/python3.10/site-packages/airflow/example_dags/example_branch_operator_decorator.py for tasks to queue
[2023-07-08 10:23:11,925] {logging_mixin.py:115} INFO - [2023-07-08 10:23:11,924] {dagbag.py:507} INFO - Filling up the DagBag from /home/lucas/Área de Trabalho/apresentação/venv/lib/python3.10/site-packages/airflow/example_dags/example_branch_operator_decorator.py
[2023-07-08 10:23:11,967] {processor.py:651} INFO - DAG(s) dict_keys(['example_branch_python_operator_decorator']) retrieved from /home/lucas/Área de Trabalho/apresentação/venv/lib/python3.10/site-packages/airflow/example_dags/example_branch_operator_decorator.py
[2023-07-08 10:23:12,002] {logging_mixin.py:115} INFO - [2023-07-08 10:23:12,001] {dag.py:2379} INFO - Sync 1 DAGs
[2023-07-08 10:23:12,044] {logging_mixin.py:115} INFO - [2023-07-08 10:23:12,044] {dag.py:2927} INFO - Setting next_dagrun for example_branch_python_operator_decorator to 2023-07-07T00:00:00+00:00, run_after=2023-07-08T00:00:00+00:00
[2023-07-08 10:23:12,069] {processor.py:161} INFO - Processing /home/lucas/Área de Trabalho/apresentação/venv/lib/python3.10/site-packages/airflow/example_dags/example_branch_operator_decorator.py took 0.155 seconds
[2023-07-08 10:23:52,347] {processor.py:153} INFO - Started process (PID=6274) to work on /home/lucas/Área de Trabalho/apresentação/venv/lib/python3.10/site-packages/airflow/example_dags/example_branch_operator_decorator.py
[2023-07-08 10:23:52,350] {processor.py:641} INFO - Processing file /home/lucas/Área de Trabalho/apresentação/venv/lib/python3.10/site-packages/airflow/example_dags/example_branch_operator_decorator.py for tasks to queue
[2023-07-08 10:23:52,352] {logging_mixin.py:115} INFO - [2023-07-08 10:23:52,352] {dagbag.py:507} INFO - Filling up the DagBag from /home/lucas/Área de Trabalho/apresentação/venv/lib/python3.10/site-packages/airflow/example_dags/example_branch_operator_decorator.py
[2023-07-08 10:23:52,395] {processor.py:651} INFO - DAG(s) dict_keys(['example_branch_python_operator_decorator']) retrieved from /home/lucas/Área de Trabalho/apresentação/venv/lib/python3.10/site-packages/airflow/example_dags/example_branch_operator_decorator.py
[2023-07-08 10:23:52,429] {logging_mixin.py:115} INFO - [2023-07-08 10:23:52,429] {dag.py:2379} INFO - Sync 1 DAGs
[2023-07-08 10:23:52,473] {logging_mixin.py:115} INFO - [2023-07-08 10:23:52,472] {dag.py:2927} INFO - Setting next_dagrun for example_branch_python_operator_decorator to 2023-07-07T00:00:00+00:00, run_after=2023-07-08T00:00:00+00:00
[2023-07-08 10:23:52,498] {processor.py:161} INFO - Processing /home/lucas/Área de Trabalho/apresentação/venv/lib/python3.10/site-packages/airflow/example_dags/example_branch_operator_decorator.py took 0.157 seconds
[2023-07-08 10:24:35,127] {processor.py:153} INFO - Started process (PID=6352) to work on /home/lucas/Área de Trabalho/apresentação/venv/lib/python3.10/site-packages/airflow/example_dags/example_branch_operator_decorator.py
[2023-07-08 10:24:35,131] {processor.py:641} INFO - Processing file /home/lucas/Área de Trabalho/apresentação/venv/lib/python3.10/site-packages/airflow/example_dags/example_branch_operator_decorator.py for tasks to queue
[2023-07-08 10:24:35,132] {logging_mixin.py:115} INFO - [2023-07-08 10:24:35,132] {dagbag.py:507} INFO - Filling up the DagBag from /home/lucas/Área de Trabalho/apresentação/venv/lib/python3.10/site-packages/airflow/example_dags/example_branch_operator_decorator.py
[2023-07-08 10:24:35,175] {processor.py:651} INFO - DAG(s) dict_keys(['example_branch_python_operator_decorator']) retrieved from /home/lucas/Área de Trabalho/apresentação/venv/lib/python3.10/site-packages/airflow/example_dags/example_branch_operator_decorator.py
[2023-07-08 10:24:35,209] {logging_mixin.py:115} INFO - [2023-07-08 10:24:35,209] {dag.py:2379} INFO - Sync 1 DAGs
[2023-07-08 10:24:35,253] {logging_mixin.py:115} INFO - [2023-07-08 10:24:35,253] {dag.py:2927} INFO - Setting next_dagrun for example_branch_python_operator_decorator to 2023-07-07T00:00:00+00:00, run_after=2023-07-08T00:00:00+00:00
[2023-07-08 10:24:35,279] {processor.py:161} INFO - Processing /home/lucas/Área de Trabalho/apresentação/venv/lib/python3.10/site-packages/airflow/example_dags/example_branch_operator_decorator.py took 0.157 seconds
[2023-07-08 10:25:17,474] {processor.py:153} INFO - Started process (PID=6421) to work on /home/lucas/Área de Trabalho/apresentação/venv/lib/python3.10/site-packages/airflow/example_dags/example_branch_operator_decorator.py
[2023-07-08 10:25:17,476] {processor.py:641} INFO - Processing file /home/lucas/Área de Trabalho/apresentação/venv/lib/python3.10/site-packages/airflow/example_dags/example_branch_operator_decorator.py for tasks to queue
[2023-07-08 10:25:17,477] {logging_mixin.py:115} INFO - [2023-07-08 10:25:17,477] {dagbag.py:507} INFO - Filling up the DagBag from /home/lucas/Área de Trabalho/apresentação/venv/lib/python3.10/site-packages/airflow/example_dags/example_branch_operator_decorator.py
[2023-07-08 10:25:17,519] {processor.py:651} INFO - DAG(s) dict_keys(['example_branch_python_operator_decorator']) retrieved from /home/lucas/Área de Trabalho/apresentação/venv/lib/python3.10/site-packages/airflow/example_dags/example_branch_operator_decorator.py
[2023-07-08 10:25:17,553] {logging_mixin.py:115} INFO - [2023-07-08 10:25:17,553] {dag.py:2379} INFO - Sync 1 DAGs
[2023-07-08 10:25:17,596] {logging_mixin.py:115} INFO - [2023-07-08 10:25:17,596] {dag.py:2927} INFO - Setting next_dagrun for example_branch_python_operator_decorator to 2023-07-07T00:00:00+00:00, run_after=2023-07-08T00:00:00+00:00
[2023-07-08 10:25:17,620] {processor.py:161} INFO - Processing /home/lucas/Área de Trabalho/apresentação/venv/lib/python3.10/site-packages/airflow/example_dags/example_branch_operator_decorator.py took 0.152 seconds
[2023-07-08 10:26:04,127] {processor.py:153} INFO - Started process (PID=6513) to work on /home/lucas/Área de Trabalho/apresentação/venv/lib/python3.10/site-packages/airflow/example_dags/example_branch_operator_decorator.py
[2023-07-08 10:26:04,131] {processor.py:641} INFO - Processing file /home/lucas/Área de Trabalho/apresentação/venv/lib/python3.10/site-packages/airflow/example_dags/example_branch_operator_decorator.py for tasks to queue
[2023-07-08 10:26:04,132] {logging_mixin.py:115} INFO - [2023-07-08 10:26:04,132] {dagbag.py:507} INFO - Filling up the DagBag from /home/lucas/Área de Trabalho/apresentação/venv/lib/python3.10/site-packages/airflow/example_dags/example_branch_operator_decorator.py
[2023-07-08 10:26:04,175] {processor.py:651} INFO - DAG(s) dict_keys(['example_branch_python_operator_decorator']) retrieved from /home/lucas/Área de Trabalho/apresentação/venv/lib/python3.10/site-packages/airflow/example_dags/example_branch_operator_decorator.py
[2023-07-08 10:26:04,209] {logging_mixin.py:115} INFO - [2023-07-08 10:26:04,209] {dag.py:2379} INFO - Sync 1 DAGs
[2023-07-08 10:26:04,256] {logging_mixin.py:115} INFO - [2023-07-08 10:26:04,256] {dag.py:2927} INFO - Setting next_dagrun for example_branch_python_operator_decorator to 2023-07-07T00:00:00+00:00, run_after=2023-07-08T00:00:00+00:00
[2023-07-08 10:26:04,286] {processor.py:161} INFO - Processing /home/lucas/Área de Trabalho/apresentação/venv/lib/python3.10/site-packages/airflow/example_dags/example_branch_operator_decorator.py took 0.165 seconds
[2023-07-08 10:26:42,922] {processor.py:153} INFO - Started process (PID=6634) to work on /home/lucas/Área de Trabalho/apresentação/venv/lib/python3.10/site-packages/airflow/example_dags/example_branch_operator_decorator.py
[2023-07-08 10:26:42,926] {processor.py:641} INFO - Processing file /home/lucas/Área de Trabalho/apresentação/venv/lib/python3.10/site-packages/airflow/example_dags/example_branch_operator_decorator.py for tasks to queue
[2023-07-08 10:26:42,927] {logging_mixin.py:115} INFO - [2023-07-08 10:26:42,927] {dagbag.py:507} INFO - Filling up the DagBag from /home/lucas/Área de Trabalho/apresentação/venv/lib/python3.10/site-packages/airflow/example_dags/example_branch_operator_decorator.py
[2023-07-08 10:26:42,970] {processor.py:651} INFO - DAG(s) dict_keys(['example_branch_python_operator_decorator']) retrieved from /home/lucas/Área de Trabalho/apresentação/venv/lib/python3.10/site-packages/airflow/example_dags/example_branch_operator_decorator.py
[2023-07-08 10:26:43,004] {logging_mixin.py:115} INFO - [2023-07-08 10:26:43,004] {dag.py:2379} INFO - Sync 1 DAGs
[2023-07-08 10:26:43,048] {logging_mixin.py:115} INFO - [2023-07-08 10:26:43,047] {dag.py:2927} INFO - Setting next_dagrun for example_branch_python_operator_decorator to 2023-07-07T00:00:00+00:00, run_after=2023-07-08T00:00:00+00:00
[2023-07-08 10:26:43,074] {processor.py:161} INFO - Processing /home/lucas/Área de Trabalho/apresentação/venv/lib/python3.10/site-packages/airflow/example_dags/example_branch_operator_decorator.py took 0.158 seconds
[2023-07-08 10:27:25,173] {processor.py:153} INFO - Started process (PID=6706) to work on /home/lucas/Área de Trabalho/apresentação/venv/lib/python3.10/site-packages/airflow/example_dags/example_branch_operator_decorator.py
[2023-07-08 10:27:25,177] {processor.py:641} INFO - Processing file /home/lucas/Área de Trabalho/apresentação/venv/lib/python3.10/site-packages/airflow/example_dags/example_branch_operator_decorator.py for tasks to queue
[2023-07-08 10:27:25,178] {logging_mixin.py:115} INFO - [2023-07-08 10:27:25,178] {dagbag.py:507} INFO - Filling up the DagBag from /home/lucas/Área de Trabalho/apresentação/venv/lib/python3.10/site-packages/airflow/example_dags/example_branch_operator_decorator.py
[2023-07-08 10:27:25,220] {processor.py:651} INFO - DAG(s) dict_keys(['example_branch_python_operator_decorator']) retrieved from /home/lucas/Área de Trabalho/apresentação/venv/lib/python3.10/site-packages/airflow/example_dags/example_branch_operator_decorator.py
[2023-07-08 10:27:25,254] {logging_mixin.py:115} INFO - [2023-07-08 10:27:25,254] {dag.py:2379} INFO - Sync 1 DAGs
[2023-07-08 10:27:25,301] {logging_mixin.py:115} INFO - [2023-07-08 10:27:25,301] {dag.py:2927} INFO - Setting next_dagrun for example_branch_python_operator_decorator to 2023-07-07T00:00:00+00:00, run_after=2023-07-08T00:00:00+00:00
[2023-07-08 10:27:25,327] {processor.py:161} INFO - Processing /home/lucas/Área de Trabalho/apresentação/venv/lib/python3.10/site-packages/airflow/example_dags/example_branch_operator_decorator.py took 0.160 seconds
[2023-07-08 10:28:04,807] {processor.py:153} INFO - Started process (PID=6810) to work on /home/lucas/Área de Trabalho/apresentação/venv/lib/python3.10/site-packages/airflow/example_dags/example_branch_operator_decorator.py
[2023-07-08 10:28:04,808] {processor.py:641} INFO - Processing file /home/lucas/Área de Trabalho/apresentação/venv/lib/python3.10/site-packages/airflow/example_dags/example_branch_operator_decorator.py for tasks to queue
[2023-07-08 10:28:04,810] {logging_mixin.py:115} INFO - [2023-07-08 10:28:04,810] {dagbag.py:507} INFO - Filling up the DagBag from /home/lucas/Área de Trabalho/apresentação/venv/lib/python3.10/site-packages/airflow/example_dags/example_branch_operator_decorator.py
[2023-07-08 10:28:04,852] {processor.py:651} INFO - DAG(s) dict_keys(['example_branch_python_operator_decorator']) retrieved from /home/lucas/Área de Trabalho/apresentação/venv/lib/python3.10/site-packages/airflow/example_dags/example_branch_operator_decorator.py
[2023-07-08 10:28:04,887] {logging_mixin.py:115} INFO - [2023-07-08 10:28:04,887] {dag.py:2379} INFO - Sync 1 DAGs
[2023-07-08 10:28:04,932] {logging_mixin.py:115} INFO - [2023-07-08 10:28:04,931] {dag.py:2927} INFO - Setting next_dagrun for example_branch_python_operator_decorator to 2023-07-07T00:00:00+00:00, run_after=2023-07-08T00:00:00+00:00
[2023-07-08 10:28:04,956] {processor.py:161} INFO - Processing /home/lucas/Área de Trabalho/apresentação/venv/lib/python3.10/site-packages/airflow/example_dags/example_branch_operator_decorator.py took 0.155 seconds
[2023-07-08 10:28:50,290] {processor.py:153} INFO - Started process (PID=6897) to work on /home/lucas/Área de Trabalho/apresentação/venv/lib/python3.10/site-packages/airflow/example_dags/example_branch_operator_decorator.py
[2023-07-08 10:28:50,291] {processor.py:641} INFO - Processing file /home/lucas/Área de Trabalho/apresentação/venv/lib/python3.10/site-packages/airflow/example_dags/example_branch_operator_decorator.py for tasks to queue
[2023-07-08 10:28:50,292] {logging_mixin.py:115} INFO - [2023-07-08 10:28:50,292] {dagbag.py:507} INFO - Filling up the DagBag from /home/lucas/Área de Trabalho/apresentação/venv/lib/python3.10/site-packages/airflow/example_dags/example_branch_operator_decorator.py
[2023-07-08 10:28:50,337] {processor.py:651} INFO - DAG(s) dict_keys(['example_branch_python_operator_decorator']) retrieved from /home/lucas/Área de Trabalho/apresentação/venv/lib/python3.10/site-packages/airflow/example_dags/example_branch_operator_decorator.py
[2023-07-08 10:28:50,373] {logging_mixin.py:115} INFO - [2023-07-08 10:28:50,373] {dag.py:2379} INFO - Sync 1 DAGs
[2023-07-08 10:28:50,417] {logging_mixin.py:115} INFO - [2023-07-08 10:28:50,417] {dag.py:2927} INFO - Setting next_dagrun for example_branch_python_operator_decorator to 2023-07-07T00:00:00+00:00, run_after=2023-07-08T00:00:00+00:00
[2023-07-08 10:28:50,445] {processor.py:161} INFO - Processing /home/lucas/Área de Trabalho/apresentação/venv/lib/python3.10/site-packages/airflow/example_dags/example_branch_operator_decorator.py took 0.161 seconds
[2023-07-08 10:29:32,196] {processor.py:153} INFO - Started process (PID=6972) to work on /home/lucas/Área de Trabalho/apresentação/venv/lib/python3.10/site-packages/airflow/example_dags/example_branch_operator_decorator.py
[2023-07-08 10:29:32,199] {processor.py:641} INFO - Processing file /home/lucas/Área de Trabalho/apresentação/venv/lib/python3.10/site-packages/airflow/example_dags/example_branch_operator_decorator.py for tasks to queue
[2023-07-08 10:29:32,201] {logging_mixin.py:115} INFO - [2023-07-08 10:29:32,200] {dagbag.py:507} INFO - Filling up the DagBag from /home/lucas/Área de Trabalho/apresentação/venv/lib/python3.10/site-packages/airflow/example_dags/example_branch_operator_decorator.py
[2023-07-08 10:29:32,243] {processor.py:651} INFO - DAG(s) dict_keys(['example_branch_python_operator_decorator']) retrieved from /home/lucas/Área de Trabalho/apresentação/venv/lib/python3.10/site-packages/airflow/example_dags/example_branch_operator_decorator.py
[2023-07-08 10:29:32,277] {logging_mixin.py:115} INFO - [2023-07-08 10:29:32,277] {dag.py:2379} INFO - Sync 1 DAGs
[2023-07-08 10:29:32,323] {logging_mixin.py:115} INFO - [2023-07-08 10:29:32,322] {dag.py:2927} INFO - Setting next_dagrun for example_branch_python_operator_decorator to 2023-07-07T00:00:00+00:00, run_after=2023-07-08T00:00:00+00:00
[2023-07-08 10:29:32,348] {processor.py:161} INFO - Processing /home/lucas/Área de Trabalho/apresentação/venv/lib/python3.10/site-packages/airflow/example_dags/example_branch_operator_decorator.py took 0.159 seconds
[2023-07-08 10:30:09,837] {processor.py:153} INFO - Started process (PID=7046) to work on /home/lucas/Área de Trabalho/apresentação/venv/lib/python3.10/site-packages/airflow/example_dags/example_branch_operator_decorator.py
[2023-07-08 10:30:09,840] {processor.py:641} INFO - Processing file /home/lucas/Área de Trabalho/apresentação/venv/lib/python3.10/site-packages/airflow/example_dags/example_branch_operator_decorator.py for tasks to queue
[2023-07-08 10:30:09,841] {logging_mixin.py:115} INFO - [2023-07-08 10:30:09,841] {dagbag.py:507} INFO - Filling up the DagBag from /home/lucas/Área de Trabalho/apresentação/venv/lib/python3.10/site-packages/airflow/example_dags/example_branch_operator_decorator.py
[2023-07-08 10:30:09,884] {processor.py:651} INFO - DAG(s) dict_keys(['example_branch_python_operator_decorator']) retrieved from /home/lucas/Área de Trabalho/apresentação/venv/lib/python3.10/site-packages/airflow/example_dags/example_branch_operator_decorator.py
[2023-07-08 10:30:09,918] {logging_mixin.py:115} INFO - [2023-07-08 10:30:09,918] {dag.py:2379} INFO - Sync 1 DAGs
[2023-07-08 10:30:09,962] {logging_mixin.py:115} INFO - [2023-07-08 10:30:09,961] {dag.py:2927} INFO - Setting next_dagrun for example_branch_python_operator_decorator to 2023-07-07T00:00:00+00:00, run_after=2023-07-08T00:00:00+00:00
[2023-07-08 10:30:09,987] {processor.py:161} INFO - Processing /home/lucas/Área de Trabalho/apresentação/venv/lib/python3.10/site-packages/airflow/example_dags/example_branch_operator_decorator.py took 0.156 seconds
[2023-07-08 10:30:52,103] {processor.py:153} INFO - Started process (PID=7121) to work on /home/lucas/Área de Trabalho/apresentação/venv/lib/python3.10/site-packages/airflow/example_dags/example_branch_operator_decorator.py
[2023-07-08 10:30:52,107] {processor.py:641} INFO - Processing file /home/lucas/Área de Trabalho/apresentação/venv/lib/python3.10/site-packages/airflow/example_dags/example_branch_operator_decorator.py for tasks to queue
[2023-07-08 10:30:52,108] {logging_mixin.py:115} INFO - [2023-07-08 10:30:52,108] {dagbag.py:507} INFO - Filling up the DagBag from /home/lucas/Área de Trabalho/apresentação/venv/lib/python3.10/site-packages/airflow/example_dags/example_branch_operator_decorator.py
[2023-07-08 10:30:52,151] {processor.py:651} INFO - DAG(s) dict_keys(['example_branch_python_operator_decorator']) retrieved from /home/lucas/Área de Trabalho/apresentação/venv/lib/python3.10/site-packages/airflow/example_dags/example_branch_operator_decorator.py
[2023-07-08 10:30:52,185] {logging_mixin.py:115} INFO - [2023-07-08 10:30:52,185] {dag.py:2379} INFO - Sync 1 DAGs
[2023-07-08 10:30:52,228] {logging_mixin.py:115} INFO - [2023-07-08 10:30:52,228] {dag.py:2927} INFO - Setting next_dagrun for example_branch_python_operator_decorator to 2023-07-07T00:00:00+00:00, run_after=2023-07-08T00:00:00+00:00
[2023-07-08 10:30:52,254] {processor.py:161} INFO - Processing /home/lucas/Área de Trabalho/apresentação/venv/lib/python3.10/site-packages/airflow/example_dags/example_branch_operator_decorator.py took 0.157 seconds
[2023-07-08 11:40:56,536] {processor.py:153} INFO - Started process (PID=11465) to work on /home/lucas/Área de Trabalho/apresentação/venv/lib/python3.10/site-packages/airflow/example_dags/example_branch_operator_decorator.py
[2023-07-08 11:40:56,537] {processor.py:641} INFO - Processing file /home/lucas/Área de Trabalho/apresentação/venv/lib/python3.10/site-packages/airflow/example_dags/example_branch_operator_decorator.py for tasks to queue
[2023-07-08 11:40:56,537] {logging_mixin.py:115} INFO - [2023-07-08 11:40:56,537] {dagbag.py:507} INFO - Filling up the DagBag from /home/lucas/Área de Trabalho/apresentação/venv/lib/python3.10/site-packages/airflow/example_dags/example_branch_operator_decorator.py
[2023-07-08 11:40:56,559] {processor.py:651} INFO - DAG(s) dict_keys(['example_branch_python_operator_decorator']) retrieved from /home/lucas/Área de Trabalho/apresentação/venv/lib/python3.10/site-packages/airflow/example_dags/example_branch_operator_decorator.py
[2023-07-08 11:40:56,578] {logging_mixin.py:115} INFO - [2023-07-08 11:40:56,578] {dag.py:2379} INFO - Sync 1 DAGs
[2023-07-08 11:40:56,602] {logging_mixin.py:115} INFO - [2023-07-08 11:40:56,602] {dag.py:2927} INFO - Setting next_dagrun for example_branch_python_operator_decorator to 2023-07-07T00:00:00+00:00, run_after=2023-07-08T00:00:00+00:00
[2023-07-08 11:40:56,615] {processor.py:161} INFO - Processing /home/lucas/Área de Trabalho/apresentação/venv/lib/python3.10/site-packages/airflow/example_dags/example_branch_operator_decorator.py took 0.081 seconds
[2023-07-08 11:41:44,255] {processor.py:153} INFO - Started process (PID=11744) to work on /home/lucas/Área de Trabalho/apresentação/venv/lib/python3.10/site-packages/airflow/example_dags/example_branch_operator_decorator.py
[2023-07-08 11:41:44,259] {processor.py:641} INFO - Processing file /home/lucas/Área de Trabalho/apresentação/venv/lib/python3.10/site-packages/airflow/example_dags/example_branch_operator_decorator.py for tasks to queue
[2023-07-08 11:41:44,260] {logging_mixin.py:115} INFO - [2023-07-08 11:41:44,260] {dagbag.py:507} INFO - Filling up the DagBag from /home/lucas/Área de Trabalho/apresentação/venv/lib/python3.10/site-packages/airflow/example_dags/example_branch_operator_decorator.py
[2023-07-08 11:41:44,302] {processor.py:651} INFO - DAG(s) dict_keys(['example_branch_python_operator_decorator']) retrieved from /home/lucas/Área de Trabalho/apresentação/venv/lib/python3.10/site-packages/airflow/example_dags/example_branch_operator_decorator.py
[2023-07-08 11:41:44,337] {logging_mixin.py:115} INFO - [2023-07-08 11:41:44,336] {dag.py:2379} INFO - Sync 1 DAGs
[2023-07-08 11:41:44,380] {logging_mixin.py:115} INFO - [2023-07-08 11:41:44,380] {dag.py:2927} INFO - Setting next_dagrun for example_branch_python_operator_decorator to 2023-07-07T00:00:00+00:00, run_after=2023-07-08T00:00:00+00:00
[2023-07-08 11:41:44,406] {processor.py:161} INFO - Processing /home/lucas/Área de Trabalho/apresentação/venv/lib/python3.10/site-packages/airflow/example_dags/example_branch_operator_decorator.py took 0.156 seconds
[2023-07-08 11:42:28,532] {processor.py:153} INFO - Started process (PID=11928) to work on /home/lucas/Área de Trabalho/apresentação/venv/lib/python3.10/site-packages/airflow/example_dags/example_branch_operator_decorator.py
[2023-07-08 11:42:28,536] {processor.py:641} INFO - Processing file /home/lucas/Área de Trabalho/apresentação/venv/lib/python3.10/site-packages/airflow/example_dags/example_branch_operator_decorator.py for tasks to queue
[2023-07-08 11:42:28,537] {logging_mixin.py:115} INFO - [2023-07-08 11:42:28,537] {dagbag.py:507} INFO - Filling up the DagBag from /home/lucas/Área de Trabalho/apresentação/venv/lib/python3.10/site-packages/airflow/example_dags/example_branch_operator_decorator.py
[2023-07-08 11:42:28,585] {processor.py:651} INFO - DAG(s) dict_keys(['example_branch_python_operator_decorator']) retrieved from /home/lucas/Área de Trabalho/apresentação/venv/lib/python3.10/site-packages/airflow/example_dags/example_branch_operator_decorator.py
[2023-07-08 11:42:28,623] {logging_mixin.py:115} INFO - [2023-07-08 11:42:28,622] {dag.py:2379} INFO - Sync 1 DAGs
[2023-07-08 11:42:28,666] {logging_mixin.py:115} INFO - [2023-07-08 11:42:28,666] {dag.py:2927} INFO - Setting next_dagrun for example_branch_python_operator_decorator to 2023-07-07T00:00:00+00:00, run_after=2023-07-08T00:00:00+00:00
[2023-07-08 11:42:28,693] {processor.py:161} INFO - Processing /home/lucas/Área de Trabalho/apresentação/venv/lib/python3.10/site-packages/airflow/example_dags/example_branch_operator_decorator.py took 0.165 seconds
[2023-07-08 11:43:10,049] {processor.py:153} INFO - Started process (PID=12240) to work on /home/lucas/Área de Trabalho/apresentação/venv/lib/python3.10/site-packages/airflow/example_dags/example_branch_operator_decorator.py
[2023-07-08 11:43:10,053] {processor.py:641} INFO - Processing file /home/lucas/Área de Trabalho/apresentação/venv/lib/python3.10/site-packages/airflow/example_dags/example_branch_operator_decorator.py for tasks to queue
[2023-07-08 11:43:10,054] {logging_mixin.py:115} INFO - [2023-07-08 11:43:10,054] {dagbag.py:507} INFO - Filling up the DagBag from /home/lucas/Área de Trabalho/apresentação/venv/lib/python3.10/site-packages/airflow/example_dags/example_branch_operator_decorator.py
[2023-07-08 11:43:10,095] {processor.py:651} INFO - DAG(s) dict_keys(['example_branch_python_operator_decorator']) retrieved from /home/lucas/Área de Trabalho/apresentação/venv/lib/python3.10/site-packages/airflow/example_dags/example_branch_operator_decorator.py
[2023-07-08 11:43:10,126] {logging_mixin.py:115} INFO - [2023-07-08 11:43:10,126] {dag.py:2379} INFO - Sync 1 DAGs
[2023-07-08 11:43:10,166] {logging_mixin.py:115} INFO - [2023-07-08 11:43:10,166] {dag.py:2927} INFO - Setting next_dagrun for example_branch_python_operator_decorator to 2023-07-07T00:00:00+00:00, run_after=2023-07-08T00:00:00+00:00
[2023-07-08 11:43:10,189] {processor.py:161} INFO - Processing /home/lucas/Área de Trabalho/apresentação/venv/lib/python3.10/site-packages/airflow/example_dags/example_branch_operator_decorator.py took 0.146 seconds
[2023-07-08 11:43:50,066] {processor.py:153} INFO - Started process (PID=12324) to work on /home/lucas/Área de Trabalho/apresentação/venv/lib/python3.10/site-packages/airflow/example_dags/example_branch_operator_decorator.py
[2023-07-08 11:43:50,069] {processor.py:641} INFO - Processing file /home/lucas/Área de Trabalho/apresentação/venv/lib/python3.10/site-packages/airflow/example_dags/example_branch_operator_decorator.py for tasks to queue
[2023-07-08 11:43:50,070] {logging_mixin.py:115} INFO - [2023-07-08 11:43:50,070] {dagbag.py:507} INFO - Filling up the DagBag from /home/lucas/Área de Trabalho/apresentação/venv/lib/python3.10/site-packages/airflow/example_dags/example_branch_operator_decorator.py
[2023-07-08 11:43:50,085] {processor.py:651} INFO - DAG(s) dict_keys(['example_branch_python_operator_decorator']) retrieved from /home/lucas/Área de Trabalho/apresentação/venv/lib/python3.10/site-packages/airflow/example_dags/example_branch_operator_decorator.py
[2023-07-08 11:43:50,099] {logging_mixin.py:115} INFO - [2023-07-08 11:43:50,099] {dag.py:2379} INFO - Sync 1 DAGs
[2023-07-08 11:43:50,121] {logging_mixin.py:115} INFO - [2023-07-08 11:43:50,121] {dag.py:2927} INFO - Setting next_dagrun for example_branch_python_operator_decorator to 2023-07-07T00:00:00+00:00, run_after=2023-07-08T00:00:00+00:00
[2023-07-08 11:43:50,148] {processor.py:161} INFO - Processing /home/lucas/Área de Trabalho/apresentação/venv/lib/python3.10/site-packages/airflow/example_dags/example_branch_operator_decorator.py took 0.083 seconds
[2023-07-08 11:44:36,523] {processor.py:153} INFO - Started process (PID=12395) to work on /home/lucas/Área de Trabalho/apresentação/venv/lib/python3.10/site-packages/airflow/example_dags/example_branch_operator_decorator.py
[2023-07-08 11:44:36,527] {processor.py:641} INFO - Processing file /home/lucas/Área de Trabalho/apresentação/venv/lib/python3.10/site-packages/airflow/example_dags/example_branch_operator_decorator.py for tasks to queue
[2023-07-08 11:44:36,529] {logging_mixin.py:115} INFO - [2023-07-08 11:44:36,528] {dagbag.py:507} INFO - Filling up the DagBag from /home/lucas/Área de Trabalho/apresentação/venv/lib/python3.10/site-packages/airflow/example_dags/example_branch_operator_decorator.py
[2023-07-08 11:44:36,570] {processor.py:651} INFO - DAG(s) dict_keys(['example_branch_python_operator_decorator']) retrieved from /home/lucas/Área de Trabalho/apresentação/venv/lib/python3.10/site-packages/airflow/example_dags/example_branch_operator_decorator.py
[2023-07-08 11:44:36,604] {logging_mixin.py:115} INFO - [2023-07-08 11:44:36,604] {dag.py:2379} INFO - Sync 1 DAGs
[2023-07-08 11:44:36,648] {logging_mixin.py:115} INFO - [2023-07-08 11:44:36,648] {dag.py:2927} INFO - Setting next_dagrun for example_branch_python_operator_decorator to 2023-07-07T00:00:00+00:00, run_after=2023-07-08T00:00:00+00:00
[2023-07-08 11:44:36,673] {processor.py:161} INFO - Processing /home/lucas/Área de Trabalho/apresentação/venv/lib/python3.10/site-packages/airflow/example_dags/example_branch_operator_decorator.py took 0.155 seconds
[2023-07-08 11:45:20,239] {processor.py:153} INFO - Started process (PID=12526) to work on /home/lucas/Área de Trabalho/apresentação/venv/lib/python3.10/site-packages/airflow/example_dags/example_branch_operator_decorator.py
[2023-07-08 11:45:20,241] {processor.py:641} INFO - Processing file /home/lucas/Área de Trabalho/apresentação/venv/lib/python3.10/site-packages/airflow/example_dags/example_branch_operator_decorator.py for tasks to queue
[2023-07-08 11:45:20,242] {logging_mixin.py:115} INFO - [2023-07-08 11:45:20,242] {dagbag.py:507} INFO - Filling up the DagBag from /home/lucas/Área de Trabalho/apresentação/venv/lib/python3.10/site-packages/airflow/example_dags/example_branch_operator_decorator.py
[2023-07-08 11:45:20,298] {processor.py:651} INFO - DAG(s) dict_keys(['example_branch_python_operator_decorator']) retrieved from /home/lucas/Área de Trabalho/apresentação/venv/lib/python3.10/site-packages/airflow/example_dags/example_branch_operator_decorator.py
[2023-07-08 11:45:20,334] {logging_mixin.py:115} INFO - [2023-07-08 11:45:20,333] {dag.py:2379} INFO - Sync 1 DAGs
[2023-07-08 11:45:20,384] {logging_mixin.py:115} INFO - [2023-07-08 11:45:20,384] {dag.py:2927} INFO - Setting next_dagrun for example_branch_python_operator_decorator to 2023-07-07T00:00:00+00:00, run_after=2023-07-08T00:00:00+00:00
[2023-07-08 11:45:20,415] {processor.py:161} INFO - Processing /home/lucas/Área de Trabalho/apresentação/venv/lib/python3.10/site-packages/airflow/example_dags/example_branch_operator_decorator.py took 0.182 seconds
[2023-07-08 11:45:58,031] {processor.py:153} INFO - Started process (PID=12645) to work on /home/lucas/Área de Trabalho/apresentação/venv/lib/python3.10/site-packages/airflow/example_dags/example_branch_operator_decorator.py
[2023-07-08 11:45:58,033] {processor.py:641} INFO - Processing file /home/lucas/Área de Trabalho/apresentação/venv/lib/python3.10/site-packages/airflow/example_dags/example_branch_operator_decorator.py for tasks to queue
[2023-07-08 11:45:58,035] {logging_mixin.py:115} INFO - [2023-07-08 11:45:58,034] {dagbag.py:507} INFO - Filling up the DagBag from /home/lucas/Área de Trabalho/apresentação/venv/lib/python3.10/site-packages/airflow/example_dags/example_branch_operator_decorator.py
[2023-07-08 11:45:58,089] {processor.py:651} INFO - DAG(s) dict_keys(['example_branch_python_operator_decorator']) retrieved from /home/lucas/Área de Trabalho/apresentação/venv/lib/python3.10/site-packages/airflow/example_dags/example_branch_operator_decorator.py
[2023-07-08 11:45:58,124] {logging_mixin.py:115} INFO - [2023-07-08 11:45:58,124] {dag.py:2379} INFO - Sync 1 DAGs
[2023-07-08 11:45:58,167] {logging_mixin.py:115} INFO - [2023-07-08 11:45:58,167] {dag.py:2927} INFO - Setting next_dagrun for example_branch_python_operator_decorator to 2023-07-07T00:00:00+00:00, run_after=2023-07-08T00:00:00+00:00
[2023-07-08 11:45:58,192] {processor.py:161} INFO - Processing /home/lucas/Área de Trabalho/apresentação/venv/lib/python3.10/site-packages/airflow/example_dags/example_branch_operator_decorator.py took 0.167 seconds
[2023-07-08 11:46:42,498] {processor.py:153} INFO - Started process (PID=12800) to work on /home/lucas/Área de Trabalho/apresentação/venv/lib/python3.10/site-packages/airflow/example_dags/example_branch_operator_decorator.py
[2023-07-08 11:46:42,502] {processor.py:641} INFO - Processing file /home/lucas/Área de Trabalho/apresentação/venv/lib/python3.10/site-packages/airflow/example_dags/example_branch_operator_decorator.py for tasks to queue
[2023-07-08 11:46:42,503] {logging_mixin.py:115} INFO - [2023-07-08 11:46:42,503] {dagbag.py:507} INFO - Filling up the DagBag from /home/lucas/Área de Trabalho/apresentação/venv/lib/python3.10/site-packages/airflow/example_dags/example_branch_operator_decorator.py
[2023-07-08 11:46:42,546] {processor.py:651} INFO - DAG(s) dict_keys(['example_branch_python_operator_decorator']) retrieved from /home/lucas/Área de Trabalho/apresentação/venv/lib/python3.10/site-packages/airflow/example_dags/example_branch_operator_decorator.py
[2023-07-08 11:46:42,580] {logging_mixin.py:115} INFO - [2023-07-08 11:46:42,579] {dag.py:2379} INFO - Sync 1 DAGs
[2023-07-08 11:46:42,623] {logging_mixin.py:115} INFO - [2023-07-08 11:46:42,623] {dag.py:2927} INFO - Setting next_dagrun for example_branch_python_operator_decorator to 2023-07-07T00:00:00+00:00, run_after=2023-07-08T00:00:00+00:00
[2023-07-08 11:46:42,648] {processor.py:161} INFO - Processing /home/lucas/Área de Trabalho/apresentação/venv/lib/python3.10/site-packages/airflow/example_dags/example_branch_operator_decorator.py took 0.155 seconds
[2023-07-08 11:47:28,273] {processor.py:153} INFO - Started process (PID=12864) to work on /home/lucas/Área de Trabalho/apresentação/venv/lib/python3.10/site-packages/airflow/example_dags/example_branch_operator_decorator.py
[2023-07-08 11:47:28,277] {processor.py:641} INFO - Processing file /home/lucas/Área de Trabalho/apresentação/venv/lib/python3.10/site-packages/airflow/example_dags/example_branch_operator_decorator.py for tasks to queue
[2023-07-08 11:47:28,278] {logging_mixin.py:115} INFO - [2023-07-08 11:47:28,278] {dagbag.py:507} INFO - Filling up the DagBag from /home/lucas/Área de Trabalho/apresentação/venv/lib/python3.10/site-packages/airflow/example_dags/example_branch_operator_decorator.py
[2023-07-08 11:47:28,324] {processor.py:651} INFO - DAG(s) dict_keys(['example_branch_python_operator_decorator']) retrieved from /home/lucas/Área de Trabalho/apresentação/venv/lib/python3.10/site-packages/airflow/example_dags/example_branch_operator_decorator.py
[2023-07-08 11:47:28,366] {logging_mixin.py:115} INFO - [2023-07-08 11:47:28,365] {dag.py:2379} INFO - Sync 1 DAGs
[2023-07-08 11:47:28,421] {logging_mixin.py:115} INFO - [2023-07-08 11:47:28,420] {dag.py:2927} INFO - Setting next_dagrun for example_branch_python_operator_decorator to 2023-07-07T00:00:00+00:00, run_after=2023-07-08T00:00:00+00:00
[2023-07-08 11:47:28,455] {processor.py:161} INFO - Processing /home/lucas/Área de Trabalho/apresentação/venv/lib/python3.10/site-packages/airflow/example_dags/example_branch_operator_decorator.py took 0.188 seconds
[2023-07-08 11:48:09,166] {processor.py:153} INFO - Started process (PID=12943) to work on /home/lucas/Área de Trabalho/apresentação/venv/lib/python3.10/site-packages/airflow/example_dags/example_branch_operator_decorator.py
[2023-07-08 11:48:09,170] {processor.py:641} INFO - Processing file /home/lucas/Área de Trabalho/apresentação/venv/lib/python3.10/site-packages/airflow/example_dags/example_branch_operator_decorator.py for tasks to queue
[2023-07-08 11:48:09,171] {logging_mixin.py:115} INFO - [2023-07-08 11:48:09,170] {dagbag.py:507} INFO - Filling up the DagBag from /home/lucas/Área de Trabalho/apresentação/venv/lib/python3.10/site-packages/airflow/example_dags/example_branch_operator_decorator.py
[2023-07-08 11:48:09,213] {processor.py:651} INFO - DAG(s) dict_keys(['example_branch_python_operator_decorator']) retrieved from /home/lucas/Área de Trabalho/apresentação/venv/lib/python3.10/site-packages/airflow/example_dags/example_branch_operator_decorator.py
[2023-07-08 11:48:09,248] {logging_mixin.py:115} INFO - [2023-07-08 11:48:09,248] {dag.py:2379} INFO - Sync 1 DAGs
[2023-07-08 11:48:09,292] {logging_mixin.py:115} INFO - [2023-07-08 11:48:09,292] {dag.py:2927} INFO - Setting next_dagrun for example_branch_python_operator_decorator to 2023-07-07T00:00:00+00:00, run_after=2023-07-08T00:00:00+00:00
[2023-07-08 11:48:09,317] {processor.py:161} INFO - Processing /home/lucas/Área de Trabalho/apresentação/venv/lib/python3.10/site-packages/airflow/example_dags/example_branch_operator_decorator.py took 0.156 seconds
[2023-07-08 11:48:50,090] {processor.py:153} INFO - Started process (PID=13012) to work on /home/lucas/Área de Trabalho/apresentação/venv/lib/python3.10/site-packages/airflow/example_dags/example_branch_operator_decorator.py
[2023-07-08 11:48:50,094] {processor.py:641} INFO - Processing file /home/lucas/Área de Trabalho/apresentação/venv/lib/python3.10/site-packages/airflow/example_dags/example_branch_operator_decorator.py for tasks to queue
[2023-07-08 11:48:50,095] {logging_mixin.py:115} INFO - [2023-07-08 11:48:50,095] {dagbag.py:507} INFO - Filling up the DagBag from /home/lucas/Área de Trabalho/apresentação/venv/lib/python3.10/site-packages/airflow/example_dags/example_branch_operator_decorator.py
[2023-07-08 11:48:50,141] {processor.py:651} INFO - DAG(s) dict_keys(['example_branch_python_operator_decorator']) retrieved from /home/lucas/Área de Trabalho/apresentação/venv/lib/python3.10/site-packages/airflow/example_dags/example_branch_operator_decorator.py
[2023-07-08 11:48:50,176] {logging_mixin.py:115} INFO - [2023-07-08 11:48:50,175] {dag.py:2379} INFO - Sync 1 DAGs
[2023-07-08 11:48:50,219] {logging_mixin.py:115} INFO - [2023-07-08 11:48:50,219] {dag.py:2927} INFO - Setting next_dagrun for example_branch_python_operator_decorator to 2023-07-07T00:00:00+00:00, run_after=2023-07-08T00:00:00+00:00
[2023-07-08 11:48:50,244] {processor.py:161} INFO - Processing /home/lucas/Área de Trabalho/apresentação/venv/lib/python3.10/site-packages/airflow/example_dags/example_branch_operator_decorator.py took 0.160 seconds
[2023-07-08 11:49:34,254] {processor.py:153} INFO - Started process (PID=13085) to work on /home/lucas/Área de Trabalho/apresentação/venv/lib/python3.10/site-packages/airflow/example_dags/example_branch_operator_decorator.py
[2023-07-08 11:49:34,255] {processor.py:641} INFO - Processing file /home/lucas/Área de Trabalho/apresentação/venv/lib/python3.10/site-packages/airflow/example_dags/example_branch_operator_decorator.py for tasks to queue
[2023-07-08 11:49:34,256] {logging_mixin.py:115} INFO - [2023-07-08 11:49:34,256] {dagbag.py:507} INFO - Filling up the DagBag from /home/lucas/Área de Trabalho/apresentação/venv/lib/python3.10/site-packages/airflow/example_dags/example_branch_operator_decorator.py
[2023-07-08 11:49:34,309] {processor.py:651} INFO - DAG(s) dict_keys(['example_branch_python_operator_decorator']) retrieved from /home/lucas/Área de Trabalho/apresentação/venv/lib/python3.10/site-packages/airflow/example_dags/example_branch_operator_decorator.py
[2023-07-08 11:49:34,349] {logging_mixin.py:115} INFO - [2023-07-08 11:49:34,349] {dag.py:2379} INFO - Sync 1 DAGs
[2023-07-08 11:49:34,402] {logging_mixin.py:115} INFO - [2023-07-08 11:49:34,401] {dag.py:2927} INFO - Setting next_dagrun for example_branch_python_operator_decorator to 2023-07-07T00:00:00+00:00, run_after=2023-07-08T00:00:00+00:00
[2023-07-08 11:49:34,429] {processor.py:161} INFO - Processing /home/lucas/Área de Trabalho/apresentação/venv/lib/python3.10/site-packages/airflow/example_dags/example_branch_operator_decorator.py took 0.182 seconds
[2023-07-08 11:50:18,008] {processor.py:153} INFO - Started process (PID=13147) to work on /home/lucas/Área de Trabalho/apresentação/venv/lib/python3.10/site-packages/airflow/example_dags/example_branch_operator_decorator.py
[2023-07-08 11:50:18,011] {processor.py:641} INFO - Processing file /home/lucas/Área de Trabalho/apresentação/venv/lib/python3.10/site-packages/airflow/example_dags/example_branch_operator_decorator.py for tasks to queue
[2023-07-08 11:50:18,011] {logging_mixin.py:115} INFO - [2023-07-08 11:50:18,011] {dagbag.py:507} INFO - Filling up the DagBag from /home/lucas/Área de Trabalho/apresentação/venv/lib/python3.10/site-packages/airflow/example_dags/example_branch_operator_decorator.py
[2023-07-08 11:50:18,025] {processor.py:651} INFO - DAG(s) dict_keys(['example_branch_python_operator_decorator']) retrieved from /home/lucas/Área de Trabalho/apresentação/venv/lib/python3.10/site-packages/airflow/example_dags/example_branch_operator_decorator.py
[2023-07-08 11:50:18,037] {logging_mixin.py:115} INFO - [2023-07-08 11:50:18,037] {dag.py:2379} INFO - Sync 1 DAGs
[2023-07-08 11:50:18,056] {logging_mixin.py:115} INFO - [2023-07-08 11:50:18,056] {dag.py:2927} INFO - Setting next_dagrun for example_branch_python_operator_decorator to 2023-07-07T00:00:00+00:00, run_after=2023-07-08T00:00:00+00:00
[2023-07-08 11:50:18,075] {processor.py:161} INFO - Processing /home/lucas/Área de Trabalho/apresentação/venv/lib/python3.10/site-packages/airflow/example_dags/example_branch_operator_decorator.py took 0.069 seconds
[2023-07-08 11:51:03,601] {processor.py:153} INFO - Started process (PID=13296) to work on /home/lucas/Área de Trabalho/apresentação/venv/lib/python3.10/site-packages/airflow/example_dags/example_branch_operator_decorator.py
[2023-07-08 11:51:03,602] {processor.py:641} INFO - Processing file /home/lucas/Área de Trabalho/apresentação/venv/lib/python3.10/site-packages/airflow/example_dags/example_branch_operator_decorator.py for tasks to queue
[2023-07-08 11:51:03,603] {logging_mixin.py:115} INFO - [2023-07-08 11:51:03,603] {dagbag.py:507} INFO - Filling up the DagBag from /home/lucas/Área de Trabalho/apresentação/venv/lib/python3.10/site-packages/airflow/example_dags/example_branch_operator_decorator.py
[2023-07-08 11:51:03,647] {processor.py:651} INFO - DAG(s) dict_keys(['example_branch_python_operator_decorator']) retrieved from /home/lucas/Área de Trabalho/apresentação/venv/lib/python3.10/site-packages/airflow/example_dags/example_branch_operator_decorator.py
[2023-07-08 11:51:03,681] {logging_mixin.py:115} INFO - [2023-07-08 11:51:03,681] {dag.py:2379} INFO - Sync 1 DAGs
[2023-07-08 11:51:03,726] {logging_mixin.py:115} INFO - [2023-07-08 11:51:03,725] {dag.py:2927} INFO - Setting next_dagrun for example_branch_python_operator_decorator to 2023-07-07T00:00:00+00:00, run_after=2023-07-08T00:00:00+00:00
[2023-07-08 11:51:03,751] {processor.py:161} INFO - Processing /home/lucas/Área de Trabalho/apresentação/venv/lib/python3.10/site-packages/airflow/example_dags/example_branch_operator_decorator.py took 0.156 seconds
[2023-07-08 11:51:41,081] {processor.py:153} INFO - Started process (PID=13338) to work on /home/lucas/Área de Trabalho/apresentação/venv/lib/python3.10/site-packages/airflow/example_dags/example_branch_operator_decorator.py
[2023-07-08 11:51:41,085] {processor.py:641} INFO - Processing file /home/lucas/Área de Trabalho/apresentação/venv/lib/python3.10/site-packages/airflow/example_dags/example_branch_operator_decorator.py for tasks to queue
[2023-07-08 11:51:41,087] {logging_mixin.py:115} INFO - [2023-07-08 11:51:41,086] {dagbag.py:507} INFO - Filling up the DagBag from /home/lucas/Área de Trabalho/apresentação/venv/lib/python3.10/site-packages/airflow/example_dags/example_branch_operator_decorator.py
[2023-07-08 11:51:41,129] {processor.py:651} INFO - DAG(s) dict_keys(['example_branch_python_operator_decorator']) retrieved from /home/lucas/Área de Trabalho/apresentação/venv/lib/python3.10/site-packages/airflow/example_dags/example_branch_operator_decorator.py
[2023-07-08 11:51:41,163] {logging_mixin.py:115} INFO - [2023-07-08 11:51:41,163] {dag.py:2379} INFO - Sync 1 DAGs
[2023-07-08 11:51:41,207] {logging_mixin.py:115} INFO - [2023-07-08 11:51:41,207] {dag.py:2927} INFO - Setting next_dagrun for example_branch_python_operator_decorator to 2023-07-07T00:00:00+00:00, run_after=2023-07-08T00:00:00+00:00
[2023-07-08 11:51:41,233] {processor.py:161} INFO - Processing /home/lucas/Área de Trabalho/apresentação/venv/lib/python3.10/site-packages/airflow/example_dags/example_branch_operator_decorator.py took 0.157 seconds
[2023-07-08 11:52:20,445] {processor.py:153} INFO - Started process (PID=13388) to work on /home/lucas/Área de Trabalho/apresentação/venv/lib/python3.10/site-packages/airflow/example_dags/example_branch_operator_decorator.py
[2023-07-08 11:52:20,449] {processor.py:641} INFO - Processing file /home/lucas/Área de Trabalho/apresentação/venv/lib/python3.10/site-packages/airflow/example_dags/example_branch_operator_decorator.py for tasks to queue
[2023-07-08 11:52:20,450] {logging_mixin.py:115} INFO - [2023-07-08 11:52:20,450] {dagbag.py:507} INFO - Filling up the DagBag from /home/lucas/Área de Trabalho/apresentação/venv/lib/python3.10/site-packages/airflow/example_dags/example_branch_operator_decorator.py
[2023-07-08 11:52:20,493] {processor.py:651} INFO - DAG(s) dict_keys(['example_branch_python_operator_decorator']) retrieved from /home/lucas/Área de Trabalho/apresentação/venv/lib/python3.10/site-packages/airflow/example_dags/example_branch_operator_decorator.py
[2023-07-08 11:52:20,529] {logging_mixin.py:115} INFO - [2023-07-08 11:52:20,529] {dag.py:2379} INFO - Sync 1 DAGs
[2023-07-08 11:52:20,574] {logging_mixin.py:115} INFO - [2023-07-08 11:52:20,574] {dag.py:2927} INFO - Setting next_dagrun for example_branch_python_operator_decorator to 2023-07-07T00:00:00+00:00, run_after=2023-07-08T00:00:00+00:00
[2023-07-08 11:52:20,602] {processor.py:161} INFO - Processing /home/lucas/Área de Trabalho/apresentação/venv/lib/python3.10/site-packages/airflow/example_dags/example_branch_operator_decorator.py took 0.162 seconds
