[2023-07-08 01:02:33,151] {processor.py:153} INFO - Started process (PID=35949) to work on /home/lucas/Área de Trabalho/apresentação/venv/lib/python3.10/site-packages/airflow/example_dags/example_kubernetes_executor.py
[2023-07-08 01:02:33,152] {processor.py:641} INFO - Processing file /home/lucas/Área de Trabalho/apresentação/venv/lib/python3.10/site-packages/airflow/example_dags/example_kubernetes_executor.py for tasks to queue
[2023-07-08 01:02:33,154] {logging_mixin.py:115} INFO - [2023-07-08 01:02:33,153] {dagbag.py:507} INFO - Filling up the DagBag from /home/lucas/Área de Trabalho/apresentação/venv/lib/python3.10/site-packages/airflow/example_dags/example_kubernetes_executor.py
[2023-07-08 01:02:33,194] {logging_mixin.py:115} INFO - [2023-07-08 01:02:33,193] {example_kubernetes_executor.py:39} WARNING - The example_kubernetes_executor example DAG requires the kubernetes provider. Please install it with: pip install apache-airflow[cncf.kubernetes]
[2023-07-08 01:02:33,194] {processor.py:653} WARNING - No viable dags retrieved from /home/lucas/Área de Trabalho/apresentação/venv/lib/python3.10/site-packages/airflow/example_dags/example_kubernetes_executor.py
[2023-07-08 01:02:33,216] {processor.py:161} INFO - Processing /home/lucas/Área de Trabalho/apresentação/venv/lib/python3.10/site-packages/airflow/example_dags/example_kubernetes_executor.py took 0.070 seconds
[2023-07-08 01:03:15,743] {processor.py:153} INFO - Started process (PID=36338) to work on /home/lucas/Área de Trabalho/apresentação/venv/lib/python3.10/site-packages/airflow/example_dags/example_kubernetes_executor.py
[2023-07-08 01:03:15,744] {processor.py:641} INFO - Processing file /home/lucas/Área de Trabalho/apresentação/venv/lib/python3.10/site-packages/airflow/example_dags/example_kubernetes_executor.py for tasks to queue
[2023-07-08 01:03:15,745] {logging_mixin.py:115} INFO - [2023-07-08 01:03:15,745] {dagbag.py:507} INFO - Filling up the DagBag from /home/lucas/Área de Trabalho/apresentação/venv/lib/python3.10/site-packages/airflow/example_dags/example_kubernetes_executor.py
[2023-07-08 01:03:15,778] {logging_mixin.py:115} INFO - [2023-07-08 01:03:15,778] {example_kubernetes_executor.py:39} WARNING - The example_kubernetes_executor example DAG requires the kubernetes provider. Please install it with: pip install apache-airflow[cncf.kubernetes]
[2023-07-08 01:03:15,778] {processor.py:653} WARNING - No viable dags retrieved from /home/lucas/Área de Trabalho/apresentação/venv/lib/python3.10/site-packages/airflow/example_dags/example_kubernetes_executor.py
[2023-07-08 01:03:15,798] {processor.py:161} INFO - Processing /home/lucas/Área de Trabalho/apresentação/venv/lib/python3.10/site-packages/airflow/example_dags/example_kubernetes_executor.py took 0.061 seconds
[2023-07-08 01:03:53,067] {processor.py:153} INFO - Started process (PID=36563) to work on /home/lucas/Área de Trabalho/apresentação/venv/lib/python3.10/site-packages/airflow/example_dags/example_kubernetes_executor.py
[2023-07-08 01:03:53,069] {processor.py:641} INFO - Processing file /home/lucas/Área de Trabalho/apresentação/venv/lib/python3.10/site-packages/airflow/example_dags/example_kubernetes_executor.py for tasks to queue
[2023-07-08 01:03:53,070] {logging_mixin.py:115} INFO - [2023-07-08 01:03:53,070] {dagbag.py:507} INFO - Filling up the DagBag from /home/lucas/Área de Trabalho/apresentação/venv/lib/python3.10/site-packages/airflow/example_dags/example_kubernetes_executor.py
[2023-07-08 01:03:53,104] {logging_mixin.py:115} INFO - [2023-07-08 01:03:53,104] {example_kubernetes_executor.py:39} WARNING - The example_kubernetes_executor example DAG requires the kubernetes provider. Please install it with: pip install apache-airflow[cncf.kubernetes]
[2023-07-08 01:03:53,104] {processor.py:653} WARNING - No viable dags retrieved from /home/lucas/Área de Trabalho/apresentação/venv/lib/python3.10/site-packages/airflow/example_dags/example_kubernetes_executor.py
[2023-07-08 01:03:53,124] {processor.py:161} INFO - Processing /home/lucas/Área de Trabalho/apresentação/venv/lib/python3.10/site-packages/airflow/example_dags/example_kubernetes_executor.py took 0.062 seconds
[2023-07-08 01:04:34,004] {processor.py:153} INFO - Started process (PID=37050) to work on /home/lucas/Área de Trabalho/apresentação/venv/lib/python3.10/site-packages/airflow/example_dags/example_kubernetes_executor.py
[2023-07-08 01:04:34,006] {processor.py:641} INFO - Processing file /home/lucas/Área de Trabalho/apresentação/venv/lib/python3.10/site-packages/airflow/example_dags/example_kubernetes_executor.py for tasks to queue
[2023-07-08 01:04:34,008] {logging_mixin.py:115} INFO - [2023-07-08 01:04:34,008] {dagbag.py:507} INFO - Filling up the DagBag from /home/lucas/Área de Trabalho/apresentação/venv/lib/python3.10/site-packages/airflow/example_dags/example_kubernetes_executor.py
[2023-07-08 01:04:34,042] {logging_mixin.py:115} INFO - [2023-07-08 01:04:34,042] {example_kubernetes_executor.py:39} WARNING - The example_kubernetes_executor example DAG requires the kubernetes provider. Please install it with: pip install apache-airflow[cncf.kubernetes]
[2023-07-08 01:04:34,043] {processor.py:653} WARNING - No viable dags retrieved from /home/lucas/Área de Trabalho/apresentação/venv/lib/python3.10/site-packages/airflow/example_dags/example_kubernetes_executor.py
[2023-07-08 01:04:34,063] {processor.py:161} INFO - Processing /home/lucas/Área de Trabalho/apresentação/venv/lib/python3.10/site-packages/airflow/example_dags/example_kubernetes_executor.py took 0.063 seconds
[2023-07-08 01:06:55,899] {processor.py:153} INFO - Started process (PID=38705) to work on /home/lucas/Área de Trabalho/apresentação/venv/lib/python3.10/site-packages/airflow/example_dags/example_kubernetes_executor.py
[2023-07-08 01:06:55,900] {processor.py:641} INFO - Processing file /home/lucas/Área de Trabalho/apresentação/venv/lib/python3.10/site-packages/airflow/example_dags/example_kubernetes_executor.py for tasks to queue
[2023-07-08 01:06:55,901] {logging_mixin.py:115} INFO - [2023-07-08 01:06:55,901] {dagbag.py:507} INFO - Filling up the DagBag from /home/lucas/Área de Trabalho/apresentação/venv/lib/python3.10/site-packages/airflow/example_dags/example_kubernetes_executor.py
[2023-07-08 01:06:55,934] {logging_mixin.py:115} INFO - [2023-07-08 01:06:55,934] {example_kubernetes_executor.py:39} WARNING - The example_kubernetes_executor example DAG requires the kubernetes provider. Please install it with: pip install apache-airflow[cncf.kubernetes]
[2023-07-08 01:06:55,934] {processor.py:653} WARNING - No viable dags retrieved from /home/lucas/Área de Trabalho/apresentação/venv/lib/python3.10/site-packages/airflow/example_dags/example_kubernetes_executor.py
[2023-07-08 01:06:55,953] {processor.py:161} INFO - Processing /home/lucas/Área de Trabalho/apresentação/venv/lib/python3.10/site-packages/airflow/example_dags/example_kubernetes_executor.py took 0.059 seconds
[2023-07-08 01:07:34,733] {processor.py:153} INFO - Started process (PID=38897) to work on /home/lucas/Área de Trabalho/apresentação/venv/lib/python3.10/site-packages/airflow/example_dags/example_kubernetes_executor.py
[2023-07-08 01:07:34,737] {processor.py:641} INFO - Processing file /home/lucas/Área de Trabalho/apresentação/venv/lib/python3.10/site-packages/airflow/example_dags/example_kubernetes_executor.py for tasks to queue
[2023-07-08 01:07:34,738] {logging_mixin.py:115} INFO - [2023-07-08 01:07:34,737] {dagbag.py:507} INFO - Filling up the DagBag from /home/lucas/Área de Trabalho/apresentação/venv/lib/python3.10/site-packages/airflow/example_dags/example_kubernetes_executor.py
[2023-07-08 01:07:34,770] {logging_mixin.py:115} INFO - [2023-07-08 01:07:34,770] {example_kubernetes_executor.py:39} WARNING - The example_kubernetes_executor example DAG requires the kubernetes provider. Please install it with: pip install apache-airflow[cncf.kubernetes]
[2023-07-08 01:07:34,771] {processor.py:653} WARNING - No viable dags retrieved from /home/lucas/Área de Trabalho/apresentação/venv/lib/python3.10/site-packages/airflow/example_dags/example_kubernetes_executor.py
[2023-07-08 01:07:34,790] {processor.py:161} INFO - Processing /home/lucas/Área de Trabalho/apresentação/venv/lib/python3.10/site-packages/airflow/example_dags/example_kubernetes_executor.py took 0.063 seconds
[2023-07-08 01:08:15,683] {processor.py:153} INFO - Started process (PID=38972) to work on /home/lucas/Área de Trabalho/apresentação/venv/lib/python3.10/site-packages/airflow/example_dags/example_kubernetes_executor.py
[2023-07-08 01:08:15,687] {processor.py:641} INFO - Processing file /home/lucas/Área de Trabalho/apresentação/venv/lib/python3.10/site-packages/airflow/example_dags/example_kubernetes_executor.py for tasks to queue
[2023-07-08 01:08:15,688] {logging_mixin.py:115} INFO - [2023-07-08 01:08:15,688] {dagbag.py:507} INFO - Filling up the DagBag from /home/lucas/Área de Trabalho/apresentação/venv/lib/python3.10/site-packages/airflow/example_dags/example_kubernetes_executor.py
[2023-07-08 01:08:15,720] {logging_mixin.py:115} INFO - [2023-07-08 01:08:15,720] {example_kubernetes_executor.py:39} WARNING - The example_kubernetes_executor example DAG requires the kubernetes provider. Please install it with: pip install apache-airflow[cncf.kubernetes]
[2023-07-08 01:08:15,721] {processor.py:653} WARNING - No viable dags retrieved from /home/lucas/Área de Trabalho/apresentação/venv/lib/python3.10/site-packages/airflow/example_dags/example_kubernetes_executor.py
[2023-07-08 01:08:15,740] {processor.py:161} INFO - Processing /home/lucas/Área de Trabalho/apresentação/venv/lib/python3.10/site-packages/airflow/example_dags/example_kubernetes_executor.py took 0.062 seconds
[2023-07-08 01:08:54,065] {processor.py:153} INFO - Started process (PID=39047) to work on /home/lucas/Área de Trabalho/apresentação/venv/lib/python3.10/site-packages/airflow/example_dags/example_kubernetes_executor.py
[2023-07-08 01:08:54,069] {processor.py:641} INFO - Processing file /home/lucas/Área de Trabalho/apresentação/venv/lib/python3.10/site-packages/airflow/example_dags/example_kubernetes_executor.py for tasks to queue
[2023-07-08 01:08:54,070] {logging_mixin.py:115} INFO - [2023-07-08 01:08:54,070] {dagbag.py:507} INFO - Filling up the DagBag from /home/lucas/Área de Trabalho/apresentação/venv/lib/python3.10/site-packages/airflow/example_dags/example_kubernetes_executor.py
[2023-07-08 01:08:54,107] {logging_mixin.py:115} INFO - [2023-07-08 01:08:54,107] {example_kubernetes_executor.py:39} WARNING - The example_kubernetes_executor example DAG requires the kubernetes provider. Please install it with: pip install apache-airflow[cncf.kubernetes]
[2023-07-08 01:08:54,108] {processor.py:653} WARNING - No viable dags retrieved from /home/lucas/Área de Trabalho/apresentação/venv/lib/python3.10/site-packages/airflow/example_dags/example_kubernetes_executor.py
[2023-07-08 01:08:54,136] {processor.py:161} INFO - Processing /home/lucas/Área de Trabalho/apresentação/venv/lib/python3.10/site-packages/airflow/example_dags/example_kubernetes_executor.py took 0.076 seconds
[2023-07-08 01:09:34,043] {processor.py:153} INFO - Started process (PID=39129) to work on /home/lucas/Área de Trabalho/apresentação/venv/lib/python3.10/site-packages/airflow/example_dags/example_kubernetes_executor.py
[2023-07-08 01:09:34,044] {processor.py:641} INFO - Processing file /home/lucas/Área de Trabalho/apresentação/venv/lib/python3.10/site-packages/airflow/example_dags/example_kubernetes_executor.py for tasks to queue
[2023-07-08 01:09:34,045] {logging_mixin.py:115} INFO - [2023-07-08 01:09:34,045] {dagbag.py:507} INFO - Filling up the DagBag from /home/lucas/Área de Trabalho/apresentação/venv/lib/python3.10/site-packages/airflow/example_dags/example_kubernetes_executor.py
[2023-07-08 01:09:34,077] {logging_mixin.py:115} INFO - [2023-07-08 01:09:34,077] {example_kubernetes_executor.py:39} WARNING - The example_kubernetes_executor example DAG requires the kubernetes provider. Please install it with: pip install apache-airflow[cncf.kubernetes]
[2023-07-08 01:09:34,077] {processor.py:653} WARNING - No viable dags retrieved from /home/lucas/Área de Trabalho/apresentação/venv/lib/python3.10/site-packages/airflow/example_dags/example_kubernetes_executor.py
[2023-07-08 01:09:34,095] {processor.py:161} INFO - Processing /home/lucas/Área de Trabalho/apresentação/venv/lib/python3.10/site-packages/airflow/example_dags/example_kubernetes_executor.py took 0.058 seconds
[2023-07-08 01:10:15,952] {processor.py:153} INFO - Started process (PID=39217) to work on /home/lucas/Área de Trabalho/apresentação/venv/lib/python3.10/site-packages/airflow/example_dags/example_kubernetes_executor.py
[2023-07-08 01:10:15,956] {processor.py:641} INFO - Processing file /home/lucas/Área de Trabalho/apresentação/venv/lib/python3.10/site-packages/airflow/example_dags/example_kubernetes_executor.py for tasks to queue
[2023-07-08 01:10:15,957] {logging_mixin.py:115} INFO - [2023-07-08 01:10:15,957] {dagbag.py:507} INFO - Filling up the DagBag from /home/lucas/Área de Trabalho/apresentação/venv/lib/python3.10/site-packages/airflow/example_dags/example_kubernetes_executor.py
[2023-07-08 01:10:15,990] {logging_mixin.py:115} INFO - [2023-07-08 01:10:15,989] {example_kubernetes_executor.py:39} WARNING - The example_kubernetes_executor example DAG requires the kubernetes provider. Please install it with: pip install apache-airflow[cncf.kubernetes]
[2023-07-08 01:10:15,990] {processor.py:653} WARNING - No viable dags retrieved from /home/lucas/Área de Trabalho/apresentação/venv/lib/python3.10/site-packages/airflow/example_dags/example_kubernetes_executor.py
[2023-07-08 01:10:16,010] {processor.py:161} INFO - Processing /home/lucas/Área de Trabalho/apresentação/venv/lib/python3.10/site-packages/airflow/example_dags/example_kubernetes_executor.py took 0.063 seconds
[2023-07-08 01:10:56,495] {processor.py:153} INFO - Started process (PID=39540) to work on /home/lucas/Área de Trabalho/apresentação/venv/lib/python3.10/site-packages/airflow/example_dags/example_kubernetes_executor.py
[2023-07-08 01:10:56,499] {processor.py:641} INFO - Processing file /home/lucas/Área de Trabalho/apresentação/venv/lib/python3.10/site-packages/airflow/example_dags/example_kubernetes_executor.py for tasks to queue
[2023-07-08 01:10:56,500] {logging_mixin.py:115} INFO - [2023-07-08 01:10:56,500] {dagbag.py:507} INFO - Filling up the DagBag from /home/lucas/Área de Trabalho/apresentação/venv/lib/python3.10/site-packages/airflow/example_dags/example_kubernetes_executor.py
[2023-07-08 01:10:56,529] {logging_mixin.py:115} INFO - [2023-07-08 01:10:56,529] {example_kubernetes_executor.py:39} WARNING - The example_kubernetes_executor example DAG requires the kubernetes provider. Please install it with: pip install apache-airflow[cncf.kubernetes]
[2023-07-08 01:10:56,530] {processor.py:653} WARNING - No viable dags retrieved from /home/lucas/Área de Trabalho/apresentação/venv/lib/python3.10/site-packages/airflow/example_dags/example_kubernetes_executor.py
[2023-07-08 01:10:56,547] {processor.py:161} INFO - Processing /home/lucas/Área de Trabalho/apresentação/venv/lib/python3.10/site-packages/airflow/example_dags/example_kubernetes_executor.py took 0.056 seconds
[2023-07-08 01:11:37,418] {processor.py:153} INFO - Started process (PID=39758) to work on /home/lucas/Área de Trabalho/apresentação/venv/lib/python3.10/site-packages/airflow/example_dags/example_kubernetes_executor.py
[2023-07-08 01:11:37,422] {processor.py:641} INFO - Processing file /home/lucas/Área de Trabalho/apresentação/venv/lib/python3.10/site-packages/airflow/example_dags/example_kubernetes_executor.py for tasks to queue
[2023-07-08 01:11:37,423] {logging_mixin.py:115} INFO - [2023-07-08 01:11:37,423] {dagbag.py:507} INFO - Filling up the DagBag from /home/lucas/Área de Trabalho/apresentação/venv/lib/python3.10/site-packages/airflow/example_dags/example_kubernetes_executor.py
[2023-07-08 01:11:37,456] {logging_mixin.py:115} INFO - [2023-07-08 01:11:37,456] {example_kubernetes_executor.py:39} WARNING - The example_kubernetes_executor example DAG requires the kubernetes provider. Please install it with: pip install apache-airflow[cncf.kubernetes]
[2023-07-08 01:11:37,457] {processor.py:653} WARNING - No viable dags retrieved from /home/lucas/Área de Trabalho/apresentação/venv/lib/python3.10/site-packages/airflow/example_dags/example_kubernetes_executor.py
[2023-07-08 01:11:37,476] {processor.py:161} INFO - Processing /home/lucas/Área de Trabalho/apresentação/venv/lib/python3.10/site-packages/airflow/example_dags/example_kubernetes_executor.py took 0.064 seconds
[2023-07-08 01:12:16,158] {processor.py:153} INFO - Started process (PID=39839) to work on /home/lucas/Área de Trabalho/apresentação/venv/lib/python3.10/site-packages/airflow/example_dags/example_kubernetes_executor.py
[2023-07-08 01:12:16,162] {processor.py:641} INFO - Processing file /home/lucas/Área de Trabalho/apresentação/venv/lib/python3.10/site-packages/airflow/example_dags/example_kubernetes_executor.py for tasks to queue
[2023-07-08 01:12:16,163] {logging_mixin.py:115} INFO - [2023-07-08 01:12:16,163] {dagbag.py:507} INFO - Filling up the DagBag from /home/lucas/Área de Trabalho/apresentação/venv/lib/python3.10/site-packages/airflow/example_dags/example_kubernetes_executor.py
[2023-07-08 01:12:16,196] {logging_mixin.py:115} INFO - [2023-07-08 01:12:16,196] {example_kubernetes_executor.py:39} WARNING - The example_kubernetes_executor example DAG requires the kubernetes provider. Please install it with: pip install apache-airflow[cncf.kubernetes]
[2023-07-08 01:12:16,196] {processor.py:653} WARNING - No viable dags retrieved from /home/lucas/Área de Trabalho/apresentação/venv/lib/python3.10/site-packages/airflow/example_dags/example_kubernetes_executor.py
[2023-07-08 01:12:16,216] {processor.py:161} INFO - Processing /home/lucas/Área de Trabalho/apresentação/venv/lib/python3.10/site-packages/airflow/example_dags/example_kubernetes_executor.py took 0.063 seconds
[2023-07-08 01:12:55,581] {processor.py:153} INFO - Started process (PID=40009) to work on /home/lucas/Área de Trabalho/apresentação/venv/lib/python3.10/site-packages/airflow/example_dags/example_kubernetes_executor.py
[2023-07-08 01:12:55,585] {processor.py:641} INFO - Processing file /home/lucas/Área de Trabalho/apresentação/venv/lib/python3.10/site-packages/airflow/example_dags/example_kubernetes_executor.py for tasks to queue
[2023-07-08 01:12:55,586] {logging_mixin.py:115} INFO - [2023-07-08 01:12:55,586] {dagbag.py:507} INFO - Filling up the DagBag from /home/lucas/Área de Trabalho/apresentação/venv/lib/python3.10/site-packages/airflow/example_dags/example_kubernetes_executor.py
[2023-07-08 01:12:55,620] {logging_mixin.py:115} INFO - [2023-07-08 01:12:55,620] {example_kubernetes_executor.py:39} WARNING - The example_kubernetes_executor example DAG requires the kubernetes provider. Please install it with: pip install apache-airflow[cncf.kubernetes]
[2023-07-08 01:12:55,620] {processor.py:653} WARNING - No viable dags retrieved from /home/lucas/Área de Trabalho/apresentação/venv/lib/python3.10/site-packages/airflow/example_dags/example_kubernetes_executor.py
[2023-07-08 01:12:55,640] {processor.py:161} INFO - Processing /home/lucas/Área de Trabalho/apresentação/venv/lib/python3.10/site-packages/airflow/example_dags/example_kubernetes_executor.py took 0.065 seconds
[2023-07-08 01:13:36,213] {processor.py:153} INFO - Started process (PID=40095) to work on /home/lucas/Área de Trabalho/apresentação/venv/lib/python3.10/site-packages/airflow/example_dags/example_kubernetes_executor.py
[2023-07-08 01:13:36,217] {processor.py:641} INFO - Processing file /home/lucas/Área de Trabalho/apresentação/venv/lib/python3.10/site-packages/airflow/example_dags/example_kubernetes_executor.py for tasks to queue
[2023-07-08 01:13:36,218] {logging_mixin.py:115} INFO - [2023-07-08 01:13:36,218] {dagbag.py:507} INFO - Filling up the DagBag from /home/lucas/Área de Trabalho/apresentação/venv/lib/python3.10/site-packages/airflow/example_dags/example_kubernetes_executor.py
[2023-07-08 01:13:36,251] {logging_mixin.py:115} INFO - [2023-07-08 01:13:36,251] {example_kubernetes_executor.py:39} WARNING - The example_kubernetes_executor example DAG requires the kubernetes provider. Please install it with: pip install apache-airflow[cncf.kubernetes]
[2023-07-08 01:13:36,251] {processor.py:653} WARNING - No viable dags retrieved from /home/lucas/Área de Trabalho/apresentação/venv/lib/python3.10/site-packages/airflow/example_dags/example_kubernetes_executor.py
[2023-07-08 01:13:36,269] {processor.py:161} INFO - Processing /home/lucas/Área de Trabalho/apresentação/venv/lib/python3.10/site-packages/airflow/example_dags/example_kubernetes_executor.py took 0.062 seconds
[2023-07-08 01:14:18,294] {processor.py:153} INFO - Started process (PID=40188) to work on /home/lucas/Área de Trabalho/apresentação/venv/lib/python3.10/site-packages/airflow/example_dags/example_kubernetes_executor.py
[2023-07-08 01:14:18,298] {processor.py:641} INFO - Processing file /home/lucas/Área de Trabalho/apresentação/venv/lib/python3.10/site-packages/airflow/example_dags/example_kubernetes_executor.py for tasks to queue
[2023-07-08 01:14:18,299] {logging_mixin.py:115} INFO - [2023-07-08 01:14:18,299] {dagbag.py:507} INFO - Filling up the DagBag from /home/lucas/Área de Trabalho/apresentação/venv/lib/python3.10/site-packages/airflow/example_dags/example_kubernetes_executor.py
[2023-07-08 01:14:18,335] {logging_mixin.py:115} INFO - [2023-07-08 01:14:18,335] {example_kubernetes_executor.py:39} WARNING - The example_kubernetes_executor example DAG requires the kubernetes provider. Please install it with: pip install apache-airflow[cncf.kubernetes]
[2023-07-08 01:14:18,336] {processor.py:653} WARNING - No viable dags retrieved from /home/lucas/Área de Trabalho/apresentação/venv/lib/python3.10/site-packages/airflow/example_dags/example_kubernetes_executor.py
[2023-07-08 01:14:18,358] {processor.py:161} INFO - Processing /home/lucas/Área de Trabalho/apresentação/venv/lib/python3.10/site-packages/airflow/example_dags/example_kubernetes_executor.py took 0.070 seconds
[2023-07-08 01:14:55,953] {processor.py:153} INFO - Started process (PID=40399) to work on /home/lucas/Área de Trabalho/apresentação/venv/lib/python3.10/site-packages/airflow/example_dags/example_kubernetes_executor.py
[2023-07-08 01:14:55,954] {processor.py:641} INFO - Processing file /home/lucas/Área de Trabalho/apresentação/venv/lib/python3.10/site-packages/airflow/example_dags/example_kubernetes_executor.py for tasks to queue
[2023-07-08 01:14:55,955] {logging_mixin.py:115} INFO - [2023-07-08 01:14:55,955] {dagbag.py:507} INFO - Filling up the DagBag from /home/lucas/Área de Trabalho/apresentação/venv/lib/python3.10/site-packages/airflow/example_dags/example_kubernetes_executor.py
[2023-07-08 01:14:55,990] {logging_mixin.py:115} INFO - [2023-07-08 01:14:55,989] {example_kubernetes_executor.py:39} WARNING - The example_kubernetes_executor example DAG requires the kubernetes provider. Please install it with: pip install apache-airflow[cncf.kubernetes]
[2023-07-08 01:14:55,990] {processor.py:653} WARNING - No viable dags retrieved from /home/lucas/Área de Trabalho/apresentação/venv/lib/python3.10/site-packages/airflow/example_dags/example_kubernetes_executor.py
[2023-07-08 01:14:56,011] {processor.py:161} INFO - Processing /home/lucas/Área de Trabalho/apresentação/venv/lib/python3.10/site-packages/airflow/example_dags/example_kubernetes_executor.py took 0.064 seconds
[2023-07-08 01:15:35,392] {processor.py:153} INFO - Started process (PID=40534) to work on /home/lucas/Área de Trabalho/apresentação/venv/lib/python3.10/site-packages/airflow/example_dags/example_kubernetes_executor.py
[2023-07-08 01:15:35,393] {processor.py:641} INFO - Processing file /home/lucas/Área de Trabalho/apresentação/venv/lib/python3.10/site-packages/airflow/example_dags/example_kubernetes_executor.py for tasks to queue
[2023-07-08 01:15:35,395] {logging_mixin.py:115} INFO - [2023-07-08 01:15:35,395] {dagbag.py:507} INFO - Filling up the DagBag from /home/lucas/Área de Trabalho/apresentação/venv/lib/python3.10/site-packages/airflow/example_dags/example_kubernetes_executor.py
[2023-07-08 01:15:35,435] {logging_mixin.py:115} INFO - [2023-07-08 01:15:35,435] {example_kubernetes_executor.py:39} WARNING - The example_kubernetes_executor example DAG requires the kubernetes provider. Please install it with: pip install apache-airflow[cncf.kubernetes]
[2023-07-08 01:15:35,436] {processor.py:653} WARNING - No viable dags retrieved from /home/lucas/Área de Trabalho/apresentação/venv/lib/python3.10/site-packages/airflow/example_dags/example_kubernetes_executor.py
[2023-07-08 01:15:35,450] {processor.py:161} INFO - Processing /home/lucas/Área de Trabalho/apresentação/venv/lib/python3.10/site-packages/airflow/example_dags/example_kubernetes_executor.py took 0.065 seconds
[2023-07-08 01:16:38,469] {processor.py:153} INFO - Started process (PID=41037) to work on /home/lucas/Área de Trabalho/apresentação/venv/lib/python3.10/site-packages/airflow/example_dags/example_kubernetes_executor.py
[2023-07-08 01:16:38,471] {processor.py:641} INFO - Processing file /home/lucas/Área de Trabalho/apresentação/venv/lib/python3.10/site-packages/airflow/example_dags/example_kubernetes_executor.py for tasks to queue
[2023-07-08 01:16:38,472] {logging_mixin.py:115} INFO - [2023-07-08 01:16:38,472] {dagbag.py:507} INFO - Filling up the DagBag from /home/lucas/Área de Trabalho/apresentação/venv/lib/python3.10/site-packages/airflow/example_dags/example_kubernetes_executor.py
[2023-07-08 01:16:38,577] {logging_mixin.py:115} INFO - [2023-07-08 01:16:38,577] {example_kubernetes_executor.py:39} WARNING - The example_kubernetes_executor example DAG requires the kubernetes provider. Please install it with: pip install apache-airflow[cncf.kubernetes]
[2023-07-08 01:16:38,578] {processor.py:653} WARNING - No viable dags retrieved from /home/lucas/Área de Trabalho/apresentação/venv/lib/python3.10/site-packages/airflow/example_dags/example_kubernetes_executor.py
[2023-07-08 01:16:38,629] {processor.py:161} INFO - Processing /home/lucas/Área de Trabalho/apresentação/venv/lib/python3.10/site-packages/airflow/example_dags/example_kubernetes_executor.py took 0.175 seconds
[2023-07-08 01:18:08,020] {processor.py:153} INFO - Started process (PID=41395) to work on /home/lucas/Área de Trabalho/apresentação/venv/lib/python3.10/site-packages/airflow/example_dags/example_kubernetes_executor.py
[2023-07-08 01:18:08,021] {processor.py:641} INFO - Processing file /home/lucas/Área de Trabalho/apresentação/venv/lib/python3.10/site-packages/airflow/example_dags/example_kubernetes_executor.py for tasks to queue
[2023-07-08 01:18:08,022] {logging_mixin.py:115} INFO - [2023-07-08 01:18:08,022] {dagbag.py:507} INFO - Filling up the DagBag from /home/lucas/Área de Trabalho/apresentação/venv/lib/python3.10/site-packages/airflow/example_dags/example_kubernetes_executor.py
[2023-07-08 01:18:08,057] {logging_mixin.py:115} INFO - [2023-07-08 01:18:08,057] {example_kubernetes_executor.py:39} WARNING - The example_kubernetes_executor example DAG requires the kubernetes provider. Please install it with: pip install apache-airflow[cncf.kubernetes]
[2023-07-08 01:18:08,057] {processor.py:653} WARNING - No viable dags retrieved from /home/lucas/Área de Trabalho/apresentação/venv/lib/python3.10/site-packages/airflow/example_dags/example_kubernetes_executor.py
[2023-07-08 01:18:08,077] {processor.py:161} INFO - Processing /home/lucas/Área de Trabalho/apresentação/venv/lib/python3.10/site-packages/airflow/example_dags/example_kubernetes_executor.py took 0.063 seconds
[2023-07-08 01:18:45,571] {processor.py:153} INFO - Started process (PID=41467) to work on /home/lucas/Área de Trabalho/apresentação/venv/lib/python3.10/site-packages/airflow/example_dags/example_kubernetes_executor.py
[2023-07-08 01:18:45,575] {processor.py:641} INFO - Processing file /home/lucas/Área de Trabalho/apresentação/venv/lib/python3.10/site-packages/airflow/example_dags/example_kubernetes_executor.py for tasks to queue
[2023-07-08 01:18:45,576] {logging_mixin.py:115} INFO - [2023-07-08 01:18:45,576] {dagbag.py:507} INFO - Filling up the DagBag from /home/lucas/Área de Trabalho/apresentação/venv/lib/python3.10/site-packages/airflow/example_dags/example_kubernetes_executor.py
[2023-07-08 01:18:45,610] {logging_mixin.py:115} INFO - [2023-07-08 01:18:45,609] {example_kubernetes_executor.py:39} WARNING - The example_kubernetes_executor example DAG requires the kubernetes provider. Please install it with: pip install apache-airflow[cncf.kubernetes]
[2023-07-08 01:18:45,610] {processor.py:653} WARNING - No viable dags retrieved from /home/lucas/Área de Trabalho/apresentação/venv/lib/python3.10/site-packages/airflow/example_dags/example_kubernetes_executor.py
[2023-07-08 01:18:45,629] {processor.py:161} INFO - Processing /home/lucas/Área de Trabalho/apresentação/venv/lib/python3.10/site-packages/airflow/example_dags/example_kubernetes_executor.py took 0.063 seconds
[2023-07-08 01:19:24,200] {processor.py:153} INFO - Started process (PID=41560) to work on /home/lucas/Área de Trabalho/apresentação/venv/lib/python3.10/site-packages/airflow/example_dags/example_kubernetes_executor.py
[2023-07-08 01:19:24,204] {processor.py:641} INFO - Processing file /home/lucas/Área de Trabalho/apresentação/venv/lib/python3.10/site-packages/airflow/example_dags/example_kubernetes_executor.py for tasks to queue
[2023-07-08 01:19:24,206] {logging_mixin.py:115} INFO - [2023-07-08 01:19:24,206] {dagbag.py:507} INFO - Filling up the DagBag from /home/lucas/Área de Trabalho/apresentação/venv/lib/python3.10/site-packages/airflow/example_dags/example_kubernetes_executor.py
[2023-07-08 01:19:24,250] {logging_mixin.py:115} INFO - [2023-07-08 01:19:24,250] {example_kubernetes_executor.py:39} WARNING - The example_kubernetes_executor example DAG requires the kubernetes provider. Please install it with: pip install apache-airflow[cncf.kubernetes]
[2023-07-08 01:19:24,250] {processor.py:653} WARNING - No viable dags retrieved from /home/lucas/Área de Trabalho/apresentação/venv/lib/python3.10/site-packages/airflow/example_dags/example_kubernetes_executor.py
[2023-07-08 01:19:24,270] {processor.py:161} INFO - Processing /home/lucas/Área de Trabalho/apresentação/venv/lib/python3.10/site-packages/airflow/example_dags/example_kubernetes_executor.py took 0.075 seconds
[2023-07-08 01:20:03,123] {processor.py:153} INFO - Started process (PID=41648) to work on /home/lucas/Área de Trabalho/apresentação/venv/lib/python3.10/site-packages/airflow/example_dags/example_kubernetes_executor.py
[2023-07-08 01:20:03,127] {processor.py:641} INFO - Processing file /home/lucas/Área de Trabalho/apresentação/venv/lib/python3.10/site-packages/airflow/example_dags/example_kubernetes_executor.py for tasks to queue
[2023-07-08 01:20:03,129] {logging_mixin.py:115} INFO - [2023-07-08 01:20:03,128] {dagbag.py:507} INFO - Filling up the DagBag from /home/lucas/Área de Trabalho/apresentação/venv/lib/python3.10/site-packages/airflow/example_dags/example_kubernetes_executor.py
[2023-07-08 01:20:03,163] {logging_mixin.py:115} INFO - [2023-07-08 01:20:03,163] {example_kubernetes_executor.py:39} WARNING - The example_kubernetes_executor example DAG requires the kubernetes provider. Please install it with: pip install apache-airflow[cncf.kubernetes]
[2023-07-08 01:20:03,163] {processor.py:653} WARNING - No viable dags retrieved from /home/lucas/Área de Trabalho/apresentação/venv/lib/python3.10/site-packages/airflow/example_dags/example_kubernetes_executor.py
[2023-07-08 01:20:03,182] {processor.py:161} INFO - Processing /home/lucas/Área de Trabalho/apresentação/venv/lib/python3.10/site-packages/airflow/example_dags/example_kubernetes_executor.py took 0.065 seconds
[2023-07-08 10:16:32,897] {processor.py:153} INFO - Started process (PID=4784) to work on /home/lucas/Área de Trabalho/apresentação/venv/lib/python3.10/site-packages/airflow/example_dags/example_kubernetes_executor.py
[2023-07-08 10:16:32,901] {processor.py:641} INFO - Processing file /home/lucas/Área de Trabalho/apresentação/venv/lib/python3.10/site-packages/airflow/example_dags/example_kubernetes_executor.py for tasks to queue
[2023-07-08 10:16:32,902] {logging_mixin.py:115} INFO - [2023-07-08 10:16:32,902] {dagbag.py:507} INFO - Filling up the DagBag from /home/lucas/Área de Trabalho/apresentação/venv/lib/python3.10/site-packages/airflow/example_dags/example_kubernetes_executor.py
[2023-07-08 10:16:32,935] {logging_mixin.py:115} INFO - [2023-07-08 10:16:32,935] {example_kubernetes_executor.py:39} WARNING - The example_kubernetes_executor example DAG requires the kubernetes provider. Please install it with: pip install apache-airflow[cncf.kubernetes]
[2023-07-08 10:16:32,935] {processor.py:653} WARNING - No viable dags retrieved from /home/lucas/Área de Trabalho/apresentação/venv/lib/python3.10/site-packages/airflow/example_dags/example_kubernetes_executor.py
[2023-07-08 10:16:32,955] {processor.py:161} INFO - Processing /home/lucas/Área de Trabalho/apresentação/venv/lib/python3.10/site-packages/airflow/example_dags/example_kubernetes_executor.py took 0.063 seconds
[2023-07-08 10:17:09,296] {processor.py:153} INFO - Started process (PID=5189) to work on /home/lucas/Área de Trabalho/apresentação/venv/lib/python3.10/site-packages/airflow/example_dags/example_kubernetes_executor.py
[2023-07-08 10:17:09,297] {processor.py:641} INFO - Processing file /home/lucas/Área de Trabalho/apresentação/venv/lib/python3.10/site-packages/airflow/example_dags/example_kubernetes_executor.py for tasks to queue
[2023-07-08 10:17:09,298] {logging_mixin.py:115} INFO - [2023-07-08 10:17:09,298] {dagbag.py:507} INFO - Filling up the DagBag from /home/lucas/Área de Trabalho/apresentação/venv/lib/python3.10/site-packages/airflow/example_dags/example_kubernetes_executor.py
[2023-07-08 10:17:09,340] {logging_mixin.py:115} INFO - [2023-07-08 10:17:09,340] {example_kubernetes_executor.py:39} WARNING - The example_kubernetes_executor example DAG requires the kubernetes provider. Please install it with: pip install apache-airflow[cncf.kubernetes]
[2023-07-08 10:17:09,341] {processor.py:653} WARNING - No viable dags retrieved from /home/lucas/Área de Trabalho/apresentação/venv/lib/python3.10/site-packages/airflow/example_dags/example_kubernetes_executor.py
[2023-07-08 10:17:09,367] {processor.py:161} INFO - Processing /home/lucas/Área de Trabalho/apresentação/venv/lib/python3.10/site-packages/airflow/example_dags/example_kubernetes_executor.py took 0.076 seconds
[2023-07-08 10:17:46,496] {processor.py:153} INFO - Started process (PID=5528) to work on /home/lucas/Área de Trabalho/apresentação/venv/lib/python3.10/site-packages/airflow/example_dags/example_kubernetes_executor.py
[2023-07-08 10:17:46,497] {processor.py:641} INFO - Processing file /home/lucas/Área de Trabalho/apresentação/venv/lib/python3.10/site-packages/airflow/example_dags/example_kubernetes_executor.py for tasks to queue
[2023-07-08 10:17:46,497] {logging_mixin.py:115} INFO - [2023-07-08 10:17:46,497] {dagbag.py:507} INFO - Filling up the DagBag from /home/lucas/Área de Trabalho/apresentação/venv/lib/python3.10/site-packages/airflow/example_dags/example_kubernetes_executor.py
[2023-07-08 10:17:46,507] {logging_mixin.py:115} INFO - [2023-07-08 10:17:46,507] {example_kubernetes_executor.py:39} WARNING - The example_kubernetes_executor example DAG requires the kubernetes provider. Please install it with: pip install apache-airflow[cncf.kubernetes]
[2023-07-08 10:17:46,508] {processor.py:653} WARNING - No viable dags retrieved from /home/lucas/Área de Trabalho/apresentação/venv/lib/python3.10/site-packages/airflow/example_dags/example_kubernetes_executor.py
[2023-07-08 10:17:46,513] {processor.py:161} INFO - Processing /home/lucas/Área de Trabalho/apresentação/venv/lib/python3.10/site-packages/airflow/example_dags/example_kubernetes_executor.py took 0.019 seconds
[2023-07-08 10:18:24,377] {processor.py:153} INFO - Started process (PID=5605) to work on /home/lucas/Área de Trabalho/apresentação/venv/lib/python3.10/site-packages/airflow/example_dags/example_kubernetes_executor.py
[2023-07-08 10:18:24,381] {processor.py:641} INFO - Processing file /home/lucas/Área de Trabalho/apresentação/venv/lib/python3.10/site-packages/airflow/example_dags/example_kubernetes_executor.py for tasks to queue
[2023-07-08 10:18:24,382] {logging_mixin.py:115} INFO - [2023-07-08 10:18:24,381] {dagbag.py:507} INFO - Filling up the DagBag from /home/lucas/Área de Trabalho/apresentação/venv/lib/python3.10/site-packages/airflow/example_dags/example_kubernetes_executor.py
[2023-07-08 10:18:24,414] {logging_mixin.py:115} INFO - [2023-07-08 10:18:24,414] {example_kubernetes_executor.py:39} WARNING - The example_kubernetes_executor example DAG requires the kubernetes provider. Please install it with: pip install apache-airflow[cncf.kubernetes]
[2023-07-08 10:18:24,414] {processor.py:653} WARNING - No viable dags retrieved from /home/lucas/Área de Trabalho/apresentação/venv/lib/python3.10/site-packages/airflow/example_dags/example_kubernetes_executor.py
[2023-07-08 10:18:24,434] {processor.py:161} INFO - Processing /home/lucas/Área de Trabalho/apresentação/venv/lib/python3.10/site-packages/airflow/example_dags/example_kubernetes_executor.py took 0.063 seconds
[2023-07-08 10:19:02,910] {processor.py:153} INFO - Started process (PID=5680) to work on /home/lucas/Área de Trabalho/apresentação/venv/lib/python3.10/site-packages/airflow/example_dags/example_kubernetes_executor.py
[2023-07-08 10:19:02,914] {processor.py:641} INFO - Processing file /home/lucas/Área de Trabalho/apresentação/venv/lib/python3.10/site-packages/airflow/example_dags/example_kubernetes_executor.py for tasks to queue
[2023-07-08 10:19:02,915] {logging_mixin.py:115} INFO - [2023-07-08 10:19:02,915] {dagbag.py:507} INFO - Filling up the DagBag from /home/lucas/Área de Trabalho/apresentação/venv/lib/python3.10/site-packages/airflow/example_dags/example_kubernetes_executor.py
[2023-07-08 10:19:02,948] {logging_mixin.py:115} INFO - [2023-07-08 10:19:02,948] {example_kubernetes_executor.py:39} WARNING - The example_kubernetes_executor example DAG requires the kubernetes provider. Please install it with: pip install apache-airflow[cncf.kubernetes]
[2023-07-08 10:19:02,948] {processor.py:653} WARNING - No viable dags retrieved from /home/lucas/Área de Trabalho/apresentação/venv/lib/python3.10/site-packages/airflow/example_dags/example_kubernetes_executor.py
[2023-07-08 10:19:02,968] {processor.py:161} INFO - Processing /home/lucas/Área de Trabalho/apresentação/venv/lib/python3.10/site-packages/airflow/example_dags/example_kubernetes_executor.py took 0.063 seconds
[2023-07-08 10:19:41,076] {processor.py:153} INFO - Started process (PID=5755) to work on /home/lucas/Área de Trabalho/apresentação/venv/lib/python3.10/site-packages/airflow/example_dags/example_kubernetes_executor.py
[2023-07-08 10:19:41,077] {processor.py:641} INFO - Processing file /home/lucas/Área de Trabalho/apresentação/venv/lib/python3.10/site-packages/airflow/example_dags/example_kubernetes_executor.py for tasks to queue
[2023-07-08 10:19:41,078] {logging_mixin.py:115} INFO - [2023-07-08 10:19:41,078] {dagbag.py:507} INFO - Filling up the DagBag from /home/lucas/Área de Trabalho/apresentação/venv/lib/python3.10/site-packages/airflow/example_dags/example_kubernetes_executor.py
[2023-07-08 10:19:41,111] {logging_mixin.py:115} INFO - [2023-07-08 10:19:41,111] {example_kubernetes_executor.py:39} WARNING - The example_kubernetes_executor example DAG requires the kubernetes provider. Please install it with: pip install apache-airflow[cncf.kubernetes]
[2023-07-08 10:19:41,111] {processor.py:653} WARNING - No viable dags retrieved from /home/lucas/Área de Trabalho/apresentação/venv/lib/python3.10/site-packages/airflow/example_dags/example_kubernetes_executor.py
[2023-07-08 10:19:41,131] {processor.py:161} INFO - Processing /home/lucas/Área de Trabalho/apresentação/venv/lib/python3.10/site-packages/airflow/example_dags/example_kubernetes_executor.py took 0.060 seconds
[2023-07-08 10:20:21,244] {processor.py:153} INFO - Started process (PID=5817) to work on /home/lucas/Área de Trabalho/apresentação/venv/lib/python3.10/site-packages/airflow/example_dags/example_kubernetes_executor.py
[2023-07-08 10:20:21,248] {processor.py:641} INFO - Processing file /home/lucas/Área de Trabalho/apresentação/venv/lib/python3.10/site-packages/airflow/example_dags/example_kubernetes_executor.py for tasks to queue
[2023-07-08 10:20:21,249] {logging_mixin.py:115} INFO - [2023-07-08 10:20:21,249] {dagbag.py:507} INFO - Filling up the DagBag from /home/lucas/Área de Trabalho/apresentação/venv/lib/python3.10/site-packages/airflow/example_dags/example_kubernetes_executor.py
[2023-07-08 10:20:21,282] {logging_mixin.py:115} INFO - [2023-07-08 10:20:21,282] {example_kubernetes_executor.py:39} WARNING - The example_kubernetes_executor example DAG requires the kubernetes provider. Please install it with: pip install apache-airflow[cncf.kubernetes]
[2023-07-08 10:20:21,282] {processor.py:653} WARNING - No viable dags retrieved from /home/lucas/Área de Trabalho/apresentação/venv/lib/python3.10/site-packages/airflow/example_dags/example_kubernetes_executor.py
[2023-07-08 10:20:21,303] {processor.py:161} INFO - Processing /home/lucas/Área de Trabalho/apresentação/venv/lib/python3.10/site-packages/airflow/example_dags/example_kubernetes_executor.py took 0.064 seconds
[2023-07-08 10:20:59,631] {processor.py:153} INFO - Started process (PID=5892) to work on /home/lucas/Área de Trabalho/apresentação/venv/lib/python3.10/site-packages/airflow/example_dags/example_kubernetes_executor.py
[2023-07-08 10:20:59,635] {processor.py:641} INFO - Processing file /home/lucas/Área de Trabalho/apresentação/venv/lib/python3.10/site-packages/airflow/example_dags/example_kubernetes_executor.py for tasks to queue
[2023-07-08 10:20:59,636] {logging_mixin.py:115} INFO - [2023-07-08 10:20:59,636] {dagbag.py:507} INFO - Filling up the DagBag from /home/lucas/Área de Trabalho/apresentação/venv/lib/python3.10/site-packages/airflow/example_dags/example_kubernetes_executor.py
[2023-07-08 10:20:59,668] {logging_mixin.py:115} INFO - [2023-07-08 10:20:59,668] {example_kubernetes_executor.py:39} WARNING - The example_kubernetes_executor example DAG requires the kubernetes provider. Please install it with: pip install apache-airflow[cncf.kubernetes]
[2023-07-08 10:20:59,669] {processor.py:653} WARNING - No viable dags retrieved from /home/lucas/Área de Trabalho/apresentação/venv/lib/python3.10/site-packages/airflow/example_dags/example_kubernetes_executor.py
[2023-07-08 10:20:59,689] {processor.py:161} INFO - Processing /home/lucas/Área de Trabalho/apresentação/venv/lib/python3.10/site-packages/airflow/example_dags/example_kubernetes_executor.py took 0.063 seconds
[2023-07-08 10:21:38,265] {processor.py:153} INFO - Started process (PID=6016) to work on /home/lucas/Área de Trabalho/apresentação/venv/lib/python3.10/site-packages/airflow/example_dags/example_kubernetes_executor.py
[2023-07-08 10:21:38,269] {processor.py:641} INFO - Processing file /home/lucas/Área de Trabalho/apresentação/venv/lib/python3.10/site-packages/airflow/example_dags/example_kubernetes_executor.py for tasks to queue
[2023-07-08 10:21:38,270] {logging_mixin.py:115} INFO - [2023-07-08 10:21:38,270] {dagbag.py:507} INFO - Filling up the DagBag from /home/lucas/Área de Trabalho/apresentação/venv/lib/python3.10/site-packages/airflow/example_dags/example_kubernetes_executor.py
[2023-07-08 10:21:38,305] {logging_mixin.py:115} INFO - [2023-07-08 10:21:38,305] {example_kubernetes_executor.py:39} WARNING - The example_kubernetes_executor example DAG requires the kubernetes provider. Please install it with: pip install apache-airflow[cncf.kubernetes]
[2023-07-08 10:21:38,305] {processor.py:653} WARNING - No viable dags retrieved from /home/lucas/Área de Trabalho/apresentação/venv/lib/python3.10/site-packages/airflow/example_dags/example_kubernetes_executor.py
[2023-07-08 10:21:38,325] {processor.py:161} INFO - Processing /home/lucas/Área de Trabalho/apresentação/venv/lib/python3.10/site-packages/airflow/example_dags/example_kubernetes_executor.py took 0.065 seconds
[2023-07-08 10:22:18,826] {processor.py:153} INFO - Started process (PID=6078) to work on /home/lucas/Área de Trabalho/apresentação/venv/lib/python3.10/site-packages/airflow/example_dags/example_kubernetes_executor.py
[2023-07-08 10:22:18,827] {processor.py:641} INFO - Processing file /home/lucas/Área de Trabalho/apresentação/venv/lib/python3.10/site-packages/airflow/example_dags/example_kubernetes_executor.py for tasks to queue
[2023-07-08 10:22:18,828] {logging_mixin.py:115} INFO - [2023-07-08 10:22:18,827] {dagbag.py:507} INFO - Filling up the DagBag from /home/lucas/Área de Trabalho/apresentação/venv/lib/python3.10/site-packages/airflow/example_dags/example_kubernetes_executor.py
[2023-07-08 10:22:18,860] {logging_mixin.py:115} INFO - [2023-07-08 10:22:18,860] {example_kubernetes_executor.py:39} WARNING - The example_kubernetes_executor example DAG requires the kubernetes provider. Please install it with: pip install apache-airflow[cncf.kubernetes]
[2023-07-08 10:22:18,861] {processor.py:653} WARNING - No viable dags retrieved from /home/lucas/Área de Trabalho/apresentação/venv/lib/python3.10/site-packages/airflow/example_dags/example_kubernetes_executor.py
[2023-07-08 10:22:18,880] {processor.py:161} INFO - Processing /home/lucas/Área de Trabalho/apresentação/venv/lib/python3.10/site-packages/airflow/example_dags/example_kubernetes_executor.py took 0.060 seconds
[2023-07-08 10:22:57,262] {processor.py:153} INFO - Started process (PID=6169) to work on /home/lucas/Área de Trabalho/apresentação/venv/lib/python3.10/site-packages/airflow/example_dags/example_kubernetes_executor.py
[2023-07-08 10:22:57,266] {processor.py:641} INFO - Processing file /home/lucas/Área de Trabalho/apresentação/venv/lib/python3.10/site-packages/airflow/example_dags/example_kubernetes_executor.py for tasks to queue
[2023-07-08 10:22:57,267] {logging_mixin.py:115} INFO - [2023-07-08 10:22:57,267] {dagbag.py:507} INFO - Filling up the DagBag from /home/lucas/Área de Trabalho/apresentação/venv/lib/python3.10/site-packages/airflow/example_dags/example_kubernetes_executor.py
[2023-07-08 10:22:57,300] {logging_mixin.py:115} INFO - [2023-07-08 10:22:57,300] {example_kubernetes_executor.py:39} WARNING - The example_kubernetes_executor example DAG requires the kubernetes provider. Please install it with: pip install apache-airflow[cncf.kubernetes]
[2023-07-08 10:22:57,301] {processor.py:653} WARNING - No viable dags retrieved from /home/lucas/Área de Trabalho/apresentação/venv/lib/python3.10/site-packages/airflow/example_dags/example_kubernetes_executor.py
[2023-07-08 10:22:57,320] {processor.py:161} INFO - Processing /home/lucas/Área de Trabalho/apresentação/venv/lib/python3.10/site-packages/airflow/example_dags/example_kubernetes_executor.py took 0.064 seconds
[2023-07-08 10:23:35,237] {processor.py:153} INFO - Started process (PID=6245) to work on /home/lucas/Área de Trabalho/apresentação/venv/lib/python3.10/site-packages/airflow/example_dags/example_kubernetes_executor.py
[2023-07-08 10:23:35,240] {processor.py:641} INFO - Processing file /home/lucas/Área de Trabalho/apresentação/venv/lib/python3.10/site-packages/airflow/example_dags/example_kubernetes_executor.py for tasks to queue
[2023-07-08 10:23:35,241] {logging_mixin.py:115} INFO - [2023-07-08 10:23:35,241] {dagbag.py:507} INFO - Filling up the DagBag from /home/lucas/Área de Trabalho/apresentação/venv/lib/python3.10/site-packages/airflow/example_dags/example_kubernetes_executor.py
[2023-07-08 10:23:35,274] {logging_mixin.py:115} INFO - [2023-07-08 10:23:35,274] {example_kubernetes_executor.py:39} WARNING - The example_kubernetes_executor example DAG requires the kubernetes provider. Please install it with: pip install apache-airflow[cncf.kubernetes]
[2023-07-08 10:23:35,275] {processor.py:653} WARNING - No viable dags retrieved from /home/lucas/Área de Trabalho/apresentação/venv/lib/python3.10/site-packages/airflow/example_dags/example_kubernetes_executor.py
[2023-07-08 10:23:35,297] {processor.py:161} INFO - Processing /home/lucas/Área de Trabalho/apresentação/venv/lib/python3.10/site-packages/airflow/example_dags/example_kubernetes_executor.py took 0.066 seconds
[2023-07-08 10:24:16,180] {processor.py:153} INFO - Started process (PID=6312) to work on /home/lucas/Área de Trabalho/apresentação/venv/lib/python3.10/site-packages/airflow/example_dags/example_kubernetes_executor.py
[2023-07-08 10:24:16,183] {processor.py:641} INFO - Processing file /home/lucas/Área de Trabalho/apresentação/venv/lib/python3.10/site-packages/airflow/example_dags/example_kubernetes_executor.py for tasks to queue
[2023-07-08 10:24:16,184] {logging_mixin.py:115} INFO - [2023-07-08 10:24:16,184] {dagbag.py:507} INFO - Filling up the DagBag from /home/lucas/Área de Trabalho/apresentação/venv/lib/python3.10/site-packages/airflow/example_dags/example_kubernetes_executor.py
[2023-07-08 10:24:16,217] {logging_mixin.py:115} INFO - [2023-07-08 10:24:16,217] {example_kubernetes_executor.py:39} WARNING - The example_kubernetes_executor example DAG requires the kubernetes provider. Please install it with: pip install apache-airflow[cncf.kubernetes]
[2023-07-08 10:24:16,217] {processor.py:653} WARNING - No viable dags retrieved from /home/lucas/Área de Trabalho/apresentação/venv/lib/python3.10/site-packages/airflow/example_dags/example_kubernetes_executor.py
[2023-07-08 10:24:16,237] {processor.py:161} INFO - Processing /home/lucas/Área de Trabalho/apresentação/venv/lib/python3.10/site-packages/airflow/example_dags/example_kubernetes_executor.py took 0.063 seconds
[2023-07-08 10:24:52,716] {processor.py:153} INFO - Started process (PID=6383) to work on /home/lucas/Área de Trabalho/apresentação/venv/lib/python3.10/site-packages/airflow/example_dags/example_kubernetes_executor.py
[2023-07-08 10:24:52,719] {processor.py:641} INFO - Processing file /home/lucas/Área de Trabalho/apresentação/venv/lib/python3.10/site-packages/airflow/example_dags/example_kubernetes_executor.py for tasks to queue
[2023-07-08 10:24:52,720] {logging_mixin.py:115} INFO - [2023-07-08 10:24:52,720] {dagbag.py:507} INFO - Filling up the DagBag from /home/lucas/Área de Trabalho/apresentação/venv/lib/python3.10/site-packages/airflow/example_dags/example_kubernetes_executor.py
[2023-07-08 10:24:52,753] {logging_mixin.py:115} INFO - [2023-07-08 10:24:52,753] {example_kubernetes_executor.py:39} WARNING - The example_kubernetes_executor example DAG requires the kubernetes provider. Please install it with: pip install apache-airflow[cncf.kubernetes]
[2023-07-08 10:24:52,754] {processor.py:653} WARNING - No viable dags retrieved from /home/lucas/Área de Trabalho/apresentação/venv/lib/python3.10/site-packages/airflow/example_dags/example_kubernetes_executor.py
[2023-07-08 10:24:52,773] {processor.py:161} INFO - Processing /home/lucas/Área de Trabalho/apresentação/venv/lib/python3.10/site-packages/airflow/example_dags/example_kubernetes_executor.py took 0.064 seconds
[2023-07-08 10:25:34,492] {processor.py:153} INFO - Started process (PID=6462) to work on /home/lucas/Área de Trabalho/apresentação/venv/lib/python3.10/site-packages/airflow/example_dags/example_kubernetes_executor.py
[2023-07-08 10:25:34,499] {processor.py:641} INFO - Processing file /home/lucas/Área de Trabalho/apresentação/venv/lib/python3.10/site-packages/airflow/example_dags/example_kubernetes_executor.py for tasks to queue
[2023-07-08 10:25:34,500] {logging_mixin.py:115} INFO - [2023-07-08 10:25:34,500] {dagbag.py:507} INFO - Filling up the DagBag from /home/lucas/Área de Trabalho/apresentação/venv/lib/python3.10/site-packages/airflow/example_dags/example_kubernetes_executor.py
[2023-07-08 10:25:34,543] {logging_mixin.py:115} INFO - [2023-07-08 10:25:34,543] {example_kubernetes_executor.py:39} WARNING - The example_kubernetes_executor example DAG requires the kubernetes provider. Please install it with: pip install apache-airflow[cncf.kubernetes]
[2023-07-08 10:25:34,544] {processor.py:653} WARNING - No viable dags retrieved from /home/lucas/Área de Trabalho/apresentação/venv/lib/python3.10/site-packages/airflow/example_dags/example_kubernetes_executor.py
[2023-07-08 10:25:34,571] {processor.py:161} INFO - Processing /home/lucas/Área de Trabalho/apresentação/venv/lib/python3.10/site-packages/airflow/example_dags/example_kubernetes_executor.py took 0.087 seconds
[2023-07-08 10:26:12,231] {processor.py:153} INFO - Started process (PID=6575) to work on /home/lucas/Área de Trabalho/apresentação/venv/lib/python3.10/site-packages/airflow/example_dags/example_kubernetes_executor.py
[2023-07-08 10:26:12,235] {processor.py:641} INFO - Processing file /home/lucas/Área de Trabalho/apresentação/venv/lib/python3.10/site-packages/airflow/example_dags/example_kubernetes_executor.py for tasks to queue
[2023-07-08 10:26:12,236] {logging_mixin.py:115} INFO - [2023-07-08 10:26:12,235] {dagbag.py:507} INFO - Filling up the DagBag from /home/lucas/Área de Trabalho/apresentação/venv/lib/python3.10/site-packages/airflow/example_dags/example_kubernetes_executor.py
[2023-07-08 10:26:12,268] {logging_mixin.py:115} INFO - [2023-07-08 10:26:12,268] {example_kubernetes_executor.py:39} WARNING - The example_kubernetes_executor example DAG requires the kubernetes provider. Please install it with: pip install apache-airflow[cncf.kubernetes]
[2023-07-08 10:26:12,269] {processor.py:653} WARNING - No viable dags retrieved from /home/lucas/Área de Trabalho/apresentação/venv/lib/python3.10/site-packages/airflow/example_dags/example_kubernetes_executor.py
[2023-07-08 10:26:12,286] {processor.py:161} INFO - Processing /home/lucas/Área de Trabalho/apresentação/venv/lib/python3.10/site-packages/airflow/example_dags/example_kubernetes_executor.py took 0.061 seconds
[2023-07-08 10:26:50,777] {processor.py:153} INFO - Started process (PID=6647) to work on /home/lucas/Área de Trabalho/apresentação/venv/lib/python3.10/site-packages/airflow/example_dags/example_kubernetes_executor.py
[2023-07-08 10:26:50,781] {processor.py:641} INFO - Processing file /home/lucas/Área de Trabalho/apresentação/venv/lib/python3.10/site-packages/airflow/example_dags/example_kubernetes_executor.py for tasks to queue
[2023-07-08 10:26:50,782] {logging_mixin.py:115} INFO - [2023-07-08 10:26:50,782] {dagbag.py:507} INFO - Filling up the DagBag from /home/lucas/Área de Trabalho/apresentação/venv/lib/python3.10/site-packages/airflow/example_dags/example_kubernetes_executor.py
[2023-07-08 10:26:50,817] {logging_mixin.py:115} INFO - [2023-07-08 10:26:50,817] {example_kubernetes_executor.py:39} WARNING - The example_kubernetes_executor example DAG requires the kubernetes provider. Please install it with: pip install apache-airflow[cncf.kubernetes]
[2023-07-08 10:26:50,817] {processor.py:653} WARNING - No viable dags retrieved from /home/lucas/Área de Trabalho/apresentação/venv/lib/python3.10/site-packages/airflow/example_dags/example_kubernetes_executor.py
[2023-07-08 10:26:50,836] {processor.py:161} INFO - Processing /home/lucas/Área de Trabalho/apresentação/venv/lib/python3.10/site-packages/airflow/example_dags/example_kubernetes_executor.py took 0.064 seconds
[2023-07-08 10:27:35,279] {processor.py:153} INFO - Started process (PID=6756) to work on /home/lucas/Área de Trabalho/apresentação/venv/lib/python3.10/site-packages/airflow/example_dags/example_kubernetes_executor.py
[2023-07-08 10:27:35,283] {processor.py:641} INFO - Processing file /home/lucas/Área de Trabalho/apresentação/venv/lib/python3.10/site-packages/airflow/example_dags/example_kubernetes_executor.py for tasks to queue
[2023-07-08 10:27:35,285] {logging_mixin.py:115} INFO - [2023-07-08 10:27:35,284] {dagbag.py:507} INFO - Filling up the DagBag from /home/lucas/Área de Trabalho/apresentação/venv/lib/python3.10/site-packages/airflow/example_dags/example_kubernetes_executor.py
[2023-07-08 10:27:35,320] {logging_mixin.py:115} INFO - [2023-07-08 10:27:35,320] {example_kubernetes_executor.py:39} WARNING - The example_kubernetes_executor example DAG requires the kubernetes provider. Please install it with: pip install apache-airflow[cncf.kubernetes]
[2023-07-08 10:27:35,321] {processor.py:653} WARNING - No viable dags retrieved from /home/lucas/Área de Trabalho/apresentação/venv/lib/python3.10/site-packages/airflow/example_dags/example_kubernetes_executor.py
[2023-07-08 10:27:35,340] {processor.py:161} INFO - Processing /home/lucas/Área de Trabalho/apresentação/venv/lib/python3.10/site-packages/airflow/example_dags/example_kubernetes_executor.py took 0.067 seconds
[2023-07-08 10:28:14,677] {processor.py:153} INFO - Started process (PID=6826) to work on /home/lucas/Área de Trabalho/apresentação/venv/lib/python3.10/site-packages/airflow/example_dags/example_kubernetes_executor.py
[2023-07-08 10:28:14,681] {processor.py:641} INFO - Processing file /home/lucas/Área de Trabalho/apresentação/venv/lib/python3.10/site-packages/airflow/example_dags/example_kubernetes_executor.py for tasks to queue
[2023-07-08 10:28:14,682] {logging_mixin.py:115} INFO - [2023-07-08 10:28:14,682] {dagbag.py:507} INFO - Filling up the DagBag from /home/lucas/Área de Trabalho/apresentação/venv/lib/python3.10/site-packages/airflow/example_dags/example_kubernetes_executor.py
[2023-07-08 10:28:14,715] {logging_mixin.py:115} INFO - [2023-07-08 10:28:14,715] {example_kubernetes_executor.py:39} WARNING - The example_kubernetes_executor example DAG requires the kubernetes provider. Please install it with: pip install apache-airflow[cncf.kubernetes]
[2023-07-08 10:28:14,716] {processor.py:653} WARNING - No viable dags retrieved from /home/lucas/Área de Trabalho/apresentação/venv/lib/python3.10/site-packages/airflow/example_dags/example_kubernetes_executor.py
[2023-07-08 10:28:14,735] {processor.py:161} INFO - Processing /home/lucas/Área de Trabalho/apresentação/venv/lib/python3.10/site-packages/airflow/example_dags/example_kubernetes_executor.py took 0.064 seconds
[2023-07-08 10:28:58,581] {processor.py:153} INFO - Started process (PID=6908) to work on /home/lucas/Área de Trabalho/apresentação/venv/lib/python3.10/site-packages/airflow/example_dags/example_kubernetes_executor.py
[2023-07-08 10:28:58,585] {processor.py:641} INFO - Processing file /home/lucas/Área de Trabalho/apresentação/venv/lib/python3.10/site-packages/airflow/example_dags/example_kubernetes_executor.py for tasks to queue
[2023-07-08 10:28:58,586] {logging_mixin.py:115} INFO - [2023-07-08 10:28:58,586] {dagbag.py:507} INFO - Filling up the DagBag from /home/lucas/Área de Trabalho/apresentação/venv/lib/python3.10/site-packages/airflow/example_dags/example_kubernetes_executor.py
[2023-07-08 10:28:58,619] {logging_mixin.py:115} INFO - [2023-07-08 10:28:58,619] {example_kubernetes_executor.py:39} WARNING - The example_kubernetes_executor example DAG requires the kubernetes provider. Please install it with: pip install apache-airflow[cncf.kubernetes]
[2023-07-08 10:28:58,620] {processor.py:653} WARNING - No viable dags retrieved from /home/lucas/Área de Trabalho/apresentação/venv/lib/python3.10/site-packages/airflow/example_dags/example_kubernetes_executor.py
[2023-07-08 10:28:58,639] {processor.py:161} INFO - Processing /home/lucas/Área de Trabalho/apresentação/venv/lib/python3.10/site-packages/airflow/example_dags/example_kubernetes_executor.py took 0.063 seconds
[2023-07-08 10:29:41,402] {processor.py:153} INFO - Started process (PID=6992) to work on /home/lucas/Área de Trabalho/apresentação/venv/lib/python3.10/site-packages/airflow/example_dags/example_kubernetes_executor.py
[2023-07-08 10:29:41,406] {processor.py:641} INFO - Processing file /home/lucas/Área de Trabalho/apresentação/venv/lib/python3.10/site-packages/airflow/example_dags/example_kubernetes_executor.py for tasks to queue
[2023-07-08 10:29:41,407] {logging_mixin.py:115} INFO - [2023-07-08 10:29:41,407] {dagbag.py:507} INFO - Filling up the DagBag from /home/lucas/Área de Trabalho/apresentação/venv/lib/python3.10/site-packages/airflow/example_dags/example_kubernetes_executor.py
[2023-07-08 10:29:41,440] {logging_mixin.py:115} INFO - [2023-07-08 10:29:41,440] {example_kubernetes_executor.py:39} WARNING - The example_kubernetes_executor example DAG requires the kubernetes provider. Please install it with: pip install apache-airflow[cncf.kubernetes]
[2023-07-08 10:29:41,440] {processor.py:653} WARNING - No viable dags retrieved from /home/lucas/Área de Trabalho/apresentação/venv/lib/python3.10/site-packages/airflow/example_dags/example_kubernetes_executor.py
[2023-07-08 10:29:41,459] {processor.py:161} INFO - Processing /home/lucas/Área de Trabalho/apresentação/venv/lib/python3.10/site-packages/airflow/example_dags/example_kubernetes_executor.py took 0.063 seconds
[2023-07-08 10:30:22,959] {processor.py:153} INFO - Started process (PID=7067) to work on /home/lucas/Área de Trabalho/apresentação/venv/lib/python3.10/site-packages/airflow/example_dags/example_kubernetes_executor.py
[2023-07-08 10:30:22,961] {processor.py:641} INFO - Processing file /home/lucas/Área de Trabalho/apresentação/venv/lib/python3.10/site-packages/airflow/example_dags/example_kubernetes_executor.py for tasks to queue
[2023-07-08 10:30:22,962] {logging_mixin.py:115} INFO - [2023-07-08 10:30:22,961] {dagbag.py:507} INFO - Filling up the DagBag from /home/lucas/Área de Trabalho/apresentação/venv/lib/python3.10/site-packages/airflow/example_dags/example_kubernetes_executor.py
[2023-07-08 10:30:22,995] {logging_mixin.py:115} INFO - [2023-07-08 10:30:22,995] {example_kubernetes_executor.py:39} WARNING - The example_kubernetes_executor example DAG requires the kubernetes provider. Please install it with: pip install apache-airflow[cncf.kubernetes]
[2023-07-08 10:30:22,995] {processor.py:653} WARNING - No viable dags retrieved from /home/lucas/Área de Trabalho/apresentação/venv/lib/python3.10/site-packages/airflow/example_dags/example_kubernetes_executor.py
[2023-07-08 10:30:23,015] {processor.py:161} INFO - Processing /home/lucas/Área de Trabalho/apresentação/venv/lib/python3.10/site-packages/airflow/example_dags/example_kubernetes_executor.py took 0.061 seconds
[2023-07-08 10:31:05,542] {processor.py:153} INFO - Started process (PID=7146) to work on /home/lucas/Área de Trabalho/apresentação/venv/lib/python3.10/site-packages/airflow/example_dags/example_kubernetes_executor.py
[2023-07-08 10:31:05,546] {processor.py:641} INFO - Processing file /home/lucas/Área de Trabalho/apresentação/venv/lib/python3.10/site-packages/airflow/example_dags/example_kubernetes_executor.py for tasks to queue
[2023-07-08 10:31:05,547] {logging_mixin.py:115} INFO - [2023-07-08 10:31:05,547] {dagbag.py:507} INFO - Filling up the DagBag from /home/lucas/Área de Trabalho/apresentação/venv/lib/python3.10/site-packages/airflow/example_dags/example_kubernetes_executor.py
[2023-07-08 10:31:05,581] {logging_mixin.py:115} INFO - [2023-07-08 10:31:05,581] {example_kubernetes_executor.py:39} WARNING - The example_kubernetes_executor example DAG requires the kubernetes provider. Please install it with: pip install apache-airflow[cncf.kubernetes]
[2023-07-08 10:31:05,581] {processor.py:653} WARNING - No viable dags retrieved from /home/lucas/Área de Trabalho/apresentação/venv/lib/python3.10/site-packages/airflow/example_dags/example_kubernetes_executor.py
[2023-07-08 10:31:05,600] {processor.py:161} INFO - Processing /home/lucas/Área de Trabalho/apresentação/venv/lib/python3.10/site-packages/airflow/example_dags/example_kubernetes_executor.py took 0.063 seconds
[2023-07-08 11:40:42,167] {processor.py:153} INFO - Started process (PID=11330) to work on /home/lucas/Área de Trabalho/apresentação/venv/lib/python3.10/site-packages/airflow/example_dags/example_kubernetes_executor.py
[2023-07-08 11:40:42,172] {processor.py:641} INFO - Processing file /home/lucas/Área de Trabalho/apresentação/venv/lib/python3.10/site-packages/airflow/example_dags/example_kubernetes_executor.py for tasks to queue
[2023-07-08 11:40:42,173] {logging_mixin.py:115} INFO - [2023-07-08 11:40:42,173] {dagbag.py:507} INFO - Filling up the DagBag from /home/lucas/Área de Trabalho/apresentação/venv/lib/python3.10/site-packages/airflow/example_dags/example_kubernetes_executor.py
[2023-07-08 11:40:42,206] {logging_mixin.py:115} INFO - [2023-07-08 11:40:42,206] {example_kubernetes_executor.py:39} WARNING - The example_kubernetes_executor example DAG requires the kubernetes provider. Please install it with: pip install apache-airflow[cncf.kubernetes]
[2023-07-08 11:40:42,207] {processor.py:653} WARNING - No viable dags retrieved from /home/lucas/Área de Trabalho/apresentação/venv/lib/python3.10/site-packages/airflow/example_dags/example_kubernetes_executor.py
[2023-07-08 11:40:42,227] {processor.py:161} INFO - Processing /home/lucas/Área de Trabalho/apresentação/venv/lib/python3.10/site-packages/airflow/example_dags/example_kubernetes_executor.py took 0.065 seconds
[2023-07-08 11:41:23,585] {processor.py:153} INFO - Started process (PID=11660) to work on /home/lucas/Área de Trabalho/apresentação/venv/lib/python3.10/site-packages/airflow/example_dags/example_kubernetes_executor.py
[2023-07-08 11:41:23,589] {processor.py:641} INFO - Processing file /home/lucas/Área de Trabalho/apresentação/venv/lib/python3.10/site-packages/airflow/example_dags/example_kubernetes_executor.py for tasks to queue
[2023-07-08 11:41:23,590] {logging_mixin.py:115} INFO - [2023-07-08 11:41:23,590] {dagbag.py:507} INFO - Filling up the DagBag from /home/lucas/Área de Trabalho/apresentação/venv/lib/python3.10/site-packages/airflow/example_dags/example_kubernetes_executor.py
[2023-07-08 11:41:23,623] {logging_mixin.py:115} INFO - [2023-07-08 11:41:23,623] {example_kubernetes_executor.py:39} WARNING - The example_kubernetes_executor example DAG requires the kubernetes provider. Please install it with: pip install apache-airflow[cncf.kubernetes]
[2023-07-08 11:41:23,623] {processor.py:653} WARNING - No viable dags retrieved from /home/lucas/Área de Trabalho/apresentação/venv/lib/python3.10/site-packages/airflow/example_dags/example_kubernetes_executor.py
[2023-07-08 11:41:23,643] {processor.py:161} INFO - Processing /home/lucas/Área de Trabalho/apresentação/venv/lib/python3.10/site-packages/airflow/example_dags/example_kubernetes_executor.py took 0.063 seconds
[2023-07-08 11:42:03,295] {processor.py:153} INFO - Started process (PID=11890) to work on /home/lucas/Área de Trabalho/apresentação/venv/lib/python3.10/site-packages/airflow/example_dags/example_kubernetes_executor.py
[2023-07-08 11:42:03,298] {processor.py:641} INFO - Processing file /home/lucas/Área de Trabalho/apresentação/venv/lib/python3.10/site-packages/airflow/example_dags/example_kubernetes_executor.py for tasks to queue
[2023-07-08 11:42:03,299] {logging_mixin.py:115} INFO - [2023-07-08 11:42:03,299] {dagbag.py:507} INFO - Filling up the DagBag from /home/lucas/Área de Trabalho/apresentação/venv/lib/python3.10/site-packages/airflow/example_dags/example_kubernetes_executor.py
[2023-07-08 11:42:03,319] {logging_mixin.py:115} INFO - [2023-07-08 11:42:03,319] {example_kubernetes_executor.py:39} WARNING - The example_kubernetes_executor example DAG requires the kubernetes provider. Please install it with: pip install apache-airflow[cncf.kubernetes]
[2023-07-08 11:42:03,320] {processor.py:653} WARNING - No viable dags retrieved from /home/lucas/Área de Trabalho/apresentação/venv/lib/python3.10/site-packages/airflow/example_dags/example_kubernetes_executor.py
[2023-07-08 11:42:03,339] {processor.py:161} INFO - Processing /home/lucas/Área de Trabalho/apresentação/venv/lib/python3.10/site-packages/airflow/example_dags/example_kubernetes_executor.py took 0.046 seconds
[2023-07-08 11:42:40,308] {processor.py:153} INFO - Started process (PID=12012) to work on /home/lucas/Área de Trabalho/apresentação/venv/lib/python3.10/site-packages/airflow/example_dags/example_kubernetes_executor.py
[2023-07-08 11:42:40,312] {processor.py:641} INFO - Processing file /home/lucas/Área de Trabalho/apresentação/venv/lib/python3.10/site-packages/airflow/example_dags/example_kubernetes_executor.py for tasks to queue
[2023-07-08 11:42:40,314] {logging_mixin.py:115} INFO - [2023-07-08 11:42:40,313] {dagbag.py:507} INFO - Filling up the DagBag from /home/lucas/Área de Trabalho/apresentação/venv/lib/python3.10/site-packages/airflow/example_dags/example_kubernetes_executor.py
[2023-07-08 11:42:40,346] {logging_mixin.py:115} INFO - [2023-07-08 11:42:40,346] {example_kubernetes_executor.py:39} WARNING - The example_kubernetes_executor example DAG requires the kubernetes provider. Please install it with: pip install apache-airflow[cncf.kubernetes]
[2023-07-08 11:42:40,347] {processor.py:653} WARNING - No viable dags retrieved from /home/lucas/Área de Trabalho/apresentação/venv/lib/python3.10/site-packages/airflow/example_dags/example_kubernetes_executor.py
[2023-07-08 11:42:40,366] {processor.py:161} INFO - Processing /home/lucas/Área de Trabalho/apresentação/venv/lib/python3.10/site-packages/airflow/example_dags/example_kubernetes_executor.py took 0.063 seconds
[2023-07-08 11:43:17,979] {processor.py:153} INFO - Started process (PID=12265) to work on /home/lucas/Área de Trabalho/apresentação/venv/lib/python3.10/site-packages/airflow/example_dags/example_kubernetes_executor.py
[2023-07-08 11:43:17,981] {processor.py:641} INFO - Processing file /home/lucas/Área de Trabalho/apresentação/venv/lib/python3.10/site-packages/airflow/example_dags/example_kubernetes_executor.py for tasks to queue
[2023-07-08 11:43:17,982] {logging_mixin.py:115} INFO - [2023-07-08 11:43:17,981] {dagbag.py:507} INFO - Filling up the DagBag from /home/lucas/Área de Trabalho/apresentação/venv/lib/python3.10/site-packages/airflow/example_dags/example_kubernetes_executor.py
[2023-07-08 11:43:18,015] {logging_mixin.py:115} INFO - [2023-07-08 11:43:18,015] {example_kubernetes_executor.py:39} WARNING - The example_kubernetes_executor example DAG requires the kubernetes provider. Please install it with: pip install apache-airflow[cncf.kubernetes]
[2023-07-08 11:43:18,015] {processor.py:653} WARNING - No viable dags retrieved from /home/lucas/Área de Trabalho/apresentação/venv/lib/python3.10/site-packages/airflow/example_dags/example_kubernetes_executor.py
[2023-07-08 11:43:18,035] {processor.py:161} INFO - Processing /home/lucas/Área de Trabalho/apresentação/venv/lib/python3.10/site-packages/airflow/example_dags/example_kubernetes_executor.py took 0.061 seconds
[2023-07-08 11:43:59,155] {processor.py:153} INFO - Started process (PID=12338) to work on /home/lucas/Área de Trabalho/apresentação/venv/lib/python3.10/site-packages/airflow/example_dags/example_kubernetes_executor.py
[2023-07-08 11:43:59,160] {processor.py:641} INFO - Processing file /home/lucas/Área de Trabalho/apresentação/venv/lib/python3.10/site-packages/airflow/example_dags/example_kubernetes_executor.py for tasks to queue
[2023-07-08 11:43:59,161] {logging_mixin.py:115} INFO - [2023-07-08 11:43:59,161] {dagbag.py:507} INFO - Filling up the DagBag from /home/lucas/Área de Trabalho/apresentação/venv/lib/python3.10/site-packages/airflow/example_dags/example_kubernetes_executor.py
[2023-07-08 11:43:59,194] {logging_mixin.py:115} INFO - [2023-07-08 11:43:59,194] {example_kubernetes_executor.py:39} WARNING - The example_kubernetes_executor example DAG requires the kubernetes provider. Please install it with: pip install apache-airflow[cncf.kubernetes]
[2023-07-08 11:43:59,194] {processor.py:653} WARNING - No viable dags retrieved from /home/lucas/Área de Trabalho/apresentação/venv/lib/python3.10/site-packages/airflow/example_dags/example_kubernetes_executor.py
[2023-07-08 11:43:59,215] {processor.py:161} INFO - Processing /home/lucas/Área de Trabalho/apresentação/venv/lib/python3.10/site-packages/airflow/example_dags/example_kubernetes_executor.py took 0.065 seconds
[2023-07-08 11:44:40,970] {processor.py:153} INFO - Started process (PID=12399) to work on /home/lucas/Área de Trabalho/apresentação/venv/lib/python3.10/site-packages/airflow/example_dags/example_kubernetes_executor.py
[2023-07-08 11:44:40,974] {processor.py:641} INFO - Processing file /home/lucas/Área de Trabalho/apresentação/venv/lib/python3.10/site-packages/airflow/example_dags/example_kubernetes_executor.py for tasks to queue
[2023-07-08 11:44:40,975] {logging_mixin.py:115} INFO - [2023-07-08 11:44:40,975] {dagbag.py:507} INFO - Filling up the DagBag from /home/lucas/Área de Trabalho/apresentação/venv/lib/python3.10/site-packages/airflow/example_dags/example_kubernetes_executor.py
[2023-07-08 11:44:41,009] {logging_mixin.py:115} INFO - [2023-07-08 11:44:41,009] {example_kubernetes_executor.py:39} WARNING - The example_kubernetes_executor example DAG requires the kubernetes provider. Please install it with: pip install apache-airflow[cncf.kubernetes]
[2023-07-08 11:44:41,010] {processor.py:653} WARNING - No viable dags retrieved from /home/lucas/Área de Trabalho/apresentação/venv/lib/python3.10/site-packages/airflow/example_dags/example_kubernetes_executor.py
[2023-07-08 11:44:41,031] {processor.py:161} INFO - Processing /home/lucas/Área de Trabalho/apresentação/venv/lib/python3.10/site-packages/airflow/example_dags/example_kubernetes_executor.py took 0.066 seconds
[2023-07-08 11:45:17,803] {processor.py:153} INFO - Started process (PID=12471) to work on /home/lucas/Área de Trabalho/apresentação/venv/lib/python3.10/site-packages/airflow/example_dags/example_kubernetes_executor.py
[2023-07-08 11:45:17,804] {processor.py:641} INFO - Processing file /home/lucas/Área de Trabalho/apresentação/venv/lib/python3.10/site-packages/airflow/example_dags/example_kubernetes_executor.py for tasks to queue
[2023-07-08 11:45:17,806] {logging_mixin.py:115} INFO - [2023-07-08 11:45:17,805] {dagbag.py:507} INFO - Filling up the DagBag from /home/lucas/Área de Trabalho/apresentação/venv/lib/python3.10/site-packages/airflow/example_dags/example_kubernetes_executor.py
[2023-07-08 11:45:17,838] {logging_mixin.py:115} INFO - [2023-07-08 11:45:17,838] {example_kubernetes_executor.py:39} WARNING - The example_kubernetes_executor example DAG requires the kubernetes provider. Please install it with: pip install apache-airflow[cncf.kubernetes]
[2023-07-08 11:45:17,839] {processor.py:653} WARNING - No viable dags retrieved from /home/lucas/Área de Trabalho/apresentação/venv/lib/python3.10/site-packages/airflow/example_dags/example_kubernetes_executor.py
[2023-07-08 11:45:17,857] {processor.py:161} INFO - Processing /home/lucas/Área de Trabalho/apresentação/venv/lib/python3.10/site-packages/airflow/example_dags/example_kubernetes_executor.py took 0.060 seconds
[2023-07-08 11:45:56,336] {processor.py:153} INFO - Started process (PID=12643) to work on /home/lucas/Área de Trabalho/apresentação/venv/lib/python3.10/site-packages/airflow/example_dags/example_kubernetes_executor.py
[2023-07-08 11:45:56,340] {processor.py:641} INFO - Processing file /home/lucas/Área de Trabalho/apresentação/venv/lib/python3.10/site-packages/airflow/example_dags/example_kubernetes_executor.py for tasks to queue
[2023-07-08 11:45:56,341] {logging_mixin.py:115} INFO - [2023-07-08 11:45:56,341] {dagbag.py:507} INFO - Filling up the DagBag from /home/lucas/Área de Trabalho/apresentação/venv/lib/python3.10/site-packages/airflow/example_dags/example_kubernetes_executor.py
[2023-07-08 11:45:56,375] {logging_mixin.py:115} INFO - [2023-07-08 11:45:56,375] {example_kubernetes_executor.py:39} WARNING - The example_kubernetes_executor example DAG requires the kubernetes provider. Please install it with: pip install apache-airflow[cncf.kubernetes]
[2023-07-08 11:45:56,376] {processor.py:653} WARNING - No viable dags retrieved from /home/lucas/Área de Trabalho/apresentação/venv/lib/python3.10/site-packages/airflow/example_dags/example_kubernetes_executor.py
[2023-07-08 11:45:56,396] {processor.py:161} INFO - Processing /home/lucas/Área de Trabalho/apresentação/venv/lib/python3.10/site-packages/airflow/example_dags/example_kubernetes_executor.py took 0.066 seconds
[2023-07-08 11:46:38,322] {processor.py:153} INFO - Started process (PID=12796) to work on /home/lucas/Área de Trabalho/apresentação/venv/lib/python3.10/site-packages/airflow/example_dags/example_kubernetes_executor.py
[2023-07-08 11:46:38,323] {processor.py:641} INFO - Processing file /home/lucas/Área de Trabalho/apresentação/venv/lib/python3.10/site-packages/airflow/example_dags/example_kubernetes_executor.py for tasks to queue
[2023-07-08 11:46:38,324] {logging_mixin.py:115} INFO - [2023-07-08 11:46:38,324] {dagbag.py:507} INFO - Filling up the DagBag from /home/lucas/Área de Trabalho/apresentação/venv/lib/python3.10/site-packages/airflow/example_dags/example_kubernetes_executor.py
[2023-07-08 11:46:38,362] {logging_mixin.py:115} INFO - [2023-07-08 11:46:38,361] {example_kubernetes_executor.py:39} WARNING - The example_kubernetes_executor example DAG requires the kubernetes provider. Please install it with: pip install apache-airflow[cncf.kubernetes]
[2023-07-08 11:46:38,362] {processor.py:653} WARNING - No viable dags retrieved from /home/lucas/Área de Trabalho/apresentação/venv/lib/python3.10/site-packages/airflow/example_dags/example_kubernetes_executor.py
[2023-07-08 11:46:38,383] {processor.py:161} INFO - Processing /home/lucas/Área de Trabalho/apresentação/venv/lib/python3.10/site-packages/airflow/example_dags/example_kubernetes_executor.py took 0.067 seconds
[2023-07-08 11:47:16,230] {processor.py:153} INFO - Started process (PID=12852) to work on /home/lucas/Área de Trabalho/apresentação/venv/lib/python3.10/site-packages/airflow/example_dags/example_kubernetes_executor.py
[2023-07-08 11:47:16,234] {processor.py:641} INFO - Processing file /home/lucas/Área de Trabalho/apresentação/venv/lib/python3.10/site-packages/airflow/example_dags/example_kubernetes_executor.py for tasks to queue
[2023-07-08 11:47:16,237] {logging_mixin.py:115} INFO - [2023-07-08 11:47:16,237] {dagbag.py:507} INFO - Filling up the DagBag from /home/lucas/Área de Trabalho/apresentação/venv/lib/python3.10/site-packages/airflow/example_dags/example_kubernetes_executor.py
[2023-07-08 11:47:16,276] {logging_mixin.py:115} INFO - [2023-07-08 11:47:16,276] {example_kubernetes_executor.py:39} WARNING - The example_kubernetes_executor example DAG requires the kubernetes provider. Please install it with: pip install apache-airflow[cncf.kubernetes]
[2023-07-08 11:47:16,276] {processor.py:653} WARNING - No viable dags retrieved from /home/lucas/Área de Trabalho/apresentação/venv/lib/python3.10/site-packages/airflow/example_dags/example_kubernetes_executor.py
[2023-07-08 11:47:16,296] {processor.py:161} INFO - Processing /home/lucas/Área de Trabalho/apresentação/venv/lib/python3.10/site-packages/airflow/example_dags/example_kubernetes_executor.py took 0.072 seconds
[2023-07-08 11:47:51,243] {processor.py:153} INFO - Started process (PID=12922) to work on /home/lucas/Área de Trabalho/apresentação/venv/lib/python3.10/site-packages/airflow/example_dags/example_kubernetes_executor.py
[2023-07-08 11:47:51,247] {processor.py:641} INFO - Processing file /home/lucas/Área de Trabalho/apresentação/venv/lib/python3.10/site-packages/airflow/example_dags/example_kubernetes_executor.py for tasks to queue
[2023-07-08 11:47:51,248] {logging_mixin.py:115} INFO - [2023-07-08 11:47:51,248] {dagbag.py:507} INFO - Filling up the DagBag from /home/lucas/Área de Trabalho/apresentação/venv/lib/python3.10/site-packages/airflow/example_dags/example_kubernetes_executor.py
[2023-07-08 11:47:51,281] {logging_mixin.py:115} INFO - [2023-07-08 11:47:51,281] {example_kubernetes_executor.py:39} WARNING - The example_kubernetes_executor example DAG requires the kubernetes provider. Please install it with: pip install apache-airflow[cncf.kubernetes]
[2023-07-08 11:47:51,282] {processor.py:653} WARNING - No viable dags retrieved from /home/lucas/Área de Trabalho/apresentação/venv/lib/python3.10/site-packages/airflow/example_dags/example_kubernetes_executor.py
[2023-07-08 11:47:51,303] {processor.py:161} INFO - Processing /home/lucas/Área de Trabalho/apresentação/venv/lib/python3.10/site-packages/airflow/example_dags/example_kubernetes_executor.py took 0.065 seconds
[2023-07-08 11:48:28,934] {processor.py:153} INFO - Started process (PID=12975) to work on /home/lucas/Área de Trabalho/apresentação/venv/lib/python3.10/site-packages/airflow/example_dags/example_kubernetes_executor.py
[2023-07-08 11:48:28,937] {processor.py:641} INFO - Processing file /home/lucas/Área de Trabalho/apresentação/venv/lib/python3.10/site-packages/airflow/example_dags/example_kubernetes_executor.py for tasks to queue
[2023-07-08 11:48:28,938] {logging_mixin.py:115} INFO - [2023-07-08 11:48:28,938] {dagbag.py:507} INFO - Filling up the DagBag from /home/lucas/Área de Trabalho/apresentação/venv/lib/python3.10/site-packages/airflow/example_dags/example_kubernetes_executor.py
[2023-07-08 11:48:28,948] {logging_mixin.py:115} INFO - [2023-07-08 11:48:28,948] {example_kubernetes_executor.py:39} WARNING - The example_kubernetes_executor example DAG requires the kubernetes provider. Please install it with: pip install apache-airflow[cncf.kubernetes]
[2023-07-08 11:48:28,948] {processor.py:653} WARNING - No viable dags retrieved from /home/lucas/Área de Trabalho/apresentação/venv/lib/python3.10/site-packages/airflow/example_dags/example_kubernetes_executor.py
[2023-07-08 11:48:28,956] {processor.py:161} INFO - Processing /home/lucas/Área de Trabalho/apresentação/venv/lib/python3.10/site-packages/airflow/example_dags/example_kubernetes_executor.py took 0.024 seconds
[2023-07-08 11:49:05,376] {processor.py:153} INFO - Started process (PID=13031) to work on /home/lucas/Área de Trabalho/apresentação/venv/lib/python3.10/site-packages/airflow/example_dags/example_kubernetes_executor.py
[2023-07-08 11:49:05,377] {processor.py:641} INFO - Processing file /home/lucas/Área de Trabalho/apresentação/venv/lib/python3.10/site-packages/airflow/example_dags/example_kubernetes_executor.py for tasks to queue
[2023-07-08 11:49:05,378] {logging_mixin.py:115} INFO - [2023-07-08 11:49:05,378] {dagbag.py:507} INFO - Filling up the DagBag from /home/lucas/Área de Trabalho/apresentação/venv/lib/python3.10/site-packages/airflow/example_dags/example_kubernetes_executor.py
[2023-07-08 11:49:05,395] {logging_mixin.py:115} INFO - [2023-07-08 11:49:05,395] {example_kubernetes_executor.py:39} WARNING - The example_kubernetes_executor example DAG requires the kubernetes provider. Please install it with: pip install apache-airflow[cncf.kubernetes]
[2023-07-08 11:49:05,395] {processor.py:653} WARNING - No viable dags retrieved from /home/lucas/Área de Trabalho/apresentação/venv/lib/python3.10/site-packages/airflow/example_dags/example_kubernetes_executor.py
[2023-07-08 11:49:05,406] {processor.py:161} INFO - Processing /home/lucas/Área de Trabalho/apresentação/venv/lib/python3.10/site-packages/airflow/example_dags/example_kubernetes_executor.py took 0.035 seconds
[2023-07-08 11:49:39,701] {processor.py:153} INFO - Started process (PID=13091) to work on /home/lucas/Área de Trabalho/apresentação/venv/lib/python3.10/site-packages/airflow/example_dags/example_kubernetes_executor.py
[2023-07-08 11:49:39,705] {processor.py:641} INFO - Processing file /home/lucas/Área de Trabalho/apresentação/venv/lib/python3.10/site-packages/airflow/example_dags/example_kubernetes_executor.py for tasks to queue
[2023-07-08 11:49:39,706] {logging_mixin.py:115} INFO - [2023-07-08 11:49:39,706] {dagbag.py:507} INFO - Filling up the DagBag from /home/lucas/Área de Trabalho/apresentação/venv/lib/python3.10/site-packages/airflow/example_dags/example_kubernetes_executor.py
[2023-07-08 11:49:39,743] {logging_mixin.py:115} INFO - [2023-07-08 11:49:39,743] {example_kubernetes_executor.py:39} WARNING - The example_kubernetes_executor example DAG requires the kubernetes provider. Please install it with: pip install apache-airflow[cncf.kubernetes]
[2023-07-08 11:49:39,744] {processor.py:653} WARNING - No viable dags retrieved from /home/lucas/Área de Trabalho/apresentação/venv/lib/python3.10/site-packages/airflow/example_dags/example_kubernetes_executor.py
[2023-07-08 11:49:39,765] {processor.py:161} INFO - Processing /home/lucas/Área de Trabalho/apresentação/venv/lib/python3.10/site-packages/airflow/example_dags/example_kubernetes_executor.py took 0.071 seconds
[2023-07-08 11:50:16,399] {processor.py:153} INFO - Started process (PID=13144) to work on /home/lucas/Área de Trabalho/apresentação/venv/lib/python3.10/site-packages/airflow/example_dags/example_kubernetes_executor.py
[2023-07-08 11:50:16,403] {processor.py:641} INFO - Processing file /home/lucas/Área de Trabalho/apresentação/venv/lib/python3.10/site-packages/airflow/example_dags/example_kubernetes_executor.py for tasks to queue
[2023-07-08 11:50:16,404] {logging_mixin.py:115} INFO - [2023-07-08 11:50:16,404] {dagbag.py:507} INFO - Filling up the DagBag from /home/lucas/Área de Trabalho/apresentação/venv/lib/python3.10/site-packages/airflow/example_dags/example_kubernetes_executor.py
[2023-07-08 11:50:16,438] {logging_mixin.py:115} INFO - [2023-07-08 11:50:16,438] {example_kubernetes_executor.py:39} WARNING - The example_kubernetes_executor example DAG requires the kubernetes provider. Please install it with: pip install apache-airflow[cncf.kubernetes]
[2023-07-08 11:50:16,438] {processor.py:653} WARNING - No viable dags retrieved from /home/lucas/Área de Trabalho/apresentação/venv/lib/python3.10/site-packages/airflow/example_dags/example_kubernetes_executor.py
[2023-07-08 11:50:16,459] {processor.py:161} INFO - Processing /home/lucas/Área de Trabalho/apresentação/venv/lib/python3.10/site-packages/airflow/example_dags/example_kubernetes_executor.py took 0.065 seconds
[2023-07-08 11:50:57,570] {processor.py:153} INFO - Started process (PID=13290) to work on /home/lucas/Área de Trabalho/apresentação/venv/lib/python3.10/site-packages/airflow/example_dags/example_kubernetes_executor.py
[2023-07-08 11:50:57,574] {processor.py:641} INFO - Processing file /home/lucas/Área de Trabalho/apresentação/venv/lib/python3.10/site-packages/airflow/example_dags/example_kubernetes_executor.py for tasks to queue
[2023-07-08 11:50:57,574] {logging_mixin.py:115} INFO - [2023-07-08 11:50:57,574] {dagbag.py:507} INFO - Filling up the DagBag from /home/lucas/Área de Trabalho/apresentação/venv/lib/python3.10/site-packages/airflow/example_dags/example_kubernetes_executor.py
[2023-07-08 11:50:57,584] {logging_mixin.py:115} INFO - [2023-07-08 11:50:57,584] {example_kubernetes_executor.py:39} WARNING - The example_kubernetes_executor example DAG requires the kubernetes provider. Please install it with: pip install apache-airflow[cncf.kubernetes]
[2023-07-08 11:50:57,584] {processor.py:653} WARNING - No viable dags retrieved from /home/lucas/Área de Trabalho/apresentação/venv/lib/python3.10/site-packages/airflow/example_dags/example_kubernetes_executor.py
[2023-07-08 11:50:57,590] {processor.py:161} INFO - Processing /home/lucas/Área de Trabalho/apresentação/venv/lib/python3.10/site-packages/airflow/example_dags/example_kubernetes_executor.py took 0.022 seconds
[2023-07-08 11:51:34,399] {processor.py:153} INFO - Started process (PID=13332) to work on /home/lucas/Área de Trabalho/apresentação/venv/lib/python3.10/site-packages/airflow/example_dags/example_kubernetes_executor.py
[2023-07-08 11:51:34,403] {processor.py:641} INFO - Processing file /home/lucas/Área de Trabalho/apresentação/venv/lib/python3.10/site-packages/airflow/example_dags/example_kubernetes_executor.py for tasks to queue
[2023-07-08 11:51:34,404] {logging_mixin.py:115} INFO - [2023-07-08 11:51:34,403] {dagbag.py:507} INFO - Filling up the DagBag from /home/lucas/Área de Trabalho/apresentação/venv/lib/python3.10/site-packages/airflow/example_dags/example_kubernetes_executor.py
[2023-07-08 11:51:34,413] {logging_mixin.py:115} INFO - [2023-07-08 11:51:34,413] {example_kubernetes_executor.py:39} WARNING - The example_kubernetes_executor example DAG requires the kubernetes provider. Please install it with: pip install apache-airflow[cncf.kubernetes]
[2023-07-08 11:51:34,413] {processor.py:653} WARNING - No viable dags retrieved from /home/lucas/Área de Trabalho/apresentação/venv/lib/python3.10/site-packages/airflow/example_dags/example_kubernetes_executor.py
[2023-07-08 11:51:34,419] {processor.py:161} INFO - Processing /home/lucas/Área de Trabalho/apresentação/venv/lib/python3.10/site-packages/airflow/example_dags/example_kubernetes_executor.py took 0.025 seconds
[2023-07-08 11:52:11,165] {processor.py:153} INFO - Started process (PID=13379) to work on /home/lucas/Área de Trabalho/apresentação/venv/lib/python3.10/site-packages/airflow/example_dags/example_kubernetes_executor.py
[2023-07-08 11:52:11,169] {processor.py:641} INFO - Processing file /home/lucas/Área de Trabalho/apresentação/venv/lib/python3.10/site-packages/airflow/example_dags/example_kubernetes_executor.py for tasks to queue
[2023-07-08 11:52:11,170] {logging_mixin.py:115} INFO - [2023-07-08 11:52:11,170] {dagbag.py:507} INFO - Filling up the DagBag from /home/lucas/Área de Trabalho/apresentação/venv/lib/python3.10/site-packages/airflow/example_dags/example_kubernetes_executor.py
[2023-07-08 11:52:11,204] {logging_mixin.py:115} INFO - [2023-07-08 11:52:11,203] {example_kubernetes_executor.py:39} WARNING - The example_kubernetes_executor example DAG requires the kubernetes provider. Please install it with: pip install apache-airflow[cncf.kubernetes]
[2023-07-08 11:52:11,204] {processor.py:653} WARNING - No viable dags retrieved from /home/lucas/Área de Trabalho/apresentação/venv/lib/python3.10/site-packages/airflow/example_dags/example_kubernetes_executor.py
[2023-07-08 11:52:11,224] {processor.py:161} INFO - Processing /home/lucas/Área de Trabalho/apresentação/venv/lib/python3.10/site-packages/airflow/example_dags/example_kubernetes_executor.py took 0.064 seconds
