[2023-07-08 01:02:22,834] {processor.py:153} INFO - Started process (PID=35856) to work on /home/lucas/Área de Trabalho/apresentação/venv/lib/python3.10/site-packages/airflow/example_dags/example_task_group.py
[2023-07-08 01:02:22,835] {processor.py:641} INFO - Processing file /home/lucas/Área de Trabalho/apresentação/venv/lib/python3.10/site-packages/airflow/example_dags/example_task_group.py for tasks to queue
[2023-07-08 01:02:22,836] {logging_mixin.py:115} INFO - [2023-07-08 01:02:22,836] {dagbag.py:507} INFO - Filling up the DagBag from /home/lucas/Área de Trabalho/apresentação/venv/lib/python3.10/site-packages/airflow/example_dags/example_task_group.py
[2023-07-08 01:02:22,856] {processor.py:651} INFO - DAG(s) dict_keys(['example_task_group']) retrieved from /home/lucas/Área de Trabalho/apresentação/venv/lib/python3.10/site-packages/airflow/example_dags/example_task_group.py
[2023-07-08 01:02:22,895] {logging_mixin.py:115} INFO - [2023-07-08 01:02:22,894] {dag.py:2379} INFO - Sync 1 DAGs
[2023-07-08 01:02:22,933] {logging_mixin.py:115} INFO - [2023-07-08 01:02:22,933] {dag.py:2927} INFO - Setting next_dagrun for example_task_group to 2023-07-07T04:02:22.933241+00:00, run_after=2023-07-08T04:02:22.933241+00:00
[2023-07-08 01:02:22,958] {processor.py:161} INFO - Processing /home/lucas/Área de Trabalho/apresentação/venv/lib/python3.10/site-packages/airflow/example_dags/example_task_group.py took 0.132 seconds
[2023-07-08 01:03:03,302] {processor.py:153} INFO - Started process (PID=36260) to work on /home/lucas/Área de Trabalho/apresentação/venv/lib/python3.10/site-packages/airflow/example_dags/example_task_group.py
[2023-07-08 01:03:03,306] {processor.py:641} INFO - Processing file /home/lucas/Área de Trabalho/apresentação/venv/lib/python3.10/site-packages/airflow/example_dags/example_task_group.py for tasks to queue
[2023-07-08 01:03:03,307] {logging_mixin.py:115} INFO - [2023-07-08 01:03:03,307] {dagbag.py:507} INFO - Filling up the DagBag from /home/lucas/Área de Trabalho/apresentação/venv/lib/python3.10/site-packages/airflow/example_dags/example_task_group.py
[2023-07-08 01:03:03,324] {processor.py:651} INFO - DAG(s) dict_keys(['example_task_group']) retrieved from /home/lucas/Área de Trabalho/apresentação/venv/lib/python3.10/site-packages/airflow/example_dags/example_task_group.py
[2023-07-08 01:03:03,357] {logging_mixin.py:115} INFO - [2023-07-08 01:03:03,357] {dag.py:2379} INFO - Sync 1 DAGs
[2023-07-08 01:03:03,405] {logging_mixin.py:115} INFO - [2023-07-08 01:03:03,405] {dag.py:2927} INFO - Setting next_dagrun for example_task_group to 2023-07-07T04:03:03.404569+00:00, run_after=2023-07-08T04:03:03.404569+00:00
[2023-07-08 01:03:03,431] {processor.py:161} INFO - Processing /home/lucas/Área de Trabalho/apresentação/venv/lib/python3.10/site-packages/airflow/example_dags/example_task_group.py took 0.135 seconds
[2023-07-08 01:03:42,502] {processor.py:153} INFO - Started process (PID=36543) to work on /home/lucas/Área de Trabalho/apresentação/venv/lib/python3.10/site-packages/airflow/example_dags/example_task_group.py
[2023-07-08 01:03:42,506] {processor.py:641} INFO - Processing file /home/lucas/Área de Trabalho/apresentação/venv/lib/python3.10/site-packages/airflow/example_dags/example_task_group.py for tasks to queue
[2023-07-08 01:03:42,507] {logging_mixin.py:115} INFO - [2023-07-08 01:03:42,507] {dagbag.py:507} INFO - Filling up the DagBag from /home/lucas/Área de Trabalho/apresentação/venv/lib/python3.10/site-packages/airflow/example_dags/example_task_group.py
[2023-07-08 01:03:42,522] {processor.py:651} INFO - DAG(s) dict_keys(['example_task_group']) retrieved from /home/lucas/Área de Trabalho/apresentação/venv/lib/python3.10/site-packages/airflow/example_dags/example_task_group.py
[2023-07-08 01:03:42,559] {logging_mixin.py:115} INFO - [2023-07-08 01:03:42,559] {dag.py:2379} INFO - Sync 1 DAGs
[2023-07-08 01:03:42,600] {logging_mixin.py:115} INFO - [2023-07-08 01:03:42,600] {dag.py:2927} INFO - Setting next_dagrun for example_task_group to 2023-07-07T04:03:42.599920+00:00, run_after=2023-07-08T04:03:42.599920+00:00
[2023-07-08 01:03:42,631] {processor.py:161} INFO - Processing /home/lucas/Área de Trabalho/apresentação/venv/lib/python3.10/site-packages/airflow/example_dags/example_task_group.py took 0.135 seconds
[2023-07-08 01:04:21,221] {processor.py:153} INFO - Started process (PID=36865) to work on /home/lucas/Área de Trabalho/apresentação/venv/lib/python3.10/site-packages/airflow/example_dags/example_task_group.py
[2023-07-08 01:04:21,222] {processor.py:641} INFO - Processing file /home/lucas/Área de Trabalho/apresentação/venv/lib/python3.10/site-packages/airflow/example_dags/example_task_group.py for tasks to queue
[2023-07-08 01:04:21,223] {logging_mixin.py:115} INFO - [2023-07-08 01:04:21,223] {dagbag.py:507} INFO - Filling up the DagBag from /home/lucas/Área de Trabalho/apresentação/venv/lib/python3.10/site-packages/airflow/example_dags/example_task_group.py
[2023-07-08 01:04:21,236] {processor.py:651} INFO - DAG(s) dict_keys(['example_task_group']) retrieved from /home/lucas/Área de Trabalho/apresentação/venv/lib/python3.10/site-packages/airflow/example_dags/example_task_group.py
[2023-07-08 01:04:21,266] {logging_mixin.py:115} INFO - [2023-07-08 01:04:21,266] {dag.py:2379} INFO - Sync 1 DAGs
[2023-07-08 01:04:21,301] {logging_mixin.py:115} INFO - [2023-07-08 01:04:21,301] {dag.py:2927} INFO - Setting next_dagrun for example_task_group to 2023-07-07T04:04:21.300760+00:00, run_after=2023-07-08T04:04:21.300760+00:00
[2023-07-08 01:04:21,323] {processor.py:161} INFO - Processing /home/lucas/Área de Trabalho/apresentação/venv/lib/python3.10/site-packages/airflow/example_dags/example_task_group.py took 0.107 seconds
[2023-07-08 01:05:20,407] {processor.py:153} INFO - Started process (PID=37738) to work on /home/lucas/Área de Trabalho/apresentação/venv/lib/python3.10/site-packages/airflow/example_dags/example_task_group.py
[2023-07-08 01:05:20,409] {processor.py:641} INFO - Processing file /home/lucas/Área de Trabalho/apresentação/venv/lib/python3.10/site-packages/airflow/example_dags/example_task_group.py for tasks to queue
[2023-07-08 01:05:20,409] {logging_mixin.py:115} INFO - [2023-07-08 01:05:20,409] {dagbag.py:507} INFO - Filling up the DagBag from /home/lucas/Área de Trabalho/apresentação/venv/lib/python3.10/site-packages/airflow/example_dags/example_task_group.py
[2023-07-08 01:05:20,417] {processor.py:651} INFO - DAG(s) dict_keys(['example_task_group']) retrieved from /home/lucas/Área de Trabalho/apresentação/venv/lib/python3.10/site-packages/airflow/example_dags/example_task_group.py
[2023-07-08 01:05:20,440] {logging_mixin.py:115} INFO - [2023-07-08 01:05:20,439] {dag.py:2379} INFO - Sync 1 DAGs
[2023-07-08 01:05:20,466] {logging_mixin.py:115} INFO - [2023-07-08 01:05:20,466] {dag.py:2927} INFO - Setting next_dagrun for example_task_group to 2023-07-07T04:05:20.466004+00:00, run_after=2023-07-08T04:05:20.466004+00:00
[2023-07-08 01:05:20,487] {processor.py:161} INFO - Processing /home/lucas/Área de Trabalho/apresentação/venv/lib/python3.10/site-packages/airflow/example_dags/example_task_group.py took 0.082 seconds
[2023-07-08 01:06:45,669] {processor.py:153} INFO - Started process (PID=38576) to work on /home/lucas/Área de Trabalho/apresentação/venv/lib/python3.10/site-packages/airflow/example_dags/example_task_group.py
[2023-07-08 01:06:45,670] {processor.py:641} INFO - Processing file /home/lucas/Área de Trabalho/apresentação/venv/lib/python3.10/site-packages/airflow/example_dags/example_task_group.py for tasks to queue
[2023-07-08 01:06:45,671] {logging_mixin.py:115} INFO - [2023-07-08 01:06:45,671] {dagbag.py:507} INFO - Filling up the DagBag from /home/lucas/Área de Trabalho/apresentação/venv/lib/python3.10/site-packages/airflow/example_dags/example_task_group.py
[2023-07-08 01:06:45,677] {processor.py:651} INFO - DAG(s) dict_keys(['example_task_group']) retrieved from /home/lucas/Área de Trabalho/apresentação/venv/lib/python3.10/site-packages/airflow/example_dags/example_task_group.py
[2023-07-08 01:06:45,689] {logging_mixin.py:115} INFO - [2023-07-08 01:06:45,689] {dag.py:2379} INFO - Sync 1 DAGs
[2023-07-08 01:06:45,710] {logging_mixin.py:115} INFO - [2023-07-08 01:06:45,710] {dag.py:2927} INFO - Setting next_dagrun for example_task_group to 2023-07-07T04:06:45.710291+00:00, run_after=2023-07-08T04:06:45.710291+00:00
[2023-07-08 01:06:45,732] {processor.py:161} INFO - Processing /home/lucas/Área de Trabalho/apresentação/venv/lib/python3.10/site-packages/airflow/example_dags/example_task_group.py took 0.065 seconds
[2023-07-08 01:07:24,172] {processor.py:153} INFO - Started process (PID=38879) to work on /home/lucas/Área de Trabalho/apresentação/venv/lib/python3.10/site-packages/airflow/example_dags/example_task_group.py
[2023-07-08 01:07:24,176] {processor.py:641} INFO - Processing file /home/lucas/Área de Trabalho/apresentação/venv/lib/python3.10/site-packages/airflow/example_dags/example_task_group.py for tasks to queue
[2023-07-08 01:07:24,177] {logging_mixin.py:115} INFO - [2023-07-08 01:07:24,176] {dagbag.py:507} INFO - Filling up the DagBag from /home/lucas/Área de Trabalho/apresentação/venv/lib/python3.10/site-packages/airflow/example_dags/example_task_group.py
[2023-07-08 01:07:24,191] {processor.py:651} INFO - DAG(s) dict_keys(['example_task_group']) retrieved from /home/lucas/Área de Trabalho/apresentação/venv/lib/python3.10/site-packages/airflow/example_dags/example_task_group.py
[2023-07-08 01:07:24,227] {logging_mixin.py:115} INFO - [2023-07-08 01:07:24,227] {dag.py:2379} INFO - Sync 1 DAGs
[2023-07-08 01:07:24,266] {logging_mixin.py:115} INFO - [2023-07-08 01:07:24,265] {dag.py:2927} INFO - Setting next_dagrun for example_task_group to 2023-07-07T04:07:24.265278+00:00, run_after=2023-07-08T04:07:24.265278+00:00
[2023-07-08 01:07:24,291] {processor.py:161} INFO - Processing /home/lucas/Área de Trabalho/apresentação/venv/lib/python3.10/site-packages/airflow/example_dags/example_task_group.py took 0.125 seconds
[2023-07-08 01:08:03,242] {processor.py:153} INFO - Started process (PID=38954) to work on /home/lucas/Área de Trabalho/apresentação/venv/lib/python3.10/site-packages/airflow/example_dags/example_task_group.py
[2023-07-08 01:08:03,246] {processor.py:641} INFO - Processing file /home/lucas/Área de Trabalho/apresentação/venv/lib/python3.10/site-packages/airflow/example_dags/example_task_group.py for tasks to queue
[2023-07-08 01:08:03,247] {logging_mixin.py:115} INFO - [2023-07-08 01:08:03,247] {dagbag.py:507} INFO - Filling up the DagBag from /home/lucas/Área de Trabalho/apresentação/venv/lib/python3.10/site-packages/airflow/example_dags/example_task_group.py
[2023-07-08 01:08:03,262] {processor.py:651} INFO - DAG(s) dict_keys(['example_task_group']) retrieved from /home/lucas/Área de Trabalho/apresentação/venv/lib/python3.10/site-packages/airflow/example_dags/example_task_group.py
[2023-07-08 01:08:03,297] {logging_mixin.py:115} INFO - [2023-07-08 01:08:03,297] {dag.py:2379} INFO - Sync 1 DAGs
[2023-07-08 01:08:03,336] {logging_mixin.py:115} INFO - [2023-07-08 01:08:03,336] {dag.py:2927} INFO - Setting next_dagrun for example_task_group to 2023-07-07T04:08:03.335915+00:00, run_after=2023-07-08T04:08:03.335915+00:00
[2023-07-08 01:08:03,362] {processor.py:161} INFO - Processing /home/lucas/Área de Trabalho/apresentação/venv/lib/python3.10/site-packages/airflow/example_dags/example_task_group.py took 0.125 seconds
[2023-07-08 01:08:43,607] {processor.py:153} INFO - Started process (PID=39029) to work on /home/lucas/Área de Trabalho/apresentação/venv/lib/python3.10/site-packages/airflow/example_dags/example_task_group.py
[2023-07-08 01:08:43,611] {processor.py:641} INFO - Processing file /home/lucas/Área de Trabalho/apresentação/venv/lib/python3.10/site-packages/airflow/example_dags/example_task_group.py for tasks to queue
[2023-07-08 01:08:43,612] {logging_mixin.py:115} INFO - [2023-07-08 01:08:43,612] {dagbag.py:507} INFO - Filling up the DagBag from /home/lucas/Área de Trabalho/apresentação/venv/lib/python3.10/site-packages/airflow/example_dags/example_task_group.py
[2023-07-08 01:08:43,627] {processor.py:651} INFO - DAG(s) dict_keys(['example_task_group']) retrieved from /home/lucas/Área de Trabalho/apresentação/venv/lib/python3.10/site-packages/airflow/example_dags/example_task_group.py
[2023-07-08 01:08:43,662] {logging_mixin.py:115} INFO - [2023-07-08 01:08:43,662] {dag.py:2379} INFO - Sync 1 DAGs
[2023-07-08 01:08:43,702] {logging_mixin.py:115} INFO - [2023-07-08 01:08:43,701] {dag.py:2927} INFO - Setting next_dagrun for example_task_group to 2023-07-07T04:08:43.701242+00:00, run_after=2023-07-08T04:08:43.701242+00:00
[2023-07-08 01:08:43,728] {processor.py:161} INFO - Processing /home/lucas/Área de Trabalho/apresentação/venv/lib/python3.10/site-packages/airflow/example_dags/example_task_group.py took 0.127 seconds
[2023-07-08 01:09:22,715] {processor.py:153} INFO - Started process (PID=39106) to work on /home/lucas/Área de Trabalho/apresentação/venv/lib/python3.10/site-packages/airflow/example_dags/example_task_group.py
[2023-07-08 01:09:22,719] {processor.py:641} INFO - Processing file /home/lucas/Área de Trabalho/apresentação/venv/lib/python3.10/site-packages/airflow/example_dags/example_task_group.py for tasks to queue
[2023-07-08 01:09:22,720] {logging_mixin.py:115} INFO - [2023-07-08 01:09:22,720] {dagbag.py:507} INFO - Filling up the DagBag from /home/lucas/Área de Trabalho/apresentação/venv/lib/python3.10/site-packages/airflow/example_dags/example_task_group.py
[2023-07-08 01:09:22,734] {processor.py:651} INFO - DAG(s) dict_keys(['example_task_group']) retrieved from /home/lucas/Área de Trabalho/apresentação/venv/lib/python3.10/site-packages/airflow/example_dags/example_task_group.py
[2023-07-08 01:09:22,769] {logging_mixin.py:115} INFO - [2023-07-08 01:09:22,769] {dag.py:2379} INFO - Sync 1 DAGs
[2023-07-08 01:09:22,809] {logging_mixin.py:115} INFO - [2023-07-08 01:09:22,809] {dag.py:2927} INFO - Setting next_dagrun for example_task_group to 2023-07-07T04:09:22.808683+00:00, run_after=2023-07-08T04:09:22.808683+00:00
[2023-07-08 01:09:22,834] {processor.py:161} INFO - Processing /home/lucas/Área de Trabalho/apresentação/venv/lib/python3.10/site-packages/airflow/example_dags/example_task_group.py took 0.124 seconds
[2023-07-08 01:10:02,997] {processor.py:153} INFO - Started process (PID=39198) to work on /home/lucas/Área de Trabalho/apresentação/venv/lib/python3.10/site-packages/airflow/example_dags/example_task_group.py
[2023-07-08 01:10:03,001] {processor.py:641} INFO - Processing file /home/lucas/Área de Trabalho/apresentação/venv/lib/python3.10/site-packages/airflow/example_dags/example_task_group.py for tasks to queue
[2023-07-08 01:10:03,002] {logging_mixin.py:115} INFO - [2023-07-08 01:10:03,002] {dagbag.py:507} INFO - Filling up the DagBag from /home/lucas/Área de Trabalho/apresentação/venv/lib/python3.10/site-packages/airflow/example_dags/example_task_group.py
[2023-07-08 01:10:03,016] {processor.py:651} INFO - DAG(s) dict_keys(['example_task_group']) retrieved from /home/lucas/Área de Trabalho/apresentação/venv/lib/python3.10/site-packages/airflow/example_dags/example_task_group.py
[2023-07-08 01:10:03,052] {logging_mixin.py:115} INFO - [2023-07-08 01:10:03,051] {dag.py:2379} INFO - Sync 1 DAGs
[2023-07-08 01:10:03,096] {logging_mixin.py:115} INFO - [2023-07-08 01:10:03,096] {dag.py:2927} INFO - Setting next_dagrun for example_task_group to 2023-07-07T04:10:03.095618+00:00, run_after=2023-07-08T04:10:03.095618+00:00
[2023-07-08 01:10:03,123] {processor.py:161} INFO - Processing /home/lucas/Área de Trabalho/apresentação/venv/lib/python3.10/site-packages/airflow/example_dags/example_task_group.py took 0.131 seconds
[2023-07-08 01:10:41,169] {processor.py:153} INFO - Started process (PID=39329) to work on /home/lucas/Área de Trabalho/apresentação/venv/lib/python3.10/site-packages/airflow/example_dags/example_task_group.py
[2023-07-08 01:10:41,170] {processor.py:641} INFO - Processing file /home/lucas/Área de Trabalho/apresentação/venv/lib/python3.10/site-packages/airflow/example_dags/example_task_group.py for tasks to queue
[2023-07-08 01:10:41,171] {logging_mixin.py:115} INFO - [2023-07-08 01:10:41,171] {dagbag.py:507} INFO - Filling up the DagBag from /home/lucas/Área de Trabalho/apresentação/venv/lib/python3.10/site-packages/airflow/example_dags/example_task_group.py
[2023-07-08 01:10:41,176] {processor.py:651} INFO - DAG(s) dict_keys(['example_task_group']) retrieved from /home/lucas/Área de Trabalho/apresentação/venv/lib/python3.10/site-packages/airflow/example_dags/example_task_group.py
[2023-07-08 01:10:41,188] {logging_mixin.py:115} INFO - [2023-07-08 01:10:41,188] {dag.py:2379} INFO - Sync 1 DAGs
[2023-07-08 01:10:41,211] {logging_mixin.py:115} INFO - [2023-07-08 01:10:41,211] {dag.py:2927} INFO - Setting next_dagrun for example_task_group to 2023-07-07T04:10:41.210966+00:00, run_after=2023-07-08T04:10:41.210966+00:00
[2023-07-08 01:10:41,235] {processor.py:161} INFO - Processing /home/lucas/Área de Trabalho/apresentação/venv/lib/python3.10/site-packages/airflow/example_dags/example_task_group.py took 0.069 seconds
[2023-07-08 01:11:24,495] {processor.py:153} INFO - Started process (PID=39673) to work on /home/lucas/Área de Trabalho/apresentação/venv/lib/python3.10/site-packages/airflow/example_dags/example_task_group.py
[2023-07-08 01:11:24,499] {processor.py:641} INFO - Processing file /home/lucas/Área de Trabalho/apresentação/venv/lib/python3.10/site-packages/airflow/example_dags/example_task_group.py for tasks to queue
[2023-07-08 01:11:24,500] {logging_mixin.py:115} INFO - [2023-07-08 01:11:24,500] {dagbag.py:507} INFO - Filling up the DagBag from /home/lucas/Área de Trabalho/apresentação/venv/lib/python3.10/site-packages/airflow/example_dags/example_task_group.py
[2023-07-08 01:11:24,515] {processor.py:651} INFO - DAG(s) dict_keys(['example_task_group']) retrieved from /home/lucas/Área de Trabalho/apresentação/venv/lib/python3.10/site-packages/airflow/example_dags/example_task_group.py
[2023-07-08 01:11:24,552] {logging_mixin.py:115} INFO - [2023-07-08 01:11:24,551] {dag.py:2379} INFO - Sync 1 DAGs
[2023-07-08 01:11:24,594] {logging_mixin.py:115} INFO - [2023-07-08 01:11:24,594] {dag.py:2927} INFO - Setting next_dagrun for example_task_group to 2023-07-07T04:11:24.593526+00:00, run_after=2023-07-08T04:11:24.593526+00:00
[2023-07-08 01:11:24,621] {processor.py:161} INFO - Processing /home/lucas/Área de Trabalho/apresentação/venv/lib/python3.10/site-packages/airflow/example_dags/example_task_group.py took 0.132 seconds
[2023-07-08 01:12:04,494] {processor.py:153} INFO - Started process (PID=39819) to work on /home/lucas/Área de Trabalho/apresentação/venv/lib/python3.10/site-packages/airflow/example_dags/example_task_group.py
[2023-07-08 01:12:04,495] {processor.py:641} INFO - Processing file /home/lucas/Área de Trabalho/apresentação/venv/lib/python3.10/site-packages/airflow/example_dags/example_task_group.py for tasks to queue
[2023-07-08 01:12:04,496] {logging_mixin.py:115} INFO - [2023-07-08 01:12:04,496] {dagbag.py:507} INFO - Filling up the DagBag from /home/lucas/Área de Trabalho/apresentação/venv/lib/python3.10/site-packages/airflow/example_dags/example_task_group.py
[2023-07-08 01:12:04,513] {processor.py:651} INFO - DAG(s) dict_keys(['example_task_group']) retrieved from /home/lucas/Área de Trabalho/apresentação/venv/lib/python3.10/site-packages/airflow/example_dags/example_task_group.py
[2023-07-08 01:12:04,548] {logging_mixin.py:115} INFO - [2023-07-08 01:12:04,548] {dag.py:2379} INFO - Sync 1 DAGs
[2023-07-08 01:12:04,592] {logging_mixin.py:115} INFO - [2023-07-08 01:12:04,592] {dag.py:2927} INFO - Setting next_dagrun for example_task_group to 2023-07-07T04:12:04.591982+00:00, run_after=2023-07-08T04:12:04.591982+00:00
[2023-07-08 01:12:04,621] {processor.py:161} INFO - Processing /home/lucas/Área de Trabalho/apresentação/venv/lib/python3.10/site-packages/airflow/example_dags/example_task_group.py took 0.133 seconds
[2023-07-08 01:12:39,936] {processor.py:153} INFO - Started process (PID=39969) to work on /home/lucas/Área de Trabalho/apresentação/venv/lib/python3.10/site-packages/airflow/example_dags/example_task_group.py
[2023-07-08 01:12:39,938] {processor.py:641} INFO - Processing file /home/lucas/Área de Trabalho/apresentação/venv/lib/python3.10/site-packages/airflow/example_dags/example_task_group.py for tasks to queue
[2023-07-08 01:12:39,939] {logging_mixin.py:115} INFO - [2023-07-08 01:12:39,939] {dagbag.py:507} INFO - Filling up the DagBag from /home/lucas/Área de Trabalho/apresentação/venv/lib/python3.10/site-packages/airflow/example_dags/example_task_group.py
[2023-07-08 01:12:39,955] {processor.py:651} INFO - DAG(s) dict_keys(['example_task_group']) retrieved from /home/lucas/Área de Trabalho/apresentação/venv/lib/python3.10/site-packages/airflow/example_dags/example_task_group.py
[2023-07-08 01:12:39,991] {logging_mixin.py:115} INFO - [2023-07-08 01:12:39,991] {dag.py:2379} INFO - Sync 1 DAGs
[2023-07-08 01:12:40,031] {logging_mixin.py:115} INFO - [2023-07-08 01:12:40,031] {dag.py:2927} INFO - Setting next_dagrun for example_task_group to 2023-07-07T04:12:40.030557+00:00, run_after=2023-07-08T04:12:40.030557+00:00
[2023-07-08 01:12:40,058] {processor.py:161} INFO - Processing /home/lucas/Área de Trabalho/apresentação/venv/lib/python3.10/site-packages/airflow/example_dags/example_task_group.py took 0.126 seconds
[2023-07-08 01:13:20,078] {processor.py:153} INFO - Started process (PID=40062) to work on /home/lucas/Área de Trabalho/apresentação/venv/lib/python3.10/site-packages/airflow/example_dags/example_task_group.py
[2023-07-08 01:13:20,082] {processor.py:641} INFO - Processing file /home/lucas/Área de Trabalho/apresentação/venv/lib/python3.10/site-packages/airflow/example_dags/example_task_group.py for tasks to queue
[2023-07-08 01:13:20,083] {logging_mixin.py:115} INFO - [2023-07-08 01:13:20,083] {dagbag.py:507} INFO - Filling up the DagBag from /home/lucas/Área de Trabalho/apresentação/venv/lib/python3.10/site-packages/airflow/example_dags/example_task_group.py
[2023-07-08 01:13:20,104] {processor.py:651} INFO - DAG(s) dict_keys(['example_task_group']) retrieved from /home/lucas/Área de Trabalho/apresentação/venv/lib/python3.10/site-packages/airflow/example_dags/example_task_group.py
[2023-07-08 01:13:20,144] {logging_mixin.py:115} INFO - [2023-07-08 01:13:20,144] {dag.py:2379} INFO - Sync 1 DAGs
[2023-07-08 01:13:20,209] {logging_mixin.py:115} INFO - [2023-07-08 01:13:20,208] {dag.py:2927} INFO - Setting next_dagrun for example_task_group to 2023-07-07T04:13:20.207902+00:00, run_after=2023-07-08T04:13:20.207902+00:00
[2023-07-08 01:13:20,258] {processor.py:161} INFO - Processing /home/lucas/Área de Trabalho/apresentação/venv/lib/python3.10/site-packages/airflow/example_dags/example_task_group.py took 0.186 seconds
[2023-07-08 01:13:56,855] {processor.py:153} INFO - Started process (PID=40140) to work on /home/lucas/Área de Trabalho/apresentação/venv/lib/python3.10/site-packages/airflow/example_dags/example_task_group.py
[2023-07-08 01:13:56,859] {processor.py:641} INFO - Processing file /home/lucas/Área de Trabalho/apresentação/venv/lib/python3.10/site-packages/airflow/example_dags/example_task_group.py for tasks to queue
[2023-07-08 01:13:56,860] {logging_mixin.py:115} INFO - [2023-07-08 01:13:56,860] {dagbag.py:507} INFO - Filling up the DagBag from /home/lucas/Área de Trabalho/apresentação/venv/lib/python3.10/site-packages/airflow/example_dags/example_task_group.py
[2023-07-08 01:13:56,880] {processor.py:651} INFO - DAG(s) dict_keys(['example_task_group']) retrieved from /home/lucas/Área de Trabalho/apresentação/venv/lib/python3.10/site-packages/airflow/example_dags/example_task_group.py
[2023-07-08 01:13:56,924] {logging_mixin.py:115} INFO - [2023-07-08 01:13:56,924] {dag.py:2379} INFO - Sync 1 DAGs
[2023-07-08 01:13:56,968] {logging_mixin.py:115} INFO - [2023-07-08 01:13:56,967] {dag.py:2927} INFO - Setting next_dagrun for example_task_group to 2023-07-07T04:13:56.967395+00:00, run_after=2023-07-08T04:13:56.967395+00:00
[2023-07-08 01:13:56,996] {processor.py:161} INFO - Processing /home/lucas/Área de Trabalho/apresentação/venv/lib/python3.10/site-packages/airflow/example_dags/example_task_group.py took 0.147 seconds
[2023-07-08 01:14:37,958] {processor.py:153} INFO - Started process (PID=40328) to work on /home/lucas/Área de Trabalho/apresentação/venv/lib/python3.10/site-packages/airflow/example_dags/example_task_group.py
[2023-07-08 01:14:37,962] {processor.py:641} INFO - Processing file /home/lucas/Área de Trabalho/apresentação/venv/lib/python3.10/site-packages/airflow/example_dags/example_task_group.py for tasks to queue
[2023-07-08 01:14:37,963] {logging_mixin.py:115} INFO - [2023-07-08 01:14:37,963] {dagbag.py:507} INFO - Filling up the DagBag from /home/lucas/Área de Trabalho/apresentação/venv/lib/python3.10/site-packages/airflow/example_dags/example_task_group.py
[2023-07-08 01:14:37,980] {processor.py:651} INFO - DAG(s) dict_keys(['example_task_group']) retrieved from /home/lucas/Área de Trabalho/apresentação/venv/lib/python3.10/site-packages/airflow/example_dags/example_task_group.py
[2023-07-08 01:14:38,017] {logging_mixin.py:115} INFO - [2023-07-08 01:14:38,017] {dag.py:2379} INFO - Sync 1 DAGs
[2023-07-08 01:14:38,059] {logging_mixin.py:115} INFO - [2023-07-08 01:14:38,058] {dag.py:2927} INFO - Setting next_dagrun for example_task_group to 2023-07-07T04:14:38.058372+00:00, run_after=2023-07-08T04:14:38.058372+00:00
[2023-07-08 01:14:38,084] {processor.py:161} INFO - Processing /home/lucas/Área de Trabalho/apresentação/venv/lib/python3.10/site-packages/airflow/example_dags/example_task_group.py took 0.133 seconds
[2023-07-08 01:15:16,047] {processor.py:153} INFO - Started process (PID=40467) to work on /home/lucas/Área de Trabalho/apresentação/venv/lib/python3.10/site-packages/airflow/example_dags/example_task_group.py
[2023-07-08 01:15:16,051] {processor.py:641} INFO - Processing file /home/lucas/Área de Trabalho/apresentação/venv/lib/python3.10/site-packages/airflow/example_dags/example_task_group.py for tasks to queue
[2023-07-08 01:15:16,052] {logging_mixin.py:115} INFO - [2023-07-08 01:15:16,052] {dagbag.py:507} INFO - Filling up the DagBag from /home/lucas/Área de Trabalho/apresentação/venv/lib/python3.10/site-packages/airflow/example_dags/example_task_group.py
[2023-07-08 01:15:16,070] {processor.py:651} INFO - DAG(s) dict_keys(['example_task_group']) retrieved from /home/lucas/Área de Trabalho/apresentação/venv/lib/python3.10/site-packages/airflow/example_dags/example_task_group.py
[2023-07-08 01:15:16,109] {logging_mixin.py:115} INFO - [2023-07-08 01:15:16,108] {dag.py:2379} INFO - Sync 1 DAGs
[2023-07-08 01:15:16,153] {logging_mixin.py:115} INFO - [2023-07-08 01:15:16,153] {dag.py:2927} INFO - Setting next_dagrun for example_task_group to 2023-07-07T04:15:16.152742+00:00, run_after=2023-07-08T04:15:16.152742+00:00
[2023-07-08 01:15:16,184] {processor.py:161} INFO - Processing /home/lucas/Área de Trabalho/apresentação/venv/lib/python3.10/site-packages/airflow/example_dags/example_task_group.py took 0.144 seconds
[2023-07-08 01:16:25,484] {processor.py:153} INFO - Started process (PID=40958) to work on /home/lucas/Área de Trabalho/apresentação/venv/lib/python3.10/site-packages/airflow/example_dags/example_task_group.py
[2023-07-08 01:16:25,489] {processor.py:641} INFO - Processing file /home/lucas/Área de Trabalho/apresentação/venv/lib/python3.10/site-packages/airflow/example_dags/example_task_group.py for tasks to queue
[2023-07-08 01:16:25,491] {logging_mixin.py:115} INFO - [2023-07-08 01:16:25,491] {dagbag.py:507} INFO - Filling up the DagBag from /home/lucas/Área de Trabalho/apresentação/venv/lib/python3.10/site-packages/airflow/example_dags/example_task_group.py
[2023-07-08 01:16:25,509] {processor.py:651} INFO - DAG(s) dict_keys(['example_task_group']) retrieved from /home/lucas/Área de Trabalho/apresentação/venv/lib/python3.10/site-packages/airflow/example_dags/example_task_group.py
[2023-07-08 01:16:25,547] {logging_mixin.py:115} INFO - [2023-07-08 01:16:25,547] {dag.py:2379} INFO - Sync 1 DAGs
[2023-07-08 01:16:25,598] {logging_mixin.py:115} INFO - [2023-07-08 01:16:25,598] {dag.py:2927} INFO - Setting next_dagrun for example_task_group to 2023-07-07T04:16:25.597894+00:00, run_after=2023-07-08T04:16:25.597894+00:00
[2023-07-08 01:16:25,638] {processor.py:161} INFO - Processing /home/lucas/Área de Trabalho/apresentação/venv/lib/python3.10/site-packages/airflow/example_dags/example_task_group.py took 0.161 seconds
[2023-07-08 01:17:56,537] {processor.py:153} INFO - Started process (PID=41344) to work on /home/lucas/Área de Trabalho/apresentação/venv/lib/python3.10/site-packages/airflow/example_dags/example_task_group.py
[2023-07-08 01:17:56,541] {processor.py:641} INFO - Processing file /home/lucas/Área de Trabalho/apresentação/venv/lib/python3.10/site-packages/airflow/example_dags/example_task_group.py for tasks to queue
[2023-07-08 01:17:56,542] {logging_mixin.py:115} INFO - [2023-07-08 01:17:56,542] {dagbag.py:507} INFO - Filling up the DagBag from /home/lucas/Área de Trabalho/apresentação/venv/lib/python3.10/site-packages/airflow/example_dags/example_task_group.py
[2023-07-08 01:17:56,558] {processor.py:651} INFO - DAG(s) dict_keys(['example_task_group']) retrieved from /home/lucas/Área de Trabalho/apresentação/venv/lib/python3.10/site-packages/airflow/example_dags/example_task_group.py
[2023-07-08 01:17:56,590] {logging_mixin.py:115} INFO - [2023-07-08 01:17:56,590] {dag.py:2379} INFO - Sync 1 DAGs
[2023-07-08 01:17:56,625] {logging_mixin.py:115} INFO - [2023-07-08 01:17:56,625] {dag.py:2927} INFO - Setting next_dagrun for example_task_group to 2023-07-07T04:17:56.625140+00:00, run_after=2023-07-08T04:17:56.625140+00:00
[2023-07-08 01:17:56,648] {processor.py:161} INFO - Processing /home/lucas/Área de Trabalho/apresentação/venv/lib/python3.10/site-packages/airflow/example_dags/example_task_group.py took 0.117 seconds
[2023-07-08 01:18:35,011] {processor.py:153} INFO - Started process (PID=41448) to work on /home/lucas/Área de Trabalho/apresentação/venv/lib/python3.10/site-packages/airflow/example_dags/example_task_group.py
[2023-07-08 01:18:35,014] {processor.py:641} INFO - Processing file /home/lucas/Área de Trabalho/apresentação/venv/lib/python3.10/site-packages/airflow/example_dags/example_task_group.py for tasks to queue
[2023-07-08 01:18:35,016] {logging_mixin.py:115} INFO - [2023-07-08 01:18:35,015] {dagbag.py:507} INFO - Filling up the DagBag from /home/lucas/Área de Trabalho/apresentação/venv/lib/python3.10/site-packages/airflow/example_dags/example_task_group.py
[2023-07-08 01:18:35,032] {processor.py:651} INFO - DAG(s) dict_keys(['example_task_group']) retrieved from /home/lucas/Área de Trabalho/apresentação/venv/lib/python3.10/site-packages/airflow/example_dags/example_task_group.py
[2023-07-08 01:18:35,065] {logging_mixin.py:115} INFO - [2023-07-08 01:18:35,065] {dag.py:2379} INFO - Sync 1 DAGs
[2023-07-08 01:18:35,102] {logging_mixin.py:115} INFO - [2023-07-08 01:18:35,102] {dag.py:2927} INFO - Setting next_dagrun for example_task_group to 2023-07-07T04:18:35.101712+00:00, run_after=2023-07-08T04:18:35.101712+00:00
[2023-07-08 01:18:35,129] {processor.py:161} INFO - Processing /home/lucas/Área de Trabalho/apresentação/venv/lib/python3.10/site-packages/airflow/example_dags/example_task_group.py took 0.124 seconds
[2023-07-08 01:19:13,950] {processor.py:153} INFO - Started process (PID=41542) to work on /home/lucas/Área de Trabalho/apresentação/venv/lib/python3.10/site-packages/airflow/example_dags/example_task_group.py
[2023-07-08 01:19:13,954] {processor.py:641} INFO - Processing file /home/lucas/Área de Trabalho/apresentação/venv/lib/python3.10/site-packages/airflow/example_dags/example_task_group.py for tasks to queue
[2023-07-08 01:19:13,955] {logging_mixin.py:115} INFO - [2023-07-08 01:19:13,955] {dagbag.py:507} INFO - Filling up the DagBag from /home/lucas/Área de Trabalho/apresentação/venv/lib/python3.10/site-packages/airflow/example_dags/example_task_group.py
[2023-07-08 01:19:13,972] {processor.py:651} INFO - DAG(s) dict_keys(['example_task_group']) retrieved from /home/lucas/Área de Trabalho/apresentação/venv/lib/python3.10/site-packages/airflow/example_dags/example_task_group.py
[2023-07-08 01:19:14,018] {logging_mixin.py:115} INFO - [2023-07-08 01:19:14,017] {dag.py:2379} INFO - Sync 1 DAGs
[2023-07-08 01:19:14,065] {logging_mixin.py:115} INFO - [2023-07-08 01:19:14,064] {dag.py:2927} INFO - Setting next_dagrun for example_task_group to 2023-07-07T04:19:14.064296+00:00, run_after=2023-07-08T04:19:14.064296+00:00
[2023-07-08 01:19:14,096] {processor.py:161} INFO - Processing /home/lucas/Área de Trabalho/apresentação/venv/lib/python3.10/site-packages/airflow/example_dags/example_task_group.py took 0.154 seconds
[2023-07-08 01:19:49,444] {processor.py:153} INFO - Started process (PID=41601) to work on /home/lucas/Área de Trabalho/apresentação/venv/lib/python3.10/site-packages/airflow/example_dags/example_task_group.py
[2023-07-08 01:19:49,448] {processor.py:641} INFO - Processing file /home/lucas/Área de Trabalho/apresentação/venv/lib/python3.10/site-packages/airflow/example_dags/example_task_group.py for tasks to queue
[2023-07-08 01:19:49,449] {logging_mixin.py:115} INFO - [2023-07-08 01:19:49,449] {dagbag.py:507} INFO - Filling up the DagBag from /home/lucas/Área de Trabalho/apresentação/venv/lib/python3.10/site-packages/airflow/example_dags/example_task_group.py
[2023-07-08 01:19:49,465] {processor.py:651} INFO - DAG(s) dict_keys(['example_task_group']) retrieved from /home/lucas/Área de Trabalho/apresentação/venv/lib/python3.10/site-packages/airflow/example_dags/example_task_group.py
[2023-07-08 01:19:49,501] {logging_mixin.py:115} INFO - [2023-07-08 01:19:49,501] {dag.py:2379} INFO - Sync 1 DAGs
[2023-07-08 01:19:49,543] {logging_mixin.py:115} INFO - [2023-07-08 01:19:49,542] {dag.py:2927} INFO - Setting next_dagrun for example_task_group to 2023-07-07T04:19:49.542250+00:00, run_after=2023-07-08T04:19:49.542250+00:00
[2023-07-08 01:19:49,571] {processor.py:161} INFO - Processing /home/lucas/Área de Trabalho/apresentação/venv/lib/python3.10/site-packages/airflow/example_dags/example_task_group.py took 0.133 seconds
[2023-07-08 01:20:24,224] {processor.py:153} INFO - Started process (PID=41694) to work on /home/lucas/Área de Trabalho/apresentação/venv/lib/python3.10/site-packages/airflow/example_dags/example_task_group.py
[2023-07-08 01:20:24,227] {processor.py:641} INFO - Processing file /home/lucas/Área de Trabalho/apresentação/venv/lib/python3.10/site-packages/airflow/example_dags/example_task_group.py for tasks to queue
[2023-07-08 01:20:24,228] {logging_mixin.py:115} INFO - [2023-07-08 01:20:24,228] {dagbag.py:507} INFO - Filling up the DagBag from /home/lucas/Área de Trabalho/apresentação/venv/lib/python3.10/site-packages/airflow/example_dags/example_task_group.py
[2023-07-08 01:20:24,234] {processor.py:651} INFO - DAG(s) dict_keys(['example_task_group']) retrieved from /home/lucas/Área de Trabalho/apresentação/venv/lib/python3.10/site-packages/airflow/example_dags/example_task_group.py
[2023-07-08 01:20:24,249] {logging_mixin.py:115} INFO - [2023-07-08 01:20:24,249] {dag.py:2379} INFO - Sync 1 DAGs
[2023-07-08 01:20:24,267] {logging_mixin.py:115} INFO - [2023-07-08 01:20:24,267] {dag.py:2927} INFO - Setting next_dagrun for example_task_group to 2023-07-07T04:20:24.267021+00:00, run_after=2023-07-08T04:20:24.267021+00:00
[2023-07-08 01:20:24,280] {processor.py:161} INFO - Processing /home/lucas/Área de Trabalho/apresentação/venv/lib/python3.10/site-packages/airflow/example_dags/example_task_group.py took 0.059 seconds
[2023-07-08 10:16:22,545] {processor.py:153} INFO - Started process (PID=4650) to work on /home/lucas/Área de Trabalho/apresentação/venv/lib/python3.10/site-packages/airflow/example_dags/example_task_group.py
[2023-07-08 10:16:22,550] {processor.py:641} INFO - Processing file /home/lucas/Área de Trabalho/apresentação/venv/lib/python3.10/site-packages/airflow/example_dags/example_task_group.py for tasks to queue
[2023-07-08 10:16:22,551] {logging_mixin.py:115} INFO - [2023-07-08 10:16:22,551] {dagbag.py:507} INFO - Filling up the DagBag from /home/lucas/Área de Trabalho/apresentação/venv/lib/python3.10/site-packages/airflow/example_dags/example_task_group.py
[2023-07-08 10:16:22,566] {processor.py:651} INFO - DAG(s) dict_keys(['example_task_group']) retrieved from /home/lucas/Área de Trabalho/apresentação/venv/lib/python3.10/site-packages/airflow/example_dags/example_task_group.py
[2023-07-08 10:16:22,600] {logging_mixin.py:115} INFO - [2023-07-08 10:16:22,600] {dag.py:2379} INFO - Sync 1 DAGs
[2023-07-08 10:16:22,640] {logging_mixin.py:115} INFO - [2023-07-08 10:16:22,640] {dag.py:2927} INFO - Setting next_dagrun for example_task_group to 2023-07-07T13:16:22.639723+00:00, run_after=2023-07-08T13:16:22.639723+00:00
[2023-07-08 10:16:22,667] {processor.py:161} INFO - Processing /home/lucas/Área de Trabalho/apresentação/venv/lib/python3.10/site-packages/airflow/example_dags/example_task_group.py took 0.126 seconds
[2023-07-08 10:17:00,300] {processor.py:153} INFO - Started process (PID=5119) to work on /home/lucas/Área de Trabalho/apresentação/venv/lib/python3.10/site-packages/airflow/example_dags/example_task_group.py
[2023-07-08 10:17:00,304] {processor.py:641} INFO - Processing file /home/lucas/Área de Trabalho/apresentação/venv/lib/python3.10/site-packages/airflow/example_dags/example_task_group.py for tasks to queue
[2023-07-08 10:17:00,305] {logging_mixin.py:115} INFO - [2023-07-08 10:17:00,305] {dagbag.py:507} INFO - Filling up the DagBag from /home/lucas/Área de Trabalho/apresentação/venv/lib/python3.10/site-packages/airflow/example_dags/example_task_group.py
[2023-07-08 10:17:00,321] {processor.py:651} INFO - DAG(s) dict_keys(['example_task_group']) retrieved from /home/lucas/Área de Trabalho/apresentação/venv/lib/python3.10/site-packages/airflow/example_dags/example_task_group.py
[2023-07-08 10:17:00,357] {logging_mixin.py:115} INFO - [2023-07-08 10:17:00,357] {dag.py:2379} INFO - Sync 1 DAGs
[2023-07-08 10:17:00,394] {logging_mixin.py:115} INFO - [2023-07-08 10:17:00,394] {dag.py:2927} INFO - Setting next_dagrun for example_task_group to 2023-07-07T13:17:00.393964+00:00, run_after=2023-07-08T13:17:00.393964+00:00
[2023-07-08 10:17:00,419] {processor.py:161} INFO - Processing /home/lucas/Área de Trabalho/apresentação/venv/lib/python3.10/site-packages/airflow/example_dags/example_task_group.py took 0.126 seconds
[2023-07-08 10:17:36,377] {processor.py:153} INFO - Started process (PID=5518) to work on /home/lucas/Área de Trabalho/apresentação/venv/lib/python3.10/site-packages/airflow/example_dags/example_task_group.py
[2023-07-08 10:17:36,380] {processor.py:641} INFO - Processing file /home/lucas/Área de Trabalho/apresentação/venv/lib/python3.10/site-packages/airflow/example_dags/example_task_group.py for tasks to queue
[2023-07-08 10:17:36,381] {logging_mixin.py:115} INFO - [2023-07-08 10:17:36,381] {dagbag.py:507} INFO - Filling up the DagBag from /home/lucas/Área de Trabalho/apresentação/venv/lib/python3.10/site-packages/airflow/example_dags/example_task_group.py
[2023-07-08 10:17:36,396] {processor.py:651} INFO - DAG(s) dict_keys(['example_task_group']) retrieved from /home/lucas/Área de Trabalho/apresentação/venv/lib/python3.10/site-packages/airflow/example_dags/example_task_group.py
[2023-07-08 10:17:36,430] {logging_mixin.py:115} INFO - [2023-07-08 10:17:36,430] {dag.py:2379} INFO - Sync 1 DAGs
[2023-07-08 10:17:36,470] {logging_mixin.py:115} INFO - [2023-07-08 10:17:36,470] {dag.py:2927} INFO - Setting next_dagrun for example_task_group to 2023-07-07T13:17:36.470234+00:00, run_after=2023-07-08T13:17:36.470234+00:00
[2023-07-08 10:17:36,497] {processor.py:161} INFO - Processing /home/lucas/Área de Trabalho/apresentação/venv/lib/python3.10/site-packages/airflow/example_dags/example_task_group.py took 0.126 seconds
[2023-07-08 10:18:13,064] {processor.py:153} INFO - Started process (PID=5589) to work on /home/lucas/Área de Trabalho/apresentação/venv/lib/python3.10/site-packages/airflow/example_dags/example_task_group.py
[2023-07-08 10:18:13,068] {processor.py:641} INFO - Processing file /home/lucas/Área de Trabalho/apresentação/venv/lib/python3.10/site-packages/airflow/example_dags/example_task_group.py for tasks to queue
[2023-07-08 10:18:13,069] {logging_mixin.py:115} INFO - [2023-07-08 10:18:13,069] {dagbag.py:507} INFO - Filling up the DagBag from /home/lucas/Área de Trabalho/apresentação/venv/lib/python3.10/site-packages/airflow/example_dags/example_task_group.py
[2023-07-08 10:18:13,084] {processor.py:651} INFO - DAG(s) dict_keys(['example_task_group']) retrieved from /home/lucas/Área de Trabalho/apresentação/venv/lib/python3.10/site-packages/airflow/example_dags/example_task_group.py
[2023-07-08 10:18:13,119] {logging_mixin.py:115} INFO - [2023-07-08 10:18:13,118] {dag.py:2379} INFO - Sync 1 DAGs
[2023-07-08 10:18:13,159] {logging_mixin.py:115} INFO - [2023-07-08 10:18:13,158] {dag.py:2927} INFO - Setting next_dagrun for example_task_group to 2023-07-07T13:18:13.158336+00:00, run_after=2023-07-08T13:18:13.158336+00:00
[2023-07-08 10:18:13,184] {processor.py:161} INFO - Processing /home/lucas/Área de Trabalho/apresentação/venv/lib/python3.10/site-packages/airflow/example_dags/example_task_group.py took 0.127 seconds
[2023-07-08 10:18:51,606] {processor.py:153} INFO - Started process (PID=5663) to work on /home/lucas/Área de Trabalho/apresentação/venv/lib/python3.10/site-packages/airflow/example_dags/example_task_group.py
[2023-07-08 10:18:51,609] {processor.py:641} INFO - Processing file /home/lucas/Área de Trabalho/apresentação/venv/lib/python3.10/site-packages/airflow/example_dags/example_task_group.py for tasks to queue
[2023-07-08 10:18:51,611] {logging_mixin.py:115} INFO - [2023-07-08 10:18:51,610] {dagbag.py:507} INFO - Filling up the DagBag from /home/lucas/Área de Trabalho/apresentação/venv/lib/python3.10/site-packages/airflow/example_dags/example_task_group.py
[2023-07-08 10:18:51,625] {processor.py:651} INFO - DAG(s) dict_keys(['example_task_group']) retrieved from /home/lucas/Área de Trabalho/apresentação/venv/lib/python3.10/site-packages/airflow/example_dags/example_task_group.py
[2023-07-08 10:18:51,672] {logging_mixin.py:115} INFO - [2023-07-08 10:18:51,672] {dag.py:2379} INFO - Sync 1 DAGs
[2023-07-08 10:18:51,713] {logging_mixin.py:115} INFO - [2023-07-08 10:18:51,713] {dag.py:2927} INFO - Setting next_dagrun for example_task_group to 2023-07-07T13:18:51.713005+00:00, run_after=2023-07-08T13:18:51.713005+00:00
[2023-07-08 10:18:51,740] {processor.py:161} INFO - Processing /home/lucas/Área de Trabalho/apresentação/venv/lib/python3.10/site-packages/airflow/example_dags/example_task_group.py took 0.140 seconds
[2023-07-08 10:19:28,131] {processor.py:153} INFO - Started process (PID=5728) to work on /home/lucas/Área de Trabalho/apresentação/venv/lib/python3.10/site-packages/airflow/example_dags/example_task_group.py
[2023-07-08 10:19:28,135] {processor.py:641} INFO - Processing file /home/lucas/Área de Trabalho/apresentação/venv/lib/python3.10/site-packages/airflow/example_dags/example_task_group.py for tasks to queue
[2023-07-08 10:19:28,136] {logging_mixin.py:115} INFO - [2023-07-08 10:19:28,136] {dagbag.py:507} INFO - Filling up the DagBag from /home/lucas/Área de Trabalho/apresentação/venv/lib/python3.10/site-packages/airflow/example_dags/example_task_group.py
[2023-07-08 10:19:28,151] {processor.py:651} INFO - DAG(s) dict_keys(['example_task_group']) retrieved from /home/lucas/Área de Trabalho/apresentação/venv/lib/python3.10/site-packages/airflow/example_dags/example_task_group.py
[2023-07-08 10:19:28,189] {logging_mixin.py:115} INFO - [2023-07-08 10:19:28,189] {dag.py:2379} INFO - Sync 1 DAGs
[2023-07-08 10:19:28,230] {logging_mixin.py:115} INFO - [2023-07-08 10:19:28,230] {dag.py:2927} INFO - Setting next_dagrun for example_task_group to 2023-07-07T13:19:28.229976+00:00, run_after=2023-07-08T13:19:28.229976+00:00
[2023-07-08 10:19:28,260] {processor.py:161} INFO - Processing /home/lucas/Área de Trabalho/apresentação/venv/lib/python3.10/site-packages/airflow/example_dags/example_task_group.py took 0.135 seconds
[2023-07-08 10:20:06,958] {processor.py:153} INFO - Started process (PID=5795) to work on /home/lucas/Área de Trabalho/apresentação/venv/lib/python3.10/site-packages/airflow/example_dags/example_task_group.py
[2023-07-08 10:20:06,962] {processor.py:641} INFO - Processing file /home/lucas/Área de Trabalho/apresentação/venv/lib/python3.10/site-packages/airflow/example_dags/example_task_group.py for tasks to queue
[2023-07-08 10:20:06,963] {logging_mixin.py:115} INFO - [2023-07-08 10:20:06,963] {dagbag.py:507} INFO - Filling up the DagBag from /home/lucas/Área de Trabalho/apresentação/venv/lib/python3.10/site-packages/airflow/example_dags/example_task_group.py
[2023-07-08 10:20:06,978] {processor.py:651} INFO - DAG(s) dict_keys(['example_task_group']) retrieved from /home/lucas/Área de Trabalho/apresentação/venv/lib/python3.10/site-packages/airflow/example_dags/example_task_group.py
[2023-07-08 10:20:07,013] {logging_mixin.py:115} INFO - [2023-07-08 10:20:07,013] {dag.py:2379} INFO - Sync 1 DAGs
[2023-07-08 10:20:07,053] {logging_mixin.py:115} INFO - [2023-07-08 10:20:07,053] {dag.py:2927} INFO - Setting next_dagrun for example_task_group to 2023-07-07T13:20:07.052712+00:00, run_after=2023-07-08T13:20:07.052712+00:00
[2023-07-08 10:20:07,079] {processor.py:161} INFO - Processing /home/lucas/Área de Trabalho/apresentação/venv/lib/python3.10/site-packages/airflow/example_dags/example_task_group.py took 0.126 seconds
[2023-07-08 10:20:46,302] {processor.py:153} INFO - Started process (PID=5871) to work on /home/lucas/Área de Trabalho/apresentação/venv/lib/python3.10/site-packages/airflow/example_dags/example_task_group.py
[2023-07-08 10:20:46,306] {processor.py:641} INFO - Processing file /home/lucas/Área de Trabalho/apresentação/venv/lib/python3.10/site-packages/airflow/example_dags/example_task_group.py for tasks to queue
[2023-07-08 10:20:46,307] {logging_mixin.py:115} INFO - [2023-07-08 10:20:46,307] {dagbag.py:507} INFO - Filling up the DagBag from /home/lucas/Área de Trabalho/apresentação/venv/lib/python3.10/site-packages/airflow/example_dags/example_task_group.py
[2023-07-08 10:20:46,322] {processor.py:651} INFO - DAG(s) dict_keys(['example_task_group']) retrieved from /home/lucas/Área de Trabalho/apresentação/venv/lib/python3.10/site-packages/airflow/example_dags/example_task_group.py
[2023-07-08 10:20:46,357] {logging_mixin.py:115} INFO - [2023-07-08 10:20:46,356] {dag.py:2379} INFO - Sync 1 DAGs
[2023-07-08 10:20:46,396] {logging_mixin.py:115} INFO - [2023-07-08 10:20:46,396] {dag.py:2927} INFO - Setting next_dagrun for example_task_group to 2023-07-07T13:20:46.395596+00:00, run_after=2023-07-08T13:20:46.395596+00:00
[2023-07-08 10:20:46,421] {processor.py:161} INFO - Processing /home/lucas/Área de Trabalho/apresentação/venv/lib/python3.10/site-packages/airflow/example_dags/example_task_group.py took 0.125 seconds
[2023-07-08 10:21:25,180] {processor.py:153} INFO - Started process (PID=5981) to work on /home/lucas/Área de Trabalho/apresentação/venv/lib/python3.10/site-packages/airflow/example_dags/example_task_group.py
[2023-07-08 10:21:25,184] {processor.py:641} INFO - Processing file /home/lucas/Área de Trabalho/apresentação/venv/lib/python3.10/site-packages/airflow/example_dags/example_task_group.py for tasks to queue
[2023-07-08 10:21:25,185] {logging_mixin.py:115} INFO - [2023-07-08 10:21:25,185] {dagbag.py:507} INFO - Filling up the DagBag from /home/lucas/Área de Trabalho/apresentação/venv/lib/python3.10/site-packages/airflow/example_dags/example_task_group.py
[2023-07-08 10:21:25,201] {processor.py:651} INFO - DAG(s) dict_keys(['example_task_group']) retrieved from /home/lucas/Área de Trabalho/apresentação/venv/lib/python3.10/site-packages/airflow/example_dags/example_task_group.py
[2023-07-08 10:21:25,235] {logging_mixin.py:115} INFO - [2023-07-08 10:21:25,235] {dag.py:2379} INFO - Sync 1 DAGs
[2023-07-08 10:21:25,274] {logging_mixin.py:115} INFO - [2023-07-08 10:21:25,274] {dag.py:2927} INFO - Setting next_dagrun for example_task_group to 2023-07-07T13:21:25.273852+00:00, run_after=2023-07-08T13:21:25.273852+00:00
[2023-07-08 10:21:25,301] {processor.py:161} INFO - Processing /home/lucas/Área de Trabalho/apresentação/venv/lib/python3.10/site-packages/airflow/example_dags/example_task_group.py took 0.126 seconds
[2023-07-08 10:22:05,331] {processor.py:153} INFO - Started process (PID=6056) to work on /home/lucas/Área de Trabalho/apresentação/venv/lib/python3.10/site-packages/airflow/example_dags/example_task_group.py
[2023-07-08 10:22:05,335] {processor.py:641} INFO - Processing file /home/lucas/Área de Trabalho/apresentação/venv/lib/python3.10/site-packages/airflow/example_dags/example_task_group.py for tasks to queue
[2023-07-08 10:22:05,337] {logging_mixin.py:115} INFO - [2023-07-08 10:22:05,336] {dagbag.py:507} INFO - Filling up the DagBag from /home/lucas/Área de Trabalho/apresentação/venv/lib/python3.10/site-packages/airflow/example_dags/example_task_group.py
[2023-07-08 10:22:05,352] {processor.py:651} INFO - DAG(s) dict_keys(['example_task_group']) retrieved from /home/lucas/Área de Trabalho/apresentação/venv/lib/python3.10/site-packages/airflow/example_dags/example_task_group.py
[2023-07-08 10:22:05,387] {logging_mixin.py:115} INFO - [2023-07-08 10:22:05,387] {dag.py:2379} INFO - Sync 1 DAGs
[2023-07-08 10:22:05,426] {logging_mixin.py:115} INFO - [2023-07-08 10:22:05,426] {dag.py:2927} INFO - Setting next_dagrun for example_task_group to 2023-07-07T13:22:05.425841+00:00, run_after=2023-07-08T13:22:05.425841+00:00
[2023-07-08 10:22:05,453] {processor.py:161} INFO - Processing /home/lucas/Área de Trabalho/apresentação/venv/lib/python3.10/site-packages/airflow/example_dags/example_task_group.py took 0.127 seconds
[2023-07-08 10:22:44,299] {processor.py:153} INFO - Started process (PID=6144) to work on /home/lucas/Área de Trabalho/apresentação/venv/lib/python3.10/site-packages/airflow/example_dags/example_task_group.py
[2023-07-08 10:22:44,303] {processor.py:641} INFO - Processing file /home/lucas/Área de Trabalho/apresentação/venv/lib/python3.10/site-packages/airflow/example_dags/example_task_group.py for tasks to queue
[2023-07-08 10:22:44,304] {logging_mixin.py:115} INFO - [2023-07-08 10:22:44,304] {dagbag.py:507} INFO - Filling up the DagBag from /home/lucas/Área de Trabalho/apresentação/venv/lib/python3.10/site-packages/airflow/example_dags/example_task_group.py
[2023-07-08 10:22:44,320] {processor.py:651} INFO - DAG(s) dict_keys(['example_task_group']) retrieved from /home/lucas/Área de Trabalho/apresentação/venv/lib/python3.10/site-packages/airflow/example_dags/example_task_group.py
[2023-07-08 10:22:44,355] {logging_mixin.py:115} INFO - [2023-07-08 10:22:44,355] {dag.py:2379} INFO - Sync 1 DAGs
[2023-07-08 10:22:44,395] {logging_mixin.py:115} INFO - [2023-07-08 10:22:44,395] {dag.py:2927} INFO - Setting next_dagrun for example_task_group to 2023-07-07T13:22:44.394998+00:00, run_after=2023-07-08T13:22:44.394998+00:00
[2023-07-08 10:22:44,421] {processor.py:161} INFO - Processing /home/lucas/Área de Trabalho/apresentação/venv/lib/python3.10/site-packages/airflow/example_dags/example_task_group.py took 0.127 seconds
[2023-07-08 10:23:22,473] {processor.py:153} INFO - Started process (PID=6218) to work on /home/lucas/Área de Trabalho/apresentação/venv/lib/python3.10/site-packages/airflow/example_dags/example_task_group.py
[2023-07-08 10:23:22,476] {processor.py:641} INFO - Processing file /home/lucas/Área de Trabalho/apresentação/venv/lib/python3.10/site-packages/airflow/example_dags/example_task_group.py for tasks to queue
[2023-07-08 10:23:22,478] {logging_mixin.py:115} INFO - [2023-07-08 10:23:22,477] {dagbag.py:507} INFO - Filling up the DagBag from /home/lucas/Área de Trabalho/apresentação/venv/lib/python3.10/site-packages/airflow/example_dags/example_task_group.py
[2023-07-08 10:23:22,493] {processor.py:651} INFO - DAG(s) dict_keys(['example_task_group']) retrieved from /home/lucas/Área de Trabalho/apresentação/venv/lib/python3.10/site-packages/airflow/example_dags/example_task_group.py
[2023-07-08 10:23:22,538] {logging_mixin.py:115} INFO - [2023-07-08 10:23:22,538] {dag.py:2379} INFO - Sync 1 DAGs
[2023-07-08 10:23:22,580] {logging_mixin.py:115} INFO - [2023-07-08 10:23:22,580] {dag.py:2927} INFO - Setting next_dagrun for example_task_group to 2023-07-07T13:23:22.579938+00:00, run_after=2023-07-08T13:23:22.579938+00:00
[2023-07-08 10:23:22,605] {processor.py:161} INFO - Processing /home/lucas/Área de Trabalho/apresentação/venv/lib/python3.10/site-packages/airflow/example_dags/example_task_group.py took 0.138 seconds
[2023-07-08 10:24:00,058] {processor.py:153} INFO - Started process (PID=6282) to work on /home/lucas/Área de Trabalho/apresentação/venv/lib/python3.10/site-packages/airflow/example_dags/example_task_group.py
[2023-07-08 10:24:00,062] {processor.py:641} INFO - Processing file /home/lucas/Área de Trabalho/apresentação/venv/lib/python3.10/site-packages/airflow/example_dags/example_task_group.py for tasks to queue
[2023-07-08 10:24:00,063] {logging_mixin.py:115} INFO - [2023-07-08 10:24:00,063] {dagbag.py:507} INFO - Filling up the DagBag from /home/lucas/Área de Trabalho/apresentação/venv/lib/python3.10/site-packages/airflow/example_dags/example_task_group.py
[2023-07-08 10:24:00,078] {processor.py:651} INFO - DAG(s) dict_keys(['example_task_group']) retrieved from /home/lucas/Área de Trabalho/apresentação/venv/lib/python3.10/site-packages/airflow/example_dags/example_task_group.py
[2023-07-08 10:24:00,113] {logging_mixin.py:115} INFO - [2023-07-08 10:24:00,112] {dag.py:2379} INFO - Sync 1 DAGs
[2023-07-08 10:24:00,152] {logging_mixin.py:115} INFO - [2023-07-08 10:24:00,151] {dag.py:2927} INFO - Setting next_dagrun for example_task_group to 2023-07-07T13:24:00.151360+00:00, run_after=2023-07-08T13:24:00.151360+00:00
[2023-07-08 10:24:00,178] {processor.py:161} INFO - Processing /home/lucas/Área de Trabalho/apresentação/venv/lib/python3.10/site-packages/airflow/example_dags/example_task_group.py took 0.125 seconds
[2023-07-08 10:24:38,240] {processor.py:153} INFO - Started process (PID=6360) to work on /home/lucas/Área de Trabalho/apresentação/venv/lib/python3.10/site-packages/airflow/example_dags/example_task_group.py
[2023-07-08 10:24:38,244] {processor.py:641} INFO - Processing file /home/lucas/Área de Trabalho/apresentação/venv/lib/python3.10/site-packages/airflow/example_dags/example_task_group.py for tasks to queue
[2023-07-08 10:24:38,245] {logging_mixin.py:115} INFO - [2023-07-08 10:24:38,245] {dagbag.py:507} INFO - Filling up the DagBag from /home/lucas/Área de Trabalho/apresentação/venv/lib/python3.10/site-packages/airflow/example_dags/example_task_group.py
[2023-07-08 10:24:38,260] {processor.py:651} INFO - DAG(s) dict_keys(['example_task_group']) retrieved from /home/lucas/Área de Trabalho/apresentação/venv/lib/python3.10/site-packages/airflow/example_dags/example_task_group.py
[2023-07-08 10:24:38,294] {logging_mixin.py:115} INFO - [2023-07-08 10:24:38,294] {dag.py:2379} INFO - Sync 1 DAGs
[2023-07-08 10:24:38,334] {logging_mixin.py:115} INFO - [2023-07-08 10:24:38,334] {dag.py:2927} INFO - Setting next_dagrun for example_task_group to 2023-07-07T13:24:38.334090+00:00, run_after=2023-07-08T13:24:38.334090+00:00
[2023-07-08 10:24:38,360] {processor.py:161} INFO - Processing /home/lucas/Área de Trabalho/apresentação/venv/lib/python3.10/site-packages/airflow/example_dags/example_task_group.py took 0.125 seconds
[2023-07-08 10:25:13,474] {processor.py:153} INFO - Started process (PID=6415) to work on /home/lucas/Área de Trabalho/apresentação/venv/lib/python3.10/site-packages/airflow/example_dags/example_task_group.py
[2023-07-08 10:25:13,478] {processor.py:641} INFO - Processing file /home/lucas/Área de Trabalho/apresentação/venv/lib/python3.10/site-packages/airflow/example_dags/example_task_group.py for tasks to queue
[2023-07-08 10:25:13,479] {logging_mixin.py:115} INFO - [2023-07-08 10:25:13,479] {dagbag.py:507} INFO - Filling up the DagBag from /home/lucas/Área de Trabalho/apresentação/venv/lib/python3.10/site-packages/airflow/example_dags/example_task_group.py
[2023-07-08 10:25:13,494] {processor.py:651} INFO - DAG(s) dict_keys(['example_task_group']) retrieved from /home/lucas/Área de Trabalho/apresentação/venv/lib/python3.10/site-packages/airflow/example_dags/example_task_group.py
[2023-07-08 10:25:13,528] {logging_mixin.py:115} INFO - [2023-07-08 10:25:13,528] {dag.py:2379} INFO - Sync 1 DAGs
[2023-07-08 10:25:13,567] {logging_mixin.py:115} INFO - [2023-07-08 10:25:13,567] {dag.py:2927} INFO - Setting next_dagrun for example_task_group to 2023-07-07T13:25:13.567248+00:00, run_after=2023-07-08T13:25:13.567248+00:00
[2023-07-08 10:25:13,594] {processor.py:161} INFO - Processing /home/lucas/Área de Trabalho/apresentação/venv/lib/python3.10/site-packages/airflow/example_dags/example_task_group.py took 0.125 seconds
[2023-07-08 10:25:49,147] {processor.py:153} INFO - Started process (PID=6484) to work on /home/lucas/Área de Trabalho/apresentação/venv/lib/python3.10/site-packages/airflow/example_dags/example_task_group.py
[2023-07-08 10:25:49,148] {processor.py:641} INFO - Processing file /home/lucas/Área de Trabalho/apresentação/venv/lib/python3.10/site-packages/airflow/example_dags/example_task_group.py for tasks to queue
[2023-07-08 10:25:49,149] {logging_mixin.py:115} INFO - [2023-07-08 10:25:49,148] {dagbag.py:507} INFO - Filling up the DagBag from /home/lucas/Área de Trabalho/apresentação/venv/lib/python3.10/site-packages/airflow/example_dags/example_task_group.py
[2023-07-08 10:25:49,164] {processor.py:651} INFO - DAG(s) dict_keys(['example_task_group']) retrieved from /home/lucas/Área de Trabalho/apresentação/venv/lib/python3.10/site-packages/airflow/example_dags/example_task_group.py
[2023-07-08 10:25:49,198] {logging_mixin.py:115} INFO - [2023-07-08 10:25:49,198] {dag.py:2379} INFO - Sync 1 DAGs
[2023-07-08 10:25:49,238] {logging_mixin.py:115} INFO - [2023-07-08 10:25:49,237] {dag.py:2927} INFO - Setting next_dagrun for example_task_group to 2023-07-07T13:25:49.237306+00:00, run_after=2023-07-08T13:25:49.237306+00:00
[2023-07-08 10:25:49,262] {processor.py:161} INFO - Processing /home/lucas/Área de Trabalho/apresentação/venv/lib/python3.10/site-packages/airflow/example_dags/example_task_group.py took 0.121 seconds
[2023-07-08 10:26:27,012] {processor.py:153} INFO - Started process (PID=6604) to work on /home/lucas/Área de Trabalho/apresentação/venv/lib/python3.10/site-packages/airflow/example_dags/example_task_group.py
[2023-07-08 10:26:27,016] {processor.py:641} INFO - Processing file /home/lucas/Área de Trabalho/apresentação/venv/lib/python3.10/site-packages/airflow/example_dags/example_task_group.py for tasks to queue
[2023-07-08 10:26:27,017] {logging_mixin.py:115} INFO - [2023-07-08 10:26:27,017] {dagbag.py:507} INFO - Filling up the DagBag from /home/lucas/Área de Trabalho/apresentação/venv/lib/python3.10/site-packages/airflow/example_dags/example_task_group.py
[2023-07-08 10:26:27,033] {processor.py:651} INFO - DAG(s) dict_keys(['example_task_group']) retrieved from /home/lucas/Área de Trabalho/apresentação/venv/lib/python3.10/site-packages/airflow/example_dags/example_task_group.py
[2023-07-08 10:26:27,067] {logging_mixin.py:115} INFO - [2023-07-08 10:26:27,067] {dag.py:2379} INFO - Sync 1 DAGs
[2023-07-08 10:26:27,107] {logging_mixin.py:115} INFO - [2023-07-08 10:26:27,107] {dag.py:2927} INFO - Setting next_dagrun for example_task_group to 2023-07-07T13:26:27.107063+00:00, run_after=2023-07-08T13:26:27.107063+00:00
[2023-07-08 10:26:27,134] {processor.py:161} INFO - Processing /home/lucas/Área de Trabalho/apresentação/venv/lib/python3.10/site-packages/airflow/example_dags/example_task_group.py took 0.127 seconds
[2023-07-08 10:27:06,102] {processor.py:153} INFO - Started process (PID=6673) to work on /home/lucas/Área de Trabalho/apresentação/venv/lib/python3.10/site-packages/airflow/example_dags/example_task_group.py
[2023-07-08 10:27:06,106] {processor.py:641} INFO - Processing file /home/lucas/Área de Trabalho/apresentação/venv/lib/python3.10/site-packages/airflow/example_dags/example_task_group.py for tasks to queue
[2023-07-08 10:27:06,107] {logging_mixin.py:115} INFO - [2023-07-08 10:27:06,107] {dagbag.py:507} INFO - Filling up the DagBag from /home/lucas/Área de Trabalho/apresentação/venv/lib/python3.10/site-packages/airflow/example_dags/example_task_group.py
[2023-07-08 10:27:06,123] {processor.py:651} INFO - DAG(s) dict_keys(['example_task_group']) retrieved from /home/lucas/Área de Trabalho/apresentação/venv/lib/python3.10/site-packages/airflow/example_dags/example_task_group.py
[2023-07-08 10:27:06,157] {logging_mixin.py:115} INFO - [2023-07-08 10:27:06,156] {dag.py:2379} INFO - Sync 1 DAGs
[2023-07-08 10:27:06,196] {logging_mixin.py:115} INFO - [2023-07-08 10:27:06,195] {dag.py:2927} INFO - Setting next_dagrun for example_task_group to 2023-07-07T13:27:06.195293+00:00, run_after=2023-07-08T13:27:06.195293+00:00
[2023-07-08 10:27:06,222] {processor.py:161} INFO - Processing /home/lucas/Área de Trabalho/apresentação/venv/lib/python3.10/site-packages/airflow/example_dags/example_task_group.py took 0.125 seconds
[2023-07-08 10:27:42,355] {processor.py:153} INFO - Started process (PID=6763) to work on /home/lucas/Área de Trabalho/apresentação/venv/lib/python3.10/site-packages/airflow/example_dags/example_task_group.py
[2023-07-08 10:27:42,359] {processor.py:641} INFO - Processing file /home/lucas/Área de Trabalho/apresentação/venv/lib/python3.10/site-packages/airflow/example_dags/example_task_group.py for tasks to queue
[2023-07-08 10:27:42,360] {logging_mixin.py:115} INFO - [2023-07-08 10:27:42,360] {dagbag.py:507} INFO - Filling up the DagBag from /home/lucas/Área de Trabalho/apresentação/venv/lib/python3.10/site-packages/airflow/example_dags/example_task_group.py
[2023-07-08 10:27:42,375] {processor.py:651} INFO - DAG(s) dict_keys(['example_task_group']) retrieved from /home/lucas/Área de Trabalho/apresentação/venv/lib/python3.10/site-packages/airflow/example_dags/example_task_group.py
[2023-07-08 10:27:42,409] {logging_mixin.py:115} INFO - [2023-07-08 10:27:42,409] {dag.py:2379} INFO - Sync 1 DAGs
[2023-07-08 10:27:42,449] {logging_mixin.py:115} INFO - [2023-07-08 10:27:42,448] {dag.py:2927} INFO - Setting next_dagrun for example_task_group to 2023-07-07T13:27:42.448433+00:00, run_after=2023-07-08T13:27:42.448433+00:00
[2023-07-08 10:27:42,475] {processor.py:161} INFO - Processing /home/lucas/Área de Trabalho/apresentação/venv/lib/python3.10/site-packages/airflow/example_dags/example_task_group.py took 0.125 seconds
[2023-07-08 10:28:19,800] {processor.py:153} INFO - Started process (PID=6842) to work on /home/lucas/Área de Trabalho/apresentação/venv/lib/python3.10/site-packages/airflow/example_dags/example_task_group.py
[2023-07-08 10:28:19,801] {processor.py:641} INFO - Processing file /home/lucas/Área de Trabalho/apresentação/venv/lib/python3.10/site-packages/airflow/example_dags/example_task_group.py for tasks to queue
[2023-07-08 10:28:19,802] {logging_mixin.py:115} INFO - [2023-07-08 10:28:19,802] {dagbag.py:507} INFO - Filling up the DagBag from /home/lucas/Área de Trabalho/apresentação/venv/lib/python3.10/site-packages/airflow/example_dags/example_task_group.py
[2023-07-08 10:28:19,818] {processor.py:651} INFO - DAG(s) dict_keys(['example_task_group']) retrieved from /home/lucas/Área de Trabalho/apresentação/venv/lib/python3.10/site-packages/airflow/example_dags/example_task_group.py
[2023-07-08 10:28:19,852] {logging_mixin.py:115} INFO - [2023-07-08 10:28:19,852] {dag.py:2379} INFO - Sync 1 DAGs
[2023-07-08 10:28:19,891] {logging_mixin.py:115} INFO - [2023-07-08 10:28:19,891] {dag.py:2927} INFO - Setting next_dagrun for example_task_group to 2023-07-07T13:28:19.891139+00:00, run_after=2023-07-08T13:28:19.891139+00:00
[2023-07-08 10:28:19,916] {processor.py:161} INFO - Processing /home/lucas/Área de Trabalho/apresentação/venv/lib/python3.10/site-packages/airflow/example_dags/example_task_group.py took 0.122 seconds
[2023-07-08 10:28:55,925] {processor.py:153} INFO - Started process (PID=6904) to work on /home/lucas/Área de Trabalho/apresentação/venv/lib/python3.10/site-packages/airflow/example_dags/example_task_group.py
[2023-07-08 10:28:55,926] {processor.py:641} INFO - Processing file /home/lucas/Área de Trabalho/apresentação/venv/lib/python3.10/site-packages/airflow/example_dags/example_task_group.py for tasks to queue
[2023-07-08 10:28:55,927] {logging_mixin.py:115} INFO - [2023-07-08 10:28:55,927] {dagbag.py:507} INFO - Filling up the DagBag from /home/lucas/Área de Trabalho/apresentação/venv/lib/python3.10/site-packages/airflow/example_dags/example_task_group.py
[2023-07-08 10:28:55,943] {processor.py:651} INFO - DAG(s) dict_keys(['example_task_group']) retrieved from /home/lucas/Área de Trabalho/apresentação/venv/lib/python3.10/site-packages/airflow/example_dags/example_task_group.py
[2023-07-08 10:28:55,977] {logging_mixin.py:115} INFO - [2023-07-08 10:28:55,977] {dag.py:2379} INFO - Sync 1 DAGs
[2023-07-08 10:28:56,017] {logging_mixin.py:115} INFO - [2023-07-08 10:28:56,017] {dag.py:2927} INFO - Setting next_dagrun for example_task_group to 2023-07-07T13:28:56.017199+00:00, run_after=2023-07-08T13:28:56.017199+00:00
[2023-07-08 10:28:56,043] {processor.py:161} INFO - Processing /home/lucas/Área de Trabalho/apresentação/venv/lib/python3.10/site-packages/airflow/example_dags/example_task_group.py took 0.124 seconds
[2023-07-08 10:29:37,165] {processor.py:153} INFO - Started process (PID=6983) to work on /home/lucas/Área de Trabalho/apresentação/venv/lib/python3.10/site-packages/airflow/example_dags/example_task_group.py
[2023-07-08 10:29:37,169] {processor.py:641} INFO - Processing file /home/lucas/Área de Trabalho/apresentação/venv/lib/python3.10/site-packages/airflow/example_dags/example_task_group.py for tasks to queue
[2023-07-08 10:29:37,170] {logging_mixin.py:115} INFO - [2023-07-08 10:29:37,170] {dagbag.py:507} INFO - Filling up the DagBag from /home/lucas/Área de Trabalho/apresentação/venv/lib/python3.10/site-packages/airflow/example_dags/example_task_group.py
[2023-07-08 10:29:37,185] {processor.py:651} INFO - DAG(s) dict_keys(['example_task_group']) retrieved from /home/lucas/Área de Trabalho/apresentação/venv/lib/python3.10/site-packages/airflow/example_dags/example_task_group.py
[2023-07-08 10:29:37,219] {logging_mixin.py:115} INFO - [2023-07-08 10:29:37,219] {dag.py:2379} INFO - Sync 1 DAGs
[2023-07-08 10:29:37,258] {logging_mixin.py:115} INFO - [2023-07-08 10:29:37,258] {dag.py:2927} INFO - Setting next_dagrun for example_task_group to 2023-07-07T13:29:37.257944+00:00, run_after=2023-07-08T13:29:37.257944+00:00
[2023-07-08 10:29:37,284] {processor.py:161} INFO - Processing /home/lucas/Área de Trabalho/apresentação/venv/lib/python3.10/site-packages/airflow/example_dags/example_task_group.py took 0.124 seconds
[2023-07-08 10:30:13,172] {processor.py:153} INFO - Started process (PID=7051) to work on /home/lucas/Área de Trabalho/apresentação/venv/lib/python3.10/site-packages/airflow/example_dags/example_task_group.py
[2023-07-08 10:30:13,176] {processor.py:641} INFO - Processing file /home/lucas/Área de Trabalho/apresentação/venv/lib/python3.10/site-packages/airflow/example_dags/example_task_group.py for tasks to queue
[2023-07-08 10:30:13,177] {logging_mixin.py:115} INFO - [2023-07-08 10:30:13,177] {dagbag.py:507} INFO - Filling up the DagBag from /home/lucas/Área de Trabalho/apresentação/venv/lib/python3.10/site-packages/airflow/example_dags/example_task_group.py
[2023-07-08 10:30:13,193] {processor.py:651} INFO - DAG(s) dict_keys(['example_task_group']) retrieved from /home/lucas/Área de Trabalho/apresentação/venv/lib/python3.10/site-packages/airflow/example_dags/example_task_group.py
[2023-07-08 10:30:13,227] {logging_mixin.py:115} INFO - [2023-07-08 10:30:13,227] {dag.py:2379} INFO - Sync 1 DAGs
[2023-07-08 10:30:13,267] {logging_mixin.py:115} INFO - [2023-07-08 10:30:13,266] {dag.py:2927} INFO - Setting next_dagrun for example_task_group to 2023-07-07T13:30:13.266283+00:00, run_after=2023-07-08T13:30:13.266283+00:00
[2023-07-08 10:30:13,293] {processor.py:161} INFO - Processing /home/lucas/Área de Trabalho/apresentação/venv/lib/python3.10/site-packages/airflow/example_dags/example_task_group.py took 0.127 seconds
[2023-07-08 10:30:53,722] {processor.py:153} INFO - Started process (PID=7124) to work on /home/lucas/Área de Trabalho/apresentação/venv/lib/python3.10/site-packages/airflow/example_dags/example_task_group.py
[2023-07-08 10:30:53,723] {processor.py:641} INFO - Processing file /home/lucas/Área de Trabalho/apresentação/venv/lib/python3.10/site-packages/airflow/example_dags/example_task_group.py for tasks to queue
[2023-07-08 10:30:53,724] {logging_mixin.py:115} INFO - [2023-07-08 10:30:53,724] {dagbag.py:507} INFO - Filling up the DagBag from /home/lucas/Área de Trabalho/apresentação/venv/lib/python3.10/site-packages/airflow/example_dags/example_task_group.py
[2023-07-08 10:30:53,740] {processor.py:651} INFO - DAG(s) dict_keys(['example_task_group']) retrieved from /home/lucas/Área de Trabalho/apresentação/venv/lib/python3.10/site-packages/airflow/example_dags/example_task_group.py
[2023-07-08 10:30:53,776] {logging_mixin.py:115} INFO - [2023-07-08 10:30:53,776] {dag.py:2379} INFO - Sync 1 DAGs
[2023-07-08 10:30:53,816] {logging_mixin.py:115} INFO - [2023-07-08 10:30:53,816] {dag.py:2927} INFO - Setting next_dagrun for example_task_group to 2023-07-07T13:30:53.815538+00:00, run_after=2023-07-08T13:30:53.815538+00:00
[2023-07-08 10:30:53,840] {processor.py:161} INFO - Processing /home/lucas/Área de Trabalho/apresentação/venv/lib/python3.10/site-packages/airflow/example_dags/example_task_group.py took 0.124 seconds
[2023-07-08 11:40:31,914] {processor.py:153} INFO - Started process (PID=11256) to work on /home/lucas/Área de Trabalho/apresentação/venv/lib/python3.10/site-packages/airflow/example_dags/example_task_group.py
[2023-07-08 11:40:31,915] {processor.py:641} INFO - Processing file /home/lucas/Área de Trabalho/apresentação/venv/lib/python3.10/site-packages/airflow/example_dags/example_task_group.py for tasks to queue
[2023-07-08 11:40:31,916] {logging_mixin.py:115} INFO - [2023-07-08 11:40:31,916] {dagbag.py:507} INFO - Filling up the DagBag from /home/lucas/Área de Trabalho/apresentação/venv/lib/python3.10/site-packages/airflow/example_dags/example_task_group.py
[2023-07-08 11:40:31,930] {processor.py:651} INFO - DAG(s) dict_keys(['example_task_group']) retrieved from /home/lucas/Área de Trabalho/apresentação/venv/lib/python3.10/site-packages/airflow/example_dags/example_task_group.py
[2023-07-08 11:40:31,967] {logging_mixin.py:115} INFO - [2023-07-08 11:40:31,967] {dag.py:2379} INFO - Sync 1 DAGs
[2023-07-08 11:40:32,007] {logging_mixin.py:115} INFO - [2023-07-08 11:40:32,007] {dag.py:2927} INFO - Setting next_dagrun for example_task_group to 2023-07-07T14:40:32.006892+00:00, run_after=2023-07-08T14:40:32.006892+00:00
[2023-07-08 11:40:32,032] {processor.py:161} INFO - Processing /home/lucas/Área de Trabalho/apresentação/venv/lib/python3.10/site-packages/airflow/example_dags/example_task_group.py took 0.124 seconds
[2023-07-08 11:41:13,243] {processor.py:153} INFO - Started process (PID=11645) to work on /home/lucas/Área de Trabalho/apresentação/venv/lib/python3.10/site-packages/airflow/example_dags/example_task_group.py
[2023-07-08 11:41:13,246] {processor.py:641} INFO - Processing file /home/lucas/Área de Trabalho/apresentação/venv/lib/python3.10/site-packages/airflow/example_dags/example_task_group.py for tasks to queue
[2023-07-08 11:41:13,247] {logging_mixin.py:115} INFO - [2023-07-08 11:41:13,247] {dagbag.py:507} INFO - Filling up the DagBag from /home/lucas/Área de Trabalho/apresentação/venv/lib/python3.10/site-packages/airflow/example_dags/example_task_group.py
[2023-07-08 11:41:13,262] {processor.py:651} INFO - DAG(s) dict_keys(['example_task_group']) retrieved from /home/lucas/Área de Trabalho/apresentação/venv/lib/python3.10/site-packages/airflow/example_dags/example_task_group.py
[2023-07-08 11:41:13,297] {logging_mixin.py:115} INFO - [2023-07-08 11:41:13,297] {dag.py:2379} INFO - Sync 1 DAGs
[2023-07-08 11:41:13,337] {logging_mixin.py:115} INFO - [2023-07-08 11:41:13,336] {dag.py:2927} INFO - Setting next_dagrun for example_task_group to 2023-07-07T14:41:13.336468+00:00, run_after=2023-07-08T14:41:13.336468+00:00
[2023-07-08 11:41:13,363] {processor.py:161} INFO - Processing /home/lucas/Área de Trabalho/apresentação/venv/lib/python3.10/site-packages/airflow/example_dags/example_task_group.py took 0.126 seconds
[2023-07-08 11:41:51,984] {processor.py:153} INFO - Started process (PID=11767) to work on /home/lucas/Área de Trabalho/apresentação/venv/lib/python3.10/site-packages/airflow/example_dags/example_task_group.py
[2023-07-08 11:41:51,988] {processor.py:641} INFO - Processing file /home/lucas/Área de Trabalho/apresentação/venv/lib/python3.10/site-packages/airflow/example_dags/example_task_group.py for tasks to queue
[2023-07-08 11:41:51,989] {logging_mixin.py:115} INFO - [2023-07-08 11:41:51,989] {dagbag.py:507} INFO - Filling up the DagBag from /home/lucas/Área de Trabalho/apresentação/venv/lib/python3.10/site-packages/airflow/example_dags/example_task_group.py
[2023-07-08 11:41:52,004] {processor.py:651} INFO - DAG(s) dict_keys(['example_task_group']) retrieved from /home/lucas/Área de Trabalho/apresentação/venv/lib/python3.10/site-packages/airflow/example_dags/example_task_group.py
[2023-07-08 11:41:52,040] {logging_mixin.py:115} INFO - [2023-07-08 11:41:52,040] {dag.py:2379} INFO - Sync 1 DAGs
[2023-07-08 11:41:52,083] {logging_mixin.py:115} INFO - [2023-07-08 11:41:52,083] {dag.py:2927} INFO - Setting next_dagrun for example_task_group to 2023-07-07T14:41:52.082883+00:00, run_after=2023-07-08T14:41:52.082883+00:00
[2023-07-08 11:41:52,110] {processor.py:161} INFO - Processing /home/lucas/Área de Trabalho/apresentação/venv/lib/python3.10/site-packages/airflow/example_dags/example_task_group.py took 0.132 seconds
[2023-07-08 11:42:29,790] {processor.py:153} INFO - Started process (PID=11929) to work on /home/lucas/Área de Trabalho/apresentação/venv/lib/python3.10/site-packages/airflow/example_dags/example_task_group.py
[2023-07-08 11:42:29,794] {processor.py:641} INFO - Processing file /home/lucas/Área de Trabalho/apresentação/venv/lib/python3.10/site-packages/airflow/example_dags/example_task_group.py for tasks to queue
[2023-07-08 11:42:29,795] {logging_mixin.py:115} INFO - [2023-07-08 11:42:29,795] {dagbag.py:507} INFO - Filling up the DagBag from /home/lucas/Área de Trabalho/apresentação/venv/lib/python3.10/site-packages/airflow/example_dags/example_task_group.py
[2023-07-08 11:42:29,810] {processor.py:651} INFO - DAG(s) dict_keys(['example_task_group']) retrieved from /home/lucas/Área de Trabalho/apresentação/venv/lib/python3.10/site-packages/airflow/example_dags/example_task_group.py
[2023-07-08 11:42:29,845] {logging_mixin.py:115} INFO - [2023-07-08 11:42:29,844] {dag.py:2379} INFO - Sync 1 DAGs
[2023-07-08 11:42:29,884] {logging_mixin.py:115} INFO - [2023-07-08 11:42:29,884] {dag.py:2927} INFO - Setting next_dagrun for example_task_group to 2023-07-07T14:42:29.884108+00:00, run_after=2023-07-08T14:42:29.884108+00:00
[2023-07-08 11:42:29,911] {processor.py:161} INFO - Processing /home/lucas/Área de Trabalho/apresentação/venv/lib/python3.10/site-packages/airflow/example_dags/example_task_group.py took 0.126 seconds
[2023-07-08 11:43:06,245] {processor.py:153} INFO - Started process (PID=12208) to work on /home/lucas/Área de Trabalho/apresentação/venv/lib/python3.10/site-packages/airflow/example_dags/example_task_group.py
[2023-07-08 11:43:06,246] {processor.py:641} INFO - Processing file /home/lucas/Área de Trabalho/apresentação/venv/lib/python3.10/site-packages/airflow/example_dags/example_task_group.py for tasks to queue
[2023-07-08 11:43:06,247] {logging_mixin.py:115} INFO - [2023-07-08 11:43:06,247] {dagbag.py:507} INFO - Filling up the DagBag from /home/lucas/Área de Trabalho/apresentação/venv/lib/python3.10/site-packages/airflow/example_dags/example_task_group.py
[2023-07-08 11:43:06,261] {processor.py:651} INFO - DAG(s) dict_keys(['example_task_group']) retrieved from /home/lucas/Área de Trabalho/apresentação/venv/lib/python3.10/site-packages/airflow/example_dags/example_task_group.py
[2023-07-08 11:43:06,296] {logging_mixin.py:115} INFO - [2023-07-08 11:43:06,296] {dag.py:2379} INFO - Sync 1 DAGs
[2023-07-08 11:43:06,337] {logging_mixin.py:115} INFO - [2023-07-08 11:43:06,337] {dag.py:2927} INFO - Setting next_dagrun for example_task_group to 2023-07-07T14:43:06.336503+00:00, run_after=2023-07-08T14:43:06.336503+00:00
[2023-07-08 11:43:06,362] {processor.py:161} INFO - Processing /home/lucas/Área de Trabalho/apresentação/venv/lib/python3.10/site-packages/airflow/example_dags/example_task_group.py took 0.122 seconds
[2023-07-08 11:43:44,452] {processor.py:153} INFO - Started process (PID=12303) to work on /home/lucas/Área de Trabalho/apresentação/venv/lib/python3.10/site-packages/airflow/example_dags/example_task_group.py
[2023-07-08 11:43:44,456] {processor.py:641} INFO - Processing file /home/lucas/Área de Trabalho/apresentação/venv/lib/python3.10/site-packages/airflow/example_dags/example_task_group.py for tasks to queue
[2023-07-08 11:43:44,458] {logging_mixin.py:115} INFO - [2023-07-08 11:43:44,457] {dagbag.py:507} INFO - Filling up the DagBag from /home/lucas/Área de Trabalho/apresentação/venv/lib/python3.10/site-packages/airflow/example_dags/example_task_group.py
[2023-07-08 11:43:44,472] {processor.py:651} INFO - DAG(s) dict_keys(['example_task_group']) retrieved from /home/lucas/Área de Trabalho/apresentação/venv/lib/python3.10/site-packages/airflow/example_dags/example_task_group.py
[2023-07-08 11:43:44,507] {logging_mixin.py:115} INFO - [2023-07-08 11:43:44,507] {dag.py:2379} INFO - Sync 1 DAGs
[2023-07-08 11:43:44,551] {logging_mixin.py:115} INFO - [2023-07-08 11:43:44,550] {dag.py:2927} INFO - Setting next_dagrun for example_task_group to 2023-07-07T14:43:44.550052+00:00, run_after=2023-07-08T14:43:44.550052+00:00
[2023-07-08 11:43:44,588] {processor.py:161} INFO - Processing /home/lucas/Área de Trabalho/apresentação/venv/lib/python3.10/site-packages/airflow/example_dags/example_task_group.py took 0.141 seconds
[2023-07-08 11:44:22,619] {processor.py:153} INFO - Started process (PID=12375) to work on /home/lucas/Área de Trabalho/apresentação/venv/lib/python3.10/site-packages/airflow/example_dags/example_task_group.py
[2023-07-08 11:44:22,623] {processor.py:641} INFO - Processing file /home/lucas/Área de Trabalho/apresentação/venv/lib/python3.10/site-packages/airflow/example_dags/example_task_group.py for tasks to queue
[2023-07-08 11:44:22,624] {logging_mixin.py:115} INFO - [2023-07-08 11:44:22,624] {dagbag.py:507} INFO - Filling up the DagBag from /home/lucas/Área de Trabalho/apresentação/venv/lib/python3.10/site-packages/airflow/example_dags/example_task_group.py
[2023-07-08 11:44:22,640] {processor.py:651} INFO - DAG(s) dict_keys(['example_task_group']) retrieved from /home/lucas/Área de Trabalho/apresentação/venv/lib/python3.10/site-packages/airflow/example_dags/example_task_group.py
[2023-07-08 11:44:22,676] {logging_mixin.py:115} INFO - [2023-07-08 11:44:22,676] {dag.py:2379} INFO - Sync 1 DAGs
[2023-07-08 11:44:22,719] {logging_mixin.py:115} INFO - [2023-07-08 11:44:22,719] {dag.py:2927} INFO - Setting next_dagrun for example_task_group to 2023-07-07T14:44:22.719062+00:00, run_after=2023-07-08T14:44:22.719062+00:00
[2023-07-08 11:44:22,745] {processor.py:161} INFO - Processing /home/lucas/Área de Trabalho/apresentação/venv/lib/python3.10/site-packages/airflow/example_dags/example_task_group.py took 0.132 seconds
[2023-07-08 11:44:57,969] {processor.py:153} INFO - Started process (PID=12438) to work on /home/lucas/Área de Trabalho/apresentação/venv/lib/python3.10/site-packages/airflow/example_dags/example_task_group.py
[2023-07-08 11:44:57,973] {processor.py:641} INFO - Processing file /home/lucas/Área de Trabalho/apresentação/venv/lib/python3.10/site-packages/airflow/example_dags/example_task_group.py for tasks to queue
[2023-07-08 11:44:57,973] {logging_mixin.py:115} INFO - [2023-07-08 11:44:57,973] {dagbag.py:507} INFO - Filling up the DagBag from /home/lucas/Área de Trabalho/apresentação/venv/lib/python3.10/site-packages/airflow/example_dags/example_task_group.py
[2023-07-08 11:44:57,981] {processor.py:651} INFO - DAG(s) dict_keys(['example_task_group']) retrieved from /home/lucas/Área de Trabalho/apresentação/venv/lib/python3.10/site-packages/airflow/example_dags/example_task_group.py
[2023-07-08 11:44:58,001] {logging_mixin.py:115} INFO - [2023-07-08 11:44:58,001] {dag.py:2379} INFO - Sync 1 DAGs
[2023-07-08 11:44:58,041] {logging_mixin.py:115} INFO - [2023-07-08 11:44:58,040] {dag.py:2927} INFO - Setting next_dagrun for example_task_group to 2023-07-07T14:44:58.040266+00:00, run_after=2023-07-08T14:44:58.040266+00:00
[2023-07-08 11:44:58,074] {processor.py:161} INFO - Processing /home/lucas/Área de Trabalho/apresentação/venv/lib/python3.10/site-packages/airflow/example_dags/example_task_group.py took 0.107 seconds
[2023-07-08 11:45:32,809] {processor.py:153} INFO - Started process (PID=12548) to work on /home/lucas/Área de Trabalho/apresentação/venv/lib/python3.10/site-packages/airflow/example_dags/example_task_group.py
[2023-07-08 11:45:32,813] {processor.py:641} INFO - Processing file /home/lucas/Área de Trabalho/apresentação/venv/lib/python3.10/site-packages/airflow/example_dags/example_task_group.py for tasks to queue
[2023-07-08 11:45:32,815] {logging_mixin.py:115} INFO - [2023-07-08 11:45:32,815] {dagbag.py:507} INFO - Filling up the DagBag from /home/lucas/Área de Trabalho/apresentação/venv/lib/python3.10/site-packages/airflow/example_dags/example_task_group.py
[2023-07-08 11:45:32,835] {processor.py:651} INFO - DAG(s) dict_keys(['example_task_group']) retrieved from /home/lucas/Área de Trabalho/apresentação/venv/lib/python3.10/site-packages/airflow/example_dags/example_task_group.py
[2023-07-08 11:45:32,873] {logging_mixin.py:115} INFO - [2023-07-08 11:45:32,873] {dag.py:2379} INFO - Sync 1 DAGs
[2023-07-08 11:45:32,916] {logging_mixin.py:115} INFO - [2023-07-08 11:45:32,916] {dag.py:2927} INFO - Setting next_dagrun for example_task_group to 2023-07-07T14:45:32.915877+00:00, run_after=2023-07-08T14:45:32.915877+00:00
[2023-07-08 11:45:32,945] {processor.py:161} INFO - Processing /home/lucas/Área de Trabalho/apresentação/venv/lib/python3.10/site-packages/airflow/example_dags/example_task_group.py took 0.142 seconds
[2023-07-08 11:46:12,082] {processor.py:153} INFO - Started process (PID=12766) to work on /home/lucas/Área de Trabalho/apresentação/venv/lib/python3.10/site-packages/airflow/example_dags/example_task_group.py
[2023-07-08 11:46:12,086] {processor.py:641} INFO - Processing file /home/lucas/Área de Trabalho/apresentação/venv/lib/python3.10/site-packages/airflow/example_dags/example_task_group.py for tasks to queue
[2023-07-08 11:46:12,086] {logging_mixin.py:115} INFO - [2023-07-08 11:46:12,086] {dagbag.py:507} INFO - Filling up the DagBag from /home/lucas/Área de Trabalho/apresentação/venv/lib/python3.10/site-packages/airflow/example_dags/example_task_group.py
[2023-07-08 11:46:12,091] {processor.py:651} INFO - DAG(s) dict_keys(['example_task_group']) retrieved from /home/lucas/Área de Trabalho/apresentação/venv/lib/python3.10/site-packages/airflow/example_dags/example_task_group.py
[2023-07-08 11:46:12,102] {logging_mixin.py:115} INFO - [2023-07-08 11:46:12,102] {dag.py:2379} INFO - Sync 1 DAGs
[2023-07-08 11:46:12,117] {logging_mixin.py:115} INFO - [2023-07-08 11:46:12,116] {dag.py:2927} INFO - Setting next_dagrun for example_task_group to 2023-07-07T14:46:12.116726+00:00, run_after=2023-07-08T14:46:12.116726+00:00
[2023-07-08 11:46:12,130] {processor.py:161} INFO - Processing /home/lucas/Área de Trabalho/apresentação/venv/lib/python3.10/site-packages/airflow/example_dags/example_task_group.py took 0.049 seconds
[2023-07-08 11:46:48,473] {processor.py:153} INFO - Started process (PID=12815) to work on /home/lucas/Área de Trabalho/apresentação/venv/lib/python3.10/site-packages/airflow/example_dags/example_task_group.py
[2023-07-08 11:46:48,477] {processor.py:641} INFO - Processing file /home/lucas/Área de Trabalho/apresentação/venv/lib/python3.10/site-packages/airflow/example_dags/example_task_group.py for tasks to queue
[2023-07-08 11:46:48,478] {logging_mixin.py:115} INFO - [2023-07-08 11:46:48,478] {dagbag.py:507} INFO - Filling up the DagBag from /home/lucas/Área de Trabalho/apresentação/venv/lib/python3.10/site-packages/airflow/example_dags/example_task_group.py
[2023-07-08 11:46:48,497] {processor.py:651} INFO - DAG(s) dict_keys(['example_task_group']) retrieved from /home/lucas/Área de Trabalho/apresentação/venv/lib/python3.10/site-packages/airflow/example_dags/example_task_group.py
[2023-07-08 11:46:48,536] {logging_mixin.py:115} INFO - [2023-07-08 11:46:48,536] {dag.py:2379} INFO - Sync 1 DAGs
[2023-07-08 11:46:48,579] {logging_mixin.py:115} INFO - [2023-07-08 11:46:48,579] {dag.py:2927} INFO - Setting next_dagrun for example_task_group to 2023-07-07T14:46:48.579029+00:00, run_after=2023-07-08T14:46:48.579029+00:00
[2023-07-08 11:46:48,609] {processor.py:161} INFO - Processing /home/lucas/Área de Trabalho/apresentação/venv/lib/python3.10/site-packages/airflow/example_dags/example_task_group.py took 0.141 seconds
[2023-07-08 11:47:24,983] {processor.py:153} INFO - Started process (PID=12861) to work on /home/lucas/Área de Trabalho/apresentação/venv/lib/python3.10/site-packages/airflow/example_dags/example_task_group.py
[2023-07-08 11:47:24,987] {processor.py:641} INFO - Processing file /home/lucas/Área de Trabalho/apresentação/venv/lib/python3.10/site-packages/airflow/example_dags/example_task_group.py for tasks to queue
[2023-07-08 11:47:24,988] {logging_mixin.py:115} INFO - [2023-07-08 11:47:24,988] {dagbag.py:507} INFO - Filling up the DagBag from /home/lucas/Área de Trabalho/apresentação/venv/lib/python3.10/site-packages/airflow/example_dags/example_task_group.py
[2023-07-08 11:47:25,002] {processor.py:651} INFO - DAG(s) dict_keys(['example_task_group']) retrieved from /home/lucas/Área de Trabalho/apresentação/venv/lib/python3.10/site-packages/airflow/example_dags/example_task_group.py
[2023-07-08 11:47:25,032] {logging_mixin.py:115} INFO - [2023-07-08 11:47:25,032] {dag.py:2379} INFO - Sync 1 DAGs
[2023-07-08 11:47:25,066] {logging_mixin.py:115} INFO - [2023-07-08 11:47:25,066] {dag.py:2927} INFO - Setting next_dagrun for example_task_group to 2023-07-07T14:47:25.066115+00:00, run_after=2023-07-08T14:47:25.066115+00:00
[2023-07-08 11:47:25,089] {processor.py:161} INFO - Processing /home/lucas/Área de Trabalho/apresentação/venv/lib/python3.10/site-packages/airflow/example_dags/example_task_group.py took 0.111 seconds
[2023-07-08 11:48:04,160] {processor.py:153} INFO - Started process (PID=12938) to work on /home/lucas/Área de Trabalho/apresentação/venv/lib/python3.10/site-packages/airflow/example_dags/example_task_group.py
[2023-07-08 11:48:04,163] {processor.py:641} INFO - Processing file /home/lucas/Área de Trabalho/apresentação/venv/lib/python3.10/site-packages/airflow/example_dags/example_task_group.py for tasks to queue
[2023-07-08 11:48:04,164] {logging_mixin.py:115} INFO - [2023-07-08 11:48:04,164] {dagbag.py:507} INFO - Filling up the DagBag from /home/lucas/Área de Trabalho/apresentação/venv/lib/python3.10/site-packages/airflow/example_dags/example_task_group.py
[2023-07-08 11:48:04,180] {processor.py:651} INFO - DAG(s) dict_keys(['example_task_group']) retrieved from /home/lucas/Área de Trabalho/apresentação/venv/lib/python3.10/site-packages/airflow/example_dags/example_task_group.py
[2023-07-08 11:48:04,214] {logging_mixin.py:115} INFO - [2023-07-08 11:48:04,214] {dag.py:2379} INFO - Sync 1 DAGs
[2023-07-08 11:48:04,254] {logging_mixin.py:115} INFO - [2023-07-08 11:48:04,254] {dag.py:2927} INFO - Setting next_dagrun for example_task_group to 2023-07-07T14:48:04.253567+00:00, run_after=2023-07-08T14:48:04.253567+00:00
[2023-07-08 11:48:04,281] {processor.py:161} INFO - Processing /home/lucas/Área de Trabalho/apresentação/venv/lib/python3.10/site-packages/airflow/example_dags/example_task_group.py took 0.127 seconds
[2023-07-08 11:48:43,510] {processor.py:153} INFO - Started process (PID=12991) to work on /home/lucas/Área de Trabalho/apresentação/venv/lib/python3.10/site-packages/airflow/example_dags/example_task_group.py
[2023-07-08 11:48:43,514] {processor.py:641} INFO - Processing file /home/lucas/Área de Trabalho/apresentação/venv/lib/python3.10/site-packages/airflow/example_dags/example_task_group.py for tasks to queue
[2023-07-08 11:48:43,514] {logging_mixin.py:115} INFO - [2023-07-08 11:48:43,514] {dagbag.py:507} INFO - Filling up the DagBag from /home/lucas/Área de Trabalho/apresentação/venv/lib/python3.10/site-packages/airflow/example_dags/example_task_group.py
[2023-07-08 11:48:43,530] {processor.py:651} INFO - DAG(s) dict_keys(['example_task_group']) retrieved from /home/lucas/Área de Trabalho/apresentação/venv/lib/python3.10/site-packages/airflow/example_dags/example_task_group.py
[2023-07-08 11:48:43,562] {logging_mixin.py:115} INFO - [2023-07-08 11:48:43,562] {dag.py:2379} INFO - Sync 1 DAGs
[2023-07-08 11:48:43,600] {logging_mixin.py:115} INFO - [2023-07-08 11:48:43,600] {dag.py:2927} INFO - Setting next_dagrun for example_task_group to 2023-07-07T14:48:43.600285+00:00, run_after=2023-07-08T14:48:43.600285+00:00
[2023-07-08 11:48:43,626] {processor.py:161} INFO - Processing /home/lucas/Área de Trabalho/apresentação/venv/lib/python3.10/site-packages/airflow/example_dags/example_task_group.py took 0.122 seconds
[2023-07-08 11:49:22,386] {processor.py:153} INFO - Started process (PID=13071) to work on /home/lucas/Área de Trabalho/apresentação/venv/lib/python3.10/site-packages/airflow/example_dags/example_task_group.py
[2023-07-08 11:49:22,390] {processor.py:641} INFO - Processing file /home/lucas/Área de Trabalho/apresentação/venv/lib/python3.10/site-packages/airflow/example_dags/example_task_group.py for tasks to queue
[2023-07-08 11:49:22,390] {logging_mixin.py:115} INFO - [2023-07-08 11:49:22,390] {dagbag.py:507} INFO - Filling up the DagBag from /home/lucas/Área de Trabalho/apresentação/venv/lib/python3.10/site-packages/airflow/example_dags/example_task_group.py
[2023-07-08 11:49:22,399] {processor.py:651} INFO - DAG(s) dict_keys(['example_task_group']) retrieved from /home/lucas/Área de Trabalho/apresentação/venv/lib/python3.10/site-packages/airflow/example_dags/example_task_group.py
[2023-07-08 11:49:22,432] {logging_mixin.py:115} INFO - [2023-07-08 11:49:22,432] {dag.py:2379} INFO - Sync 1 DAGs
[2023-07-08 11:49:22,498] {logging_mixin.py:115} INFO - [2023-07-08 11:49:22,498] {dag.py:2927} INFO - Setting next_dagrun for example_task_group to 2023-07-07T14:49:22.497704+00:00, run_after=2023-07-08T14:49:22.497704+00:00
[2023-07-08 11:49:22,538] {processor.py:161} INFO - Processing /home/lucas/Área de Trabalho/apresentação/venv/lib/python3.10/site-packages/airflow/example_dags/example_task_group.py took 0.155 seconds
[2023-07-08 11:49:58,478] {processor.py:153} INFO - Started process (PID=13120) to work on /home/lucas/Área de Trabalho/apresentação/venv/lib/python3.10/site-packages/airflow/example_dags/example_task_group.py
[2023-07-08 11:49:58,481] {processor.py:641} INFO - Processing file /home/lucas/Área de Trabalho/apresentação/venv/lib/python3.10/site-packages/airflow/example_dags/example_task_group.py for tasks to queue
[2023-07-08 11:49:58,482] {logging_mixin.py:115} INFO - [2023-07-08 11:49:58,482] {dagbag.py:507} INFO - Filling up the DagBag from /home/lucas/Área de Trabalho/apresentação/venv/lib/python3.10/site-packages/airflow/example_dags/example_task_group.py
[2023-07-08 11:49:58,488] {processor.py:651} INFO - DAG(s) dict_keys(['example_task_group']) retrieved from /home/lucas/Área de Trabalho/apresentação/venv/lib/python3.10/site-packages/airflow/example_dags/example_task_group.py
[2023-07-08 11:49:58,499] {logging_mixin.py:115} INFO - [2023-07-08 11:49:58,499] {dag.py:2379} INFO - Sync 1 DAGs
[2023-07-08 11:49:58,512] {logging_mixin.py:115} INFO - [2023-07-08 11:49:58,512] {dag.py:2927} INFO - Setting next_dagrun for example_task_group to 2023-07-07T14:49:58.511912+00:00, run_after=2023-07-08T14:49:58.511912+00:00
[2023-07-08 11:49:58,522] {processor.py:161} INFO - Processing /home/lucas/Área de Trabalho/apresentação/venv/lib/python3.10/site-packages/airflow/example_dags/example_task_group.py took 0.047 seconds
[2023-07-08 11:50:40,376] {processor.py:153} INFO - Started process (PID=13263) to work on /home/lucas/Área de Trabalho/apresentação/venv/lib/python3.10/site-packages/airflow/example_dags/example_task_group.py
[2023-07-08 11:50:40,380] {processor.py:641} INFO - Processing file /home/lucas/Área de Trabalho/apresentação/venv/lib/python3.10/site-packages/airflow/example_dags/example_task_group.py for tasks to queue
[2023-07-08 11:50:40,381] {logging_mixin.py:115} INFO - [2023-07-08 11:50:40,381] {dagbag.py:507} INFO - Filling up the DagBag from /home/lucas/Área de Trabalho/apresentação/venv/lib/python3.10/site-packages/airflow/example_dags/example_task_group.py
[2023-07-08 11:50:40,397] {processor.py:651} INFO - DAG(s) dict_keys(['example_task_group']) retrieved from /home/lucas/Área de Trabalho/apresentação/venv/lib/python3.10/site-packages/airflow/example_dags/example_task_group.py
[2023-07-08 11:50:40,431] {logging_mixin.py:115} INFO - [2023-07-08 11:50:40,431] {dag.py:2379} INFO - Sync 1 DAGs
[2023-07-08 11:50:40,470] {logging_mixin.py:115} INFO - [2023-07-08 11:50:40,470] {dag.py:2927} INFO - Setting next_dagrun for example_task_group to 2023-07-07T14:50:40.470191+00:00, run_after=2023-07-08T14:50:40.470191+00:00
[2023-07-08 11:50:40,498] {processor.py:161} INFO - Processing /home/lucas/Área de Trabalho/apresentação/venv/lib/python3.10/site-packages/airflow/example_dags/example_task_group.py took 0.127 seconds
[2023-07-08 11:51:16,400] {processor.py:153} INFO - Started process (PID=13315) to work on /home/lucas/Área de Trabalho/apresentação/venv/lib/python3.10/site-packages/airflow/example_dags/example_task_group.py
[2023-07-08 11:51:16,403] {processor.py:641} INFO - Processing file /home/lucas/Área de Trabalho/apresentação/venv/lib/python3.10/site-packages/airflow/example_dags/example_task_group.py for tasks to queue
[2023-07-08 11:51:16,404] {logging_mixin.py:115} INFO - [2023-07-08 11:51:16,404] {dagbag.py:507} INFO - Filling up the DagBag from /home/lucas/Área de Trabalho/apresentação/venv/lib/python3.10/site-packages/airflow/example_dags/example_task_group.py
[2023-07-08 11:51:16,408] {processor.py:651} INFO - DAG(s) dict_keys(['example_task_group']) retrieved from /home/lucas/Área de Trabalho/apresentação/venv/lib/python3.10/site-packages/airflow/example_dags/example_task_group.py
[2023-07-08 11:51:16,419] {logging_mixin.py:115} INFO - [2023-07-08 11:51:16,419] {dag.py:2379} INFO - Sync 1 DAGs
[2023-07-08 11:51:16,432] {logging_mixin.py:115} INFO - [2023-07-08 11:51:16,432] {dag.py:2927} INFO - Setting next_dagrun for example_task_group to 2023-07-07T14:51:16.431943+00:00, run_after=2023-07-08T14:51:16.431943+00:00
[2023-07-08 11:51:16,452] {processor.py:161} INFO - Processing /home/lucas/Área de Trabalho/apresentação/venv/lib/python3.10/site-packages/airflow/example_dags/example_task_group.py took 0.058 seconds
[2023-07-08 11:51:52,895] {processor.py:153} INFO - Started process (PID=13359) to work on /home/lucas/Área de Trabalho/apresentação/venv/lib/python3.10/site-packages/airflow/example_dags/example_task_group.py
[2023-07-08 11:51:52,899] {processor.py:641} INFO - Processing file /home/lucas/Área de Trabalho/apresentação/venv/lib/python3.10/site-packages/airflow/example_dags/example_task_group.py for tasks to queue
[2023-07-08 11:51:52,900] {logging_mixin.py:115} INFO - [2023-07-08 11:51:52,900] {dagbag.py:507} INFO - Filling up the DagBag from /home/lucas/Área de Trabalho/apresentação/venv/lib/python3.10/site-packages/airflow/example_dags/example_task_group.py
[2023-07-08 11:51:52,916] {processor.py:651} INFO - DAG(s) dict_keys(['example_task_group']) retrieved from /home/lucas/Área de Trabalho/apresentação/venv/lib/python3.10/site-packages/airflow/example_dags/example_task_group.py
[2023-07-08 11:51:52,951] {logging_mixin.py:115} INFO - [2023-07-08 11:51:52,951] {dag.py:2379} INFO - Sync 1 DAGs
[2023-07-08 11:51:52,994] {logging_mixin.py:115} INFO - [2023-07-08 11:51:52,994] {dag.py:2927} INFO - Setting next_dagrun for example_task_group to 2023-07-07T14:51:52.994010+00:00, run_after=2023-07-08T14:51:52.994010+00:00
[2023-07-08 11:51:53,021] {processor.py:161} INFO - Processing /home/lucas/Área de Trabalho/apresentação/venv/lib/python3.10/site-packages/airflow/example_dags/example_task_group.py took 0.131 seconds
