[2023-07-08 01:02:34,863] {processor.py:153} INFO - Started process (PID=35981) to work on /home/lucas/Área de Trabalho/apresentação/venv/lib/python3.10/site-packages/airflow/example_dags/example_dag_decorator.py
[2023-07-08 01:02:34,864] {processor.py:641} INFO - Processing file /home/lucas/Área de Trabalho/apresentação/venv/lib/python3.10/site-packages/airflow/example_dags/example_dag_decorator.py for tasks to queue
[2023-07-08 01:02:34,865] {logging_mixin.py:115} INFO - [2023-07-08 01:02:34,865] {dagbag.py:507} INFO - Filling up the DagBag from /home/lucas/Área de Trabalho/apresentação/venv/lib/python3.10/site-packages/airflow/example_dags/example_dag_decorator.py
[2023-07-08 01:02:34,928] {processor.py:651} INFO - DAG(s) dict_keys(['example_dag_decorator']) retrieved from /home/lucas/Área de Trabalho/apresentação/venv/lib/python3.10/site-packages/airflow/example_dags/example_dag_decorator.py
[2023-07-08 01:02:35,042] {logging_mixin.py:115} INFO - [2023-07-08 01:02:35,041] {dag.py:2379} INFO - Sync 1 DAGs
[2023-07-08 01:02:35,078] {logging_mixin.py:115} INFO - [2023-07-08 01:02:35,077] {dag.py:2927} INFO - Setting next_dagrun for example_dag_decorator to None, run_after=None
[2023-07-08 01:02:35,108] {processor.py:161} INFO - Processing /home/lucas/Área de Trabalho/apresentação/venv/lib/python3.10/site-packages/airflow/example_dags/example_dag_decorator.py took 0.250 seconds
[2023-07-08 01:03:17,441] {processor.py:153} INFO - Started process (PID=36393) to work on /home/lucas/Área de Trabalho/apresentação/venv/lib/python3.10/site-packages/airflow/example_dags/example_dag_decorator.py
[2023-07-08 01:03:17,442] {processor.py:641} INFO - Processing file /home/lucas/Área de Trabalho/apresentação/venv/lib/python3.10/site-packages/airflow/example_dags/example_dag_decorator.py for tasks to queue
[2023-07-08 01:03:17,443] {logging_mixin.py:115} INFO - [2023-07-08 01:03:17,443] {dagbag.py:507} INFO - Filling up the DagBag from /home/lucas/Área de Trabalho/apresentação/venv/lib/python3.10/site-packages/airflow/example_dags/example_dag_decorator.py
[2023-07-08 01:03:17,498] {processor.py:651} INFO - DAG(s) dict_keys(['example_dag_decorator']) retrieved from /home/lucas/Área de Trabalho/apresentação/venv/lib/python3.10/site-packages/airflow/example_dags/example_dag_decorator.py
[2023-07-08 01:03:17,600] {logging_mixin.py:115} INFO - [2023-07-08 01:03:17,600] {dag.py:2379} INFO - Sync 1 DAGs
[2023-07-08 01:03:17,635] {logging_mixin.py:115} INFO - [2023-07-08 01:03:17,635] {dag.py:2927} INFO - Setting next_dagrun for example_dag_decorator to None, run_after=None
[2023-07-08 01:03:17,660] {processor.py:161} INFO - Processing /home/lucas/Área de Trabalho/apresentação/venv/lib/python3.10/site-packages/airflow/example_dags/example_dag_decorator.py took 0.225 seconds
[2023-07-08 01:03:55,038] {processor.py:153} INFO - Started process (PID=36568) to work on /home/lucas/Área de Trabalho/apresentação/venv/lib/python3.10/site-packages/airflow/example_dags/example_dag_decorator.py
[2023-07-08 01:03:55,039] {processor.py:641} INFO - Processing file /home/lucas/Área de Trabalho/apresentação/venv/lib/python3.10/site-packages/airflow/example_dags/example_dag_decorator.py for tasks to queue
[2023-07-08 01:03:55,040] {logging_mixin.py:115} INFO - [2023-07-08 01:03:55,040] {dagbag.py:507} INFO - Filling up the DagBag from /home/lucas/Área de Trabalho/apresentação/venv/lib/python3.10/site-packages/airflow/example_dags/example_dag_decorator.py
[2023-07-08 01:03:55,093] {processor.py:651} INFO - DAG(s) dict_keys(['example_dag_decorator']) retrieved from /home/lucas/Área de Trabalho/apresentação/venv/lib/python3.10/site-packages/airflow/example_dags/example_dag_decorator.py
[2023-07-08 01:03:55,126] {logging_mixin.py:115} INFO - [2023-07-08 01:03:55,126] {dag.py:2379} INFO - Sync 1 DAGs
[2023-07-08 01:03:55,165] {logging_mixin.py:115} INFO - [2023-07-08 01:03:55,164] {dag.py:2927} INFO - Setting next_dagrun for example_dag_decorator to None, run_after=None
[2023-07-08 01:03:55,189] {processor.py:161} INFO - Processing /home/lucas/Área de Trabalho/apresentação/venv/lib/python3.10/site-packages/airflow/example_dags/example_dag_decorator.py took 0.156 seconds
[2023-07-08 01:04:38,543] {processor.py:153} INFO - Started process (PID=37055) to work on /home/lucas/Área de Trabalho/apresentação/venv/lib/python3.10/site-packages/airflow/example_dags/example_dag_decorator.py
[2023-07-08 01:04:38,543] {processor.py:641} INFO - Processing file /home/lucas/Área de Trabalho/apresentação/venv/lib/python3.10/site-packages/airflow/example_dags/example_dag_decorator.py for tasks to queue
[2023-07-08 01:04:38,544] {logging_mixin.py:115} INFO - [2023-07-08 01:04:38,544] {dagbag.py:507} INFO - Filling up the DagBag from /home/lucas/Área de Trabalho/apresentação/venv/lib/python3.10/site-packages/airflow/example_dags/example_dag_decorator.py
[2023-07-08 01:04:38,561] {processor.py:651} INFO - DAG(s) dict_keys(['example_dag_decorator']) retrieved from /home/lucas/Área de Trabalho/apresentação/venv/lib/python3.10/site-packages/airflow/example_dags/example_dag_decorator.py
[2023-07-08 01:04:38,592] {logging_mixin.py:115} INFO - [2023-07-08 01:04:38,592] {dag.py:2379} INFO - Sync 1 DAGs
[2023-07-08 01:04:38,606] {logging_mixin.py:115} INFO - [2023-07-08 01:04:38,606] {dag.py:2927} INFO - Setting next_dagrun for example_dag_decorator to None, run_after=None
[2023-07-08 01:04:38,623] {processor.py:161} INFO - Processing /home/lucas/Área de Trabalho/apresentação/venv/lib/python3.10/site-packages/airflow/example_dags/example_dag_decorator.py took 0.082 seconds
[2023-07-08 01:06:57,613] {processor.py:153} INFO - Started process (PID=38758) to work on /home/lucas/Área de Trabalho/apresentação/venv/lib/python3.10/site-packages/airflow/example_dags/example_dag_decorator.py
[2023-07-08 01:06:57,614] {processor.py:641} INFO - Processing file /home/lucas/Área de Trabalho/apresentação/venv/lib/python3.10/site-packages/airflow/example_dags/example_dag_decorator.py for tasks to queue
[2023-07-08 01:06:57,615] {logging_mixin.py:115} INFO - [2023-07-08 01:06:57,615] {dagbag.py:507} INFO - Filling up the DagBag from /home/lucas/Área de Trabalho/apresentação/venv/lib/python3.10/site-packages/airflow/example_dags/example_dag_decorator.py
[2023-07-08 01:06:57,666] {processor.py:651} INFO - DAG(s) dict_keys(['example_dag_decorator']) retrieved from /home/lucas/Área de Trabalho/apresentação/venv/lib/python3.10/site-packages/airflow/example_dags/example_dag_decorator.py
[2023-07-08 01:06:57,763] {logging_mixin.py:115} INFO - [2023-07-08 01:06:57,762] {dag.py:2379} INFO - Sync 1 DAGs
[2023-07-08 01:06:57,798] {logging_mixin.py:115} INFO - [2023-07-08 01:06:57,798] {dag.py:2927} INFO - Setting next_dagrun for example_dag_decorator to None, run_after=None
[2023-07-08 01:06:57,828] {processor.py:161} INFO - Processing /home/lucas/Área de Trabalho/apresentação/venv/lib/python3.10/site-packages/airflow/example_dags/example_dag_decorator.py took 0.221 seconds
[2023-07-08 01:07:37,178] {processor.py:153} INFO - Started process (PID=38900) to work on /home/lucas/Área de Trabalho/apresentação/venv/lib/python3.10/site-packages/airflow/example_dags/example_dag_decorator.py
[2023-07-08 01:07:37,180] {processor.py:641} INFO - Processing file /home/lucas/Área de Trabalho/apresentação/venv/lib/python3.10/site-packages/airflow/example_dags/example_dag_decorator.py for tasks to queue
[2023-07-08 01:07:37,181] {logging_mixin.py:115} INFO - [2023-07-08 01:07:37,180] {dagbag.py:507} INFO - Filling up the DagBag from /home/lucas/Área de Trabalho/apresentação/venv/lib/python3.10/site-packages/airflow/example_dags/example_dag_decorator.py
[2023-07-08 01:07:37,232] {processor.py:651} INFO - DAG(s) dict_keys(['example_dag_decorator']) retrieved from /home/lucas/Área de Trabalho/apresentação/venv/lib/python3.10/site-packages/airflow/example_dags/example_dag_decorator.py
[2023-07-08 01:07:37,329] {logging_mixin.py:115} INFO - [2023-07-08 01:07:37,329] {dag.py:2379} INFO - Sync 1 DAGs
[2023-07-08 01:07:37,364] {logging_mixin.py:115} INFO - [2023-07-08 01:07:37,364] {dag.py:2927} INFO - Setting next_dagrun for example_dag_decorator to None, run_after=None
[2023-07-08 01:07:37,395] {processor.py:161} INFO - Processing /home/lucas/Área de Trabalho/apresentação/venv/lib/python3.10/site-packages/airflow/example_dags/example_dag_decorator.py took 0.223 seconds
[2023-07-08 01:08:17,390] {processor.py:153} INFO - Started process (PID=38983) to work on /home/lucas/Área de Trabalho/apresentação/venv/lib/python3.10/site-packages/airflow/example_dags/example_dag_decorator.py
[2023-07-08 01:08:17,391] {processor.py:641} INFO - Processing file /home/lucas/Área de Trabalho/apresentação/venv/lib/python3.10/site-packages/airflow/example_dags/example_dag_decorator.py for tasks to queue
[2023-07-08 01:08:17,392] {logging_mixin.py:115} INFO - [2023-07-08 01:08:17,392] {dagbag.py:507} INFO - Filling up the DagBag from /home/lucas/Área de Trabalho/apresentação/venv/lib/python3.10/site-packages/airflow/example_dags/example_dag_decorator.py
[2023-07-08 01:08:17,454] {processor.py:651} INFO - DAG(s) dict_keys(['example_dag_decorator']) retrieved from /home/lucas/Área de Trabalho/apresentação/venv/lib/python3.10/site-packages/airflow/example_dags/example_dag_decorator.py
[2023-07-08 01:08:17,492] {logging_mixin.py:115} INFO - [2023-07-08 01:08:17,492] {dag.py:2379} INFO - Sync 1 DAGs
[2023-07-08 01:08:17,530] {logging_mixin.py:115} INFO - [2023-07-08 01:08:17,530] {dag.py:2927} INFO - Setting next_dagrun for example_dag_decorator to None, run_after=None
[2023-07-08 01:08:17,553] {processor.py:161} INFO - Processing /home/lucas/Área de Trabalho/apresentação/venv/lib/python3.10/site-packages/airflow/example_dags/example_dag_decorator.py took 0.170 seconds
[2023-07-08 01:08:55,580] {processor.py:153} INFO - Started process (PID=39055) to work on /home/lucas/Área de Trabalho/apresentação/venv/lib/python3.10/site-packages/airflow/example_dags/example_dag_decorator.py
[2023-07-08 01:08:55,581] {processor.py:641} INFO - Processing file /home/lucas/Área de Trabalho/apresentação/venv/lib/python3.10/site-packages/airflow/example_dags/example_dag_decorator.py for tasks to queue
[2023-07-08 01:08:55,582] {logging_mixin.py:115} INFO - [2023-07-08 01:08:55,582] {dagbag.py:507} INFO - Filling up the DagBag from /home/lucas/Área de Trabalho/apresentação/venv/lib/python3.10/site-packages/airflow/example_dags/example_dag_decorator.py
[2023-07-08 01:08:55,634] {processor.py:651} INFO - DAG(s) dict_keys(['example_dag_decorator']) retrieved from /home/lucas/Área de Trabalho/apresentação/venv/lib/python3.10/site-packages/airflow/example_dags/example_dag_decorator.py
[2023-07-08 01:08:55,734] {logging_mixin.py:115} INFO - [2023-07-08 01:08:55,733] {dag.py:2379} INFO - Sync 1 DAGs
[2023-07-08 01:08:55,772] {logging_mixin.py:115} INFO - [2023-07-08 01:08:55,772] {dag.py:2927} INFO - Setting next_dagrun for example_dag_decorator to None, run_after=None
[2023-07-08 01:08:55,804] {processor.py:161} INFO - Processing /home/lucas/Área de Trabalho/apresentação/venv/lib/python3.10/site-packages/airflow/example_dags/example_dag_decorator.py took 0.230 seconds
[2023-07-08 01:09:35,373] {processor.py:153} INFO - Started process (PID=39135) to work on /home/lucas/Área de Trabalho/apresentação/venv/lib/python3.10/site-packages/airflow/example_dags/example_dag_decorator.py
[2023-07-08 01:09:35,377] {processor.py:641} INFO - Processing file /home/lucas/Área de Trabalho/apresentação/venv/lib/python3.10/site-packages/airflow/example_dags/example_dag_decorator.py for tasks to queue
[2023-07-08 01:09:35,378] {logging_mixin.py:115} INFO - [2023-07-08 01:09:35,378] {dagbag.py:507} INFO - Filling up the DagBag from /home/lucas/Área de Trabalho/apresentação/venv/lib/python3.10/site-packages/airflow/example_dags/example_dag_decorator.py
[2023-07-08 01:09:35,430] {processor.py:651} INFO - DAG(s) dict_keys(['example_dag_decorator']) retrieved from /home/lucas/Área de Trabalho/apresentação/venv/lib/python3.10/site-packages/airflow/example_dags/example_dag_decorator.py
[2023-07-08 01:09:35,526] {logging_mixin.py:115} INFO - [2023-07-08 01:09:35,525] {dag.py:2379} INFO - Sync 1 DAGs
[2023-07-08 01:09:35,560] {logging_mixin.py:115} INFO - [2023-07-08 01:09:35,560] {dag.py:2927} INFO - Setting next_dagrun for example_dag_decorator to None, run_after=None
[2023-07-08 01:09:35,588] {processor.py:161} INFO - Processing /home/lucas/Área de Trabalho/apresentação/venv/lib/python3.10/site-packages/airflow/example_dags/example_dag_decorator.py took 0.221 seconds
[2023-07-08 01:10:17,663] {processor.py:153} INFO - Started process (PID=39229) to work on /home/lucas/Área de Trabalho/apresentação/venv/lib/python3.10/site-packages/airflow/example_dags/example_dag_decorator.py
[2023-07-08 01:10:17,667] {processor.py:641} INFO - Processing file /home/lucas/Área de Trabalho/apresentação/venv/lib/python3.10/site-packages/airflow/example_dags/example_dag_decorator.py for tasks to queue
[2023-07-08 01:10:17,668] {logging_mixin.py:115} INFO - [2023-07-08 01:10:17,668] {dagbag.py:507} INFO - Filling up the DagBag from /home/lucas/Área de Trabalho/apresentação/venv/lib/python3.10/site-packages/airflow/example_dags/example_dag_decorator.py
[2023-07-08 01:10:17,723] {processor.py:651} INFO - DAG(s) dict_keys(['example_dag_decorator']) retrieved from /home/lucas/Área de Trabalho/apresentação/venv/lib/python3.10/site-packages/airflow/example_dags/example_dag_decorator.py
[2023-07-08 01:10:17,756] {logging_mixin.py:115} INFO - [2023-07-08 01:10:17,756] {dag.py:2379} INFO - Sync 1 DAGs
[2023-07-08 01:10:17,795] {logging_mixin.py:115} INFO - [2023-07-08 01:10:17,795] {dag.py:2927} INFO - Setting next_dagrun for example_dag_decorator to None, run_after=None
[2023-07-08 01:10:17,822] {processor.py:161} INFO - Processing /home/lucas/Área de Trabalho/apresentação/venv/lib/python3.10/site-packages/airflow/example_dags/example_dag_decorator.py took 0.165 seconds
[2023-07-08 01:11:00,500] {processor.py:153} INFO - Started process (PID=39597) to work on /home/lucas/Área de Trabalho/apresentação/venv/lib/python3.10/site-packages/airflow/example_dags/example_dag_decorator.py
[2023-07-08 01:11:00,501] {processor.py:641} INFO - Processing file /home/lucas/Área de Trabalho/apresentação/venv/lib/python3.10/site-packages/airflow/example_dags/example_dag_decorator.py for tasks to queue
[2023-07-08 01:11:00,502] {logging_mixin.py:115} INFO - [2023-07-08 01:11:00,502] {dagbag.py:507} INFO - Filling up the DagBag from /home/lucas/Área de Trabalho/apresentação/venv/lib/python3.10/site-packages/airflow/example_dags/example_dag_decorator.py
[2023-07-08 01:11:00,569] {processor.py:651} INFO - DAG(s) dict_keys(['example_dag_decorator']) retrieved from /home/lucas/Área de Trabalho/apresentação/venv/lib/python3.10/site-packages/airflow/example_dags/example_dag_decorator.py
[2023-07-08 01:11:00,673] {logging_mixin.py:115} INFO - [2023-07-08 01:11:00,673] {dag.py:2379} INFO - Sync 1 DAGs
[2023-07-08 01:11:00,712] {logging_mixin.py:115} INFO - [2023-07-08 01:11:00,712] {dag.py:2927} INFO - Setting next_dagrun for example_dag_decorator to None, run_after=None
[2023-07-08 01:11:00,729] {processor.py:161} INFO - Processing /home/lucas/Área de Trabalho/apresentação/venv/lib/python3.10/site-packages/airflow/example_dags/example_dag_decorator.py took 0.237 seconds
[2023-07-08 01:11:39,825] {processor.py:153} INFO - Started process (PID=39760) to work on /home/lucas/Área de Trabalho/apresentação/venv/lib/python3.10/site-packages/airflow/example_dags/example_dag_decorator.py
[2023-07-08 01:11:39,829] {processor.py:641} INFO - Processing file /home/lucas/Área de Trabalho/apresentação/venv/lib/python3.10/site-packages/airflow/example_dags/example_dag_decorator.py for tasks to queue
[2023-07-08 01:11:39,830] {logging_mixin.py:115} INFO - [2023-07-08 01:11:39,830] {dagbag.py:507} INFO - Filling up the DagBag from /home/lucas/Área de Trabalho/apresentação/venv/lib/python3.10/site-packages/airflow/example_dags/example_dag_decorator.py
[2023-07-08 01:11:39,882] {processor.py:651} INFO - DAG(s) dict_keys(['example_dag_decorator']) retrieved from /home/lucas/Área de Trabalho/apresentação/venv/lib/python3.10/site-packages/airflow/example_dags/example_dag_decorator.py
[2023-07-08 01:11:39,981] {logging_mixin.py:115} INFO - [2023-07-08 01:11:39,981] {dag.py:2379} INFO - Sync 1 DAGs
[2023-07-08 01:11:40,019] {logging_mixin.py:115} INFO - [2023-07-08 01:11:40,019] {dag.py:2927} INFO - Setting next_dagrun for example_dag_decorator to None, run_after=None
[2023-07-08 01:11:40,045] {processor.py:161} INFO - Processing /home/lucas/Área de Trabalho/apresentação/venv/lib/python3.10/site-packages/airflow/example_dags/example_dag_decorator.py took 0.227 seconds
[2023-07-08 01:12:18,585] {processor.py:153} INFO - Started process (PID=39851) to work on /home/lucas/Área de Trabalho/apresentação/venv/lib/python3.10/site-packages/airflow/example_dags/example_dag_decorator.py
[2023-07-08 01:12:18,589] {processor.py:641} INFO - Processing file /home/lucas/Área de Trabalho/apresentação/venv/lib/python3.10/site-packages/airflow/example_dags/example_dag_decorator.py for tasks to queue
[2023-07-08 01:12:18,590] {logging_mixin.py:115} INFO - [2023-07-08 01:12:18,590] {dagbag.py:507} INFO - Filling up the DagBag from /home/lucas/Área de Trabalho/apresentação/venv/lib/python3.10/site-packages/airflow/example_dags/example_dag_decorator.py
[2023-07-08 01:12:18,641] {processor.py:651} INFO - DAG(s) dict_keys(['example_dag_decorator']) retrieved from /home/lucas/Área de Trabalho/apresentação/venv/lib/python3.10/site-packages/airflow/example_dags/example_dag_decorator.py
[2023-07-08 01:12:18,673] {logging_mixin.py:115} INFO - [2023-07-08 01:12:18,673] {dag.py:2379} INFO - Sync 1 DAGs
[2023-07-08 01:12:18,709] {logging_mixin.py:115} INFO - [2023-07-08 01:12:18,709] {dag.py:2927} INFO - Setting next_dagrun for example_dag_decorator to None, run_after=None
[2023-07-08 01:12:18,734] {processor.py:161} INFO - Processing /home/lucas/Área de Trabalho/apresentação/venv/lib/python3.10/site-packages/airflow/example_dags/example_dag_decorator.py took 0.154 seconds
[2023-07-08 01:12:58,021] {processor.py:153} INFO - Started process (PID=40014) to work on /home/lucas/Área de Trabalho/apresentação/venv/lib/python3.10/site-packages/airflow/example_dags/example_dag_decorator.py
[2023-07-08 01:12:58,025] {processor.py:641} INFO - Processing file /home/lucas/Área de Trabalho/apresentação/venv/lib/python3.10/site-packages/airflow/example_dags/example_dag_decorator.py for tasks to queue
[2023-07-08 01:12:58,026] {logging_mixin.py:115} INFO - [2023-07-08 01:12:58,026] {dagbag.py:507} INFO - Filling up the DagBag from /home/lucas/Área de Trabalho/apresentação/venv/lib/python3.10/site-packages/airflow/example_dags/example_dag_decorator.py
[2023-07-08 01:12:58,083] {processor.py:651} INFO - DAG(s) dict_keys(['example_dag_decorator']) retrieved from /home/lucas/Área de Trabalho/apresentação/venv/lib/python3.10/site-packages/airflow/example_dags/example_dag_decorator.py
[2023-07-08 01:12:58,116] {logging_mixin.py:115} INFO - [2023-07-08 01:12:58,115] {dag.py:2379} INFO - Sync 1 DAGs
[2023-07-08 01:12:58,159] {logging_mixin.py:115} INFO - [2023-07-08 01:12:58,159] {dag.py:2927} INFO - Setting next_dagrun for example_dag_decorator to None, run_after=None
[2023-07-08 01:12:58,186] {processor.py:161} INFO - Processing /home/lucas/Área de Trabalho/apresentação/venv/lib/python3.10/site-packages/airflow/example_dags/example_dag_decorator.py took 0.170 seconds
[2023-07-08 01:13:40,420] {processor.py:153} INFO - Started process (PID=40100) to work on /home/lucas/Área de Trabalho/apresentação/venv/lib/python3.10/site-packages/airflow/example_dags/example_dag_decorator.py
[2023-07-08 01:13:40,424] {processor.py:641} INFO - Processing file /home/lucas/Área de Trabalho/apresentação/venv/lib/python3.10/site-packages/airflow/example_dags/example_dag_decorator.py for tasks to queue
[2023-07-08 01:13:40,425] {logging_mixin.py:115} INFO - [2023-07-08 01:13:40,425] {dagbag.py:507} INFO - Filling up the DagBag from /home/lucas/Área de Trabalho/apresentação/venv/lib/python3.10/site-packages/airflow/example_dags/example_dag_decorator.py
[2023-07-08 01:13:40,480] {processor.py:651} INFO - DAG(s) dict_keys(['example_dag_decorator']) retrieved from /home/lucas/Área de Trabalho/apresentação/venv/lib/python3.10/site-packages/airflow/example_dags/example_dag_decorator.py
[2023-07-08 01:13:40,585] {logging_mixin.py:115} INFO - [2023-07-08 01:13:40,585] {dag.py:2379} INFO - Sync 1 DAGs
[2023-07-08 01:13:40,624] {logging_mixin.py:115} INFO - [2023-07-08 01:13:40,623] {dag.py:2927} INFO - Setting next_dagrun for example_dag_decorator to None, run_after=None
[2023-07-08 01:13:40,656] {processor.py:161} INFO - Processing /home/lucas/Área de Trabalho/apresentação/venv/lib/python3.10/site-packages/airflow/example_dags/example_dag_decorator.py took 0.242 seconds
[2023-07-08 01:14:20,037] {processor.py:153} INFO - Started process (PID=40216) to work on /home/lucas/Área de Trabalho/apresentação/venv/lib/python3.10/site-packages/airflow/example_dags/example_dag_decorator.py
[2023-07-08 01:14:20,038] {processor.py:641} INFO - Processing file /home/lucas/Área de Trabalho/apresentação/venv/lib/python3.10/site-packages/airflow/example_dags/example_dag_decorator.py for tasks to queue
[2023-07-08 01:14:20,038] {logging_mixin.py:115} INFO - [2023-07-08 01:14:20,038] {dagbag.py:507} INFO - Filling up the DagBag from /home/lucas/Área de Trabalho/apresentação/venv/lib/python3.10/site-packages/airflow/example_dags/example_dag_decorator.py
[2023-07-08 01:14:20,055] {processor.py:651} INFO - DAG(s) dict_keys(['example_dag_decorator']) retrieved from /home/lucas/Área de Trabalho/apresentação/venv/lib/python3.10/site-packages/airflow/example_dags/example_dag_decorator.py
[2023-07-08 01:14:20,065] {logging_mixin.py:115} INFO - [2023-07-08 01:14:20,065] {dag.py:2379} INFO - Sync 1 DAGs
[2023-07-08 01:14:20,079] {logging_mixin.py:115} INFO - [2023-07-08 01:14:20,079] {dag.py:2927} INFO - Setting next_dagrun for example_dag_decorator to None, run_after=None
[2023-07-08 01:14:20,089] {processor.py:161} INFO - Processing /home/lucas/Área de Trabalho/apresentação/venv/lib/python3.10/site-packages/airflow/example_dags/example_dag_decorator.py took 0.054 seconds
[2023-07-08 01:14:58,395] {processor.py:153} INFO - Started process (PID=40401) to work on /home/lucas/Área de Trabalho/apresentação/venv/lib/python3.10/site-packages/airflow/example_dags/example_dag_decorator.py
[2023-07-08 01:14:58,399] {processor.py:641} INFO - Processing file /home/lucas/Área de Trabalho/apresentação/venv/lib/python3.10/site-packages/airflow/example_dags/example_dag_decorator.py for tasks to queue
[2023-07-08 01:14:58,400] {logging_mixin.py:115} INFO - [2023-07-08 01:14:58,400] {dagbag.py:507} INFO - Filling up the DagBag from /home/lucas/Área de Trabalho/apresentação/venv/lib/python3.10/site-packages/airflow/example_dags/example_dag_decorator.py
[2023-07-08 01:14:58,457] {processor.py:651} INFO - DAG(s) dict_keys(['example_dag_decorator']) retrieved from /home/lucas/Área de Trabalho/apresentação/venv/lib/python3.10/site-packages/airflow/example_dags/example_dag_decorator.py
[2023-07-08 01:14:58,492] {logging_mixin.py:115} INFO - [2023-07-08 01:14:58,492] {dag.py:2379} INFO - Sync 1 DAGs
[2023-07-08 01:14:58,535] {logging_mixin.py:115} INFO - [2023-07-08 01:14:58,535] {dag.py:2927} INFO - Setting next_dagrun for example_dag_decorator to None, run_after=None
[2023-07-08 01:14:58,563] {processor.py:161} INFO - Processing /home/lucas/Área de Trabalho/apresentação/venv/lib/python3.10/site-packages/airflow/example_dags/example_dag_decorator.py took 0.174 seconds
[2023-07-08 01:15:36,916] {processor.py:153} INFO - Started process (PID=40541) to work on /home/lucas/Área de Trabalho/apresentação/venv/lib/python3.10/site-packages/airflow/example_dags/example_dag_decorator.py
[2023-07-08 01:15:36,917] {processor.py:641} INFO - Processing file /home/lucas/Área de Trabalho/apresentação/venv/lib/python3.10/site-packages/airflow/example_dags/example_dag_decorator.py for tasks to queue
[2023-07-08 01:15:36,919] {logging_mixin.py:115} INFO - [2023-07-08 01:15:36,918] {dagbag.py:507} INFO - Filling up the DagBag from /home/lucas/Área de Trabalho/apresentação/venv/lib/python3.10/site-packages/airflow/example_dags/example_dag_decorator.py
[2023-07-08 01:15:36,982] {processor.py:651} INFO - DAG(s) dict_keys(['example_dag_decorator']) retrieved from /home/lucas/Área de Trabalho/apresentação/venv/lib/python3.10/site-packages/airflow/example_dags/example_dag_decorator.py
[2023-07-08 01:15:37,016] {logging_mixin.py:115} INFO - [2023-07-08 01:15:37,015] {dag.py:2379} INFO - Sync 1 DAGs
[2023-07-08 01:15:37,059] {logging_mixin.py:115} INFO - [2023-07-08 01:15:37,058] {dag.py:2927} INFO - Setting next_dagrun for example_dag_decorator to None, run_after=None
[2023-07-08 01:15:37,086] {processor.py:161} INFO - Processing /home/lucas/Área de Trabalho/apresentação/venv/lib/python3.10/site-packages/airflow/example_dags/example_dag_decorator.py took 0.177 seconds
[2023-07-08 01:16:41,347] {processor.py:153} INFO - Started process (PID=41045) to work on /home/lucas/Área de Trabalho/apresentação/venv/lib/python3.10/site-packages/airflow/example_dags/example_dag_decorator.py
[2023-07-08 01:16:41,354] {processor.py:641} INFO - Processing file /home/lucas/Área de Trabalho/apresentação/venv/lib/python3.10/site-packages/airflow/example_dags/example_dag_decorator.py for tasks to queue
[2023-07-08 01:16:41,354] {logging_mixin.py:115} INFO - [2023-07-08 01:16:41,354] {dagbag.py:507} INFO - Filling up the DagBag from /home/lucas/Área de Trabalho/apresentação/venv/lib/python3.10/site-packages/airflow/example_dags/example_dag_decorator.py
[2023-07-08 01:16:41,458] {processor.py:651} INFO - DAG(s) dict_keys(['example_dag_decorator']) retrieved from /home/lucas/Área de Trabalho/apresentação/venv/lib/python3.10/site-packages/airflow/example_dags/example_dag_decorator.py
[2023-07-08 01:16:41,599] {logging_mixin.py:115} INFO - [2023-07-08 01:16:41,599] {dag.py:2379} INFO - Sync 1 DAGs
[2023-07-08 01:16:41,630] {logging_mixin.py:115} INFO - [2023-07-08 01:16:41,630] {dag.py:2927} INFO - Setting next_dagrun for example_dag_decorator to None, run_after=None
[2023-07-08 01:16:41,735] {processor.py:161} INFO - Processing /home/lucas/Área de Trabalho/apresentação/venv/lib/python3.10/site-packages/airflow/example_dags/example_dag_decorator.py took 0.405 seconds
[2023-07-08 01:18:09,721] {processor.py:153} INFO - Started process (PID=41398) to work on /home/lucas/Área de Trabalho/apresentação/venv/lib/python3.10/site-packages/airflow/example_dags/example_dag_decorator.py
[2023-07-08 01:18:09,725] {processor.py:641} INFO - Processing file /home/lucas/Área de Trabalho/apresentação/venv/lib/python3.10/site-packages/airflow/example_dags/example_dag_decorator.py for tasks to queue
[2023-07-08 01:18:09,726] {logging_mixin.py:115} INFO - [2023-07-08 01:18:09,726] {dagbag.py:507} INFO - Filling up the DagBag from /home/lucas/Área de Trabalho/apresentação/venv/lib/python3.10/site-packages/airflow/example_dags/example_dag_decorator.py
[2023-07-08 01:18:09,778] {processor.py:651} INFO - DAG(s) dict_keys(['example_dag_decorator']) retrieved from /home/lucas/Área de Trabalho/apresentação/venv/lib/python3.10/site-packages/airflow/example_dags/example_dag_decorator.py
[2023-07-08 01:18:09,809] {logging_mixin.py:115} INFO - [2023-07-08 01:18:09,808] {dag.py:2379} INFO - Sync 1 DAGs
[2023-07-08 01:18:09,843] {logging_mixin.py:115} INFO - [2023-07-08 01:18:09,843] {dag.py:2927} INFO - Setting next_dagrun for example_dag_decorator to None, run_after=None
[2023-07-08 01:18:09,867] {processor.py:161} INFO - Processing /home/lucas/Área de Trabalho/apresentação/venv/lib/python3.10/site-packages/airflow/example_dags/example_dag_decorator.py took 0.151 seconds
[2023-07-08 01:18:47,274] {processor.py:153} INFO - Started process (PID=41472) to work on /home/lucas/Área de Trabalho/apresentação/venv/lib/python3.10/site-packages/airflow/example_dags/example_dag_decorator.py
[2023-07-08 01:18:47,278] {processor.py:641} INFO - Processing file /home/lucas/Área de Trabalho/apresentação/venv/lib/python3.10/site-packages/airflow/example_dags/example_dag_decorator.py for tasks to queue
[2023-07-08 01:18:47,279] {logging_mixin.py:115} INFO - [2023-07-08 01:18:47,279] {dagbag.py:507} INFO - Filling up the DagBag from /home/lucas/Área de Trabalho/apresentação/venv/lib/python3.10/site-packages/airflow/example_dags/example_dag_decorator.py
[2023-07-08 01:18:47,331] {processor.py:651} INFO - DAG(s) dict_keys(['example_dag_decorator']) retrieved from /home/lucas/Área de Trabalho/apresentação/venv/lib/python3.10/site-packages/airflow/example_dags/example_dag_decorator.py
[2023-07-08 01:18:47,363] {logging_mixin.py:115} INFO - [2023-07-08 01:18:47,363] {dag.py:2379} INFO - Sync 1 DAGs
[2023-07-08 01:18:47,398] {logging_mixin.py:115} INFO - [2023-07-08 01:18:47,398] {dag.py:2927} INFO - Setting next_dagrun for example_dag_decorator to None, run_after=None
[2023-07-08 01:18:47,421] {processor.py:161} INFO - Processing /home/lucas/Área de Trabalho/apresentação/venv/lib/python3.10/site-packages/airflow/example_dags/example_dag_decorator.py took 0.153 seconds
[2023-07-08 01:19:25,962] {processor.py:153} INFO - Started process (PID=41563) to work on /home/lucas/Área de Trabalho/apresentação/venv/lib/python3.10/site-packages/airflow/example_dags/example_dag_decorator.py
[2023-07-08 01:19:25,966] {processor.py:641} INFO - Processing file /home/lucas/Área de Trabalho/apresentação/venv/lib/python3.10/site-packages/airflow/example_dags/example_dag_decorator.py for tasks to queue
[2023-07-08 01:19:25,967] {logging_mixin.py:115} INFO - [2023-07-08 01:19:25,966] {dagbag.py:507} INFO - Filling up the DagBag from /home/lucas/Área de Trabalho/apresentação/venv/lib/python3.10/site-packages/airflow/example_dags/example_dag_decorator.py
[2023-07-08 01:19:26,017] {processor.py:651} INFO - DAG(s) dict_keys(['example_dag_decorator']) retrieved from /home/lucas/Área de Trabalho/apresentação/venv/lib/python3.10/site-packages/airflow/example_dags/example_dag_decorator.py
[2023-07-08 01:19:26,048] {logging_mixin.py:115} INFO - [2023-07-08 01:19:26,048] {dag.py:2379} INFO - Sync 1 DAGs
[2023-07-08 01:19:26,085] {logging_mixin.py:115} INFO - [2023-07-08 01:19:26,085] {dag.py:2927} INFO - Setting next_dagrun for example_dag_decorator to None, run_after=None
[2023-07-08 01:19:26,111] {processor.py:161} INFO - Processing /home/lucas/Área de Trabalho/apresentação/venv/lib/python3.10/site-packages/airflow/example_dags/example_dag_decorator.py took 0.155 seconds
[2023-07-08 01:20:04,727] {processor.py:153} INFO - Started process (PID=41650) to work on /home/lucas/Área de Trabalho/apresentação/venv/lib/python3.10/site-packages/airflow/example_dags/example_dag_decorator.py
[2023-07-08 01:20:04,731] {processor.py:641} INFO - Processing file /home/lucas/Área de Trabalho/apresentação/venv/lib/python3.10/site-packages/airflow/example_dags/example_dag_decorator.py for tasks to queue
[2023-07-08 01:20:04,732] {logging_mixin.py:115} INFO - [2023-07-08 01:20:04,731] {dagbag.py:507} INFO - Filling up the DagBag from /home/lucas/Área de Trabalho/apresentação/venv/lib/python3.10/site-packages/airflow/example_dags/example_dag_decorator.py
[2023-07-08 01:20:04,786] {processor.py:651} INFO - DAG(s) dict_keys(['example_dag_decorator']) retrieved from /home/lucas/Área de Trabalho/apresentação/venv/lib/python3.10/site-packages/airflow/example_dags/example_dag_decorator.py
[2023-07-08 01:20:04,822] {logging_mixin.py:115} INFO - [2023-07-08 01:20:04,821] {dag.py:2379} INFO - Sync 1 DAGs
[2023-07-08 01:20:04,864] {logging_mixin.py:115} INFO - [2023-07-08 01:20:04,863] {dag.py:2927} INFO - Setting next_dagrun for example_dag_decorator to None, run_after=None
[2023-07-08 01:20:04,898] {processor.py:161} INFO - Processing /home/lucas/Área de Trabalho/apresentação/venv/lib/python3.10/site-packages/airflow/example_dags/example_dag_decorator.py took 0.176 seconds
[2023-07-08 10:16:34,581] {processor.py:153} INFO - Started process (PID=4815) to work on /home/lucas/Área de Trabalho/apresentação/venv/lib/python3.10/site-packages/airflow/example_dags/example_dag_decorator.py
[2023-07-08 10:16:34,582] {processor.py:641} INFO - Processing file /home/lucas/Área de Trabalho/apresentação/venv/lib/python3.10/site-packages/airflow/example_dags/example_dag_decorator.py for tasks to queue
[2023-07-08 10:16:34,584] {logging_mixin.py:115} INFO - [2023-07-08 10:16:34,583] {dagbag.py:507} INFO - Filling up the DagBag from /home/lucas/Área de Trabalho/apresentação/venv/lib/python3.10/site-packages/airflow/example_dags/example_dag_decorator.py
[2023-07-08 10:16:34,636] {processor.py:651} INFO - DAG(s) dict_keys(['example_dag_decorator']) retrieved from /home/lucas/Área de Trabalho/apresentação/venv/lib/python3.10/site-packages/airflow/example_dags/example_dag_decorator.py
[2023-07-08 10:16:34,739] {logging_mixin.py:115} INFO - [2023-07-08 10:16:34,739] {dag.py:2379} INFO - Sync 1 DAGs
[2023-07-08 10:16:34,781] {logging_mixin.py:115} INFO - [2023-07-08 10:16:34,781] {dag.py:2927} INFO - Setting next_dagrun for example_dag_decorator to None, run_after=None
[2023-07-08 10:16:34,809] {processor.py:161} INFO - Processing /home/lucas/Área de Trabalho/apresentação/venv/lib/python3.10/site-packages/airflow/example_dags/example_dag_decorator.py took 0.234 seconds
[2023-07-08 10:17:11,346] {processor.py:153} INFO - Started process (PID=5214) to work on /home/lucas/Área de Trabalho/apresentação/venv/lib/python3.10/site-packages/airflow/example_dags/example_dag_decorator.py
[2023-07-08 10:17:11,349] {processor.py:641} INFO - Processing file /home/lucas/Área de Trabalho/apresentação/venv/lib/python3.10/site-packages/airflow/example_dags/example_dag_decorator.py for tasks to queue
[2023-07-08 10:17:11,350] {logging_mixin.py:115} INFO - [2023-07-08 10:17:11,350] {dagbag.py:507} INFO - Filling up the DagBag from /home/lucas/Área de Trabalho/apresentação/venv/lib/python3.10/site-packages/airflow/example_dags/example_dag_decorator.py
[2023-07-08 10:17:11,373] {processor.py:651} INFO - DAG(s) dict_keys(['example_dag_decorator']) retrieved from /home/lucas/Área de Trabalho/apresentação/venv/lib/python3.10/site-packages/airflow/example_dags/example_dag_decorator.py
[2023-07-08 10:17:11,414] {logging_mixin.py:115} INFO - [2023-07-08 10:17:11,414] {dag.py:2379} INFO - Sync 1 DAGs
[2023-07-08 10:17:11,430] {logging_mixin.py:115} INFO - [2023-07-08 10:17:11,430] {dag.py:2927} INFO - Setting next_dagrun for example_dag_decorator to None, run_after=None
[2023-07-08 10:17:11,446] {processor.py:161} INFO - Processing /home/lucas/Área de Trabalho/apresentação/venv/lib/python3.10/site-packages/airflow/example_dags/example_dag_decorator.py took 0.103 seconds
[2023-07-08 10:17:48,199] {processor.py:153} INFO - Started process (PID=5536) to work on /home/lucas/Área de Trabalho/apresentação/venv/lib/python3.10/site-packages/airflow/example_dags/example_dag_decorator.py
[2023-07-08 10:17:48,203] {processor.py:641} INFO - Processing file /home/lucas/Área de Trabalho/apresentação/venv/lib/python3.10/site-packages/airflow/example_dags/example_dag_decorator.py for tasks to queue
[2023-07-08 10:17:48,204] {logging_mixin.py:115} INFO - [2023-07-08 10:17:48,204] {dagbag.py:507} INFO - Filling up the DagBag from /home/lucas/Área de Trabalho/apresentação/venv/lib/python3.10/site-packages/airflow/example_dags/example_dag_decorator.py
[2023-07-08 10:17:48,256] {processor.py:651} INFO - DAG(s) dict_keys(['example_dag_decorator']) retrieved from /home/lucas/Área de Trabalho/apresentação/venv/lib/python3.10/site-packages/airflow/example_dags/example_dag_decorator.py
[2023-07-08 10:17:48,288] {logging_mixin.py:115} INFO - [2023-07-08 10:17:48,287] {dag.py:2379} INFO - Sync 1 DAGs
[2023-07-08 10:17:48,326] {logging_mixin.py:115} INFO - [2023-07-08 10:17:48,325] {dag.py:2927} INFO - Setting next_dagrun for example_dag_decorator to None, run_after=None
[2023-07-08 10:17:48,353] {processor.py:161} INFO - Processing /home/lucas/Área de Trabalho/apresentação/venv/lib/python3.10/site-packages/airflow/example_dags/example_dag_decorator.py took 0.159 seconds
[2023-07-08 10:18:26,191] {processor.py:153} INFO - Started process (PID=5607) to work on /home/lucas/Área de Trabalho/apresentação/venv/lib/python3.10/site-packages/airflow/example_dags/example_dag_decorator.py
[2023-07-08 10:18:26,195] {processor.py:641} INFO - Processing file /home/lucas/Área de Trabalho/apresentação/venv/lib/python3.10/site-packages/airflow/example_dags/example_dag_decorator.py for tasks to queue
[2023-07-08 10:18:26,196] {logging_mixin.py:115} INFO - [2023-07-08 10:18:26,196] {dagbag.py:507} INFO - Filling up the DagBag from /home/lucas/Área de Trabalho/apresentação/venv/lib/python3.10/site-packages/airflow/example_dags/example_dag_decorator.py
[2023-07-08 10:18:26,248] {processor.py:651} INFO - DAG(s) dict_keys(['example_dag_decorator']) retrieved from /home/lucas/Área de Trabalho/apresentação/venv/lib/python3.10/site-packages/airflow/example_dags/example_dag_decorator.py
[2023-07-08 10:18:26,349] {logging_mixin.py:115} INFO - [2023-07-08 10:18:26,349] {dag.py:2379} INFO - Sync 1 DAGs
[2023-07-08 10:18:26,388] {logging_mixin.py:115} INFO - [2023-07-08 10:18:26,388] {dag.py:2927} INFO - Setting next_dagrun for example_dag_decorator to None, run_after=None
[2023-07-08 10:18:26,420] {processor.py:161} INFO - Processing /home/lucas/Área de Trabalho/apresentação/venv/lib/python3.10/site-packages/airflow/example_dags/example_dag_decorator.py took 0.234 seconds
[2023-07-08 10:19:05,337] {processor.py:153} INFO - Started process (PID=5692) to work on /home/lucas/Área de Trabalho/apresentação/venv/lib/python3.10/site-packages/airflow/example_dags/example_dag_decorator.py
[2023-07-08 10:19:05,341] {processor.py:641} INFO - Processing file /home/lucas/Área de Trabalho/apresentação/venv/lib/python3.10/site-packages/airflow/example_dags/example_dag_decorator.py for tasks to queue
[2023-07-08 10:19:05,342] {logging_mixin.py:115} INFO - [2023-07-08 10:19:05,342] {dagbag.py:507} INFO - Filling up the DagBag from /home/lucas/Área de Trabalho/apresentação/venv/lib/python3.10/site-packages/airflow/example_dags/example_dag_decorator.py
[2023-07-08 10:19:05,393] {processor.py:651} INFO - DAG(s) dict_keys(['example_dag_decorator']) retrieved from /home/lucas/Área de Trabalho/apresentação/venv/lib/python3.10/site-packages/airflow/example_dags/example_dag_decorator.py
[2023-07-08 10:19:05,425] {logging_mixin.py:115} INFO - [2023-07-08 10:19:05,425] {dag.py:2379} INFO - Sync 1 DAGs
[2023-07-08 10:19:05,463] {logging_mixin.py:115} INFO - [2023-07-08 10:19:05,462] {dag.py:2927} INFO - Setting next_dagrun for example_dag_decorator to None, run_after=None
[2023-07-08 10:19:05,488] {processor.py:161} INFO - Processing /home/lucas/Área de Trabalho/apresentação/venv/lib/python3.10/site-packages/airflow/example_dags/example_dag_decorator.py took 0.156 seconds
[2023-07-08 10:19:42,606] {processor.py:153} INFO - Started process (PID=5757) to work on /home/lucas/Área de Trabalho/apresentação/venv/lib/python3.10/site-packages/airflow/example_dags/example_dag_decorator.py
[2023-07-08 10:19:42,608] {processor.py:641} INFO - Processing file /home/lucas/Área de Trabalho/apresentação/venv/lib/python3.10/site-packages/airflow/example_dags/example_dag_decorator.py for tasks to queue
[2023-07-08 10:19:42,609] {logging_mixin.py:115} INFO - [2023-07-08 10:19:42,609] {dagbag.py:507} INFO - Filling up the DagBag from /home/lucas/Área de Trabalho/apresentação/venv/lib/python3.10/site-packages/airflow/example_dags/example_dag_decorator.py
[2023-07-08 10:19:42,660] {processor.py:651} INFO - DAG(s) dict_keys(['example_dag_decorator']) retrieved from /home/lucas/Área de Trabalho/apresentação/venv/lib/python3.10/site-packages/airflow/example_dags/example_dag_decorator.py
[2023-07-08 10:19:42,761] {logging_mixin.py:115} INFO - [2023-07-08 10:19:42,760] {dag.py:2379} INFO - Sync 1 DAGs
[2023-07-08 10:19:42,801] {logging_mixin.py:115} INFO - [2023-07-08 10:19:42,801] {dag.py:2927} INFO - Setting next_dagrun for example_dag_decorator to None, run_after=None
[2023-07-08 10:19:42,833] {processor.py:161} INFO - Processing /home/lucas/Área de Trabalho/apresentação/venv/lib/python3.10/site-packages/airflow/example_dags/example_dag_decorator.py took 0.233 seconds
[2023-07-08 10:20:23,664] {processor.py:153} INFO - Started process (PID=5828) to work on /home/lucas/Área de Trabalho/apresentação/venv/lib/python3.10/site-packages/airflow/example_dags/example_dag_decorator.py
[2023-07-08 10:20:23,667] {processor.py:641} INFO - Processing file /home/lucas/Área de Trabalho/apresentação/venv/lib/python3.10/site-packages/airflow/example_dags/example_dag_decorator.py for tasks to queue
[2023-07-08 10:20:23,669] {logging_mixin.py:115} INFO - [2023-07-08 10:20:23,668] {dagbag.py:507} INFO - Filling up the DagBag from /home/lucas/Área de Trabalho/apresentação/venv/lib/python3.10/site-packages/airflow/example_dags/example_dag_decorator.py
[2023-07-08 10:20:23,720] {processor.py:651} INFO - DAG(s) dict_keys(['example_dag_decorator']) retrieved from /home/lucas/Área de Trabalho/apresentação/venv/lib/python3.10/site-packages/airflow/example_dags/example_dag_decorator.py
[2023-07-08 10:20:23,820] {logging_mixin.py:115} INFO - [2023-07-08 10:20:23,819] {dag.py:2379} INFO - Sync 1 DAGs
[2023-07-08 10:20:23,858] {logging_mixin.py:115} INFO - [2023-07-08 10:20:23,858] {dag.py:2927} INFO - Setting next_dagrun for example_dag_decorator to None, run_after=None
[2023-07-08 10:20:23,890] {processor.py:161} INFO - Processing /home/lucas/Área de Trabalho/apresentação/venv/lib/python3.10/site-packages/airflow/example_dags/example_dag_decorator.py took 0.232 seconds
[2023-07-08 10:21:02,048] {processor.py:153} INFO - Started process (PID=5894) to work on /home/lucas/Área de Trabalho/apresentação/venv/lib/python3.10/site-packages/airflow/example_dags/example_dag_decorator.py
[2023-07-08 10:21:02,052] {processor.py:641} INFO - Processing file /home/lucas/Área de Trabalho/apresentação/venv/lib/python3.10/site-packages/airflow/example_dags/example_dag_decorator.py for tasks to queue
[2023-07-08 10:21:02,053] {logging_mixin.py:115} INFO - [2023-07-08 10:21:02,053] {dagbag.py:507} INFO - Filling up the DagBag from /home/lucas/Área de Trabalho/apresentação/venv/lib/python3.10/site-packages/airflow/example_dags/example_dag_decorator.py
[2023-07-08 10:21:02,104] {processor.py:651} INFO - DAG(s) dict_keys(['example_dag_decorator']) retrieved from /home/lucas/Área de Trabalho/apresentação/venv/lib/python3.10/site-packages/airflow/example_dags/example_dag_decorator.py
[2023-07-08 10:21:02,203] {logging_mixin.py:115} INFO - [2023-07-08 10:21:02,203] {dag.py:2379} INFO - Sync 1 DAGs
[2023-07-08 10:21:02,241] {logging_mixin.py:115} INFO - [2023-07-08 10:21:02,241] {dag.py:2927} INFO - Setting next_dagrun for example_dag_decorator to None, run_after=None
[2023-07-08 10:21:02,273] {processor.py:161} INFO - Processing /home/lucas/Área de Trabalho/apresentação/venv/lib/python3.10/site-packages/airflow/example_dags/example_dag_decorator.py took 0.231 seconds
[2023-07-08 10:21:48,552] {processor.py:153} INFO - Started process (PID=6027) to work on /home/lucas/Área de Trabalho/apresentação/venv/lib/python3.10/site-packages/airflow/example_dags/example_dag_decorator.py
[2023-07-08 10:21:48,553] {processor.py:641} INFO - Processing file /home/lucas/Área de Trabalho/apresentação/venv/lib/python3.10/site-packages/airflow/example_dags/example_dag_decorator.py for tasks to queue
[2023-07-08 10:21:48,554] {logging_mixin.py:115} INFO - [2023-07-08 10:21:48,554] {dagbag.py:507} INFO - Filling up the DagBag from /home/lucas/Área de Trabalho/apresentação/venv/lib/python3.10/site-packages/airflow/example_dags/example_dag_decorator.py
[2023-07-08 10:21:48,608] {processor.py:651} INFO - DAG(s) dict_keys(['example_dag_decorator']) retrieved from /home/lucas/Área de Trabalho/apresentação/venv/lib/python3.10/site-packages/airflow/example_dags/example_dag_decorator.py
[2023-07-08 10:21:48,707] {logging_mixin.py:115} INFO - [2023-07-08 10:21:48,707] {dag.py:2379} INFO - Sync 1 DAGs
[2023-07-08 10:21:48,746] {logging_mixin.py:115} INFO - [2023-07-08 10:21:48,746] {dag.py:2927} INFO - Setting next_dagrun for example_dag_decorator to None, run_after=None
[2023-07-08 10:21:48,778] {processor.py:161} INFO - Processing /home/lucas/Área de Trabalho/apresentação/venv/lib/python3.10/site-packages/airflow/example_dags/example_dag_decorator.py took 0.232 seconds
[2023-07-08 10:22:27,822] {processor.py:153} INFO - Started process (PID=6093) to work on /home/lucas/Área de Trabalho/apresentação/venv/lib/python3.10/site-packages/airflow/example_dags/example_dag_decorator.py
[2023-07-08 10:22:27,826] {processor.py:641} INFO - Processing file /home/lucas/Área de Trabalho/apresentação/venv/lib/python3.10/site-packages/airflow/example_dags/example_dag_decorator.py for tasks to queue
[2023-07-08 10:22:27,827] {logging_mixin.py:115} INFO - [2023-07-08 10:22:27,827] {dagbag.py:507} INFO - Filling up the DagBag from /home/lucas/Área de Trabalho/apresentação/venv/lib/python3.10/site-packages/airflow/example_dags/example_dag_decorator.py
[2023-07-08 10:22:27,879] {processor.py:651} INFO - DAG(s) dict_keys(['example_dag_decorator']) retrieved from /home/lucas/Área de Trabalho/apresentação/venv/lib/python3.10/site-packages/airflow/example_dags/example_dag_decorator.py
[2023-07-08 10:22:27,911] {logging_mixin.py:115} INFO - [2023-07-08 10:22:27,911] {dag.py:2379} INFO - Sync 1 DAGs
[2023-07-08 10:22:27,949] {logging_mixin.py:115} INFO - [2023-07-08 10:22:27,949] {dag.py:2927} INFO - Setting next_dagrun for example_dag_decorator to None, run_after=None
[2023-07-08 10:22:27,975] {processor.py:161} INFO - Processing /home/lucas/Área de Trabalho/apresentação/venv/lib/python3.10/site-packages/airflow/example_dags/example_dag_decorator.py took 0.158 seconds
[2023-07-08 10:23:07,425] {processor.py:153} INFO - Started process (PID=6197) to work on /home/lucas/Área de Trabalho/apresentação/venv/lib/python3.10/site-packages/airflow/example_dags/example_dag_decorator.py
[2023-07-08 10:23:07,429] {processor.py:641} INFO - Processing file /home/lucas/Área de Trabalho/apresentação/venv/lib/python3.10/site-packages/airflow/example_dags/example_dag_decorator.py for tasks to queue
[2023-07-08 10:23:07,430] {logging_mixin.py:115} INFO - [2023-07-08 10:23:07,429] {dagbag.py:507} INFO - Filling up the DagBag from /home/lucas/Área de Trabalho/apresentação/venv/lib/python3.10/site-packages/airflow/example_dags/example_dag_decorator.py
[2023-07-08 10:23:07,481] {processor.py:651} INFO - DAG(s) dict_keys(['example_dag_decorator']) retrieved from /home/lucas/Área de Trabalho/apresentação/venv/lib/python3.10/site-packages/airflow/example_dags/example_dag_decorator.py
[2023-07-08 10:23:07,580] {logging_mixin.py:115} INFO - [2023-07-08 10:23:07,580] {dag.py:2379} INFO - Sync 1 DAGs
[2023-07-08 10:23:07,617] {logging_mixin.py:115} INFO - [2023-07-08 10:23:07,617] {dag.py:2927} INFO - Setting next_dagrun for example_dag_decorator to None, run_after=None
[2023-07-08 10:23:07,649] {processor.py:161} INFO - Processing /home/lucas/Área de Trabalho/apresentação/venv/lib/python3.10/site-packages/airflow/example_dags/example_dag_decorator.py took 0.230 seconds
[2023-07-08 10:23:42,308] {processor.py:153} INFO - Started process (PID=6258) to work on /home/lucas/Área de Trabalho/apresentação/venv/lib/python3.10/site-packages/airflow/example_dags/example_dag_decorator.py
[2023-07-08 10:23:42,312] {processor.py:641} INFO - Processing file /home/lucas/Área de Trabalho/apresentação/venv/lib/python3.10/site-packages/airflow/example_dags/example_dag_decorator.py for tasks to queue
[2023-07-08 10:23:42,313] {logging_mixin.py:115} INFO - [2023-07-08 10:23:42,312] {dagbag.py:507} INFO - Filling up the DagBag from /home/lucas/Área de Trabalho/apresentação/venv/lib/python3.10/site-packages/airflow/example_dags/example_dag_decorator.py
[2023-07-08 10:23:42,365] {processor.py:651} INFO - DAG(s) dict_keys(['example_dag_decorator']) retrieved from /home/lucas/Área de Trabalho/apresentação/venv/lib/python3.10/site-packages/airflow/example_dags/example_dag_decorator.py
[2023-07-08 10:23:42,464] {logging_mixin.py:115} INFO - [2023-07-08 10:23:42,464] {dag.py:2379} INFO - Sync 1 DAGs
[2023-07-08 10:23:42,504] {logging_mixin.py:115} INFO - [2023-07-08 10:23:42,504] {dag.py:2927} INFO - Setting next_dagrun for example_dag_decorator to None, run_after=None
[2023-07-08 10:23:42,535] {processor.py:161} INFO - Processing /home/lucas/Área de Trabalho/apresentação/venv/lib/python3.10/site-packages/airflow/example_dags/example_dag_decorator.py took 0.233 seconds
[2023-07-08 10:24:23,601] {processor.py:153} INFO - Started process (PID=6325) to work on /home/lucas/Área de Trabalho/apresentação/venv/lib/python3.10/site-packages/airflow/example_dags/example_dag_decorator.py
[2023-07-08 10:24:23,605] {processor.py:641} INFO - Processing file /home/lucas/Área de Trabalho/apresentação/venv/lib/python3.10/site-packages/airflow/example_dags/example_dag_decorator.py for tasks to queue
[2023-07-08 10:24:23,606] {logging_mixin.py:115} INFO - [2023-07-08 10:24:23,606] {dagbag.py:507} INFO - Filling up the DagBag from /home/lucas/Área de Trabalho/apresentação/venv/lib/python3.10/site-packages/airflow/example_dags/example_dag_decorator.py
[2023-07-08 10:24:23,657] {processor.py:651} INFO - DAG(s) dict_keys(['example_dag_decorator']) retrieved from /home/lucas/Área de Trabalho/apresentação/venv/lib/python3.10/site-packages/airflow/example_dags/example_dag_decorator.py
[2023-07-08 10:24:23,689] {logging_mixin.py:115} INFO - [2023-07-08 10:24:23,689] {dag.py:2379} INFO - Sync 1 DAGs
[2023-07-08 10:24:23,727] {logging_mixin.py:115} INFO - [2023-07-08 10:24:23,727] {dag.py:2927} INFO - Setting next_dagrun for example_dag_decorator to None, run_after=None
[2023-07-08 10:24:23,754] {processor.py:161} INFO - Processing /home/lucas/Área de Trabalho/apresentação/venv/lib/python3.10/site-packages/airflow/example_dags/example_dag_decorator.py took 0.159 seconds
[2023-07-08 10:24:59,254] {processor.py:153} INFO - Started process (PID=6397) to work on /home/lucas/Área de Trabalho/apresentação/venv/lib/python3.10/site-packages/airflow/example_dags/example_dag_decorator.py
[2023-07-08 10:24:59,258] {processor.py:641} INFO - Processing file /home/lucas/Área de Trabalho/apresentação/venv/lib/python3.10/site-packages/airflow/example_dags/example_dag_decorator.py for tasks to queue
[2023-07-08 10:24:59,259] {logging_mixin.py:115} INFO - [2023-07-08 10:24:59,259] {dagbag.py:507} INFO - Filling up the DagBag from /home/lucas/Área de Trabalho/apresentação/venv/lib/python3.10/site-packages/airflow/example_dags/example_dag_decorator.py
[2023-07-08 10:24:59,311] {processor.py:651} INFO - DAG(s) dict_keys(['example_dag_decorator']) retrieved from /home/lucas/Área de Trabalho/apresentação/venv/lib/python3.10/site-packages/airflow/example_dags/example_dag_decorator.py
[2023-07-08 10:24:59,343] {logging_mixin.py:115} INFO - [2023-07-08 10:24:59,342] {dag.py:2379} INFO - Sync 1 DAGs
[2023-07-08 10:24:59,380] {logging_mixin.py:115} INFO - [2023-07-08 10:24:59,380] {dag.py:2927} INFO - Setting next_dagrun for example_dag_decorator to None, run_after=None
[2023-07-08 10:24:59,406] {processor.py:161} INFO - Processing /home/lucas/Área de Trabalho/apresentação/venv/lib/python3.10/site-packages/airflow/example_dags/example_dag_decorator.py took 0.157 seconds
[2023-07-08 10:25:42,868] {processor.py:153} INFO - Started process (PID=6477) to work on /home/lucas/Área de Trabalho/apresentação/venv/lib/python3.10/site-packages/airflow/example_dags/example_dag_decorator.py
[2023-07-08 10:25:42,873] {processor.py:641} INFO - Processing file /home/lucas/Área de Trabalho/apresentação/venv/lib/python3.10/site-packages/airflow/example_dags/example_dag_decorator.py for tasks to queue
[2023-07-08 10:25:42,874] {logging_mixin.py:115} INFO - [2023-07-08 10:25:42,873] {dagbag.py:507} INFO - Filling up the DagBag from /home/lucas/Área de Trabalho/apresentação/venv/lib/python3.10/site-packages/airflow/example_dags/example_dag_decorator.py
[2023-07-08 10:25:42,925] {processor.py:651} INFO - DAG(s) dict_keys(['example_dag_decorator']) retrieved from /home/lucas/Área de Trabalho/apresentação/venv/lib/python3.10/site-packages/airflow/example_dags/example_dag_decorator.py
[2023-07-08 10:25:43,023] {logging_mixin.py:115} INFO - [2023-07-08 10:25:43,023] {dag.py:2379} INFO - Sync 1 DAGs
[2023-07-08 10:25:43,061] {logging_mixin.py:115} INFO - [2023-07-08 10:25:43,061] {dag.py:2927} INFO - Setting next_dagrun for example_dag_decorator to None, run_after=None
[2023-07-08 10:25:43,095] {processor.py:161} INFO - Processing /home/lucas/Área de Trabalho/apresentação/venv/lib/python3.10/site-packages/airflow/example_dags/example_dag_decorator.py took 0.232 seconds
[2023-07-08 10:26:21,728] {processor.py:153} INFO - Started process (PID=6593) to work on /home/lucas/Área de Trabalho/apresentação/venv/lib/python3.10/site-packages/airflow/example_dags/example_dag_decorator.py
[2023-07-08 10:26:21,732] {processor.py:641} INFO - Processing file /home/lucas/Área de Trabalho/apresentação/venv/lib/python3.10/site-packages/airflow/example_dags/example_dag_decorator.py for tasks to queue
[2023-07-08 10:26:21,733] {logging_mixin.py:115} INFO - [2023-07-08 10:26:21,733] {dagbag.py:507} INFO - Filling up the DagBag from /home/lucas/Área de Trabalho/apresentação/venv/lib/python3.10/site-packages/airflow/example_dags/example_dag_decorator.py
[2023-07-08 10:26:21,785] {processor.py:651} INFO - DAG(s) dict_keys(['example_dag_decorator']) retrieved from /home/lucas/Área de Trabalho/apresentação/venv/lib/python3.10/site-packages/airflow/example_dags/example_dag_decorator.py
[2023-07-08 10:26:21,886] {logging_mixin.py:115} INFO - [2023-07-08 10:26:21,885] {dag.py:2379} INFO - Sync 1 DAGs
[2023-07-08 10:26:21,924] {logging_mixin.py:115} INFO - [2023-07-08 10:26:21,924] {dag.py:2927} INFO - Setting next_dagrun for example_dag_decorator to None, run_after=None
[2023-07-08 10:26:21,955] {processor.py:161} INFO - Processing /home/lucas/Área de Trabalho/apresentação/venv/lib/python3.10/site-packages/airflow/example_dags/example_dag_decorator.py took 0.232 seconds
[2023-07-08 10:27:00,756] {processor.py:153} INFO - Started process (PID=6666) to work on /home/lucas/Área de Trabalho/apresentação/venv/lib/python3.10/site-packages/airflow/example_dags/example_dag_decorator.py
[2023-07-08 10:27:00,760] {processor.py:641} INFO - Processing file /home/lucas/Área de Trabalho/apresentação/venv/lib/python3.10/site-packages/airflow/example_dags/example_dag_decorator.py for tasks to queue
[2023-07-08 10:27:00,761] {logging_mixin.py:115} INFO - [2023-07-08 10:27:00,761] {dagbag.py:507} INFO - Filling up the DagBag from /home/lucas/Área de Trabalho/apresentação/venv/lib/python3.10/site-packages/airflow/example_dags/example_dag_decorator.py
[2023-07-08 10:27:00,813] {processor.py:651} INFO - DAG(s) dict_keys(['example_dag_decorator']) retrieved from /home/lucas/Área de Trabalho/apresentação/venv/lib/python3.10/site-packages/airflow/example_dags/example_dag_decorator.py
[2023-07-08 10:27:00,845] {logging_mixin.py:115} INFO - [2023-07-08 10:27:00,845] {dag.py:2379} INFO - Sync 1 DAGs
[2023-07-08 10:27:00,883] {logging_mixin.py:115} INFO - [2023-07-08 10:27:00,883] {dag.py:2927} INFO - Setting next_dagrun for example_dag_decorator to None, run_after=None
[2023-07-08 10:27:00,911] {processor.py:161} INFO - Processing /home/lucas/Área de Trabalho/apresentação/venv/lib/python3.10/site-packages/airflow/example_dags/example_dag_decorator.py took 0.160 seconds
[2023-07-08 10:27:45,544] {processor.py:153} INFO - Started process (PID=6772) to work on /home/lucas/Área de Trabalho/apresentação/venv/lib/python3.10/site-packages/airflow/example_dags/example_dag_decorator.py
[2023-07-08 10:27:45,548] {processor.py:641} INFO - Processing file /home/lucas/Área de Trabalho/apresentação/venv/lib/python3.10/site-packages/airflow/example_dags/example_dag_decorator.py for tasks to queue
[2023-07-08 10:27:45,549] {logging_mixin.py:115} INFO - [2023-07-08 10:27:45,549] {dagbag.py:507} INFO - Filling up the DagBag from /home/lucas/Área de Trabalho/apresentação/venv/lib/python3.10/site-packages/airflow/example_dags/example_dag_decorator.py
[2023-07-08 10:27:45,600] {processor.py:651} INFO - DAG(s) dict_keys(['example_dag_decorator']) retrieved from /home/lucas/Área de Trabalho/apresentação/venv/lib/python3.10/site-packages/airflow/example_dags/example_dag_decorator.py
[2023-07-08 10:27:45,632] {logging_mixin.py:115} INFO - [2023-07-08 10:27:45,632] {dag.py:2379} INFO - Sync 1 DAGs
[2023-07-08 10:27:45,669] {logging_mixin.py:115} INFO - [2023-07-08 10:27:45,669] {dag.py:2927} INFO - Setting next_dagrun for example_dag_decorator to None, run_after=None
[2023-07-08 10:27:45,694] {processor.py:161} INFO - Processing /home/lucas/Área de Trabalho/apresentação/venv/lib/python3.10/site-packages/airflow/example_dags/example_dag_decorator.py took 0.156 seconds
[2023-07-08 10:28:29,644] {processor.py:153} INFO - Started process (PID=6867) to work on /home/lucas/Área de Trabalho/apresentação/venv/lib/python3.10/site-packages/airflow/example_dags/example_dag_decorator.py
[2023-07-08 10:28:29,645] {processor.py:641} INFO - Processing file /home/lucas/Área de Trabalho/apresentação/venv/lib/python3.10/site-packages/airflow/example_dags/example_dag_decorator.py for tasks to queue
[2023-07-08 10:28:29,646] {logging_mixin.py:115} INFO - [2023-07-08 10:28:29,646] {dagbag.py:507} INFO - Filling up the DagBag from /home/lucas/Área de Trabalho/apresentação/venv/lib/python3.10/site-packages/airflow/example_dags/example_dag_decorator.py
[2023-07-08 10:28:29,697] {processor.py:651} INFO - DAG(s) dict_keys(['example_dag_decorator']) retrieved from /home/lucas/Área de Trabalho/apresentação/venv/lib/python3.10/site-packages/airflow/example_dags/example_dag_decorator.py
[2023-07-08 10:28:29,728] {logging_mixin.py:115} INFO - [2023-07-08 10:28:29,728] {dag.py:2379} INFO - Sync 1 DAGs
[2023-07-08 10:28:29,766] {logging_mixin.py:115} INFO - [2023-07-08 10:28:29,766] {dag.py:2927} INFO - Setting next_dagrun for example_dag_decorator to None, run_after=None
[2023-07-08 10:28:29,791] {processor.py:161} INFO - Processing /home/lucas/Área de Trabalho/apresentação/venv/lib/python3.10/site-packages/airflow/example_dags/example_dag_decorator.py took 0.152 seconds
[2023-07-08 10:29:10,300] {processor.py:153} INFO - Started process (PID=6927) to work on /home/lucas/Área de Trabalho/apresentação/venv/lib/python3.10/site-packages/airflow/example_dags/example_dag_decorator.py
[2023-07-08 10:29:10,302] {processor.py:641} INFO - Processing file /home/lucas/Área de Trabalho/apresentação/venv/lib/python3.10/site-packages/airflow/example_dags/example_dag_decorator.py for tasks to queue
[2023-07-08 10:29:10,303] {logging_mixin.py:115} INFO - [2023-07-08 10:29:10,303] {dagbag.py:507} INFO - Filling up the DagBag from /home/lucas/Área de Trabalho/apresentação/venv/lib/python3.10/site-packages/airflow/example_dags/example_dag_decorator.py
[2023-07-08 10:29:10,356] {processor.py:651} INFO - DAG(s) dict_keys(['example_dag_decorator']) retrieved from /home/lucas/Área de Trabalho/apresentação/venv/lib/python3.10/site-packages/airflow/example_dags/example_dag_decorator.py
[2023-07-08 10:29:10,389] {logging_mixin.py:115} INFO - [2023-07-08 10:29:10,388] {dag.py:2379} INFO - Sync 1 DAGs
[2023-07-08 10:29:10,427] {logging_mixin.py:115} INFO - [2023-07-08 10:29:10,426] {dag.py:2927} INFO - Setting next_dagrun for example_dag_decorator to None, run_after=None
[2023-07-08 10:29:10,450] {processor.py:161} INFO - Processing /home/lucas/Área de Trabalho/apresentação/venv/lib/python3.10/site-packages/airflow/example_dags/example_dag_decorator.py took 0.156 seconds
[2023-07-08 10:29:47,764] {processor.py:153} INFO - Started process (PID=7005) to work on /home/lucas/Área de Trabalho/apresentação/venv/lib/python3.10/site-packages/airflow/example_dags/example_dag_decorator.py
[2023-07-08 10:29:47,768] {processor.py:641} INFO - Processing file /home/lucas/Área de Trabalho/apresentação/venv/lib/python3.10/site-packages/airflow/example_dags/example_dag_decorator.py for tasks to queue
[2023-07-08 10:29:47,769] {logging_mixin.py:115} INFO - [2023-07-08 10:29:47,769] {dagbag.py:507} INFO - Filling up the DagBag from /home/lucas/Área de Trabalho/apresentação/venv/lib/python3.10/site-packages/airflow/example_dags/example_dag_decorator.py
[2023-07-08 10:29:47,822] {processor.py:651} INFO - DAG(s) dict_keys(['example_dag_decorator']) retrieved from /home/lucas/Área de Trabalho/apresentação/venv/lib/python3.10/site-packages/airflow/example_dags/example_dag_decorator.py
[2023-07-08 10:29:47,854] {logging_mixin.py:115} INFO - [2023-07-08 10:29:47,854] {dag.py:2379} INFO - Sync 1 DAGs
[2023-07-08 10:29:47,892] {logging_mixin.py:115} INFO - [2023-07-08 10:29:47,892] {dag.py:2927} INFO - Setting next_dagrun for example_dag_decorator to None, run_after=None
[2023-07-08 10:29:47,917] {processor.py:161} INFO - Processing /home/lucas/Área de Trabalho/apresentação/venv/lib/python3.10/site-packages/airflow/example_dags/example_dag_decorator.py took 0.159 seconds
[2023-07-08 10:30:25,379] {processor.py:153} INFO - Started process (PID=7069) to work on /home/lucas/Área de Trabalho/apresentação/venv/lib/python3.10/site-packages/airflow/example_dags/example_dag_decorator.py
[2023-07-08 10:30:25,383] {processor.py:641} INFO - Processing file /home/lucas/Área de Trabalho/apresentação/venv/lib/python3.10/site-packages/airflow/example_dags/example_dag_decorator.py for tasks to queue
[2023-07-08 10:30:25,384] {logging_mixin.py:115} INFO - [2023-07-08 10:30:25,384] {dagbag.py:507} INFO - Filling up the DagBag from /home/lucas/Área de Trabalho/apresentação/venv/lib/python3.10/site-packages/airflow/example_dags/example_dag_decorator.py
[2023-07-08 10:30:25,435] {processor.py:651} INFO - DAG(s) dict_keys(['example_dag_decorator']) retrieved from /home/lucas/Área de Trabalho/apresentação/venv/lib/python3.10/site-packages/airflow/example_dags/example_dag_decorator.py
[2023-07-08 10:30:25,467] {logging_mixin.py:115} INFO - [2023-07-08 10:30:25,467] {dag.py:2379} INFO - Sync 1 DAGs
[2023-07-08 10:30:25,505] {logging_mixin.py:115} INFO - [2023-07-08 10:30:25,505] {dag.py:2927} INFO - Setting next_dagrun for example_dag_decorator to None, run_after=None
[2023-07-08 10:30:25,531] {processor.py:161} INFO - Processing /home/lucas/Área de Trabalho/apresentação/venv/lib/python3.10/site-packages/airflow/example_dags/example_dag_decorator.py took 0.157 seconds
[2023-07-08 10:31:07,371] {processor.py:153} INFO - Started process (PID=7148) to work on /home/lucas/Área de Trabalho/apresentação/venv/lib/python3.10/site-packages/airflow/example_dags/example_dag_decorator.py
[2023-07-08 10:31:07,375] {processor.py:641} INFO - Processing file /home/lucas/Área de Trabalho/apresentação/venv/lib/python3.10/site-packages/airflow/example_dags/example_dag_decorator.py for tasks to queue
[2023-07-08 10:31:07,376] {logging_mixin.py:115} INFO - [2023-07-08 10:31:07,376] {dagbag.py:507} INFO - Filling up the DagBag from /home/lucas/Área de Trabalho/apresentação/venv/lib/python3.10/site-packages/airflow/example_dags/example_dag_decorator.py
[2023-07-08 10:31:07,428] {processor.py:651} INFO - DAG(s) dict_keys(['example_dag_decorator']) retrieved from /home/lucas/Área de Trabalho/apresentação/venv/lib/python3.10/site-packages/airflow/example_dags/example_dag_decorator.py
[2023-07-08 10:31:07,460] {logging_mixin.py:115} INFO - [2023-07-08 10:31:07,459] {dag.py:2379} INFO - Sync 1 DAGs
[2023-07-08 10:31:07,497] {logging_mixin.py:115} INFO - [2023-07-08 10:31:07,497] {dag.py:2927} INFO - Setting next_dagrun for example_dag_decorator to None, run_after=None
[2023-07-08 10:31:07,523] {processor.py:161} INFO - Processing /home/lucas/Área de Trabalho/apresentação/venv/lib/python3.10/site-packages/airflow/example_dags/example_dag_decorator.py took 0.158 seconds
[2023-07-08 11:40:43,876] {processor.py:153} INFO - Started process (PID=11332) to work on /home/lucas/Área de Trabalho/apresentação/venv/lib/python3.10/site-packages/airflow/example_dags/example_dag_decorator.py
[2023-07-08 11:40:43,879] {processor.py:641} INFO - Processing file /home/lucas/Área de Trabalho/apresentação/venv/lib/python3.10/site-packages/airflow/example_dags/example_dag_decorator.py for tasks to queue
[2023-07-08 11:40:43,881] {logging_mixin.py:115} INFO - [2023-07-08 11:40:43,880] {dagbag.py:507} INFO - Filling up the DagBag from /home/lucas/Área de Trabalho/apresentação/venv/lib/python3.10/site-packages/airflow/example_dags/example_dag_decorator.py
[2023-07-08 11:40:43,938] {processor.py:651} INFO - DAG(s) dict_keys(['example_dag_decorator']) retrieved from /home/lucas/Área de Trabalho/apresentação/venv/lib/python3.10/site-packages/airflow/example_dags/example_dag_decorator.py
[2023-07-08 11:40:44,038] {logging_mixin.py:115} INFO - [2023-07-08 11:40:44,038] {dag.py:2379} INFO - Sync 1 DAGs
[2023-07-08 11:40:44,077] {logging_mixin.py:115} INFO - [2023-07-08 11:40:44,077] {dag.py:2927} INFO - Setting next_dagrun for example_dag_decorator to None, run_after=None
[2023-07-08 11:40:44,105] {processor.py:161} INFO - Processing /home/lucas/Área de Trabalho/apresentação/venv/lib/python3.10/site-packages/airflow/example_dags/example_dag_decorator.py took 0.235 seconds
[2023-07-08 11:41:26,022] {processor.py:153} INFO - Started process (PID=11670) to work on /home/lucas/Área de Trabalho/apresentação/venv/lib/python3.10/site-packages/airflow/example_dags/example_dag_decorator.py
[2023-07-08 11:41:26,030] {processor.py:641} INFO - Processing file /home/lucas/Área de Trabalho/apresentação/venv/lib/python3.10/site-packages/airflow/example_dags/example_dag_decorator.py for tasks to queue
[2023-07-08 11:41:26,032] {logging_mixin.py:115} INFO - [2023-07-08 11:41:26,031] {dagbag.py:507} INFO - Filling up the DagBag from /home/lucas/Área de Trabalho/apresentação/venv/lib/python3.10/site-packages/airflow/example_dags/example_dag_decorator.py
[2023-07-08 11:41:26,130] {processor.py:651} INFO - DAG(s) dict_keys(['example_dag_decorator']) retrieved from /home/lucas/Área de Trabalho/apresentação/venv/lib/python3.10/site-packages/airflow/example_dags/example_dag_decorator.py
[2023-07-08 11:41:26,189] {logging_mixin.py:115} INFO - [2023-07-08 11:41:26,189] {dag.py:2379} INFO - Sync 1 DAGs
[2023-07-08 11:41:26,205] {logging_mixin.py:115} INFO - [2023-07-08 11:41:26,205] {dag.py:2927} INFO - Setting next_dagrun for example_dag_decorator to None, run_after=None
[2023-07-08 11:41:26,225] {processor.py:161} INFO - Processing /home/lucas/Área de Trabalho/apresentação/venv/lib/python3.10/site-packages/airflow/example_dags/example_dag_decorator.py took 0.212 seconds
[2023-07-08 11:42:04,983] {processor.py:153} INFO - Started process (PID=11892) to work on /home/lucas/Área de Trabalho/apresentação/venv/lib/python3.10/site-packages/airflow/example_dags/example_dag_decorator.py
[2023-07-08 11:42:04,987] {processor.py:641} INFO - Processing file /home/lucas/Área de Trabalho/apresentação/venv/lib/python3.10/site-packages/airflow/example_dags/example_dag_decorator.py for tasks to queue
[2023-07-08 11:42:04,988] {logging_mixin.py:115} INFO - [2023-07-08 11:42:04,988] {dagbag.py:507} INFO - Filling up the DagBag from /home/lucas/Área de Trabalho/apresentação/venv/lib/python3.10/site-packages/airflow/example_dags/example_dag_decorator.py
[2023-07-08 11:42:05,043] {processor.py:651} INFO - DAG(s) dict_keys(['example_dag_decorator']) retrieved from /home/lucas/Área de Trabalho/apresentação/venv/lib/python3.10/site-packages/airflow/example_dags/example_dag_decorator.py
[2023-07-08 11:42:05,076] {logging_mixin.py:115} INFO - [2023-07-08 11:42:05,076] {dag.py:2379} INFO - Sync 1 DAGs
[2023-07-08 11:42:05,114] {logging_mixin.py:115} INFO - [2023-07-08 11:42:05,113] {dag.py:2927} INFO - Setting next_dagrun for example_dag_decorator to None, run_after=None
[2023-07-08 11:42:05,139] {processor.py:161} INFO - Processing /home/lucas/Área de Trabalho/apresentação/venv/lib/python3.10/site-packages/airflow/example_dags/example_dag_decorator.py took 0.162 seconds
[2023-07-08 11:42:41,939] {processor.py:153} INFO - Started process (PID=12015) to work on /home/lucas/Área de Trabalho/apresentação/venv/lib/python3.10/site-packages/airflow/example_dags/example_dag_decorator.py
[2023-07-08 11:42:41,943] {processor.py:641} INFO - Processing file /home/lucas/Área de Trabalho/apresentação/venv/lib/python3.10/site-packages/airflow/example_dags/example_dag_decorator.py for tasks to queue
[2023-07-08 11:42:41,943] {logging_mixin.py:115} INFO - [2023-07-08 11:42:41,943] {dagbag.py:507} INFO - Filling up the DagBag from /home/lucas/Área de Trabalho/apresentação/venv/lib/python3.10/site-packages/airflow/example_dags/example_dag_decorator.py
[2023-07-08 11:42:41,962] {processor.py:651} INFO - DAG(s) dict_keys(['example_dag_decorator']) retrieved from /home/lucas/Área de Trabalho/apresentação/venv/lib/python3.10/site-packages/airflow/example_dags/example_dag_decorator.py
[2023-07-08 11:42:42,028] {logging_mixin.py:115} INFO - [2023-07-08 11:42:42,028] {dag.py:2379} INFO - Sync 1 DAGs
[2023-07-08 11:42:42,072] {logging_mixin.py:115} INFO - [2023-07-08 11:42:42,071] {dag.py:2927} INFO - Setting next_dagrun for example_dag_decorator to None, run_after=None
[2023-07-08 11:42:42,105] {processor.py:161} INFO - Processing /home/lucas/Área de Trabalho/apresentação/venv/lib/python3.10/site-packages/airflow/example_dags/example_dag_decorator.py took 0.168 seconds
[2023-07-08 11:43:21,980] {processor.py:153} INFO - Started process (PID=12269) to work on /home/lucas/Área de Trabalho/apresentação/venv/lib/python3.10/site-packages/airflow/example_dags/example_dag_decorator.py
[2023-07-08 11:43:21,984] {processor.py:641} INFO - Processing file /home/lucas/Área de Trabalho/apresentação/venv/lib/python3.10/site-packages/airflow/example_dags/example_dag_decorator.py for tasks to queue
[2023-07-08 11:43:21,985] {logging_mixin.py:115} INFO - [2023-07-08 11:43:21,985] {dagbag.py:507} INFO - Filling up the DagBag from /home/lucas/Área de Trabalho/apresentação/venv/lib/python3.10/site-packages/airflow/example_dags/example_dag_decorator.py
[2023-07-08 11:43:22,030] {processor.py:651} INFO - DAG(s) dict_keys(['example_dag_decorator']) retrieved from /home/lucas/Área de Trabalho/apresentação/venv/lib/python3.10/site-packages/airflow/example_dags/example_dag_decorator.py
[2023-07-08 11:43:22,040] {logging_mixin.py:115} INFO - [2023-07-08 11:43:22,040] {dag.py:2379} INFO - Sync 1 DAGs
[2023-07-08 11:43:22,053] {logging_mixin.py:115} INFO - [2023-07-08 11:43:22,053] {dag.py:2927} INFO - Setting next_dagrun for example_dag_decorator to None, run_after=None
[2023-07-08 11:43:22,065] {processor.py:161} INFO - Processing /home/lucas/Área de Trabalho/apresentação/venv/lib/python3.10/site-packages/airflow/example_dags/example_dag_decorator.py took 0.091 seconds
[2023-07-08 11:44:03,621] {processor.py:153} INFO - Started process (PID=12343) to work on /home/lucas/Área de Trabalho/apresentação/venv/lib/python3.10/site-packages/airflow/example_dags/example_dag_decorator.py
[2023-07-08 11:44:03,625] {processor.py:641} INFO - Processing file /home/lucas/Área de Trabalho/apresentação/venv/lib/python3.10/site-packages/airflow/example_dags/example_dag_decorator.py for tasks to queue
[2023-07-08 11:44:03,626] {logging_mixin.py:115} INFO - [2023-07-08 11:44:03,626] {dagbag.py:507} INFO - Filling up the DagBag from /home/lucas/Área de Trabalho/apresentação/venv/lib/python3.10/site-packages/airflow/example_dags/example_dag_decorator.py
[2023-07-08 11:44:03,690] {processor.py:651} INFO - DAG(s) dict_keys(['example_dag_decorator']) retrieved from /home/lucas/Área de Trabalho/apresentação/venv/lib/python3.10/site-packages/airflow/example_dags/example_dag_decorator.py
[2023-07-08 11:44:03,818] {logging_mixin.py:115} INFO - [2023-07-08 11:44:03,818] {dag.py:2379} INFO - Sync 1 DAGs
[2023-07-08 11:44:03,858] {logging_mixin.py:115} INFO - [2023-07-08 11:44:03,858] {dag.py:2927} INFO - Setting next_dagrun for example_dag_decorator to None, run_after=None
[2023-07-08 11:44:03,882] {processor.py:161} INFO - Processing /home/lucas/Área de Trabalho/apresentação/venv/lib/python3.10/site-packages/airflow/example_dags/example_dag_decorator.py took 0.267 seconds
[2023-07-08 11:44:43,376] {processor.py:153} INFO - Started process (PID=12407) to work on /home/lucas/Área de Trabalho/apresentação/venv/lib/python3.10/site-packages/airflow/example_dags/example_dag_decorator.py
[2023-07-08 11:44:43,380] {processor.py:641} INFO - Processing file /home/lucas/Área de Trabalho/apresentação/venv/lib/python3.10/site-packages/airflow/example_dags/example_dag_decorator.py for tasks to queue
[2023-07-08 11:44:43,380] {logging_mixin.py:115} INFO - [2023-07-08 11:44:43,380] {dagbag.py:507} INFO - Filling up the DagBag from /home/lucas/Área de Trabalho/apresentação/venv/lib/python3.10/site-packages/airflow/example_dags/example_dag_decorator.py
[2023-07-08 11:44:43,408] {processor.py:651} INFO - DAG(s) dict_keys(['example_dag_decorator']) retrieved from /home/lucas/Área de Trabalho/apresentação/venv/lib/python3.10/site-packages/airflow/example_dags/example_dag_decorator.py
[2023-07-08 11:44:43,506] {logging_mixin.py:115} INFO - [2023-07-08 11:44:43,505] {dag.py:2379} INFO - Sync 1 DAGs
[2023-07-08 11:44:43,546] {logging_mixin.py:115} INFO - [2023-07-08 11:44:43,546] {dag.py:2927} INFO - Setting next_dagrun for example_dag_decorator to None, run_after=None
[2023-07-08 11:44:43,579] {processor.py:161} INFO - Processing /home/lucas/Área de Trabalho/apresentação/venv/lib/python3.10/site-packages/airflow/example_dags/example_dag_decorator.py took 0.205 seconds
[2023-07-08 11:45:25,527] {processor.py:153} INFO - Started process (PID=12531) to work on /home/lucas/Área de Trabalho/apresentação/venv/lib/python3.10/site-packages/airflow/example_dags/example_dag_decorator.py
[2023-07-08 11:45:25,531] {processor.py:641} INFO - Processing file /home/lucas/Área de Trabalho/apresentação/venv/lib/python3.10/site-packages/airflow/example_dags/example_dag_decorator.py for tasks to queue
[2023-07-08 11:45:25,533] {logging_mixin.py:115} INFO - [2023-07-08 11:45:25,532] {dagbag.py:507} INFO - Filling up the DagBag from /home/lucas/Área de Trabalho/apresentação/venv/lib/python3.10/site-packages/airflow/example_dags/example_dag_decorator.py
[2023-07-08 11:45:25,585] {processor.py:651} INFO - DAG(s) dict_keys(['example_dag_decorator']) retrieved from /home/lucas/Área de Trabalho/apresentação/venv/lib/python3.10/site-packages/airflow/example_dags/example_dag_decorator.py
[2023-07-08 11:45:25,683] {logging_mixin.py:115} INFO - [2023-07-08 11:45:25,683] {dag.py:2379} INFO - Sync 1 DAGs
[2023-07-08 11:45:25,726] {logging_mixin.py:115} INFO - [2023-07-08 11:45:25,725] {dag.py:2927} INFO - Setting next_dagrun for example_dag_decorator to None, run_after=None
[2023-07-08 11:45:25,753] {processor.py:161} INFO - Processing /home/lucas/Área de Trabalho/apresentação/venv/lib/python3.10/site-packages/airflow/example_dags/example_dag_decorator.py took 0.231 seconds
[2023-07-08 11:46:03,082] {processor.py:153} INFO - Started process (PID=12649) to work on /home/lucas/Área de Trabalho/apresentação/venv/lib/python3.10/site-packages/airflow/example_dags/example_dag_decorator.py
[2023-07-08 11:46:03,086] {processor.py:641} INFO - Processing file /home/lucas/Área de Trabalho/apresentação/venv/lib/python3.10/site-packages/airflow/example_dags/example_dag_decorator.py for tasks to queue
[2023-07-08 11:46:03,087] {logging_mixin.py:115} INFO - [2023-07-08 11:46:03,087] {dagbag.py:507} INFO - Filling up the DagBag from /home/lucas/Área de Trabalho/apresentação/venv/lib/python3.10/site-packages/airflow/example_dags/example_dag_decorator.py
[2023-07-08 11:46:03,139] {processor.py:651} INFO - DAG(s) dict_keys(['example_dag_decorator']) retrieved from /home/lucas/Área de Trabalho/apresentação/venv/lib/python3.10/site-packages/airflow/example_dags/example_dag_decorator.py
[2023-07-08 11:46:03,171] {logging_mixin.py:115} INFO - [2023-07-08 11:46:03,170] {dag.py:2379} INFO - Sync 1 DAGs
[2023-07-08 11:46:03,210] {logging_mixin.py:115} INFO - [2023-07-08 11:46:03,210] {dag.py:2927} INFO - Setting next_dagrun for example_dag_decorator to None, run_after=None
[2023-07-08 11:46:03,244] {processor.py:161} INFO - Processing /home/lucas/Área de Trabalho/apresentação/venv/lib/python3.10/site-packages/airflow/example_dags/example_dag_decorator.py took 0.168 seconds
[2023-07-08 11:46:39,960] {processor.py:153} INFO - Started process (PID=12798) to work on /home/lucas/Área de Trabalho/apresentação/venv/lib/python3.10/site-packages/airflow/example_dags/example_dag_decorator.py
[2023-07-08 11:46:39,964] {processor.py:641} INFO - Processing file /home/lucas/Área de Trabalho/apresentação/venv/lib/python3.10/site-packages/airflow/example_dags/example_dag_decorator.py for tasks to queue
[2023-07-08 11:46:39,965] {logging_mixin.py:115} INFO - [2023-07-08 11:46:39,964] {dagbag.py:507} INFO - Filling up the DagBag from /home/lucas/Área de Trabalho/apresentação/venv/lib/python3.10/site-packages/airflow/example_dags/example_dag_decorator.py
[2023-07-08 11:46:40,017] {processor.py:651} INFO - DAG(s) dict_keys(['example_dag_decorator']) retrieved from /home/lucas/Área de Trabalho/apresentação/venv/lib/python3.10/site-packages/airflow/example_dags/example_dag_decorator.py
[2023-07-08 11:46:40,049] {logging_mixin.py:115} INFO - [2023-07-08 11:46:40,048] {dag.py:2379} INFO - Sync 1 DAGs
[2023-07-08 11:46:40,085] {logging_mixin.py:115} INFO - [2023-07-08 11:46:40,085] {dag.py:2927} INFO - Setting next_dagrun for example_dag_decorator to None, run_after=None
[2023-07-08 11:46:40,109] {processor.py:161} INFO - Processing /home/lucas/Área de Trabalho/apresentação/venv/lib/python3.10/site-packages/airflow/example_dags/example_dag_decorator.py took 0.155 seconds
[2023-07-08 11:47:17,901] {processor.py:153} INFO - Started process (PID=12854) to work on /home/lucas/Área de Trabalho/apresentação/venv/lib/python3.10/site-packages/airflow/example_dags/example_dag_decorator.py
[2023-07-08 11:47:17,905] {processor.py:641} INFO - Processing file /home/lucas/Área de Trabalho/apresentação/venv/lib/python3.10/site-packages/airflow/example_dags/example_dag_decorator.py for tasks to queue
[2023-07-08 11:47:17,907] {logging_mixin.py:115} INFO - [2023-07-08 11:47:17,907] {dagbag.py:507} INFO - Filling up the DagBag from /home/lucas/Área de Trabalho/apresentação/venv/lib/python3.10/site-packages/airflow/example_dags/example_dag_decorator.py
[2023-07-08 11:47:17,986] {processor.py:651} INFO - DAG(s) dict_keys(['example_dag_decorator']) retrieved from /home/lucas/Área de Trabalho/apresentação/venv/lib/python3.10/site-packages/airflow/example_dags/example_dag_decorator.py
[2023-07-08 11:47:18,100] {logging_mixin.py:115} INFO - [2023-07-08 11:47:18,100] {dag.py:2379} INFO - Sync 1 DAGs
[2023-07-08 11:47:18,140] {logging_mixin.py:115} INFO - [2023-07-08 11:47:18,140] {dag.py:2927} INFO - Setting next_dagrun for example_dag_decorator to None, run_after=None
[2023-07-08 11:47:18,172] {processor.py:161} INFO - Processing /home/lucas/Área de Trabalho/apresentação/venv/lib/python3.10/site-packages/airflow/example_dags/example_dag_decorator.py took 0.278 seconds
[2023-07-08 11:48:00,166] {processor.py:153} INFO - Started process (PID=12933) to work on /home/lucas/Área de Trabalho/apresentação/venv/lib/python3.10/site-packages/airflow/example_dags/example_dag_decorator.py
[2023-07-08 11:48:00,170] {processor.py:641} INFO - Processing file /home/lucas/Área de Trabalho/apresentação/venv/lib/python3.10/site-packages/airflow/example_dags/example_dag_decorator.py for tasks to queue
[2023-07-08 11:48:00,171] {logging_mixin.py:115} INFO - [2023-07-08 11:48:00,171] {dagbag.py:507} INFO - Filling up the DagBag from /home/lucas/Área de Trabalho/apresentação/venv/lib/python3.10/site-packages/airflow/example_dags/example_dag_decorator.py
[2023-07-08 11:48:00,223] {processor.py:651} INFO - DAG(s) dict_keys(['example_dag_decorator']) retrieved from /home/lucas/Área de Trabalho/apresentação/venv/lib/python3.10/site-packages/airflow/example_dags/example_dag_decorator.py
[2023-07-08 11:48:00,254] {logging_mixin.py:115} INFO - [2023-07-08 11:48:00,253] {dag.py:2379} INFO - Sync 1 DAGs
[2023-07-08 11:48:00,289] {logging_mixin.py:115} INFO - [2023-07-08 11:48:00,289] {dag.py:2927} INFO - Setting next_dagrun for example_dag_decorator to None, run_after=None
[2023-07-08 11:48:00,315] {processor.py:161} INFO - Processing /home/lucas/Área de Trabalho/apresentação/venv/lib/python3.10/site-packages/airflow/example_dags/example_dag_decorator.py took 0.154 seconds
[2023-07-08 11:48:38,742] {processor.py:153} INFO - Started process (PID=12984) to work on /home/lucas/Área de Trabalho/apresentação/venv/lib/python3.10/site-packages/airflow/example_dags/example_dag_decorator.py
[2023-07-08 11:48:38,746] {processor.py:641} INFO - Processing file /home/lucas/Área de Trabalho/apresentação/venv/lib/python3.10/site-packages/airflow/example_dags/example_dag_decorator.py for tasks to queue
[2023-07-08 11:48:38,747] {logging_mixin.py:115} INFO - [2023-07-08 11:48:38,747] {dagbag.py:507} INFO - Filling up the DagBag from /home/lucas/Área de Trabalho/apresentação/venv/lib/python3.10/site-packages/airflow/example_dags/example_dag_decorator.py
[2023-07-08 11:48:38,811] {processor.py:651} INFO - DAG(s) dict_keys(['example_dag_decorator']) retrieved from /home/lucas/Área de Trabalho/apresentação/venv/lib/python3.10/site-packages/airflow/example_dags/example_dag_decorator.py
[2023-07-08 11:48:38,850] {logging_mixin.py:115} INFO - [2023-07-08 11:48:38,850] {dag.py:2379} INFO - Sync 1 DAGs
[2023-07-08 11:48:38,899] {logging_mixin.py:115} INFO - [2023-07-08 11:48:38,898] {dag.py:2927} INFO - Setting next_dagrun for example_dag_decorator to None, run_after=None
[2023-07-08 11:48:38,932] {processor.py:161} INFO - Processing /home/lucas/Área de Trabalho/apresentação/venv/lib/python3.10/site-packages/airflow/example_dags/example_dag_decorator.py took 0.196 seconds
[2023-07-08 11:49:16,872] {processor.py:153} INFO - Started process (PID=13044) to work on /home/lucas/Área de Trabalho/apresentação/venv/lib/python3.10/site-packages/airflow/example_dags/example_dag_decorator.py
[2023-07-08 11:49:16,876] {processor.py:641} INFO - Processing file /home/lucas/Área de Trabalho/apresentação/venv/lib/python3.10/site-packages/airflow/example_dags/example_dag_decorator.py for tasks to queue
[2023-07-08 11:49:16,877] {logging_mixin.py:115} INFO - [2023-07-08 11:49:16,877] {dagbag.py:507} INFO - Filling up the DagBag from /home/lucas/Área de Trabalho/apresentação/venv/lib/python3.10/site-packages/airflow/example_dags/example_dag_decorator.py
[2023-07-08 11:49:16,938] {processor.py:651} INFO - DAG(s) dict_keys(['example_dag_decorator']) retrieved from /home/lucas/Área de Trabalho/apresentação/venv/lib/python3.10/site-packages/airflow/example_dags/example_dag_decorator.py
[2023-07-08 11:49:16,982] {logging_mixin.py:115} INFO - [2023-07-08 11:49:16,982] {dag.py:2379} INFO - Sync 1 DAGs
[2023-07-08 11:49:17,035] {logging_mixin.py:115} INFO - [2023-07-08 11:49:17,035] {dag.py:2927} INFO - Setting next_dagrun for example_dag_decorator to None, run_after=None
[2023-07-08 11:49:17,073] {processor.py:161} INFO - Processing /home/lucas/Área de Trabalho/apresentação/venv/lib/python3.10/site-packages/airflow/example_dags/example_dag_decorator.py took 0.207 seconds
[2023-07-08 11:49:54,293] {processor.py:153} INFO - Started process (PID=13116) to work on /home/lucas/Área de Trabalho/apresentação/venv/lib/python3.10/site-packages/airflow/example_dags/example_dag_decorator.py
[2023-07-08 11:49:54,295] {processor.py:641} INFO - Processing file /home/lucas/Área de Trabalho/apresentação/venv/lib/python3.10/site-packages/airflow/example_dags/example_dag_decorator.py for tasks to queue
[2023-07-08 11:49:54,297] {logging_mixin.py:115} INFO - [2023-07-08 11:49:54,297] {dagbag.py:507} INFO - Filling up the DagBag from /home/lucas/Área de Trabalho/apresentação/venv/lib/python3.10/site-packages/airflow/example_dags/example_dag_decorator.py
[2023-07-08 11:49:54,394] {processor.py:651} INFO - DAG(s) dict_keys(['example_dag_decorator']) retrieved from /home/lucas/Área de Trabalho/apresentação/venv/lib/python3.10/site-packages/airflow/example_dags/example_dag_decorator.py
[2023-07-08 11:49:54,540] {logging_mixin.py:115} INFO - [2023-07-08 11:49:54,540] {dag.py:2379} INFO - Sync 1 DAGs
[2023-07-08 11:49:54,558] {logging_mixin.py:115} INFO - [2023-07-08 11:49:54,557] {dag.py:2927} INFO - Setting next_dagrun for example_dag_decorator to None, run_after=None
[2023-07-08 11:49:54,574] {processor.py:161} INFO - Processing /home/lucas/Área de Trabalho/apresentação/venv/lib/python3.10/site-packages/airflow/example_dags/example_dag_decorator.py took 0.290 seconds
[2023-07-08 11:50:31,778] {processor.py:153} INFO - Started process (PID=13255) to work on /home/lucas/Área de Trabalho/apresentação/venv/lib/python3.10/site-packages/airflow/example_dags/example_dag_decorator.py
[2023-07-08 11:50:31,782] {processor.py:641} INFO - Processing file /home/lucas/Área de Trabalho/apresentação/venv/lib/python3.10/site-packages/airflow/example_dags/example_dag_decorator.py for tasks to queue
[2023-07-08 11:50:31,784] {logging_mixin.py:115} INFO - [2023-07-08 11:50:31,783] {dagbag.py:507} INFO - Filling up the DagBag from /home/lucas/Área de Trabalho/apresentação/venv/lib/python3.10/site-packages/airflow/example_dags/example_dag_decorator.py
[2023-07-08 11:50:31,836] {processor.py:651} INFO - DAG(s) dict_keys(['example_dag_decorator']) retrieved from /home/lucas/Área de Trabalho/apresentação/venv/lib/python3.10/site-packages/airflow/example_dags/example_dag_decorator.py
[2023-07-08 11:50:31,934] {logging_mixin.py:115} INFO - [2023-07-08 11:50:31,933] {dag.py:2379} INFO - Sync 1 DAGs
[2023-07-08 11:50:31,972] {logging_mixin.py:115} INFO - [2023-07-08 11:50:31,972] {dag.py:2927} INFO - Setting next_dagrun for example_dag_decorator to None, run_after=None
[2023-07-08 11:50:32,005] {processor.py:161} INFO - Processing /home/lucas/Área de Trabalho/apresentação/venv/lib/python3.10/site-packages/airflow/example_dags/example_dag_decorator.py took 0.232 seconds
[2023-07-08 11:51:09,213] {processor.py:153} INFO - Started process (PID=13305) to work on /home/lucas/Área de Trabalho/apresentação/venv/lib/python3.10/site-packages/airflow/example_dags/example_dag_decorator.py
[2023-07-08 11:51:09,214] {processor.py:641} INFO - Processing file /home/lucas/Área de Trabalho/apresentação/venv/lib/python3.10/site-packages/airflow/example_dags/example_dag_decorator.py for tasks to queue
[2023-07-08 11:51:09,215] {logging_mixin.py:115} INFO - [2023-07-08 11:51:09,215] {dagbag.py:507} INFO - Filling up the DagBag from /home/lucas/Área de Trabalho/apresentação/venv/lib/python3.10/site-packages/airflow/example_dags/example_dag_decorator.py
[2023-07-08 11:51:09,268] {processor.py:651} INFO - DAG(s) dict_keys(['example_dag_decorator']) retrieved from /home/lucas/Área de Trabalho/apresentação/venv/lib/python3.10/site-packages/airflow/example_dags/example_dag_decorator.py
[2023-07-08 11:51:09,300] {logging_mixin.py:115} INFO - [2023-07-08 11:51:09,299] {dag.py:2379} INFO - Sync 1 DAGs
[2023-07-08 11:51:09,338] {logging_mixin.py:115} INFO - [2023-07-08 11:51:09,338] {dag.py:2927} INFO - Setting next_dagrun for example_dag_decorator to None, run_after=None
[2023-07-08 11:51:09,362] {processor.py:161} INFO - Processing /home/lucas/Área de Trabalho/apresentação/venv/lib/python3.10/site-packages/airflow/example_dags/example_dag_decorator.py took 0.155 seconds
[2023-07-08 11:51:45,831] {processor.py:153} INFO - Started process (PID=13353) to work on /home/lucas/Área de Trabalho/apresentação/venv/lib/python3.10/site-packages/airflow/example_dags/example_dag_decorator.py
[2023-07-08 11:51:45,835] {processor.py:641} INFO - Processing file /home/lucas/Área de Trabalho/apresentação/venv/lib/python3.10/site-packages/airflow/example_dags/example_dag_decorator.py for tasks to queue
[2023-07-08 11:51:45,836] {logging_mixin.py:115} INFO - [2023-07-08 11:51:45,835] {dagbag.py:507} INFO - Filling up the DagBag from /home/lucas/Área de Trabalho/apresentação/venv/lib/python3.10/site-packages/airflow/example_dags/example_dag_decorator.py
[2023-07-08 11:51:45,887] {processor.py:651} INFO - DAG(s) dict_keys(['example_dag_decorator']) retrieved from /home/lucas/Área de Trabalho/apresentação/venv/lib/python3.10/site-packages/airflow/example_dags/example_dag_decorator.py
[2023-07-08 11:51:45,919] {logging_mixin.py:115} INFO - [2023-07-08 11:51:45,919] {dag.py:2379} INFO - Sync 1 DAGs
[2023-07-08 11:51:45,960] {logging_mixin.py:115} INFO - [2023-07-08 11:51:45,960] {dag.py:2927} INFO - Setting next_dagrun for example_dag_decorator to None, run_after=None
[2023-07-08 11:51:45,989] {processor.py:161} INFO - Processing /home/lucas/Área de Trabalho/apresentação/venv/lib/python3.10/site-packages/airflow/example_dags/example_dag_decorator.py took 0.163 seconds
[2023-07-08 11:52:25,903] {processor.py:153} INFO - Started process (PID=13395) to work on /home/lucas/Área de Trabalho/apresentação/venv/lib/python3.10/site-packages/airflow/example_dags/example_dag_decorator.py
[2023-07-08 11:52:25,907] {processor.py:641} INFO - Processing file /home/lucas/Área de Trabalho/apresentação/venv/lib/python3.10/site-packages/airflow/example_dags/example_dag_decorator.py for tasks to queue
[2023-07-08 11:52:25,908] {logging_mixin.py:115} INFO - [2023-07-08 11:52:25,907] {dagbag.py:507} INFO - Filling up the DagBag from /home/lucas/Área de Trabalho/apresentação/venv/lib/python3.10/site-packages/airflow/example_dags/example_dag_decorator.py
[2023-07-08 11:52:25,963] {processor.py:651} INFO - DAG(s) dict_keys(['example_dag_decorator']) retrieved from /home/lucas/Área de Trabalho/apresentação/venv/lib/python3.10/site-packages/airflow/example_dags/example_dag_decorator.py
[2023-07-08 11:52:26,000] {logging_mixin.py:115} INFO - [2023-07-08 11:52:26,000] {dag.py:2379} INFO - Sync 1 DAGs
[2023-07-08 11:52:26,046] {logging_mixin.py:115} INFO - [2023-07-08 11:52:26,046] {dag.py:2927} INFO - Setting next_dagrun for example_dag_decorator to None, run_after=None
[2023-07-08 11:52:26,079] {processor.py:161} INFO - Processing /home/lucas/Área de Trabalho/apresentação/venv/lib/python3.10/site-packages/airflow/example_dags/example_dag_decorator.py took 0.182 seconds
