[2023-07-08 01:02:28,046] {processor.py:153} INFO - Started process (PID=35867) to work on /home/lucas/Área de Trabalho/apresentação/venv/lib/python3.10/site-packages/airflow/example_dags/tutorial.py
[2023-07-08 01:02:28,047] {processor.py:641} INFO - Processing file /home/lucas/Área de Trabalho/apresentação/venv/lib/python3.10/site-packages/airflow/example_dags/tutorial.py for tasks to queue
[2023-07-08 01:02:28,048] {logging_mixin.py:115} INFO - [2023-07-08 01:02:28,048] {dagbag.py:507} INFO - Filling up the DagBag from /home/lucas/Área de Trabalho/apresentação/venv/lib/python3.10/site-packages/airflow/example_dags/tutorial.py
[2023-07-08 01:02:28,062] {processor.py:651} INFO - DAG(s) dict_keys(['tutorial']) retrieved from /home/lucas/Área de Trabalho/apresentação/venv/lib/python3.10/site-packages/airflow/example_dags/tutorial.py
[2023-07-08 01:02:28,101] {logging_mixin.py:115} INFO - [2023-07-08 01:02:28,101] {dag.py:2379} INFO - Sync 1 DAGs
[2023-07-08 01:02:28,145] {logging_mixin.py:115} INFO - [2023-07-08 01:02:28,145] {dag.py:2927} INFO - Setting next_dagrun for tutorial to 2023-07-07T04:02:28.144785+00:00, run_after=2023-07-08T04:02:28.144785+00:00
[2023-07-08 01:02:28,169] {processor.py:161} INFO - Processing /home/lucas/Área de Trabalho/apresentação/venv/lib/python3.10/site-packages/airflow/example_dags/tutorial.py took 0.130 seconds
[2023-07-08 01:03:09,498] {processor.py:153} INFO - Started process (PID=36324) to work on /home/lucas/Área de Trabalho/apresentação/venv/lib/python3.10/site-packages/airflow/example_dags/tutorial.py
[2023-07-08 01:03:09,502] {processor.py:641} INFO - Processing file /home/lucas/Área de Trabalho/apresentação/venv/lib/python3.10/site-packages/airflow/example_dags/tutorial.py for tasks to queue
[2023-07-08 01:03:09,503] {logging_mixin.py:115} INFO - [2023-07-08 01:03:09,503] {dagbag.py:507} INFO - Filling up the DagBag from /home/lucas/Área de Trabalho/apresentação/venv/lib/python3.10/site-packages/airflow/example_dags/tutorial.py
[2023-07-08 01:03:09,518] {processor.py:651} INFO - DAG(s) dict_keys(['tutorial']) retrieved from /home/lucas/Área de Trabalho/apresentação/venv/lib/python3.10/site-packages/airflow/example_dags/tutorial.py
[2023-07-08 01:03:09,558] {logging_mixin.py:115} INFO - [2023-07-08 01:03:09,558] {dag.py:2379} INFO - Sync 1 DAGs
[2023-07-08 01:03:09,602] {logging_mixin.py:115} INFO - [2023-07-08 01:03:09,602] {dag.py:2927} INFO - Setting next_dagrun for tutorial to 2023-07-07T04:03:09.601565+00:00, run_after=2023-07-08T04:03:09.601565+00:00
[2023-07-08 01:03:09,628] {processor.py:161} INFO - Processing /home/lucas/Área de Trabalho/apresentação/venv/lib/python3.10/site-packages/airflow/example_dags/tutorial.py took 0.136 seconds
[2023-07-08 01:03:47,778] {processor.py:153} INFO - Started process (PID=36551) to work on /home/lucas/Área de Trabalho/apresentação/venv/lib/python3.10/site-packages/airflow/example_dags/tutorial.py
[2023-07-08 01:03:47,779] {processor.py:641} INFO - Processing file /home/lucas/Área de Trabalho/apresentação/venv/lib/python3.10/site-packages/airflow/example_dags/tutorial.py for tasks to queue
[2023-07-08 01:03:47,780] {logging_mixin.py:115} INFO - [2023-07-08 01:03:47,780] {dagbag.py:507} INFO - Filling up the DagBag from /home/lucas/Área de Trabalho/apresentação/venv/lib/python3.10/site-packages/airflow/example_dags/tutorial.py
[2023-07-08 01:03:47,792] {processor.py:651} INFO - DAG(s) dict_keys(['tutorial']) retrieved from /home/lucas/Área de Trabalho/apresentação/venv/lib/python3.10/site-packages/airflow/example_dags/tutorial.py
[2023-07-08 01:03:47,830] {logging_mixin.py:115} INFO - [2023-07-08 01:03:47,830] {dag.py:2379} INFO - Sync 1 DAGs
[2023-07-08 01:03:47,871] {logging_mixin.py:115} INFO - [2023-07-08 01:03:47,871] {dag.py:2927} INFO - Setting next_dagrun for tutorial to 2023-07-07T04:03:47.871085+00:00, run_after=2023-07-08T04:03:47.871085+00:00
[2023-07-08 01:03:47,898] {processor.py:161} INFO - Processing /home/lucas/Área de Trabalho/apresentação/venv/lib/python3.10/site-packages/airflow/example_dags/tutorial.py took 0.126 seconds
[2023-07-08 01:04:27,860] {processor.py:153} INFO - Started process (PID=36955) to work on /home/lucas/Área de Trabalho/apresentação/venv/lib/python3.10/site-packages/airflow/example_dags/tutorial.py
[2023-07-08 01:04:27,861] {processor.py:641} INFO - Processing file /home/lucas/Área de Trabalho/apresentação/venv/lib/python3.10/site-packages/airflow/example_dags/tutorial.py for tasks to queue
[2023-07-08 01:04:27,862] {logging_mixin.py:115} INFO - [2023-07-08 01:04:27,862] {dagbag.py:507} INFO - Filling up the DagBag from /home/lucas/Área de Trabalho/apresentação/venv/lib/python3.10/site-packages/airflow/example_dags/tutorial.py
[2023-07-08 01:04:27,876] {processor.py:651} INFO - DAG(s) dict_keys(['tutorial']) retrieved from /home/lucas/Área de Trabalho/apresentação/venv/lib/python3.10/site-packages/airflow/example_dags/tutorial.py
[2023-07-08 01:04:27,909] {logging_mixin.py:115} INFO - [2023-07-08 01:04:27,909] {dag.py:2379} INFO - Sync 1 DAGs
[2023-07-08 01:04:27,951] {logging_mixin.py:115} INFO - [2023-07-08 01:04:27,951] {dag.py:2927} INFO - Setting next_dagrun for tutorial to 2023-07-07T04:04:27.951168+00:00, run_after=2023-07-08T04:04:27.951168+00:00
[2023-07-08 01:04:27,978] {processor.py:161} INFO - Processing /home/lucas/Área de Trabalho/apresentação/venv/lib/python3.10/site-packages/airflow/example_dags/tutorial.py took 0.124 seconds
[2023-07-08 01:05:36,115] {processor.py:153} INFO - Started process (PID=38000) to work on /home/lucas/Área de Trabalho/apresentação/venv/lib/python3.10/site-packages/airflow/example_dags/tutorial.py
[2023-07-08 01:05:36,116] {processor.py:641} INFO - Processing file /home/lucas/Área de Trabalho/apresentação/venv/lib/python3.10/site-packages/airflow/example_dags/tutorial.py for tasks to queue
[2023-07-08 01:05:36,116] {logging_mixin.py:115} INFO - [2023-07-08 01:05:36,116] {dagbag.py:507} INFO - Filling up the DagBag from /home/lucas/Área de Trabalho/apresentação/venv/lib/python3.10/site-packages/airflow/example_dags/tutorial.py
[2023-07-08 01:05:36,119] {processor.py:651} INFO - DAG(s) dict_keys(['tutorial']) retrieved from /home/lucas/Área de Trabalho/apresentação/venv/lib/python3.10/site-packages/airflow/example_dags/tutorial.py
[2023-07-08 01:05:36,133] {logging_mixin.py:115} INFO - [2023-07-08 01:05:36,133] {dag.py:2379} INFO - Sync 1 DAGs
[2023-07-08 01:05:36,151] {logging_mixin.py:115} INFO - [2023-07-08 01:05:36,151] {dag.py:2927} INFO - Setting next_dagrun for tutorial to 2023-07-07T04:05:36.150814+00:00, run_after=2023-07-08T04:05:36.150814+00:00
[2023-07-08 01:05:36,169] {processor.py:161} INFO - Processing /home/lucas/Área de Trabalho/apresentação/venv/lib/python3.10/site-packages/airflow/example_dags/tutorial.py took 0.056 seconds
[2023-07-08 01:06:50,854] {processor.py:153} INFO - Started process (PID=38642) to work on /home/lucas/Área de Trabalho/apresentação/venv/lib/python3.10/site-packages/airflow/example_dags/tutorial.py
[2023-07-08 01:06:50,859] {processor.py:641} INFO - Processing file /home/lucas/Área de Trabalho/apresentação/venv/lib/python3.10/site-packages/airflow/example_dags/tutorial.py for tasks to queue
[2023-07-08 01:06:50,860] {logging_mixin.py:115} INFO - [2023-07-08 01:06:50,860] {dagbag.py:507} INFO - Filling up the DagBag from /home/lucas/Área de Trabalho/apresentação/venv/lib/python3.10/site-packages/airflow/example_dags/tutorial.py
[2023-07-08 01:06:50,874] {processor.py:651} INFO - DAG(s) dict_keys(['tutorial']) retrieved from /home/lucas/Área de Trabalho/apresentação/venv/lib/python3.10/site-packages/airflow/example_dags/tutorial.py
[2023-07-08 01:06:50,908] {logging_mixin.py:115} INFO - [2023-07-08 01:06:50,908] {dag.py:2379} INFO - Sync 1 DAGs
[2023-07-08 01:06:50,953] {logging_mixin.py:115} INFO - [2023-07-08 01:06:50,953] {dag.py:2927} INFO - Setting next_dagrun for tutorial to 2023-07-07T04:06:50.952955+00:00, run_after=2023-07-08T04:06:50.952955+00:00
[2023-07-08 01:06:50,979] {processor.py:161} INFO - Processing /home/lucas/Área de Trabalho/apresentação/venv/lib/python3.10/site-packages/airflow/example_dags/tutorial.py took 0.132 seconds
[2023-07-08 01:07:29,453] {processor.py:153} INFO - Started process (PID=38890) to work on /home/lucas/Área de Trabalho/apresentação/venv/lib/python3.10/site-packages/airflow/example_dags/tutorial.py
[2023-07-08 01:07:29,454] {processor.py:641} INFO - Processing file /home/lucas/Área de Trabalho/apresentação/venv/lib/python3.10/site-packages/airflow/example_dags/tutorial.py for tasks to queue
[2023-07-08 01:07:29,455] {logging_mixin.py:115} INFO - [2023-07-08 01:07:29,455] {dagbag.py:507} INFO - Filling up the DagBag from /home/lucas/Área de Trabalho/apresentação/venv/lib/python3.10/site-packages/airflow/example_dags/tutorial.py
[2023-07-08 01:07:29,466] {processor.py:651} INFO - DAG(s) dict_keys(['tutorial']) retrieved from /home/lucas/Área de Trabalho/apresentação/venv/lib/python3.10/site-packages/airflow/example_dags/tutorial.py
[2023-07-08 01:07:29,499] {logging_mixin.py:115} INFO - [2023-07-08 01:07:29,499] {dag.py:2379} INFO - Sync 1 DAGs
[2023-07-08 01:07:29,539] {logging_mixin.py:115} INFO - [2023-07-08 01:07:29,538] {dag.py:2927} INFO - Setting next_dagrun for tutorial to 2023-07-07T04:07:29.538323+00:00, run_after=2023-07-08T04:07:29.538323+00:00
[2023-07-08 01:07:29,564] {processor.py:161} INFO - Processing /home/lucas/Área de Trabalho/apresentação/venv/lib/python3.10/site-packages/airflow/example_dags/tutorial.py took 0.117 seconds
[2023-07-08 01:08:09,462] {processor.py:153} INFO - Started process (PID=38959) to work on /home/lucas/Área de Trabalho/apresentação/venv/lib/python3.10/site-packages/airflow/example_dags/tutorial.py
[2023-07-08 01:08:09,466] {processor.py:641} INFO - Processing file /home/lucas/Área de Trabalho/apresentação/venv/lib/python3.10/site-packages/airflow/example_dags/tutorial.py for tasks to queue
[2023-07-08 01:08:09,467] {logging_mixin.py:115} INFO - [2023-07-08 01:08:09,467] {dagbag.py:507} INFO - Filling up the DagBag from /home/lucas/Área de Trabalho/apresentação/venv/lib/python3.10/site-packages/airflow/example_dags/tutorial.py
[2023-07-08 01:08:09,478] {processor.py:651} INFO - DAG(s) dict_keys(['tutorial']) retrieved from /home/lucas/Área de Trabalho/apresentação/venv/lib/python3.10/site-packages/airflow/example_dags/tutorial.py
[2023-07-08 01:08:09,511] {logging_mixin.py:115} INFO - [2023-07-08 01:08:09,510] {dag.py:2379} INFO - Sync 1 DAGs
[2023-07-08 01:08:09,549] {logging_mixin.py:115} INFO - [2023-07-08 01:08:09,549] {dag.py:2927} INFO - Setting next_dagrun for tutorial to 2023-07-07T04:08:09.549058+00:00, run_after=2023-07-08T04:08:09.549058+00:00
[2023-07-08 01:08:09,576] {processor.py:161} INFO - Processing /home/lucas/Área de Trabalho/apresentação/venv/lib/python3.10/site-packages/airflow/example_dags/tutorial.py took 0.119 seconds
[2023-07-08 01:08:48,403] {processor.py:153} INFO - Started process (PID=39040) to work on /home/lucas/Área de Trabalho/apresentação/venv/lib/python3.10/site-packages/airflow/example_dags/tutorial.py
[2023-07-08 01:08:48,407] {processor.py:641} INFO - Processing file /home/lucas/Área de Trabalho/apresentação/venv/lib/python3.10/site-packages/airflow/example_dags/tutorial.py for tasks to queue
[2023-07-08 01:08:48,408] {logging_mixin.py:115} INFO - [2023-07-08 01:08:48,408] {dagbag.py:507} INFO - Filling up the DagBag from /home/lucas/Área de Trabalho/apresentação/venv/lib/python3.10/site-packages/airflow/example_dags/tutorial.py
[2023-07-08 01:08:48,419] {processor.py:651} INFO - DAG(s) dict_keys(['tutorial']) retrieved from /home/lucas/Área de Trabalho/apresentação/venv/lib/python3.10/site-packages/airflow/example_dags/tutorial.py
[2023-07-08 01:08:48,452] {logging_mixin.py:115} INFO - [2023-07-08 01:08:48,452] {dag.py:2379} INFO - Sync 1 DAGs
[2023-07-08 01:08:48,491] {logging_mixin.py:115} INFO - [2023-07-08 01:08:48,491] {dag.py:2927} INFO - Setting next_dagrun for tutorial to 2023-07-07T04:08:48.490556+00:00, run_after=2023-07-08T04:08:48.490556+00:00
[2023-07-08 01:08:48,517] {processor.py:161} INFO - Processing /home/lucas/Área de Trabalho/apresentação/venv/lib/python3.10/site-packages/airflow/example_dags/tutorial.py took 0.119 seconds
[2023-07-08 01:09:28,793] {processor.py:153} INFO - Started process (PID=39123) to work on /home/lucas/Área de Trabalho/apresentação/venv/lib/python3.10/site-packages/airflow/example_dags/tutorial.py
[2023-07-08 01:09:28,797] {processor.py:641} INFO - Processing file /home/lucas/Área de Trabalho/apresentação/venv/lib/python3.10/site-packages/airflow/example_dags/tutorial.py for tasks to queue
[2023-07-08 01:09:28,798] {logging_mixin.py:115} INFO - [2023-07-08 01:09:28,797] {dagbag.py:507} INFO - Filling up the DagBag from /home/lucas/Área de Trabalho/apresentação/venv/lib/python3.10/site-packages/airflow/example_dags/tutorial.py
[2023-07-08 01:09:28,809] {processor.py:651} INFO - DAG(s) dict_keys(['tutorial']) retrieved from /home/lucas/Área de Trabalho/apresentação/venv/lib/python3.10/site-packages/airflow/example_dags/tutorial.py
[2023-07-08 01:09:28,841] {logging_mixin.py:115} INFO - [2023-07-08 01:09:28,841] {dag.py:2379} INFO - Sync 1 DAGs
[2023-07-08 01:09:28,880] {logging_mixin.py:115} INFO - [2023-07-08 01:09:28,880] {dag.py:2927} INFO - Setting next_dagrun for tutorial to 2023-07-07T04:09:28.879930+00:00, run_after=2023-07-08T04:09:28.879930+00:00
[2023-07-08 01:09:28,907] {processor.py:161} INFO - Processing /home/lucas/Área de Trabalho/apresentação/venv/lib/python3.10/site-packages/airflow/example_dags/tutorial.py took 0.119 seconds
[2023-07-08 01:10:08,805] {processor.py:153} INFO - Started process (PID=39205) to work on /home/lucas/Área de Trabalho/apresentação/venv/lib/python3.10/site-packages/airflow/example_dags/tutorial.py
[2023-07-08 01:10:08,809] {processor.py:641} INFO - Processing file /home/lucas/Área de Trabalho/apresentação/venv/lib/python3.10/site-packages/airflow/example_dags/tutorial.py for tasks to queue
[2023-07-08 01:10:08,810] {logging_mixin.py:115} INFO - [2023-07-08 01:10:08,809] {dagbag.py:507} INFO - Filling up the DagBag from /home/lucas/Área de Trabalho/apresentação/venv/lib/python3.10/site-packages/airflow/example_dags/tutorial.py
[2023-07-08 01:10:08,821] {processor.py:651} INFO - DAG(s) dict_keys(['tutorial']) retrieved from /home/lucas/Área de Trabalho/apresentação/venv/lib/python3.10/site-packages/airflow/example_dags/tutorial.py
[2023-07-08 01:10:08,855] {logging_mixin.py:115} INFO - [2023-07-08 01:10:08,854] {dag.py:2379} INFO - Sync 1 DAGs
[2023-07-08 01:10:08,895] {logging_mixin.py:115} INFO - [2023-07-08 01:10:08,895] {dag.py:2927} INFO - Setting next_dagrun for tutorial to 2023-07-07T04:10:08.894434+00:00, run_after=2023-07-08T04:10:08.894434+00:00
[2023-07-08 01:10:08,925] {processor.py:161} INFO - Processing /home/lucas/Área de Trabalho/apresentação/venv/lib/python3.10/site-packages/airflow/example_dags/tutorial.py took 0.125 seconds
[2023-07-08 01:10:46,094] {processor.py:153} INFO - Started process (PID=39399) to work on /home/lucas/Área de Trabalho/apresentação/venv/lib/python3.10/site-packages/airflow/example_dags/tutorial.py
[2023-07-08 01:10:46,098] {processor.py:641} INFO - Processing file /home/lucas/Área de Trabalho/apresentação/venv/lib/python3.10/site-packages/airflow/example_dags/tutorial.py for tasks to queue
[2023-07-08 01:10:46,099] {logging_mixin.py:115} INFO - [2023-07-08 01:10:46,099] {dagbag.py:507} INFO - Filling up the DagBag from /home/lucas/Área de Trabalho/apresentação/venv/lib/python3.10/site-packages/airflow/example_dags/tutorial.py
[2023-07-08 01:10:46,111] {processor.py:651} INFO - DAG(s) dict_keys(['tutorial']) retrieved from /home/lucas/Área de Trabalho/apresentação/venv/lib/python3.10/site-packages/airflow/example_dags/tutorial.py
[2023-07-08 01:10:46,145] {logging_mixin.py:115} INFO - [2023-07-08 01:10:46,145] {dag.py:2379} INFO - Sync 1 DAGs
[2023-07-08 01:10:46,189] {logging_mixin.py:115} INFO - [2023-07-08 01:10:46,189] {dag.py:2927} INFO - Setting next_dagrun for tutorial to 2023-07-07T04:10:46.189004+00:00, run_after=2023-07-08T04:10:46.189004+00:00
[2023-07-08 01:10:46,215] {processor.py:161} INFO - Processing /home/lucas/Área de Trabalho/apresentação/venv/lib/python3.10/site-packages/airflow/example_dags/tutorial.py took 0.128 seconds
[2023-07-08 01:11:30,677] {processor.py:153} INFO - Started process (PID=39700) to work on /home/lucas/Área de Trabalho/apresentação/venv/lib/python3.10/site-packages/airflow/example_dags/tutorial.py
[2023-07-08 01:11:30,681] {processor.py:641} INFO - Processing file /home/lucas/Área de Trabalho/apresentação/venv/lib/python3.10/site-packages/airflow/example_dags/tutorial.py for tasks to queue
[2023-07-08 01:11:30,682] {logging_mixin.py:115} INFO - [2023-07-08 01:11:30,682] {dagbag.py:507} INFO - Filling up the DagBag from /home/lucas/Área de Trabalho/apresentação/venv/lib/python3.10/site-packages/airflow/example_dags/tutorial.py
[2023-07-08 01:11:30,694] {processor.py:651} INFO - DAG(s) dict_keys(['tutorial']) retrieved from /home/lucas/Área de Trabalho/apresentação/venv/lib/python3.10/site-packages/airflow/example_dags/tutorial.py
[2023-07-08 01:11:30,727] {logging_mixin.py:115} INFO - [2023-07-08 01:11:30,727] {dag.py:2379} INFO - Sync 1 DAGs
[2023-07-08 01:11:30,766] {logging_mixin.py:115} INFO - [2023-07-08 01:11:30,766] {dag.py:2927} INFO - Setting next_dagrun for tutorial to 2023-07-07T04:11:30.765785+00:00, run_after=2023-07-08T04:11:30.765785+00:00
[2023-07-08 01:11:30,793] {processor.py:161} INFO - Processing /home/lucas/Área de Trabalho/apresentação/venv/lib/python3.10/site-packages/airflow/example_dags/tutorial.py took 0.122 seconds
[2023-07-08 01:12:09,806] {processor.py:153} INFO - Started process (PID=39827) to work on /home/lucas/Área de Trabalho/apresentação/venv/lib/python3.10/site-packages/airflow/example_dags/tutorial.py
[2023-07-08 01:12:09,810] {processor.py:641} INFO - Processing file /home/lucas/Área de Trabalho/apresentação/venv/lib/python3.10/site-packages/airflow/example_dags/tutorial.py for tasks to queue
[2023-07-08 01:12:09,811] {logging_mixin.py:115} INFO - [2023-07-08 01:12:09,811] {dagbag.py:507} INFO - Filling up the DagBag from /home/lucas/Área de Trabalho/apresentação/venv/lib/python3.10/site-packages/airflow/example_dags/tutorial.py
[2023-07-08 01:12:09,823] {processor.py:651} INFO - DAG(s) dict_keys(['tutorial']) retrieved from /home/lucas/Área de Trabalho/apresentação/venv/lib/python3.10/site-packages/airflow/example_dags/tutorial.py
[2023-07-08 01:12:09,858] {logging_mixin.py:115} INFO - [2023-07-08 01:12:09,858] {dag.py:2379} INFO - Sync 1 DAGs
[2023-07-08 01:12:09,904] {logging_mixin.py:115} INFO - [2023-07-08 01:12:09,903] {dag.py:2927} INFO - Setting next_dagrun for tutorial to 2023-07-07T04:12:09.903092+00:00, run_after=2023-07-08T04:12:09.903092+00:00
[2023-07-08 01:12:09,935] {processor.py:161} INFO - Processing /home/lucas/Área de Trabalho/apresentação/venv/lib/python3.10/site-packages/airflow/example_dags/tutorial.py took 0.136 seconds
[2023-07-08 01:12:49,969] {processor.py:153} INFO - Started process (PID=39997) to work on /home/lucas/Área de Trabalho/apresentação/venv/lib/python3.10/site-packages/airflow/example_dags/tutorial.py
[2023-07-08 01:12:49,974] {processor.py:641} INFO - Processing file /home/lucas/Área de Trabalho/apresentação/venv/lib/python3.10/site-packages/airflow/example_dags/tutorial.py for tasks to queue
[2023-07-08 01:12:49,975] {logging_mixin.py:115} INFO - [2023-07-08 01:12:49,975] {dagbag.py:507} INFO - Filling up the DagBag from /home/lucas/Área de Trabalho/apresentação/venv/lib/python3.10/site-packages/airflow/example_dags/tutorial.py
[2023-07-08 01:12:49,989] {processor.py:651} INFO - DAG(s) dict_keys(['tutorial']) retrieved from /home/lucas/Área de Trabalho/apresentação/venv/lib/python3.10/site-packages/airflow/example_dags/tutorial.py
[2023-07-08 01:12:50,026] {logging_mixin.py:115} INFO - [2023-07-08 01:12:50,026] {dag.py:2379} INFO - Sync 1 DAGs
[2023-07-08 01:12:50,072] {logging_mixin.py:115} INFO - [2023-07-08 01:12:50,072] {dag.py:2927} INFO - Setting next_dagrun for tutorial to 2023-07-07T04:12:50.071861+00:00, run_after=2023-07-08T04:12:50.071861+00:00
[2023-07-08 01:12:50,100] {processor.py:161} INFO - Processing /home/lucas/Área de Trabalho/apresentação/venv/lib/python3.10/site-packages/airflow/example_dags/tutorial.py took 0.140 seconds
[2023-07-08 01:13:30,448] {processor.py:153} INFO - Started process (PID=40082) to work on /home/lucas/Área de Trabalho/apresentação/venv/lib/python3.10/site-packages/airflow/example_dags/tutorial.py
[2023-07-08 01:13:30,452] {processor.py:641} INFO - Processing file /home/lucas/Área de Trabalho/apresentação/venv/lib/python3.10/site-packages/airflow/example_dags/tutorial.py for tasks to queue
[2023-07-08 01:13:30,453] {logging_mixin.py:115} INFO - [2023-07-08 01:13:30,453] {dagbag.py:507} INFO - Filling up the DagBag from /home/lucas/Área de Trabalho/apresentação/venv/lib/python3.10/site-packages/airflow/example_dags/tutorial.py
[2023-07-08 01:13:30,465] {processor.py:651} INFO - DAG(s) dict_keys(['tutorial']) retrieved from /home/lucas/Área de Trabalho/apresentação/venv/lib/python3.10/site-packages/airflow/example_dags/tutorial.py
[2023-07-08 01:13:30,499] {logging_mixin.py:115} INFO - [2023-07-08 01:13:30,499] {dag.py:2379} INFO - Sync 1 DAGs
[2023-07-08 01:13:30,544] {logging_mixin.py:115} INFO - [2023-07-08 01:13:30,544] {dag.py:2927} INFO - Setting next_dagrun for tutorial to 2023-07-07T04:13:30.543677+00:00, run_after=2023-07-08T04:13:30.543677+00:00
[2023-07-08 01:13:30,577] {processor.py:161} INFO - Processing /home/lucas/Área de Trabalho/apresentação/venv/lib/python3.10/site-packages/airflow/example_dags/tutorial.py took 0.135 seconds
[2023-07-08 01:14:08,335] {processor.py:153} INFO - Started process (PID=40163) to work on /home/lucas/Área de Trabalho/apresentação/venv/lib/python3.10/site-packages/airflow/example_dags/tutorial.py
[2023-07-08 01:14:08,336] {processor.py:641} INFO - Processing file /home/lucas/Área de Trabalho/apresentação/venv/lib/python3.10/site-packages/airflow/example_dags/tutorial.py for tasks to queue
[2023-07-08 01:14:08,337] {logging_mixin.py:115} INFO - [2023-07-08 01:14:08,337] {dagbag.py:507} INFO - Filling up the DagBag from /home/lucas/Área de Trabalho/apresentação/venv/lib/python3.10/site-packages/airflow/example_dags/tutorial.py
[2023-07-08 01:14:08,349] {processor.py:651} INFO - DAG(s) dict_keys(['tutorial']) retrieved from /home/lucas/Área de Trabalho/apresentação/venv/lib/python3.10/site-packages/airflow/example_dags/tutorial.py
[2023-07-08 01:14:08,382] {logging_mixin.py:115} INFO - [2023-07-08 01:14:08,382] {dag.py:2379} INFO - Sync 1 DAGs
[2023-07-08 01:14:08,424] {logging_mixin.py:115} INFO - [2023-07-08 01:14:08,424] {dag.py:2927} INFO - Setting next_dagrun for tutorial to 2023-07-07T04:14:08.423351+00:00, run_after=2023-07-08T04:14:08.423351+00:00
[2023-07-08 01:14:08,454] {processor.py:161} INFO - Processing /home/lucas/Área de Trabalho/apresentação/venv/lib/python3.10/site-packages/airflow/example_dags/tutorial.py took 0.124 seconds
[2023-07-08 01:14:49,245] {processor.py:153} INFO - Started process (PID=40365) to work on /home/lucas/Área de Trabalho/apresentação/venv/lib/python3.10/site-packages/airflow/example_dags/tutorial.py
[2023-07-08 01:14:49,247] {processor.py:641} INFO - Processing file /home/lucas/Área de Trabalho/apresentação/venv/lib/python3.10/site-packages/airflow/example_dags/tutorial.py for tasks to queue
[2023-07-08 01:14:49,247] {logging_mixin.py:115} INFO - [2023-07-08 01:14:49,247] {dagbag.py:507} INFO - Filling up the DagBag from /home/lucas/Área de Trabalho/apresentação/venv/lib/python3.10/site-packages/airflow/example_dags/tutorial.py
[2023-07-08 01:14:49,260] {processor.py:651} INFO - DAG(s) dict_keys(['tutorial']) retrieved from /home/lucas/Área de Trabalho/apresentação/venv/lib/python3.10/site-packages/airflow/example_dags/tutorial.py
[2023-07-08 01:14:49,303] {logging_mixin.py:115} INFO - [2023-07-08 01:14:49,303] {dag.py:2379} INFO - Sync 1 DAGs
[2023-07-08 01:14:49,358] {logging_mixin.py:115} INFO - [2023-07-08 01:14:49,357] {dag.py:2927} INFO - Setting next_dagrun for tutorial to 2023-07-07T04:14:49.356738+00:00, run_after=2023-07-08T04:14:49.356738+00:00
[2023-07-08 01:14:49,390] {processor.py:161} INFO - Processing /home/lucas/Área de Trabalho/apresentação/venv/lib/python3.10/site-packages/airflow/example_dags/tutorial.py took 0.150 seconds
[2023-07-08 01:15:26,608] {processor.py:153} INFO - Started process (PID=40511) to work on /home/lucas/Área de Trabalho/apresentação/venv/lib/python3.10/site-packages/airflow/example_dags/tutorial.py
[2023-07-08 01:15:26,612] {processor.py:641} INFO - Processing file /home/lucas/Área de Trabalho/apresentação/venv/lib/python3.10/site-packages/airflow/example_dags/tutorial.py for tasks to queue
[2023-07-08 01:15:26,613] {logging_mixin.py:115} INFO - [2023-07-08 01:15:26,613] {dagbag.py:507} INFO - Filling up the DagBag from /home/lucas/Área de Trabalho/apresentação/venv/lib/python3.10/site-packages/airflow/example_dags/tutorial.py
[2023-07-08 01:15:26,626] {processor.py:651} INFO - DAG(s) dict_keys(['tutorial']) retrieved from /home/lucas/Área de Trabalho/apresentação/venv/lib/python3.10/site-packages/airflow/example_dags/tutorial.py
[2023-07-08 01:15:26,663] {logging_mixin.py:115} INFO - [2023-07-08 01:15:26,663] {dag.py:2379} INFO - Sync 1 DAGs
[2023-07-08 01:15:26,709] {logging_mixin.py:115} INFO - [2023-07-08 01:15:26,709] {dag.py:2927} INFO - Setting next_dagrun for tutorial to 2023-07-07T04:15:26.708671+00:00, run_after=2023-07-08T04:15:26.708671+00:00
[2023-07-08 01:15:26,739] {processor.py:161} INFO - Processing /home/lucas/Área de Trabalho/apresentação/venv/lib/python3.10/site-packages/airflow/example_dags/tutorial.py took 0.137 seconds
[2023-07-08 01:16:32,086] {processor.py:153} INFO - Started process (PID=40970) to work on /home/lucas/Área de Trabalho/apresentação/venv/lib/python3.10/site-packages/airflow/example_dags/tutorial.py
[2023-07-08 01:16:32,089] {processor.py:641} INFO - Processing file /home/lucas/Área de Trabalho/apresentação/venv/lib/python3.10/site-packages/airflow/example_dags/tutorial.py for tasks to queue
[2023-07-08 01:16:32,089] {logging_mixin.py:115} INFO - [2023-07-08 01:16:32,089] {dagbag.py:507} INFO - Filling up the DagBag from /home/lucas/Área de Trabalho/apresentação/venv/lib/python3.10/site-packages/airflow/example_dags/tutorial.py
[2023-07-08 01:16:32,133] {processor.py:651} INFO - DAG(s) dict_keys(['tutorial']) retrieved from /home/lucas/Área de Trabalho/apresentação/venv/lib/python3.10/site-packages/airflow/example_dags/tutorial.py
[2023-07-08 01:16:32,187] {logging_mixin.py:115} INFO - [2023-07-08 01:16:32,187] {dag.py:2379} INFO - Sync 1 DAGs
[2023-07-08 01:16:32,250] {logging_mixin.py:115} INFO - [2023-07-08 01:16:32,250] {dag.py:2927} INFO - Setting next_dagrun for tutorial to 2023-07-07T04:16:32.249997+00:00, run_after=2023-07-08T04:16:32.249997+00:00
[2023-07-08 01:16:32,295] {processor.py:161} INFO - Processing /home/lucas/Área de Trabalho/apresentação/venv/lib/python3.10/site-packages/airflow/example_dags/tutorial.py took 0.218 seconds
[2023-07-08 01:18:02,373] {processor.py:153} INFO - Started process (PID=41353) to work on /home/lucas/Área de Trabalho/apresentação/venv/lib/python3.10/site-packages/airflow/example_dags/tutorial.py
[2023-07-08 01:18:02,377] {processor.py:641} INFO - Processing file /home/lucas/Área de Trabalho/apresentação/venv/lib/python3.10/site-packages/airflow/example_dags/tutorial.py for tasks to queue
[2023-07-08 01:18:02,378] {logging_mixin.py:115} INFO - [2023-07-08 01:18:02,377] {dagbag.py:507} INFO - Filling up the DagBag from /home/lucas/Área de Trabalho/apresentação/venv/lib/python3.10/site-packages/airflow/example_dags/tutorial.py
[2023-07-08 01:18:02,390] {processor.py:651} INFO - DAG(s) dict_keys(['tutorial']) retrieved from /home/lucas/Área de Trabalho/apresentação/venv/lib/python3.10/site-packages/airflow/example_dags/tutorial.py
[2023-07-08 01:18:02,422] {logging_mixin.py:115} INFO - [2023-07-08 01:18:02,421] {dag.py:2379} INFO - Sync 1 DAGs
[2023-07-08 01:18:02,458] {logging_mixin.py:115} INFO - [2023-07-08 01:18:02,458] {dag.py:2927} INFO - Setting next_dagrun for tutorial to 2023-07-07T04:18:02.457830+00:00, run_after=2023-07-08T04:18:02.457830+00:00
[2023-07-08 01:18:02,486] {processor.py:161} INFO - Processing /home/lucas/Área de Trabalho/apresentação/venv/lib/python3.10/site-packages/airflow/example_dags/tutorial.py took 0.119 seconds
[2023-07-08 01:18:40,288] {processor.py:153} INFO - Started process (PID=41459) to work on /home/lucas/Área de Trabalho/apresentação/venv/lib/python3.10/site-packages/airflow/example_dags/tutorial.py
[2023-07-08 01:18:40,289] {processor.py:641} INFO - Processing file /home/lucas/Área de Trabalho/apresentação/venv/lib/python3.10/site-packages/airflow/example_dags/tutorial.py for tasks to queue
[2023-07-08 01:18:40,290] {logging_mixin.py:115} INFO - [2023-07-08 01:18:40,290] {dagbag.py:507} INFO - Filling up the DagBag from /home/lucas/Área de Trabalho/apresentação/venv/lib/python3.10/site-packages/airflow/example_dags/tutorial.py
[2023-07-08 01:18:40,302] {processor.py:651} INFO - DAG(s) dict_keys(['tutorial']) retrieved from /home/lucas/Área de Trabalho/apresentação/venv/lib/python3.10/site-packages/airflow/example_dags/tutorial.py
[2023-07-08 01:18:40,334] {logging_mixin.py:115} INFO - [2023-07-08 01:18:40,334] {dag.py:2379} INFO - Sync 1 DAGs
[2023-07-08 01:18:40,371] {logging_mixin.py:115} INFO - [2023-07-08 01:18:40,371] {dag.py:2927} INFO - Setting next_dagrun for tutorial to 2023-07-07T04:18:40.371108+00:00, run_after=2023-07-08T04:18:40.371108+00:00
[2023-07-08 01:18:40,393] {processor.py:161} INFO - Processing /home/lucas/Área de Trabalho/apresentação/venv/lib/python3.10/site-packages/airflow/example_dags/tutorial.py took 0.111 seconds
[2023-07-08 01:19:18,913] {processor.py:153} INFO - Started process (PID=41548) to work on /home/lucas/Área de Trabalho/apresentação/venv/lib/python3.10/site-packages/airflow/example_dags/tutorial.py
[2023-07-08 01:19:18,917] {processor.py:641} INFO - Processing file /home/lucas/Área de Trabalho/apresentação/venv/lib/python3.10/site-packages/airflow/example_dags/tutorial.py for tasks to queue
[2023-07-08 01:19:18,918] {logging_mixin.py:115} INFO - [2023-07-08 01:19:18,918] {dagbag.py:507} INFO - Filling up the DagBag from /home/lucas/Área de Trabalho/apresentação/venv/lib/python3.10/site-packages/airflow/example_dags/tutorial.py
[2023-07-08 01:19:18,930] {processor.py:651} INFO - DAG(s) dict_keys(['tutorial']) retrieved from /home/lucas/Área de Trabalho/apresentação/venv/lib/python3.10/site-packages/airflow/example_dags/tutorial.py
[2023-07-08 01:19:18,962] {logging_mixin.py:115} INFO - [2023-07-08 01:19:18,961] {dag.py:2379} INFO - Sync 1 DAGs
[2023-07-08 01:19:18,997] {logging_mixin.py:115} INFO - [2023-07-08 01:19:18,997] {dag.py:2927} INFO - Setting next_dagrun for tutorial to 2023-07-07T04:19:18.997211+00:00, run_after=2023-07-08T04:19:18.997211+00:00
[2023-07-08 01:19:19,021] {processor.py:161} INFO - Processing /home/lucas/Área de Trabalho/apresentação/venv/lib/python3.10/site-packages/airflow/example_dags/tutorial.py took 0.113 seconds
[2023-07-08 01:19:57,758] {processor.py:153} INFO - Started process (PID=41621) to work on /home/lucas/Área de Trabalho/apresentação/venv/lib/python3.10/site-packages/airflow/example_dags/tutorial.py
[2023-07-08 01:19:57,763] {processor.py:641} INFO - Processing file /home/lucas/Área de Trabalho/apresentação/venv/lib/python3.10/site-packages/airflow/example_dags/tutorial.py for tasks to queue
[2023-07-08 01:19:57,764] {logging_mixin.py:115} INFO - [2023-07-08 01:19:57,764] {dagbag.py:507} INFO - Filling up the DagBag from /home/lucas/Área de Trabalho/apresentação/venv/lib/python3.10/site-packages/airflow/example_dags/tutorial.py
[2023-07-08 01:19:57,777] {processor.py:651} INFO - DAG(s) dict_keys(['tutorial']) retrieved from /home/lucas/Área de Trabalho/apresentação/venv/lib/python3.10/site-packages/airflow/example_dags/tutorial.py
[2023-07-08 01:19:57,810] {logging_mixin.py:115} INFO - [2023-07-08 01:19:57,810] {dag.py:2379} INFO - Sync 1 DAGs
[2023-07-08 01:19:57,851] {logging_mixin.py:115} INFO - [2023-07-08 01:19:57,851] {dag.py:2927} INFO - Setting next_dagrun for tutorial to 2023-07-07T04:19:57.851197+00:00, run_after=2023-07-08T04:19:57.851197+00:00
[2023-07-08 01:19:57,879] {processor.py:161} INFO - Processing /home/lucas/Área de Trabalho/apresentação/venv/lib/python3.10/site-packages/airflow/example_dags/tutorial.py took 0.126 seconds
[2023-07-08 10:16:27,727] {processor.py:153} INFO - Started process (PID=4716) to work on /home/lucas/Área de Trabalho/apresentação/venv/lib/python3.10/site-packages/airflow/example_dags/tutorial.py
[2023-07-08 10:16:27,729] {processor.py:641} INFO - Processing file /home/lucas/Área de Trabalho/apresentação/venv/lib/python3.10/site-packages/airflow/example_dags/tutorial.py for tasks to queue
[2023-07-08 10:16:27,731] {logging_mixin.py:115} INFO - [2023-07-08 10:16:27,730] {dagbag.py:507} INFO - Filling up the DagBag from /home/lucas/Área de Trabalho/apresentação/venv/lib/python3.10/site-packages/airflow/example_dags/tutorial.py
[2023-07-08 10:16:27,749] {processor.py:651} INFO - DAG(s) dict_keys(['tutorial']) retrieved from /home/lucas/Área de Trabalho/apresentação/venv/lib/python3.10/site-packages/airflow/example_dags/tutorial.py
[2023-07-08 10:16:27,797] {logging_mixin.py:115} INFO - [2023-07-08 10:16:27,797] {dag.py:2379} INFO - Sync 1 DAGs
[2023-07-08 10:16:27,851] {logging_mixin.py:115} INFO - [2023-07-08 10:16:27,851] {dag.py:2927} INFO - Setting next_dagrun for tutorial to 2023-07-07T13:16:27.850907+00:00, run_after=2023-07-08T13:16:27.850907+00:00
[2023-07-08 10:16:27,890] {processor.py:161} INFO - Processing /home/lucas/Área de Trabalho/apresentação/venv/lib/python3.10/site-packages/airflow/example_dags/tutorial.py took 0.170 seconds
[2023-07-08 10:17:05,659] {processor.py:153} INFO - Started process (PID=5184) to work on /home/lucas/Área de Trabalho/apresentação/venv/lib/python3.10/site-packages/airflow/example_dags/tutorial.py
[2023-07-08 10:17:05,663] {processor.py:641} INFO - Processing file /home/lucas/Área de Trabalho/apresentação/venv/lib/python3.10/site-packages/airflow/example_dags/tutorial.py for tasks to queue
[2023-07-08 10:17:05,665] {logging_mixin.py:115} INFO - [2023-07-08 10:17:05,664] {dagbag.py:507} INFO - Filling up the DagBag from /home/lucas/Área de Trabalho/apresentação/venv/lib/python3.10/site-packages/airflow/example_dags/tutorial.py
[2023-07-08 10:17:05,676] {processor.py:651} INFO - DAG(s) dict_keys(['tutorial']) retrieved from /home/lucas/Área de Trabalho/apresentação/venv/lib/python3.10/site-packages/airflow/example_dags/tutorial.py
[2023-07-08 10:17:05,709] {logging_mixin.py:115} INFO - [2023-07-08 10:17:05,709] {dag.py:2379} INFO - Sync 1 DAGs
[2023-07-08 10:17:05,748] {logging_mixin.py:115} INFO - [2023-07-08 10:17:05,748] {dag.py:2927} INFO - Setting next_dagrun for tutorial to 2023-07-07T13:17:05.747949+00:00, run_after=2023-07-08T13:17:05.747949+00:00
[2023-07-08 10:17:05,775] {processor.py:161} INFO - Processing /home/lucas/Área de Trabalho/apresentação/venv/lib/python3.10/site-packages/airflow/example_dags/tutorial.py took 0.121 seconds
[2023-07-08 10:17:41,132] {processor.py:153} INFO - Started process (PID=5523) to work on /home/lucas/Área de Trabalho/apresentação/venv/lib/python3.10/site-packages/airflow/example_dags/tutorial.py
[2023-07-08 10:17:41,136] {processor.py:641} INFO - Processing file /home/lucas/Área de Trabalho/apresentação/venv/lib/python3.10/site-packages/airflow/example_dags/tutorial.py for tasks to queue
[2023-07-08 10:17:41,137] {logging_mixin.py:115} INFO - [2023-07-08 10:17:41,137] {dagbag.py:507} INFO - Filling up the DagBag from /home/lucas/Área de Trabalho/apresentação/venv/lib/python3.10/site-packages/airflow/example_dags/tutorial.py
[2023-07-08 10:17:41,148] {processor.py:651} INFO - DAG(s) dict_keys(['tutorial']) retrieved from /home/lucas/Área de Trabalho/apresentação/venv/lib/python3.10/site-packages/airflow/example_dags/tutorial.py
[2023-07-08 10:17:41,181] {logging_mixin.py:115} INFO - [2023-07-08 10:17:41,181] {dag.py:2379} INFO - Sync 1 DAGs
[2023-07-08 10:17:41,220] {logging_mixin.py:115} INFO - [2023-07-08 10:17:41,219] {dag.py:2927} INFO - Setting next_dagrun for tutorial to 2023-07-07T13:17:41.219344+00:00, run_after=2023-07-08T13:17:41.219344+00:00
[2023-07-08 10:17:41,246] {processor.py:161} INFO - Processing /home/lucas/Área de Trabalho/apresentação/venv/lib/python3.10/site-packages/airflow/example_dags/tutorial.py took 0.119 seconds
[2023-07-08 10:18:19,196] {processor.py:153} INFO - Started process (PID=5594) to work on /home/lucas/Área de Trabalho/apresentação/venv/lib/python3.10/site-packages/airflow/example_dags/tutorial.py
[2023-07-08 10:18:19,199] {processor.py:641} INFO - Processing file /home/lucas/Área de Trabalho/apresentação/venv/lib/python3.10/site-packages/airflow/example_dags/tutorial.py for tasks to queue
[2023-07-08 10:18:19,200] {logging_mixin.py:115} INFO - [2023-07-08 10:18:19,200] {dagbag.py:507} INFO - Filling up the DagBag from /home/lucas/Área de Trabalho/apresentação/venv/lib/python3.10/site-packages/airflow/example_dags/tutorial.py
[2023-07-08 10:18:19,212] {processor.py:651} INFO - DAG(s) dict_keys(['tutorial']) retrieved from /home/lucas/Área de Trabalho/apresentação/venv/lib/python3.10/site-packages/airflow/example_dags/tutorial.py
[2023-07-08 10:18:19,245] {logging_mixin.py:115} INFO - [2023-07-08 10:18:19,245] {dag.py:2379} INFO - Sync 1 DAGs
[2023-07-08 10:18:19,284] {logging_mixin.py:115} INFO - [2023-07-08 10:18:19,284] {dag.py:2927} INFO - Setting next_dagrun for tutorial to 2023-07-07T13:18:19.284117+00:00, run_after=2023-07-08T13:18:19.284117+00:00
[2023-07-08 10:18:19,311] {processor.py:161} INFO - Processing /home/lucas/Área de Trabalho/apresentação/venv/lib/python3.10/site-packages/airflow/example_dags/tutorial.py took 0.121 seconds
[2023-07-08 10:18:57,727] {processor.py:153} INFO - Started process (PID=5675) to work on /home/lucas/Área de Trabalho/apresentação/venv/lib/python3.10/site-packages/airflow/example_dags/tutorial.py
[2023-07-08 10:18:57,731] {processor.py:641} INFO - Processing file /home/lucas/Área de Trabalho/apresentação/venv/lib/python3.10/site-packages/airflow/example_dags/tutorial.py for tasks to queue
[2023-07-08 10:18:57,733] {logging_mixin.py:115} INFO - [2023-07-08 10:18:57,732] {dagbag.py:507} INFO - Filling up the DagBag from /home/lucas/Área de Trabalho/apresentação/venv/lib/python3.10/site-packages/airflow/example_dags/tutorial.py
[2023-07-08 10:18:57,744] {processor.py:651} INFO - DAG(s) dict_keys(['tutorial']) retrieved from /home/lucas/Área de Trabalho/apresentação/venv/lib/python3.10/site-packages/airflow/example_dags/tutorial.py
[2023-07-08 10:18:57,777] {logging_mixin.py:115} INFO - [2023-07-08 10:18:57,777] {dag.py:2379} INFO - Sync 1 DAGs
[2023-07-08 10:18:57,821] {logging_mixin.py:115} INFO - [2023-07-08 10:18:57,821] {dag.py:2927} INFO - Setting next_dagrun for tutorial to 2023-07-07T13:18:57.821192+00:00, run_after=2023-07-08T13:18:57.821192+00:00
[2023-07-08 10:18:57,850] {processor.py:161} INFO - Processing /home/lucas/Área de Trabalho/apresentação/venv/lib/python3.10/site-packages/airflow/example_dags/tutorial.py took 0.129 seconds
[2023-07-08 10:19:35,846] {processor.py:153} INFO - Started process (PID=5744) to work on /home/lucas/Área de Trabalho/apresentação/venv/lib/python3.10/site-packages/airflow/example_dags/tutorial.py
[2023-07-08 10:19:35,849] {processor.py:641} INFO - Processing file /home/lucas/Área de Trabalho/apresentação/venv/lib/python3.10/site-packages/airflow/example_dags/tutorial.py for tasks to queue
[2023-07-08 10:19:35,850] {logging_mixin.py:115} INFO - [2023-07-08 10:19:35,850] {dagbag.py:507} INFO - Filling up the DagBag from /home/lucas/Área de Trabalho/apresentação/venv/lib/python3.10/site-packages/airflow/example_dags/tutorial.py
[2023-07-08 10:19:35,861] {processor.py:651} INFO - DAG(s) dict_keys(['tutorial']) retrieved from /home/lucas/Área de Trabalho/apresentação/venv/lib/python3.10/site-packages/airflow/example_dags/tutorial.py
[2023-07-08 10:19:35,894] {logging_mixin.py:115} INFO - [2023-07-08 10:19:35,894] {dag.py:2379} INFO - Sync 1 DAGs
[2023-07-08 10:19:35,934] {logging_mixin.py:115} INFO - [2023-07-08 10:19:35,934] {dag.py:2927} INFO - Setting next_dagrun for tutorial to 2023-07-07T13:19:35.933518+00:00, run_after=2023-07-08T13:19:35.933518+00:00
[2023-07-08 10:19:35,960] {processor.py:161} INFO - Processing /home/lucas/Área de Trabalho/apresentação/venv/lib/python3.10/site-packages/airflow/example_dags/tutorial.py took 0.120 seconds
[2023-07-08 10:20:13,419] {processor.py:153} INFO - Started process (PID=5808) to work on /home/lucas/Área de Trabalho/apresentação/venv/lib/python3.10/site-packages/airflow/example_dags/tutorial.py
[2023-07-08 10:20:13,423] {processor.py:641} INFO - Processing file /home/lucas/Área de Trabalho/apresentação/venv/lib/python3.10/site-packages/airflow/example_dags/tutorial.py for tasks to queue
[2023-07-08 10:20:13,425] {logging_mixin.py:115} INFO - [2023-07-08 10:20:13,424] {dagbag.py:507} INFO - Filling up the DagBag from /home/lucas/Área de Trabalho/apresentação/venv/lib/python3.10/site-packages/airflow/example_dags/tutorial.py
[2023-07-08 10:20:13,436] {processor.py:651} INFO - DAG(s) dict_keys(['tutorial']) retrieved from /home/lucas/Área de Trabalho/apresentação/venv/lib/python3.10/site-packages/airflow/example_dags/tutorial.py
[2023-07-08 10:20:13,470] {logging_mixin.py:115} INFO - [2023-07-08 10:20:13,469] {dag.py:2379} INFO - Sync 1 DAGs
[2023-07-08 10:20:13,509] {logging_mixin.py:115} INFO - [2023-07-08 10:20:13,509] {dag.py:2927} INFO - Setting next_dagrun for tutorial to 2023-07-07T13:20:13.508576+00:00, run_after=2023-07-08T13:20:13.508576+00:00
[2023-07-08 10:20:13,539] {processor.py:161} INFO - Processing /home/lucas/Área de Trabalho/apresentação/venv/lib/python3.10/site-packages/airflow/example_dags/tutorial.py took 0.125 seconds
[2023-07-08 10:20:52,865] {processor.py:153} INFO - Started process (PID=5879) to work on /home/lucas/Área de Trabalho/apresentação/venv/lib/python3.10/site-packages/airflow/example_dags/tutorial.py
[2023-07-08 10:20:52,869] {processor.py:641} INFO - Processing file /home/lucas/Área de Trabalho/apresentação/venv/lib/python3.10/site-packages/airflow/example_dags/tutorial.py for tasks to queue
[2023-07-08 10:20:52,870] {logging_mixin.py:115} INFO - [2023-07-08 10:20:52,870] {dagbag.py:507} INFO - Filling up the DagBag from /home/lucas/Área de Trabalho/apresentação/venv/lib/python3.10/site-packages/airflow/example_dags/tutorial.py
[2023-07-08 10:20:52,881] {processor.py:651} INFO - DAG(s) dict_keys(['tutorial']) retrieved from /home/lucas/Área de Trabalho/apresentação/venv/lib/python3.10/site-packages/airflow/example_dags/tutorial.py
[2023-07-08 10:20:52,914] {logging_mixin.py:115} INFO - [2023-07-08 10:20:52,914] {dag.py:2379} INFO - Sync 1 DAGs
[2023-07-08 10:20:52,953] {logging_mixin.py:115} INFO - [2023-07-08 10:20:52,953] {dag.py:2927} INFO - Setting next_dagrun for tutorial to 2023-07-07T13:20:52.952735+00:00, run_after=2023-07-08T13:20:52.952735+00:00
[2023-07-08 10:20:52,979] {processor.py:161} INFO - Processing /home/lucas/Área de Trabalho/apresentação/venv/lib/python3.10/site-packages/airflow/example_dags/tutorial.py took 0.120 seconds
[2023-07-08 10:21:32,988] {processor.py:153} INFO - Started process (PID=6003) to work on /home/lucas/Área de Trabalho/apresentação/venv/lib/python3.10/site-packages/airflow/example_dags/tutorial.py
[2023-07-08 10:21:32,989] {processor.py:641} INFO - Processing file /home/lucas/Área de Trabalho/apresentação/venv/lib/python3.10/site-packages/airflow/example_dags/tutorial.py for tasks to queue
[2023-07-08 10:21:32,990] {logging_mixin.py:115} INFO - [2023-07-08 10:21:32,990] {dagbag.py:507} INFO - Filling up the DagBag from /home/lucas/Área de Trabalho/apresentação/venv/lib/python3.10/site-packages/airflow/example_dags/tutorial.py
[2023-07-08 10:21:33,002] {processor.py:651} INFO - DAG(s) dict_keys(['tutorial']) retrieved from /home/lucas/Área de Trabalho/apresentação/venv/lib/python3.10/site-packages/airflow/example_dags/tutorial.py
[2023-07-08 10:21:33,035] {logging_mixin.py:115} INFO - [2023-07-08 10:21:33,034] {dag.py:2379} INFO - Sync 1 DAGs
[2023-07-08 10:21:33,074] {logging_mixin.py:115} INFO - [2023-07-08 10:21:33,074] {dag.py:2927} INFO - Setting next_dagrun for tutorial to 2023-07-07T13:21:33.073343+00:00, run_after=2023-07-08T13:21:33.073343+00:00
[2023-07-08 10:21:33,099] {processor.py:161} INFO - Processing /home/lucas/Área de Trabalho/apresentação/venv/lib/python3.10/site-packages/airflow/example_dags/tutorial.py took 0.117 seconds
[2023-07-08 10:22:10,623] {processor.py:153} INFO - Started process (PID=6063) to work on /home/lucas/Área de Trabalho/apresentação/venv/lib/python3.10/site-packages/airflow/example_dags/tutorial.py
[2023-07-08 10:22:10,627] {processor.py:641} INFO - Processing file /home/lucas/Área de Trabalho/apresentação/venv/lib/python3.10/site-packages/airflow/example_dags/tutorial.py for tasks to queue
[2023-07-08 10:22:10,629] {logging_mixin.py:115} INFO - [2023-07-08 10:22:10,628] {dagbag.py:507} INFO - Filling up the DagBag from /home/lucas/Área de Trabalho/apresentação/venv/lib/python3.10/site-packages/airflow/example_dags/tutorial.py
[2023-07-08 10:22:10,640] {processor.py:651} INFO - DAG(s) dict_keys(['tutorial']) retrieved from /home/lucas/Área de Trabalho/apresentação/venv/lib/python3.10/site-packages/airflow/example_dags/tutorial.py
[2023-07-08 10:22:10,671] {logging_mixin.py:115} INFO - [2023-07-08 10:22:10,671] {dag.py:2379} INFO - Sync 1 DAGs
[2023-07-08 10:22:10,711] {logging_mixin.py:115} INFO - [2023-07-08 10:22:10,710] {dag.py:2927} INFO - Setting next_dagrun for tutorial to 2023-07-07T13:22:10.709949+00:00, run_after=2023-07-08T13:22:10.709949+00:00
[2023-07-08 10:22:10,737] {processor.py:161} INFO - Processing /home/lucas/Área de Trabalho/apresentação/venv/lib/python3.10/site-packages/airflow/example_dags/tutorial.py took 0.120 seconds
[2023-07-08 10:22:49,532] {processor.py:153} INFO - Started process (PID=6154) to work on /home/lucas/Área de Trabalho/apresentação/venv/lib/python3.10/site-packages/airflow/example_dags/tutorial.py
[2023-07-08 10:22:49,536] {processor.py:641} INFO - Processing file /home/lucas/Área de Trabalho/apresentação/venv/lib/python3.10/site-packages/airflow/example_dags/tutorial.py for tasks to queue
[2023-07-08 10:22:49,537] {logging_mixin.py:115} INFO - [2023-07-08 10:22:49,537] {dagbag.py:507} INFO - Filling up the DagBag from /home/lucas/Área de Trabalho/apresentação/venv/lib/python3.10/site-packages/airflow/example_dags/tutorial.py
[2023-07-08 10:22:49,548] {processor.py:651} INFO - DAG(s) dict_keys(['tutorial']) retrieved from /home/lucas/Área de Trabalho/apresentação/venv/lib/python3.10/site-packages/airflow/example_dags/tutorial.py
[2023-07-08 10:22:49,581] {logging_mixin.py:115} INFO - [2023-07-08 10:22:49,581] {dag.py:2379} INFO - Sync 1 DAGs
[2023-07-08 10:22:49,620] {logging_mixin.py:115} INFO - [2023-07-08 10:22:49,620] {dag.py:2927} INFO - Setting next_dagrun for tutorial to 2023-07-07T13:22:49.619646+00:00, run_after=2023-07-08T13:22:49.619646+00:00
[2023-07-08 10:22:49,646] {processor.py:161} INFO - Processing /home/lucas/Área de Trabalho/apresentação/venv/lib/python3.10/site-packages/airflow/example_dags/tutorial.py took 0.119 seconds
[2023-07-08 10:23:27,751] {processor.py:153} INFO - Started process (PID=6223) to work on /home/lucas/Área de Trabalho/apresentação/venv/lib/python3.10/site-packages/airflow/example_dags/tutorial.py
[2023-07-08 10:23:27,752] {processor.py:641} INFO - Processing file /home/lucas/Área de Trabalho/apresentação/venv/lib/python3.10/site-packages/airflow/example_dags/tutorial.py for tasks to queue
[2023-07-08 10:23:27,753] {logging_mixin.py:115} INFO - [2023-07-08 10:23:27,753] {dagbag.py:507} INFO - Filling up the DagBag from /home/lucas/Área de Trabalho/apresentação/venv/lib/python3.10/site-packages/airflow/example_dags/tutorial.py
[2023-07-08 10:23:27,765] {processor.py:651} INFO - DAG(s) dict_keys(['tutorial']) retrieved from /home/lucas/Área de Trabalho/apresentação/venv/lib/python3.10/site-packages/airflow/example_dags/tutorial.py
[2023-07-08 10:23:27,800] {logging_mixin.py:115} INFO - [2023-07-08 10:23:27,800] {dag.py:2379} INFO - Sync 1 DAGs
[2023-07-08 10:23:27,839] {logging_mixin.py:115} INFO - [2023-07-08 10:23:27,839] {dag.py:2927} INFO - Setting next_dagrun for tutorial to 2023-07-07T13:23:27.838570+00:00, run_after=2023-07-08T13:23:27.838570+00:00
[2023-07-08 10:23:27,863] {processor.py:161} INFO - Processing /home/lucas/Área de Trabalho/apresentação/venv/lib/python3.10/site-packages/airflow/example_dags/tutorial.py took 0.118 seconds
[2023-07-08 10:24:07,757] {processor.py:153} INFO - Started process (PID=6297) to work on /home/lucas/Área de Trabalho/apresentação/venv/lib/python3.10/site-packages/airflow/example_dags/tutorial.py
[2023-07-08 10:24:07,761] {processor.py:641} INFO - Processing file /home/lucas/Área de Trabalho/apresentação/venv/lib/python3.10/site-packages/airflow/example_dags/tutorial.py for tasks to queue
[2023-07-08 10:24:07,762] {logging_mixin.py:115} INFO - [2023-07-08 10:24:07,762] {dagbag.py:507} INFO - Filling up the DagBag from /home/lucas/Área de Trabalho/apresentação/venv/lib/python3.10/site-packages/airflow/example_dags/tutorial.py
[2023-07-08 10:24:07,773] {processor.py:651} INFO - DAG(s) dict_keys(['tutorial']) retrieved from /home/lucas/Área de Trabalho/apresentação/venv/lib/python3.10/site-packages/airflow/example_dags/tutorial.py
[2023-07-08 10:24:07,809] {logging_mixin.py:115} INFO - [2023-07-08 10:24:07,809] {dag.py:2379} INFO - Sync 1 DAGs
[2023-07-08 10:24:07,849] {logging_mixin.py:115} INFO - [2023-07-08 10:24:07,849] {dag.py:2927} INFO - Setting next_dagrun for tutorial to 2023-07-07T13:24:07.848708+00:00, run_after=2023-07-08T13:24:07.848708+00:00
[2023-07-08 10:24:07,881] {processor.py:161} INFO - Processing /home/lucas/Área de Trabalho/apresentação/venv/lib/python3.10/site-packages/airflow/example_dags/tutorial.py took 0.130 seconds
[2023-07-08 10:24:45,841] {processor.py:153} INFO - Started process (PID=6369) to work on /home/lucas/Área de Trabalho/apresentação/venv/lib/python3.10/site-packages/airflow/example_dags/tutorial.py
[2023-07-08 10:24:45,842] {processor.py:641} INFO - Processing file /home/lucas/Área de Trabalho/apresentação/venv/lib/python3.10/site-packages/airflow/example_dags/tutorial.py for tasks to queue
[2023-07-08 10:24:45,843] {logging_mixin.py:115} INFO - [2023-07-08 10:24:45,843] {dagbag.py:507} INFO - Filling up the DagBag from /home/lucas/Área de Trabalho/apresentação/venv/lib/python3.10/site-packages/airflow/example_dags/tutorial.py
[2023-07-08 10:24:45,854] {processor.py:651} INFO - DAG(s) dict_keys(['tutorial']) retrieved from /home/lucas/Área de Trabalho/apresentação/venv/lib/python3.10/site-packages/airflow/example_dags/tutorial.py
[2023-07-08 10:24:45,887] {logging_mixin.py:115} INFO - [2023-07-08 10:24:45,887] {dag.py:2379} INFO - Sync 1 DAGs
[2023-07-08 10:24:45,927] {logging_mixin.py:115} INFO - [2023-07-08 10:24:45,927] {dag.py:2927} INFO - Setting next_dagrun for tutorial to 2023-07-07T13:24:45.926672+00:00, run_after=2023-07-08T13:24:45.926672+00:00
[2023-07-08 10:24:45,963] {processor.py:161} INFO - Processing /home/lucas/Área de Trabalho/apresentação/venv/lib/python3.10/site-packages/airflow/example_dags/tutorial.py took 0.128 seconds
[2023-07-08 10:25:22,340] {processor.py:153} INFO - Started process (PID=6432) to work on /home/lucas/Área de Trabalho/apresentação/venv/lib/python3.10/site-packages/airflow/example_dags/tutorial.py
[2023-07-08 10:25:22,343] {processor.py:641} INFO - Processing file /home/lucas/Área de Trabalho/apresentação/venv/lib/python3.10/site-packages/airflow/example_dags/tutorial.py for tasks to queue
[2023-07-08 10:25:22,344] {logging_mixin.py:115} INFO - [2023-07-08 10:25:22,344] {dagbag.py:507} INFO - Filling up the DagBag from /home/lucas/Área de Trabalho/apresentação/venv/lib/python3.10/site-packages/airflow/example_dags/tutorial.py
[2023-07-08 10:25:22,356] {processor.py:651} INFO - DAG(s) dict_keys(['tutorial']) retrieved from /home/lucas/Área de Trabalho/apresentação/venv/lib/python3.10/site-packages/airflow/example_dags/tutorial.py
[2023-07-08 10:25:22,388] {logging_mixin.py:115} INFO - [2023-07-08 10:25:22,388] {dag.py:2379} INFO - Sync 1 DAGs
[2023-07-08 10:25:22,428] {logging_mixin.py:115} INFO - [2023-07-08 10:25:22,427] {dag.py:2927} INFO - Setting next_dagrun for tutorial to 2023-07-07T13:25:22.427019+00:00, run_after=2023-07-08T13:25:22.427019+00:00
[2023-07-08 10:25:22,453] {processor.py:161} INFO - Processing /home/lucas/Área de Trabalho/apresentação/venv/lib/python3.10/site-packages/airflow/example_dags/tutorial.py took 0.119 seconds
[2023-07-08 10:25:59,500] {processor.py:153} INFO - Started process (PID=6503) to work on /home/lucas/Área de Trabalho/apresentação/venv/lib/python3.10/site-packages/airflow/example_dags/tutorial.py
[2023-07-08 10:25:59,504] {processor.py:641} INFO - Processing file /home/lucas/Área de Trabalho/apresentação/venv/lib/python3.10/site-packages/airflow/example_dags/tutorial.py for tasks to queue
[2023-07-08 10:25:59,506] {logging_mixin.py:115} INFO - [2023-07-08 10:25:59,505] {dagbag.py:507} INFO - Filling up the DagBag from /home/lucas/Área de Trabalho/apresentação/venv/lib/python3.10/site-packages/airflow/example_dags/tutorial.py
[2023-07-08 10:25:59,517] {processor.py:651} INFO - DAG(s) dict_keys(['tutorial']) retrieved from /home/lucas/Área de Trabalho/apresentação/venv/lib/python3.10/site-packages/airflow/example_dags/tutorial.py
[2023-07-08 10:25:59,551] {logging_mixin.py:115} INFO - [2023-07-08 10:25:59,550] {dag.py:2379} INFO - Sync 1 DAGs
[2023-07-08 10:25:59,591] {logging_mixin.py:115} INFO - [2023-07-08 10:25:59,590] {dag.py:2927} INFO - Setting next_dagrun for tutorial to 2023-07-07T13:25:59.590063+00:00, run_after=2023-07-08T13:25:59.590063+00:00
[2023-07-08 10:25:59,619] {processor.py:161} INFO - Processing /home/lucas/Área de Trabalho/apresentação/venv/lib/python3.10/site-packages/airflow/example_dags/tutorial.py took 0.124 seconds
[2023-07-08 10:26:37,354] {processor.py:153} INFO - Started process (PID=6624) to work on /home/lucas/Área de Trabalho/apresentação/venv/lib/python3.10/site-packages/airflow/example_dags/tutorial.py
[2023-07-08 10:26:37,357] {processor.py:641} INFO - Processing file /home/lucas/Área de Trabalho/apresentação/venv/lib/python3.10/site-packages/airflow/example_dags/tutorial.py for tasks to queue
[2023-07-08 10:26:37,359] {logging_mixin.py:115} INFO - [2023-07-08 10:26:37,358] {dagbag.py:507} INFO - Filling up the DagBag from /home/lucas/Área de Trabalho/apresentação/venv/lib/python3.10/site-packages/airflow/example_dags/tutorial.py
[2023-07-08 10:26:37,371] {processor.py:651} INFO - DAG(s) dict_keys(['tutorial']) retrieved from /home/lucas/Área de Trabalho/apresentação/venv/lib/python3.10/site-packages/airflow/example_dags/tutorial.py
[2023-07-08 10:26:37,403] {logging_mixin.py:115} INFO - [2023-07-08 10:26:37,403] {dag.py:2379} INFO - Sync 1 DAGs
[2023-07-08 10:26:37,443] {logging_mixin.py:115} INFO - [2023-07-08 10:26:37,442] {dag.py:2927} INFO - Setting next_dagrun for tutorial to 2023-07-07T13:26:37.442456+00:00, run_after=2023-07-08T13:26:37.442456+00:00
[2023-07-08 10:26:37,469] {processor.py:161} INFO - Processing /home/lucas/Área de Trabalho/apresentação/venv/lib/python3.10/site-packages/airflow/example_dags/tutorial.py took 0.120 seconds
[2023-07-08 10:27:18,844] {processor.py:153} INFO - Started process (PID=6693) to work on /home/lucas/Área de Trabalho/apresentação/venv/lib/python3.10/site-packages/airflow/example_dags/tutorial.py
[2023-07-08 10:27:18,848] {processor.py:641} INFO - Processing file /home/lucas/Área de Trabalho/apresentação/venv/lib/python3.10/site-packages/airflow/example_dags/tutorial.py for tasks to queue
[2023-07-08 10:27:18,850] {logging_mixin.py:115} INFO - [2023-07-08 10:27:18,849] {dagbag.py:507} INFO - Filling up the DagBag from /home/lucas/Área de Trabalho/apresentação/venv/lib/python3.10/site-packages/airflow/example_dags/tutorial.py
[2023-07-08 10:27:18,862] {processor.py:651} INFO - DAG(s) dict_keys(['tutorial']) retrieved from /home/lucas/Área de Trabalho/apresentação/venv/lib/python3.10/site-packages/airflow/example_dags/tutorial.py
[2023-07-08 10:27:18,893] {logging_mixin.py:115} INFO - [2023-07-08 10:27:18,893] {dag.py:2379} INFO - Sync 1 DAGs
[2023-07-08 10:27:18,932] {logging_mixin.py:115} INFO - [2023-07-08 10:27:18,932] {dag.py:2927} INFO - Setting next_dagrun for tutorial to 2023-07-07T13:27:18.932213+00:00, run_after=2023-07-08T13:27:18.932213+00:00
[2023-07-08 10:27:18,961] {processor.py:161} INFO - Processing /home/lucas/Área de Trabalho/apresentação/venv/lib/python3.10/site-packages/airflow/example_dags/tutorial.py took 0.122 seconds
[2023-07-08 10:27:58,335] {processor.py:153} INFO - Started process (PID=6793) to work on /home/lucas/Área de Trabalho/apresentação/venv/lib/python3.10/site-packages/airflow/example_dags/tutorial.py
[2023-07-08 10:27:58,336] {processor.py:641} INFO - Processing file /home/lucas/Área de Trabalho/apresentação/venv/lib/python3.10/site-packages/airflow/example_dags/tutorial.py for tasks to queue
[2023-07-08 10:27:58,337] {logging_mixin.py:115} INFO - [2023-07-08 10:27:58,337] {dagbag.py:507} INFO - Filling up the DagBag from /home/lucas/Área de Trabalho/apresentação/venv/lib/python3.10/site-packages/airflow/example_dags/tutorial.py
[2023-07-08 10:27:58,350] {processor.py:651} INFO - DAG(s) dict_keys(['tutorial']) retrieved from /home/lucas/Área de Trabalho/apresentação/venv/lib/python3.10/site-packages/airflow/example_dags/tutorial.py
[2023-07-08 10:27:58,383] {logging_mixin.py:115} INFO - [2023-07-08 10:27:58,383] {dag.py:2379} INFO - Sync 1 DAGs
[2023-07-08 10:27:58,423] {logging_mixin.py:115} INFO - [2023-07-08 10:27:58,422] {dag.py:2927} INFO - Setting next_dagrun for tutorial to 2023-07-07T13:27:58.422416+00:00, run_after=2023-07-08T13:27:58.422416+00:00
[2023-07-08 10:27:58,447] {processor.py:161} INFO - Processing /home/lucas/Área de Trabalho/apresentação/venv/lib/python3.10/site-packages/airflow/example_dags/tutorial.py took 0.117 seconds
[2023-07-08 10:28:35,027] {processor.py:153} INFO - Started process (PID=6872) to work on /home/lucas/Área de Trabalho/apresentação/venv/lib/python3.10/site-packages/airflow/example_dags/tutorial.py
[2023-07-08 10:28:35,031] {processor.py:641} INFO - Processing file /home/lucas/Área de Trabalho/apresentação/venv/lib/python3.10/site-packages/airflow/example_dags/tutorial.py for tasks to queue
[2023-07-08 10:28:35,032] {logging_mixin.py:115} INFO - [2023-07-08 10:28:35,032] {dagbag.py:507} INFO - Filling up the DagBag from /home/lucas/Área de Trabalho/apresentação/venv/lib/python3.10/site-packages/airflow/example_dags/tutorial.py
[2023-07-08 10:28:35,044] {processor.py:651} INFO - DAG(s) dict_keys(['tutorial']) retrieved from /home/lucas/Área de Trabalho/apresentação/venv/lib/python3.10/site-packages/airflow/example_dags/tutorial.py
[2023-07-08 10:28:35,076] {logging_mixin.py:115} INFO - [2023-07-08 10:28:35,075] {dag.py:2379} INFO - Sync 1 DAGs
[2023-07-08 10:28:35,115] {logging_mixin.py:115} INFO - [2023-07-08 10:28:35,114] {dag.py:2927} INFO - Setting next_dagrun for tutorial to 2023-07-07T13:28:35.114478+00:00, run_after=2023-07-08T13:28:35.114478+00:00
[2023-07-08 10:28:35,141] {processor.py:161} INFO - Processing /home/lucas/Área de Trabalho/apresentação/venv/lib/python3.10/site-packages/airflow/example_dags/tutorial.py took 0.119 seconds
[2023-07-08 10:29:07,757] {processor.py:153} INFO - Started process (PID=6925) to work on /home/lucas/Área de Trabalho/apresentação/venv/lib/python3.10/site-packages/airflow/example_dags/tutorial.py
[2023-07-08 10:29:07,761] {processor.py:641} INFO - Processing file /home/lucas/Área de Trabalho/apresentação/venv/lib/python3.10/site-packages/airflow/example_dags/tutorial.py for tasks to queue
[2023-07-08 10:29:07,762] {logging_mixin.py:115} INFO - [2023-07-08 10:29:07,762] {dagbag.py:507} INFO - Filling up the DagBag from /home/lucas/Área de Trabalho/apresentação/venv/lib/python3.10/site-packages/airflow/example_dags/tutorial.py
[2023-07-08 10:29:07,774] {processor.py:651} INFO - DAG(s) dict_keys(['tutorial']) retrieved from /home/lucas/Área de Trabalho/apresentação/venv/lib/python3.10/site-packages/airflow/example_dags/tutorial.py
[2023-07-08 10:29:07,807] {logging_mixin.py:115} INFO - [2023-07-08 10:29:07,807] {dag.py:2379} INFO - Sync 1 DAGs
[2023-07-08 10:29:07,847] {logging_mixin.py:115} INFO - [2023-07-08 10:29:07,847] {dag.py:2927} INFO - Setting next_dagrun for tutorial to 2023-07-07T13:29:07.846856+00:00, run_after=2023-07-08T13:29:07.846856+00:00
[2023-07-08 10:29:07,875] {processor.py:161} INFO - Processing /home/lucas/Área de Trabalho/apresentação/venv/lib/python3.10/site-packages/airflow/example_dags/tutorial.py took 0.123 seconds
[2023-07-08 10:29:44,242] {processor.py:153} INFO - Started process (PID=7001) to work on /home/lucas/Área de Trabalho/apresentação/venv/lib/python3.10/site-packages/airflow/example_dags/tutorial.py
[2023-07-08 10:29:44,245] {processor.py:641} INFO - Processing file /home/lucas/Área de Trabalho/apresentação/venv/lib/python3.10/site-packages/airflow/example_dags/tutorial.py for tasks to queue
[2023-07-08 10:29:44,246] {logging_mixin.py:115} INFO - [2023-07-08 10:29:44,246] {dagbag.py:507} INFO - Filling up the DagBag from /home/lucas/Área de Trabalho/apresentação/venv/lib/python3.10/site-packages/airflow/example_dags/tutorial.py
[2023-07-08 10:29:44,259] {processor.py:651} INFO - DAG(s) dict_keys(['tutorial']) retrieved from /home/lucas/Área de Trabalho/apresentação/venv/lib/python3.10/site-packages/airflow/example_dags/tutorial.py
[2023-07-08 10:29:44,291] {logging_mixin.py:115} INFO - [2023-07-08 10:29:44,291] {dag.py:2379} INFO - Sync 1 DAGs
[2023-07-08 10:29:44,331] {logging_mixin.py:115} INFO - [2023-07-08 10:29:44,331] {dag.py:2927} INFO - Setting next_dagrun for tutorial to 2023-07-07T13:29:44.331146+00:00, run_after=2023-07-08T13:29:44.331146+00:00
[2023-07-08 10:29:44,357] {processor.py:161} INFO - Processing /home/lucas/Área de Trabalho/apresentação/venv/lib/python3.10/site-packages/airflow/example_dags/tutorial.py took 0.121 seconds
[2023-07-08 10:30:20,979] {processor.py:153} INFO - Started process (PID=7065) to work on /home/lucas/Área de Trabalho/apresentação/venv/lib/python3.10/site-packages/airflow/example_dags/tutorial.py
[2023-07-08 10:30:20,983] {processor.py:641} INFO - Processing file /home/lucas/Área de Trabalho/apresentação/venv/lib/python3.10/site-packages/airflow/example_dags/tutorial.py for tasks to queue
[2023-07-08 10:30:20,984] {logging_mixin.py:115} INFO - [2023-07-08 10:30:20,984] {dagbag.py:507} INFO - Filling up the DagBag from /home/lucas/Área de Trabalho/apresentação/venv/lib/python3.10/site-packages/airflow/example_dags/tutorial.py
[2023-07-08 10:30:20,996] {processor.py:651} INFO - DAG(s) dict_keys(['tutorial']) retrieved from /home/lucas/Área de Trabalho/apresentação/venv/lib/python3.10/site-packages/airflow/example_dags/tutorial.py
[2023-07-08 10:30:21,028] {logging_mixin.py:115} INFO - [2023-07-08 10:30:21,028] {dag.py:2379} INFO - Sync 1 DAGs
[2023-07-08 10:30:21,067] {logging_mixin.py:115} INFO - [2023-07-08 10:30:21,067] {dag.py:2927} INFO - Setting next_dagrun for tutorial to 2023-07-07T13:30:21.066578+00:00, run_after=2023-07-08T13:30:21.066578+00:00
[2023-07-08 10:30:21,094] {processor.py:161} INFO - Processing /home/lucas/Área de Trabalho/apresentação/venv/lib/python3.10/site-packages/airflow/example_dags/tutorial.py took 0.121 seconds
[2023-07-08 10:30:59,007] {processor.py:153} INFO - Started process (PID=7130) to work on /home/lucas/Área de Trabalho/apresentação/venv/lib/python3.10/site-packages/airflow/example_dags/tutorial.py
[2023-07-08 10:30:59,008] {processor.py:641} INFO - Processing file /home/lucas/Área de Trabalho/apresentação/venv/lib/python3.10/site-packages/airflow/example_dags/tutorial.py for tasks to queue
[2023-07-08 10:30:59,009] {logging_mixin.py:115} INFO - [2023-07-08 10:30:59,009] {dagbag.py:507} INFO - Filling up the DagBag from /home/lucas/Área de Trabalho/apresentação/venv/lib/python3.10/site-packages/airflow/example_dags/tutorial.py
[2023-07-08 10:30:59,021] {processor.py:651} INFO - DAG(s) dict_keys(['tutorial']) retrieved from /home/lucas/Área de Trabalho/apresentação/venv/lib/python3.10/site-packages/airflow/example_dags/tutorial.py
[2023-07-08 10:30:59,053] {logging_mixin.py:115} INFO - [2023-07-08 10:30:59,052] {dag.py:2379} INFO - Sync 1 DAGs
[2023-07-08 10:30:59,092] {logging_mixin.py:115} INFO - [2023-07-08 10:30:59,091] {dag.py:2927} INFO - Setting next_dagrun for tutorial to 2023-07-07T13:30:59.091460+00:00, run_after=2023-07-08T13:30:59.091460+00:00
[2023-07-08 10:30:59,117] {processor.py:161} INFO - Processing /home/lucas/Área de Trabalho/apresentação/venv/lib/python3.10/site-packages/airflow/example_dags/tutorial.py took 0.115 seconds
[2023-07-08 11:40:37,284] {processor.py:153} INFO - Started process (PID=11262) to work on /home/lucas/Área de Trabalho/apresentação/venv/lib/python3.10/site-packages/airflow/example_dags/tutorial.py
[2023-07-08 11:40:37,285] {processor.py:641} INFO - Processing file /home/lucas/Área de Trabalho/apresentação/venv/lib/python3.10/site-packages/airflow/example_dags/tutorial.py for tasks to queue
[2023-07-08 11:40:37,287] {logging_mixin.py:115} INFO - [2023-07-08 11:40:37,287] {dagbag.py:507} INFO - Filling up the DagBag from /home/lucas/Área de Trabalho/apresentação/venv/lib/python3.10/site-packages/airflow/example_dags/tutorial.py
[2023-07-08 11:40:37,300] {processor.py:651} INFO - DAG(s) dict_keys(['tutorial']) retrieved from /home/lucas/Área de Trabalho/apresentação/venv/lib/python3.10/site-packages/airflow/example_dags/tutorial.py
[2023-07-08 11:40:37,339] {logging_mixin.py:115} INFO - [2023-07-08 11:40:37,339] {dag.py:2379} INFO - Sync 1 DAGs
[2023-07-08 11:40:37,387] {logging_mixin.py:115} INFO - [2023-07-08 11:40:37,386] {dag.py:2927} INFO - Setting next_dagrun for tutorial to 2023-07-07T14:40:37.385822+00:00, run_after=2023-07-08T14:40:37.385822+00:00
[2023-07-08 11:40:37,417] {processor.py:161} INFO - Processing /home/lucas/Área de Trabalho/apresentação/venv/lib/python3.10/site-packages/airflow/example_dags/tutorial.py took 0.141 seconds
[2023-07-08 11:41:18,172] {processor.py:153} INFO - Started process (PID=11655) to work on /home/lucas/Área de Trabalho/apresentação/venv/lib/python3.10/site-packages/airflow/example_dags/tutorial.py
[2023-07-08 11:41:18,176] {processor.py:641} INFO - Processing file /home/lucas/Área de Trabalho/apresentação/venv/lib/python3.10/site-packages/airflow/example_dags/tutorial.py for tasks to queue
[2023-07-08 11:41:18,177] {logging_mixin.py:115} INFO - [2023-07-08 11:41:18,177] {dagbag.py:507} INFO - Filling up the DagBag from /home/lucas/Área de Trabalho/apresentação/venv/lib/python3.10/site-packages/airflow/example_dags/tutorial.py
[2023-07-08 11:41:18,188] {processor.py:651} INFO - DAG(s) dict_keys(['tutorial']) retrieved from /home/lucas/Área de Trabalho/apresentação/venv/lib/python3.10/site-packages/airflow/example_dags/tutorial.py
[2023-07-08 11:41:18,219] {logging_mixin.py:115} INFO - [2023-07-08 11:41:18,219] {dag.py:2379} INFO - Sync 1 DAGs
[2023-07-08 11:41:18,258] {logging_mixin.py:115} INFO - [2023-07-08 11:41:18,258] {dag.py:2927} INFO - Setting next_dagrun for tutorial to 2023-07-07T14:41:18.257671+00:00, run_after=2023-07-08T14:41:18.257671+00:00
[2023-07-08 11:41:18,293] {processor.py:161} INFO - Processing /home/lucas/Área de Trabalho/apresentação/venv/lib/python3.10/site-packages/airflow/example_dags/tutorial.py took 0.126 seconds
[2023-07-08 11:41:58,101] {processor.py:153} INFO - Started process (PID=11804) to work on /home/lucas/Área de Trabalho/apresentação/venv/lib/python3.10/site-packages/airflow/example_dags/tutorial.py
[2023-07-08 11:41:58,105] {processor.py:641} INFO - Processing file /home/lucas/Área de Trabalho/apresentação/venv/lib/python3.10/site-packages/airflow/example_dags/tutorial.py for tasks to queue
[2023-07-08 11:41:58,105] {logging_mixin.py:115} INFO - [2023-07-08 11:41:58,105] {dagbag.py:507} INFO - Filling up the DagBag from /home/lucas/Área de Trabalho/apresentação/venv/lib/python3.10/site-packages/airflow/example_dags/tutorial.py
[2023-07-08 11:41:58,112] {processor.py:651} INFO - DAG(s) dict_keys(['tutorial']) retrieved from /home/lucas/Área de Trabalho/apresentação/venv/lib/python3.10/site-packages/airflow/example_dags/tutorial.py
[2023-07-08 11:41:58,141] {logging_mixin.py:115} INFO - [2023-07-08 11:41:58,141] {dag.py:2379} INFO - Sync 1 DAGs
[2023-07-08 11:41:58,185] {logging_mixin.py:115} INFO - [2023-07-08 11:41:58,184] {dag.py:2927} INFO - Setting next_dagrun for tutorial to 2023-07-07T14:41:58.184408+00:00, run_after=2023-07-08T14:41:58.184408+00:00
[2023-07-08 11:41:58,214] {processor.py:161} INFO - Processing /home/lucas/Área de Trabalho/apresentação/venv/lib/python3.10/site-packages/airflow/example_dags/tutorial.py took 0.115 seconds
[2023-07-08 11:42:35,069] {processor.py:153} INFO - Started process (PID=11941) to work on /home/lucas/Área de Trabalho/apresentação/venv/lib/python3.10/site-packages/airflow/example_dags/tutorial.py
[2023-07-08 11:42:35,072] {processor.py:641} INFO - Processing file /home/lucas/Área de Trabalho/apresentação/venv/lib/python3.10/site-packages/airflow/example_dags/tutorial.py for tasks to queue
[2023-07-08 11:42:35,073] {logging_mixin.py:115} INFO - [2023-07-08 11:42:35,073] {dagbag.py:507} INFO - Filling up the DagBag from /home/lucas/Área de Trabalho/apresentação/venv/lib/python3.10/site-packages/airflow/example_dags/tutorial.py
[2023-07-08 11:42:35,086] {processor.py:651} INFO - DAG(s) dict_keys(['tutorial']) retrieved from /home/lucas/Área de Trabalho/apresentação/venv/lib/python3.10/site-packages/airflow/example_dags/tutorial.py
[2023-07-08 11:42:35,122] {logging_mixin.py:115} INFO - [2023-07-08 11:42:35,122] {dag.py:2379} INFO - Sync 1 DAGs
[2023-07-08 11:42:35,170] {logging_mixin.py:115} INFO - [2023-07-08 11:42:35,169] {dag.py:2927} INFO - Setting next_dagrun for tutorial to 2023-07-07T14:42:35.168950+00:00, run_after=2023-07-08T14:42:35.168950+00:00
[2023-07-08 11:42:35,202] {processor.py:161} INFO - Processing /home/lucas/Área de Trabalho/apresentação/venv/lib/python3.10/site-packages/airflow/example_dags/tutorial.py took 0.140 seconds
[2023-07-08 11:43:12,519] {processor.py:153} INFO - Started process (PID=12243) to work on /home/lucas/Área de Trabalho/apresentação/venv/lib/python3.10/site-packages/airflow/example_dags/tutorial.py
[2023-07-08 11:43:12,520] {processor.py:641} INFO - Processing file /home/lucas/Área de Trabalho/apresentação/venv/lib/python3.10/site-packages/airflow/example_dags/tutorial.py for tasks to queue
[2023-07-08 11:43:12,521] {logging_mixin.py:115} INFO - [2023-07-08 11:43:12,521] {dagbag.py:507} INFO - Filling up the DagBag from /home/lucas/Área de Trabalho/apresentação/venv/lib/python3.10/site-packages/airflow/example_dags/tutorial.py
[2023-07-08 11:43:12,535] {processor.py:651} INFO - DAG(s) dict_keys(['tutorial']) retrieved from /home/lucas/Área de Trabalho/apresentação/venv/lib/python3.10/site-packages/airflow/example_dags/tutorial.py
[2023-07-08 11:43:12,573] {logging_mixin.py:115} INFO - [2023-07-08 11:43:12,573] {dag.py:2379} INFO - Sync 1 DAGs
[2023-07-08 11:43:12,617] {logging_mixin.py:115} INFO - [2023-07-08 11:43:12,617] {dag.py:2927} INFO - Setting next_dagrun for tutorial to 2023-07-07T14:43:12.616710+00:00, run_after=2023-07-08T14:43:12.616710+00:00
[2023-07-08 11:43:12,645] {processor.py:161} INFO - Processing /home/lucas/Área de Trabalho/apresentação/venv/lib/python3.10/site-packages/airflow/example_dags/tutorial.py took 0.132 seconds
[2023-07-08 11:43:53,439] {processor.py:153} INFO - Started process (PID=12327) to work on /home/lucas/Área de Trabalho/apresentação/venv/lib/python3.10/site-packages/airflow/example_dags/tutorial.py
[2023-07-08 11:43:53,440] {processor.py:641} INFO - Processing file /home/lucas/Área de Trabalho/apresentação/venv/lib/python3.10/site-packages/airflow/example_dags/tutorial.py for tasks to queue
[2023-07-08 11:43:53,441] {logging_mixin.py:115} INFO - [2023-07-08 11:43:53,441] {dagbag.py:507} INFO - Filling up the DagBag from /home/lucas/Área de Trabalho/apresentação/venv/lib/python3.10/site-packages/airflow/example_dags/tutorial.py
[2023-07-08 11:43:53,445] {processor.py:651} INFO - DAG(s) dict_keys(['tutorial']) retrieved from /home/lucas/Área de Trabalho/apresentação/venv/lib/python3.10/site-packages/airflow/example_dags/tutorial.py
[2023-07-08 11:43:53,458] {logging_mixin.py:115} INFO - [2023-07-08 11:43:53,458] {dag.py:2379} INFO - Sync 1 DAGs
[2023-07-08 11:43:53,476] {logging_mixin.py:115} INFO - [2023-07-08 11:43:53,476] {dag.py:2927} INFO - Setting next_dagrun for tutorial to 2023-07-07T14:43:53.475584+00:00, run_after=2023-07-08T14:43:53.475584+00:00
[2023-07-08 11:43:53,491] {processor.py:161} INFO - Processing /home/lucas/Área de Trabalho/apresentação/venv/lib/python3.10/site-packages/airflow/example_dags/tutorial.py took 0.054 seconds
[2023-07-08 11:44:31,556] {processor.py:153} INFO - Started process (PID=12385) to work on /home/lucas/Área de Trabalho/apresentação/venv/lib/python3.10/site-packages/airflow/example_dags/tutorial.py
[2023-07-08 11:44:31,560] {processor.py:641} INFO - Processing file /home/lucas/Área de Trabalho/apresentação/venv/lib/python3.10/site-packages/airflow/example_dags/tutorial.py for tasks to queue
[2023-07-08 11:44:31,561] {logging_mixin.py:115} INFO - [2023-07-08 11:44:31,561] {dagbag.py:507} INFO - Filling up the DagBag from /home/lucas/Área de Trabalho/apresentação/venv/lib/python3.10/site-packages/airflow/example_dags/tutorial.py
[2023-07-08 11:44:31,573] {processor.py:651} INFO - DAG(s) dict_keys(['tutorial']) retrieved from /home/lucas/Área de Trabalho/apresentação/venv/lib/python3.10/site-packages/airflow/example_dags/tutorial.py
[2023-07-08 11:44:31,605] {logging_mixin.py:115} INFO - [2023-07-08 11:44:31,605] {dag.py:2379} INFO - Sync 1 DAGs
[2023-07-08 11:44:31,644] {logging_mixin.py:115} INFO - [2023-07-08 11:44:31,644] {dag.py:2927} INFO - Setting next_dagrun for tutorial to 2023-07-07T14:44:31.643824+00:00, run_after=2023-07-08T14:44:31.643824+00:00
[2023-07-08 11:44:31,672] {processor.py:161} INFO - Processing /home/lucas/Área de Trabalho/apresentação/venv/lib/python3.10/site-packages/airflow/example_dags/tutorial.py took 0.121 seconds
[2023-07-08 11:45:08,273] {processor.py:153} INFO - Started process (PID=12453) to work on /home/lucas/Área de Trabalho/apresentação/venv/lib/python3.10/site-packages/airflow/example_dags/tutorial.py
[2023-07-08 11:45:08,277] {processor.py:641} INFO - Processing file /home/lucas/Área de Trabalho/apresentação/venv/lib/python3.10/site-packages/airflow/example_dags/tutorial.py for tasks to queue
[2023-07-08 11:45:08,278] {logging_mixin.py:115} INFO - [2023-07-08 11:45:08,278] {dagbag.py:507} INFO - Filling up the DagBag from /home/lucas/Área de Trabalho/apresentação/venv/lib/python3.10/site-packages/airflow/example_dags/tutorial.py
[2023-07-08 11:45:08,291] {processor.py:651} INFO - DAG(s) dict_keys(['tutorial']) retrieved from /home/lucas/Área de Trabalho/apresentação/venv/lib/python3.10/site-packages/airflow/example_dags/tutorial.py
[2023-07-08 11:45:08,327] {logging_mixin.py:115} INFO - [2023-07-08 11:45:08,326] {dag.py:2379} INFO - Sync 1 DAGs
[2023-07-08 11:45:08,342] {logging_mixin.py:115} INFO - [2023-07-08 11:45:08,342] {dag.py:2927} INFO - Setting next_dagrun for tutorial to 2023-07-07T14:45:08.342312+00:00, run_after=2023-07-08T14:45:08.342312+00:00
[2023-07-08 11:45:08,353] {processor.py:161} INFO - Processing /home/lucas/Área de Trabalho/apresentação/venv/lib/python3.10/site-packages/airflow/example_dags/tutorial.py took 0.086 seconds
[2023-07-08 11:45:46,152] {processor.py:153} INFO - Started process (PID=12577) to work on /home/lucas/Área de Trabalho/apresentação/venv/lib/python3.10/site-packages/airflow/example_dags/tutorial.py
[2023-07-08 11:45:46,156] {processor.py:641} INFO - Processing file /home/lucas/Área de Trabalho/apresentação/venv/lib/python3.10/site-packages/airflow/example_dags/tutorial.py for tasks to queue
[2023-07-08 11:45:46,157] {logging_mixin.py:115} INFO - [2023-07-08 11:45:46,157] {dagbag.py:507} INFO - Filling up the DagBag from /home/lucas/Área de Trabalho/apresentação/venv/lib/python3.10/site-packages/airflow/example_dags/tutorial.py
[2023-07-08 11:45:46,168] {processor.py:651} INFO - DAG(s) dict_keys(['tutorial']) retrieved from /home/lucas/Área de Trabalho/apresentação/venv/lib/python3.10/site-packages/airflow/example_dags/tutorial.py
[2023-07-08 11:45:46,201] {logging_mixin.py:115} INFO - [2023-07-08 11:45:46,201] {dag.py:2379} INFO - Sync 1 DAGs
[2023-07-08 11:45:46,240] {logging_mixin.py:115} INFO - [2023-07-08 11:45:46,240] {dag.py:2927} INFO - Setting next_dagrun for tutorial to 2023-07-07T14:45:46.239599+00:00, run_after=2023-07-08T14:45:46.239599+00:00
[2023-07-08 11:45:46,266] {processor.py:161} INFO - Processing /home/lucas/Área de Trabalho/apresentação/venv/lib/python3.10/site-packages/airflow/example_dags/tutorial.py took 0.119 seconds
[2023-07-08 11:46:21,776] {processor.py:153} INFO - Started process (PID=12778) to work on /home/lucas/Área de Trabalho/apresentação/venv/lib/python3.10/site-packages/airflow/example_dags/tutorial.py
[2023-07-08 11:46:21,780] {processor.py:641} INFO - Processing file /home/lucas/Área de Trabalho/apresentação/venv/lib/python3.10/site-packages/airflow/example_dags/tutorial.py for tasks to queue
[2023-07-08 11:46:21,781] {logging_mixin.py:115} INFO - [2023-07-08 11:46:21,781] {dagbag.py:507} INFO - Filling up the DagBag from /home/lucas/Área de Trabalho/apresentação/venv/lib/python3.10/site-packages/airflow/example_dags/tutorial.py
[2023-07-08 11:46:21,792] {processor.py:651} INFO - DAG(s) dict_keys(['tutorial']) retrieved from /home/lucas/Área de Trabalho/apresentação/venv/lib/python3.10/site-packages/airflow/example_dags/tutorial.py
[2023-07-08 11:46:21,825] {logging_mixin.py:115} INFO - [2023-07-08 11:46:21,825] {dag.py:2379} INFO - Sync 1 DAGs
[2023-07-08 11:46:21,866] {logging_mixin.py:115} INFO - [2023-07-08 11:46:21,866] {dag.py:2927} INFO - Setting next_dagrun for tutorial to 2023-07-07T14:46:21.864874+00:00, run_after=2023-07-08T14:46:21.864874+00:00
[2023-07-08 11:46:21,895] {processor.py:161} INFO - Processing /home/lucas/Área de Trabalho/apresentação/venv/lib/python3.10/site-packages/airflow/example_dags/tutorial.py took 0.125 seconds
[2023-07-08 11:46:57,472] {processor.py:153} INFO - Started process (PID=12824) to work on /home/lucas/Área de Trabalho/apresentação/venv/lib/python3.10/site-packages/airflow/example_dags/tutorial.py
[2023-07-08 11:46:57,476] {processor.py:641} INFO - Processing file /home/lucas/Área de Trabalho/apresentação/venv/lib/python3.10/site-packages/airflow/example_dags/tutorial.py for tasks to queue
[2023-07-08 11:46:57,477] {logging_mixin.py:115} INFO - [2023-07-08 11:46:57,477] {dagbag.py:507} INFO - Filling up the DagBag from /home/lucas/Área de Trabalho/apresentação/venv/lib/python3.10/site-packages/airflow/example_dags/tutorial.py
[2023-07-08 11:46:57,488] {processor.py:651} INFO - DAG(s) dict_keys(['tutorial']) retrieved from /home/lucas/Área de Trabalho/apresentação/venv/lib/python3.10/site-packages/airflow/example_dags/tutorial.py
[2023-07-08 11:46:57,522] {logging_mixin.py:115} INFO - [2023-07-08 11:46:57,521] {dag.py:2379} INFO - Sync 1 DAGs
[2023-07-08 11:46:57,562] {logging_mixin.py:115} INFO - [2023-07-08 11:46:57,561] {dag.py:2927} INFO - Setting next_dagrun for tutorial to 2023-07-07T14:46:57.560932+00:00, run_after=2023-07-08T14:46:57.560932+00:00
[2023-07-08 11:46:57,587] {processor.py:161} INFO - Processing /home/lucas/Área de Trabalho/apresentação/venv/lib/python3.10/site-packages/airflow/example_dags/tutorial.py took 0.121 seconds
[2023-07-08 11:47:34,778] {processor.py:153} INFO - Started process (PID=12870) to work on /home/lucas/Área de Trabalho/apresentação/venv/lib/python3.10/site-packages/airflow/example_dags/tutorial.py
[2023-07-08 11:47:34,779] {processor.py:641} INFO - Processing file /home/lucas/Área de Trabalho/apresentação/venv/lib/python3.10/site-packages/airflow/example_dags/tutorial.py for tasks to queue
[2023-07-08 11:47:34,780] {logging_mixin.py:115} INFO - [2023-07-08 11:47:34,780] {dagbag.py:507} INFO - Filling up the DagBag from /home/lucas/Área de Trabalho/apresentação/venv/lib/python3.10/site-packages/airflow/example_dags/tutorial.py
[2023-07-08 11:47:34,790] {processor.py:651} INFO - DAG(s) dict_keys(['tutorial']) retrieved from /home/lucas/Área de Trabalho/apresentação/venv/lib/python3.10/site-packages/airflow/example_dags/tutorial.py
[2023-07-08 11:47:34,823] {logging_mixin.py:115} INFO - [2023-07-08 11:47:34,823] {dag.py:2379} INFO - Sync 1 DAGs
[2023-07-08 11:47:34,861] {logging_mixin.py:115} INFO - [2023-07-08 11:47:34,861] {dag.py:2927} INFO - Setting next_dagrun for tutorial to 2023-07-07T14:47:34.860495+00:00, run_after=2023-07-08T14:47:34.860495+00:00
[2023-07-08 11:47:34,883] {processor.py:161} INFO - Processing /home/lucas/Área de Trabalho/apresentação/venv/lib/python3.10/site-packages/airflow/example_dags/tutorial.py took 0.110 seconds
[2023-07-08 11:48:11,978] {processor.py:153} INFO - Started process (PID=12946) to work on /home/lucas/Área de Trabalho/apresentação/venv/lib/python3.10/site-packages/airflow/example_dags/tutorial.py
[2023-07-08 11:48:11,982] {processor.py:641} INFO - Processing file /home/lucas/Área de Trabalho/apresentação/venv/lib/python3.10/site-packages/airflow/example_dags/tutorial.py for tasks to queue
[2023-07-08 11:48:11,983] {logging_mixin.py:115} INFO - [2023-07-08 11:48:11,983] {dagbag.py:507} INFO - Filling up the DagBag from /home/lucas/Área de Trabalho/apresentação/venv/lib/python3.10/site-packages/airflow/example_dags/tutorial.py
[2023-07-08 11:48:11,995] {processor.py:651} INFO - DAG(s) dict_keys(['tutorial']) retrieved from /home/lucas/Área de Trabalho/apresentação/venv/lib/python3.10/site-packages/airflow/example_dags/tutorial.py
[2023-07-08 11:48:12,029] {logging_mixin.py:115} INFO - [2023-07-08 11:48:12,028] {dag.py:2379} INFO - Sync 1 DAGs
[2023-07-08 11:48:12,070] {logging_mixin.py:115} INFO - [2023-07-08 11:48:12,069] {dag.py:2927} INFO - Setting next_dagrun for tutorial to 2023-07-07T14:48:12.068892+00:00, run_after=2023-07-08T14:48:12.068892+00:00
[2023-07-08 11:48:12,096] {processor.py:161} INFO - Processing /home/lucas/Área de Trabalho/apresentação/venv/lib/python3.10/site-packages/airflow/example_dags/tutorial.py took 0.123 seconds
[2023-07-08 11:48:53,943] {processor.py:153} INFO - Started process (PID=13015) to work on /home/lucas/Área de Trabalho/apresentação/venv/lib/python3.10/site-packages/airflow/example_dags/tutorial.py
[2023-07-08 11:48:53,947] {processor.py:641} INFO - Processing file /home/lucas/Área de Trabalho/apresentação/venv/lib/python3.10/site-packages/airflow/example_dags/tutorial.py for tasks to queue
[2023-07-08 11:48:53,948] {logging_mixin.py:115} INFO - [2023-07-08 11:48:53,948] {dagbag.py:507} INFO - Filling up the DagBag from /home/lucas/Área de Trabalho/apresentação/venv/lib/python3.10/site-packages/airflow/example_dags/tutorial.py
[2023-07-08 11:48:53,960] {processor.py:651} INFO - DAG(s) dict_keys(['tutorial']) retrieved from /home/lucas/Área de Trabalho/apresentação/venv/lib/python3.10/site-packages/airflow/example_dags/tutorial.py
[2023-07-08 11:48:53,994] {logging_mixin.py:115} INFO - [2023-07-08 11:48:53,994] {dag.py:2379} INFO - Sync 1 DAGs
[2023-07-08 11:48:54,034] {logging_mixin.py:115} INFO - [2023-07-08 11:48:54,034] {dag.py:2927} INFO - Setting next_dagrun for tutorial to 2023-07-07T14:48:54.033730+00:00, run_after=2023-07-08T14:48:54.033730+00:00
[2023-07-08 11:48:54,059] {processor.py:161} INFO - Processing /home/lucas/Área de Trabalho/apresentação/venv/lib/python3.10/site-packages/airflow/example_dags/tutorial.py took 0.122 seconds
[2023-07-08 11:49:30,323] {processor.py:153} INFO - Started process (PID=13081) to work on /home/lucas/Área de Trabalho/apresentação/venv/lib/python3.10/site-packages/airflow/example_dags/tutorial.py
[2023-07-08 11:49:30,326] {processor.py:641} INFO - Processing file /home/lucas/Área de Trabalho/apresentação/venv/lib/python3.10/site-packages/airflow/example_dags/tutorial.py for tasks to queue
[2023-07-08 11:49:30,328] {logging_mixin.py:115} INFO - [2023-07-08 11:49:30,328] {dagbag.py:507} INFO - Filling up the DagBag from /home/lucas/Área de Trabalho/apresentação/venv/lib/python3.10/site-packages/airflow/example_dags/tutorial.py
[2023-07-08 11:49:30,341] {processor.py:651} INFO - DAG(s) dict_keys(['tutorial']) retrieved from /home/lucas/Área de Trabalho/apresentação/venv/lib/python3.10/site-packages/airflow/example_dags/tutorial.py
[2023-07-08 11:49:30,376] {logging_mixin.py:115} INFO - [2023-07-08 11:49:30,376] {dag.py:2379} INFO - Sync 1 DAGs
[2023-07-08 11:49:30,417] {logging_mixin.py:115} INFO - [2023-07-08 11:49:30,417] {dag.py:2927} INFO - Setting next_dagrun for tutorial to 2023-07-07T14:49:30.416447+00:00, run_after=2023-07-08T14:49:30.416447+00:00
[2023-07-08 11:49:30,443] {processor.py:161} INFO - Processing /home/lucas/Área de Trabalho/apresentação/venv/lib/python3.10/site-packages/airflow/example_dags/tutorial.py took 0.127 seconds
[2023-07-08 11:50:06,185] {processor.py:153} INFO - Started process (PID=13127) to work on /home/lucas/Área de Trabalho/apresentação/venv/lib/python3.10/site-packages/airflow/example_dags/tutorial.py
[2023-07-08 11:50:06,190] {processor.py:641} INFO - Processing file /home/lucas/Área de Trabalho/apresentação/venv/lib/python3.10/site-packages/airflow/example_dags/tutorial.py for tasks to queue
[2023-07-08 11:50:06,191] {logging_mixin.py:115} INFO - [2023-07-08 11:50:06,191] {dagbag.py:507} INFO - Filling up the DagBag from /home/lucas/Área de Trabalho/apresentação/venv/lib/python3.10/site-packages/airflow/example_dags/tutorial.py
[2023-07-08 11:50:06,207] {processor.py:651} INFO - DAG(s) dict_keys(['tutorial']) retrieved from /home/lucas/Área de Trabalho/apresentação/venv/lib/python3.10/site-packages/airflow/example_dags/tutorial.py
[2023-07-08 11:50:06,252] {logging_mixin.py:115} INFO - [2023-07-08 11:50:06,251] {dag.py:2379} INFO - Sync 1 DAGs
[2023-07-08 11:50:06,303] {logging_mixin.py:115} INFO - [2023-07-08 11:50:06,302] {dag.py:2927} INFO - Setting next_dagrun for tutorial to 2023-07-07T14:50:06.302128+00:00, run_after=2023-07-08T14:50:06.302128+00:00
[2023-07-08 11:50:06,329] {processor.py:161} INFO - Processing /home/lucas/Área de Trabalho/apresentação/venv/lib/python3.10/site-packages/airflow/example_dags/tutorial.py took 0.150 seconds
[2023-07-08 11:50:45,696] {processor.py:153} INFO - Started process (PID=13277) to work on /home/lucas/Área de Trabalho/apresentação/venv/lib/python3.10/site-packages/airflow/example_dags/tutorial.py
[2023-07-08 11:50:45,699] {processor.py:641} INFO - Processing file /home/lucas/Área de Trabalho/apresentação/venv/lib/python3.10/site-packages/airflow/example_dags/tutorial.py for tasks to queue
[2023-07-08 11:50:45,700] {logging_mixin.py:115} INFO - [2023-07-08 11:50:45,700] {dagbag.py:507} INFO - Filling up the DagBag from /home/lucas/Área de Trabalho/apresentação/venv/lib/python3.10/site-packages/airflow/example_dags/tutorial.py
[2023-07-08 11:50:45,713] {processor.py:651} INFO - DAG(s) dict_keys(['tutorial']) retrieved from /home/lucas/Área de Trabalho/apresentação/venv/lib/python3.10/site-packages/airflow/example_dags/tutorial.py
[2023-07-08 11:50:45,745] {logging_mixin.py:115} INFO - [2023-07-08 11:50:45,745] {dag.py:2379} INFO - Sync 1 DAGs
[2023-07-08 11:50:45,787] {logging_mixin.py:115} INFO - [2023-07-08 11:50:45,787] {dag.py:2927} INFO - Setting next_dagrun for tutorial to 2023-07-07T14:50:45.786981+00:00, run_after=2023-07-08T14:50:45.786981+00:00
[2023-07-08 11:50:45,814] {processor.py:161} INFO - Processing /home/lucas/Área de Trabalho/apresentação/venv/lib/python3.10/site-packages/airflow/example_dags/tutorial.py took 0.124 seconds
[2023-07-08 11:51:25,400] {processor.py:153} INFO - Started process (PID=13324) to work on /home/lucas/Área de Trabalho/apresentação/venv/lib/python3.10/site-packages/airflow/example_dags/tutorial.py
[2023-07-08 11:51:25,404] {processor.py:641} INFO - Processing file /home/lucas/Área de Trabalho/apresentação/venv/lib/python3.10/site-packages/airflow/example_dags/tutorial.py for tasks to queue
[2023-07-08 11:51:25,406] {logging_mixin.py:115} INFO - [2023-07-08 11:51:25,405] {dagbag.py:507} INFO - Filling up the DagBag from /home/lucas/Área de Trabalho/apresentação/venv/lib/python3.10/site-packages/airflow/example_dags/tutorial.py
[2023-07-08 11:51:25,418] {processor.py:651} INFO - DAG(s) dict_keys(['tutorial']) retrieved from /home/lucas/Área de Trabalho/apresentação/venv/lib/python3.10/site-packages/airflow/example_dags/tutorial.py
[2023-07-08 11:51:25,436] {logging_mixin.py:115} INFO - [2023-07-08 11:51:25,436] {dag.py:2379} INFO - Sync 1 DAGs
[2023-07-08 11:51:25,453] {logging_mixin.py:115} INFO - [2023-07-08 11:51:25,453] {dag.py:2927} INFO - Setting next_dagrun for tutorial to 2023-07-07T14:51:25.452944+00:00, run_after=2023-07-08T14:51:25.452944+00:00
[2023-07-08 11:51:25,469] {processor.py:161} INFO - Processing /home/lucas/Área de Trabalho/apresentação/venv/lib/python3.10/site-packages/airflow/example_dags/tutorial.py took 0.074 seconds
[2023-07-08 11:52:03,125] {processor.py:153} INFO - Started process (PID=13368) to work on /home/lucas/Área de Trabalho/apresentação/venv/lib/python3.10/site-packages/airflow/example_dags/tutorial.py
[2023-07-08 11:52:03,129] {processor.py:641} INFO - Processing file /home/lucas/Área de Trabalho/apresentação/venv/lib/python3.10/site-packages/airflow/example_dags/tutorial.py for tasks to queue
[2023-07-08 11:52:03,130] {logging_mixin.py:115} INFO - [2023-07-08 11:52:03,129] {dagbag.py:507} INFO - Filling up the DagBag from /home/lucas/Área de Trabalho/apresentação/venv/lib/python3.10/site-packages/airflow/example_dags/tutorial.py
[2023-07-08 11:52:03,142] {processor.py:651} INFO - DAG(s) dict_keys(['tutorial']) retrieved from /home/lucas/Área de Trabalho/apresentação/venv/lib/python3.10/site-packages/airflow/example_dags/tutorial.py
[2023-07-08 11:52:03,174] {logging_mixin.py:115} INFO - [2023-07-08 11:52:03,173] {dag.py:2379} INFO - Sync 1 DAGs
[2023-07-08 11:52:03,214] {logging_mixin.py:115} INFO - [2023-07-08 11:52:03,213] {dag.py:2927} INFO - Setting next_dagrun for tutorial to 2023-07-07T14:52:03.213459+00:00, run_after=2023-07-08T14:52:03.213459+00:00
[2023-07-08 11:52:03,239] {processor.py:161} INFO - Processing /home/lucas/Área de Trabalho/apresentação/venv/lib/python3.10/site-packages/airflow/example_dags/tutorial.py took 0.120 seconds
