[2023-07-18 11:04:41,507] {taskinstance.py:1159} INFO - Dependencies all met for <TaskInstance: get_crypto_dag.DOGE scheduled__2023-06-27T00:00:00+00:00 [queued]>
[2023-07-18 11:04:41,528] {taskinstance.py:1159} INFO - Dependencies all met for <TaskInstance: get_crypto_dag.DOGE scheduled__2023-06-27T00:00:00+00:00 [queued]>
[2023-07-18 11:04:41,529] {taskinstance.py:1356} INFO - 
--------------------------------------------------------------------------------
[2023-07-18 11:04:41,529] {taskinstance.py:1357} INFO - Starting attempt 1 of 1
[2023-07-18 11:04:41,529] {taskinstance.py:1358} INFO - 
--------------------------------------------------------------------------------
[2023-07-18 11:04:41,559] {taskinstance.py:1377} INFO - Executing <Task(_PythonDecoratedOperator): DOGE> on 2023-06-27 00:00:00+00:00
[2023-07-18 11:04:41,571] {standard_task_runner.py:52} INFO - Started process 26190 to run task
[2023-07-18 11:04:41,578] {standard_task_runner.py:79} INFO - Running: ['airflow', 'tasks', 'run', 'get_crypto_dag', 'DOGE', 'scheduled__2023-06-27T00:00:00+00:00', '--job-id', '1547', '--raw', '--subdir', 'DAGS_FOLDER/get_crypto.py', '--cfg-path', '/tmp/tmpmg4vbn2_', '--error-file', '/tmp/tmpl_ahpe4k']
[2023-07-18 11:04:41,580] {standard_task_runner.py:80} INFO - Job 1547: Subtask DOGE
[2023-07-18 11:04:41,769] {task_command.py:370} INFO - Running <TaskInstance: get_crypto_dag.DOGE scheduled__2023-06-27T00:00:00+00:00 [running]> on host lucas-Estudos
[2023-07-18 11:04:41,925] {taskinstance.py:1569} INFO - Exporting the following env vars:
AIRFLOW_CTX_DAG_OWNER=airflow
AIRFLOW_CTX_DAG_ID=get_crypto_dag
AIRFLOW_CTX_TASK_ID=DOGE
AIRFLOW_CTX_EXECUTION_DATE=2023-06-27T00:00:00+00:00
AIRFLOW_CTX_TRY_NUMBER=1
AIRFLOW_CTX_DAG_RUN_ID=scheduled__2023-06-27T00:00:00+00:00
[2023-07-18 11:04:42,671] {base.py:162} ERROR - DOGE: No timezone found, symbol may be delisted
[2023-07-18 11:04:42,679] {python.py:173} INFO - Done. Returned value was: None
[2023-07-18 11:04:42,727] {taskinstance.py:1395} INFO - Marking task as SUCCESS. dag_id=get_crypto_dag, task_id=DOGE, execution_date=20230627T000000, start_date=20230718T140441, end_date=20230718T140442
[2023-07-18 11:04:42,793] {local_task_job.py:156} INFO - Task exited with return code 0
[2023-07-18 11:04:42,907] {local_task_job.py:273} INFO - 0 downstream tasks scheduled from follow-on schedule check
