[2023-07-17 22:17:29,668] {taskinstance.py:1159} INFO - Dependencies all met for <TaskInstance: get_crypto_dag.AVAX scheduled__2023-06-17T00:00:00+00:00 [queued]>
[2023-07-17 22:17:29,690] {taskinstance.py:1159} INFO - Dependencies all met for <TaskInstance: get_crypto_dag.AVAX scheduled__2023-06-17T00:00:00+00:00 [queued]>
[2023-07-17 22:17:29,690] {taskinstance.py:1356} INFO - 
--------------------------------------------------------------------------------
[2023-07-17 22:17:29,690] {taskinstance.py:1357} INFO - Starting attempt 1 of 1
[2023-07-17 22:17:29,691] {taskinstance.py:1358} INFO - 
--------------------------------------------------------------------------------
[2023-07-17 22:17:29,712] {taskinstance.py:1377} INFO - Executing <Task(_PythonDecoratedOperator): AVAX> on 2023-06-17 00:00:00+00:00
[2023-07-17 22:17:29,719] {standard_task_runner.py:52} INFO - Started process 93486 to run task
[2023-07-17 22:17:29,725] {standard_task_runner.py:79} INFO - Running: ['airflow', 'tasks', 'run', 'get_crypto_dag', 'AVAX', 'scheduled__2023-06-17T00:00:00+00:00', '--job-id', '1082', '--raw', '--subdir', 'DAGS_FOLDER/get_crypto.py', '--cfg-path', '/tmp/tmplg61dkcf', '--error-file', '/tmp/tmpr9bkc1l3']
[2023-07-17 22:17:29,727] {standard_task_runner.py:80} INFO - Job 1082: Subtask AVAX
[2023-07-17 22:17:29,817] {task_command.py:370} INFO - Running <TaskInstance: get_crypto_dag.AVAX scheduled__2023-06-17T00:00:00+00:00 [running]> on host lucas-Estudos
[2023-07-17 22:17:29,924] {taskinstance.py:1569} INFO - Exporting the following env vars:
AIRFLOW_CTX_DAG_OWNER=airflow
AIRFLOW_CTX_DAG_ID=get_crypto_dag
AIRFLOW_CTX_TASK_ID=AVAX
AIRFLOW_CTX_EXECUTION_DATE=2023-06-17T00:00:00+00:00
AIRFLOW_CTX_TRY_NUMBER=1
AIRFLOW_CTX_DAG_RUN_ID=scheduled__2023-06-17T00:00:00+00:00
[2023-07-17 22:17:35,525] {base.py:162} ERROR - AVAX: No timezone found, symbol may be delisted
[2023-07-17 22:17:35,537] {python.py:173} INFO - Done. Returned value was: None
[2023-07-17 22:17:35,591] {taskinstance.py:1395} INFO - Marking task as SUCCESS. dag_id=get_crypto_dag, task_id=AVAX, execution_date=20230617T000000, start_date=20230718T011729, end_date=20230718T011735
[2023-07-17 22:17:35,663] {local_task_job.py:156} INFO - Task exited with return code 0
[2023-07-17 22:17:35,765] {local_task_job.py:273} INFO - 0 downstream tasks scheduled from follow-on schedule check
[2023-07-18 10:57:26,146] {taskinstance.py:1159} INFO - Dependencies all met for <TaskInstance: get_crypto_dag.AVAX scheduled__2023-06-17T00:00:00+00:00 [queued]>
[2023-07-18 10:57:26,154] {taskinstance.py:1159} INFO - Dependencies all met for <TaskInstance: get_crypto_dag.AVAX scheduled__2023-06-17T00:00:00+00:00 [queued]>
[2023-07-18 10:57:26,154] {taskinstance.py:1356} INFO - 
--------------------------------------------------------------------------------
[2023-07-18 10:57:26,154] {taskinstance.py:1357} INFO - Starting attempt 1 of 1
[2023-07-18 10:57:26,154] {taskinstance.py:1358} INFO - 
--------------------------------------------------------------------------------
[2023-07-18 10:57:26,162] {taskinstance.py:1377} INFO - Executing <Task(_PythonDecoratedOperator): AVAX> on 2023-06-17 00:00:00+00:00
[2023-07-18 10:57:26,165] {standard_task_runner.py:52} INFO - Started process 22021 to run task
[2023-07-18 10:57:26,168] {standard_task_runner.py:79} INFO - Running: ['airflow', 'tasks', 'run', 'get_crypto_dag', 'AVAX', 'scheduled__2023-06-17T00:00:00+00:00', '--job-id', '1483', '--raw', '--subdir', 'DAGS_FOLDER/get_crypto.py', '--cfg-path', '/tmp/tmpt4_kf186', '--error-file', '/tmp/tmp_gdwa0m6']
[2023-07-18 10:57:26,168] {standard_task_runner.py:80} INFO - Job 1483: Subtask AVAX
[2023-07-18 10:57:26,217] {task_command.py:370} INFO - Running <TaskInstance: get_crypto_dag.AVAX scheduled__2023-06-17T00:00:00+00:00 [running]> on host lucas-Estudos
[2023-07-18 10:57:26,274] {taskinstance.py:1569} INFO - Exporting the following env vars:
AIRFLOW_CTX_DAG_OWNER=airflow
AIRFLOW_CTX_DAG_ID=get_crypto_dag
AIRFLOW_CTX_TASK_ID=AVAX
AIRFLOW_CTX_EXECUTION_DATE=2023-06-17T00:00:00+00:00
AIRFLOW_CTX_TRY_NUMBER=1
AIRFLOW_CTX_DAG_RUN_ID=scheduled__2023-06-17T00:00:00+00:00
[2023-07-18 10:57:26,748] {base.py:162} ERROR - AVAX: No timezone found, symbol may be delisted
[2023-07-18 10:57:26,757] {python.py:173} INFO - Done. Returned value was: None
[2023-07-18 10:57:26,821] {taskinstance.py:1395} INFO - Marking task as SUCCESS. dag_id=get_crypto_dag, task_id=AVAX, execution_date=20230617T000000, start_date=20230718T135726, end_date=20230718T135726
[2023-07-18 10:57:26,901] {local_task_job.py:156} INFO - Task exited with return code 0
[2023-07-18 10:57:26,999] {local_task_job.py:273} INFO - 0 downstream tasks scheduled from follow-on schedule check
