[2023-07-17 16:23:29,569] {taskinstance.py:1159} INFO - Dependencies all met for <TaskInstance: get_stocks_dag.TSLA scheduled__2023-06-17T00:00:00+00:00 [queued]>
[2023-07-17 16:23:29,611] {taskinstance.py:1159} INFO - Dependencies all met for <TaskInstance: get_stocks_dag.TSLA scheduled__2023-06-17T00:00:00+00:00 [queued]>
[2023-07-17 16:23:29,611] {taskinstance.py:1356} INFO - 
--------------------------------------------------------------------------------
[2023-07-17 16:23:29,611] {taskinstance.py:1357} INFO - Starting attempt 1 of 1
[2023-07-17 16:23:29,611] {taskinstance.py:1358} INFO - 
--------------------------------------------------------------------------------
[2023-07-17 16:23:29,689] {taskinstance.py:1377} INFO - Executing <Task(_PythonDecoratedOperator): TSLA> on 2023-06-17 00:00:00+00:00
[2023-07-17 16:23:29,731] {standard_task_runner.py:52} INFO - Started process 10833 to run task
[2023-07-17 16:23:29,746] {standard_task_runner.py:79} INFO - Running: ['airflow', 'tasks', 'run', 'get_stocks_dag', 'TSLA', 'scheduled__2023-06-17T00:00:00+00:00', '--job-id', '195', '--raw', '--subdir', 'DAGS_FOLDER/get_stocks.py', '--cfg-path', '/tmp/tmpdx1a02sa', '--error-file', '/tmp/tmpvmyufcmv']
[2023-07-17 16:23:29,752] {standard_task_runner.py:80} INFO - Job 195: Subtask TSLA
[2023-07-17 16:23:30,075] {task_command.py:370} INFO - Running <TaskInstance: get_stocks_dag.TSLA scheduled__2023-06-17T00:00:00+00:00 [running]> on host lucas-Estudos
[2023-07-17 16:23:30,286] {taskinstance.py:1569} INFO - Exporting the following env vars:
AIRFLOW_CTX_DAG_OWNER=airflow
AIRFLOW_CTX_DAG_ID=get_stocks_dag
AIRFLOW_CTX_TASK_ID=TSLA
AIRFLOW_CTX_EXECUTION_DATE=2023-06-17T00:00:00+00:00
AIRFLOW_CTX_TRY_NUMBER=1
AIRFLOW_CTX_DAG_RUN_ID=scheduled__2023-06-17T00:00:00+00:00
[2023-07-17 16:23:31,299] {python.py:173} INFO - Done. Returned value was: None
[2023-07-17 16:23:31,359] {taskinstance.py:1395} INFO - Marking task as SUCCESS. dag_id=get_stocks_dag, task_id=TSLA, execution_date=20230617T000000, start_date=20230717T192329, end_date=20230717T192331
[2023-07-17 16:23:31,534] {local_task_job.py:156} INFO - Task exited with return code 0
[2023-07-17 16:23:31,694] {local_task_job.py:273} INFO - 0 downstream tasks scheduled from follow-on schedule check
[2023-07-17 16:54:48,485] {taskinstance.py:1159} INFO - Dependencies all met for <TaskInstance: get_stocks_dag.TSLA scheduled__2023-06-17T00:00:00+00:00 [queued]>
[2023-07-17 16:54:48,572] {taskinstance.py:1159} INFO - Dependencies all met for <TaskInstance: get_stocks_dag.TSLA scheduled__2023-06-17T00:00:00+00:00 [queued]>
[2023-07-17 16:54:48,572] {taskinstance.py:1356} INFO - 
--------------------------------------------------------------------------------
[2023-07-17 16:54:48,573] {taskinstance.py:1357} INFO - Starting attempt 1 of 1
[2023-07-17 16:54:48,573] {taskinstance.py:1358} INFO - 
--------------------------------------------------------------------------------
[2023-07-17 16:54:48,622] {taskinstance.py:1377} INFO - Executing <Task(_PythonDecoratedOperator): TSLA> on 2023-06-17 00:00:00+00:00
[2023-07-17 16:54:48,638] {standard_task_runner.py:52} INFO - Started process 23622 to run task
[2023-07-17 16:54:48,654] {standard_task_runner.py:79} INFO - Running: ['airflow', 'tasks', 'run', 'get_stocks_dag', 'TSLA', 'scheduled__2023-06-17T00:00:00+00:00', '--job-id', '412', '--raw', '--subdir', 'DAGS_FOLDER/get_stocks.py', '--cfg-path', '/tmp/tmp_5zh743_', '--error-file', '/tmp/tmpb4vvwu9p']
[2023-07-17 16:54:48,669] {standard_task_runner.py:80} INFO - Job 412: Subtask TSLA
[2023-07-17 16:54:48,861] {task_command.py:370} INFO - Running <TaskInstance: get_stocks_dag.TSLA scheduled__2023-06-17T00:00:00+00:00 [running]> on host lucas-Estudos
[2023-07-17 16:54:49,118] {taskinstance.py:1569} INFO - Exporting the following env vars:
AIRFLOW_CTX_DAG_OWNER=airflow
AIRFLOW_CTX_DAG_ID=get_stocks_dag
AIRFLOW_CTX_TASK_ID=TSLA
AIRFLOW_CTX_EXECUTION_DATE=2023-06-17T00:00:00+00:00
AIRFLOW_CTX_TRY_NUMBER=1
AIRFLOW_CTX_DAG_RUN_ID=scheduled__2023-06-17T00:00:00+00:00
[2023-07-17 16:54:49,702] {python.py:173} INFO - Done. Returned value was: None
[2023-07-17 16:54:49,730] {taskinstance.py:1395} INFO - Marking task as SUCCESS. dag_id=get_stocks_dag, task_id=TSLA, execution_date=20230617T000000, start_date=20230717T195448, end_date=20230717T195449
[2023-07-17 16:54:49,797] {local_task_job.py:156} INFO - Task exited with return code 0
[2023-07-17 16:54:49,868] {local_task_job.py:273} INFO - 0 downstream tasks scheduled from follow-on schedule check
[2023-07-17 21:05:13,951] {taskinstance.py:1159} INFO - Dependencies all met for <TaskInstance: get_stocks_dag.TSLA scheduled__2023-06-17T00:00:00+00:00 [queued]>
[2023-07-17 21:05:13,976] {taskinstance.py:1159} INFO - Dependencies all met for <TaskInstance: get_stocks_dag.TSLA scheduled__2023-06-17T00:00:00+00:00 [queued]>
[2023-07-17 21:05:13,976] {taskinstance.py:1356} INFO - 
--------------------------------------------------------------------------------
[2023-07-17 21:05:13,976] {taskinstance.py:1357} INFO - Starting attempt 1 of 1
[2023-07-17 21:05:13,977] {taskinstance.py:1358} INFO - 
--------------------------------------------------------------------------------
[2023-07-17 21:05:14,006] {taskinstance.py:1377} INFO - Executing <Task(_PythonDecoratedOperator): TSLA> on 2023-06-17 00:00:00+00:00
[2023-07-17 21:05:14,016] {standard_task_runner.py:52} INFO - Started process 28253 to run task
[2023-07-17 21:05:14,023] {standard_task_runner.py:79} INFO - Running: ['airflow', 'tasks', 'run', 'get_stocks_dag', 'TSLA', 'scheduled__2023-06-17T00:00:00+00:00', '--job-id', '627', '--raw', '--subdir', 'DAGS_FOLDER/get_stocks.py', '--cfg-path', '/tmp/tmpwsbyywzk', '--error-file', '/tmp/tmp24agn8zg']
[2023-07-17 21:05:14,025] {standard_task_runner.py:80} INFO - Job 627: Subtask TSLA
[2023-07-17 21:05:14,219] {task_command.py:370} INFO - Running <TaskInstance: get_stocks_dag.TSLA scheduled__2023-06-17T00:00:00+00:00 [running]> on host lucas-Estudos
[2023-07-17 21:05:14,444] {taskinstance.py:1569} INFO - Exporting the following env vars:
AIRFLOW_CTX_DAG_OWNER=airflow
AIRFLOW_CTX_DAG_ID=get_stocks_dag
AIRFLOW_CTX_TASK_ID=TSLA
AIRFLOW_CTX_EXECUTION_DATE=2023-06-17T00:00:00+00:00
AIRFLOW_CTX_TRY_NUMBER=1
AIRFLOW_CTX_DAG_RUN_ID=scheduled__2023-06-17T00:00:00+00:00
[2023-07-17 21:05:21,240] {python.py:173} INFO - Done. Returned value was: None
[2023-07-17 21:05:21,294] {taskinstance.py:1395} INFO - Marking task as SUCCESS. dag_id=get_stocks_dag, task_id=TSLA, execution_date=20230617T000000, start_date=20230718T000513, end_date=20230718T000521
[2023-07-17 21:05:21,351] {local_task_job.py:156} INFO - Task exited with return code 0
[2023-07-17 21:05:21,457] {local_task_job.py:273} INFO - 0 downstream tasks scheduled from follow-on schedule check
[2023-07-17 22:11:28,410] {taskinstance.py:1159} INFO - Dependencies all met for <TaskInstance: get_stocks_dag.TSLA scheduled__2023-06-17T00:00:00+00:00 [queued]>
[2023-07-17 22:11:28,428] {taskinstance.py:1159} INFO - Dependencies all met for <TaskInstance: get_stocks_dag.TSLA scheduled__2023-06-17T00:00:00+00:00 [queued]>
[2023-07-17 22:11:28,428] {taskinstance.py:1356} INFO - 
--------------------------------------------------------------------------------
[2023-07-17 22:11:28,428] {taskinstance.py:1357} INFO - Starting attempt 1 of 1
[2023-07-17 22:11:28,428] {taskinstance.py:1358} INFO - 
--------------------------------------------------------------------------------
[2023-07-17 22:11:28,445] {taskinstance.py:1377} INFO - Executing <Task(_PythonDecoratedOperator): TSLA> on 2023-06-17 00:00:00+00:00
[2023-07-17 22:11:28,450] {standard_task_runner.py:52} INFO - Started process 81268 to run task
[2023-07-17 22:11:28,454] {standard_task_runner.py:79} INFO - Running: ['airflow', 'tasks', 'run', 'get_stocks_dag', 'TSLA', 'scheduled__2023-06-17T00:00:00+00:00', '--job-id', '994', '--raw', '--subdir', 'DAGS_FOLDER/get_stocks.py', '--cfg-path', '/tmp/tmpkhx3pwzb', '--error-file', '/tmp/tmpp_8_m8b6']
[2023-07-17 22:11:28,455] {standard_task_runner.py:80} INFO - Job 994: Subtask TSLA
[2023-07-17 22:11:28,529] {task_command.py:370} INFO - Running <TaskInstance: get_stocks_dag.TSLA scheduled__2023-06-17T00:00:00+00:00 [running]> on host lucas-Estudos
[2023-07-17 22:11:28,748] {taskinstance.py:1569} INFO - Exporting the following env vars:
AIRFLOW_CTX_DAG_OWNER=airflow
AIRFLOW_CTX_DAG_ID=get_stocks_dag
AIRFLOW_CTX_TASK_ID=TSLA
AIRFLOW_CTX_EXECUTION_DATE=2023-06-17T00:00:00+00:00
AIRFLOW_CTX_TRY_NUMBER=1
AIRFLOW_CTX_DAG_RUN_ID=scheduled__2023-06-17T00:00:00+00:00
[2023-07-17 22:11:33,294] {python.py:173} INFO - Done. Returned value was: None
[2023-07-17 22:11:33,347] {taskinstance.py:1395} INFO - Marking task as SUCCESS. dag_id=get_stocks_dag, task_id=TSLA, execution_date=20230617T000000, start_date=20230718T011128, end_date=20230718T011133
[2023-07-17 22:11:33,402] {local_task_job.py:156} INFO - Task exited with return code 0
[2023-07-17 22:11:33,685] {local_task_job.py:273} INFO - 0 downstream tasks scheduled from follow-on schedule check
[2023-07-18 10:57:33,547] {taskinstance.py:1159} INFO - Dependencies all met for <TaskInstance: get_stocks_dag.TSLA scheduled__2023-06-17T00:00:00+00:00 [queued]>
[2023-07-18 10:57:33,559] {taskinstance.py:1159} INFO - Dependencies all met for <TaskInstance: get_stocks_dag.TSLA scheduled__2023-06-17T00:00:00+00:00 [queued]>
[2023-07-18 10:57:33,559] {taskinstance.py:1356} INFO - 
--------------------------------------------------------------------------------
[2023-07-18 10:57:33,559] {taskinstance.py:1357} INFO - Starting attempt 1 of 1
[2023-07-18 10:57:33,559] {taskinstance.py:1358} INFO - 
--------------------------------------------------------------------------------
[2023-07-18 10:57:33,570] {taskinstance.py:1377} INFO - Executing <Task(_PythonDecoratedOperator): TSLA> on 2023-06-17 00:00:00+00:00
[2023-07-18 10:57:33,574] {standard_task_runner.py:52} INFO - Started process 23375 to run task
[2023-07-18 10:57:33,577] {standard_task_runner.py:79} INFO - Running: ['airflow', 'tasks', 'run', 'get_stocks_dag', 'TSLA', 'scheduled__2023-06-17T00:00:00+00:00', '--job-id', '1484', '--raw', '--subdir', 'DAGS_FOLDER/get_stocks.py', '--cfg-path', '/tmp/tmp3rftfkcg', '--error-file', '/tmp/tmpr2_co405']
[2023-07-18 10:57:33,577] {standard_task_runner.py:80} INFO - Job 1484: Subtask TSLA
[2023-07-18 10:57:33,638] {task_command.py:370} INFO - Running <TaskInstance: get_stocks_dag.TSLA scheduled__2023-06-17T00:00:00+00:00 [running]> on host lucas-Estudos
[2023-07-18 10:57:33,714] {taskinstance.py:1569} INFO - Exporting the following env vars:
AIRFLOW_CTX_DAG_OWNER=airflow
AIRFLOW_CTX_DAG_ID=get_stocks_dag
AIRFLOW_CTX_TASK_ID=TSLA
AIRFLOW_CTX_EXECUTION_DATE=2023-06-17T00:00:00+00:00
AIRFLOW_CTX_TRY_NUMBER=1
AIRFLOW_CTX_DAG_RUN_ID=scheduled__2023-06-17T00:00:00+00:00
[2023-07-18 10:57:34,106] {python.py:173} INFO - Done. Returned value was: None
[2023-07-18 10:57:34,124] {taskinstance.py:1395} INFO - Marking task as SUCCESS. dag_id=get_stocks_dag, task_id=TSLA, execution_date=20230617T000000, start_date=20230718T135733, end_date=20230718T135734
[2023-07-18 10:57:34,150] {local_task_job.py:156} INFO - Task exited with return code 0
[2023-07-18 10:57:34,255] {local_task_job.py:273} INFO - 0 downstream tasks scheduled from follow-on schedule check
