[2023-07-17 16:22:45,571] {taskinstance.py:1159} INFO - Dependencies all met for <TaskInstance: get_stocks_dag.MSFT scheduled__2023-05-04T00:00:00+00:00 [queued]>
[2023-07-17 16:22:45,614] {taskinstance.py:1159} INFO - Dependencies all met for <TaskInstance: get_stocks_dag.MSFT scheduled__2023-05-04T00:00:00+00:00 [queued]>
[2023-07-17 16:22:45,615] {taskinstance.py:1356} INFO - 
--------------------------------------------------------------------------------
[2023-07-17 16:22:45,615] {taskinstance.py:1357} INFO - Starting attempt 1 of 1
[2023-07-17 16:22:45,615] {taskinstance.py:1358} INFO - 
--------------------------------------------------------------------------------
[2023-07-17 16:22:45,701] {taskinstance.py:1377} INFO - Executing <Task(_PythonDecoratedOperator): MSFT> on 2023-05-04 00:00:00+00:00
[2023-07-17 16:22:45,739] {standard_task_runner.py:52} INFO - Started process 6824 to run task
[2023-07-17 16:22:45,784] {standard_task_runner.py:79} INFO - Running: ['airflow', 'tasks', 'run', 'get_stocks_dag', 'MSFT', 'scheduled__2023-05-04T00:00:00+00:00', '--job-id', '58', '--raw', '--subdir', 'DAGS_FOLDER/get_stocks.py', '--cfg-path', '/tmp/tmpwoychyq3', '--error-file', '/tmp/tmp98xg00c_']
[2023-07-17 16:22:45,785] {standard_task_runner.py:80} INFO - Job 58: Subtask MSFT
[2023-07-17 16:22:46,238] {task_command.py:370} INFO - Running <TaskInstance: get_stocks_dag.MSFT scheduled__2023-05-04T00:00:00+00:00 [running]> on host lucas-Estudos
[2023-07-17 16:22:46,544] {taskinstance.py:1569} INFO - Exporting the following env vars:
AIRFLOW_CTX_DAG_OWNER=airflow
AIRFLOW_CTX_DAG_ID=get_stocks_dag
AIRFLOW_CTX_TASK_ID=MSFT
AIRFLOW_CTX_EXECUTION_DATE=2023-05-04T00:00:00+00:00
AIRFLOW_CTX_TRY_NUMBER=1
AIRFLOW_CTX_DAG_RUN_ID=scheduled__2023-05-04T00:00:00+00:00
[2023-07-17 16:22:47,183] {python.py:173} INFO - Done. Returned value was: None
[2023-07-17 16:22:47,211] {taskinstance.py:1395} INFO - Marking task as SUCCESS. dag_id=get_stocks_dag, task_id=MSFT, execution_date=20230504T000000, start_date=20230717T192245, end_date=20230717T192247
[2023-07-17 16:22:47,301] {local_task_job.py:156} INFO - Task exited with return code 0
[2023-07-17 16:22:47,408] {local_task_job.py:273} INFO - 0 downstream tasks scheduled from follow-on schedule check
[2023-07-17 16:54:06,056] {taskinstance.py:1159} INFO - Dependencies all met for <TaskInstance: get_stocks_dag.MSFT scheduled__2023-05-04T00:00:00+00:00 [queued]>
[2023-07-17 16:54:06,076] {taskinstance.py:1159} INFO - Dependencies all met for <TaskInstance: get_stocks_dag.MSFT scheduled__2023-05-04T00:00:00+00:00 [queued]>
[2023-07-17 16:54:06,076] {taskinstance.py:1356} INFO - 
--------------------------------------------------------------------------------
[2023-07-17 16:54:06,076] {taskinstance.py:1357} INFO - Starting attempt 1 of 1
[2023-07-17 16:54:06,076] {taskinstance.py:1358} INFO - 
--------------------------------------------------------------------------------
[2023-07-17 16:54:06,117] {taskinstance.py:1377} INFO - Executing <Task(_PythonDecoratedOperator): MSFT> on 2023-05-04 00:00:00+00:00
[2023-07-17 16:54:06,130] {standard_task_runner.py:52} INFO - Started process 19835 to run task
[2023-07-17 16:54:06,137] {standard_task_runner.py:79} INFO - Running: ['airflow', 'tasks', 'run', 'get_stocks_dag', 'MSFT', 'scheduled__2023-05-04T00:00:00+00:00', '--job-id', '281', '--raw', '--subdir', 'DAGS_FOLDER/get_stocks.py', '--cfg-path', '/tmp/tmphs1mub22', '--error-file', '/tmp/tmp864zw9rj']
[2023-07-17 16:54:06,138] {standard_task_runner.py:80} INFO - Job 281: Subtask MSFT
[2023-07-17 16:54:06,350] {task_command.py:370} INFO - Running <TaskInstance: get_stocks_dag.MSFT scheduled__2023-05-04T00:00:00+00:00 [running]> on host lucas-Estudos
[2023-07-17 16:54:06,521] {taskinstance.py:1569} INFO - Exporting the following env vars:
AIRFLOW_CTX_DAG_OWNER=airflow
AIRFLOW_CTX_DAG_ID=get_stocks_dag
AIRFLOW_CTX_TASK_ID=MSFT
AIRFLOW_CTX_EXECUTION_DATE=2023-05-04T00:00:00+00:00
AIRFLOW_CTX_TRY_NUMBER=1
AIRFLOW_CTX_DAG_RUN_ID=scheduled__2023-05-04T00:00:00+00:00
[2023-07-17 16:54:07,342] {python.py:173} INFO - Done. Returned value was: None
[2023-07-17 16:54:07,432] {taskinstance.py:1395} INFO - Marking task as SUCCESS. dag_id=get_stocks_dag, task_id=MSFT, execution_date=20230504T000000, start_date=20230717T195406, end_date=20230717T195407
[2023-07-17 16:54:07,509] {local_task_job.py:156} INFO - Task exited with return code 0
[2023-07-17 16:54:07,585] {local_task_job.py:273} INFO - 0 downstream tasks scheduled from follow-on schedule check
[2023-07-17 20:56:25,974] {taskinstance.py:1159} INFO - Dependencies all met for <TaskInstance: get_stocks_dag.MSFT scheduled__2023-05-04T00:00:00+00:00 [queued]>
[2023-07-17 20:56:25,999] {taskinstance.py:1159} INFO - Dependencies all met for <TaskInstance: get_stocks_dag.MSFT scheduled__2023-05-04T00:00:00+00:00 [queued]>
[2023-07-17 20:56:26,000] {taskinstance.py:1356} INFO - 
--------------------------------------------------------------------------------
[2023-07-17 20:56:26,000] {taskinstance.py:1357} INFO - Starting attempt 1 of 1
[2023-07-17 20:56:26,000] {taskinstance.py:1358} INFO - 
--------------------------------------------------------------------------------
[2023-07-17 20:56:26,028] {taskinstance.py:1377} INFO - Executing <Task(_PythonDecoratedOperator): MSFT> on 2023-05-04 00:00:00+00:00
[2023-07-17 20:56:26,038] {standard_task_runner.py:52} INFO - Started process 14099 to run task
[2023-07-17 20:56:26,046] {standard_task_runner.py:79} INFO - Running: ['airflow', 'tasks', 'run', 'get_stocks_dag', 'MSFT', 'scheduled__2023-05-04T00:00:00+00:00', '--job-id', '497', '--raw', '--subdir', 'DAGS_FOLDER/get_stocks.py', '--cfg-path', '/tmp/tmp5ki9ukqs', '--error-file', '/tmp/tmpj36r0bpa']
[2023-07-17 20:56:26,049] {standard_task_runner.py:80} INFO - Job 497: Subtask MSFT
[2023-07-17 20:56:26,252] {task_command.py:370} INFO - Running <TaskInstance: get_stocks_dag.MSFT scheduled__2023-05-04T00:00:00+00:00 [running]> on host lucas-Estudos
[2023-07-17 20:56:26,491] {taskinstance.py:1569} INFO - Exporting the following env vars:
AIRFLOW_CTX_DAG_OWNER=airflow
AIRFLOW_CTX_DAG_ID=get_stocks_dag
AIRFLOW_CTX_TASK_ID=MSFT
AIRFLOW_CTX_EXECUTION_DATE=2023-05-04T00:00:00+00:00
AIRFLOW_CTX_TRY_NUMBER=1
AIRFLOW_CTX_DAG_RUN_ID=scheduled__2023-05-04T00:00:00+00:00
[2023-07-17 20:56:28,009] {python.py:173} INFO - Done. Returned value was: None
[2023-07-17 20:56:28,061] {taskinstance.py:1395} INFO - Marking task as SUCCESS. dag_id=get_stocks_dag, task_id=MSFT, execution_date=20230504T000000, start_date=20230717T235625, end_date=20230717T235628
[2023-07-17 20:56:28,145] {local_task_job.py:156} INFO - Task exited with return code 0
[2023-07-17 20:56:28,281] {local_task_job.py:273} INFO - 0 downstream tasks scheduled from follow-on schedule check
[2023-07-17 21:53:39,743] {taskinstance.py:1159} INFO - Dependencies all met for <TaskInstance: get_stocks_dag.MSFT scheduled__2023-05-04T00:00:00+00:00 [queued]>
[2023-07-17 21:53:39,772] {taskinstance.py:1159} INFO - Dependencies all met for <TaskInstance: get_stocks_dag.MSFT scheduled__2023-05-04T00:00:00+00:00 [queued]>
[2023-07-17 21:53:39,773] {taskinstance.py:1356} INFO - 
--------------------------------------------------------------------------------
[2023-07-17 21:53:39,773] {taskinstance.py:1357} INFO - Starting attempt 1 of 1
[2023-07-17 21:53:39,773] {taskinstance.py:1358} INFO - 
--------------------------------------------------------------------------------
[2023-07-17 21:53:39,800] {taskinstance.py:1377} INFO - Executing <Task(_PythonDecoratedOperator): MSFT> on 2023-05-04 00:00:00+00:00
[2023-07-17 21:53:39,811] {standard_task_runner.py:52} INFO - Started process 45127 to run task
[2023-07-17 21:53:39,816] {standard_task_runner.py:79} INFO - Running: ['airflow', 'tasks', 'run', 'get_stocks_dag', 'MSFT', 'scheduled__2023-05-04T00:00:00+00:00', '--job-id', '730', '--raw', '--subdir', 'DAGS_FOLDER/get_stocks.py', '--cfg-path', '/tmp/tmp1ft5qlxk', '--error-file', '/tmp/tmpxbjcq2gc']
[2023-07-17 21:53:39,818] {standard_task_runner.py:80} INFO - Job 730: Subtask MSFT
[2023-07-17 21:53:39,945] {task_command.py:370} INFO - Running <TaskInstance: get_stocks_dag.MSFT scheduled__2023-05-04T00:00:00+00:00 [running]> on host lucas-Estudos
[2023-07-17 21:53:40,032] {taskinstance.py:1569} INFO - Exporting the following env vars:
AIRFLOW_CTX_DAG_OWNER=airflow
AIRFLOW_CTX_DAG_ID=get_stocks_dag
AIRFLOW_CTX_TASK_ID=MSFT
AIRFLOW_CTX_EXECUTION_DATE=2023-05-04T00:00:00+00:00
AIRFLOW_CTX_TRY_NUMBER=1
AIRFLOW_CTX_DAG_RUN_ID=scheduled__2023-05-04T00:00:00+00:00
[2023-07-17 21:53:43,707] {python.py:173} INFO - Done. Returned value was: None
[2023-07-17 21:53:43,776] {taskinstance.py:1395} INFO - Marking task as SUCCESS. dag_id=get_stocks_dag, task_id=MSFT, execution_date=20230504T000000, start_date=20230718T005339, end_date=20230718T005343
[2023-07-17 21:53:43,849] {local_task_job.py:156} INFO - Task exited with return code 0
[2023-07-17 21:53:43,973] {local_task_job.py:273} INFO - 0 downstream tasks scheduled from follow-on schedule check
[2023-07-18 10:24:00,662] {taskinstance.py:1159} INFO - Dependencies all met for <TaskInstance: get_stocks_dag.MSFT scheduled__2023-05-04T00:00:00+00:00 [queued]>
[2023-07-18 10:24:00,685] {taskinstance.py:1159} INFO - Dependencies all met for <TaskInstance: get_stocks_dag.MSFT scheduled__2023-05-04T00:00:00+00:00 [queued]>
[2023-07-18 10:24:00,686] {taskinstance.py:1356} INFO - 
--------------------------------------------------------------------------------
[2023-07-18 10:24:00,686] {taskinstance.py:1357} INFO - Starting attempt 1 of 1
[2023-07-18 10:24:00,686] {taskinstance.py:1358} INFO - 
--------------------------------------------------------------------------------
[2023-07-18 10:24:00,713] {taskinstance.py:1377} INFO - Executing <Task(_PythonDecoratedOperator): MSFT> on 2023-05-04 00:00:00+00:00
[2023-07-18 10:24:00,722] {standard_task_runner.py:52} INFO - Started process 10643 to run task
[2023-07-18 10:24:00,729] {standard_task_runner.py:79} INFO - Running: ['airflow', 'tasks', 'run', 'get_stocks_dag', 'MSFT', 'scheduled__2023-05-04T00:00:00+00:00', '--job-id', '1177', '--raw', '--subdir', 'DAGS_FOLDER/get_stocks.py', '--cfg-path', '/tmp/tmp29u543jh', '--error-file', '/tmp/tmpi24c6mxu']
[2023-07-18 10:24:00,731] {standard_task_runner.py:80} INFO - Job 1177: Subtask MSFT
[2023-07-18 10:24:00,918] {task_command.py:370} INFO - Running <TaskInstance: get_stocks_dag.MSFT scheduled__2023-05-04T00:00:00+00:00 [running]> on host lucas-Estudos
[2023-07-18 10:24:01,134] {taskinstance.py:1569} INFO - Exporting the following env vars:
AIRFLOW_CTX_DAG_OWNER=airflow
AIRFLOW_CTX_DAG_ID=get_stocks_dag
AIRFLOW_CTX_TASK_ID=MSFT
AIRFLOW_CTX_EXECUTION_DATE=2023-05-04T00:00:00+00:00
AIRFLOW_CTX_TRY_NUMBER=1
AIRFLOW_CTX_DAG_RUN_ID=scheduled__2023-05-04T00:00:00+00:00
[2023-07-18 10:24:01,750] {python.py:173} INFO - Done. Returned value was: None
[2023-07-18 10:24:01,798] {taskinstance.py:1395} INFO - Marking task as SUCCESS. dag_id=get_stocks_dag, task_id=MSFT, execution_date=20230504T000000, start_date=20230718T132400, end_date=20230718T132401
[2023-07-18 10:24:01,864] {local_task_job.py:156} INFO - Task exited with return code 0
[2023-07-18 10:24:01,969] {local_task_job.py:273} INFO - 0 downstream tasks scheduled from follow-on schedule check
