[2023-07-17 16:23:18,225] {taskinstance.py:1159} INFO - Dependencies all met for <TaskInstance: get_stocks_dag.MSFT scheduled__2023-06-08T00:00:00+00:00 [queued]>
[2023-07-17 16:23:18,239] {taskinstance.py:1159} INFO - Dependencies all met for <TaskInstance: get_stocks_dag.MSFT scheduled__2023-06-08T00:00:00+00:00 [queued]>
[2023-07-17 16:23:18,241] {taskinstance.py:1356} INFO - 
--------------------------------------------------------------------------------
[2023-07-17 16:23:18,241] {taskinstance.py:1357} INFO - Starting attempt 1 of 1
[2023-07-17 16:23:18,241] {taskinstance.py:1358} INFO - 
--------------------------------------------------------------------------------
[2023-07-17 16:23:18,313] {taskinstance.py:1377} INFO - Executing <Task(_PythonDecoratedOperator): MSFT> on 2023-06-08 00:00:00+00:00
[2023-07-17 16:23:18,351] {standard_task_runner.py:79} INFO - Running: ['airflow', 'tasks', 'run', 'get_stocks_dag', 'MSFT', 'scheduled__2023-06-08T00:00:00+00:00', '--job-id', '161', '--raw', '--subdir', 'DAGS_FOLDER/get_stocks.py', '--cfg-path', '/tmp/tmpqa3t_5jn', '--error-file', '/tmp/tmpbs0yknfs']
[2023-07-17 16:23:18,341] {standard_task_runner.py:52} INFO - Started process 9889 to run task
[2023-07-17 16:23:18,354] {standard_task_runner.py:80} INFO - Job 161: Subtask MSFT
[2023-07-17 16:23:18,531] {task_command.py:370} INFO - Running <TaskInstance: get_stocks_dag.MSFT scheduled__2023-06-08T00:00:00+00:00 [running]> on host lucas-Estudos
[2023-07-17 16:23:19,005] {taskinstance.py:1569} INFO - Exporting the following env vars:
AIRFLOW_CTX_DAG_OWNER=airflow
AIRFLOW_CTX_DAG_ID=get_stocks_dag
AIRFLOW_CTX_TASK_ID=MSFT
AIRFLOW_CTX_EXECUTION_DATE=2023-06-08T00:00:00+00:00
AIRFLOW_CTX_TRY_NUMBER=1
AIRFLOW_CTX_DAG_RUN_ID=scheduled__2023-06-08T00:00:00+00:00
[2023-07-17 16:23:19,926] {python.py:173} INFO - Done. Returned value was: None
[2023-07-17 16:23:20,142] {taskinstance.py:1395} INFO - Marking task as SUCCESS. dag_id=get_stocks_dag, task_id=MSFT, execution_date=20230608T000000, start_date=20230717T192318, end_date=20230717T192320
[2023-07-17 16:23:20,236] {local_task_job.py:156} INFO - Task exited with return code 0
[2023-07-17 16:23:20,641] {local_task_job.py:273} INFO - 0 downstream tasks scheduled from follow-on schedule check
[2023-07-17 16:54:38,978] {taskinstance.py:1159} INFO - Dependencies all met for <TaskInstance: get_stocks_dag.MSFT scheduled__2023-06-08T00:00:00+00:00 [queued]>
[2023-07-17 16:54:38,989] {taskinstance.py:1159} INFO - Dependencies all met for <TaskInstance: get_stocks_dag.MSFT scheduled__2023-06-08T00:00:00+00:00 [queued]>
[2023-07-17 16:54:38,989] {taskinstance.py:1356} INFO - 
--------------------------------------------------------------------------------
[2023-07-17 16:54:38,989] {taskinstance.py:1357} INFO - Starting attempt 1 of 1
[2023-07-17 16:54:38,989] {taskinstance.py:1358} INFO - 
--------------------------------------------------------------------------------
[2023-07-17 16:54:39,022] {taskinstance.py:1377} INFO - Executing <Task(_PythonDecoratedOperator): MSFT> on 2023-06-08 00:00:00+00:00
[2023-07-17 16:54:39,031] {standard_task_runner.py:52} INFO - Started process 22761 to run task
[2023-07-17 16:54:39,036] {standard_task_runner.py:79} INFO - Running: ['airflow', 'tasks', 'run', 'get_stocks_dag', 'MSFT', 'scheduled__2023-06-08T00:00:00+00:00', '--job-id', '381', '--raw', '--subdir', 'DAGS_FOLDER/get_stocks.py', '--cfg-path', '/tmp/tmpqu_lhyni', '--error-file', '/tmp/tmpze9u8_vg']
[2023-07-17 16:54:39,037] {standard_task_runner.py:80} INFO - Job 381: Subtask MSFT
[2023-07-17 16:54:39,173] {task_command.py:370} INFO - Running <TaskInstance: get_stocks_dag.MSFT scheduled__2023-06-08T00:00:00+00:00 [running]> on host lucas-Estudos
[2023-07-17 16:54:39,309] {taskinstance.py:1569} INFO - Exporting the following env vars:
AIRFLOW_CTX_DAG_OWNER=airflow
AIRFLOW_CTX_DAG_ID=get_stocks_dag
AIRFLOW_CTX_TASK_ID=MSFT
AIRFLOW_CTX_EXECUTION_DATE=2023-06-08T00:00:00+00:00
AIRFLOW_CTX_TRY_NUMBER=1
AIRFLOW_CTX_DAG_RUN_ID=scheduled__2023-06-08T00:00:00+00:00
[2023-07-17 16:54:39,755] {python.py:173} INFO - Done. Returned value was: None
[2023-07-17 16:54:39,952] {taskinstance.py:1395} INFO - Marking task as SUCCESS. dag_id=get_stocks_dag, task_id=MSFT, execution_date=20230608T000000, start_date=20230717T195438, end_date=20230717T195439
[2023-07-17 16:54:40,060] {local_task_job.py:156} INFO - Task exited with return code 0
[2023-07-17 16:54:40,237] {local_task_job.py:273} INFO - 0 downstream tasks scheduled from follow-on schedule check
[2023-07-17 21:03:21,220] {taskinstance.py:1159} INFO - Dependencies all met for <TaskInstance: get_stocks_dag.MSFT scheduled__2023-06-08T00:00:00+00:00 [queued]>
[2023-07-17 21:03:21,235] {taskinstance.py:1159} INFO - Dependencies all met for <TaskInstance: get_stocks_dag.MSFT scheduled__2023-06-08T00:00:00+00:00 [queued]>
[2023-07-17 21:03:21,235] {taskinstance.py:1356} INFO - 
--------------------------------------------------------------------------------
[2023-07-17 21:03:21,235] {taskinstance.py:1357} INFO - Starting attempt 1 of 1
[2023-07-17 21:03:21,235] {taskinstance.py:1358} INFO - 
--------------------------------------------------------------------------------
[2023-07-17 21:03:21,259] {taskinstance.py:1377} INFO - Executing <Task(_PythonDecoratedOperator): MSFT> on 2023-06-08 00:00:00+00:00
[2023-07-17 21:03:21,270] {standard_task_runner.py:52} INFO - Started process 25180 to run task
[2023-07-17 21:03:21,277] {standard_task_runner.py:79} INFO - Running: ['airflow', 'tasks', 'run', 'get_stocks_dag', 'MSFT', 'scheduled__2023-06-08T00:00:00+00:00', '--job-id', '597', '--raw', '--subdir', 'DAGS_FOLDER/get_stocks.py', '--cfg-path', '/tmp/tmpkrt2htp3', '--error-file', '/tmp/tmpe0ibgx_o']
[2023-07-17 21:03:21,279] {standard_task_runner.py:80} INFO - Job 597: Subtask MSFT
[2023-07-17 21:03:21,473] {task_command.py:370} INFO - Running <TaskInstance: get_stocks_dag.MSFT scheduled__2023-06-08T00:00:00+00:00 [running]> on host lucas-Estudos
[2023-07-17 21:03:21,694] {taskinstance.py:1569} INFO - Exporting the following env vars:
AIRFLOW_CTX_DAG_OWNER=airflow
AIRFLOW_CTX_DAG_ID=get_stocks_dag
AIRFLOW_CTX_TASK_ID=MSFT
AIRFLOW_CTX_EXECUTION_DATE=2023-06-08T00:00:00+00:00
AIRFLOW_CTX_TRY_NUMBER=1
AIRFLOW_CTX_DAG_RUN_ID=scheduled__2023-06-08T00:00:00+00:00
[2023-07-17 21:03:25,377] {python.py:173} INFO - Done. Returned value was: None
[2023-07-17 21:03:25,427] {taskinstance.py:1395} INFO - Marking task as SUCCESS. dag_id=get_stocks_dag, task_id=MSFT, execution_date=20230608T000000, start_date=20230718T000321, end_date=20230718T000325
[2023-07-17 21:03:25,464] {local_task_job.py:156} INFO - Task exited with return code 0
[2023-07-17 21:03:25,583] {local_task_job.py:273} INFO - 0 downstream tasks scheduled from follow-on schedule check
[2023-07-17 22:07:38,776] {taskinstance.py:1159} INFO - Dependencies all met for <TaskInstance: get_stocks_dag.MSFT scheduled__2023-06-08T00:00:00+00:00 [queued]>
[2023-07-17 22:07:38,809] {taskinstance.py:1159} INFO - Dependencies all met for <TaskInstance: get_stocks_dag.MSFT scheduled__2023-06-08T00:00:00+00:00 [queued]>
[2023-07-17 22:07:38,810] {taskinstance.py:1356} INFO - 
--------------------------------------------------------------------------------
[2023-07-17 22:07:38,810] {taskinstance.py:1357} INFO - Starting attempt 1 of 1
[2023-07-17 22:07:38,810] {taskinstance.py:1358} INFO - 
--------------------------------------------------------------------------------
[2023-07-17 22:07:38,833] {taskinstance.py:1377} INFO - Executing <Task(_PythonDecoratedOperator): MSFT> on 2023-06-08 00:00:00+00:00
[2023-07-17 22:07:38,840] {standard_task_runner.py:52} INFO - Started process 73530 to run task
[2023-07-17 22:07:38,844] {standard_task_runner.py:79} INFO - Running: ['airflow', 'tasks', 'run', 'get_stocks_dag', 'MSFT', 'scheduled__2023-06-08T00:00:00+00:00', '--job-id', '936', '--raw', '--subdir', 'DAGS_FOLDER/get_stocks.py', '--cfg-path', '/tmp/tmprhmjrjzw', '--error-file', '/tmp/tmpw_hmklqz']
[2023-07-17 22:07:38,844] {standard_task_runner.py:80} INFO - Job 936: Subtask MSFT
[2023-07-17 22:07:38,939] {task_command.py:370} INFO - Running <TaskInstance: get_stocks_dag.MSFT scheduled__2023-06-08T00:00:00+00:00 [running]> on host lucas-Estudos
[2023-07-17 22:07:39,051] {taskinstance.py:1569} INFO - Exporting the following env vars:
AIRFLOW_CTX_DAG_OWNER=airflow
AIRFLOW_CTX_DAG_ID=get_stocks_dag
AIRFLOW_CTX_TASK_ID=MSFT
AIRFLOW_CTX_EXECUTION_DATE=2023-06-08T00:00:00+00:00
AIRFLOW_CTX_TRY_NUMBER=1
AIRFLOW_CTX_DAG_RUN_ID=scheduled__2023-06-08T00:00:00+00:00
[2023-07-17 22:07:41,592] {python.py:173} INFO - Done. Returned value was: None
[2023-07-17 22:07:41,645] {taskinstance.py:1395} INFO - Marking task as SUCCESS. dag_id=get_stocks_dag, task_id=MSFT, execution_date=20230608T000000, start_date=20230718T010738, end_date=20230718T010741
[2023-07-17 22:07:41,706] {local_task_job.py:156} INFO - Task exited with return code 0
[2023-07-17 22:07:41,832] {local_task_job.py:273} INFO - 0 downstream tasks scheduled from follow-on schedule check
[2023-07-18 10:50:09,424] {taskinstance.py:1159} INFO - Dependencies all met for <TaskInstance: get_stocks_dag.MSFT scheduled__2023-06-08T00:00:00+00:00 [queued]>
[2023-07-18 10:50:09,434] {taskinstance.py:1159} INFO - Dependencies all met for <TaskInstance: get_stocks_dag.MSFT scheduled__2023-06-08T00:00:00+00:00 [queued]>
[2023-07-18 10:50:09,435] {taskinstance.py:1356} INFO - 
--------------------------------------------------------------------------------
[2023-07-18 10:50:09,435] {taskinstance.py:1357} INFO - Starting attempt 1 of 1
[2023-07-18 10:50:09,435] {taskinstance.py:1358} INFO - 
--------------------------------------------------------------------------------
[2023-07-18 10:50:09,447] {taskinstance.py:1377} INFO - Executing <Task(_PythonDecoratedOperator): MSFT> on 2023-06-08 00:00:00+00:00
[2023-07-18 10:50:09,453] {standard_task_runner.py:52} INFO - Started process 18875 to run task
[2023-07-18 10:50:09,456] {standard_task_runner.py:79} INFO - Running: ['airflow', 'tasks', 'run', 'get_stocks_dag', 'MSFT', 'scheduled__2023-06-08T00:00:00+00:00', '--job-id', '1418', '--raw', '--subdir', 'DAGS_FOLDER/get_stocks.py', '--cfg-path', '/tmp/tmpwozl8u04', '--error-file', '/tmp/tmpyxwdmy5t']
[2023-07-18 10:50:09,457] {standard_task_runner.py:80} INFO - Job 1418: Subtask MSFT
[2023-07-18 10:50:09,560] {task_command.py:370} INFO - Running <TaskInstance: get_stocks_dag.MSFT scheduled__2023-06-08T00:00:00+00:00 [running]> on host lucas-Estudos
[2023-07-18 10:50:09,755] {taskinstance.py:1569} INFO - Exporting the following env vars:
AIRFLOW_CTX_DAG_OWNER=airflow
AIRFLOW_CTX_DAG_ID=get_stocks_dag
AIRFLOW_CTX_TASK_ID=MSFT
AIRFLOW_CTX_EXECUTION_DATE=2023-06-08T00:00:00+00:00
AIRFLOW_CTX_TRY_NUMBER=1
AIRFLOW_CTX_DAG_RUN_ID=scheduled__2023-06-08T00:00:00+00:00
[2023-07-18 10:50:10,240] {python.py:173} INFO - Done. Returned value was: None
[2023-07-18 10:50:10,281] {taskinstance.py:1395} INFO - Marking task as SUCCESS. dag_id=get_stocks_dag, task_id=MSFT, execution_date=20230608T000000, start_date=20230718T135009, end_date=20230718T135010
[2023-07-18 10:50:10,351] {local_task_job.py:156} INFO - Task exited with return code 0
[2023-07-18 10:50:10,446] {local_task_job.py:273} INFO - 0 downstream tasks scheduled from follow-on schedule check
