[2023-07-17 16:23:47,021] {taskinstance.py:1159} INFO - Dependencies all met for <TaskInstance: get_stocks_dag.GOOG scheduled__2023-07-07T00:00:00+00:00 [queued]>
[2023-07-17 16:23:47,031] {taskinstance.py:1159} INFO - Dependencies all met for <TaskInstance: get_stocks_dag.GOOG scheduled__2023-07-07T00:00:00+00:00 [queued]>
[2023-07-17 16:23:47,032] {taskinstance.py:1356} INFO - 
--------------------------------------------------------------------------------
[2023-07-17 16:23:47,032] {taskinstance.py:1357} INFO - Starting attempt 1 of 1
[2023-07-17 16:23:47,032] {taskinstance.py:1358} INFO - 
--------------------------------------------------------------------------------
[2023-07-17 16:23:47,048] {taskinstance.py:1377} INFO - Executing <Task(_PythonDecoratedOperator): GOOG> on 2023-07-07 00:00:00+00:00
[2023-07-17 16:23:47,054] {standard_task_runner.py:52} INFO - Started process 12414 to run task
[2023-07-17 16:23:47,057] {standard_task_runner.py:79} INFO - Running: ['airflow', 'tasks', 'run', 'get_stocks_dag', 'GOOG', 'scheduled__2023-07-07T00:00:00+00:00', '--job-id', '249', '--raw', '--subdir', 'DAGS_FOLDER/get_stocks.py', '--cfg-path', '/tmp/tmpimgzwjt1', '--error-file', '/tmp/tmpwlrgghau']
[2023-07-17 16:23:47,058] {standard_task_runner.py:80} INFO - Job 249: Subtask GOOG
[2023-07-17 16:23:47,154] {task_command.py:370} INFO - Running <TaskInstance: get_stocks_dag.GOOG scheduled__2023-07-07T00:00:00+00:00 [running]> on host lucas-Estudos
[2023-07-17 16:23:47,343] {taskinstance.py:1569} INFO - Exporting the following env vars:
AIRFLOW_CTX_DAG_OWNER=airflow
AIRFLOW_CTX_DAG_ID=get_stocks_dag
AIRFLOW_CTX_TASK_ID=GOOG
AIRFLOW_CTX_EXECUTION_DATE=2023-07-07T00:00:00+00:00
AIRFLOW_CTX_TRY_NUMBER=1
AIRFLOW_CTX_DAG_RUN_ID=scheduled__2023-07-07T00:00:00+00:00
[2023-07-17 16:23:48,175] {python.py:173} INFO - Done. Returned value was: None
[2023-07-17 16:23:48,238] {taskinstance.py:1395} INFO - Marking task as SUCCESS. dag_id=get_stocks_dag, task_id=GOOG, execution_date=20230707T000000, start_date=20230717T192347, end_date=20230717T192348
[2023-07-17 16:23:48,309] {local_task_job.py:156} INFO - Task exited with return code 0
[2023-07-17 16:23:48,412] {local_task_job.py:273} INFO - 0 downstream tasks scheduled from follow-on schedule check
[2023-07-17 16:55:04,632] {taskinstance.py:1159} INFO - Dependencies all met for <TaskInstance: get_stocks_dag.GOOG scheduled__2023-07-07T00:00:00+00:00 [queued]>
[2023-07-17 16:55:04,674] {taskinstance.py:1159} INFO - Dependencies all met for <TaskInstance: get_stocks_dag.GOOG scheduled__2023-07-07T00:00:00+00:00 [queued]>
[2023-07-17 16:55:04,675] {taskinstance.py:1356} INFO - 
--------------------------------------------------------------------------------
[2023-07-17 16:55:04,675] {taskinstance.py:1357} INFO - Starting attempt 1 of 1
[2023-07-17 16:55:04,675] {taskinstance.py:1358} INFO - 
--------------------------------------------------------------------------------
[2023-07-17 16:55:04,746] {taskinstance.py:1377} INFO - Executing <Task(_PythonDecoratedOperator): GOOG> on 2023-07-07 00:00:00+00:00
[2023-07-17 16:55:04,766] {standard_task_runner.py:52} INFO - Started process 25099 to run task
[2023-07-17 16:55:04,782] {standard_task_runner.py:79} INFO - Running: ['airflow', 'tasks', 'run', 'get_stocks_dag', 'GOOG', 'scheduled__2023-07-07T00:00:00+00:00', '--job-id', '464', '--raw', '--subdir', 'DAGS_FOLDER/get_stocks.py', '--cfg-path', '/tmp/tmpqwkijkb0', '--error-file', '/tmp/tmpk95n2vek']
[2023-07-17 16:55:04,796] {standard_task_runner.py:80} INFO - Job 464: Subtask GOOG
[2023-07-17 16:55:05,033] {task_command.py:370} INFO - Running <TaskInstance: get_stocks_dag.GOOG scheduled__2023-07-07T00:00:00+00:00 [running]> on host lucas-Estudos
[2023-07-17 16:55:05,207] {taskinstance.py:1569} INFO - Exporting the following env vars:
AIRFLOW_CTX_DAG_OWNER=airflow
AIRFLOW_CTX_DAG_ID=get_stocks_dag
AIRFLOW_CTX_TASK_ID=GOOG
AIRFLOW_CTX_EXECUTION_DATE=2023-07-07T00:00:00+00:00
AIRFLOW_CTX_TRY_NUMBER=1
AIRFLOW_CTX_DAG_RUN_ID=scheduled__2023-07-07T00:00:00+00:00
[2023-07-17 16:55:05,740] {python.py:173} INFO - Done. Returned value was: None
[2023-07-17 16:55:05,762] {taskinstance.py:1395} INFO - Marking task as SUCCESS. dag_id=get_stocks_dag, task_id=GOOG, execution_date=20230707T000000, start_date=20230717T195504, end_date=20230717T195505
[2023-07-17 16:55:05,789] {local_task_job.py:156} INFO - Task exited with return code 0
[2023-07-17 16:55:05,885] {local_task_job.py:273} INFO - 0 downstream tasks scheduled from follow-on schedule check
[2023-07-17 21:09:00,585] {taskinstance.py:1159} INFO - Dependencies all met for <TaskInstance: get_stocks_dag.GOOG scheduled__2023-07-07T00:00:00+00:00 [queued]>
[2023-07-17 21:09:00,611] {taskinstance.py:1159} INFO - Dependencies all met for <TaskInstance: get_stocks_dag.GOOG scheduled__2023-07-07T00:00:00+00:00 [queued]>
[2023-07-17 21:09:00,611] {taskinstance.py:1356} INFO - 
--------------------------------------------------------------------------------
[2023-07-17 21:09:00,612] {taskinstance.py:1357} INFO - Starting attempt 1 of 1
[2023-07-17 21:09:00,612] {taskinstance.py:1358} INFO - 
--------------------------------------------------------------------------------
[2023-07-17 21:09:00,641] {taskinstance.py:1377} INFO - Executing <Task(_PythonDecoratedOperator): GOOG> on 2023-07-07 00:00:00+00:00
[2023-07-17 21:09:00,651] {standard_task_runner.py:52} INFO - Started process 36403 to run task
[2023-07-17 21:09:00,658] {standard_task_runner.py:79} INFO - Running: ['airflow', 'tasks', 'run', 'get_stocks_dag', 'GOOG', 'scheduled__2023-07-07T00:00:00+00:00', '--job-id', '682', '--raw', '--subdir', 'DAGS_FOLDER/get_stocks.py', '--cfg-path', '/tmp/tmpu7rvvhnc', '--error-file', '/tmp/tmp7oc3ci75']
[2023-07-17 21:09:00,660] {standard_task_runner.py:80} INFO - Job 682: Subtask GOOG
[2023-07-17 21:09:00,854] {task_command.py:370} INFO - Running <TaskInstance: get_stocks_dag.GOOG scheduled__2023-07-07T00:00:00+00:00 [running]> on host lucas-Estudos
[2023-07-17 21:09:01,082] {taskinstance.py:1569} INFO - Exporting the following env vars:
AIRFLOW_CTX_DAG_OWNER=airflow
AIRFLOW_CTX_DAG_ID=get_stocks_dag
AIRFLOW_CTX_TASK_ID=GOOG
AIRFLOW_CTX_EXECUTION_DATE=2023-07-07T00:00:00+00:00
AIRFLOW_CTX_TRY_NUMBER=1
AIRFLOW_CTX_DAG_RUN_ID=scheduled__2023-07-07T00:00:00+00:00
[2023-07-17 21:09:04,809] {python.py:173} INFO - Done. Returned value was: None
[2023-07-17 21:09:04,862] {taskinstance.py:1395} INFO - Marking task as SUCCESS. dag_id=get_stocks_dag, task_id=GOOG, execution_date=20230707T000000, start_date=20230718T000900, end_date=20230718T000904
[2023-07-17 21:09:04,925] {local_task_job.py:156} INFO - Task exited with return code 0
[2023-07-17 21:09:05,045] {local_task_job.py:273} INFO - 0 downstream tasks scheduled from follow-on schedule check
[2023-07-17 22:18:57,694] {taskinstance.py:1159} INFO - Dependencies all met for <TaskInstance: get_stocks_dag.GOOG scheduled__2023-07-07T00:00:00+00:00 [queued]>
[2023-07-17 22:18:57,735] {taskinstance.py:1159} INFO - Dependencies all met for <TaskInstance: get_stocks_dag.GOOG scheduled__2023-07-07T00:00:00+00:00 [queued]>
[2023-07-17 22:18:57,735] {taskinstance.py:1356} INFO - 
--------------------------------------------------------------------------------
[2023-07-17 22:18:57,735] {taskinstance.py:1357} INFO - Starting attempt 1 of 1
[2023-07-17 22:18:57,736] {taskinstance.py:1358} INFO - 
--------------------------------------------------------------------------------
[2023-07-17 22:18:57,766] {taskinstance.py:1377} INFO - Executing <Task(_PythonDecoratedOperator): GOOG> on 2023-07-07 00:00:00+00:00
[2023-07-17 22:18:57,772] {standard_task_runner.py:52} INFO - Started process 96390 to run task
[2023-07-17 22:18:57,777] {standard_task_runner.py:79} INFO - Running: ['airflow', 'tasks', 'run', 'get_stocks_dag', 'GOOG', 'scheduled__2023-07-07T00:00:00+00:00', '--job-id', '1104', '--raw', '--subdir', 'DAGS_FOLDER/get_stocks.py', '--cfg-path', '/tmp/tmpcv1y6xdt', '--error-file', '/tmp/tmpfvfcb24t']
[2023-07-17 22:18:57,778] {standard_task_runner.py:80} INFO - Job 1104: Subtask GOOG
[2023-07-17 22:18:57,887] {task_command.py:370} INFO - Running <TaskInstance: get_stocks_dag.GOOG scheduled__2023-07-07T00:00:00+00:00 [running]> on host lucas-Estudos
[2023-07-17 22:18:57,999] {taskinstance.py:1569} INFO - Exporting the following env vars:
AIRFLOW_CTX_DAG_OWNER=airflow
AIRFLOW_CTX_DAG_ID=get_stocks_dag
AIRFLOW_CTX_TASK_ID=GOOG
AIRFLOW_CTX_EXECUTION_DATE=2023-07-07T00:00:00+00:00
AIRFLOW_CTX_TRY_NUMBER=1
AIRFLOW_CTX_DAG_RUN_ID=scheduled__2023-07-07T00:00:00+00:00
[2023-07-17 22:19:01,724] {python.py:173} INFO - Done. Returned value was: None
[2023-07-17 22:19:01,776] {taskinstance.py:1395} INFO - Marking task as SUCCESS. dag_id=get_stocks_dag, task_id=GOOG, execution_date=20230707T000000, start_date=20230718T011857, end_date=20230718T011901
[2023-07-17 22:19:01,843] {local_task_job.py:156} INFO - Task exited with return code 0
[2023-07-17 22:19:01,961] {local_task_job.py:273} INFO - 0 downstream tasks scheduled from follow-on schedule check
