[2023-07-17 16:23:33,379] {taskinstance.py:1159} INFO - Dependencies all met for <TaskInstance: get_stocks_dag.TSLA scheduled__2023-06-24T00:00:00+00:00 [queued]>
[2023-07-17 16:23:33,422] {taskinstance.py:1159} INFO - Dependencies all met for <TaskInstance: get_stocks_dag.TSLA scheduled__2023-06-24T00:00:00+00:00 [queued]>
[2023-07-17 16:23:33,423] {taskinstance.py:1356} INFO - 
--------------------------------------------------------------------------------
[2023-07-17 16:23:33,423] {taskinstance.py:1357} INFO - Starting attempt 1 of 1
[2023-07-17 16:23:33,423] {taskinstance.py:1358} INFO - 
--------------------------------------------------------------------------------
[2023-07-17 16:23:33,465] {taskinstance.py:1377} INFO - Executing <Task(_PythonDecoratedOperator): TSLA> on 2023-06-24 00:00:00+00:00
[2023-07-17 16:23:33,473] {standard_task_runner.py:52} INFO - Started process 11278 to run task
[2023-07-17 16:23:33,551] {standard_task_runner.py:79} INFO - Running: ['airflow', 'tasks', 'run', 'get_stocks_dag', 'TSLA', 'scheduled__2023-06-24T00:00:00+00:00', '--job-id', '206', '--raw', '--subdir', 'DAGS_FOLDER/get_stocks.py', '--cfg-path', '/tmp/tmpwus4devi', '--error-file', '/tmp/tmp01jvnmgn']
[2023-07-17 16:23:33,556] {standard_task_runner.py:80} INFO - Job 206: Subtask TSLA
[2023-07-17 16:23:33,746] {task_command.py:370} INFO - Running <TaskInstance: get_stocks_dag.TSLA scheduled__2023-06-24T00:00:00+00:00 [running]> on host lucas-Estudos
[2023-07-17 16:23:34,058] {taskinstance.py:1569} INFO - Exporting the following env vars:
AIRFLOW_CTX_DAG_OWNER=airflow
AIRFLOW_CTX_DAG_ID=get_stocks_dag
AIRFLOW_CTX_TASK_ID=TSLA
AIRFLOW_CTX_EXECUTION_DATE=2023-06-24T00:00:00+00:00
AIRFLOW_CTX_TRY_NUMBER=1
AIRFLOW_CTX_DAG_RUN_ID=scheduled__2023-06-24T00:00:00+00:00
[2023-07-17 16:23:34,626] {python.py:173} INFO - Done. Returned value was: None
[2023-07-17 16:23:34,705] {taskinstance.py:1395} INFO - Marking task as SUCCESS. dag_id=get_stocks_dag, task_id=TSLA, execution_date=20230624T000000, start_date=20230717T192333, end_date=20230717T192334
[2023-07-17 16:23:34,880] {local_task_job.py:156} INFO - Task exited with return code 0
[2023-07-17 16:23:34,955] {local_task_job.py:273} INFO - 0 downstream tasks scheduled from follow-on schedule check
[2023-07-17 16:54:52,653] {taskinstance.py:1159} INFO - Dependencies all met for <TaskInstance: get_stocks_dag.TSLA scheduled__2023-06-24T00:00:00+00:00 [queued]>
[2023-07-17 16:54:52,733] {taskinstance.py:1159} INFO - Dependencies all met for <TaskInstance: get_stocks_dag.TSLA scheduled__2023-06-24T00:00:00+00:00 [queued]>
[2023-07-17 16:54:52,734] {taskinstance.py:1356} INFO - 
--------------------------------------------------------------------------------
[2023-07-17 16:54:52,734] {taskinstance.py:1357} INFO - Starting attempt 1 of 1
[2023-07-17 16:54:52,734] {taskinstance.py:1358} INFO - 
--------------------------------------------------------------------------------
[2023-07-17 16:54:52,910] {taskinstance.py:1377} INFO - Executing <Task(_PythonDecoratedOperator): TSLA> on 2023-06-24 00:00:00+00:00
[2023-07-17 16:54:52,928] {standard_task_runner.py:52} INFO - Started process 24037 to run task
[2023-07-17 16:54:52,937] {standard_task_runner.py:79} INFO - Running: ['airflow', 'tasks', 'run', 'get_stocks_dag', 'TSLA', 'scheduled__2023-06-24T00:00:00+00:00', '--job-id', '429', '--raw', '--subdir', 'DAGS_FOLDER/get_stocks.py', '--cfg-path', '/tmp/tmprqjdl_95', '--error-file', '/tmp/tmpzx6ky2te']
[2023-07-17 16:54:52,938] {standard_task_runner.py:80} INFO - Job 429: Subtask TSLA
[2023-07-17 16:54:53,164] {task_command.py:370} INFO - Running <TaskInstance: get_stocks_dag.TSLA scheduled__2023-06-24T00:00:00+00:00 [running]> on host lucas-Estudos
[2023-07-17 16:54:53,374] {taskinstance.py:1569} INFO - Exporting the following env vars:
AIRFLOW_CTX_DAG_OWNER=airflow
AIRFLOW_CTX_DAG_ID=get_stocks_dag
AIRFLOW_CTX_TASK_ID=TSLA
AIRFLOW_CTX_EXECUTION_DATE=2023-06-24T00:00:00+00:00
AIRFLOW_CTX_TRY_NUMBER=1
AIRFLOW_CTX_DAG_RUN_ID=scheduled__2023-06-24T00:00:00+00:00
[2023-07-17 16:54:54,134] {python.py:173} INFO - Done. Returned value was: None
[2023-07-17 16:54:54,167] {taskinstance.py:1395} INFO - Marking task as SUCCESS. dag_id=get_stocks_dag, task_id=TSLA, execution_date=20230624T000000, start_date=20230717T195452, end_date=20230717T195454
[2023-07-17 16:54:54,234] {local_task_job.py:156} INFO - Task exited with return code 0
[2023-07-17 16:54:54,496] {local_task_job.py:273} INFO - 0 downstream tasks scheduled from follow-on schedule check
[2023-07-17 21:06:26,381] {taskinstance.py:1159} INFO - Dependencies all met for <TaskInstance: get_stocks_dag.TSLA scheduled__2023-06-24T00:00:00+00:00 [queued]>
[2023-07-17 21:06:26,405] {taskinstance.py:1159} INFO - Dependencies all met for <TaskInstance: get_stocks_dag.TSLA scheduled__2023-06-24T00:00:00+00:00 [queued]>
[2023-07-17 21:06:26,405] {taskinstance.py:1356} INFO - 
--------------------------------------------------------------------------------
[2023-07-17 21:06:26,405] {taskinstance.py:1357} INFO - Starting attempt 1 of 1
[2023-07-17 21:06:26,405] {taskinstance.py:1358} INFO - 
--------------------------------------------------------------------------------
[2023-07-17 21:06:26,433] {taskinstance.py:1377} INFO - Executing <Task(_PythonDecoratedOperator): TSLA> on 2023-06-24 00:00:00+00:00
[2023-07-17 21:06:26,445] {standard_task_runner.py:52} INFO - Started process 32149 to run task
[2023-07-17 21:06:26,453] {standard_task_runner.py:79} INFO - Running: ['airflow', 'tasks', 'run', 'get_stocks_dag', 'TSLA', 'scheduled__2023-06-24T00:00:00+00:00', '--job-id', '644', '--raw', '--subdir', 'DAGS_FOLDER/get_stocks.py', '--cfg-path', '/tmp/tmptkhaielr', '--error-file', '/tmp/tmp405fpppr']
[2023-07-17 21:06:26,456] {standard_task_runner.py:80} INFO - Job 644: Subtask TSLA
[2023-07-17 21:06:26,657] {task_command.py:370} INFO - Running <TaskInstance: get_stocks_dag.TSLA scheduled__2023-06-24T00:00:00+00:00 [running]> on host lucas-Estudos
[2023-07-17 21:06:26,903] {taskinstance.py:1569} INFO - Exporting the following env vars:
AIRFLOW_CTX_DAG_OWNER=airflow
AIRFLOW_CTX_DAG_ID=get_stocks_dag
AIRFLOW_CTX_TASK_ID=TSLA
AIRFLOW_CTX_EXECUTION_DATE=2023-06-24T00:00:00+00:00
AIRFLOW_CTX_TRY_NUMBER=1
AIRFLOW_CTX_DAG_RUN_ID=scheduled__2023-06-24T00:00:00+00:00
[2023-07-17 21:06:31,454] {python.py:173} INFO - Done. Returned value was: None
[2023-07-17 21:06:31,510] {taskinstance.py:1395} INFO - Marking task as SUCCESS. dag_id=get_stocks_dag, task_id=TSLA, execution_date=20230624T000000, start_date=20230718T000626, end_date=20230718T000631
[2023-07-17 21:06:31,637] {local_task_job.py:156} INFO - Task exited with return code 0
[2023-07-17 21:06:31,744] {local_task_job.py:273} INFO - 0 downstream tasks scheduled from follow-on schedule check
[2023-07-17 22:13:55,856] {taskinstance.py:1159} INFO - Dependencies all met for <TaskInstance: get_stocks_dag.TSLA scheduled__2023-06-24T00:00:00+00:00 [queued]>
[2023-07-17 22:13:55,891] {taskinstance.py:1159} INFO - Dependencies all met for <TaskInstance: get_stocks_dag.TSLA scheduled__2023-06-24T00:00:00+00:00 [queued]>
[2023-07-17 22:13:55,892] {taskinstance.py:1356} INFO - 
--------------------------------------------------------------------------------
[2023-07-17 22:13:55,892] {taskinstance.py:1357} INFO - Starting attempt 1 of 1
[2023-07-17 22:13:55,892] {taskinstance.py:1358} INFO - 
--------------------------------------------------------------------------------
[2023-07-17 22:13:55,919] {taskinstance.py:1377} INFO - Executing <Task(_PythonDecoratedOperator): TSLA> on 2023-06-24 00:00:00+00:00
[2023-07-17 22:13:55,925] {standard_task_runner.py:52} INFO - Started process 86239 to run task
[2023-07-17 22:13:55,929] {standard_task_runner.py:79} INFO - Running: ['airflow', 'tasks', 'run', 'get_stocks_dag', 'TSLA', 'scheduled__2023-06-24T00:00:00+00:00', '--job-id', '1030', '--raw', '--subdir', 'DAGS_FOLDER/get_stocks.py', '--cfg-path', '/tmp/tmps7i8an9n', '--error-file', '/tmp/tmp1t4_gswf']
[2023-07-17 22:13:55,930] {standard_task_runner.py:80} INFO - Job 1030: Subtask TSLA
[2023-07-17 22:13:56,075] {task_command.py:370} INFO - Running <TaskInstance: get_stocks_dag.TSLA scheduled__2023-06-24T00:00:00+00:00 [running]> on host lucas-Estudos
[2023-07-17 22:13:56,306] {taskinstance.py:1569} INFO - Exporting the following env vars:
AIRFLOW_CTX_DAG_OWNER=airflow
AIRFLOW_CTX_DAG_ID=get_stocks_dag
AIRFLOW_CTX_TASK_ID=TSLA
AIRFLOW_CTX_EXECUTION_DATE=2023-06-24T00:00:00+00:00
AIRFLOW_CTX_TRY_NUMBER=1
AIRFLOW_CTX_DAG_RUN_ID=scheduled__2023-06-24T00:00:00+00:00
[2023-07-17 22:14:00,036] {python.py:173} INFO - Done. Returned value was: None
[2023-07-17 22:14:00,086] {taskinstance.py:1395} INFO - Marking task as SUCCESS. dag_id=get_stocks_dag, task_id=TSLA, execution_date=20230624T000000, start_date=20230718T011355, end_date=20230718T011400
[2023-07-17 22:14:00,157] {local_task_job.py:156} INFO - Task exited with return code 0
[2023-07-17 22:14:00,368] {local_task_job.py:273} INFO - 0 downstream tasks scheduled from follow-on schedule check
[2023-07-18 11:02:47,428] {taskinstance.py:1159} INFO - Dependencies all met for <TaskInstance: get_stocks_dag.TSLA scheduled__2023-06-24T00:00:00+00:00 [queued]>
[2023-07-18 11:02:47,451] {taskinstance.py:1159} INFO - Dependencies all met for <TaskInstance: get_stocks_dag.TSLA scheduled__2023-06-24T00:00:00+00:00 [queued]>
[2023-07-18 11:02:47,452] {taskinstance.py:1356} INFO - 
--------------------------------------------------------------------------------
[2023-07-18 11:02:47,452] {taskinstance.py:1357} INFO - Starting attempt 1 of 1
[2023-07-18 11:02:47,452] {taskinstance.py:1358} INFO - 
--------------------------------------------------------------------------------
[2023-07-18 11:02:47,481] {taskinstance.py:1377} INFO - Executing <Task(_PythonDecoratedOperator): TSLA> on 2023-06-24 00:00:00+00:00
[2023-07-18 11:02:47,494] {standard_task_runner.py:52} INFO - Started process 25690 to run task
[2023-07-18 11:02:47,501] {standard_task_runner.py:79} INFO - Running: ['airflow', 'tasks', 'run', 'get_stocks_dag', 'TSLA', 'scheduled__2023-06-24T00:00:00+00:00', '--job-id', '1532', '--raw', '--subdir', 'DAGS_FOLDER/get_stocks.py', '--cfg-path', '/tmp/tmp8c1lkuih', '--error-file', '/tmp/tmpizlyxi8s']
[2023-07-18 11:02:47,504] {standard_task_runner.py:80} INFO - Job 1532: Subtask TSLA
[2023-07-18 11:02:47,693] {task_command.py:370} INFO - Running <TaskInstance: get_stocks_dag.TSLA scheduled__2023-06-24T00:00:00+00:00 [running]> on host lucas-Estudos
[2023-07-18 11:02:47,916] {taskinstance.py:1569} INFO - Exporting the following env vars:
AIRFLOW_CTX_DAG_OWNER=airflow
AIRFLOW_CTX_DAG_ID=get_stocks_dag
AIRFLOW_CTX_TASK_ID=TSLA
AIRFLOW_CTX_EXECUTION_DATE=2023-06-24T00:00:00+00:00
AIRFLOW_CTX_TRY_NUMBER=1
AIRFLOW_CTX_DAG_RUN_ID=scheduled__2023-06-24T00:00:00+00:00
[2023-07-18 11:02:48,640] {python.py:173} INFO - Done. Returned value was: None
[2023-07-18 11:02:48,687] {taskinstance.py:1395} INFO - Marking task as SUCCESS. dag_id=get_stocks_dag, task_id=TSLA, execution_date=20230624T000000, start_date=20230718T140247, end_date=20230718T140248
[2023-07-18 11:02:48,757] {local_task_job.py:156} INFO - Task exited with return code 0
[2023-07-18 11:02:48,871] {local_task_job.py:273} INFO - 0 downstream tasks scheduled from follow-on schedule check
