[2023-07-17 16:23:16,703] {taskinstance.py:1159} INFO - Dependencies all met for <TaskInstance: get_stocks_dag.TSLA scheduled__2023-06-06T00:00:00+00:00 [queued]>
[2023-07-17 16:23:16,733] {taskinstance.py:1159} INFO - Dependencies all met for <TaskInstance: get_stocks_dag.TSLA scheduled__2023-06-06T00:00:00+00:00 [queued]>
[2023-07-17 16:23:16,733] {taskinstance.py:1356} INFO - 
--------------------------------------------------------------------------------
[2023-07-17 16:23:16,734] {taskinstance.py:1357} INFO - Starting attempt 1 of 1
[2023-07-17 16:23:16,734] {taskinstance.py:1358} INFO - 
--------------------------------------------------------------------------------
[2023-07-17 16:23:16,786] {taskinstance.py:1377} INFO - Executing <Task(_PythonDecoratedOperator): TSLA> on 2023-06-06 00:00:00+00:00
[2023-07-17 16:23:16,802] {standard_task_runner.py:79} INFO - Running: ['airflow', 'tasks', 'run', 'get_stocks_dag', 'TSLA', 'scheduled__2023-06-06T00:00:00+00:00', '--job-id', '152', '--raw', '--subdir', 'DAGS_FOLDER/get_stocks.py', '--cfg-path', '/tmp/tmp7bzfxkr6', '--error-file', '/tmp/tmpdiw6rqut']
[2023-07-17 16:23:16,794] {standard_task_runner.py:52} INFO - Started process 9670 to run task
[2023-07-17 16:23:16,804] {standard_task_runner.py:80} INFO - Job 152: Subtask TSLA
[2023-07-17 16:23:17,004] {task_command.py:370} INFO - Running <TaskInstance: get_stocks_dag.TSLA scheduled__2023-06-06T00:00:00+00:00 [running]> on host lucas-Estudos
[2023-07-17 16:23:17,328] {taskinstance.py:1569} INFO - Exporting the following env vars:
AIRFLOW_CTX_DAG_OWNER=airflow
AIRFLOW_CTX_DAG_ID=get_stocks_dag
AIRFLOW_CTX_TASK_ID=TSLA
AIRFLOW_CTX_EXECUTION_DATE=2023-06-06T00:00:00+00:00
AIRFLOW_CTX_TRY_NUMBER=1
AIRFLOW_CTX_DAG_RUN_ID=scheduled__2023-06-06T00:00:00+00:00
[2023-07-17 16:23:18,297] {python.py:173} INFO - Done. Returned value was: None
[2023-07-17 16:23:18,409] {taskinstance.py:1395} INFO - Marking task as SUCCESS. dag_id=get_stocks_dag, task_id=TSLA, execution_date=20230606T000000, start_date=20230717T192316, end_date=20230717T192318
[2023-07-17 16:23:18,496] {local_task_job.py:156} INFO - Task exited with return code 0
[2023-07-17 16:23:18,619] {local_task_job.py:273} INFO - 0 downstream tasks scheduled from follow-on schedule check
[2023-07-17 16:54:35,090] {taskinstance.py:1159} INFO - Dependencies all met for <TaskInstance: get_stocks_dag.TSLA scheduled__2023-06-06T00:00:00+00:00 [queued]>
[2023-07-17 16:54:35,131] {taskinstance.py:1159} INFO - Dependencies all met for <TaskInstance: get_stocks_dag.TSLA scheduled__2023-06-06T00:00:00+00:00 [queued]>
[2023-07-17 16:54:35,132] {taskinstance.py:1356} INFO - 
--------------------------------------------------------------------------------
[2023-07-17 16:54:35,132] {taskinstance.py:1357} INFO - Starting attempt 1 of 1
[2023-07-17 16:54:35,132] {taskinstance.py:1358} INFO - 
--------------------------------------------------------------------------------
[2023-07-17 16:54:35,197] {taskinstance.py:1377} INFO - Executing <Task(_PythonDecoratedOperator): TSLA> on 2023-06-06 00:00:00+00:00
[2023-07-17 16:54:35,208] {standard_task_runner.py:52} INFO - Started process 22478 to run task
[2023-07-17 16:54:35,223] {standard_task_runner.py:79} INFO - Running: ['airflow', 'tasks', 'run', 'get_stocks_dag', 'TSLA', 'scheduled__2023-06-06T00:00:00+00:00', '--job-id', '371', '--raw', '--subdir', 'DAGS_FOLDER/get_stocks.py', '--cfg-path', '/tmp/tmpdl8fcbk1', '--error-file', '/tmp/tmpejk4eslz']
[2023-07-17 16:54:35,224] {standard_task_runner.py:80} INFO - Job 371: Subtask TSLA
[2023-07-17 16:54:35,505] {task_command.py:370} INFO - Running <TaskInstance: get_stocks_dag.TSLA scheduled__2023-06-06T00:00:00+00:00 [running]> on host lucas-Estudos
[2023-07-17 16:54:35,728] {taskinstance.py:1569} INFO - Exporting the following env vars:
AIRFLOW_CTX_DAG_OWNER=airflow
AIRFLOW_CTX_DAG_ID=get_stocks_dag
AIRFLOW_CTX_TASK_ID=TSLA
AIRFLOW_CTX_EXECUTION_DATE=2023-06-06T00:00:00+00:00
AIRFLOW_CTX_TRY_NUMBER=1
AIRFLOW_CTX_DAG_RUN_ID=scheduled__2023-06-06T00:00:00+00:00
[2023-07-17 16:54:36,405] {python.py:173} INFO - Done. Returned value was: None
[2023-07-17 16:54:36,436] {taskinstance.py:1395} INFO - Marking task as SUCCESS. dag_id=get_stocks_dag, task_id=TSLA, execution_date=20230606T000000, start_date=20230717T195435, end_date=20230717T195436
[2023-07-17 16:54:36,474] {local_task_job.py:156} INFO - Task exited with return code 0
[2023-07-17 16:54:36,551] {local_task_job.py:273} INFO - 0 downstream tasks scheduled from follow-on schedule check
[2023-07-17 21:02:57,521] {taskinstance.py:1159} INFO - Dependencies all met for <TaskInstance: get_stocks_dag.TSLA scheduled__2023-06-06T00:00:00+00:00 [queued]>
[2023-07-17 21:02:57,543] {taskinstance.py:1159} INFO - Dependencies all met for <TaskInstance: get_stocks_dag.TSLA scheduled__2023-06-06T00:00:00+00:00 [queued]>
[2023-07-17 21:02:57,543] {taskinstance.py:1356} INFO - 
--------------------------------------------------------------------------------
[2023-07-17 21:02:57,543] {taskinstance.py:1357} INFO - Starting attempt 1 of 1
[2023-07-17 21:02:57,544] {taskinstance.py:1358} INFO - 
--------------------------------------------------------------------------------
[2023-07-17 21:02:57,571] {taskinstance.py:1377} INFO - Executing <Task(_PythonDecoratedOperator): TSLA> on 2023-06-06 00:00:00+00:00
[2023-07-17 21:02:57,580] {standard_task_runner.py:52} INFO - Started process 24531 to run task
[2023-07-17 21:02:57,585] {standard_task_runner.py:79} INFO - Running: ['airflow', 'tasks', 'run', 'get_stocks_dag', 'TSLA', 'scheduled__2023-06-06T00:00:00+00:00', '--job-id', '591', '--raw', '--subdir', 'DAGS_FOLDER/get_stocks.py', '--cfg-path', '/tmp/tmpjvljsgw9', '--error-file', '/tmp/tmpv72gx67u']
[2023-07-17 21:02:57,588] {standard_task_runner.py:80} INFO - Job 591: Subtask TSLA
[2023-07-17 21:02:57,776] {task_command.py:370} INFO - Running <TaskInstance: get_stocks_dag.TSLA scheduled__2023-06-06T00:00:00+00:00 [running]> on host lucas-Estudos
[2023-07-17 21:02:58,022] {taskinstance.py:1569} INFO - Exporting the following env vars:
AIRFLOW_CTX_DAG_OWNER=airflow
AIRFLOW_CTX_DAG_ID=get_stocks_dag
AIRFLOW_CTX_TASK_ID=TSLA
AIRFLOW_CTX_EXECUTION_DATE=2023-06-06T00:00:00+00:00
AIRFLOW_CTX_TRY_NUMBER=1
AIRFLOW_CTX_DAG_RUN_ID=scheduled__2023-06-06T00:00:00+00:00
[2023-07-17 21:03:09,667] {python.py:173} INFO - Done. Returned value was: None
[2023-07-17 21:03:09,720] {taskinstance.py:1395} INFO - Marking task as SUCCESS. dag_id=get_stocks_dag, task_id=TSLA, execution_date=20230606T000000, start_date=20230718T000257, end_date=20230718T000309
[2023-07-17 21:03:09,780] {local_task_job.py:156} INFO - Task exited with return code 0
[2023-07-17 21:03:09,880] {local_task_job.py:273} INFO - 0 downstream tasks scheduled from follow-on schedule check
[2023-07-17 22:06:06,816] {taskinstance.py:1159} INFO - Dependencies all met for <TaskInstance: get_stocks_dag.TSLA scheduled__2023-06-06T00:00:00+00:00 [queued]>
[2023-07-17 22:06:06,831] {taskinstance.py:1159} INFO - Dependencies all met for <TaskInstance: get_stocks_dag.TSLA scheduled__2023-06-06T00:00:00+00:00 [queued]>
[2023-07-17 22:06:06,831] {taskinstance.py:1356} INFO - 
--------------------------------------------------------------------------------
[2023-07-17 22:06:06,831] {taskinstance.py:1357} INFO - Starting attempt 1 of 1
[2023-07-17 22:06:06,831] {taskinstance.py:1358} INFO - 
--------------------------------------------------------------------------------
[2023-07-17 22:06:06,855] {taskinstance.py:1377} INFO - Executing <Task(_PythonDecoratedOperator): TSLA> on 2023-06-06 00:00:00+00:00
[2023-07-17 22:06:06,862] {standard_task_runner.py:52} INFO - Started process 70395 to run task
[2023-07-17 22:06:06,870] {standard_task_runner.py:79} INFO - Running: ['airflow', 'tasks', 'run', 'get_stocks_dag', 'TSLA', 'scheduled__2023-06-06T00:00:00+00:00', '--job-id', '914', '--raw', '--subdir', 'DAGS_FOLDER/get_stocks.py', '--cfg-path', '/tmp/tmp4v7bd4nm', '--error-file', '/tmp/tmpexacl5ez']
[2023-07-17 22:06:06,871] {standard_task_runner.py:80} INFO - Job 914: Subtask TSLA
[2023-07-17 22:06:06,960] {task_command.py:370} INFO - Running <TaskInstance: get_stocks_dag.TSLA scheduled__2023-06-06T00:00:00+00:00 [running]> on host lucas-Estudos
[2023-07-17 22:06:07,042] {taskinstance.py:1569} INFO - Exporting the following env vars:
AIRFLOW_CTX_DAG_OWNER=airflow
AIRFLOW_CTX_DAG_ID=get_stocks_dag
AIRFLOW_CTX_TASK_ID=TSLA
AIRFLOW_CTX_EXECUTION_DATE=2023-06-06T00:00:00+00:00
AIRFLOW_CTX_TRY_NUMBER=1
AIRFLOW_CTX_DAG_RUN_ID=scheduled__2023-06-06T00:00:00+00:00
[2023-07-17 22:06:09,604] {python.py:173} INFO - Done. Returned value was: None
[2023-07-17 22:06:09,667] {taskinstance.py:1395} INFO - Marking task as SUCCESS. dag_id=get_stocks_dag, task_id=TSLA, execution_date=20230606T000000, start_date=20230718T010606, end_date=20230718T010609
[2023-07-17 22:06:09,735] {local_task_job.py:156} INFO - Task exited with return code 0
[2023-07-17 22:06:09,858] {local_task_job.py:273} INFO - 0 downstream tasks scheduled from follow-on schedule check
[2023-07-18 10:48:15,138] {taskinstance.py:1159} INFO - Dependencies all met for <TaskInstance: get_stocks_dag.TSLA scheduled__2023-06-06T00:00:00+00:00 [queued]>
[2023-07-18 10:48:15,158] {taskinstance.py:1159} INFO - Dependencies all met for <TaskInstance: get_stocks_dag.TSLA scheduled__2023-06-06T00:00:00+00:00 [queued]>
[2023-07-18 10:48:15,158] {taskinstance.py:1356} INFO - 
--------------------------------------------------------------------------------
[2023-07-18 10:48:15,159] {taskinstance.py:1357} INFO - Starting attempt 1 of 1
[2023-07-18 10:48:15,159] {taskinstance.py:1358} INFO - 
--------------------------------------------------------------------------------
[2023-07-18 10:48:15,187] {taskinstance.py:1377} INFO - Executing <Task(_PythonDecoratedOperator): TSLA> on 2023-06-06 00:00:00+00:00
[2023-07-18 10:48:15,197] {standard_task_runner.py:52} INFO - Started process 17758 to run task
[2023-07-18 10:48:15,206] {standard_task_runner.py:79} INFO - Running: ['airflow', 'tasks', 'run', 'get_stocks_dag', 'TSLA', 'scheduled__2023-06-06T00:00:00+00:00', '--job-id', '1400', '--raw', '--subdir', 'DAGS_FOLDER/get_stocks.py', '--cfg-path', '/tmp/tmpve_t8cka', '--error-file', '/tmp/tmproxew_ry']
[2023-07-18 10:48:15,208] {standard_task_runner.py:80} INFO - Job 1400: Subtask TSLA
[2023-07-18 10:48:15,327] {task_command.py:370} INFO - Running <TaskInstance: get_stocks_dag.TSLA scheduled__2023-06-06T00:00:00+00:00 [running]> on host lucas-Estudos
[2023-07-18 10:48:15,479] {taskinstance.py:1569} INFO - Exporting the following env vars:
AIRFLOW_CTX_DAG_OWNER=airflow
AIRFLOW_CTX_DAG_ID=get_stocks_dag
AIRFLOW_CTX_TASK_ID=TSLA
AIRFLOW_CTX_EXECUTION_DATE=2023-06-06T00:00:00+00:00
AIRFLOW_CTX_TRY_NUMBER=1
AIRFLOW_CTX_DAG_RUN_ID=scheduled__2023-06-06T00:00:00+00:00
[2023-07-18 10:48:16,106] {python.py:173} INFO - Done. Returned value was: None
[2023-07-18 10:48:16,227] {taskinstance.py:1395} INFO - Marking task as SUCCESS. dag_id=get_stocks_dag, task_id=TSLA, execution_date=20230606T000000, start_date=20230718T134815, end_date=20230718T134816
[2023-07-18 10:48:16,300] {local_task_job.py:156} INFO - Task exited with return code 0
[2023-07-18 10:48:16,427] {local_task_job.py:273} INFO - 0 downstream tasks scheduled from follow-on schedule check
