[2023-07-17 16:22:58,485] {taskinstance.py:1159} INFO - Dependencies all met for <TaskInstance: get_stocks_dag.TSLA scheduled__2023-05-18T00:00:00+00:00 [queued]>
[2023-07-17 16:22:58,507] {taskinstance.py:1159} INFO - Dependencies all met for <TaskInstance: get_stocks_dag.TSLA scheduled__2023-05-18T00:00:00+00:00 [queued]>
[2023-07-17 16:22:58,509] {taskinstance.py:1356} INFO - 
--------------------------------------------------------------------------------
[2023-07-17 16:22:58,509] {taskinstance.py:1357} INFO - Starting attempt 1 of 1
[2023-07-17 16:22:58,509] {taskinstance.py:1358} INFO - 
--------------------------------------------------------------------------------
[2023-07-17 16:22:58,533] {taskinstance.py:1377} INFO - Executing <Task(_PythonDecoratedOperator): TSLA> on 2023-05-18 00:00:00+00:00
[2023-07-17 16:22:58,542] {standard_task_runner.py:52} INFO - Started process 8244 to run task
[2023-07-17 16:22:58,552] {standard_task_runner.py:79} INFO - Running: ['airflow', 'tasks', 'run', 'get_stocks_dag', 'TSLA', 'scheduled__2023-05-18T00:00:00+00:00', '--job-id', '105', '--raw', '--subdir', 'DAGS_FOLDER/get_stocks.py', '--cfg-path', '/tmp/tmpesu_t4vn', '--error-file', '/tmp/tmppxzntyg6']
[2023-07-17 16:22:58,554] {standard_task_runner.py:80} INFO - Job 105: Subtask TSLA
[2023-07-17 16:22:58,682] {task_command.py:370} INFO - Running <TaskInstance: get_stocks_dag.TSLA scheduled__2023-05-18T00:00:00+00:00 [running]> on host lucas-Estudos
[2023-07-17 16:22:58,831] {taskinstance.py:1569} INFO - Exporting the following env vars:
AIRFLOW_CTX_DAG_OWNER=airflow
AIRFLOW_CTX_DAG_ID=get_stocks_dag
AIRFLOW_CTX_TASK_ID=TSLA
AIRFLOW_CTX_EXECUTION_DATE=2023-05-18T00:00:00+00:00
AIRFLOW_CTX_TRY_NUMBER=1
AIRFLOW_CTX_DAG_RUN_ID=scheduled__2023-05-18T00:00:00+00:00
[2023-07-17 16:22:59,383] {python.py:173} INFO - Done. Returned value was: None
[2023-07-17 16:22:59,416] {taskinstance.py:1395} INFO - Marking task as SUCCESS. dag_id=get_stocks_dag, task_id=TSLA, execution_date=20230518T000000, start_date=20230717T192258, end_date=20230717T192259
[2023-07-17 16:22:59,442] {local_task_job.py:156} INFO - Task exited with return code 0
[2023-07-17 16:22:59,500] {local_task_job.py:273} INFO - 0 downstream tasks scheduled from follow-on schedule check
[2023-07-17 16:54:20,669] {taskinstance.py:1159} INFO - Dependencies all met for <TaskInstance: get_stocks_dag.TSLA scheduled__2023-05-18T00:00:00+00:00 [queued]>
[2023-07-17 16:54:20,732] {taskinstance.py:1159} INFO - Dependencies all met for <TaskInstance: get_stocks_dag.TSLA scheduled__2023-05-18T00:00:00+00:00 [queued]>
[2023-07-17 16:54:20,732] {taskinstance.py:1356} INFO - 
--------------------------------------------------------------------------------
[2023-07-17 16:54:20,732] {taskinstance.py:1357} INFO - Starting attempt 1 of 1
[2023-07-17 16:54:20,732] {taskinstance.py:1358} INFO - 
--------------------------------------------------------------------------------
[2023-07-17 16:54:20,790] {taskinstance.py:1377} INFO - Executing <Task(_PythonDecoratedOperator): TSLA> on 2023-05-18 00:00:00+00:00
[2023-07-17 16:54:20,814] {standard_task_runner.py:52} INFO - Started process 21116 to run task
[2023-07-17 16:54:20,839] {standard_task_runner.py:79} INFO - Running: ['airflow', 'tasks', 'run', 'get_stocks_dag', 'TSLA', 'scheduled__2023-05-18T00:00:00+00:00', '--job-id', '321', '--raw', '--subdir', 'DAGS_FOLDER/get_stocks.py', '--cfg-path', '/tmp/tmptsxl_czp', '--error-file', '/tmp/tmp26hzsib8']
[2023-07-17 16:54:20,843] {standard_task_runner.py:80} INFO - Job 321: Subtask TSLA
[2023-07-17 16:54:21,080] {task_command.py:370} INFO - Running <TaskInstance: get_stocks_dag.TSLA scheduled__2023-05-18T00:00:00+00:00 [running]> on host lucas-Estudos
[2023-07-17 16:54:21,367] {taskinstance.py:1569} INFO - Exporting the following env vars:
AIRFLOW_CTX_DAG_OWNER=airflow
AIRFLOW_CTX_DAG_ID=get_stocks_dag
AIRFLOW_CTX_TASK_ID=TSLA
AIRFLOW_CTX_EXECUTION_DATE=2023-05-18T00:00:00+00:00
AIRFLOW_CTX_TRY_NUMBER=1
AIRFLOW_CTX_DAG_RUN_ID=scheduled__2023-05-18T00:00:00+00:00
[2023-07-17 16:54:22,392] {python.py:173} INFO - Done. Returned value was: None
[2023-07-17 16:54:22,435] {taskinstance.py:1395} INFO - Marking task as SUCCESS. dag_id=get_stocks_dag, task_id=TSLA, execution_date=20230518T000000, start_date=20230717T195420, end_date=20230717T195422
[2023-07-17 16:54:22,560] {local_task_job.py:156} INFO - Task exited with return code 0
[2023-07-17 16:54:22,661] {local_task_job.py:273} INFO - 0 downstream tasks scheduled from follow-on schedule check
[2023-07-17 20:59:22,681] {taskinstance.py:1159} INFO - Dependencies all met for <TaskInstance: get_stocks_dag.TSLA scheduled__2023-05-18T00:00:00+00:00 [queued]>
[2023-07-17 20:59:22,706] {taskinstance.py:1159} INFO - Dependencies all met for <TaskInstance: get_stocks_dag.TSLA scheduled__2023-05-18T00:00:00+00:00 [queued]>
[2023-07-17 20:59:22,706] {taskinstance.py:1356} INFO - 
--------------------------------------------------------------------------------
[2023-07-17 20:59:22,706] {taskinstance.py:1357} INFO - Starting attempt 1 of 1
[2023-07-17 20:59:22,706] {taskinstance.py:1358} INFO - 
--------------------------------------------------------------------------------
[2023-07-17 20:59:22,735] {taskinstance.py:1377} INFO - Executing <Task(_PythonDecoratedOperator): TSLA> on 2023-05-18 00:00:00+00:00
[2023-07-17 20:59:22,746] {standard_task_runner.py:52} INFO - Started process 18882 to run task
[2023-07-17 20:59:22,753] {standard_task_runner.py:79} INFO - Running: ['airflow', 'tasks', 'run', 'get_stocks_dag', 'TSLA', 'scheduled__2023-05-18T00:00:00+00:00', '--job-id', '539', '--raw', '--subdir', 'DAGS_FOLDER/get_stocks.py', '--cfg-path', '/tmp/tmpervfrlfx', '--error-file', '/tmp/tmppa_jj_zi']
[2023-07-17 20:59:22,756] {standard_task_runner.py:80} INFO - Job 539: Subtask TSLA
[2023-07-17 20:59:22,958] {task_command.py:370} INFO - Running <TaskInstance: get_stocks_dag.TSLA scheduled__2023-05-18T00:00:00+00:00 [running]> on host lucas-Estudos
[2023-07-17 20:59:23,191] {taskinstance.py:1569} INFO - Exporting the following env vars:
AIRFLOW_CTX_DAG_OWNER=airflow
AIRFLOW_CTX_DAG_ID=get_stocks_dag
AIRFLOW_CTX_TASK_ID=TSLA
AIRFLOW_CTX_EXECUTION_DATE=2023-05-18T00:00:00+00:00
AIRFLOW_CTX_TRY_NUMBER=1
AIRFLOW_CTX_DAG_RUN_ID=scheduled__2023-05-18T00:00:00+00:00
[2023-07-17 20:59:28,055] {python.py:173} INFO - Done. Returned value was: None
[2023-07-17 20:59:28,109] {taskinstance.py:1395} INFO - Marking task as SUCCESS. dag_id=get_stocks_dag, task_id=TSLA, execution_date=20230518T000000, start_date=20230717T235922, end_date=20230717T235928
[2023-07-17 20:59:28,189] {local_task_job.py:156} INFO - Task exited with return code 0
[2023-07-17 20:59:28,297] {local_task_job.py:273} INFO - 0 downstream tasks scheduled from follow-on schedule check
[2023-07-17 21:59:28,051] {taskinstance.py:1159} INFO - Dependencies all met for <TaskInstance: get_stocks_dag.TSLA scheduled__2023-05-18T00:00:00+00:00 [queued]>
[2023-07-17 21:59:28,065] {taskinstance.py:1159} INFO - Dependencies all met for <TaskInstance: get_stocks_dag.TSLA scheduled__2023-05-18T00:00:00+00:00 [queued]>
[2023-07-17 21:59:28,065] {taskinstance.py:1356} INFO - 
--------------------------------------------------------------------------------
[2023-07-17 21:59:28,065] {taskinstance.py:1357} INFO - Starting attempt 1 of 1
[2023-07-17 21:59:28,065] {taskinstance.py:1358} INFO - 
--------------------------------------------------------------------------------
[2023-07-17 21:59:28,082] {taskinstance.py:1377} INFO - Executing <Task(_PythonDecoratedOperator): TSLA> on 2023-05-18 00:00:00+00:00
[2023-07-17 21:59:28,091] {standard_task_runner.py:52} INFO - Started process 56904 to run task
[2023-07-17 21:59:28,098] {standard_task_runner.py:79} INFO - Running: ['airflow', 'tasks', 'run', 'get_stocks_dag', 'TSLA', 'scheduled__2023-05-18T00:00:00+00:00', '--job-id', '815', '--raw', '--subdir', 'DAGS_FOLDER/get_stocks.py', '--cfg-path', '/tmp/tmpj1y8351h', '--error-file', '/tmp/tmptgeuz4ax']
[2023-07-17 21:59:28,099] {standard_task_runner.py:80} INFO - Job 815: Subtask TSLA
[2023-07-17 21:59:28,203] {task_command.py:370} INFO - Running <TaskInstance: get_stocks_dag.TSLA scheduled__2023-05-18T00:00:00+00:00 [running]> on host lucas-Estudos
[2023-07-17 21:59:28,287] {taskinstance.py:1569} INFO - Exporting the following env vars:
AIRFLOW_CTX_DAG_OWNER=airflow
AIRFLOW_CTX_DAG_ID=get_stocks_dag
AIRFLOW_CTX_TASK_ID=TSLA
AIRFLOW_CTX_EXECUTION_DATE=2023-05-18T00:00:00+00:00
AIRFLOW_CTX_TRY_NUMBER=1
AIRFLOW_CTX_DAG_RUN_ID=scheduled__2023-05-18T00:00:00+00:00
[2023-07-17 21:59:31,985] {python.py:173} INFO - Done. Returned value was: None
[2023-07-17 21:59:32,118] {taskinstance.py:1395} INFO - Marking task as SUCCESS. dag_id=get_stocks_dag, task_id=TSLA, execution_date=20230518T000000, start_date=20230718T005928, end_date=20230718T005932
[2023-07-17 21:59:32,202] {local_task_job.py:156} INFO - Task exited with return code 0
[2023-07-17 21:59:32,350] {local_task_job.py:273} INFO - 0 downstream tasks scheduled from follow-on schedule check
[2023-07-18 10:34:15,045] {taskinstance.py:1159} INFO - Dependencies all met for <TaskInstance: get_stocks_dag.TSLA scheduled__2023-05-18T00:00:00+00:00 [queued]>
[2023-07-18 10:34:15,070] {taskinstance.py:1159} INFO - Dependencies all met for <TaskInstance: get_stocks_dag.TSLA scheduled__2023-05-18T00:00:00+00:00 [queued]>
[2023-07-18 10:34:15,071] {taskinstance.py:1356} INFO - 
--------------------------------------------------------------------------------
[2023-07-18 10:34:15,071] {taskinstance.py:1357} INFO - Starting attempt 1 of 1
[2023-07-18 10:34:15,071] {taskinstance.py:1358} INFO - 
--------------------------------------------------------------------------------
[2023-07-18 10:34:15,099] {taskinstance.py:1377} INFO - Executing <Task(_PythonDecoratedOperator): TSLA> on 2023-05-18 00:00:00+00:00
[2023-07-18 10:34:15,109] {standard_task_runner.py:52} INFO - Started process 13752 to run task
[2023-07-18 10:34:15,116] {standard_task_runner.py:79} INFO - Running: ['airflow', 'tasks', 'run', 'get_stocks_dag', 'TSLA', 'scheduled__2023-05-18T00:00:00+00:00', '--job-id', '1273', '--raw', '--subdir', 'DAGS_FOLDER/get_stocks.py', '--cfg-path', '/tmp/tmp2vtm7g6m', '--error-file', '/tmp/tmpgz1_qjxj']
[2023-07-18 10:34:15,119] {standard_task_runner.py:80} INFO - Job 1273: Subtask TSLA
[2023-07-18 10:34:15,316] {task_command.py:370} INFO - Running <TaskInstance: get_stocks_dag.TSLA scheduled__2023-05-18T00:00:00+00:00 [running]> on host lucas-Estudos
[2023-07-18 10:34:15,532] {taskinstance.py:1569} INFO - Exporting the following env vars:
AIRFLOW_CTX_DAG_OWNER=airflow
AIRFLOW_CTX_DAG_ID=get_stocks_dag
AIRFLOW_CTX_TASK_ID=TSLA
AIRFLOW_CTX_EXECUTION_DATE=2023-05-18T00:00:00+00:00
AIRFLOW_CTX_TRY_NUMBER=1
AIRFLOW_CTX_DAG_RUN_ID=scheduled__2023-05-18T00:00:00+00:00
[2023-07-18 10:34:16,161] {python.py:173} INFO - Done. Returned value was: None
[2023-07-18 10:34:16,275] {taskinstance.py:1395} INFO - Marking task as SUCCESS. dag_id=get_stocks_dag, task_id=TSLA, execution_date=20230518T000000, start_date=20230718T133415, end_date=20230718T133416
[2023-07-18 10:34:16,332] {local_task_job.py:156} INFO - Task exited with return code 0
[2023-07-18 10:34:16,445] {local_task_job.py:273} INFO - 0 downstream tasks scheduled from follow-on schedule check
