[2023-07-17 22:19:16,243] {taskinstance.py:1159} INFO - Dependencies all met for <TaskInstance: get_crypto_dag.ETH scheduled__2023-06-20T00:00:00+00:00 [queued]>
[2023-07-17 22:19:16,259] {taskinstance.py:1159} INFO - Dependencies all met for <TaskInstance: get_crypto_dag.ETH scheduled__2023-06-20T00:00:00+00:00 [queued]>
[2023-07-17 22:19:16,259] {taskinstance.py:1356} INFO - 
--------------------------------------------------------------------------------
[2023-07-17 22:19:16,259] {taskinstance.py:1357} INFO - Starting attempt 1 of 1
[2023-07-17 22:19:16,259] {taskinstance.py:1358} INFO - 
--------------------------------------------------------------------------------
[2023-07-17 22:19:16,284] {taskinstance.py:1377} INFO - Executing <Task(_PythonDecoratedOperator): ETH> on 2023-06-20 00:00:00+00:00
[2023-07-17 22:19:16,291] {standard_task_runner.py:52} INFO - Started process 97053 to run task
[2023-07-17 22:19:16,294] {standard_task_runner.py:79} INFO - Running: ['airflow', 'tasks', 'run', 'get_crypto_dag', 'ETH', 'scheduled__2023-06-20T00:00:00+00:00', '--job-id', '1108', '--raw', '--subdir', 'DAGS_FOLDER/get_crypto.py', '--cfg-path', '/tmp/tmphvnrw9k4', '--error-file', '/tmp/tmp4n1tlczg']
[2023-07-17 22:19:16,295] {standard_task_runner.py:80} INFO - Job 1108: Subtask ETH
[2023-07-17 22:19:16,387] {task_command.py:370} INFO - Running <TaskInstance: get_crypto_dag.ETH scheduled__2023-06-20T00:00:00+00:00 [running]> on host lucas-Estudos
[2023-07-17 22:19:16,501] {taskinstance.py:1569} INFO - Exporting the following env vars:
AIRFLOW_CTX_DAG_OWNER=airflow
AIRFLOW_CTX_DAG_ID=get_crypto_dag
AIRFLOW_CTX_TASK_ID=ETH
AIRFLOW_CTX_EXECUTION_DATE=2023-06-20T00:00:00+00:00
AIRFLOW_CTX_TRY_NUMBER=1
AIRFLOW_CTX_DAG_RUN_ID=scheduled__2023-06-20T00:00:00+00:00
[2023-07-17 22:19:29,079] {base.py:162} ERROR - ETH: No timezone found, symbol may be delisted
[2023-07-17 22:19:29,093] {python.py:173} INFO - Done. Returned value was: None
[2023-07-17 22:19:29,156] {taskinstance.py:1395} INFO - Marking task as SUCCESS. dag_id=get_crypto_dag, task_id=ETH, execution_date=20230620T000000, start_date=20230718T011916, end_date=20230718T011929
[2023-07-17 22:19:29,226] {local_task_job.py:156} INFO - Task exited with return code 0
[2023-07-17 22:19:29,326] {local_task_job.py:273} INFO - 0 downstream tasks scheduled from follow-on schedule check
[2023-07-18 10:59:11,343] {taskinstance.py:1159} INFO - Dependencies all met for <TaskInstance: get_crypto_dag.ETH scheduled__2023-06-20T00:00:00+00:00 [queued]>
[2023-07-18 10:59:11,351] {taskinstance.py:1159} INFO - Dependencies all met for <TaskInstance: get_crypto_dag.ETH scheduled__2023-06-20T00:00:00+00:00 [queued]>
[2023-07-18 10:59:11,351] {taskinstance.py:1356} INFO - 
--------------------------------------------------------------------------------
[2023-07-18 10:59:11,351] {taskinstance.py:1357} INFO - Starting attempt 1 of 1
[2023-07-18 10:59:11,351] {taskinstance.py:1358} INFO - 
--------------------------------------------------------------------------------
[2023-07-18 10:59:11,360] {taskinstance.py:1377} INFO - Executing <Task(_PythonDecoratedOperator): ETH> on 2023-06-20 00:00:00+00:00
[2023-07-18 10:59:11,363] {standard_task_runner.py:52} INFO - Started process 24692 to run task
[2023-07-18 10:59:11,365] {standard_task_runner.py:79} INFO - Running: ['airflow', 'tasks', 'run', 'get_crypto_dag', 'ETH', 'scheduled__2023-06-20T00:00:00+00:00', '--job-id', '1500', '--raw', '--subdir', 'DAGS_FOLDER/get_crypto.py', '--cfg-path', '/tmp/tmp_a61h5d3', '--error-file', '/tmp/tmpp9dxwutj']
[2023-07-18 10:59:11,366] {standard_task_runner.py:80} INFO - Job 1500: Subtask ETH
[2023-07-18 10:59:11,415] {task_command.py:370} INFO - Running <TaskInstance: get_crypto_dag.ETH scheduled__2023-06-20T00:00:00+00:00 [running]> on host lucas-Estudos
[2023-07-18 10:59:11,487] {taskinstance.py:1569} INFO - Exporting the following env vars:
AIRFLOW_CTX_DAG_OWNER=airflow
AIRFLOW_CTX_DAG_ID=get_crypto_dag
AIRFLOW_CTX_TASK_ID=ETH
AIRFLOW_CTX_EXECUTION_DATE=2023-06-20T00:00:00+00:00
AIRFLOW_CTX_TRY_NUMBER=1
AIRFLOW_CTX_DAG_RUN_ID=scheduled__2023-06-20T00:00:00+00:00
[2023-07-18 10:59:12,016] {base.py:162} ERROR - ETH: No timezone found, symbol may be delisted
[2023-07-18 10:59:12,022] {python.py:173} INFO - Done. Returned value was: None
[2023-07-18 10:59:12,074] {taskinstance.py:1395} INFO - Marking task as SUCCESS. dag_id=get_crypto_dag, task_id=ETH, execution_date=20230620T000000, start_date=20230718T135911, end_date=20230718T135912
[2023-07-18 10:59:12,140] {local_task_job.py:156} INFO - Task exited with return code 0
[2023-07-18 10:59:12,259] {local_task_job.py:273} INFO - 0 downstream tasks scheduled from follow-on schedule check
