[2023-07-17 21:59:12,303] {taskinstance.py:1159} INFO - Dependencies all met for <TaskInstance: get_crypto_dag.ETH scheduled__2023-05-14T00:00:00+00:00 [queued]>
[2023-07-17 21:59:12,319] {taskinstance.py:1159} INFO - Dependencies all met for <TaskInstance: get_crypto_dag.ETH scheduled__2023-05-14T00:00:00+00:00 [queued]>
[2023-07-17 21:59:12,320] {taskinstance.py:1356} INFO - 
--------------------------------------------------------------------------------
[2023-07-17 21:59:12,320] {taskinstance.py:1357} INFO - Starting attempt 1 of 1
[2023-07-17 21:59:12,320] {taskinstance.py:1358} INFO - 
--------------------------------------------------------------------------------
[2023-07-17 21:59:12,339] {taskinstance.py:1377} INFO - Executing <Task(_PythonDecoratedOperator): ETH> on 2023-05-14 00:00:00+00:00
[2023-07-17 21:59:12,345] {standard_task_runner.py:52} INFO - Started process 56331 to run task
[2023-07-17 21:59:12,348] {standard_task_runner.py:79} INFO - Running: ['airflow', 'tasks', 'run', 'get_crypto_dag', 'ETH', 'scheduled__2023-05-14T00:00:00+00:00', '--job-id', '810', '--raw', '--subdir', 'DAGS_FOLDER/get_crypto.py', '--cfg-path', '/tmp/tmpoiawzfqs', '--error-file', '/tmp/tmpqesd7rek']
[2023-07-17 21:59:12,349] {standard_task_runner.py:80} INFO - Job 810: Subtask ETH
[2023-07-17 21:59:12,448] {task_command.py:370} INFO - Running <TaskInstance: get_crypto_dag.ETH scheduled__2023-05-14T00:00:00+00:00 [running]> on host lucas-Estudos
[2023-07-17 21:59:12,550] {taskinstance.py:1569} INFO - Exporting the following env vars:
AIRFLOW_CTX_DAG_OWNER=airflow
AIRFLOW_CTX_DAG_ID=get_crypto_dag
AIRFLOW_CTX_TASK_ID=ETH
AIRFLOW_CTX_EXECUTION_DATE=2023-05-14T00:00:00+00:00
AIRFLOW_CTX_TRY_NUMBER=1
AIRFLOW_CTX_DAG_RUN_ID=scheduled__2023-05-14T00:00:00+00:00
[2023-07-17 21:59:13,079] {base.py:162} ERROR - ETH: No timezone found, symbol may be delisted
[2023-07-17 21:59:13,086] {python.py:173} INFO - Done. Returned value was: None
[2023-07-17 21:59:13,140] {taskinstance.py:1395} INFO - Marking task as SUCCESS. dag_id=get_crypto_dag, task_id=ETH, execution_date=20230514T000000, start_date=20230718T005912, end_date=20230718T005913
[2023-07-17 21:59:13,203] {local_task_job.py:156} INFO - Task exited with return code 0
[2023-07-17 21:59:13,429] {local_task_job.py:273} INFO - 0 downstream tasks scheduled from follow-on schedule check
[2023-07-18 10:31:16,408] {taskinstance.py:1159} INFO - Dependencies all met for <TaskInstance: get_crypto_dag.ETH scheduled__2023-05-14T00:00:00+00:00 [queued]>
[2023-07-18 10:31:16,430] {taskinstance.py:1159} INFO - Dependencies all met for <TaskInstance: get_crypto_dag.ETH scheduled__2023-05-14T00:00:00+00:00 [queued]>
[2023-07-18 10:31:16,430] {taskinstance.py:1356} INFO - 
--------------------------------------------------------------------------------
[2023-07-18 10:31:16,430] {taskinstance.py:1357} INFO - Starting attempt 1 of 1
[2023-07-18 10:31:16,431] {taskinstance.py:1358} INFO - 
--------------------------------------------------------------------------------
[2023-07-18 10:31:16,456] {taskinstance.py:1377} INFO - Executing <Task(_PythonDecoratedOperator): ETH> on 2023-05-14 00:00:00+00:00
[2023-07-18 10:31:16,464] {standard_task_runner.py:52} INFO - Started process 12913 to run task
[2023-07-18 10:31:16,471] {standard_task_runner.py:79} INFO - Running: ['airflow', 'tasks', 'run', 'get_crypto_dag', 'ETH', 'scheduled__2023-05-14T00:00:00+00:00', '--job-id', '1245', '--raw', '--subdir', 'DAGS_FOLDER/get_crypto.py', '--cfg-path', '/tmp/tmps_s5lexo', '--error-file', '/tmp/tmps3ca7g1r']
[2023-07-18 10:31:16,473] {standard_task_runner.py:80} INFO - Job 1245: Subtask ETH
[2023-07-18 10:31:16,676] {task_command.py:370} INFO - Running <TaskInstance: get_crypto_dag.ETH scheduled__2023-05-14T00:00:00+00:00 [running]> on host lucas-Estudos
[2023-07-18 10:31:16,912] {taskinstance.py:1569} INFO - Exporting the following env vars:
AIRFLOW_CTX_DAG_OWNER=airflow
AIRFLOW_CTX_DAG_ID=get_crypto_dag
AIRFLOW_CTX_TASK_ID=ETH
AIRFLOW_CTX_EXECUTION_DATE=2023-05-14T00:00:00+00:00
AIRFLOW_CTX_TRY_NUMBER=1
AIRFLOW_CTX_DAG_RUN_ID=scheduled__2023-05-14T00:00:00+00:00
[2023-07-18 10:31:17,426] {base.py:162} ERROR - ETH: No timezone found, symbol may be delisted
[2023-07-18 10:31:17,436] {python.py:173} INFO - Done. Returned value was: None
[2023-07-18 10:31:17,488] {taskinstance.py:1395} INFO - Marking task as SUCCESS. dag_id=get_crypto_dag, task_id=ETH, execution_date=20230514T000000, start_date=20230718T133116, end_date=20230718T133117
[2023-07-18 10:31:17,566] {local_task_job.py:156} INFO - Task exited with return code 0
[2023-07-18 10:31:17,794] {local_task_job.py:273} INFO - 0 downstream tasks scheduled from follow-on schedule check
