[2023-07-17 16:22:45,914] {taskinstance.py:1159} INFO - Dependencies all met for <TaskInstance: get_stocks_dag.AAPL scheduled__2023-05-04T00:00:00+00:00 [queued]>
[2023-07-17 16:22:45,946] {taskinstance.py:1159} INFO - Dependencies all met for <TaskInstance: get_stocks_dag.AAPL scheduled__2023-05-04T00:00:00+00:00 [queued]>
[2023-07-17 16:22:45,946] {taskinstance.py:1356} INFO - 
--------------------------------------------------------------------------------
[2023-07-17 16:22:45,946] {taskinstance.py:1357} INFO - Starting attempt 1 of 1
[2023-07-17 16:22:45,946] {taskinstance.py:1358} INFO - 
--------------------------------------------------------------------------------
[2023-07-17 16:22:46,019] {taskinstance.py:1377} INFO - Executing <Task(_PythonDecoratedOperator): AAPL> on 2023-05-04 00:00:00+00:00
[2023-07-17 16:22:46,065] {standard_task_runner.py:52} INFO - Started process 6879 to run task
[2023-07-17 16:22:46,112] {standard_task_runner.py:79} INFO - Running: ['airflow', 'tasks', 'run', 'get_stocks_dag', 'AAPL', 'scheduled__2023-05-04T00:00:00+00:00', '--job-id', '60', '--raw', '--subdir', 'DAGS_FOLDER/get_stocks.py', '--cfg-path', '/tmp/tmp2ak3deoq', '--error-file', '/tmp/tmp8p7mn5ev']
[2023-07-17 16:22:46,113] {standard_task_runner.py:80} INFO - Job 60: Subtask AAPL
[2023-07-17 16:22:46,285] {task_command.py:370} INFO - Running <TaskInstance: get_stocks_dag.AAPL scheduled__2023-05-04T00:00:00+00:00 [running]> on host lucas-Estudos
[2023-07-17 16:22:46,588] {taskinstance.py:1569} INFO - Exporting the following env vars:
AIRFLOW_CTX_DAG_OWNER=airflow
AIRFLOW_CTX_DAG_ID=get_stocks_dag
AIRFLOW_CTX_TASK_ID=AAPL
AIRFLOW_CTX_EXECUTION_DATE=2023-05-04T00:00:00+00:00
AIRFLOW_CTX_TRY_NUMBER=1
AIRFLOW_CTX_DAG_RUN_ID=scheduled__2023-05-04T00:00:00+00:00
[2023-07-17 16:22:47,236] {python.py:173} INFO - Done. Returned value was: None
[2023-07-17 16:22:47,305] {taskinstance.py:1395} INFO - Marking task as SUCCESS. dag_id=get_stocks_dag, task_id=AAPL, execution_date=20230504T000000, start_date=20230717T192245, end_date=20230717T192247
[2023-07-17 16:22:47,435] {local_task_job.py:156} INFO - Task exited with return code 0
[2023-07-17 16:22:47,521] {local_task_job.py:273} INFO - 0 downstream tasks scheduled from follow-on schedule check
[2023-07-17 16:54:06,251] {taskinstance.py:1159} INFO - Dependencies all met for <TaskInstance: get_stocks_dag.AAPL scheduled__2023-05-04T00:00:00+00:00 [queued]>
[2023-07-17 16:54:06,310] {taskinstance.py:1159} INFO - Dependencies all met for <TaskInstance: get_stocks_dag.AAPL scheduled__2023-05-04T00:00:00+00:00 [queued]>
[2023-07-17 16:54:06,311] {taskinstance.py:1356} INFO - 
--------------------------------------------------------------------------------
[2023-07-17 16:54:06,311] {taskinstance.py:1357} INFO - Starting attempt 1 of 1
[2023-07-17 16:54:06,311] {taskinstance.py:1358} INFO - 
--------------------------------------------------------------------------------
[2023-07-17 16:54:06,384] {taskinstance.py:1377} INFO - Executing <Task(_PythonDecoratedOperator): AAPL> on 2023-05-04 00:00:00+00:00
[2023-07-17 16:54:06,404] {standard_task_runner.py:79} INFO - Running: ['airflow', 'tasks', 'run', 'get_stocks_dag', 'AAPL', 'scheduled__2023-05-04T00:00:00+00:00', '--job-id', '283', '--raw', '--subdir', 'DAGS_FOLDER/get_stocks.py', '--cfg-path', '/tmp/tmpoc6fmbv8', '--error-file', '/tmp/tmpb6p44m3u']
[2023-07-17 16:54:06,412] {standard_task_runner.py:80} INFO - Job 283: Subtask AAPL
[2023-07-17 16:54:06,404] {standard_task_runner.py:52} INFO - Started process 19852 to run task
[2023-07-17 16:54:06,689] {task_command.py:370} INFO - Running <TaskInstance: get_stocks_dag.AAPL scheduled__2023-05-04T00:00:00+00:00 [running]> on host lucas-Estudos
[2023-07-17 16:54:07,053] {taskinstance.py:1569} INFO - Exporting the following env vars:
AIRFLOW_CTX_DAG_OWNER=airflow
AIRFLOW_CTX_DAG_ID=get_stocks_dag
AIRFLOW_CTX_TASK_ID=AAPL
AIRFLOW_CTX_EXECUTION_DATE=2023-05-04T00:00:00+00:00
AIRFLOW_CTX_TRY_NUMBER=1
AIRFLOW_CTX_DAG_RUN_ID=scheduled__2023-05-04T00:00:00+00:00
[2023-07-17 16:54:07,961] {python.py:173} INFO - Done. Returned value was: None
[2023-07-17 16:54:08,002] {taskinstance.py:1395} INFO - Marking task as SUCCESS. dag_id=get_stocks_dag, task_id=AAPL, execution_date=20230504T000000, start_date=20230717T195406, end_date=20230717T195408
[2023-07-17 16:54:08,085] {local_task_job.py:156} INFO - Task exited with return code 0
[2023-07-17 16:54:08,352] {local_task_job.py:273} INFO - 0 downstream tasks scheduled from follow-on schedule check
[2023-07-17 20:56:20,072] {taskinstance.py:1159} INFO - Dependencies all met for <TaskInstance: get_stocks_dag.AAPL scheduled__2023-05-04T00:00:00+00:00 [queued]>
[2023-07-17 20:56:20,090] {taskinstance.py:1159} INFO - Dependencies all met for <TaskInstance: get_stocks_dag.AAPL scheduled__2023-05-04T00:00:00+00:00 [queued]>
[2023-07-17 20:56:20,091] {taskinstance.py:1356} INFO - 
--------------------------------------------------------------------------------
[2023-07-17 20:56:20,091] {taskinstance.py:1357} INFO - Starting attempt 1 of 1
[2023-07-17 20:56:20,091] {taskinstance.py:1358} INFO - 
--------------------------------------------------------------------------------
[2023-07-17 20:56:20,116] {taskinstance.py:1377} INFO - Executing <Task(_PythonDecoratedOperator): AAPL> on 2023-05-04 00:00:00+00:00
[2023-07-17 20:56:20,127] {standard_task_runner.py:52} INFO - Started process 13918 to run task
[2023-07-17 20:56:20,133] {standard_task_runner.py:79} INFO - Running: ['airflow', 'tasks', 'run', 'get_stocks_dag', 'AAPL', 'scheduled__2023-05-04T00:00:00+00:00', '--job-id', '496', '--raw', '--subdir', 'DAGS_FOLDER/get_stocks.py', '--cfg-path', '/tmp/tmpch7fnjwb', '--error-file', '/tmp/tmpefx851df']
[2023-07-17 20:56:20,135] {standard_task_runner.py:80} INFO - Job 496: Subtask AAPL
[2023-07-17 20:56:20,312] {task_command.py:370} INFO - Running <TaskInstance: get_stocks_dag.AAPL scheduled__2023-05-04T00:00:00+00:00 [running]> on host lucas-Estudos
[2023-07-17 20:56:20,536] {taskinstance.py:1569} INFO - Exporting the following env vars:
AIRFLOW_CTX_DAG_OWNER=airflow
AIRFLOW_CTX_DAG_ID=get_stocks_dag
AIRFLOW_CTX_TASK_ID=AAPL
AIRFLOW_CTX_EXECUTION_DATE=2023-05-04T00:00:00+00:00
AIRFLOW_CTX_TRY_NUMBER=1
AIRFLOW_CTX_DAG_RUN_ID=scheduled__2023-05-04T00:00:00+00:00
[2023-07-17 20:56:24,200] {python.py:173} INFO - Done. Returned value was: None
[2023-07-17 20:56:24,252] {taskinstance.py:1395} INFO - Marking task as SUCCESS. dag_id=get_stocks_dag, task_id=AAPL, execution_date=20230504T000000, start_date=20230717T235620, end_date=20230717T235624
[2023-07-17 20:56:24,322] {local_task_job.py:156} INFO - Task exited with return code 0
[2023-07-17 20:56:24,439] {local_task_job.py:273} INFO - 0 downstream tasks scheduled from follow-on schedule check
[2023-07-17 21:53:31,434] {taskinstance.py:1159} INFO - Dependencies all met for <TaskInstance: get_stocks_dag.AAPL scheduled__2023-05-04T00:00:00+00:00 [queued]>
[2023-07-17 21:53:31,468] {taskinstance.py:1159} INFO - Dependencies all met for <TaskInstance: get_stocks_dag.AAPL scheduled__2023-05-04T00:00:00+00:00 [queued]>
[2023-07-17 21:53:31,468] {taskinstance.py:1356} INFO - 
--------------------------------------------------------------------------------
[2023-07-17 21:53:31,468] {taskinstance.py:1357} INFO - Starting attempt 1 of 1
[2023-07-17 21:53:31,469] {taskinstance.py:1358} INFO - 
--------------------------------------------------------------------------------
[2023-07-17 21:53:31,493] {taskinstance.py:1377} INFO - Executing <Task(_PythonDecoratedOperator): AAPL> on 2023-05-04 00:00:00+00:00
[2023-07-17 21:53:31,502] {standard_task_runner.py:52} INFO - Started process 44831 to run task
[2023-07-17 21:53:31,507] {standard_task_runner.py:79} INFO - Running: ['airflow', 'tasks', 'run', 'get_stocks_dag', 'AAPL', 'scheduled__2023-05-04T00:00:00+00:00', '--job-id', '728', '--raw', '--subdir', 'DAGS_FOLDER/get_stocks.py', '--cfg-path', '/tmp/tmp6cad1bk7', '--error-file', '/tmp/tmp_axfhx0z']
[2023-07-17 21:53:31,509] {standard_task_runner.py:80} INFO - Job 728: Subtask AAPL
[2023-07-17 21:53:31,617] {task_command.py:370} INFO - Running <TaskInstance: get_stocks_dag.AAPL scheduled__2023-05-04T00:00:00+00:00 [running]> on host lucas-Estudos
[2023-07-17 21:53:31,706] {taskinstance.py:1569} INFO - Exporting the following env vars:
AIRFLOW_CTX_DAG_OWNER=airflow
AIRFLOW_CTX_DAG_ID=get_stocks_dag
AIRFLOW_CTX_TASK_ID=AAPL
AIRFLOW_CTX_EXECUTION_DATE=2023-05-04T00:00:00+00:00
AIRFLOW_CTX_TRY_NUMBER=1
AIRFLOW_CTX_DAG_RUN_ID=scheduled__2023-05-04T00:00:00+00:00
[2023-07-17 21:53:36,213] {python.py:173} INFO - Done. Returned value was: None
[2023-07-17 21:53:36,264] {taskinstance.py:1395} INFO - Marking task as SUCCESS. dag_id=get_stocks_dag, task_id=AAPL, execution_date=20230504T000000, start_date=20230718T005331, end_date=20230718T005336
[2023-07-17 21:53:36,343] {local_task_job.py:156} INFO - Task exited with return code 0
[2023-07-17 21:53:36,572] {local_task_job.py:273} INFO - 0 downstream tasks scheduled from follow-on schedule check
[2023-07-18 10:23:53,733] {taskinstance.py:1159} INFO - Dependencies all met for <TaskInstance: get_stocks_dag.AAPL scheduled__2023-05-04T00:00:00+00:00 [queued]>
[2023-07-18 10:23:53,755] {taskinstance.py:1159} INFO - Dependencies all met for <TaskInstance: get_stocks_dag.AAPL scheduled__2023-05-04T00:00:00+00:00 [queued]>
[2023-07-18 10:23:53,755] {taskinstance.py:1356} INFO - 
--------------------------------------------------------------------------------
[2023-07-18 10:23:53,756] {taskinstance.py:1357} INFO - Starting attempt 1 of 1
[2023-07-18 10:23:53,756] {taskinstance.py:1358} INFO - 
--------------------------------------------------------------------------------
[2023-07-18 10:23:53,782] {taskinstance.py:1377} INFO - Executing <Task(_PythonDecoratedOperator): AAPL> on 2023-05-04 00:00:00+00:00
[2023-07-18 10:23:53,792] {standard_task_runner.py:52} INFO - Started process 10617 to run task
[2023-07-18 10:23:53,799] {standard_task_runner.py:79} INFO - Running: ['airflow', 'tasks', 'run', 'get_stocks_dag', 'AAPL', 'scheduled__2023-05-04T00:00:00+00:00', '--job-id', '1176', '--raw', '--subdir', 'DAGS_FOLDER/get_stocks.py', '--cfg-path', '/tmp/tmpw3m27udw', '--error-file', '/tmp/tmp4fpi4_6x']
[2023-07-18 10:23:53,801] {standard_task_runner.py:80} INFO - Job 1176: Subtask AAPL
[2023-07-18 10:23:53,989] {task_command.py:370} INFO - Running <TaskInstance: get_stocks_dag.AAPL scheduled__2023-05-04T00:00:00+00:00 [running]> on host lucas-Estudos
[2023-07-18 10:23:54,196] {taskinstance.py:1569} INFO - Exporting the following env vars:
AIRFLOW_CTX_DAG_OWNER=airflow
AIRFLOW_CTX_DAG_ID=get_stocks_dag
AIRFLOW_CTX_TASK_ID=AAPL
AIRFLOW_CTX_EXECUTION_DATE=2023-05-04T00:00:00+00:00
AIRFLOW_CTX_TRY_NUMBER=1
AIRFLOW_CTX_DAG_RUN_ID=scheduled__2023-05-04T00:00:00+00:00
[2023-07-18 10:23:54,785] {python.py:173} INFO - Done. Returned value was: None
[2023-07-18 10:23:54,832] {taskinstance.py:1395} INFO - Marking task as SUCCESS. dag_id=get_stocks_dag, task_id=AAPL, execution_date=20230504T000000, start_date=20230718T132353, end_date=20230718T132354
[2023-07-18 10:23:54,894] {local_task_job.py:156} INFO - Task exited with return code 0
[2023-07-18 10:23:55,006] {local_task_job.py:273} INFO - 0 downstream tasks scheduled from follow-on schedule check
