[2023-07-17 22:01:09,440] {taskinstance.py:1159} INFO - Dependencies all met for <TaskInstance: get_crypto_dag.BTC scheduled__2023-05-18T00:00:00+00:00 [queued]>
[2023-07-17 22:01:09,452] {taskinstance.py:1159} INFO - Dependencies all met for <TaskInstance: get_crypto_dag.BTC scheduled__2023-05-18T00:00:00+00:00 [queued]>
[2023-07-17 22:01:09,453] {taskinstance.py:1356} INFO - 
--------------------------------------------------------------------------------
[2023-07-17 22:01:09,453] {taskinstance.py:1357} INFO - Starting attempt 1 of 1
[2023-07-17 22:01:09,453] {taskinstance.py:1358} INFO - 
--------------------------------------------------------------------------------
[2023-07-17 22:01:09,470] {taskinstance.py:1377} INFO - Executing <Task(_PythonDecoratedOperator): BTC> on 2023-05-18 00:00:00+00:00
[2023-07-17 22:01:09,474] {standard_task_runner.py:52} INFO - Started process 60315 to run task
[2023-07-17 22:01:09,476] {standard_task_runner.py:79} INFO - Running: ['airflow', 'tasks', 'run', 'get_crypto_dag', 'BTC', 'scheduled__2023-05-18T00:00:00+00:00', '--job-id', '840', '--raw', '--subdir', 'DAGS_FOLDER/get_crypto.py', '--cfg-path', '/tmp/tmp9eiklmjn', '--error-file', '/tmp/tmp95q87cvr']
[2023-07-17 22:01:09,478] {standard_task_runner.py:80} INFO - Job 840: Subtask BTC
[2023-07-17 22:01:09,547] {task_command.py:370} INFO - Running <TaskInstance: get_crypto_dag.BTC scheduled__2023-05-18T00:00:00+00:00 [running]> on host lucas-Estudos
[2023-07-17 22:01:09,756] {taskinstance.py:1569} INFO - Exporting the following env vars:
AIRFLOW_CTX_DAG_OWNER=airflow
AIRFLOW_CTX_DAG_ID=get_crypto_dag
AIRFLOW_CTX_TASK_ID=BTC
AIRFLOW_CTX_EXECUTION_DATE=2023-05-18T00:00:00+00:00
AIRFLOW_CTX_TRY_NUMBER=1
AIRFLOW_CTX_DAG_RUN_ID=scheduled__2023-05-18T00:00:00+00:00
[2023-07-17 22:01:11,465] {base.py:297} ERROR - BTC: No price data found, symbol may be delisted (1h 2023-05-17 -> 2023-05-18)
[2023-07-17 22:01:11,474] {python.py:173} INFO - Done. Returned value was: None
[2023-07-17 22:01:11,543] {taskinstance.py:1395} INFO - Marking task as SUCCESS. dag_id=get_crypto_dag, task_id=BTC, execution_date=20230518T000000, start_date=20230718T010109, end_date=20230718T010111
[2023-07-17 22:01:11,617] {local_task_job.py:156} INFO - Task exited with return code 0
[2023-07-17 22:01:11,747] {local_task_job.py:273} INFO - 0 downstream tasks scheduled from follow-on schedule check
[2023-07-18 10:33:49,022] {taskinstance.py:1159} INFO - Dependencies all met for <TaskInstance: get_crypto_dag.BTC scheduled__2023-05-18T00:00:00+00:00 [queued]>
[2023-07-18 10:33:49,048] {taskinstance.py:1159} INFO - Dependencies all met for <TaskInstance: get_crypto_dag.BTC scheduled__2023-05-18T00:00:00+00:00 [queued]>
[2023-07-18 10:33:49,048] {taskinstance.py:1356} INFO - 
--------------------------------------------------------------------------------
[2023-07-18 10:33:49,048] {taskinstance.py:1357} INFO - Starting attempt 1 of 1
[2023-07-18 10:33:49,049] {taskinstance.py:1358} INFO - 
--------------------------------------------------------------------------------
[2023-07-18 10:33:49,081] {taskinstance.py:1377} INFO - Executing <Task(_PythonDecoratedOperator): BTC> on 2023-05-18 00:00:00+00:00
[2023-07-18 10:33:49,091] {standard_task_runner.py:52} INFO - Started process 13641 to run task
[2023-07-18 10:33:49,098] {standard_task_runner.py:79} INFO - Running: ['airflow', 'tasks', 'run', 'get_crypto_dag', 'BTC', 'scheduled__2023-05-18T00:00:00+00:00', '--job-id', '1269', '--raw', '--subdir', 'DAGS_FOLDER/get_crypto.py', '--cfg-path', '/tmp/tmpdrnrewrm', '--error-file', '/tmp/tmp7leujsjk']
[2023-07-18 10:33:49,100] {standard_task_runner.py:80} INFO - Job 1269: Subtask BTC
[2023-07-18 10:33:49,290] {task_command.py:370} INFO - Running <TaskInstance: get_crypto_dag.BTC scheduled__2023-05-18T00:00:00+00:00 [running]> on host lucas-Estudos
[2023-07-18 10:33:49,505] {taskinstance.py:1569} INFO - Exporting the following env vars:
AIRFLOW_CTX_DAG_OWNER=airflow
AIRFLOW_CTX_DAG_ID=get_crypto_dag
AIRFLOW_CTX_TASK_ID=BTC
AIRFLOW_CTX_EXECUTION_DATE=2023-05-18T00:00:00+00:00
AIRFLOW_CTX_TRY_NUMBER=1
AIRFLOW_CTX_DAG_RUN_ID=scheduled__2023-05-18T00:00:00+00:00
[2023-07-18 10:33:50,102] {base.py:297} ERROR - BTC: No price data found, symbol may be delisted (1h 2023-05-17 -> 2023-05-18)
[2023-07-18 10:33:50,110] {python.py:173} INFO - Done. Returned value was: None
[2023-07-18 10:33:50,170] {taskinstance.py:1395} INFO - Marking task as SUCCESS. dag_id=get_crypto_dag, task_id=BTC, execution_date=20230518T000000, start_date=20230718T133349, end_date=20230718T133350
[2023-07-18 10:33:50,234] {local_task_job.py:156} INFO - Task exited with return code 0
[2023-07-18 10:33:50,349] {local_task_job.py:273} INFO - 0 downstream tasks scheduled from follow-on schedule check
