[2023-07-17 22:15:33,002] {taskinstance.py:1159} INFO - Dependencies all met for <TaskInstance: get_crypto_dag.DOGE scheduled__2023-06-14T00:00:00+00:00 [queued]>
[2023-07-17 22:15:33,033] {taskinstance.py:1159} INFO - Dependencies all met for <TaskInstance: get_crypto_dag.DOGE scheduled__2023-06-14T00:00:00+00:00 [queued]>
[2023-07-17 22:15:33,035] {taskinstance.py:1356} INFO - 
--------------------------------------------------------------------------------
[2023-07-17 22:15:33,035] {taskinstance.py:1357} INFO - Starting attempt 1 of 1
[2023-07-17 22:15:33,036] {taskinstance.py:1358} INFO - 
--------------------------------------------------------------------------------
[2023-07-17 22:15:33,065] {taskinstance.py:1377} INFO - Executing <Task(_PythonDecoratedOperator): DOGE> on 2023-06-14 00:00:00+00:00
[2023-07-17 22:15:33,075] {standard_task_runner.py:52} INFO - Started process 89502 to run task
[2023-07-17 22:15:33,082] {standard_task_runner.py:79} INFO - Running: ['airflow', 'tasks', 'run', 'get_crypto_dag', 'DOGE', 'scheduled__2023-06-14T00:00:00+00:00', '--job-id', '1054', '--raw', '--subdir', 'DAGS_FOLDER/get_crypto.py', '--cfg-path', '/tmp/tmp1x6pfit6', '--error-file', '/tmp/tmp53p854zx']
[2023-07-17 22:15:33,084] {standard_task_runner.py:80} INFO - Job 1054: Subtask DOGE
[2023-07-17 22:15:33,173] {task_command.py:370} INFO - Running <TaskInstance: get_crypto_dag.DOGE scheduled__2023-06-14T00:00:00+00:00 [running]> on host lucas-Estudos
[2023-07-17 22:15:33,257] {taskinstance.py:1569} INFO - Exporting the following env vars:
AIRFLOW_CTX_DAG_OWNER=airflow
AIRFLOW_CTX_DAG_ID=get_crypto_dag
AIRFLOW_CTX_TASK_ID=DOGE
AIRFLOW_CTX_EXECUTION_DATE=2023-06-14T00:00:00+00:00
AIRFLOW_CTX_TRY_NUMBER=1
AIRFLOW_CTX_DAG_RUN_ID=scheduled__2023-06-14T00:00:00+00:00
[2023-07-17 22:15:36,964] {base.py:162} ERROR - DOGE: No timezone found, symbol may be delisted
[2023-07-17 22:15:36,975] {python.py:173} INFO - Done. Returned value was: None
[2023-07-17 22:15:37,026] {taskinstance.py:1395} INFO - Marking task as SUCCESS. dag_id=get_crypto_dag, task_id=DOGE, execution_date=20230614T000000, start_date=20230718T011533, end_date=20230718T011537
[2023-07-17 22:15:37,069] {local_task_job.py:156} INFO - Task exited with return code 0
[2023-07-17 22:15:37,202] {local_task_job.py:273} INFO - 0 downstream tasks scheduled from follow-on schedule check
[2023-07-18 10:54:33,104] {taskinstance.py:1159} INFO - Dependencies all met for <TaskInstance: get_crypto_dag.DOGE scheduled__2023-06-14T00:00:00+00:00 [queued]>
[2023-07-18 10:54:33,130] {taskinstance.py:1159} INFO - Dependencies all met for <TaskInstance: get_crypto_dag.DOGE scheduled__2023-06-14T00:00:00+00:00 [queued]>
[2023-07-18 10:54:33,130] {taskinstance.py:1356} INFO - 
--------------------------------------------------------------------------------
[2023-07-18 10:54:33,130] {taskinstance.py:1357} INFO - Starting attempt 1 of 1
[2023-07-18 10:54:33,131] {taskinstance.py:1358} INFO - 
--------------------------------------------------------------------------------
[2023-07-18 10:54:33,158] {taskinstance.py:1377} INFO - Executing <Task(_PythonDecoratedOperator): DOGE> on 2023-06-14 00:00:00+00:00
[2023-07-18 10:54:33,168] {standard_task_runner.py:52} INFO - Started process 21294 to run task
[2023-07-18 10:54:33,174] {standard_task_runner.py:79} INFO - Running: ['airflow', 'tasks', 'run', 'get_crypto_dag', 'DOGE', 'scheduled__2023-06-14T00:00:00+00:00', '--job-id', '1458', '--raw', '--subdir', 'DAGS_FOLDER/get_crypto.py', '--cfg-path', '/tmp/tmp2stc49mz', '--error-file', '/tmp/tmpxu4gtvte']
[2023-07-18 10:54:33,177] {standard_task_runner.py:80} INFO - Job 1458: Subtask DOGE
[2023-07-18 10:54:33,360] {task_command.py:370} INFO - Running <TaskInstance: get_crypto_dag.DOGE scheduled__2023-06-14T00:00:00+00:00 [running]> on host lucas-Estudos
[2023-07-18 10:54:33,578] {taskinstance.py:1569} INFO - Exporting the following env vars:
AIRFLOW_CTX_DAG_OWNER=airflow
AIRFLOW_CTX_DAG_ID=get_crypto_dag
AIRFLOW_CTX_TASK_ID=DOGE
AIRFLOW_CTX_EXECUTION_DATE=2023-06-14T00:00:00+00:00
AIRFLOW_CTX_TRY_NUMBER=1
AIRFLOW_CTX_DAG_RUN_ID=scheduled__2023-06-14T00:00:00+00:00
[2023-07-18 10:54:34,096] {base.py:162} ERROR - DOGE: No timezone found, symbol may be delisted
[2023-07-18 10:54:34,105] {python.py:173} INFO - Done. Returned value was: None
[2023-07-18 10:54:34,155] {taskinstance.py:1395} INFO - Marking task as SUCCESS. dag_id=get_crypto_dag, task_id=DOGE, execution_date=20230614T000000, start_date=20230718T135433, end_date=20230718T135434
[2023-07-18 10:54:34,230] {local_task_job.py:156} INFO - Task exited with return code 0
[2023-07-18 10:54:34,352] {local_task_job.py:273} INFO - 0 downstream tasks scheduled from follow-on schedule check
