[2023-07-17 22:19:51,050] {taskinstance.py:1159} INFO - Dependencies all met for <TaskInstance: get_crypto_dag.DOGE scheduled__2023-06-21T00:00:00+00:00 [queued]>
[2023-07-17 22:19:51,064] {taskinstance.py:1159} INFO - Dependencies all met for <TaskInstance: get_crypto_dag.DOGE scheduled__2023-06-21T00:00:00+00:00 [queued]>
[2023-07-17 22:19:51,064] {taskinstance.py:1356} INFO - 
--------------------------------------------------------------------------------
[2023-07-17 22:19:51,064] {taskinstance.py:1357} INFO - Starting attempt 1 of 1
[2023-07-17 22:19:51,064] {taskinstance.py:1358} INFO - 
--------------------------------------------------------------------------------
[2023-07-17 22:19:51,077] {taskinstance.py:1377} INFO - Executing <Task(_PythonDecoratedOperator): DOGE> on 2023-06-21 00:00:00+00:00
[2023-07-17 22:19:51,083] {standard_task_runner.py:52} INFO - Started process 98216 to run task
[2023-07-17 22:19:51,086] {standard_task_runner.py:79} INFO - Running: ['airflow', 'tasks', 'run', 'get_crypto_dag', 'DOGE', 'scheduled__2023-06-21T00:00:00+00:00', '--job-id', '1117', '--raw', '--subdir', 'DAGS_FOLDER/get_crypto.py', '--cfg-path', '/tmp/tmp8eve3f5d', '--error-file', '/tmp/tmp5wlfhihh']
[2023-07-17 22:19:51,087] {standard_task_runner.py:80} INFO - Job 1117: Subtask DOGE
[2023-07-17 22:19:51,151] {task_command.py:370} INFO - Running <TaskInstance: get_crypto_dag.DOGE scheduled__2023-06-21T00:00:00+00:00 [running]> on host lucas-Estudos
[2023-07-17 22:19:51,252] {taskinstance.py:1569} INFO - Exporting the following env vars:
AIRFLOW_CTX_DAG_OWNER=airflow
AIRFLOW_CTX_DAG_ID=get_crypto_dag
AIRFLOW_CTX_TASK_ID=DOGE
AIRFLOW_CTX_EXECUTION_DATE=2023-06-21T00:00:00+00:00
AIRFLOW_CTX_TRY_NUMBER=1
AIRFLOW_CTX_DAG_RUN_ID=scheduled__2023-06-21T00:00:00+00:00
[2023-07-17 22:19:54,915] {base.py:162} ERROR - DOGE: No timezone found, symbol may be delisted
[2023-07-17 22:19:54,925] {python.py:173} INFO - Done. Returned value was: None
[2023-07-17 22:19:54,980] {taskinstance.py:1395} INFO - Marking task as SUCCESS. dag_id=get_crypto_dag, task_id=DOGE, execution_date=20230621T000000, start_date=20230718T011951, end_date=20230718T011954
[2023-07-17 22:19:55,032] {local_task_job.py:156} INFO - Task exited with return code 0
[2023-07-17 22:19:55,157] {local_task_job.py:273} INFO - 0 downstream tasks scheduled from follow-on schedule check
[2023-07-18 11:00:00,023] {taskinstance.py:1159} INFO - Dependencies all met for <TaskInstance: get_crypto_dag.DOGE scheduled__2023-06-21T00:00:00+00:00 [queued]>
[2023-07-18 11:00:00,050] {taskinstance.py:1159} INFO - Dependencies all met for <TaskInstance: get_crypto_dag.DOGE scheduled__2023-06-21T00:00:00+00:00 [queued]>
[2023-07-18 11:00:00,051] {taskinstance.py:1356} INFO - 
--------------------------------------------------------------------------------
[2023-07-18 11:00:00,051] {taskinstance.py:1357} INFO - Starting attempt 1 of 1
[2023-07-18 11:00:00,051] {taskinstance.py:1358} INFO - 
--------------------------------------------------------------------------------
[2023-07-18 11:00:00,081] {taskinstance.py:1377} INFO - Executing <Task(_PythonDecoratedOperator): DOGE> on 2023-06-21 00:00:00+00:00
[2023-07-18 11:00:00,092] {standard_task_runner.py:52} INFO - Started process 24901 to run task
[2023-07-18 11:00:00,099] {standard_task_runner.py:79} INFO - Running: ['airflow', 'tasks', 'run', 'get_crypto_dag', 'DOGE', 'scheduled__2023-06-21T00:00:00+00:00', '--job-id', '1507', '--raw', '--subdir', 'DAGS_FOLDER/get_crypto.py', '--cfg-path', '/tmp/tmpiz7unawm', '--error-file', '/tmp/tmp59ux64mw']
[2023-07-18 11:00:00,101] {standard_task_runner.py:80} INFO - Job 1507: Subtask DOGE
[2023-07-18 11:00:00,296] {task_command.py:370} INFO - Running <TaskInstance: get_crypto_dag.DOGE scheduled__2023-06-21T00:00:00+00:00 [running]> on host lucas-Estudos
[2023-07-18 11:00:00,530] {taskinstance.py:1569} INFO - Exporting the following env vars:
AIRFLOW_CTX_DAG_OWNER=airflow
AIRFLOW_CTX_DAG_ID=get_crypto_dag
AIRFLOW_CTX_TASK_ID=DOGE
AIRFLOW_CTX_EXECUTION_DATE=2023-06-21T00:00:00+00:00
AIRFLOW_CTX_TRY_NUMBER=1
AIRFLOW_CTX_DAG_RUN_ID=scheduled__2023-06-21T00:00:00+00:00
[2023-07-18 11:00:10,281] {base.py:162} ERROR - DOGE: No timezone found, symbol may be delisted
[2023-07-18 11:00:10,289] {python.py:173} INFO - Done. Returned value was: None
[2023-07-18 11:00:10,339] {taskinstance.py:1395} INFO - Marking task as SUCCESS. dag_id=get_crypto_dag, task_id=DOGE, execution_date=20230621T000000, start_date=20230718T140000, end_date=20230718T140010
[2023-07-18 11:00:10,452] {local_task_job.py:156} INFO - Task exited with return code 0
[2023-07-18 11:00:10,564] {local_task_job.py:273} INFO - 0 downstream tasks scheduled from follow-on schedule check
