[2023-07-17 22:18:55,020] {taskinstance.py:1159} INFO - Dependencies all met for <TaskInstance: get_crypto_dag.BTC scheduled__2023-06-20T00:00:00+00:00 [queued]>
[2023-07-17 22:18:55,051] {taskinstance.py:1159} INFO - Dependencies all met for <TaskInstance: get_crypto_dag.BTC scheduled__2023-06-20T00:00:00+00:00 [queued]>
[2023-07-17 22:18:55,051] {taskinstance.py:1356} INFO - 
--------------------------------------------------------------------------------
[2023-07-17 22:18:55,051] {taskinstance.py:1357} INFO - Starting attempt 1 of 1
[2023-07-17 22:18:55,052] {taskinstance.py:1358} INFO - 
--------------------------------------------------------------------------------
[2023-07-17 22:18:55,076] {taskinstance.py:1377} INFO - Executing <Task(_PythonDecoratedOperator): BTC> on 2023-06-20 00:00:00+00:00
[2023-07-17 22:18:55,083] {standard_task_runner.py:52} INFO - Started process 96330 to run task
[2023-07-17 22:18:55,090] {standard_task_runner.py:79} INFO - Running: ['airflow', 'tasks', 'run', 'get_crypto_dag', 'BTC', 'scheduled__2023-06-20T00:00:00+00:00', '--job-id', '1103', '--raw', '--subdir', 'DAGS_FOLDER/get_crypto.py', '--cfg-path', '/tmp/tmpwkjwyvk5', '--error-file', '/tmp/tmpo09bb1cu']
[2023-07-17 22:18:55,091] {standard_task_runner.py:80} INFO - Job 1103: Subtask BTC
[2023-07-17 22:18:55,176] {task_command.py:370} INFO - Running <TaskInstance: get_crypto_dag.BTC scheduled__2023-06-20T00:00:00+00:00 [running]> on host lucas-Estudos
[2023-07-17 22:18:55,262] {taskinstance.py:1569} INFO - Exporting the following env vars:
AIRFLOW_CTX_DAG_OWNER=airflow
AIRFLOW_CTX_DAG_ID=get_crypto_dag
AIRFLOW_CTX_TASK_ID=BTC
AIRFLOW_CTX_EXECUTION_DATE=2023-06-20T00:00:00+00:00
AIRFLOW_CTX_TRY_NUMBER=1
AIRFLOW_CTX_DAG_RUN_ID=scheduled__2023-06-20T00:00:00+00:00
[2023-07-17 22:19:05,047] {base.py:297} ERROR - BTC: No price data found, symbol may be delisted (1h 2023-06-19 -> 2023-06-20)
[2023-07-17 22:19:05,055] {python.py:173} INFO - Done. Returned value was: None
[2023-07-17 22:19:05,109] {taskinstance.py:1395} INFO - Marking task as SUCCESS. dag_id=get_crypto_dag, task_id=BTC, execution_date=20230620T000000, start_date=20230718T011855, end_date=20230718T011905
[2023-07-17 22:19:05,176] {local_task_job.py:156} INFO - Task exited with return code 0
[2023-07-17 22:19:05,284] {local_task_job.py:273} INFO - 0 downstream tasks scheduled from follow-on schedule check
[2023-07-18 10:59:08,621] {taskinstance.py:1159} INFO - Dependencies all met for <TaskInstance: get_crypto_dag.BTC scheduled__2023-06-20T00:00:00+00:00 [queued]>
[2023-07-18 10:59:08,649] {taskinstance.py:1159} INFO - Dependencies all met for <TaskInstance: get_crypto_dag.BTC scheduled__2023-06-20T00:00:00+00:00 [queued]>
[2023-07-18 10:59:08,649] {taskinstance.py:1356} INFO - 
--------------------------------------------------------------------------------
[2023-07-18 10:59:08,650] {taskinstance.py:1357} INFO - Starting attempt 1 of 1
[2023-07-18 10:59:08,650] {taskinstance.py:1358} INFO - 
--------------------------------------------------------------------------------
[2023-07-18 10:59:08,681] {taskinstance.py:1377} INFO - Executing <Task(_PythonDecoratedOperator): BTC> on 2023-06-20 00:00:00+00:00
[2023-07-18 10:59:08,691] {standard_task_runner.py:52} INFO - Started process 24670 to run task
[2023-07-18 10:59:08,698] {standard_task_runner.py:79} INFO - Running: ['airflow', 'tasks', 'run', 'get_crypto_dag', 'BTC', 'scheduled__2023-06-20T00:00:00+00:00', '--job-id', '1499', '--raw', '--subdir', 'DAGS_FOLDER/get_crypto.py', '--cfg-path', '/tmp/tmp1yxw5hwm', '--error-file', '/tmp/tmpud3l4xjg']
[2023-07-18 10:59:08,700] {standard_task_runner.py:80} INFO - Job 1499: Subtask BTC
[2023-07-18 10:59:08,898] {task_command.py:370} INFO - Running <TaskInstance: get_crypto_dag.BTC scheduled__2023-06-20T00:00:00+00:00 [running]> on host lucas-Estudos
[2023-07-18 10:59:09,123] {taskinstance.py:1569} INFO - Exporting the following env vars:
AIRFLOW_CTX_DAG_OWNER=airflow
AIRFLOW_CTX_DAG_ID=get_crypto_dag
AIRFLOW_CTX_TASK_ID=BTC
AIRFLOW_CTX_EXECUTION_DATE=2023-06-20T00:00:00+00:00
AIRFLOW_CTX_TRY_NUMBER=1
AIRFLOW_CTX_DAG_RUN_ID=scheduled__2023-06-20T00:00:00+00:00
[2023-07-18 10:59:09,764] {base.py:297} ERROR - BTC: No price data found, symbol may be delisted (1h 2023-06-19 -> 2023-06-20)
[2023-07-18 10:59:09,770] {python.py:173} INFO - Done. Returned value was: None
[2023-07-18 10:59:09,823] {taskinstance.py:1395} INFO - Marking task as SUCCESS. dag_id=get_crypto_dag, task_id=BTC, execution_date=20230620T000000, start_date=20230718T135908, end_date=20230718T135909
[2023-07-18 10:59:09,873] {local_task_job.py:156} INFO - Task exited with return code 0
[2023-07-18 10:59:09,988] {local_task_job.py:273} INFO - 0 downstream tasks scheduled from follow-on schedule check
