[2023-07-18 11:06:11,548] {taskinstance.py:1159} INFO - Dependencies all met for <TaskInstance: get_crypto_dag.BTC scheduled__2023-06-29T00:00:00+00:00 [queued]>
[2023-07-18 11:06:11,555] {taskinstance.py:1159} INFO - Dependencies all met for <TaskInstance: get_crypto_dag.BTC scheduled__2023-06-29T00:00:00+00:00 [queued]>
[2023-07-18 11:06:11,555] {taskinstance.py:1356} INFO - 
--------------------------------------------------------------------------------
[2023-07-18 11:06:11,556] {taskinstance.py:1357} INFO - Starting attempt 1 of 1
[2023-07-18 11:06:11,556] {taskinstance.py:1358} INFO - 
--------------------------------------------------------------------------------
[2023-07-18 11:06:11,565] {taskinstance.py:1377} INFO - Executing <Task(_PythonDecoratedOperator): BTC> on 2023-06-29 00:00:00+00:00
[2023-07-18 11:06:11,569] {standard_task_runner.py:52} INFO - Started process 26622 to run task
[2023-07-18 11:06:11,572] {standard_task_runner.py:79} INFO - Running: ['airflow', 'tasks', 'run', 'get_crypto_dag', 'BTC', 'scheduled__2023-06-29T00:00:00+00:00', '--job-id', '1561', '--raw', '--subdir', 'DAGS_FOLDER/get_crypto.py', '--cfg-path', '/tmp/tmpj1u3l2_n', '--error-file', '/tmp/tmpyuxrxyn5']
[2023-07-18 11:06:11,573] {standard_task_runner.py:80} INFO - Job 1561: Subtask BTC
[2023-07-18 11:06:11,712] {task_command.py:370} INFO - Running <TaskInstance: get_crypto_dag.BTC scheduled__2023-06-29T00:00:00+00:00 [running]> on host lucas-Estudos
[2023-07-18 11:06:11,949] {taskinstance.py:1569} INFO - Exporting the following env vars:
AIRFLOW_CTX_DAG_OWNER=airflow
AIRFLOW_CTX_DAG_ID=get_crypto_dag
AIRFLOW_CTX_TASK_ID=BTC
AIRFLOW_CTX_EXECUTION_DATE=2023-06-29T00:00:00+00:00
AIRFLOW_CTX_TRY_NUMBER=1
AIRFLOW_CTX_DAG_RUN_ID=scheduled__2023-06-29T00:00:00+00:00
[2023-07-18 11:06:12,513] {base.py:297} ERROR - BTC: No price data found, symbol may be delisted (1h 2023-06-28 -> 2023-06-29)
[2023-07-18 11:06:12,519] {python.py:173} INFO - Done. Returned value was: None
[2023-07-18 11:06:12,572] {taskinstance.py:1395} INFO - Marking task as SUCCESS. dag_id=get_crypto_dag, task_id=BTC, execution_date=20230629T000000, start_date=20230718T140611, end_date=20230718T140612
[2023-07-18 11:06:12,627] {local_task_job.py:156} INFO - Task exited with return code 0
[2023-07-18 11:06:12,769] {local_task_job.py:273} INFO - 0 downstream tasks scheduled from follow-on schedule check
