[2023-07-17 16:22:51,582] {taskinstance.py:1159} INFO - Dependencies all met for <TaskInstance: get_stocks_dag.MSFT scheduled__2023-05-11T00:00:00+00:00 [queued]>
[2023-07-17 16:22:51,646] {taskinstance.py:1159} INFO - Dependencies all met for <TaskInstance: get_stocks_dag.MSFT scheduled__2023-05-11T00:00:00+00:00 [queued]>
[2023-07-17 16:22:51,646] {taskinstance.py:1356} INFO - 
--------------------------------------------------------------------------------
[2023-07-17 16:22:51,647] {taskinstance.py:1357} INFO - Starting attempt 1 of 1
[2023-07-17 16:22:51,647] {taskinstance.py:1358} INFO - 
--------------------------------------------------------------------------------
[2023-07-17 16:22:51,672] {taskinstance.py:1377} INFO - Executing <Task(_PythonDecoratedOperator): MSFT> on 2023-05-11 00:00:00+00:00
[2023-07-17 16:22:51,680] {standard_task_runner.py:52} INFO - Started process 7524 to run task
[2023-07-17 16:22:51,706] {standard_task_runner.py:79} INFO - Running: ['airflow', 'tasks', 'run', 'get_stocks_dag', 'MSFT', 'scheduled__2023-05-11T00:00:00+00:00', '--job-id', '85', '--raw', '--subdir', 'DAGS_FOLDER/get_stocks.py', '--cfg-path', '/tmp/tmpg0pfuhbs', '--error-file', '/tmp/tmp62jgn8dt']
[2023-07-17 16:22:51,707] {standard_task_runner.py:80} INFO - Job 85: Subtask MSFT
[2023-07-17 16:22:51,998] {task_command.py:370} INFO - Running <TaskInstance: get_stocks_dag.MSFT scheduled__2023-05-11T00:00:00+00:00 [running]> on host lucas-Estudos
[2023-07-17 16:22:52,222] {taskinstance.py:1569} INFO - Exporting the following env vars:
AIRFLOW_CTX_DAG_OWNER=airflow
AIRFLOW_CTX_DAG_ID=get_stocks_dag
AIRFLOW_CTX_TASK_ID=MSFT
AIRFLOW_CTX_EXECUTION_DATE=2023-05-11T00:00:00+00:00
AIRFLOW_CTX_TRY_NUMBER=1
AIRFLOW_CTX_DAG_RUN_ID=scheduled__2023-05-11T00:00:00+00:00
[2023-07-17 16:22:52,974] {python.py:173} INFO - Done. Returned value was: None
[2023-07-17 16:22:53,143] {taskinstance.py:1395} INFO - Marking task as SUCCESS. dag_id=get_stocks_dag, task_id=MSFT, execution_date=20230511T000000, start_date=20230717T192251, end_date=20230717T192253
[2023-07-17 16:22:53,199] {local_task_job.py:156} INFO - Task exited with return code 0
[2023-07-17 16:22:53,330] {local_task_job.py:273} INFO - 0 downstream tasks scheduled from follow-on schedule check
[2023-07-17 16:54:10,917] {taskinstance.py:1159} INFO - Dependencies all met for <TaskInstance: get_stocks_dag.MSFT scheduled__2023-05-11T00:00:00+00:00 [queued]>
[2023-07-17 16:54:10,966] {taskinstance.py:1159} INFO - Dependencies all met for <TaskInstance: get_stocks_dag.MSFT scheduled__2023-05-11T00:00:00+00:00 [queued]>
[2023-07-17 16:54:10,966] {taskinstance.py:1356} INFO - 
--------------------------------------------------------------------------------
[2023-07-17 16:54:10,966] {taskinstance.py:1357} INFO - Starting attempt 1 of 1
[2023-07-17 16:54:10,966] {taskinstance.py:1358} INFO - 
--------------------------------------------------------------------------------
[2023-07-17 16:54:11,108] {taskinstance.py:1377} INFO - Executing <Task(_PythonDecoratedOperator): MSFT> on 2023-05-11 00:00:00+00:00
[2023-07-17 16:54:11,149] {standard_task_runner.py:52} INFO - Started process 20327 to run task
[2023-07-17 16:54:11,200] {standard_task_runner.py:79} INFO - Running: ['airflow', 'tasks', 'run', 'get_stocks_dag', 'MSFT', 'scheduled__2023-05-11T00:00:00+00:00', '--job-id', '299', '--raw', '--subdir', 'DAGS_FOLDER/get_stocks.py', '--cfg-path', '/tmp/tmpnamek93y', '--error-file', '/tmp/tmpzrfq71pr']
[2023-07-17 16:54:11,201] {standard_task_runner.py:80} INFO - Job 299: Subtask MSFT
[2023-07-17 16:54:11,522] {task_command.py:370} INFO - Running <TaskInstance: get_stocks_dag.MSFT scheduled__2023-05-11T00:00:00+00:00 [running]> on host lucas-Estudos
[2023-07-17 16:54:11,900] {taskinstance.py:1569} INFO - Exporting the following env vars:
AIRFLOW_CTX_DAG_OWNER=airflow
AIRFLOW_CTX_DAG_ID=get_stocks_dag
AIRFLOW_CTX_TASK_ID=MSFT
AIRFLOW_CTX_EXECUTION_DATE=2023-05-11T00:00:00+00:00
AIRFLOW_CTX_TRY_NUMBER=1
AIRFLOW_CTX_DAG_RUN_ID=scheduled__2023-05-11T00:00:00+00:00
[2023-07-17 16:54:12,500] {python.py:173} INFO - Done. Returned value was: None
[2023-07-17 16:54:12,528] {taskinstance.py:1395} INFO - Marking task as SUCCESS. dag_id=get_stocks_dag, task_id=MSFT, execution_date=20230511T000000, start_date=20230717T195410, end_date=20230717T195412
[2023-07-17 16:54:12,586] {local_task_job.py:156} INFO - Task exited with return code 0
[2023-07-17 16:54:12,650] {local_task_job.py:273} INFO - 0 downstream tasks scheduled from follow-on schedule check
[2023-07-17 20:57:48,715] {taskinstance.py:1159} INFO - Dependencies all met for <TaskInstance: get_stocks_dag.MSFT scheduled__2023-05-11T00:00:00+00:00 [queued]>
[2023-07-17 20:57:48,726] {taskinstance.py:1159} INFO - Dependencies all met for <TaskInstance: get_stocks_dag.MSFT scheduled__2023-05-11T00:00:00+00:00 [queued]>
[2023-07-17 20:57:48,726] {taskinstance.py:1356} INFO - 
--------------------------------------------------------------------------------
[2023-07-17 20:57:48,726] {taskinstance.py:1357} INFO - Starting attempt 1 of 1
[2023-07-17 20:57:48,726] {taskinstance.py:1358} INFO - 
--------------------------------------------------------------------------------
[2023-07-17 20:57:48,743] {taskinstance.py:1377} INFO - Executing <Task(_PythonDecoratedOperator): MSFT> on 2023-05-11 00:00:00+00:00
[2023-07-17 20:57:48,751] {standard_task_runner.py:52} INFO - Started process 16339 to run task
[2023-07-17 20:57:48,757] {standard_task_runner.py:79} INFO - Running: ['airflow', 'tasks', 'run', 'get_stocks_dag', 'MSFT', 'scheduled__2023-05-11T00:00:00+00:00', '--job-id', '517', '--raw', '--subdir', 'DAGS_FOLDER/get_stocks.py', '--cfg-path', '/tmp/tmp6mddrq0a', '--error-file', '/tmp/tmp8nymeyj_']
[2023-07-17 20:57:48,759] {standard_task_runner.py:80} INFO - Job 517: Subtask MSFT
[2023-07-17 20:57:48,975] {task_command.py:370} INFO - Running <TaskInstance: get_stocks_dag.MSFT scheduled__2023-05-11T00:00:00+00:00 [running]> on host lucas-Estudos
[2023-07-17 20:57:49,220] {taskinstance.py:1569} INFO - Exporting the following env vars:
AIRFLOW_CTX_DAG_OWNER=airflow
AIRFLOW_CTX_DAG_ID=get_stocks_dag
AIRFLOW_CTX_TASK_ID=MSFT
AIRFLOW_CTX_EXECUTION_DATE=2023-05-11T00:00:00+00:00
AIRFLOW_CTX_TRY_NUMBER=1
AIRFLOW_CTX_DAG_RUN_ID=scheduled__2023-05-11T00:00:00+00:00
[2023-07-17 20:58:06,981] {python.py:173} INFO - Done. Returned value was: None
[2023-07-17 20:58:07,035] {taskinstance.py:1395} INFO - Marking task as SUCCESS. dag_id=get_stocks_dag, task_id=MSFT, execution_date=20230511T000000, start_date=20230717T235748, end_date=20230717T235807
[2023-07-17 20:58:07,104] {local_task_job.py:156} INFO - Task exited with return code 0
[2023-07-17 20:58:07,236] {local_task_job.py:273} INFO - 0 downstream tasks scheduled from follow-on schedule check
[2023-07-17 21:56:38,012] {taskinstance.py:1159} INFO - Dependencies all met for <TaskInstance: get_stocks_dag.MSFT scheduled__2023-05-11T00:00:00+00:00 [queued]>
[2023-07-17 21:56:38,048] {taskinstance.py:1159} INFO - Dependencies all met for <TaskInstance: get_stocks_dag.MSFT scheduled__2023-05-11T00:00:00+00:00 [queued]>
[2023-07-17 21:56:38,048] {taskinstance.py:1356} INFO - 
--------------------------------------------------------------------------------
[2023-07-17 21:56:38,049] {taskinstance.py:1357} INFO - Starting attempt 1 of 1
[2023-07-17 21:56:38,049] {taskinstance.py:1358} INFO - 
--------------------------------------------------------------------------------
[2023-07-17 21:56:38,088] {taskinstance.py:1377} INFO - Executing <Task(_PythonDecoratedOperator): MSFT> on 2023-05-11 00:00:00+00:00
[2023-07-17 21:56:38,104] {standard_task_runner.py:52} INFO - Started process 51157 to run task
[2023-07-17 21:56:38,119] {standard_task_runner.py:79} INFO - Running: ['airflow', 'tasks', 'run', 'get_stocks_dag', 'MSFT', 'scheduled__2023-05-11T00:00:00+00:00', '--job-id', '774', '--raw', '--subdir', 'DAGS_FOLDER/get_stocks.py', '--cfg-path', '/tmp/tmptww7_1b6', '--error-file', '/tmp/tmpwq8y8coj']
[2023-07-17 21:56:38,122] {standard_task_runner.py:80} INFO - Job 774: Subtask MSFT
[2023-07-17 21:56:38,244] {task_command.py:370} INFO - Running <TaskInstance: get_stocks_dag.MSFT scheduled__2023-05-11T00:00:00+00:00 [running]> on host lucas-Estudos
[2023-07-17 21:56:38,349] {taskinstance.py:1569} INFO - Exporting the following env vars:
AIRFLOW_CTX_DAG_OWNER=airflow
AIRFLOW_CTX_DAG_ID=get_stocks_dag
AIRFLOW_CTX_TASK_ID=MSFT
AIRFLOW_CTX_EXECUTION_DATE=2023-05-11T00:00:00+00:00
AIRFLOW_CTX_TRY_NUMBER=1
AIRFLOW_CTX_DAG_RUN_ID=scheduled__2023-05-11T00:00:00+00:00
[2023-07-17 21:56:43,013] {python.py:173} INFO - Done. Returned value was: None
[2023-07-17 21:56:43,067] {taskinstance.py:1395} INFO - Marking task as SUCCESS. dag_id=get_stocks_dag, task_id=MSFT, execution_date=20230511T000000, start_date=20230718T005638, end_date=20230718T005643
[2023-07-17 21:56:43,120] {local_task_job.py:156} INFO - Task exited with return code 0
[2023-07-17 21:56:43,241] {local_task_job.py:273} INFO - 0 downstream tasks scheduled from follow-on schedule check
[2023-07-18 10:29:01,516] {taskinstance.py:1159} INFO - Dependencies all met for <TaskInstance: get_stocks_dag.MSFT scheduled__2023-05-11T00:00:00+00:00 [queued]>
[2023-07-18 10:29:01,541] {taskinstance.py:1159} INFO - Dependencies all met for <TaskInstance: get_stocks_dag.MSFT scheduled__2023-05-11T00:00:00+00:00 [queued]>
[2023-07-18 10:29:01,541] {taskinstance.py:1356} INFO - 
--------------------------------------------------------------------------------
[2023-07-18 10:29:01,541] {taskinstance.py:1357} INFO - Starting attempt 1 of 1
[2023-07-18 10:29:01,542] {taskinstance.py:1358} INFO - 
--------------------------------------------------------------------------------
[2023-07-18 10:29:01,572] {taskinstance.py:1377} INFO - Executing <Task(_PythonDecoratedOperator): MSFT> on 2023-05-11 00:00:00+00:00
[2023-07-18 10:29:01,583] {standard_task_runner.py:52} INFO - Started process 12191 to run task
[2023-07-18 10:29:01,590] {standard_task_runner.py:79} INFO - Running: ['airflow', 'tasks', 'run', 'get_stocks_dag', 'MSFT', 'scheduled__2023-05-11T00:00:00+00:00', '--job-id', '1224', '--raw', '--subdir', 'DAGS_FOLDER/get_stocks.py', '--cfg-path', '/tmp/tmpn4xeg_e1', '--error-file', '/tmp/tmpc2cqntix']
[2023-07-18 10:29:01,592] {standard_task_runner.py:80} INFO - Job 1224: Subtask MSFT
[2023-07-18 10:29:01,775] {task_command.py:370} INFO - Running <TaskInstance: get_stocks_dag.MSFT scheduled__2023-05-11T00:00:00+00:00 [running]> on host lucas-Estudos
[2023-07-18 10:29:01,984] {taskinstance.py:1569} INFO - Exporting the following env vars:
AIRFLOW_CTX_DAG_OWNER=airflow
AIRFLOW_CTX_DAG_ID=get_stocks_dag
AIRFLOW_CTX_TASK_ID=MSFT
AIRFLOW_CTX_EXECUTION_DATE=2023-05-11T00:00:00+00:00
AIRFLOW_CTX_TRY_NUMBER=1
AIRFLOW_CTX_DAG_RUN_ID=scheduled__2023-05-11T00:00:00+00:00
[2023-07-18 10:29:02,493] {python.py:173} INFO - Done. Returned value was: None
[2023-07-18 10:29:02,540] {taskinstance.py:1395} INFO - Marking task as SUCCESS. dag_id=get_stocks_dag, task_id=MSFT, execution_date=20230511T000000, start_date=20230718T132901, end_date=20230718T132902
[2023-07-18 10:29:02,604] {local_task_job.py:156} INFO - Task exited with return code 0
[2023-07-18 10:29:02,716] {local_task_job.py:273} INFO - 0 downstream tasks scheduled from follow-on schedule check
