[2023-07-17 16:23:30,729] {taskinstance.py:1159} INFO - Dependencies all met for <TaskInstance: get_stocks_dag.MSFT scheduled__2023-06-21T00:00:00+00:00 [queued]>
[2023-07-17 16:23:30,749] {taskinstance.py:1159} INFO - Dependencies all met for <TaskInstance: get_stocks_dag.MSFT scheduled__2023-06-21T00:00:00+00:00 [queued]>
[2023-07-17 16:23:30,749] {taskinstance.py:1356} INFO - 
--------------------------------------------------------------------------------
[2023-07-17 16:23:30,749] {taskinstance.py:1357} INFO - Starting attempt 1 of 1
[2023-07-17 16:23:30,749] {taskinstance.py:1358} INFO - 
--------------------------------------------------------------------------------
[2023-07-17 16:23:30,798] {taskinstance.py:1377} INFO - Executing <Task(_PythonDecoratedOperator): MSFT> on 2023-06-21 00:00:00+00:00
[2023-07-17 16:23:30,811] {standard_task_runner.py:52} INFO - Started process 10921 to run task
[2023-07-17 16:23:30,825] {standard_task_runner.py:79} INFO - Running: ['airflow', 'tasks', 'run', 'get_stocks_dag', 'MSFT', 'scheduled__2023-06-21T00:00:00+00:00', '--job-id', '201', '--raw', '--subdir', 'DAGS_FOLDER/get_stocks.py', '--cfg-path', '/tmp/tmprpf5fcva', '--error-file', '/tmp/tmp701vh8l1']
[2023-07-17 16:23:30,826] {standard_task_runner.py:80} INFO - Job 201: Subtask MSFT
[2023-07-17 16:23:31,062] {task_command.py:370} INFO - Running <TaskInstance: get_stocks_dag.MSFT scheduled__2023-06-21T00:00:00+00:00 [running]> on host lucas-Estudos
[2023-07-17 16:23:31,515] {taskinstance.py:1569} INFO - Exporting the following env vars:
AIRFLOW_CTX_DAG_OWNER=airflow
AIRFLOW_CTX_DAG_ID=get_stocks_dag
AIRFLOW_CTX_TASK_ID=MSFT
AIRFLOW_CTX_EXECUTION_DATE=2023-06-21T00:00:00+00:00
AIRFLOW_CTX_TRY_NUMBER=1
AIRFLOW_CTX_DAG_RUN_ID=scheduled__2023-06-21T00:00:00+00:00
[2023-07-17 16:23:32,415] {python.py:173} INFO - Done. Returned value was: None
[2023-07-17 16:23:32,630] {taskinstance.py:1395} INFO - Marking task as SUCCESS. dag_id=get_stocks_dag, task_id=MSFT, execution_date=20230621T000000, start_date=20230717T192330, end_date=20230717T192332
[2023-07-17 16:23:32,744] {local_task_job.py:156} INFO - Task exited with return code 0
[2023-07-17 16:23:32,839] {local_task_job.py:273} INFO - 0 downstream tasks scheduled from follow-on schedule check
[2023-07-17 16:54:48,766] {taskinstance.py:1159} INFO - Dependencies all met for <TaskInstance: get_stocks_dag.MSFT scheduled__2023-06-21T00:00:00+00:00 [queued]>
[2023-07-17 16:54:48,806] {taskinstance.py:1159} INFO - Dependencies all met for <TaskInstance: get_stocks_dag.MSFT scheduled__2023-06-21T00:00:00+00:00 [queued]>
[2023-07-17 16:54:48,806] {taskinstance.py:1356} INFO - 
--------------------------------------------------------------------------------
[2023-07-17 16:54:48,806] {taskinstance.py:1357} INFO - Starting attempt 1 of 1
[2023-07-17 16:54:48,806] {taskinstance.py:1358} INFO - 
--------------------------------------------------------------------------------
[2023-07-17 16:54:48,830] {taskinstance.py:1377} INFO - Executing <Task(_PythonDecoratedOperator): MSFT> on 2023-06-21 00:00:00+00:00
[2023-07-17 16:54:48,835] {standard_task_runner.py:52} INFO - Started process 23643 to run task
[2023-07-17 16:54:48,845] {standard_task_runner.py:79} INFO - Running: ['airflow', 'tasks', 'run', 'get_stocks_dag', 'MSFT', 'scheduled__2023-06-21T00:00:00+00:00', '--job-id', '414', '--raw', '--subdir', 'DAGS_FOLDER/get_stocks.py', '--cfg-path', '/tmp/tmp0_a912xk', '--error-file', '/tmp/tmp5j47yjs0']
[2023-07-17 16:54:48,883] {standard_task_runner.py:80} INFO - Job 414: Subtask MSFT
[2023-07-17 16:54:49,177] {task_command.py:370} INFO - Running <TaskInstance: get_stocks_dag.MSFT scheduled__2023-06-21T00:00:00+00:00 [running]> on host lucas-Estudos
[2023-07-17 16:54:49,361] {taskinstance.py:1569} INFO - Exporting the following env vars:
AIRFLOW_CTX_DAG_OWNER=airflow
AIRFLOW_CTX_DAG_ID=get_stocks_dag
AIRFLOW_CTX_TASK_ID=MSFT
AIRFLOW_CTX_EXECUTION_DATE=2023-06-21T00:00:00+00:00
AIRFLOW_CTX_TRY_NUMBER=1
AIRFLOW_CTX_DAG_RUN_ID=scheduled__2023-06-21T00:00:00+00:00
[2023-07-17 16:54:49,946] {python.py:173} INFO - Done. Returned value was: None
[2023-07-17 16:54:49,985] {taskinstance.py:1395} INFO - Marking task as SUCCESS. dag_id=get_stocks_dag, task_id=MSFT, execution_date=20230621T000000, start_date=20230717T195448, end_date=20230717T195449
[2023-07-17 16:54:50,024] {local_task_job.py:156} INFO - Task exited with return code 0
[2023-07-17 16:54:50,291] {local_task_job.py:273} INFO - 0 downstream tasks scheduled from follow-on schedule check
[2023-07-17 21:05:36,215] {taskinstance.py:1159} INFO - Dependencies all met for <TaskInstance: get_stocks_dag.MSFT scheduled__2023-06-21T00:00:00+00:00 [queued]>
[2023-07-17 21:05:36,223] {taskinstance.py:1159} INFO - Dependencies all met for <TaskInstance: get_stocks_dag.MSFT scheduled__2023-06-21T00:00:00+00:00 [queued]>
[2023-07-17 21:05:36,223] {taskinstance.py:1356} INFO - 
--------------------------------------------------------------------------------
[2023-07-17 21:05:36,223] {taskinstance.py:1357} INFO - Starting attempt 1 of 1
[2023-07-17 21:05:36,223] {taskinstance.py:1358} INFO - 
--------------------------------------------------------------------------------
[2023-07-17 21:05:36,234] {taskinstance.py:1377} INFO - Executing <Task(_PythonDecoratedOperator): MSFT> on 2023-06-21 00:00:00+00:00
[2023-07-17 21:05:36,239] {standard_task_runner.py:52} INFO - Started process 29917 to run task
[2023-07-17 21:05:36,242] {standard_task_runner.py:79} INFO - Running: ['airflow', 'tasks', 'run', 'get_stocks_dag', 'MSFT', 'scheduled__2023-06-21T00:00:00+00:00', '--job-id', '633', '--raw', '--subdir', 'DAGS_FOLDER/get_stocks.py', '--cfg-path', '/tmp/tmpuuf4mkb2', '--error-file', '/tmp/tmp3fafzye0']
[2023-07-17 21:05:36,243] {standard_task_runner.py:80} INFO - Job 633: Subtask MSFT
[2023-07-17 21:05:36,316] {task_command.py:370} INFO - Running <TaskInstance: get_stocks_dag.MSFT scheduled__2023-06-21T00:00:00+00:00 [running]> on host lucas-Estudos
[2023-07-17 21:05:36,408] {taskinstance.py:1569} INFO - Exporting the following env vars:
AIRFLOW_CTX_DAG_OWNER=airflow
AIRFLOW_CTX_DAG_ID=get_stocks_dag
AIRFLOW_CTX_TASK_ID=MSFT
AIRFLOW_CTX_EXECUTION_DATE=2023-06-21T00:00:00+00:00
AIRFLOW_CTX_TRY_NUMBER=1
AIRFLOW_CTX_DAG_RUN_ID=scheduled__2023-06-21T00:00:00+00:00
[2023-07-17 21:05:49,059] {python.py:173} INFO - Done. Returned value was: None
[2023-07-17 21:05:49,082] {taskinstance.py:1395} INFO - Marking task as SUCCESS. dag_id=get_stocks_dag, task_id=MSFT, execution_date=20230621T000000, start_date=20230718T000536, end_date=20230718T000549
[2023-07-17 21:05:49,109] {local_task_job.py:156} INFO - Task exited with return code 0
[2023-07-17 21:05:49,149] {local_task_job.py:273} INFO - 0 downstream tasks scheduled from follow-on schedule check
[2023-07-17 22:12:18,358] {taskinstance.py:1159} INFO - Dependencies all met for <TaskInstance: get_stocks_dag.MSFT scheduled__2023-06-21T00:00:00+00:00 [queued]>
[2023-07-17 22:12:18,394] {taskinstance.py:1159} INFO - Dependencies all met for <TaskInstance: get_stocks_dag.MSFT scheduled__2023-06-21T00:00:00+00:00 [queued]>
[2023-07-17 22:12:18,395] {taskinstance.py:1356} INFO - 
--------------------------------------------------------------------------------
[2023-07-17 22:12:18,395] {taskinstance.py:1357} INFO - Starting attempt 1 of 1
[2023-07-17 22:12:18,395] {taskinstance.py:1358} INFO - 
--------------------------------------------------------------------------------
[2023-07-17 22:12:18,430] {taskinstance.py:1377} INFO - Executing <Task(_PythonDecoratedOperator): MSFT> on 2023-06-21 00:00:00+00:00
[2023-07-17 22:12:18,440] {standard_task_runner.py:52} INFO - Started process 82945 to run task
[2023-07-17 22:12:18,447] {standard_task_runner.py:79} INFO - Running: ['airflow', 'tasks', 'run', 'get_stocks_dag', 'MSFT', 'scheduled__2023-06-21T00:00:00+00:00', '--job-id', '1005', '--raw', '--subdir', 'DAGS_FOLDER/get_stocks.py', '--cfg-path', '/tmp/tmp4fhtwk83', '--error-file', '/tmp/tmp7b9x9fz5']
[2023-07-17 22:12:18,449] {standard_task_runner.py:80} INFO - Job 1005: Subtask MSFT
[2023-07-17 22:12:18,672] {task_command.py:370} INFO - Running <TaskInstance: get_stocks_dag.MSFT scheduled__2023-06-21T00:00:00+00:00 [running]> on host lucas-Estudos
[2023-07-17 22:12:18,859] {taskinstance.py:1569} INFO - Exporting the following env vars:
AIRFLOW_CTX_DAG_OWNER=airflow
AIRFLOW_CTX_DAG_ID=get_stocks_dag
AIRFLOW_CTX_TASK_ID=MSFT
AIRFLOW_CTX_EXECUTION_DATE=2023-06-21T00:00:00+00:00
AIRFLOW_CTX_TRY_NUMBER=1
AIRFLOW_CTX_DAG_RUN_ID=scheduled__2023-06-21T00:00:00+00:00
[2023-07-17 22:12:21,476] {python.py:173} INFO - Done. Returned value was: None
[2023-07-17 22:12:21,556] {taskinstance.py:1395} INFO - Marking task as SUCCESS. dag_id=get_stocks_dag, task_id=MSFT, execution_date=20230621T000000, start_date=20230718T011218, end_date=20230718T011221
[2023-07-17 22:12:21,596] {local_task_job.py:156} INFO - Task exited with return code 0
[2023-07-17 22:12:21,709] {local_task_job.py:273} INFO - 0 downstream tasks scheduled from follow-on schedule check
[2023-07-18 10:59:34,502] {taskinstance.py:1159} INFO - Dependencies all met for <TaskInstance: get_stocks_dag.MSFT scheduled__2023-06-21T00:00:00+00:00 [queued]>
[2023-07-18 10:59:34,532] {taskinstance.py:1159} INFO - Dependencies all met for <TaskInstance: get_stocks_dag.MSFT scheduled__2023-06-21T00:00:00+00:00 [queued]>
[2023-07-18 10:59:34,533] {taskinstance.py:1356} INFO - 
--------------------------------------------------------------------------------
[2023-07-18 10:59:34,533] {taskinstance.py:1357} INFO - Starting attempt 1 of 1
[2023-07-18 10:59:34,533] {taskinstance.py:1358} INFO - 
--------------------------------------------------------------------------------
[2023-07-18 10:59:34,563] {taskinstance.py:1377} INFO - Executing <Task(_PythonDecoratedOperator): MSFT> on 2023-06-21 00:00:00+00:00
[2023-07-18 10:59:34,573] {standard_task_runner.py:52} INFO - Started process 24789 to run task
[2023-07-18 10:59:34,580] {standard_task_runner.py:79} INFO - Running: ['airflow', 'tasks', 'run', 'get_stocks_dag', 'MSFT', 'scheduled__2023-06-21T00:00:00+00:00', '--job-id', '1503', '--raw', '--subdir', 'DAGS_FOLDER/get_stocks.py', '--cfg-path', '/tmp/tmpcxfonr3q', '--error-file', '/tmp/tmp3lw88jgr']
[2023-07-18 10:59:34,582] {standard_task_runner.py:80} INFO - Job 1503: Subtask MSFT
[2023-07-18 10:59:34,792] {task_command.py:370} INFO - Running <TaskInstance: get_stocks_dag.MSFT scheduled__2023-06-21T00:00:00+00:00 [running]> on host lucas-Estudos
[2023-07-18 10:59:35,031] {taskinstance.py:1569} INFO - Exporting the following env vars:
AIRFLOW_CTX_DAG_OWNER=airflow
AIRFLOW_CTX_DAG_ID=get_stocks_dag
AIRFLOW_CTX_TASK_ID=MSFT
AIRFLOW_CTX_EXECUTION_DATE=2023-06-21T00:00:00+00:00
AIRFLOW_CTX_TRY_NUMBER=1
AIRFLOW_CTX_DAG_RUN_ID=scheduled__2023-06-21T00:00:00+00:00
[2023-07-18 10:59:35,723] {python.py:173} INFO - Done. Returned value was: None
[2023-07-18 10:59:35,780] {taskinstance.py:1395} INFO - Marking task as SUCCESS. dag_id=get_stocks_dag, task_id=MSFT, execution_date=20230621T000000, start_date=20230718T135934, end_date=20230718T135935
[2023-07-18 10:59:35,836] {local_task_job.py:156} INFO - Task exited with return code 0
[2023-07-18 10:59:35,958] {local_task_job.py:273} INFO - 0 downstream tasks scheduled from follow-on schedule check
