[2023-07-08 01:10:51,627] {taskinstance.py:1159} INFO - Dependencies all met for <TaskInstance: dados_climaticos.extrai_dados scheduled__2023-06-26T00:00:00+00:00 [queued]>
[2023-07-08 01:10:51,633] {taskinstance.py:1159} INFO - Dependencies all met for <TaskInstance: dados_climaticos.extrai_dados scheduled__2023-06-26T00:00:00+00:00 [queued]>
[2023-07-08 01:10:51,634] {taskinstance.py:1356} INFO - 
--------------------------------------------------------------------------------
[2023-07-08 01:10:51,634] {taskinstance.py:1357} INFO - Starting attempt 1 of 1
[2023-07-08 01:10:51,634] {taskinstance.py:1358} INFO - 
--------------------------------------------------------------------------------
[2023-07-08 01:10:51,647] {taskinstance.py:1377} INFO - Executing <Task(PythonOperator): extrai_dados> on 2023-06-26 00:00:00+00:00
[2023-07-08 01:10:51,650] {standard_task_runner.py:52} INFO - Started process 39476 to run task
[2023-07-08 01:10:51,654] {standard_task_runner.py:79} INFO - Running: ['airflow', 'tasks', 'run', 'dados_climaticos', 'extrai_dados', 'scheduled__2023-06-26T00:00:00+00:00', '--job-id', '40', '--raw', '--subdir', 'DAGS_FOLDER/dados_climaticos.py', '--cfg-path', '/tmp/tmppyas8qbb', '--error-file', '/tmp/tmpbgu1i25i']
[2023-07-08 01:10:51,655] {standard_task_runner.py:80} INFO - Job 40: Subtask extrai_dados
[2023-07-08 01:10:51,677] {task_command.py:370} INFO - Running <TaskInstance: dados_climaticos.extrai_dados scheduled__2023-06-26T00:00:00+00:00 [running]> on host lucas-Estudos
[2023-07-08 01:10:51,734] {taskinstance.py:1569} INFO - Exporting the following env vars:
AIRFLOW_CTX_DAG_OWNER=airflow
AIRFLOW_CTX_DAG_ID=dados_climaticos
AIRFLOW_CTX_TASK_ID=extrai_dados
AIRFLOW_CTX_EXECUTION_DATE=2023-06-26T00:00:00+00:00
AIRFLOW_CTX_TRY_NUMBER=1
AIRFLOW_CTX_DAG_RUN_ID=scheduled__2023-06-26T00:00:00+00:00
[2023-07-08 01:10:52,955] {python.py:173} INFO - Done. Returned value was: None
[2023-07-08 01:10:52,963] {taskinstance.py:1395} INFO - Marking task as SUCCESS. dag_id=dados_climaticos, task_id=extrai_dados, execution_date=20230626T000000, start_date=20230708T041051, end_date=20230708T041052
[2023-07-08 01:10:52,992] {local_task_job.py:156} INFO - Task exited with return code 0
[2023-07-08 01:10:53,016] {local_task_job.py:273} INFO - 0 downstream tasks scheduled from follow-on schedule check
[2023-07-08 01:16:10,575] {taskinstance.py:1159} INFO - Dependencies all met for <TaskInstance: dados_climaticos.extrai_dados scheduled__2023-06-26T00:00:00+00:00 [queued]>
[2023-07-08 01:16:10,588] {taskinstance.py:1159} INFO - Dependencies all met for <TaskInstance: dados_climaticos.extrai_dados scheduled__2023-06-26T00:00:00+00:00 [queued]>
[2023-07-08 01:16:10,588] {taskinstance.py:1356} INFO - 
--------------------------------------------------------------------------------
[2023-07-08 01:16:10,589] {taskinstance.py:1357} INFO - Starting attempt 1 of 1
[2023-07-08 01:16:10,589] {taskinstance.py:1358} INFO - 
--------------------------------------------------------------------------------
[2023-07-08 01:16:10,650] {taskinstance.py:1377} INFO - Executing <Task(PythonOperator): extrai_dados> on 2023-06-26 00:00:00+00:00
[2023-07-08 01:16:10,673] {standard_task_runner.py:52} INFO - Started process 40798 to run task
[2023-07-08 01:16:10,694] {standard_task_runner.py:79} INFO - Running: ['airflow', 'tasks', 'run', 'dados_climaticos', 'extrai_dados', 'scheduled__2023-06-26T00:00:00+00:00', '--job-id', '40', '--raw', '--subdir', 'DAGS_FOLDER/dados_climaticos.py', '--cfg-path', '/tmp/tmpx4ccwgl5', '--error-file', '/tmp/tmpej8f99gz']
[2023-07-08 01:16:10,695] {standard_task_runner.py:80} INFO - Job 40: Subtask extrai_dados
[2023-07-08 01:16:10,791] {task_command.py:370} INFO - Running <TaskInstance: dados_climaticos.extrai_dados scheduled__2023-06-26T00:00:00+00:00 [running]> on host lucas-Estudos
[2023-07-08 01:16:10,982] {taskinstance.py:1569} INFO - Exporting the following env vars:
AIRFLOW_CTX_DAG_OWNER=airflow
AIRFLOW_CTX_DAG_ID=dados_climaticos
AIRFLOW_CTX_TASK_ID=extrai_dados
AIRFLOW_CTX_EXECUTION_DATE=2023-06-26T00:00:00+00:00
AIRFLOW_CTX_TRY_NUMBER=1
AIRFLOW_CTX_DAG_RUN_ID=scheduled__2023-06-26T00:00:00+00:00
[2023-07-08 01:16:12,152] {python.py:173} INFO - Done. Returned value was: None
[2023-07-08 01:16:12,210] {taskinstance.py:1395} INFO - Marking task as SUCCESS. dag_id=dados_climaticos, task_id=extrai_dados, execution_date=20230626T000000, start_date=20230708T041610, end_date=20230708T041612
[2023-07-08 01:16:12,307] {local_task_job.py:156} INFO - Task exited with return code 0
[2023-07-08 01:16:12,329] {local_task_job.py:273} INFO - 0 downstream tasks scheduled from follow-on schedule check
[2023-07-08 11:40:58,042] {taskinstance.py:1159} INFO - Dependencies all met for <TaskInstance: dados_climaticos.extrai_dados scheduled__2023-06-26T00:00:00+00:00 [queued]>
[2023-07-08 11:40:58,053] {taskinstance.py:1159} INFO - Dependencies all met for <TaskInstance: dados_climaticos.extrai_dados scheduled__2023-06-26T00:00:00+00:00 [queued]>
[2023-07-08 11:40:58,053] {taskinstance.py:1356} INFO - 
--------------------------------------------------------------------------------
[2023-07-08 11:40:58,054] {taskinstance.py:1357} INFO - Starting attempt 1 of 1
[2023-07-08 11:40:58,054] {taskinstance.py:1358} INFO - 
--------------------------------------------------------------------------------
[2023-07-08 11:40:58,076] {taskinstance.py:1377} INFO - Executing <Task(PythonOperator): extrai_dados> on 2023-06-26 00:00:00+00:00
[2023-07-08 11:40:58,081] {standard_task_runner.py:52} INFO - Started process 11521 to run task
[2023-07-08 11:40:58,084] {standard_task_runner.py:79} INFO - Running: ['airflow', 'tasks', 'run', 'dados_climaticos', 'extrai_dados', 'scheduled__2023-06-26T00:00:00+00:00', '--job-id', '46', '--raw', '--subdir', 'DAGS_FOLDER/dados_climaticos.py', '--cfg-path', '/tmp/tmp9xghpdpm', '--error-file', '/tmp/tmpeapu_f59']
[2023-07-08 11:40:58,085] {standard_task_runner.py:80} INFO - Job 46: Subtask extrai_dados
[2023-07-08 11:40:58,130] {task_command.py:370} INFO - Running <TaskInstance: dados_climaticos.extrai_dados scheduled__2023-06-26T00:00:00+00:00 [running]> on host lucas-Estudos
[2023-07-08 11:40:58,202] {taskinstance.py:1569} INFO - Exporting the following env vars:
AIRFLOW_CTX_DAG_OWNER=airflow
AIRFLOW_CTX_DAG_ID=dados_climaticos
AIRFLOW_CTX_TASK_ID=extrai_dados
AIRFLOW_CTX_EXECUTION_DATE=2023-06-26T00:00:00+00:00
AIRFLOW_CTX_TRY_NUMBER=1
AIRFLOW_CTX_DAG_RUN_ID=scheduled__2023-06-26T00:00:00+00:00
[2023-07-08 11:40:59,140] {python.py:173} INFO - Done. Returned value was: None
[2023-07-08 11:40:59,153] {taskinstance.py:1395} INFO - Marking task as SUCCESS. dag_id=dados_climaticos, task_id=extrai_dados, execution_date=20230626T000000, start_date=20230708T144058, end_date=20230708T144059
[2023-07-08 11:40:59,220] {local_task_job.py:156} INFO - Task exited with return code 0
[2023-07-08 11:40:59,264] {local_task_job.py:273} INFO - 0 downstream tasks scheduled from follow-on schedule check
