[2023-07-17 16:23:28,234] {taskinstance.py:1159} INFO - Dependencies all met for <TaskInstance: get_stocks_dag.MSFT scheduled__2023-06-16T00:00:00+00:00 [queued]>
[2023-07-17 16:23:28,249] {taskinstance.py:1159} INFO - Dependencies all met for <TaskInstance: get_stocks_dag.MSFT scheduled__2023-06-16T00:00:00+00:00 [queued]>
[2023-07-17 16:23:28,249] {taskinstance.py:1356} INFO - 
--------------------------------------------------------------------------------
[2023-07-17 16:23:28,249] {taskinstance.py:1357} INFO - Starting attempt 1 of 1
[2023-07-17 16:23:28,250] {taskinstance.py:1358} INFO - 
--------------------------------------------------------------------------------
[2023-07-17 16:23:28,280] {taskinstance.py:1377} INFO - Executing <Task(_PythonDecoratedOperator): MSFT> on 2023-06-16 00:00:00+00:00
[2023-07-17 16:23:28,288] {standard_task_runner.py:52} INFO - Started process 10761 to run task
[2023-07-17 16:23:28,295] {standard_task_runner.py:79} INFO - Running: ['airflow', 'tasks', 'run', 'get_stocks_dag', 'MSFT', 'scheduled__2023-06-16T00:00:00+00:00', '--job-id', '186', '--raw', '--subdir', 'DAGS_FOLDER/get_stocks.py', '--cfg-path', '/tmp/tmpek_laewa', '--error-file', '/tmp/tmpnwptx784']
[2023-07-17 16:23:28,296] {standard_task_runner.py:80} INFO - Job 186: Subtask MSFT
[2023-07-17 16:23:28,516] {task_command.py:370} INFO - Running <TaskInstance: get_stocks_dag.MSFT scheduled__2023-06-16T00:00:00+00:00 [running]> on host lucas-Estudos
[2023-07-17 16:23:28,753] {taskinstance.py:1569} INFO - Exporting the following env vars:
AIRFLOW_CTX_DAG_OWNER=airflow
AIRFLOW_CTX_DAG_ID=get_stocks_dag
AIRFLOW_CTX_TASK_ID=MSFT
AIRFLOW_CTX_EXECUTION_DATE=2023-06-16T00:00:00+00:00
AIRFLOW_CTX_TRY_NUMBER=1
AIRFLOW_CTX_DAG_RUN_ID=scheduled__2023-06-16T00:00:00+00:00
[2023-07-17 16:23:29,559] {python.py:173} INFO - Done. Returned value was: None
[2023-07-17 16:23:29,644] {taskinstance.py:1395} INFO - Marking task as SUCCESS. dag_id=get_stocks_dag, task_id=MSFT, execution_date=20230616T000000, start_date=20230717T192328, end_date=20230717T192329
[2023-07-17 16:23:29,781] {local_task_job.py:156} INFO - Task exited with return code 0
[2023-07-17 16:23:29,960] {local_task_job.py:273} INFO - 0 downstream tasks scheduled from follow-on schedule check
[2023-07-17 16:54:47,233] {taskinstance.py:1159} INFO - Dependencies all met for <TaskInstance: get_stocks_dag.MSFT scheduled__2023-06-16T00:00:00+00:00 [queued]>
[2023-07-17 16:54:47,270] {taskinstance.py:1159} INFO - Dependencies all met for <TaskInstance: get_stocks_dag.MSFT scheduled__2023-06-16T00:00:00+00:00 [queued]>
[2023-07-17 16:54:47,270] {taskinstance.py:1356} INFO - 
--------------------------------------------------------------------------------
[2023-07-17 16:54:47,270] {taskinstance.py:1357} INFO - Starting attempt 1 of 1
[2023-07-17 16:54:47,270] {taskinstance.py:1358} INFO - 
--------------------------------------------------------------------------------
[2023-07-17 16:54:47,317] {taskinstance.py:1377} INFO - Executing <Task(_PythonDecoratedOperator): MSFT> on 2023-06-16 00:00:00+00:00
[2023-07-17 16:54:47,357] {standard_task_runner.py:52} INFO - Started process 23454 to run task
[2023-07-17 16:54:47,376] {standard_task_runner.py:79} INFO - Running: ['airflow', 'tasks', 'run', 'get_stocks_dag', 'MSFT', 'scheduled__2023-06-16T00:00:00+00:00', '--job-id', '402', '--raw', '--subdir', 'DAGS_FOLDER/get_stocks.py', '--cfg-path', '/tmp/tmpfk9hnom2', '--error-file', '/tmp/tmp5dah9yl8']
[2023-07-17 16:54:47,377] {standard_task_runner.py:80} INFO - Job 402: Subtask MSFT
[2023-07-17 16:54:47,516] {task_command.py:370} INFO - Running <TaskInstance: get_stocks_dag.MSFT scheduled__2023-06-16T00:00:00+00:00 [running]> on host lucas-Estudos
[2023-07-17 16:54:47,833] {taskinstance.py:1569} INFO - Exporting the following env vars:
AIRFLOW_CTX_DAG_OWNER=airflow
AIRFLOW_CTX_DAG_ID=get_stocks_dag
AIRFLOW_CTX_TASK_ID=MSFT
AIRFLOW_CTX_EXECUTION_DATE=2023-06-16T00:00:00+00:00
AIRFLOW_CTX_TRY_NUMBER=1
AIRFLOW_CTX_DAG_RUN_ID=scheduled__2023-06-16T00:00:00+00:00
[2023-07-17 16:54:48,935] {python.py:173} INFO - Done. Returned value was: None
[2023-07-17 16:54:49,003] {taskinstance.py:1395} INFO - Marking task as SUCCESS. dag_id=get_stocks_dag, task_id=MSFT, execution_date=20230616T000000, start_date=20230717T195447, end_date=20230717T195449
[2023-07-17 16:54:49,109] {local_task_job.py:156} INFO - Task exited with return code 0
[2023-07-17 16:54:49,214] {local_task_job.py:273} INFO - 0 downstream tasks scheduled from follow-on schedule check
[2023-07-17 21:04:50,797] {taskinstance.py:1159} INFO - Dependencies all met for <TaskInstance: get_stocks_dag.MSFT scheduled__2023-06-16T00:00:00+00:00 [queued]>
[2023-07-17 21:04:50,806] {taskinstance.py:1159} INFO - Dependencies all met for <TaskInstance: get_stocks_dag.MSFT scheduled__2023-06-16T00:00:00+00:00 [queued]>
[2023-07-17 21:04:50,807] {taskinstance.py:1356} INFO - 
--------------------------------------------------------------------------------
[2023-07-17 21:04:50,807] {taskinstance.py:1357} INFO - Starting attempt 1 of 1
[2023-07-17 21:04:50,807] {taskinstance.py:1358} INFO - 
--------------------------------------------------------------------------------
[2023-07-17 21:04:50,819] {taskinstance.py:1377} INFO - Executing <Task(_PythonDecoratedOperator): MSFT> on 2023-06-16 00:00:00+00:00
[2023-07-17 21:04:50,824] {standard_task_runner.py:52} INFO - Started process 27603 to run task
[2023-07-17 21:04:50,827] {standard_task_runner.py:79} INFO - Running: ['airflow', 'tasks', 'run', 'get_stocks_dag', 'MSFT', 'scheduled__2023-06-16T00:00:00+00:00', '--job-id', '621', '--raw', '--subdir', 'DAGS_FOLDER/get_stocks.py', '--cfg-path', '/tmp/tmpjuchdq6_', '--error-file', '/tmp/tmpmkj_ttm3']
[2023-07-17 21:04:50,828] {standard_task_runner.py:80} INFO - Job 621: Subtask MSFT
[2023-07-17 21:04:50,982] {task_command.py:370} INFO - Running <TaskInstance: get_stocks_dag.MSFT scheduled__2023-06-16T00:00:00+00:00 [running]> on host lucas-Estudos
[2023-07-17 21:04:51,231] {taskinstance.py:1569} INFO - Exporting the following env vars:
AIRFLOW_CTX_DAG_OWNER=airflow
AIRFLOW_CTX_DAG_ID=get_stocks_dag
AIRFLOW_CTX_TASK_ID=MSFT
AIRFLOW_CTX_EXECUTION_DATE=2023-06-16T00:00:00+00:00
AIRFLOW_CTX_TRY_NUMBER=1
AIRFLOW_CTX_DAG_RUN_ID=scheduled__2023-06-16T00:00:00+00:00
[2023-07-17 21:04:53,887] {python.py:173} INFO - Done. Returned value was: None
[2023-07-17 21:04:53,939] {taskinstance.py:1395} INFO - Marking task as SUCCESS. dag_id=get_stocks_dag, task_id=MSFT, execution_date=20230616T000000, start_date=20230718T000450, end_date=20230718T000453
[2023-07-17 21:04:54,011] {local_task_job.py:156} INFO - Task exited with return code 0
[2023-07-17 21:04:54,133] {local_task_job.py:273} INFO - 0 downstream tasks scheduled from follow-on schedule check
[2023-07-17 22:10:48,389] {taskinstance.py:1159} INFO - Dependencies all met for <TaskInstance: get_stocks_dag.MSFT scheduled__2023-06-16T00:00:00+00:00 [queued]>
[2023-07-17 22:10:48,406] {taskinstance.py:1159} INFO - Dependencies all met for <TaskInstance: get_stocks_dag.MSFT scheduled__2023-06-16T00:00:00+00:00 [queued]>
[2023-07-17 22:10:48,406] {taskinstance.py:1356} INFO - 
--------------------------------------------------------------------------------
[2023-07-17 22:10:48,406] {taskinstance.py:1357} INFO - Starting attempt 1 of 1
[2023-07-17 22:10:48,406] {taskinstance.py:1358} INFO - 
--------------------------------------------------------------------------------
[2023-07-17 22:10:48,419] {taskinstance.py:1377} INFO - Executing <Task(_PythonDecoratedOperator): MSFT> on 2023-06-16 00:00:00+00:00
[2023-07-17 22:10:48,422] {standard_task_runner.py:52} INFO - Started process 79917 to run task
[2023-07-17 22:10:48,425] {standard_task_runner.py:79} INFO - Running: ['airflow', 'tasks', 'run', 'get_stocks_dag', 'MSFT', 'scheduled__2023-06-16T00:00:00+00:00', '--job-id', '984', '--raw', '--subdir', 'DAGS_FOLDER/get_stocks.py', '--cfg-path', '/tmp/tmp1vxzx_3z', '--error-file', '/tmp/tmpdpyipkss']
[2023-07-17 22:10:48,425] {standard_task_runner.py:80} INFO - Job 984: Subtask MSFT
[2023-07-17 22:10:48,481] {task_command.py:370} INFO - Running <TaskInstance: get_stocks_dag.MSFT scheduled__2023-06-16T00:00:00+00:00 [running]> on host lucas-Estudos
[2023-07-17 22:10:48,615] {taskinstance.py:1569} INFO - Exporting the following env vars:
AIRFLOW_CTX_DAG_OWNER=airflow
AIRFLOW_CTX_DAG_ID=get_stocks_dag
AIRFLOW_CTX_TASK_ID=MSFT
AIRFLOW_CTX_EXECUTION_DATE=2023-06-16T00:00:00+00:00
AIRFLOW_CTX_TRY_NUMBER=1
AIRFLOW_CTX_DAG_RUN_ID=scheduled__2023-06-16T00:00:00+00:00
[2023-07-17 22:10:53,362] {python.py:173} INFO - Done. Returned value was: None
[2023-07-17 22:10:53,418] {taskinstance.py:1395} INFO - Marking task as SUCCESS. dag_id=get_stocks_dag, task_id=MSFT, execution_date=20230616T000000, start_date=20230718T011048, end_date=20230718T011053
[2023-07-17 22:10:53,605] {local_task_job.py:156} INFO - Task exited with return code 0
[2023-07-17 22:10:53,792] {local_task_job.py:273} INFO - 0 downstream tasks scheduled from follow-on schedule check
[2023-07-18 10:56:13,717] {taskinstance.py:1159} INFO - Dependencies all met for <TaskInstance: get_stocks_dag.MSFT scheduled__2023-06-16T00:00:00+00:00 [queued]>
[2023-07-18 10:56:13,739] {taskinstance.py:1159} INFO - Dependencies all met for <TaskInstance: get_stocks_dag.MSFT scheduled__2023-06-16T00:00:00+00:00 [queued]>
[2023-07-18 10:56:13,739] {taskinstance.py:1356} INFO - 
--------------------------------------------------------------------------------
[2023-07-18 10:56:13,740] {taskinstance.py:1357} INFO - Starting attempt 1 of 1
[2023-07-18 10:56:13,740] {taskinstance.py:1358} INFO - 
--------------------------------------------------------------------------------
[2023-07-18 10:56:13,766] {taskinstance.py:1377} INFO - Executing <Task(_PythonDecoratedOperator): MSFT> on 2023-06-16 00:00:00+00:00
[2023-07-18 10:56:13,775] {standard_task_runner.py:52} INFO - Started process 21720 to run task
[2023-07-18 10:56:13,782] {standard_task_runner.py:79} INFO - Running: ['airflow', 'tasks', 'run', 'get_stocks_dag', 'MSFT', 'scheduled__2023-06-16T00:00:00+00:00', '--job-id', '1473', '--raw', '--subdir', 'DAGS_FOLDER/get_stocks.py', '--cfg-path', '/tmp/tmp4iz3z8gz', '--error-file', '/tmp/tmpou0e4axy']
[2023-07-18 10:56:13,784] {standard_task_runner.py:80} INFO - Job 1473: Subtask MSFT
[2023-07-18 10:56:13,955] {task_command.py:370} INFO - Running <TaskInstance: get_stocks_dag.MSFT scheduled__2023-06-16T00:00:00+00:00 [running]> on host lucas-Estudos
[2023-07-18 10:56:14,156] {taskinstance.py:1569} INFO - Exporting the following env vars:
AIRFLOW_CTX_DAG_OWNER=airflow
AIRFLOW_CTX_DAG_ID=get_stocks_dag
AIRFLOW_CTX_TASK_ID=MSFT
AIRFLOW_CTX_EXECUTION_DATE=2023-06-16T00:00:00+00:00
AIRFLOW_CTX_TRY_NUMBER=1
AIRFLOW_CTX_DAG_RUN_ID=scheduled__2023-06-16T00:00:00+00:00
[2023-07-18 10:56:15,750] {python.py:173} INFO - Done. Returned value was: None
[2023-07-18 10:56:15,795] {taskinstance.py:1395} INFO - Marking task as SUCCESS. dag_id=get_stocks_dag, task_id=MSFT, execution_date=20230616T000000, start_date=20230718T135613, end_date=20230718T135615
[2023-07-18 10:56:15,842] {local_task_job.py:156} INFO - Task exited with return code 0
[2023-07-18 10:56:15,956] {local_task_job.py:273} INFO - 0 downstream tasks scheduled from follow-on schedule check
