[2023-07-17 16:23:41,729] {taskinstance.py:1159} INFO - Dependencies all met for <TaskInstance: get_stocks_dag.TSLA scheduled__2023-06-30T00:00:00+00:00 [queued]>
[2023-07-17 16:23:41,749] {taskinstance.py:1159} INFO - Dependencies all met for <TaskInstance: get_stocks_dag.TSLA scheduled__2023-06-30T00:00:00+00:00 [queued]>
[2023-07-17 16:23:41,749] {taskinstance.py:1356} INFO - 
--------------------------------------------------------------------------------
[2023-07-17 16:23:41,750] {taskinstance.py:1357} INFO - Starting attempt 1 of 1
[2023-07-17 16:23:41,750] {taskinstance.py:1358} INFO - 
--------------------------------------------------------------------------------
[2023-07-17 16:23:41,788] {taskinstance.py:1377} INFO - Executing <Task(_PythonDecoratedOperator): TSLA> on 2023-06-30 00:00:00+00:00
[2023-07-17 16:23:41,805] {standard_task_runner.py:52} INFO - Started process 11956 to run task
[2023-07-17 16:23:41,854] {standard_task_runner.py:79} INFO - Running: ['airflow', 'tasks', 'run', 'get_stocks_dag', 'TSLA', 'scheduled__2023-06-30T00:00:00+00:00', '--job-id', '235', '--raw', '--subdir', 'DAGS_FOLDER/get_stocks.py', '--cfg-path', '/tmp/tmp8gshkt67', '--error-file', '/tmp/tmpz0n7xr_3']
[2023-07-17 16:23:41,855] {standard_task_runner.py:80} INFO - Job 235: Subtask TSLA
[2023-07-17 16:23:42,126] {task_command.py:370} INFO - Running <TaskInstance: get_stocks_dag.TSLA scheduled__2023-06-30T00:00:00+00:00 [running]> on host lucas-Estudos
[2023-07-17 16:23:42,518] {taskinstance.py:1569} INFO - Exporting the following env vars:
AIRFLOW_CTX_DAG_OWNER=airflow
AIRFLOW_CTX_DAG_ID=get_stocks_dag
AIRFLOW_CTX_TASK_ID=TSLA
AIRFLOW_CTX_EXECUTION_DATE=2023-06-30T00:00:00+00:00
AIRFLOW_CTX_TRY_NUMBER=1
AIRFLOW_CTX_DAG_RUN_ID=scheduled__2023-06-30T00:00:00+00:00
[2023-07-17 16:23:43,232] {python.py:173} INFO - Done. Returned value was: None
[2023-07-17 16:23:43,265] {taskinstance.py:1395} INFO - Marking task as SUCCESS. dag_id=get_stocks_dag, task_id=TSLA, execution_date=20230630T000000, start_date=20230717T192341, end_date=20230717T192343
[2023-07-17 16:23:43,304] {local_task_job.py:156} INFO - Task exited with return code 0
[2023-07-17 16:23:43,430] {local_task_job.py:273} INFO - 0 downstream tasks scheduled from follow-on schedule check
[2023-07-17 16:55:00,553] {taskinstance.py:1159} INFO - Dependencies all met for <TaskInstance: get_stocks_dag.TSLA scheduled__2023-06-30T00:00:00+00:00 [queued]>
[2023-07-17 16:55:00,583] {taskinstance.py:1159} INFO - Dependencies all met for <TaskInstance: get_stocks_dag.TSLA scheduled__2023-06-30T00:00:00+00:00 [queued]>
[2023-07-17 16:55:00,583] {taskinstance.py:1356} INFO - 
--------------------------------------------------------------------------------
[2023-07-17 16:55:00,583] {taskinstance.py:1357} INFO - Starting attempt 1 of 1
[2023-07-17 16:55:00,583] {taskinstance.py:1358} INFO - 
--------------------------------------------------------------------------------
[2023-07-17 16:55:00,624] {taskinstance.py:1377} INFO - Executing <Task(_PythonDecoratedOperator): TSLA> on 2023-06-30 00:00:00+00:00
[2023-07-17 16:55:00,631] {standard_task_runner.py:52} INFO - Started process 24690 to run task
[2023-07-17 16:55:00,659] {standard_task_runner.py:79} INFO - Running: ['airflow', 'tasks', 'run', 'get_stocks_dag', 'TSLA', 'scheduled__2023-06-30T00:00:00+00:00', '--job-id', '444', '--raw', '--subdir', 'DAGS_FOLDER/get_stocks.py', '--cfg-path', '/tmp/tmp3zj_3dzh', '--error-file', '/tmp/tmp80bx27y8']
[2023-07-17 16:55:00,660] {standard_task_runner.py:80} INFO - Job 444: Subtask TSLA
[2023-07-17 16:55:00,871] {task_command.py:370} INFO - Running <TaskInstance: get_stocks_dag.TSLA scheduled__2023-06-30T00:00:00+00:00 [running]> on host lucas-Estudos
[2023-07-17 16:55:01,159] {taskinstance.py:1569} INFO - Exporting the following env vars:
AIRFLOW_CTX_DAG_OWNER=airflow
AIRFLOW_CTX_DAG_ID=get_stocks_dag
AIRFLOW_CTX_TASK_ID=TSLA
AIRFLOW_CTX_EXECUTION_DATE=2023-06-30T00:00:00+00:00
AIRFLOW_CTX_TRY_NUMBER=1
AIRFLOW_CTX_DAG_RUN_ID=scheduled__2023-06-30T00:00:00+00:00
[2023-07-17 16:55:02,143] {python.py:173} INFO - Done. Returned value was: None
[2023-07-17 16:55:02,241] {taskinstance.py:1395} INFO - Marking task as SUCCESS. dag_id=get_stocks_dag, task_id=TSLA, execution_date=20230630T000000, start_date=20230717T195500, end_date=20230717T195502
[2023-07-17 16:55:02,309] {local_task_job.py:156} INFO - Task exited with return code 0
[2023-07-17 16:55:02,471] {local_task_job.py:273} INFO - 0 downstream tasks scheduled from follow-on schedule check
[2023-07-17 21:07:38,797] {taskinstance.py:1159} INFO - Dependencies all met for <TaskInstance: get_stocks_dag.TSLA scheduled__2023-06-30T00:00:00+00:00 [queued]>
[2023-07-17 21:07:38,805] {taskinstance.py:1159} INFO - Dependencies all met for <TaskInstance: get_stocks_dag.TSLA scheduled__2023-06-30T00:00:00+00:00 [queued]>
[2023-07-17 21:07:38,805] {taskinstance.py:1356} INFO - 
--------------------------------------------------------------------------------
[2023-07-17 21:07:38,805] {taskinstance.py:1357} INFO - Starting attempt 1 of 1
[2023-07-17 21:07:38,805] {taskinstance.py:1358} INFO - 
--------------------------------------------------------------------------------
[2023-07-17 21:07:38,814] {taskinstance.py:1377} INFO - Executing <Task(_PythonDecoratedOperator): TSLA> on 2023-06-30 00:00:00+00:00
[2023-07-17 21:07:38,819] {standard_task_runner.py:52} INFO - Started process 34179 to run task
[2023-07-17 21:07:38,822] {standard_task_runner.py:79} INFO - Running: ['airflow', 'tasks', 'run', 'get_stocks_dag', 'TSLA', 'scheduled__2023-06-30T00:00:00+00:00', '--job-id', '661', '--raw', '--subdir', 'DAGS_FOLDER/get_stocks.py', '--cfg-path', '/tmp/tmpckuecmzx', '--error-file', '/tmp/tmpen9yux2z']
[2023-07-17 21:07:38,823] {standard_task_runner.py:80} INFO - Job 661: Subtask TSLA
[2023-07-17 21:07:38,940] {task_command.py:370} INFO - Running <TaskInstance: get_stocks_dag.TSLA scheduled__2023-06-30T00:00:00+00:00 [running]> on host lucas-Estudos
[2023-07-17 21:07:39,167] {taskinstance.py:1569} INFO - Exporting the following env vars:
AIRFLOW_CTX_DAG_OWNER=airflow
AIRFLOW_CTX_DAG_ID=get_stocks_dag
AIRFLOW_CTX_TASK_ID=TSLA
AIRFLOW_CTX_EXECUTION_DATE=2023-06-30T00:00:00+00:00
AIRFLOW_CTX_TRY_NUMBER=1
AIRFLOW_CTX_DAG_RUN_ID=scheduled__2023-06-30T00:00:00+00:00
[2023-07-17 21:07:49,815] {python.py:173} INFO - Done. Returned value was: None
[2023-07-17 21:07:49,869] {taskinstance.py:1395} INFO - Marking task as SUCCESS. dag_id=get_stocks_dag, task_id=TSLA, execution_date=20230630T000000, start_date=20230718T000738, end_date=20230718T000749
[2023-07-17 21:07:49,946] {local_task_job.py:156} INFO - Task exited with return code 0
[2023-07-17 21:07:50,065] {local_task_job.py:273} INFO - 0 downstream tasks scheduled from follow-on schedule check
[2023-07-17 22:16:16,743] {taskinstance.py:1159} INFO - Dependencies all met for <TaskInstance: get_stocks_dag.TSLA scheduled__2023-06-30T00:00:00+00:00 [queued]>
[2023-07-17 22:16:16,769] {taskinstance.py:1159} INFO - Dependencies all met for <TaskInstance: get_stocks_dag.TSLA scheduled__2023-06-30T00:00:00+00:00 [queued]>
[2023-07-17 22:16:16,770] {taskinstance.py:1356} INFO - 
--------------------------------------------------------------------------------
[2023-07-17 22:16:16,770] {taskinstance.py:1357} INFO - Starting attempt 1 of 1
[2023-07-17 22:16:16,770] {taskinstance.py:1358} INFO - 
--------------------------------------------------------------------------------
[2023-07-17 22:16:16,791] {taskinstance.py:1377} INFO - Executing <Task(_PythonDecoratedOperator): TSLA> on 2023-06-30 00:00:00+00:00
[2023-07-17 22:16:16,802] {standard_task_runner.py:52} INFO - Started process 90969 to run task
[2023-07-17 22:16:16,805] {standard_task_runner.py:79} INFO - Running: ['airflow', 'tasks', 'run', 'get_stocks_dag', 'TSLA', 'scheduled__2023-06-30T00:00:00+00:00', '--job-id', '1065', '--raw', '--subdir', 'DAGS_FOLDER/get_stocks.py', '--cfg-path', '/tmp/tmp2qrn2fvt', '--error-file', '/tmp/tmpczl0cjoe']
[2023-07-17 22:16:16,806] {standard_task_runner.py:80} INFO - Job 1065: Subtask TSLA
[2023-07-17 22:16:16,914] {task_command.py:370} INFO - Running <TaskInstance: get_stocks_dag.TSLA scheduled__2023-06-30T00:00:00+00:00 [running]> on host lucas-Estudos
[2023-07-17 22:16:17,002] {taskinstance.py:1569} INFO - Exporting the following env vars:
AIRFLOW_CTX_DAG_OWNER=airflow
AIRFLOW_CTX_DAG_ID=get_stocks_dag
AIRFLOW_CTX_TASK_ID=TSLA
AIRFLOW_CTX_EXECUTION_DATE=2023-06-30T00:00:00+00:00
AIRFLOW_CTX_TRY_NUMBER=1
AIRFLOW_CTX_DAG_RUN_ID=scheduled__2023-06-30T00:00:00+00:00
[2023-07-17 22:16:19,593] {python.py:173} INFO - Done. Returned value was: None
[2023-07-17 22:16:19,607] {taskinstance.py:1395} INFO - Marking task as SUCCESS. dag_id=get_stocks_dag, task_id=TSLA, execution_date=20230630T000000, start_date=20230718T011616, end_date=20230718T011619
[2023-07-17 22:16:19,631] {local_task_job.py:156} INFO - Task exited with return code 0
[2023-07-17 22:16:19,714] {local_task_job.py:273} INFO - 0 downstream tasks scheduled from follow-on schedule check
[2023-07-18 11:07:05,533] {taskinstance.py:1159} INFO - Dependencies all met for <TaskInstance: get_stocks_dag.TSLA scheduled__2023-06-30T00:00:00+00:00 [queued]>
[2023-07-18 11:07:05,556] {taskinstance.py:1159} INFO - Dependencies all met for <TaskInstance: get_stocks_dag.TSLA scheduled__2023-06-30T00:00:00+00:00 [queued]>
[2023-07-18 11:07:05,557] {taskinstance.py:1356} INFO - 
--------------------------------------------------------------------------------
[2023-07-18 11:07:05,557] {taskinstance.py:1357} INFO - Starting attempt 1 of 1
[2023-07-18 11:07:05,557] {taskinstance.py:1358} INFO - 
--------------------------------------------------------------------------------
[2023-07-18 11:07:05,587] {taskinstance.py:1377} INFO - Executing <Task(_PythonDecoratedOperator): TSLA> on 2023-06-30 00:00:00+00:00
[2023-07-18 11:07:05,597] {standard_task_runner.py:52} INFO - Started process 26874 to run task
[2023-07-18 11:07:05,604] {standard_task_runner.py:79} INFO - Running: ['airflow', 'tasks', 'run', 'get_stocks_dag', 'TSLA', 'scheduled__2023-06-30T00:00:00+00:00', '--job-id', '1569', '--raw', '--subdir', 'DAGS_FOLDER/get_stocks.py', '--cfg-path', '/tmp/tmputr7p_7c', '--error-file', '/tmp/tmpj70t88o9']
[2023-07-18 11:07:05,606] {standard_task_runner.py:80} INFO - Job 1569: Subtask TSLA
[2023-07-18 11:07:05,805] {task_command.py:370} INFO - Running <TaskInstance: get_stocks_dag.TSLA scheduled__2023-06-30T00:00:00+00:00 [running]> on host lucas-Estudos
[2023-07-18 11:07:05,941] {taskinstance.py:1569} INFO - Exporting the following env vars:
AIRFLOW_CTX_DAG_OWNER=airflow
AIRFLOW_CTX_DAG_ID=get_stocks_dag
AIRFLOW_CTX_TASK_ID=TSLA
AIRFLOW_CTX_EXECUTION_DATE=2023-06-30T00:00:00+00:00
AIRFLOW_CTX_TRY_NUMBER=1
AIRFLOW_CTX_DAG_RUN_ID=scheduled__2023-06-30T00:00:00+00:00
[2023-07-18 11:07:06,451] {python.py:173} INFO - Done. Returned value was: None
[2023-07-18 11:07:06,472] {taskinstance.py:1395} INFO - Marking task as SUCCESS. dag_id=get_stocks_dag, task_id=TSLA, execution_date=20230630T000000, start_date=20230718T140705, end_date=20230718T140706
[2023-07-18 11:07:06,498] {local_task_job.py:156} INFO - Task exited with return code 0
[2023-07-18 11:07:06,621] {local_task_job.py:273} INFO - 0 downstream tasks scheduled from follow-on schedule check
