[2023-07-17 22:01:38,926] {taskinstance.py:1159} INFO - Dependencies all met for <TaskInstance: get_crypto_dag.BTC scheduled__2023-05-19T00:00:00+00:00 [queued]>
[2023-07-17 22:01:38,940] {taskinstance.py:1159} INFO - Dependencies all met for <TaskInstance: get_crypto_dag.BTC scheduled__2023-05-19T00:00:00+00:00 [queued]>
[2023-07-17 22:01:38,941] {taskinstance.py:1356} INFO - 
--------------------------------------------------------------------------------
[2023-07-17 22:01:38,941] {taskinstance.py:1357} INFO - Starting attempt 1 of 1
[2023-07-17 22:01:38,941] {taskinstance.py:1358} INFO - 
--------------------------------------------------------------------------------
[2023-07-17 22:01:38,959] {taskinstance.py:1377} INFO - Executing <Task(_PythonDecoratedOperator): BTC> on 2023-05-19 00:00:00+00:00
[2023-07-17 22:01:38,966] {standard_task_runner.py:52} INFO - Started process 61321 to run task
[2023-07-17 22:01:38,969] {standard_task_runner.py:79} INFO - Running: ['airflow', 'tasks', 'run', 'get_crypto_dag', 'BTC', 'scheduled__2023-05-19T00:00:00+00:00', '--job-id', '848', '--raw', '--subdir', 'DAGS_FOLDER/get_crypto.py', '--cfg-path', '/tmp/tmpim042y2k', '--error-file', '/tmp/tmpbx4iauje']
[2023-07-17 22:01:38,970] {standard_task_runner.py:80} INFO - Job 848: Subtask BTC
[2023-07-17 22:01:39,056] {task_command.py:370} INFO - Running <TaskInstance: get_crypto_dag.BTC scheduled__2023-05-19T00:00:00+00:00 [running]> on host lucas-Estudos
[2023-07-17 22:01:39,202] {taskinstance.py:1569} INFO - Exporting the following env vars:
AIRFLOW_CTX_DAG_OWNER=airflow
AIRFLOW_CTX_DAG_ID=get_crypto_dag
AIRFLOW_CTX_TASK_ID=BTC
AIRFLOW_CTX_EXECUTION_DATE=2023-05-19T00:00:00+00:00
AIRFLOW_CTX_TRY_NUMBER=1
AIRFLOW_CTX_DAG_RUN_ID=scheduled__2023-05-19T00:00:00+00:00
[2023-07-17 22:01:42,833] {base.py:297} ERROR - BTC: No price data found, symbol may be delisted (1h 2023-05-18 -> 2023-05-19)
[2023-07-17 22:01:42,835] {python.py:173} INFO - Done. Returned value was: None
[2023-07-17 22:01:42,861] {taskinstance.py:1395} INFO - Marking task as SUCCESS. dag_id=get_crypto_dag, task_id=BTC, execution_date=20230519T000000, start_date=20230718T010138, end_date=20230718T010142
[2023-07-17 22:01:42,921] {local_task_job.py:156} INFO - Task exited with return code 0
[2023-07-17 22:01:43,043] {local_task_job.py:273} INFO - 0 downstream tasks scheduled from follow-on schedule check
[2023-07-18 10:34:54,738] {taskinstance.py:1159} INFO - Dependencies all met for <TaskInstance: get_crypto_dag.BTC scheduled__2023-05-19T00:00:00+00:00 [queued]>
[2023-07-18 10:34:54,768] {taskinstance.py:1159} INFO - Dependencies all met for <TaskInstance: get_crypto_dag.BTC scheduled__2023-05-19T00:00:00+00:00 [queued]>
[2023-07-18 10:34:54,768] {taskinstance.py:1356} INFO - 
--------------------------------------------------------------------------------
[2023-07-18 10:34:54,768] {taskinstance.py:1357} INFO - Starting attempt 1 of 1
[2023-07-18 10:34:54,768] {taskinstance.py:1358} INFO - 
--------------------------------------------------------------------------------
[2023-07-18 10:34:54,798] {taskinstance.py:1377} INFO - Executing <Task(_PythonDecoratedOperator): BTC> on 2023-05-19 00:00:00+00:00
[2023-07-18 10:34:54,808] {standard_task_runner.py:52} INFO - Started process 13925 to run task
[2023-07-18 10:34:54,815] {standard_task_runner.py:79} INFO - Running: ['airflow', 'tasks', 'run', 'get_crypto_dag', 'BTC', 'scheduled__2023-05-19T00:00:00+00:00', '--job-id', '1279', '--raw', '--subdir', 'DAGS_FOLDER/get_crypto.py', '--cfg-path', '/tmp/tmpc_jzewe1', '--error-file', '/tmp/tmp3esvhufp']
[2023-07-18 10:34:54,818] {standard_task_runner.py:80} INFO - Job 1279: Subtask BTC
[2023-07-18 10:34:55,003] {task_command.py:370} INFO - Running <TaskInstance: get_crypto_dag.BTC scheduled__2023-05-19T00:00:00+00:00 [running]> on host lucas-Estudos
[2023-07-18 10:34:55,229] {taskinstance.py:1569} INFO - Exporting the following env vars:
AIRFLOW_CTX_DAG_OWNER=airflow
AIRFLOW_CTX_DAG_ID=get_crypto_dag
AIRFLOW_CTX_TASK_ID=BTC
AIRFLOW_CTX_EXECUTION_DATE=2023-05-19T00:00:00+00:00
AIRFLOW_CTX_TRY_NUMBER=1
AIRFLOW_CTX_DAG_RUN_ID=scheduled__2023-05-19T00:00:00+00:00
[2023-07-18 10:34:56,089] {base.py:297} ERROR - BTC: No price data found, symbol may be delisted (1h 2023-05-18 -> 2023-05-19)
[2023-07-18 10:34:56,096] {python.py:173} INFO - Done. Returned value was: None
[2023-07-18 10:34:56,151] {taskinstance.py:1395} INFO - Marking task as SUCCESS. dag_id=get_crypto_dag, task_id=BTC, execution_date=20230519T000000, start_date=20230718T133454, end_date=20230718T133456
[2023-07-18 10:34:56,230] {local_task_job.py:156} INFO - Task exited with return code 0
[2023-07-18 10:34:56,330] {local_task_job.py:273} INFO - 0 downstream tasks scheduled from follow-on schedule check
