[2023-07-17 16:23:06,594] {taskinstance.py:1159} INFO - Dependencies all met for <TaskInstance: get_stocks_dag.AAPL scheduled__2023-05-26T00:00:00+00:00 [queued]>
[2023-07-17 16:23:06,608] {taskinstance.py:1159} INFO - Dependencies all met for <TaskInstance: get_stocks_dag.AAPL scheduled__2023-05-26T00:00:00+00:00 [queued]>
[2023-07-17 16:23:06,608] {taskinstance.py:1356} INFO - 
--------------------------------------------------------------------------------
[2023-07-17 16:23:06,608] {taskinstance.py:1357} INFO - Starting attempt 1 of 1
[2023-07-17 16:23:06,608] {taskinstance.py:1358} INFO - 
--------------------------------------------------------------------------------
[2023-07-17 16:23:06,633] {taskinstance.py:1377} INFO - Executing <Task(_PythonDecoratedOperator): AAPL> on 2023-05-26 00:00:00+00:00
[2023-07-17 16:23:06,640] {standard_task_runner.py:52} INFO - Started process 8876 to run task
[2023-07-17 16:23:06,647] {standard_task_runner.py:79} INFO - Running: ['airflow', 'tasks', 'run', 'get_stocks_dag', 'AAPL', 'scheduled__2023-05-26T00:00:00+00:00', '--job-id', '130', '--raw', '--subdir', 'DAGS_FOLDER/get_stocks.py', '--cfg-path', '/tmp/tmplddga5x4', '--error-file', '/tmp/tmpkvgaf2fw']
[2023-07-17 16:23:06,648] {standard_task_runner.py:80} INFO - Job 130: Subtask AAPL
[2023-07-17 16:23:06,843] {task_command.py:370} INFO - Running <TaskInstance: get_stocks_dag.AAPL scheduled__2023-05-26T00:00:00+00:00 [running]> on host lucas-Estudos
[2023-07-17 16:23:07,127] {taskinstance.py:1569} INFO - Exporting the following env vars:
AIRFLOW_CTX_DAG_OWNER=airflow
AIRFLOW_CTX_DAG_ID=get_stocks_dag
AIRFLOW_CTX_TASK_ID=AAPL
AIRFLOW_CTX_EXECUTION_DATE=2023-05-26T00:00:00+00:00
AIRFLOW_CTX_TRY_NUMBER=1
AIRFLOW_CTX_DAG_RUN_ID=scheduled__2023-05-26T00:00:00+00:00
[2023-07-17 16:23:07,761] {python.py:173} INFO - Done. Returned value was: None
[2023-07-17 16:23:07,840] {taskinstance.py:1395} INFO - Marking task as SUCCESS. dag_id=get_stocks_dag, task_id=AAPL, execution_date=20230526T000000, start_date=20230717T192306, end_date=20230717T192307
[2023-07-17 16:23:07,921] {local_task_job.py:156} INFO - Task exited with return code 0
[2023-07-17 16:23:08,003] {local_task_job.py:273} INFO - 0 downstream tasks scheduled from follow-on schedule check
[2023-07-17 16:54:27,945] {taskinstance.py:1159} INFO - Dependencies all met for <TaskInstance: get_stocks_dag.AAPL scheduled__2023-05-26T00:00:00+00:00 [queued]>
[2023-07-17 16:54:27,977] {taskinstance.py:1159} INFO - Dependencies all met for <TaskInstance: get_stocks_dag.AAPL scheduled__2023-05-26T00:00:00+00:00 [queued]>
[2023-07-17 16:54:27,977] {taskinstance.py:1356} INFO - 
--------------------------------------------------------------------------------
[2023-07-17 16:54:27,977] {taskinstance.py:1357} INFO - Starting attempt 1 of 1
[2023-07-17 16:54:27,977] {taskinstance.py:1358} INFO - 
--------------------------------------------------------------------------------
[2023-07-17 16:54:28,017] {taskinstance.py:1377} INFO - Executing <Task(_PythonDecoratedOperator): AAPL> on 2023-05-26 00:00:00+00:00
[2023-07-17 16:54:28,047] {standard_task_runner.py:52} INFO - Started process 21692 to run task
[2023-07-17 16:54:28,102] {standard_task_runner.py:79} INFO - Running: ['airflow', 'tasks', 'run', 'get_stocks_dag', 'AAPL', 'scheduled__2023-05-26T00:00:00+00:00', '--job-id', '342', '--raw', '--subdir', 'DAGS_FOLDER/get_stocks.py', '--cfg-path', '/tmp/tmpfhyrbann', '--error-file', '/tmp/tmphwv1zlmr']
[2023-07-17 16:54:28,103] {standard_task_runner.py:80} INFO - Job 342: Subtask AAPL
[2023-07-17 16:54:28,280] {task_command.py:370} INFO - Running <TaskInstance: get_stocks_dag.AAPL scheduled__2023-05-26T00:00:00+00:00 [running]> on host lucas-Estudos
[2023-07-17 16:54:28,483] {taskinstance.py:1569} INFO - Exporting the following env vars:
AIRFLOW_CTX_DAG_OWNER=airflow
AIRFLOW_CTX_DAG_ID=get_stocks_dag
AIRFLOW_CTX_TASK_ID=AAPL
AIRFLOW_CTX_EXECUTION_DATE=2023-05-26T00:00:00+00:00
AIRFLOW_CTX_TRY_NUMBER=1
AIRFLOW_CTX_DAG_RUN_ID=scheduled__2023-05-26T00:00:00+00:00
[2023-07-17 16:54:29,281] {python.py:173} INFO - Done. Returned value was: None
[2023-07-17 16:54:29,318] {taskinstance.py:1395} INFO - Marking task as SUCCESS. dag_id=get_stocks_dag, task_id=AAPL, execution_date=20230526T000000, start_date=20230717T195427, end_date=20230717T195429
[2023-07-17 16:54:29,398] {local_task_job.py:156} INFO - Task exited with return code 0
[2023-07-17 16:54:29,615] {local_task_job.py:273} INFO - 0 downstream tasks scheduled from follow-on schedule check
[2023-07-17 21:00:49,825] {taskinstance.py:1159} INFO - Dependencies all met for <TaskInstance: get_stocks_dag.AAPL scheduled__2023-05-26T00:00:00+00:00 [queued]>
[2023-07-17 21:00:49,853] {taskinstance.py:1159} INFO - Dependencies all met for <TaskInstance: get_stocks_dag.AAPL scheduled__2023-05-26T00:00:00+00:00 [queued]>
[2023-07-17 21:00:49,854] {taskinstance.py:1356} INFO - 
--------------------------------------------------------------------------------
[2023-07-17 21:00:49,854] {taskinstance.py:1357} INFO - Starting attempt 1 of 1
[2023-07-17 21:00:49,854] {taskinstance.py:1358} INFO - 
--------------------------------------------------------------------------------
[2023-07-17 21:00:49,886] {taskinstance.py:1377} INFO - Executing <Task(_PythonDecoratedOperator): AAPL> on 2023-05-26 00:00:00+00:00
[2023-07-17 21:00:49,896] {standard_task_runner.py:52} INFO - Started process 21153 to run task
[2023-07-17 21:00:49,902] {standard_task_runner.py:79} INFO - Running: ['airflow', 'tasks', 'run', 'get_stocks_dag', 'AAPL', 'scheduled__2023-05-26T00:00:00+00:00', '--job-id', '560', '--raw', '--subdir', 'DAGS_FOLDER/get_stocks.py', '--cfg-path', '/tmp/tmpznoabt1j', '--error-file', '/tmp/tmp6aaviti6']
[2023-07-17 21:00:49,905] {standard_task_runner.py:80} INFO - Job 560: Subtask AAPL
[2023-07-17 21:00:50,105] {task_command.py:370} INFO - Running <TaskInstance: get_stocks_dag.AAPL scheduled__2023-05-26T00:00:00+00:00 [running]> on host lucas-Estudos
[2023-07-17 21:00:50,327] {taskinstance.py:1569} INFO - Exporting the following env vars:
AIRFLOW_CTX_DAG_OWNER=airflow
AIRFLOW_CTX_DAG_ID=get_stocks_dag
AIRFLOW_CTX_TASK_ID=AAPL
AIRFLOW_CTX_EXECUTION_DATE=2023-05-26T00:00:00+00:00
AIRFLOW_CTX_TRY_NUMBER=1
AIRFLOW_CTX_DAG_RUN_ID=scheduled__2023-05-26T00:00:00+00:00
[2023-07-17 21:00:59,207] {python.py:173} INFO - Done. Returned value was: None
[2023-07-17 21:00:59,258] {taskinstance.py:1395} INFO - Marking task as SUCCESS. dag_id=get_stocks_dag, task_id=AAPL, execution_date=20230526T000000, start_date=20230718T000049, end_date=20230718T000059
[2023-07-17 21:00:59,303] {local_task_job.py:156} INFO - Task exited with return code 0
[2023-07-17 21:00:59,407] {local_task_job.py:273} INFO - 0 downstream tasks scheduled from follow-on schedule check
[2023-07-17 22:02:30,712] {taskinstance.py:1159} INFO - Dependencies all met for <TaskInstance: get_stocks_dag.AAPL scheduled__2023-05-26T00:00:00+00:00 [queued]>
[2023-07-17 22:02:30,750] {taskinstance.py:1159} INFO - Dependencies all met for <TaskInstance: get_stocks_dag.AAPL scheduled__2023-05-26T00:00:00+00:00 [queued]>
[2023-07-17 22:02:30,750] {taskinstance.py:1356} INFO - 
--------------------------------------------------------------------------------
[2023-07-17 22:02:30,750] {taskinstance.py:1357} INFO - Starting attempt 1 of 1
[2023-07-17 22:02:30,751] {taskinstance.py:1358} INFO - 
--------------------------------------------------------------------------------
[2023-07-17 22:02:30,775] {taskinstance.py:1377} INFO - Executing <Task(_PythonDecoratedOperator): AAPL> on 2023-05-26 00:00:00+00:00
[2023-07-17 22:02:30,783] {standard_task_runner.py:52} INFO - Started process 63031 to run task
[2023-07-17 22:02:30,788] {standard_task_runner.py:79} INFO - Running: ['airflow', 'tasks', 'run', 'get_stocks_dag', 'AAPL', 'scheduled__2023-05-26T00:00:00+00:00', '--job-id', '860', '--raw', '--subdir', 'DAGS_FOLDER/get_stocks.py', '--cfg-path', '/tmp/tmpkb4mbeu5', '--error-file', '/tmp/tmpe8zogola']
[2023-07-17 22:02:30,789] {standard_task_runner.py:80} INFO - Job 860: Subtask AAPL
[2023-07-17 22:02:30,870] {task_command.py:370} INFO - Running <TaskInstance: get_stocks_dag.AAPL scheduled__2023-05-26T00:00:00+00:00 [running]> on host lucas-Estudos
[2023-07-17 22:02:30,952] {taskinstance.py:1569} INFO - Exporting the following env vars:
AIRFLOW_CTX_DAG_OWNER=airflow
AIRFLOW_CTX_DAG_ID=get_stocks_dag
AIRFLOW_CTX_TASK_ID=AAPL
AIRFLOW_CTX_EXECUTION_DATE=2023-05-26T00:00:00+00:00
AIRFLOW_CTX_TRY_NUMBER=1
AIRFLOW_CTX_DAG_RUN_ID=scheduled__2023-05-26T00:00:00+00:00
[2023-07-17 22:02:34,620] {python.py:173} INFO - Done. Returned value was: None
[2023-07-17 22:02:34,691] {taskinstance.py:1395} INFO - Marking task as SUCCESS. dag_id=get_stocks_dag, task_id=AAPL, execution_date=20230526T000000, start_date=20230718T010230, end_date=20230718T010234
[2023-07-17 22:02:34,775] {local_task_job.py:156} INFO - Task exited with return code 0
[2023-07-17 22:02:34,878] {local_task_job.py:273} INFO - 0 downstream tasks scheduled from follow-on schedule check
[2023-07-18 10:40:45,408] {taskinstance.py:1159} INFO - Dependencies all met for <TaskInstance: get_stocks_dag.AAPL scheduled__2023-05-26T00:00:00+00:00 [queued]>
[2023-07-18 10:40:45,434] {taskinstance.py:1159} INFO - Dependencies all met for <TaskInstance: get_stocks_dag.AAPL scheduled__2023-05-26T00:00:00+00:00 [queued]>
[2023-07-18 10:40:45,434] {taskinstance.py:1356} INFO - 
--------------------------------------------------------------------------------
[2023-07-18 10:40:45,434] {taskinstance.py:1357} INFO - Starting attempt 1 of 1
[2023-07-18 10:40:45,434] {taskinstance.py:1358} INFO - 
--------------------------------------------------------------------------------
[2023-07-18 10:40:45,464] {taskinstance.py:1377} INFO - Executing <Task(_PythonDecoratedOperator): AAPL> on 2023-05-26 00:00:00+00:00
[2023-07-18 10:40:45,474] {standard_task_runner.py:52} INFO - Started process 15605 to run task
[2023-07-18 10:40:45,481] {standard_task_runner.py:79} INFO - Running: ['airflow', 'tasks', 'run', 'get_stocks_dag', 'AAPL', 'scheduled__2023-05-26T00:00:00+00:00', '--job-id', '1332', '--raw', '--subdir', 'DAGS_FOLDER/get_stocks.py', '--cfg-path', '/tmp/tmp6899c8s2', '--error-file', '/tmp/tmpln99g03e']
[2023-07-18 10:40:45,483] {standard_task_runner.py:80} INFO - Job 1332: Subtask AAPL
[2023-07-18 10:40:45,671] {task_command.py:370} INFO - Running <TaskInstance: get_stocks_dag.AAPL scheduled__2023-05-26T00:00:00+00:00 [running]> on host lucas-Estudos
[2023-07-18 10:40:45,892] {taskinstance.py:1569} INFO - Exporting the following env vars:
AIRFLOW_CTX_DAG_OWNER=airflow
AIRFLOW_CTX_DAG_ID=get_stocks_dag
AIRFLOW_CTX_TASK_ID=AAPL
AIRFLOW_CTX_EXECUTION_DATE=2023-05-26T00:00:00+00:00
AIRFLOW_CTX_TRY_NUMBER=1
AIRFLOW_CTX_DAG_RUN_ID=scheduled__2023-05-26T00:00:00+00:00
[2023-07-18 10:40:46,537] {python.py:173} INFO - Done. Returned value was: None
[2023-07-18 10:40:46,589] {taskinstance.py:1395} INFO - Marking task as SUCCESS. dag_id=get_stocks_dag, task_id=AAPL, execution_date=20230526T000000, start_date=20230718T134045, end_date=20230718T134046
[2023-07-18 10:40:46,657] {local_task_job.py:156} INFO - Task exited with return code 0
[2023-07-18 10:40:46,778] {local_task_job.py:273} INFO - 0 downstream tasks scheduled from follow-on schedule check
