[2023-07-17 22:04:48,031] {taskinstance.py:1159} INFO - Dependencies all met for <TaskInstance: get_crypto_dag.ETH scheduled__2023-05-24T00:00:00+00:00 [queued]>
[2023-07-17 22:04:48,059] {taskinstance.py:1159} INFO - Dependencies all met for <TaskInstance: get_crypto_dag.ETH scheduled__2023-05-24T00:00:00+00:00 [queued]>
[2023-07-17 22:04:48,060] {taskinstance.py:1356} INFO - 
--------------------------------------------------------------------------------
[2023-07-17 22:04:48,060] {taskinstance.py:1357} INFO - Starting attempt 1 of 1
[2023-07-17 22:04:48,060] {taskinstance.py:1358} INFO - 
--------------------------------------------------------------------------------
[2023-07-17 22:04:48,093] {taskinstance.py:1377} INFO - Executing <Task(_PythonDecoratedOperator): ETH> on 2023-05-24 00:00:00+00:00
[2023-07-17 22:04:48,105] {standard_task_runner.py:52} INFO - Started process 67774 to run task
[2023-07-17 22:04:48,108] {standard_task_runner.py:79} INFO - Running: ['airflow', 'tasks', 'run', 'get_crypto_dag', 'ETH', 'scheduled__2023-05-24T00:00:00+00:00', '--job-id', '894', '--raw', '--subdir', 'DAGS_FOLDER/get_crypto.py', '--cfg-path', '/tmp/tmp8gf4kbad', '--error-file', '/tmp/tmp076bzib3']
[2023-07-17 22:04:48,109] {standard_task_runner.py:80} INFO - Job 894: Subtask ETH
[2023-07-17 22:04:48,193] {task_command.py:370} INFO - Running <TaskInstance: get_crypto_dag.ETH scheduled__2023-05-24T00:00:00+00:00 [running]> on host lucas-Estudos
[2023-07-17 22:04:48,387] {taskinstance.py:1569} INFO - Exporting the following env vars:
AIRFLOW_CTX_DAG_OWNER=airflow
AIRFLOW_CTX_DAG_ID=get_crypto_dag
AIRFLOW_CTX_TASK_ID=ETH
AIRFLOW_CTX_EXECUTION_DATE=2023-05-24T00:00:00+00:00
AIRFLOW_CTX_TRY_NUMBER=1
AIRFLOW_CTX_DAG_RUN_ID=scheduled__2023-05-24T00:00:00+00:00
[2023-07-17 22:04:52,034] {base.py:162} ERROR - ETH: No timezone found, symbol may be delisted
[2023-07-17 22:04:52,044] {python.py:173} INFO - Done. Returned value was: None
[2023-07-17 22:04:52,098] {taskinstance.py:1395} INFO - Marking task as SUCCESS. dag_id=get_crypto_dag, task_id=ETH, execution_date=20230524T000000, start_date=20230718T010448, end_date=20230718T010452
[2023-07-17 22:04:52,176] {local_task_job.py:156} INFO - Task exited with return code 0
[2023-07-17 22:04:52,295] {local_task_job.py:273} INFO - 0 downstream tasks scheduled from follow-on schedule check
[2023-07-18 10:38:34,724] {taskinstance.py:1159} INFO - Dependencies all met for <TaskInstance: get_crypto_dag.ETH scheduled__2023-05-24T00:00:00+00:00 [queued]>
[2023-07-18 10:38:34,750] {taskinstance.py:1159} INFO - Dependencies all met for <TaskInstance: get_crypto_dag.ETH scheduled__2023-05-24T00:00:00+00:00 [queued]>
[2023-07-18 10:38:34,750] {taskinstance.py:1356} INFO - 
--------------------------------------------------------------------------------
[2023-07-18 10:38:34,751] {taskinstance.py:1357} INFO - Starting attempt 1 of 1
[2023-07-18 10:38:34,751] {taskinstance.py:1358} INFO - 
--------------------------------------------------------------------------------
[2023-07-18 10:38:34,781] {taskinstance.py:1377} INFO - Executing <Task(_PythonDecoratedOperator): ETH> on 2023-05-24 00:00:00+00:00
[2023-07-18 10:38:34,791] {standard_task_runner.py:52} INFO - Started process 14929 to run task
[2023-07-18 10:38:34,798] {standard_task_runner.py:79} INFO - Running: ['airflow', 'tasks', 'run', 'get_crypto_dag', 'ETH', 'scheduled__2023-05-24T00:00:00+00:00', '--job-id', '1313', '--raw', '--subdir', 'DAGS_FOLDER/get_crypto.py', '--cfg-path', '/tmp/tmppcea3p1o', '--error-file', '/tmp/tmpvyzl8mk9']
[2023-07-18 10:38:34,801] {standard_task_runner.py:80} INFO - Job 1313: Subtask ETH
[2023-07-18 10:38:35,026] {task_command.py:370} INFO - Running <TaskInstance: get_crypto_dag.ETH scheduled__2023-05-24T00:00:00+00:00 [running]> on host lucas-Estudos
[2023-07-18 10:38:35,284] {taskinstance.py:1569} INFO - Exporting the following env vars:
AIRFLOW_CTX_DAG_OWNER=airflow
AIRFLOW_CTX_DAG_ID=get_crypto_dag
AIRFLOW_CTX_TASK_ID=ETH
AIRFLOW_CTX_EXECUTION_DATE=2023-05-24T00:00:00+00:00
AIRFLOW_CTX_TRY_NUMBER=1
AIRFLOW_CTX_DAG_RUN_ID=scheduled__2023-05-24T00:00:00+00:00
[2023-07-18 10:38:45,336] {base.py:162} ERROR - ETH: No timezone found, symbol may be delisted
[2023-07-18 10:38:45,342] {python.py:173} INFO - Done. Returned value was: None
[2023-07-18 10:38:45,391] {taskinstance.py:1395} INFO - Marking task as SUCCESS. dag_id=get_crypto_dag, task_id=ETH, execution_date=20230524T000000, start_date=20230718T133834, end_date=20230718T133845
[2023-07-18 10:38:45,432] {local_task_job.py:156} INFO - Task exited with return code 0
[2023-07-18 10:38:45,530] {local_task_job.py:273} INFO - 0 downstream tasks scheduled from follow-on schedule check
