[2023-07-17 16:23:48,553] {taskinstance.py:1159} INFO - Dependencies all met for <TaskInstance: get_stocks_dag.TSLA scheduled__2023-07-08T00:00:00+00:00 [queued]>
[2023-07-17 16:23:48,580] {taskinstance.py:1159} INFO - Dependencies all met for <TaskInstance: get_stocks_dag.TSLA scheduled__2023-07-08T00:00:00+00:00 [queued]>
[2023-07-17 16:23:48,580] {taskinstance.py:1356} INFO - 
--------------------------------------------------------------------------------
[2023-07-17 16:23:48,581] {taskinstance.py:1357} INFO - Starting attempt 1 of 1
[2023-07-17 16:23:48,581] {taskinstance.py:1358} INFO - 
--------------------------------------------------------------------------------
[2023-07-17 16:23:48,626] {taskinstance.py:1377} INFO - Executing <Task(_PythonDecoratedOperator): TSLA> on 2023-07-08 00:00:00+00:00
[2023-07-17 16:23:48,656] {standard_task_runner.py:52} INFO - Started process 12595 to run task
[2023-07-17 16:23:48,672] {standard_task_runner.py:79} INFO - Running: ['airflow', 'tasks', 'run', 'get_stocks_dag', 'TSLA', 'scheduled__2023-07-08T00:00:00+00:00', '--job-id', '250', '--raw', '--subdir', 'DAGS_FOLDER/get_stocks.py', '--cfg-path', '/tmp/tmprkxc0hnu', '--error-file', '/tmp/tmpkyourr6h']
[2023-07-17 16:23:48,673] {standard_task_runner.py:80} INFO - Job 250: Subtask TSLA
[2023-07-17 16:23:48,883] {task_command.py:370} INFO - Running <TaskInstance: get_stocks_dag.TSLA scheduled__2023-07-08T00:00:00+00:00 [running]> on host lucas-Estudos
[2023-07-17 16:23:49,105] {taskinstance.py:1569} INFO - Exporting the following env vars:
AIRFLOW_CTX_DAG_OWNER=airflow
AIRFLOW_CTX_DAG_ID=get_stocks_dag
AIRFLOW_CTX_TASK_ID=TSLA
AIRFLOW_CTX_EXECUTION_DATE=2023-07-08T00:00:00+00:00
AIRFLOW_CTX_TRY_NUMBER=1
AIRFLOW_CTX_DAG_RUN_ID=scheduled__2023-07-08T00:00:00+00:00
[2023-07-17 16:23:49,929] {python.py:173} INFO - Done. Returned value was: None
[2023-07-17 16:23:49,964] {taskinstance.py:1395} INFO - Marking task as SUCCESS. dag_id=get_stocks_dag, task_id=TSLA, execution_date=20230708T000000, start_date=20230717T192348, end_date=20230717T192349
[2023-07-17 16:23:50,028] {local_task_job.py:156} INFO - Task exited with return code 0
[2023-07-17 16:23:50,118] {local_task_job.py:273} INFO - 0 downstream tasks scheduled from follow-on schedule check
[2023-07-17 16:55:10,751] {taskinstance.py:1159} INFO - Dependencies all met for <TaskInstance: get_stocks_dag.TSLA scheduled__2023-07-08T00:00:00+00:00 [queued]>
[2023-07-17 16:55:10,852] {taskinstance.py:1159} INFO - Dependencies all met for <TaskInstance: get_stocks_dag.TSLA scheduled__2023-07-08T00:00:00+00:00 [queued]>
[2023-07-17 16:55:10,853] {taskinstance.py:1356} INFO - 
--------------------------------------------------------------------------------
[2023-07-17 16:55:10,853] {taskinstance.py:1357} INFO - Starting attempt 1 of 1
[2023-07-17 16:55:10,853] {taskinstance.py:1358} INFO - 
--------------------------------------------------------------------------------
[2023-07-17 16:55:10,958] {taskinstance.py:1377} INFO - Executing <Task(_PythonDecoratedOperator): TSLA> on 2023-07-08 00:00:00+00:00
[2023-07-17 16:55:11,012] {standard_task_runner.py:52} INFO - Started process 25570 to run task
[2023-07-17 16:55:11,020] {standard_task_runner.py:79} INFO - Running: ['airflow', 'tasks', 'run', 'get_stocks_dag', 'TSLA', 'scheduled__2023-07-08T00:00:00+00:00', '--job-id', '473', '--raw', '--subdir', 'DAGS_FOLDER/get_stocks.py', '--cfg-path', '/tmp/tmp2m5mwk0f', '--error-file', '/tmp/tmpon6dokpm']
[2023-07-17 16:55:11,035] {standard_task_runner.py:80} INFO - Job 473: Subtask TSLA
[2023-07-17 16:55:11,234] {task_command.py:370} INFO - Running <TaskInstance: get_stocks_dag.TSLA scheduled__2023-07-08T00:00:00+00:00 [running]> on host lucas-Estudos
[2023-07-17 16:55:11,647] {taskinstance.py:1569} INFO - Exporting the following env vars:
AIRFLOW_CTX_DAG_OWNER=airflow
AIRFLOW_CTX_DAG_ID=get_stocks_dag
AIRFLOW_CTX_TASK_ID=TSLA
AIRFLOW_CTX_EXECUTION_DATE=2023-07-08T00:00:00+00:00
AIRFLOW_CTX_TRY_NUMBER=1
AIRFLOW_CTX_DAG_RUN_ID=scheduled__2023-07-08T00:00:00+00:00
[2023-07-17 16:55:12,235] {python.py:173} INFO - Done. Returned value was: None
[2023-07-17 16:55:12,365] {taskinstance.py:1395} INFO - Marking task as SUCCESS. dag_id=get_stocks_dag, task_id=TSLA, execution_date=20230708T000000, start_date=20230717T195510, end_date=20230717T195512
[2023-07-17 16:55:12,456] {local_task_job.py:156} INFO - Task exited with return code 0
[2023-07-17 16:55:12,540] {local_task_job.py:273} INFO - 0 downstream tasks scheduled from follow-on schedule check
[2023-07-17 21:09:21,261] {taskinstance.py:1159} INFO - Dependencies all met for <TaskInstance: get_stocks_dag.TSLA scheduled__2023-07-08T00:00:00+00:00 [queued]>
[2023-07-17 21:09:21,286] {taskinstance.py:1159} INFO - Dependencies all met for <TaskInstance: get_stocks_dag.TSLA scheduled__2023-07-08T00:00:00+00:00 [queued]>
[2023-07-17 21:09:21,286] {taskinstance.py:1356} INFO - 
--------------------------------------------------------------------------------
[2023-07-17 21:09:21,287] {taskinstance.py:1357} INFO - Starting attempt 1 of 1
[2023-07-17 21:09:21,287] {taskinstance.py:1358} INFO - 
--------------------------------------------------------------------------------
[2023-07-17 21:09:21,314] {taskinstance.py:1377} INFO - Executing <Task(_PythonDecoratedOperator): TSLA> on 2023-07-08 00:00:00+00:00
[2023-07-17 21:09:21,324] {standard_task_runner.py:52} INFO - Started process 36954 to run task
[2023-07-17 21:09:21,333] {standard_task_runner.py:79} INFO - Running: ['airflow', 'tasks', 'run', 'get_stocks_dag', 'TSLA', 'scheduled__2023-07-08T00:00:00+00:00', '--job-id', '687', '--raw', '--subdir', 'DAGS_FOLDER/get_stocks.py', '--cfg-path', '/tmp/tmpm2ufbw4e', '--error-file', '/tmp/tmpkk4dpekm']
[2023-07-17 21:09:21,335] {standard_task_runner.py:80} INFO - Job 687: Subtask TSLA
[2023-07-17 21:09:21,543] {task_command.py:370} INFO - Running <TaskInstance: get_stocks_dag.TSLA scheduled__2023-07-08T00:00:00+00:00 [running]> on host lucas-Estudos
[2023-07-17 21:09:21,772] {taskinstance.py:1569} INFO - Exporting the following env vars:
AIRFLOW_CTX_DAG_OWNER=airflow
AIRFLOW_CTX_DAG_ID=get_stocks_dag
AIRFLOW_CTX_TASK_ID=TSLA
AIRFLOW_CTX_EXECUTION_DATE=2023-07-08T00:00:00+00:00
AIRFLOW_CTX_TRY_NUMBER=1
AIRFLOW_CTX_DAG_RUN_ID=scheduled__2023-07-08T00:00:00+00:00
[2023-07-17 21:09:25,424] {python.py:173} INFO - Done. Returned value was: None
[2023-07-17 21:09:25,475] {taskinstance.py:1395} INFO - Marking task as SUCCESS. dag_id=get_stocks_dag, task_id=TSLA, execution_date=20230708T000000, start_date=20230718T000921, end_date=20230718T000925
[2023-07-17 21:09:25,519] {local_task_job.py:156} INFO - Task exited with return code 0
[2023-07-17 21:09:25,642] {local_task_job.py:273} INFO - 0 downstream tasks scheduled from follow-on schedule check
[2023-07-17 22:19:35,035] {taskinstance.py:1159} INFO - Dependencies all met for <TaskInstance: get_stocks_dag.TSLA scheduled__2023-07-08T00:00:00+00:00 [queued]>
[2023-07-17 22:19:35,071] {taskinstance.py:1159} INFO - Dependencies all met for <TaskInstance: get_stocks_dag.TSLA scheduled__2023-07-08T00:00:00+00:00 [queued]>
[2023-07-17 22:19:35,072] {taskinstance.py:1356} INFO - 
--------------------------------------------------------------------------------
[2023-07-17 22:19:35,072] {taskinstance.py:1357} INFO - Starting attempt 1 of 1
[2023-07-17 22:19:35,072] {taskinstance.py:1358} INFO - 
--------------------------------------------------------------------------------
[2023-07-17 22:19:35,104] {taskinstance.py:1377} INFO - Executing <Task(_PythonDecoratedOperator): TSLA> on 2023-07-08 00:00:00+00:00
[2023-07-17 22:19:35,113] {standard_task_runner.py:52} INFO - Started process 97673 to run task
[2023-07-17 22:19:35,118] {standard_task_runner.py:79} INFO - Running: ['airflow', 'tasks', 'run', 'get_stocks_dag', 'TSLA', 'scheduled__2023-07-08T00:00:00+00:00', '--job-id', '1112', '--raw', '--subdir', 'DAGS_FOLDER/get_stocks.py', '--cfg-path', '/tmp/tmpwhqnyk6w', '--error-file', '/tmp/tmp0_3amrl3']
[2023-07-17 22:19:35,119] {standard_task_runner.py:80} INFO - Job 1112: Subtask TSLA
[2023-07-17 22:19:35,250] {task_command.py:370} INFO - Running <TaskInstance: get_stocks_dag.TSLA scheduled__2023-07-08T00:00:00+00:00 [running]> on host lucas-Estudos
[2023-07-17 22:19:35,399] {taskinstance.py:1569} INFO - Exporting the following env vars:
AIRFLOW_CTX_DAG_OWNER=airflow
AIRFLOW_CTX_DAG_ID=get_stocks_dag
AIRFLOW_CTX_TASK_ID=TSLA
AIRFLOW_CTX_EXECUTION_DATE=2023-07-08T00:00:00+00:00
AIRFLOW_CTX_TRY_NUMBER=1
AIRFLOW_CTX_DAG_RUN_ID=scheduled__2023-07-08T00:00:00+00:00
[2023-07-17 22:19:36,119] {python.py:173} INFO - Done. Returned value was: None
[2023-07-17 22:19:36,198] {taskinstance.py:1395} INFO - Marking task as SUCCESS. dag_id=get_stocks_dag, task_id=TSLA, execution_date=20230708T000000, start_date=20230718T011935, end_date=20230718T011936
[2023-07-17 22:19:36,253] {local_task_job.py:156} INFO - Task exited with return code 0
[2023-07-17 22:19:36,362] {local_task_job.py:273} INFO - 0 downstream tasks scheduled from follow-on schedule check
