[2023-07-18 11:07:32,144] {taskinstance.py:1159} INFO - Dependencies all met for <TaskInstance: get_crypto_dag.ETH scheduled__2023-07-01T00:00:00+00:00 [queued]>
[2023-07-18 11:07:32,168] {taskinstance.py:1159} INFO - Dependencies all met for <TaskInstance: get_crypto_dag.ETH scheduled__2023-07-01T00:00:00+00:00 [queued]>
[2023-07-18 11:07:32,169] {taskinstance.py:1356} INFO - 
--------------------------------------------------------------------------------
[2023-07-18 11:07:32,169] {taskinstance.py:1357} INFO - Starting attempt 1 of 1
[2023-07-18 11:07:32,169] {taskinstance.py:1358} INFO - 
--------------------------------------------------------------------------------
[2023-07-18 11:07:32,200] {taskinstance.py:1377} INFO - Executing <Task(_PythonDecoratedOperator): ETH> on 2023-07-01 00:00:00+00:00
[2023-07-18 11:07:32,211] {standard_task_runner.py:52} INFO - Started process 27002 to run task
[2023-07-18 11:07:32,218] {standard_task_runner.py:79} INFO - Running: ['airflow', 'tasks', 'run', 'get_crypto_dag', 'ETH', 'scheduled__2023-07-01T00:00:00+00:00', '--job-id', '1574', '--raw', '--subdir', 'DAGS_FOLDER/get_crypto.py', '--cfg-path', '/tmp/tmpwb0wnnsx', '--error-file', '/tmp/tmptprwrvf0']
[2023-07-18 11:07:32,220] {standard_task_runner.py:80} INFO - Job 1574: Subtask ETH
[2023-07-18 11:07:32,418] {task_command.py:370} INFO - Running <TaskInstance: get_crypto_dag.ETH scheduled__2023-07-01T00:00:00+00:00 [running]> on host lucas-Estudos
[2023-07-18 11:07:32,675] {taskinstance.py:1569} INFO - Exporting the following env vars:
AIRFLOW_CTX_DAG_OWNER=airflow
AIRFLOW_CTX_DAG_ID=get_crypto_dag
AIRFLOW_CTX_TASK_ID=ETH
AIRFLOW_CTX_EXECUTION_DATE=2023-07-01T00:00:00+00:00
AIRFLOW_CTX_TRY_NUMBER=1
AIRFLOW_CTX_DAG_RUN_ID=scheduled__2023-07-01T00:00:00+00:00
[2023-07-18 11:07:34,220] {base.py:162} ERROR - ETH: No timezone found, symbol may be delisted
[2023-07-18 11:07:34,230] {python.py:173} INFO - Done. Returned value was: None
[2023-07-18 11:07:34,277] {taskinstance.py:1395} INFO - Marking task as SUCCESS. dag_id=get_crypto_dag, task_id=ETH, execution_date=20230701T000000, start_date=20230718T140732, end_date=20230718T140734
[2023-07-18 11:07:34,317] {local_task_job.py:156} INFO - Task exited with return code 0
[2023-07-18 11:07:34,447] {local_task_job.py:273} INFO - 0 downstream tasks scheduled from follow-on schedule check
