[2023-07-17 22:21:03,351] {taskinstance.py:1159} INFO - Dependencies all met for <TaskInstance: get_crypto_dag.ETH scheduled__2023-06-24T00:00:00+00:00 [queued]>
[2023-07-17 22:21:03,362] {taskinstance.py:1159} INFO - Dependencies all met for <TaskInstance: get_crypto_dag.ETH scheduled__2023-06-24T00:00:00+00:00 [queued]>
[2023-07-17 22:21:03,362] {taskinstance.py:1356} INFO - 
--------------------------------------------------------------------------------
[2023-07-17 22:21:03,362] {taskinstance.py:1357} INFO - Starting attempt 1 of 1
[2023-07-17 22:21:03,362] {taskinstance.py:1358} INFO - 
--------------------------------------------------------------------------------
[2023-07-17 22:21:03,373] {taskinstance.py:1377} INFO - Executing <Task(_PythonDecoratedOperator): ETH> on 2023-06-24 00:00:00+00:00
[2023-07-17 22:21:03,381] {standard_task_runner.py:52} INFO - Started process 100655 to run task
[2023-07-17 22:21:03,384] {standard_task_runner.py:79} INFO - Running: ['airflow', 'tasks', 'run', 'get_crypto_dag', 'ETH', 'scheduled__2023-06-24T00:00:00+00:00', '--job-id', '1135', '--raw', '--subdir', 'DAGS_FOLDER/get_crypto.py', '--cfg-path', '/tmp/tmpfc_4415u', '--error-file', '/tmp/tmp4g2lw0xj']
[2023-07-17 22:21:03,385] {standard_task_runner.py:80} INFO - Job 1135: Subtask ETH
[2023-07-17 22:21:03,453] {task_command.py:370} INFO - Running <TaskInstance: get_crypto_dag.ETH scheduled__2023-06-24T00:00:00+00:00 [running]> on host lucas-Estudos
[2023-07-17 22:21:03,514] {taskinstance.py:1569} INFO - Exporting the following env vars:
AIRFLOW_CTX_DAG_OWNER=airflow
AIRFLOW_CTX_DAG_ID=get_crypto_dag
AIRFLOW_CTX_TASK_ID=ETH
AIRFLOW_CTX_EXECUTION_DATE=2023-06-24T00:00:00+00:00
AIRFLOW_CTX_TRY_NUMBER=1
AIRFLOW_CTX_DAG_RUN_ID=scheduled__2023-06-24T00:00:00+00:00
[2023-07-17 22:21:22,185] {base.py:162} ERROR - ETH: No timezone found, symbol may be delisted
[2023-07-17 22:21:22,189] {python.py:173} INFO - Done. Returned value was: None
[2023-07-17 22:21:22,255] {taskinstance.py:1395} INFO - Marking task as SUCCESS. dag_id=get_crypto_dag, task_id=ETH, execution_date=20230624T000000, start_date=20230718T012103, end_date=20230718T012122
[2023-07-17 22:21:22,286] {local_task_job.py:156} INFO - Task exited with return code 0
[2023-07-17 22:21:22,312] {local_task_job.py:273} INFO - 0 downstream tasks scheduled from follow-on schedule check
[2023-07-18 11:02:09,269] {taskinstance.py:1159} INFO - Dependencies all met for <TaskInstance: get_crypto_dag.ETH scheduled__2023-06-24T00:00:00+00:00 [queued]>
[2023-07-18 11:02:09,296] {taskinstance.py:1159} INFO - Dependencies all met for <TaskInstance: get_crypto_dag.ETH scheduled__2023-06-24T00:00:00+00:00 [queued]>
[2023-07-18 11:02:09,296] {taskinstance.py:1356} INFO - 
--------------------------------------------------------------------------------
[2023-07-18 11:02:09,297] {taskinstance.py:1357} INFO - Starting attempt 1 of 1
[2023-07-18 11:02:09,297] {taskinstance.py:1358} INFO - 
--------------------------------------------------------------------------------
[2023-07-18 11:02:09,325] {taskinstance.py:1377} INFO - Executing <Task(_PythonDecoratedOperator): ETH> on 2023-06-24 00:00:00+00:00
[2023-07-18 11:02:09,335] {standard_task_runner.py:52} INFO - Started process 25496 to run task
[2023-07-18 11:02:09,342] {standard_task_runner.py:79} INFO - Running: ['airflow', 'tasks', 'run', 'get_crypto_dag', 'ETH', 'scheduled__2023-06-24T00:00:00+00:00', '--job-id', '1526', '--raw', '--subdir', 'DAGS_FOLDER/get_crypto.py', '--cfg-path', '/tmp/tmpmf_d3tof', '--error-file', '/tmp/tmp94pxnzh0']
[2023-07-18 11:02:09,344] {standard_task_runner.py:80} INFO - Job 1526: Subtask ETH
[2023-07-18 11:02:09,545] {task_command.py:370} INFO - Running <TaskInstance: get_crypto_dag.ETH scheduled__2023-06-24T00:00:00+00:00 [running]> on host lucas-Estudos
[2023-07-18 11:02:09,794] {taskinstance.py:1569} INFO - Exporting the following env vars:
AIRFLOW_CTX_DAG_OWNER=airflow
AIRFLOW_CTX_DAG_ID=get_crypto_dag
AIRFLOW_CTX_TASK_ID=ETH
AIRFLOW_CTX_EXECUTION_DATE=2023-06-24T00:00:00+00:00
AIRFLOW_CTX_TRY_NUMBER=1
AIRFLOW_CTX_DAG_RUN_ID=scheduled__2023-06-24T00:00:00+00:00
[2023-07-18 11:02:10,397] {base.py:162} ERROR - ETH: No timezone found, symbol may be delisted
[2023-07-18 11:02:10,407] {python.py:173} INFO - Done. Returned value was: None
[2023-07-18 11:02:10,460] {taskinstance.py:1395} INFO - Marking task as SUCCESS. dag_id=get_crypto_dag, task_id=ETH, execution_date=20230624T000000, start_date=20230718T140209, end_date=20230718T140210
[2023-07-18 11:02:10,518] {local_task_job.py:156} INFO - Task exited with return code 0
[2023-07-18 11:02:10,640] {local_task_job.py:273} INFO - 0 downstream tasks scheduled from follow-on schedule check
