[2023-07-17 21:57:37,362] {taskinstance.py:1159} INFO - Dependencies all met for <TaskInstance: get_crypto_dag.ETH scheduled__2023-05-11T00:00:00+00:00 [queued]>
[2023-07-17 21:57:37,379] {taskinstance.py:1159} INFO - Dependencies all met for <TaskInstance: get_crypto_dag.ETH scheduled__2023-05-11T00:00:00+00:00 [queued]>
[2023-07-17 21:57:37,379] {taskinstance.py:1356} INFO - 
--------------------------------------------------------------------------------
[2023-07-17 21:57:37,379] {taskinstance.py:1357} INFO - Starting attempt 1 of 1
[2023-07-17 21:57:37,379] {taskinstance.py:1358} INFO - 
--------------------------------------------------------------------------------
[2023-07-17 21:57:37,395] {taskinstance.py:1377} INFO - Executing <Task(_PythonDecoratedOperator): ETH> on 2023-05-11 00:00:00+00:00
[2023-07-17 21:57:37,403] {standard_task_runner.py:52} INFO - Started process 53121 to run task
[2023-07-17 21:57:37,406] {standard_task_runner.py:79} INFO - Running: ['airflow', 'tasks', 'run', 'get_crypto_dag', 'ETH', 'scheduled__2023-05-11T00:00:00+00:00', '--job-id', '787', '--raw', '--subdir', 'DAGS_FOLDER/get_crypto.py', '--cfg-path', '/tmp/tmpd2weritx', '--error-file', '/tmp/tmpgz79oi89']
[2023-07-17 21:57:37,407] {standard_task_runner.py:80} INFO - Job 787: Subtask ETH
[2023-07-17 21:57:37,511] {task_command.py:370} INFO - Running <TaskInstance: get_crypto_dag.ETH scheduled__2023-05-11T00:00:00+00:00 [running]> on host lucas-Estudos
[2023-07-17 21:57:37,633] {taskinstance.py:1569} INFO - Exporting the following env vars:
AIRFLOW_CTX_DAG_OWNER=airflow
AIRFLOW_CTX_DAG_ID=get_crypto_dag
AIRFLOW_CTX_TASK_ID=ETH
AIRFLOW_CTX_EXECUTION_DATE=2023-05-11T00:00:00+00:00
AIRFLOW_CTX_TRY_NUMBER=1
AIRFLOW_CTX_DAG_RUN_ID=scheduled__2023-05-11T00:00:00+00:00
[2023-07-17 21:57:46,557] {base.py:162} ERROR - ETH: No timezone found, symbol may be delisted
[2023-07-17 21:57:46,563] {python.py:173} INFO - Done. Returned value was: None
[2023-07-17 21:57:46,617] {taskinstance.py:1395} INFO - Marking task as SUCCESS. dag_id=get_crypto_dag, task_id=ETH, execution_date=20230511T000000, start_date=20230718T005737, end_date=20230718T005746
[2023-07-17 21:57:46,694] {local_task_job.py:156} INFO - Task exited with return code 0
[2023-07-17 21:57:46,801] {local_task_job.py:273} INFO - 0 downstream tasks scheduled from follow-on schedule check
[2023-07-18 10:29:23,681] {taskinstance.py:1159} INFO - Dependencies all met for <TaskInstance: get_crypto_dag.ETH scheduled__2023-05-11T00:00:00+00:00 [queued]>
[2023-07-18 10:29:23,706] {taskinstance.py:1159} INFO - Dependencies all met for <TaskInstance: get_crypto_dag.ETH scheduled__2023-05-11T00:00:00+00:00 [queued]>
[2023-07-18 10:29:23,707] {taskinstance.py:1356} INFO - 
--------------------------------------------------------------------------------
[2023-07-18 10:29:23,707] {taskinstance.py:1357} INFO - Starting attempt 1 of 1
[2023-07-18 10:29:23,707] {taskinstance.py:1358} INFO - 
--------------------------------------------------------------------------------
[2023-07-18 10:29:23,737] {taskinstance.py:1377} INFO - Executing <Task(_PythonDecoratedOperator): ETH> on 2023-05-11 00:00:00+00:00
[2023-07-18 10:29:23,748] {standard_task_runner.py:52} INFO - Started process 12279 to run task
[2023-07-18 10:29:23,755] {standard_task_runner.py:79} INFO - Running: ['airflow', 'tasks', 'run', 'get_crypto_dag', 'ETH', 'scheduled__2023-05-11T00:00:00+00:00', '--job-id', '1227', '--raw', '--subdir', 'DAGS_FOLDER/get_crypto.py', '--cfg-path', '/tmp/tmpq8cvh39k', '--error-file', '/tmp/tmp6z9dqt0j']
[2023-07-18 10:29:23,757] {standard_task_runner.py:80} INFO - Job 1227: Subtask ETH
[2023-07-18 10:29:23,961] {task_command.py:370} INFO - Running <TaskInstance: get_crypto_dag.ETH scheduled__2023-05-11T00:00:00+00:00 [running]> on host lucas-Estudos
[2023-07-18 10:29:24,190] {taskinstance.py:1569} INFO - Exporting the following env vars:
AIRFLOW_CTX_DAG_OWNER=airflow
AIRFLOW_CTX_DAG_ID=get_crypto_dag
AIRFLOW_CTX_TASK_ID=ETH
AIRFLOW_CTX_EXECUTION_DATE=2023-05-11T00:00:00+00:00
AIRFLOW_CTX_TRY_NUMBER=1
AIRFLOW_CTX_DAG_RUN_ID=scheduled__2023-05-11T00:00:00+00:00
[2023-07-18 10:29:24,751] {base.py:162} ERROR - ETH: No timezone found, symbol may be delisted
[2023-07-18 10:29:24,761] {python.py:173} INFO - Done. Returned value was: None
[2023-07-18 10:29:24,816] {taskinstance.py:1395} INFO - Marking task as SUCCESS. dag_id=get_crypto_dag, task_id=ETH, execution_date=20230511T000000, start_date=20230718T132923, end_date=20230718T132924
[2023-07-18 10:29:24,892] {local_task_job.py:156} INFO - Task exited with return code 0
[2023-07-18 10:29:25,005] {local_task_job.py:273} INFO - 0 downstream tasks scheduled from follow-on schedule check
