[2023-07-17 21:54:07,328] {taskinstance.py:1159} INFO - Dependencies all met for <TaskInstance: get_crypto_dag.ETH scheduled__2023-05-04T00:00:00+00:00 [queued]>
[2023-07-17 21:54:07,341] {taskinstance.py:1159} INFO - Dependencies all met for <TaskInstance: get_crypto_dag.ETH scheduled__2023-05-04T00:00:00+00:00 [queued]>
[2023-07-17 21:54:07,341] {taskinstance.py:1356} INFO - 
--------------------------------------------------------------------------------
[2023-07-17 21:54:07,341] {taskinstance.py:1357} INFO - Starting attempt 1 of 1
[2023-07-17 21:54:07,341] {taskinstance.py:1358} INFO - 
--------------------------------------------------------------------------------
[2023-07-17 21:54:07,358] {taskinstance.py:1377} INFO - Executing <Task(_PythonDecoratedOperator): ETH> on 2023-05-04 00:00:00+00:00
[2023-07-17 21:54:07,364] {standard_task_runner.py:52} INFO - Started process 46057 to run task
[2023-07-17 21:54:07,370] {standard_task_runner.py:79} INFO - Running: ['airflow', 'tasks', 'run', 'get_crypto_dag', 'ETH', 'scheduled__2023-05-04T00:00:00+00:00', '--job-id', '737', '--raw', '--subdir', 'DAGS_FOLDER/get_crypto.py', '--cfg-path', '/tmp/tmpqasryi3p', '--error-file', '/tmp/tmpriub35mb']
[2023-07-17 21:54:07,371] {standard_task_runner.py:80} INFO - Job 737: Subtask ETH
[2023-07-17 21:54:07,464] {task_command.py:370} INFO - Running <TaskInstance: get_crypto_dag.ETH scheduled__2023-05-04T00:00:00+00:00 [running]> on host lucas-Estudos
[2023-07-17 21:54:07,550] {taskinstance.py:1569} INFO - Exporting the following env vars:
AIRFLOW_CTX_DAG_OWNER=airflow
AIRFLOW_CTX_DAG_ID=get_crypto_dag
AIRFLOW_CTX_TASK_ID=ETH
AIRFLOW_CTX_EXECUTION_DATE=2023-05-04T00:00:00+00:00
AIRFLOW_CTX_TRY_NUMBER=1
AIRFLOW_CTX_DAG_RUN_ID=scheduled__2023-05-04T00:00:00+00:00
[2023-07-17 21:54:12,124] {base.py:162} ERROR - ETH: No timezone found, symbol may be delisted
[2023-07-17 21:54:12,135] {python.py:173} INFO - Done. Returned value was: None
[2023-07-17 21:54:12,192] {taskinstance.py:1395} INFO - Marking task as SUCCESS. dag_id=get_crypto_dag, task_id=ETH, execution_date=20230504T000000, start_date=20230718T005407, end_date=20230718T005412
[2023-07-17 21:54:12,243] {local_task_job.py:156} INFO - Task exited with return code 0
[2023-07-17 21:54:12,363] {local_task_job.py:273} INFO - 0 downstream tasks scheduled from follow-on schedule check
[2023-07-18 10:23:41,237] {taskinstance.py:1159} INFO - Dependencies all met for <TaskInstance: get_crypto_dag.ETH scheduled__2023-05-04T00:00:00+00:00 [queued]>
[2023-07-18 10:23:41,261] {taskinstance.py:1159} INFO - Dependencies all met for <TaskInstance: get_crypto_dag.ETH scheduled__2023-05-04T00:00:00+00:00 [queued]>
[2023-07-18 10:23:41,261] {taskinstance.py:1356} INFO - 
--------------------------------------------------------------------------------
[2023-07-18 10:23:41,261] {taskinstance.py:1357} INFO - Starting attempt 1 of 1
[2023-07-18 10:23:41,261] {taskinstance.py:1358} INFO - 
--------------------------------------------------------------------------------
[2023-07-18 10:23:41,288] {taskinstance.py:1377} INFO - Executing <Task(_PythonDecoratedOperator): ETH> on 2023-05-04 00:00:00+00:00
[2023-07-18 10:23:41,298] {standard_task_runner.py:52} INFO - Started process 10564 to run task
[2023-07-18 10:23:41,305] {standard_task_runner.py:79} INFO - Running: ['airflow', 'tasks', 'run', 'get_crypto_dag', 'ETH', 'scheduled__2023-05-04T00:00:00+00:00', '--job-id', '1174', '--raw', '--subdir', 'DAGS_FOLDER/get_crypto.py', '--cfg-path', '/tmp/tmp5hv5fbdy', '--error-file', '/tmp/tmp2z7b9tbe']
[2023-07-18 10:23:41,307] {standard_task_runner.py:80} INFO - Job 1174: Subtask ETH
[2023-07-18 10:23:41,495] {task_command.py:370} INFO - Running <TaskInstance: get_crypto_dag.ETH scheduled__2023-05-04T00:00:00+00:00 [running]> on host lucas-Estudos
[2023-07-18 10:23:41,703] {taskinstance.py:1569} INFO - Exporting the following env vars:
AIRFLOW_CTX_DAG_OWNER=airflow
AIRFLOW_CTX_DAG_ID=get_crypto_dag
AIRFLOW_CTX_TASK_ID=ETH
AIRFLOW_CTX_EXECUTION_DATE=2023-05-04T00:00:00+00:00
AIRFLOW_CTX_TRY_NUMBER=1
AIRFLOW_CTX_DAG_RUN_ID=scheduled__2023-05-04T00:00:00+00:00
[2023-07-18 10:23:42,199] {base.py:162} ERROR - ETH: No timezone found, symbol may be delisted
[2023-07-18 10:23:42,209] {python.py:173} INFO - Done. Returned value was: None
[2023-07-18 10:23:42,256] {taskinstance.py:1395} INFO - Marking task as SUCCESS. dag_id=get_crypto_dag, task_id=ETH, execution_date=20230504T000000, start_date=20230718T132341, end_date=20230718T132342
[2023-07-18 10:23:42,321] {local_task_job.py:156} INFO - Task exited with return code 0
[2023-07-18 10:23:42,442] {local_task_job.py:273} INFO - 0 downstream tasks scheduled from follow-on schedule check
