[2023-07-17 16:23:13,059] {taskinstance.py:1159} INFO - Dependencies all met for <TaskInstance: get_stocks_dag.TSLA scheduled__2023-06-02T00:00:00+00:00 [queued]>
[2023-07-17 16:23:13,103] {taskinstance.py:1159} INFO - Dependencies all met for <TaskInstance: get_stocks_dag.TSLA scheduled__2023-06-02T00:00:00+00:00 [queued]>
[2023-07-17 16:23:13,103] {taskinstance.py:1356} INFO - 
--------------------------------------------------------------------------------
[2023-07-17 16:23:13,103] {taskinstance.py:1357} INFO - Starting attempt 1 of 1
[2023-07-17 16:23:13,104] {taskinstance.py:1358} INFO - 
--------------------------------------------------------------------------------
[2023-07-17 16:23:13,184] {taskinstance.py:1377} INFO - Executing <Task(_PythonDecoratedOperator): TSLA> on 2023-06-02 00:00:00+00:00
[2023-07-17 16:23:13,192] {standard_task_runner.py:52} INFO - Started process 9346 to run task
[2023-07-17 16:23:13,206] {standard_task_runner.py:79} INFO - Running: ['airflow', 'tasks', 'run', 'get_stocks_dag', 'TSLA', 'scheduled__2023-06-02T00:00:00+00:00', '--job-id', '138', '--raw', '--subdir', 'DAGS_FOLDER/get_stocks.py', '--cfg-path', '/tmp/tmpktwsd5vz', '--error-file', '/tmp/tmp7hctuzll']
[2023-07-17 16:23:13,210] {standard_task_runner.py:80} INFO - Job 138: Subtask TSLA
[2023-07-17 16:23:13,352] {task_command.py:370} INFO - Running <TaskInstance: get_stocks_dag.TSLA scheduled__2023-06-02T00:00:00+00:00 [running]> on host lucas-Estudos
[2023-07-17 16:23:13,677] {taskinstance.py:1569} INFO - Exporting the following env vars:
AIRFLOW_CTX_DAG_OWNER=airflow
AIRFLOW_CTX_DAG_ID=get_stocks_dag
AIRFLOW_CTX_TASK_ID=TSLA
AIRFLOW_CTX_EXECUTION_DATE=2023-06-02T00:00:00+00:00
AIRFLOW_CTX_TRY_NUMBER=1
AIRFLOW_CTX_DAG_RUN_ID=scheduled__2023-06-02T00:00:00+00:00
[2023-07-17 16:23:14,686] {python.py:173} INFO - Done. Returned value was: None
[2023-07-17 16:23:14,798] {taskinstance.py:1395} INFO - Marking task as SUCCESS. dag_id=get_stocks_dag, task_id=TSLA, execution_date=20230602T000000, start_date=20230717T192313, end_date=20230717T192314
[2023-07-17 16:23:14,936] {local_task_job.py:156} INFO - Task exited with return code 0
[2023-07-17 16:23:15,055] {local_task_job.py:273} INFO - 0 downstream tasks scheduled from follow-on schedule check
[2023-07-17 16:54:34,345] {taskinstance.py:1159} INFO - Dependencies all met for <TaskInstance: get_stocks_dag.TSLA scheduled__2023-06-02T00:00:00+00:00 [queued]>
[2023-07-17 16:54:34,395] {taskinstance.py:1159} INFO - Dependencies all met for <TaskInstance: get_stocks_dag.TSLA scheduled__2023-06-02T00:00:00+00:00 [queued]>
[2023-07-17 16:54:34,395] {taskinstance.py:1356} INFO - 
--------------------------------------------------------------------------------
[2023-07-17 16:54:34,396] {taskinstance.py:1357} INFO - Starting attempt 1 of 1
[2023-07-17 16:54:34,396] {taskinstance.py:1358} INFO - 
--------------------------------------------------------------------------------
[2023-07-17 16:54:34,549] {taskinstance.py:1377} INFO - Executing <Task(_PythonDecoratedOperator): TSLA> on 2023-06-02 00:00:00+00:00
[2023-07-17 16:54:34,613] {standard_task_runner.py:79} INFO - Running: ['airflow', 'tasks', 'run', 'get_stocks_dag', 'TSLA', 'scheduled__2023-06-02T00:00:00+00:00', '--job-id', '364', '--raw', '--subdir', 'DAGS_FOLDER/get_stocks.py', '--cfg-path', '/tmp/tmp19ws0r7d', '--error-file', '/tmp/tmp_wgvezu_']
[2023-07-17 16:54:34,615] {standard_task_runner.py:80} INFO - Job 364: Subtask TSLA
[2023-07-17 16:54:34,592] {standard_task_runner.py:52} INFO - Started process 22315 to run task
[2023-07-17 16:54:34,762] {task_command.py:370} INFO - Running <TaskInstance: get_stocks_dag.TSLA scheduled__2023-06-02T00:00:00+00:00 [running]> on host lucas-Estudos
[2023-07-17 16:54:35,096] {taskinstance.py:1569} INFO - Exporting the following env vars:
AIRFLOW_CTX_DAG_OWNER=airflow
AIRFLOW_CTX_DAG_ID=get_stocks_dag
AIRFLOW_CTX_TASK_ID=TSLA
AIRFLOW_CTX_EXECUTION_DATE=2023-06-02T00:00:00+00:00
AIRFLOW_CTX_TRY_NUMBER=1
AIRFLOW_CTX_DAG_RUN_ID=scheduled__2023-06-02T00:00:00+00:00
[2023-07-17 16:54:35,721] {python.py:173} INFO - Done. Returned value was: None
[2023-07-17 16:54:35,797] {taskinstance.py:1395} INFO - Marking task as SUCCESS. dag_id=get_stocks_dag, task_id=TSLA, execution_date=20230602T000000, start_date=20230717T195434, end_date=20230717T195435
[2023-07-17 16:54:35,836] {local_task_job.py:156} INFO - Task exited with return code 0
[2023-07-17 16:54:35,917] {local_task_job.py:273} INFO - 0 downstream tasks scheduled from follow-on schedule check
[2023-07-17 21:02:15,216] {taskinstance.py:1159} INFO - Dependencies all met for <TaskInstance: get_stocks_dag.TSLA scheduled__2023-06-02T00:00:00+00:00 [queued]>
[2023-07-17 21:02:15,224] {taskinstance.py:1159} INFO - Dependencies all met for <TaskInstance: get_stocks_dag.TSLA scheduled__2023-06-02T00:00:00+00:00 [queued]>
[2023-07-17 21:02:15,225] {taskinstance.py:1356} INFO - 
--------------------------------------------------------------------------------
[2023-07-17 21:02:15,225] {taskinstance.py:1357} INFO - Starting attempt 1 of 1
[2023-07-17 21:02:15,225] {taskinstance.py:1358} INFO - 
--------------------------------------------------------------------------------
[2023-07-17 21:02:15,234] {taskinstance.py:1377} INFO - Executing <Task(_PythonDecoratedOperator): TSLA> on 2023-06-02 00:00:00+00:00
[2023-07-17 21:02:15,244] {standard_task_runner.py:52} INFO - Started process 23410 to run task
[2023-07-17 21:02:15,251] {standard_task_runner.py:79} INFO - Running: ['airflow', 'tasks', 'run', 'get_stocks_dag', 'TSLA', 'scheduled__2023-06-02T00:00:00+00:00', '--job-id', '580', '--raw', '--subdir', 'DAGS_FOLDER/get_stocks.py', '--cfg-path', '/tmp/tmpe965gd7j', '--error-file', '/tmp/tmpl6_des5n']
[2023-07-17 21:02:15,254] {standard_task_runner.py:80} INFO - Job 580: Subtask TSLA
[2023-07-17 21:02:15,450] {task_command.py:370} INFO - Running <TaskInstance: get_stocks_dag.TSLA scheduled__2023-06-02T00:00:00+00:00 [running]> on host lucas-Estudos
[2023-07-17 21:02:15,695] {taskinstance.py:1569} INFO - Exporting the following env vars:
AIRFLOW_CTX_DAG_OWNER=airflow
AIRFLOW_CTX_DAG_ID=get_stocks_dag
AIRFLOW_CTX_TASK_ID=TSLA
AIRFLOW_CTX_EXECUTION_DATE=2023-06-02T00:00:00+00:00
AIRFLOW_CTX_TRY_NUMBER=1
AIRFLOW_CTX_DAG_RUN_ID=scheduled__2023-06-02T00:00:00+00:00
[2023-07-17 21:02:17,315] {python.py:173} INFO - Done. Returned value was: None
[2023-07-17 21:02:17,376] {taskinstance.py:1395} INFO - Marking task as SUCCESS. dag_id=get_stocks_dag, task_id=TSLA, execution_date=20230602T000000, start_date=20230718T000215, end_date=20230718T000217
[2023-07-17 21:02:17,429] {local_task_job.py:156} INFO - Task exited with return code 0
[2023-07-17 21:02:17,547] {local_task_job.py:273} INFO - 0 downstream tasks scheduled from follow-on schedule check
[2023-07-17 22:05:20,111] {taskinstance.py:1159} INFO - Dependencies all met for <TaskInstance: get_stocks_dag.TSLA scheduled__2023-06-02T00:00:00+00:00 [queued]>
[2023-07-17 22:05:20,123] {taskinstance.py:1159} INFO - Dependencies all met for <TaskInstance: get_stocks_dag.TSLA scheduled__2023-06-02T00:00:00+00:00 [queued]>
[2023-07-17 22:05:20,123] {taskinstance.py:1356} INFO - 
--------------------------------------------------------------------------------
[2023-07-17 22:05:20,123] {taskinstance.py:1357} INFO - Starting attempt 1 of 1
[2023-07-17 22:05:20,124] {taskinstance.py:1358} INFO - 
--------------------------------------------------------------------------------
[2023-07-17 22:05:20,140] {taskinstance.py:1377} INFO - Executing <Task(_PythonDecoratedOperator): TSLA> on 2023-06-02 00:00:00+00:00
[2023-07-17 22:05:20,149] {standard_task_runner.py:52} INFO - Started process 68817 to run task
[2023-07-17 22:05:20,154] {standard_task_runner.py:79} INFO - Running: ['airflow', 'tasks', 'run', 'get_stocks_dag', 'TSLA', 'scheduled__2023-06-02T00:00:00+00:00', '--job-id', '902', '--raw', '--subdir', 'DAGS_FOLDER/get_stocks.py', '--cfg-path', '/tmp/tmpkpm2ro77', '--error-file', '/tmp/tmpxk30txti']
[2023-07-17 22:05:20,155] {standard_task_runner.py:80} INFO - Job 902: Subtask TSLA
[2023-07-17 22:05:20,245] {task_command.py:370} INFO - Running <TaskInstance: get_stocks_dag.TSLA scheduled__2023-06-02T00:00:00+00:00 [running]> on host lucas-Estudos
[2023-07-17 22:05:20,389] {taskinstance.py:1569} INFO - Exporting the following env vars:
AIRFLOW_CTX_DAG_OWNER=airflow
AIRFLOW_CTX_DAG_ID=get_stocks_dag
AIRFLOW_CTX_TASK_ID=TSLA
AIRFLOW_CTX_EXECUTION_DATE=2023-06-02T00:00:00+00:00
AIRFLOW_CTX_TRY_NUMBER=1
AIRFLOW_CTX_DAG_RUN_ID=scheduled__2023-06-02T00:00:00+00:00
[2023-07-17 22:05:22,995] {python.py:173} INFO - Done. Returned value was: None
[2023-07-17 22:05:23,160] {taskinstance.py:1395} INFO - Marking task as SUCCESS. dag_id=get_stocks_dag, task_id=TSLA, execution_date=20230602T000000, start_date=20230718T010520, end_date=20230718T010523
[2023-07-17 22:05:23,221] {local_task_job.py:156} INFO - Task exited with return code 0
[2023-07-17 22:05:23,266] {local_task_job.py:273} INFO - 0 downstream tasks scheduled from follow-on schedule check
[2023-07-18 10:46:06,082] {taskinstance.py:1159} INFO - Dependencies all met for <TaskInstance: get_stocks_dag.TSLA scheduled__2023-06-02T00:00:00+00:00 [queued]>
[2023-07-18 10:46:06,105] {taskinstance.py:1159} INFO - Dependencies all met for <TaskInstance: get_stocks_dag.TSLA scheduled__2023-06-02T00:00:00+00:00 [queued]>
[2023-07-18 10:46:06,105] {taskinstance.py:1356} INFO - 
--------------------------------------------------------------------------------
[2023-07-18 10:46:06,105] {taskinstance.py:1357} INFO - Starting attempt 1 of 1
[2023-07-18 10:46:06,105] {taskinstance.py:1358} INFO - 
--------------------------------------------------------------------------------
[2023-07-18 10:46:06,133] {taskinstance.py:1377} INFO - Executing <Task(_PythonDecoratedOperator): TSLA> on 2023-06-02 00:00:00+00:00
[2023-07-18 10:46:06,142] {standard_task_runner.py:52} INFO - Started process 17171 to run task
[2023-07-18 10:46:06,148] {standard_task_runner.py:79} INFO - Running: ['airflow', 'tasks', 'run', 'get_stocks_dag', 'TSLA', 'scheduled__2023-06-02T00:00:00+00:00', '--job-id', '1380', '--raw', '--subdir', 'DAGS_FOLDER/get_stocks.py', '--cfg-path', '/tmp/tmphshznjdp', '--error-file', '/tmp/tmpthybqihn']
[2023-07-18 10:46:06,150] {standard_task_runner.py:80} INFO - Job 1380: Subtask TSLA
[2023-07-18 10:46:06,335] {task_command.py:370} INFO - Running <TaskInstance: get_stocks_dag.TSLA scheduled__2023-06-02T00:00:00+00:00 [running]> on host lucas-Estudos
[2023-07-18 10:46:06,544] {taskinstance.py:1569} INFO - Exporting the following env vars:
AIRFLOW_CTX_DAG_OWNER=airflow
AIRFLOW_CTX_DAG_ID=get_stocks_dag
AIRFLOW_CTX_TASK_ID=TSLA
AIRFLOW_CTX_EXECUTION_DATE=2023-06-02T00:00:00+00:00
AIRFLOW_CTX_TRY_NUMBER=1
AIRFLOW_CTX_DAG_RUN_ID=scheduled__2023-06-02T00:00:00+00:00
[2023-07-18 10:46:07,115] {python.py:173} INFO - Done. Returned value was: None
[2023-07-18 10:46:07,159] {taskinstance.py:1395} INFO - Marking task as SUCCESS. dag_id=get_stocks_dag, task_id=TSLA, execution_date=20230602T000000, start_date=20230718T134606, end_date=20230718T134607
[2023-07-18 10:46:07,204] {local_task_job.py:156} INFO - Task exited with return code 0
[2023-07-18 10:46:07,311] {local_task_job.py:273} INFO - 0 downstream tasks scheduled from follow-on schedule check
