[2023-07-17 21:56:30,658] {taskinstance.py:1159} INFO - Dependencies all met for <TaskInstance: get_crypto_dag.AVAX scheduled__2023-05-09T00:00:00+00:00 [queued]>
[2023-07-17 21:56:30,690] {taskinstance.py:1159} INFO - Dependencies all met for <TaskInstance: get_crypto_dag.AVAX scheduled__2023-05-09T00:00:00+00:00 [queued]>
[2023-07-17 21:56:30,690] {taskinstance.py:1356} INFO - 
--------------------------------------------------------------------------------
[2023-07-17 21:56:30,691] {taskinstance.py:1357} INFO - Starting attempt 1 of 1
[2023-07-17 21:56:30,691] {taskinstance.py:1358} INFO - 
--------------------------------------------------------------------------------
[2023-07-17 21:56:30,722] {taskinstance.py:1377} INFO - Executing <Task(_PythonDecoratedOperator): AVAX> on 2023-05-09 00:00:00+00:00
[2023-07-17 21:56:30,730] {standard_task_runner.py:52} INFO - Started process 50852 to run task
[2023-07-17 21:56:30,733] {standard_task_runner.py:79} INFO - Running: ['airflow', 'tasks', 'run', 'get_crypto_dag', 'AVAX', 'scheduled__2023-05-09T00:00:00+00:00', '--job-id', '772', '--raw', '--subdir', 'DAGS_FOLDER/get_crypto.py', '--cfg-path', '/tmp/tmpj8__5fm8', '--error-file', '/tmp/tmpu1b9648m']
[2023-07-17 21:56:30,735] {standard_task_runner.py:80} INFO - Job 772: Subtask AVAX
[2023-07-17 21:56:30,838] {task_command.py:370} INFO - Running <TaskInstance: get_crypto_dag.AVAX scheduled__2023-05-09T00:00:00+00:00 [running]> on host lucas-Estudos
[2023-07-17 21:56:30,920] {taskinstance.py:1569} INFO - Exporting the following env vars:
AIRFLOW_CTX_DAG_OWNER=airflow
AIRFLOW_CTX_DAG_ID=get_crypto_dag
AIRFLOW_CTX_TASK_ID=AVAX
AIRFLOW_CTX_EXECUTION_DATE=2023-05-09T00:00:00+00:00
AIRFLOW_CTX_TRY_NUMBER=1
AIRFLOW_CTX_DAG_RUN_ID=scheduled__2023-05-09T00:00:00+00:00
[2023-07-17 21:56:34,668] {base.py:162} ERROR - AVAX: No timezone found, symbol may be delisted
[2023-07-17 21:56:34,679] {python.py:173} INFO - Done. Returned value was: None
[2023-07-17 21:56:34,736] {taskinstance.py:1395} INFO - Marking task as SUCCESS. dag_id=get_crypto_dag, task_id=AVAX, execution_date=20230509T000000, start_date=20230718T005630, end_date=20230718T005634
[2023-07-17 21:56:34,806] {local_task_job.py:156} INFO - Task exited with return code 0
[2023-07-17 21:56:34,875] {local_task_job.py:273} INFO - 0 downstream tasks scheduled from follow-on schedule check
[2023-07-18 10:27:31,191] {taskinstance.py:1159} INFO - Dependencies all met for <TaskInstance: get_crypto_dag.AVAX scheduled__2023-05-09T00:00:00+00:00 [queued]>
[2023-07-18 10:27:31,225] {taskinstance.py:1159} INFO - Dependencies all met for <TaskInstance: get_crypto_dag.AVAX scheduled__2023-05-09T00:00:00+00:00 [queued]>
[2023-07-18 10:27:31,225] {taskinstance.py:1356} INFO - 
--------------------------------------------------------------------------------
[2023-07-18 10:27:31,225] {taskinstance.py:1357} INFO - Starting attempt 1 of 1
[2023-07-18 10:27:31,226] {taskinstance.py:1358} INFO - 
--------------------------------------------------------------------------------
[2023-07-18 10:27:31,261] {taskinstance.py:1377} INFO - Executing <Task(_PythonDecoratedOperator): AVAX> on 2023-05-09 00:00:00+00:00
[2023-07-18 10:27:31,271] {standard_task_runner.py:52} INFO - Started process 11704 to run task
[2023-07-18 10:27:31,280] {standard_task_runner.py:79} INFO - Running: ['airflow', 'tasks', 'run', 'get_crypto_dag', 'AVAX', 'scheduled__2023-05-09T00:00:00+00:00', '--job-id', '1210', '--raw', '--subdir', 'DAGS_FOLDER/get_crypto.py', '--cfg-path', '/tmp/tmp70jslncu', '--error-file', '/tmp/tmpyexl3mgx']
[2023-07-18 10:27:31,283] {standard_task_runner.py:80} INFO - Job 1210: Subtask AVAX
[2023-07-18 10:27:31,474] {task_command.py:370} INFO - Running <TaskInstance: get_crypto_dag.AVAX scheduled__2023-05-09T00:00:00+00:00 [running]> on host lucas-Estudos
[2023-07-18 10:27:31,659] {taskinstance.py:1569} INFO - Exporting the following env vars:
AIRFLOW_CTX_DAG_OWNER=airflow
AIRFLOW_CTX_DAG_ID=get_crypto_dag
AIRFLOW_CTX_TASK_ID=AVAX
AIRFLOW_CTX_EXECUTION_DATE=2023-05-09T00:00:00+00:00
AIRFLOW_CTX_TRY_NUMBER=1
AIRFLOW_CTX_DAG_RUN_ID=scheduled__2023-05-09T00:00:00+00:00
[2023-07-18 10:27:32,233] {base.py:162} ERROR - AVAX: No timezone found, symbol may be delisted
[2023-07-18 10:27:32,244] {python.py:173} INFO - Done. Returned value was: None
[2023-07-18 10:27:32,295] {taskinstance.py:1395} INFO - Marking task as SUCCESS. dag_id=get_crypto_dag, task_id=AVAX, execution_date=20230509T000000, start_date=20230718T132731, end_date=20230718T132732
[2023-07-18 10:27:32,374] {local_task_job.py:156} INFO - Task exited with return code 0
[2023-07-18 10:27:32,498] {local_task_job.py:273} INFO - 0 downstream tasks scheduled from follow-on schedule check
