[2023-07-18 11:08:55,964] {taskinstance.py:1159} INFO - Dependencies all met for <TaskInstance: get_crypto_dag.ETH scheduled__2023-07-03T00:00:00+00:00 [queued]>
[2023-07-18 11:08:55,992] {taskinstance.py:1159} INFO - Dependencies all met for <TaskInstance: get_crypto_dag.ETH scheduled__2023-07-03T00:00:00+00:00 [queued]>
[2023-07-18 11:08:55,992] {taskinstance.py:1356} INFO - 
--------------------------------------------------------------------------------
[2023-07-18 11:08:55,992] {taskinstance.py:1357} INFO - Starting attempt 1 of 1
[2023-07-18 11:08:55,992] {taskinstance.py:1358} INFO - 
--------------------------------------------------------------------------------
[2023-07-18 11:08:56,030] {taskinstance.py:1377} INFO - Executing <Task(_PythonDecoratedOperator): ETH> on 2023-07-03 00:00:00+00:00
[2023-07-18 11:08:56,046] {standard_task_runner.py:52} INFO - Started process 27435 to run task
[2023-07-18 11:08:56,055] {standard_task_runner.py:79} INFO - Running: ['airflow', 'tasks', 'run', 'get_crypto_dag', 'ETH', 'scheduled__2023-07-03T00:00:00+00:00', '--job-id', '1587', '--raw', '--subdir', 'DAGS_FOLDER/get_crypto.py', '--cfg-path', '/tmp/tmpvxqtk6fb', '--error-file', '/tmp/tmpzsvovxhu']
[2023-07-18 11:08:56,059] {standard_task_runner.py:80} INFO - Job 1587: Subtask ETH
[2023-07-18 11:08:56,254] {task_command.py:370} INFO - Running <TaskInstance: get_crypto_dag.ETH scheduled__2023-07-03T00:00:00+00:00 [running]> on host lucas-Estudos
[2023-07-18 11:08:56,444] {taskinstance.py:1569} INFO - Exporting the following env vars:
AIRFLOW_CTX_DAG_OWNER=airflow
AIRFLOW_CTX_DAG_ID=get_crypto_dag
AIRFLOW_CTX_TASK_ID=ETH
AIRFLOW_CTX_EXECUTION_DATE=2023-07-03T00:00:00+00:00
AIRFLOW_CTX_TRY_NUMBER=1
AIRFLOW_CTX_DAG_RUN_ID=scheduled__2023-07-03T00:00:00+00:00
[2023-07-18 11:08:56,975] {base.py:162} ERROR - ETH: No timezone found, symbol may be delisted
[2023-07-18 11:08:56,984] {python.py:173} INFO - Done. Returned value was: None
[2023-07-18 11:08:57,038] {taskinstance.py:1395} INFO - Marking task as SUCCESS. dag_id=get_crypto_dag, task_id=ETH, execution_date=20230703T000000, start_date=20230718T140855, end_date=20230718T140857
[2023-07-18 11:08:57,117] {local_task_job.py:156} INFO - Task exited with return code 0
[2023-07-18 11:08:57,242] {local_task_job.py:273} INFO - 0 downstream tasks scheduled from follow-on schedule check
