[2023-07-17 22:11:36,270] {taskinstance.py:1159} INFO - Dependencies all met for <TaskInstance: get_crypto_dag.AVAX scheduled__2023-06-06T00:00:00+00:00 [queued]>
[2023-07-17 22:11:36,278] {taskinstance.py:1159} INFO - Dependencies all met for <TaskInstance: get_crypto_dag.AVAX scheduled__2023-06-06T00:00:00+00:00 [queued]>
[2023-07-17 22:11:36,278] {taskinstance.py:1356} INFO - 
--------------------------------------------------------------------------------
[2023-07-17 22:11:36,278] {taskinstance.py:1357} INFO - Starting attempt 1 of 1
[2023-07-17 22:11:36,278] {taskinstance.py:1358} INFO - 
--------------------------------------------------------------------------------
[2023-07-17 22:11:36,288] {taskinstance.py:1377} INFO - Executing <Task(_PythonDecoratedOperator): AVAX> on 2023-06-06 00:00:00+00:00
[2023-07-17 22:11:36,292] {standard_task_runner.py:52} INFO - Started process 81555 to run task
[2023-07-17 22:11:36,295] {standard_task_runner.py:79} INFO - Running: ['airflow', 'tasks', 'run', 'get_crypto_dag', 'AVAX', 'scheduled__2023-06-06T00:00:00+00:00', '--job-id', '996', '--raw', '--subdir', 'DAGS_FOLDER/get_crypto.py', '--cfg-path', '/tmp/tmpwh8af9md', '--error-file', '/tmp/tmps61en84u']
[2023-07-17 22:11:36,295] {standard_task_runner.py:80} INFO - Job 996: Subtask AVAX
[2023-07-17 22:11:36,359] {task_command.py:370} INFO - Running <TaskInstance: get_crypto_dag.AVAX scheduled__2023-06-06T00:00:00+00:00 [running]> on host lucas-Estudos
[2023-07-17 22:11:36,565] {taskinstance.py:1569} INFO - Exporting the following env vars:
AIRFLOW_CTX_DAG_OWNER=airflow
AIRFLOW_CTX_DAG_ID=get_crypto_dag
AIRFLOW_CTX_TASK_ID=AVAX
AIRFLOW_CTX_EXECUTION_DATE=2023-06-06T00:00:00+00:00
AIRFLOW_CTX_TRY_NUMBER=1
AIRFLOW_CTX_DAG_RUN_ID=scheduled__2023-06-06T00:00:00+00:00
[2023-07-17 22:11:41,234] {base.py:162} ERROR - AVAX: No timezone found, symbol may be delisted
[2023-07-17 22:11:41,245] {python.py:173} INFO - Done. Returned value was: None
[2023-07-17 22:11:41,294] {taskinstance.py:1395} INFO - Marking task as SUCCESS. dag_id=get_crypto_dag, task_id=AVAX, execution_date=20230606T000000, start_date=20230718T011136, end_date=20230718T011141
[2023-07-17 22:11:41,460] {local_task_job.py:156} INFO - Task exited with return code 0
[2023-07-17 22:11:41,588] {local_task_job.py:273} INFO - 0 downstream tasks scheduled from follow-on schedule check
[2023-07-18 10:48:41,005] {taskinstance.py:1159} INFO - Dependencies all met for <TaskInstance: get_crypto_dag.AVAX scheduled__2023-06-06T00:00:00+00:00 [queued]>
[2023-07-18 10:48:41,029] {taskinstance.py:1159} INFO - Dependencies all met for <TaskInstance: get_crypto_dag.AVAX scheduled__2023-06-06T00:00:00+00:00 [queued]>
[2023-07-18 10:48:41,029] {taskinstance.py:1356} INFO - 
--------------------------------------------------------------------------------
[2023-07-18 10:48:41,029] {taskinstance.py:1357} INFO - Starting attempt 1 of 1
[2023-07-18 10:48:41,029] {taskinstance.py:1358} INFO - 
--------------------------------------------------------------------------------
[2023-07-18 10:48:41,059] {taskinstance.py:1377} INFO - Executing <Task(_PythonDecoratedOperator): AVAX> on 2023-06-06 00:00:00+00:00
[2023-07-18 10:48:41,069] {standard_task_runner.py:52} INFO - Started process 17886 to run task
[2023-07-18 10:48:41,076] {standard_task_runner.py:79} INFO - Running: ['airflow', 'tasks', 'run', 'get_crypto_dag', 'AVAX', 'scheduled__2023-06-06T00:00:00+00:00', '--job-id', '1404', '--raw', '--subdir', 'DAGS_FOLDER/get_crypto.py', '--cfg-path', '/tmp/tmp8ho1epob', '--error-file', '/tmp/tmpdafegy3s']
[2023-07-18 10:48:41,079] {standard_task_runner.py:80} INFO - Job 1404: Subtask AVAX
[2023-07-18 10:48:41,301] {task_command.py:370} INFO - Running <TaskInstance: get_crypto_dag.AVAX scheduled__2023-06-06T00:00:00+00:00 [running]> on host lucas-Estudos
[2023-07-18 10:48:41,545] {taskinstance.py:1569} INFO - Exporting the following env vars:
AIRFLOW_CTX_DAG_OWNER=airflow
AIRFLOW_CTX_DAG_ID=get_crypto_dag
AIRFLOW_CTX_TASK_ID=AVAX
AIRFLOW_CTX_EXECUTION_DATE=2023-06-06T00:00:00+00:00
AIRFLOW_CTX_TRY_NUMBER=1
AIRFLOW_CTX_DAG_RUN_ID=scheduled__2023-06-06T00:00:00+00:00
[2023-07-18 10:48:42,142] {base.py:162} ERROR - AVAX: No timezone found, symbol may be delisted
[2023-07-18 10:48:42,150] {python.py:173} INFO - Done. Returned value was: None
[2023-07-18 10:48:42,199] {taskinstance.py:1395} INFO - Marking task as SUCCESS. dag_id=get_crypto_dag, task_id=AVAX, execution_date=20230606T000000, start_date=20230718T134841, end_date=20230718T134842
[2023-07-18 10:48:42,252] {local_task_job.py:156} INFO - Task exited with return code 0
[2023-07-18 10:48:42,361] {local_task_job.py:273} INFO - 0 downstream tasks scheduled from follow-on schedule check
