[2023-07-17 22:06:33,459] {taskinstance.py:1159} INFO - Dependencies all met for <TaskInstance: get_crypto_dag.BTC scheduled__2023-05-28T00:00:00+00:00 [queued]>
[2023-07-17 22:06:33,483] {taskinstance.py:1159} INFO - Dependencies all met for <TaskInstance: get_crypto_dag.BTC scheduled__2023-05-28T00:00:00+00:00 [queued]>
[2023-07-17 22:06:33,484] {taskinstance.py:1356} INFO - 
--------------------------------------------------------------------------------
[2023-07-17 22:06:33,484] {taskinstance.py:1357} INFO - Starting attempt 1 of 1
[2023-07-17 22:06:33,484] {taskinstance.py:1358} INFO - 
--------------------------------------------------------------------------------
[2023-07-17 22:06:33,503] {taskinstance.py:1377} INFO - Executing <Task(_PythonDecoratedOperator): BTC> on 2023-05-28 00:00:00+00:00
[2023-07-17 22:06:33,510] {standard_task_runner.py:52} INFO - Started process 71318 to run task
[2023-07-17 22:06:33,516] {standard_task_runner.py:79} INFO - Running: ['airflow', 'tasks', 'run', 'get_crypto_dag', 'BTC', 'scheduled__2023-05-28T00:00:00+00:00', '--job-id', '921', '--raw', '--subdir', 'DAGS_FOLDER/get_crypto.py', '--cfg-path', '/tmp/tmpnnda5oy1', '--error-file', '/tmp/tmpuqe3uy19']
[2023-07-17 22:06:33,517] {standard_task_runner.py:80} INFO - Job 921: Subtask BTC
[2023-07-17 22:06:33,596] {task_command.py:370} INFO - Running <TaskInstance: get_crypto_dag.BTC scheduled__2023-05-28T00:00:00+00:00 [running]> on host lucas-Estudos
[2023-07-17 22:06:33,680] {taskinstance.py:1569} INFO - Exporting the following env vars:
AIRFLOW_CTX_DAG_OWNER=airflow
AIRFLOW_CTX_DAG_ID=get_crypto_dag
AIRFLOW_CTX_TASK_ID=BTC
AIRFLOW_CTX_EXECUTION_DATE=2023-05-28T00:00:00+00:00
AIRFLOW_CTX_TRY_NUMBER=1
AIRFLOW_CTX_DAG_RUN_ID=scheduled__2023-05-28T00:00:00+00:00
[2023-07-17 22:06:40,482] {base.py:297} ERROR - BTC: No price data found, symbol may be delisted (1h 2023-05-27 -> 2023-05-28)
[2023-07-17 22:06:40,490] {python.py:173} INFO - Done. Returned value was: None
[2023-07-17 22:06:40,605] {taskinstance.py:1395} INFO - Marking task as SUCCESS. dag_id=get_crypto_dag, task_id=BTC, execution_date=20230528T000000, start_date=20230718T010633, end_date=20230718T010640
[2023-07-17 22:06:40,675] {local_task_job.py:156} INFO - Task exited with return code 0
[2023-07-17 22:06:40,846] {local_task_job.py:273} INFO - 0 downstream tasks scheduled from follow-on schedule check
[2023-07-18 10:41:43,490] {taskinstance.py:1159} INFO - Dependencies all met for <TaskInstance: get_crypto_dag.BTC scheduled__2023-05-28T00:00:00+00:00 [queued]>
[2023-07-18 10:41:43,518] {taskinstance.py:1159} INFO - Dependencies all met for <TaskInstance: get_crypto_dag.BTC scheduled__2023-05-28T00:00:00+00:00 [queued]>
[2023-07-18 10:41:43,518] {taskinstance.py:1356} INFO - 
--------------------------------------------------------------------------------
[2023-07-18 10:41:43,518] {taskinstance.py:1357} INFO - Starting attempt 1 of 1
[2023-07-18 10:41:43,519] {taskinstance.py:1358} INFO - 
--------------------------------------------------------------------------------
[2023-07-18 10:41:43,550] {taskinstance.py:1377} INFO - Executing <Task(_PythonDecoratedOperator): BTC> on 2023-05-28 00:00:00+00:00
[2023-07-18 10:41:43,563] {standard_task_runner.py:52} INFO - Started process 15850 to run task
[2023-07-18 10:41:43,569] {standard_task_runner.py:79} INFO - Running: ['airflow', 'tasks', 'run', 'get_crypto_dag', 'BTC', 'scheduled__2023-05-28T00:00:00+00:00', '--job-id', '1341', '--raw', '--subdir', 'DAGS_FOLDER/get_crypto.py', '--cfg-path', '/tmp/tmpj6y5g28y', '--error-file', '/tmp/tmpyu3k5jq2']
[2023-07-18 10:41:43,572] {standard_task_runner.py:80} INFO - Job 1341: Subtask BTC
[2023-07-18 10:41:43,768] {task_command.py:370} INFO - Running <TaskInstance: get_crypto_dag.BTC scheduled__2023-05-28T00:00:00+00:00 [running]> on host lucas-Estudos
[2023-07-18 10:41:43,840] {taskinstance.py:1569} INFO - Exporting the following env vars:
AIRFLOW_CTX_DAG_OWNER=airflow
AIRFLOW_CTX_DAG_ID=get_crypto_dag
AIRFLOW_CTX_TASK_ID=BTC
AIRFLOW_CTX_EXECUTION_DATE=2023-05-28T00:00:00+00:00
AIRFLOW_CTX_TRY_NUMBER=1
AIRFLOW_CTX_DAG_RUN_ID=scheduled__2023-05-28T00:00:00+00:00
[2023-07-18 10:41:44,360] {base.py:297} ERROR - BTC: No price data found, symbol may be delisted (1h 2023-05-27 -> 2023-05-28)
[2023-07-18 10:41:44,366] {python.py:173} INFO - Done. Returned value was: None
[2023-07-18 10:41:44,464] {taskinstance.py:1395} INFO - Marking task as SUCCESS. dag_id=get_crypto_dag, task_id=BTC, execution_date=20230528T000000, start_date=20230718T134143, end_date=20230718T134144
[2023-07-18 10:41:44,546] {local_task_job.py:156} INFO - Task exited with return code 0
[2023-07-18 10:41:44,661] {local_task_job.py:273} INFO - 0 downstream tasks scheduled from follow-on schedule check
