[2023-07-17 16:22:54,439] {taskinstance.py:1159} INFO - Dependencies all met for <TaskInstance: get_stocks_dag.GOOG scheduled__2023-05-12T00:00:00+00:00 [queued]>
[2023-07-17 16:22:54,487] {taskinstance.py:1159} INFO - Dependencies all met for <TaskInstance: get_stocks_dag.GOOG scheduled__2023-05-12T00:00:00+00:00 [queued]>
[2023-07-17 16:22:54,488] {taskinstance.py:1356} INFO - 
--------------------------------------------------------------------------------
[2023-07-17 16:22:54,488] {taskinstance.py:1357} INFO - Starting attempt 1 of 1
[2023-07-17 16:22:54,494] {taskinstance.py:1358} INFO - 
--------------------------------------------------------------------------------
[2023-07-17 16:22:54,544] {taskinstance.py:1377} INFO - Executing <Task(_PythonDecoratedOperator): GOOG> on 2023-05-12 00:00:00+00:00
[2023-07-17 16:22:54,561] {standard_task_runner.py:52} INFO - Started process 7804 to run task
[2023-07-17 16:22:54,631] {standard_task_runner.py:79} INFO - Running: ['airflow', 'tasks', 'run', 'get_stocks_dag', 'GOOG', 'scheduled__2023-05-12T00:00:00+00:00', '--job-id', '88', '--raw', '--subdir', 'DAGS_FOLDER/get_stocks.py', '--cfg-path', '/tmp/tmp864xr4ey', '--error-file', '/tmp/tmp36fhhzzx']
[2023-07-17 16:22:54,653] {standard_task_runner.py:80} INFO - Job 88: Subtask GOOG
[2023-07-17 16:22:54,935] {task_command.py:370} INFO - Running <TaskInstance: get_stocks_dag.GOOG scheduled__2023-05-12T00:00:00+00:00 [running]> on host lucas-Estudos
[2023-07-17 16:22:55,212] {taskinstance.py:1569} INFO - Exporting the following env vars:
AIRFLOW_CTX_DAG_OWNER=airflow
AIRFLOW_CTX_DAG_ID=get_stocks_dag
AIRFLOW_CTX_TASK_ID=GOOG
AIRFLOW_CTX_EXECUTION_DATE=2023-05-12T00:00:00+00:00
AIRFLOW_CTX_TRY_NUMBER=1
AIRFLOW_CTX_DAG_RUN_ID=scheduled__2023-05-12T00:00:00+00:00
[2023-07-17 16:22:56,131] {python.py:173} INFO - Done. Returned value was: None
[2023-07-17 16:22:56,232] {taskinstance.py:1395} INFO - Marking task as SUCCESS. dag_id=get_stocks_dag, task_id=GOOG, execution_date=20230512T000000, start_date=20230717T192254, end_date=20230717T192256
[2023-07-17 16:22:56,284] {local_task_job.py:156} INFO - Task exited with return code 0
[2023-07-17 16:22:56,515] {local_task_job.py:273} INFO - 0 downstream tasks scheduled from follow-on schedule check
[2023-07-17 16:54:17,049] {taskinstance.py:1159} INFO - Dependencies all met for <TaskInstance: get_stocks_dag.GOOG scheduled__2023-05-12T00:00:00+00:00 [queued]>
[2023-07-17 16:54:17,071] {taskinstance.py:1159} INFO - Dependencies all met for <TaskInstance: get_stocks_dag.GOOG scheduled__2023-05-12T00:00:00+00:00 [queued]>
[2023-07-17 16:54:17,071] {taskinstance.py:1356} INFO - 
--------------------------------------------------------------------------------
[2023-07-17 16:54:17,071] {taskinstance.py:1357} INFO - Starting attempt 1 of 1
[2023-07-17 16:54:17,071] {taskinstance.py:1358} INFO - 
--------------------------------------------------------------------------------
[2023-07-17 16:54:17,100] {taskinstance.py:1377} INFO - Executing <Task(_PythonDecoratedOperator): GOOG> on 2023-05-12 00:00:00+00:00
[2023-07-17 16:54:17,128] {standard_task_runner.py:52} INFO - Started process 20671 to run task
[2023-07-17 16:54:17,149] {standard_task_runner.py:79} INFO - Running: ['airflow', 'tasks', 'run', 'get_stocks_dag', 'GOOG', 'scheduled__2023-05-12T00:00:00+00:00', '--job-id', '309', '--raw', '--subdir', 'DAGS_FOLDER/get_stocks.py', '--cfg-path', '/tmp/tmpd_bpt9ao', '--error-file', '/tmp/tmprgdovn4r']
[2023-07-17 16:54:17,150] {standard_task_runner.py:80} INFO - Job 309: Subtask GOOG
[2023-07-17 16:54:17,441] {task_command.py:370} INFO - Running <TaskInstance: get_stocks_dag.GOOG scheduled__2023-05-12T00:00:00+00:00 [running]> on host lucas-Estudos
[2023-07-17 16:54:17,716] {taskinstance.py:1569} INFO - Exporting the following env vars:
AIRFLOW_CTX_DAG_OWNER=airflow
AIRFLOW_CTX_DAG_ID=get_stocks_dag
AIRFLOW_CTX_TASK_ID=GOOG
AIRFLOW_CTX_EXECUTION_DATE=2023-05-12T00:00:00+00:00
AIRFLOW_CTX_TRY_NUMBER=1
AIRFLOW_CTX_DAG_RUN_ID=scheduled__2023-05-12T00:00:00+00:00
[2023-07-17 16:54:18,386] {python.py:173} INFO - Done. Returned value was: None
[2023-07-17 16:54:18,566] {taskinstance.py:1395} INFO - Marking task as SUCCESS. dag_id=get_stocks_dag, task_id=GOOG, execution_date=20230512T000000, start_date=20230717T195417, end_date=20230717T195418
[2023-07-17 16:54:18,665] {local_task_job.py:156} INFO - Task exited with return code 0
[2023-07-17 16:54:18,748] {local_task_job.py:273} INFO - 0 downstream tasks scheduled from follow-on schedule check
[2023-07-17 20:58:07,839] {taskinstance.py:1159} INFO - Dependencies all met for <TaskInstance: get_stocks_dag.GOOG scheduled__2023-05-12T00:00:00+00:00 [queued]>
[2023-07-17 20:58:07,850] {taskinstance.py:1159} INFO - Dependencies all met for <TaskInstance: get_stocks_dag.GOOG scheduled__2023-05-12T00:00:00+00:00 [queued]>
[2023-07-17 20:58:07,850] {taskinstance.py:1356} INFO - 
--------------------------------------------------------------------------------
[2023-07-17 20:58:07,850] {taskinstance.py:1357} INFO - Starting attempt 1 of 1
[2023-07-17 20:58:07,850] {taskinstance.py:1358} INFO - 
--------------------------------------------------------------------------------
[2023-07-17 20:58:07,869] {taskinstance.py:1377} INFO - Executing <Task(_PythonDecoratedOperator): GOOG> on 2023-05-12 00:00:00+00:00
[2023-07-17 20:58:07,879] {standard_task_runner.py:52} INFO - Started process 16869 to run task
[2023-07-17 20:58:07,886] {standard_task_runner.py:79} INFO - Running: ['airflow', 'tasks', 'run', 'get_stocks_dag', 'GOOG', 'scheduled__2023-05-12T00:00:00+00:00', '--job-id', '522', '--raw', '--subdir', 'DAGS_FOLDER/get_stocks.py', '--cfg-path', '/tmp/tmpnnu21mui', '--error-file', '/tmp/tmpy732vzwz']
[2023-07-17 20:58:07,889] {standard_task_runner.py:80} INFO - Job 522: Subtask GOOG
[2023-07-17 20:58:08,067] {task_command.py:370} INFO - Running <TaskInstance: get_stocks_dag.GOOG scheduled__2023-05-12T00:00:00+00:00 [running]> on host lucas-Estudos
[2023-07-17 20:58:08,298] {taskinstance.py:1569} INFO - Exporting the following env vars:
AIRFLOW_CTX_DAG_OWNER=airflow
AIRFLOW_CTX_DAG_ID=get_stocks_dag
AIRFLOW_CTX_TASK_ID=GOOG
AIRFLOW_CTX_EXECUTION_DATE=2023-05-12T00:00:00+00:00
AIRFLOW_CTX_TRY_NUMBER=1
AIRFLOW_CTX_DAG_RUN_ID=scheduled__2023-05-12T00:00:00+00:00
[2023-07-17 20:58:24,175] {python.py:173} INFO - Done. Returned value was: None
[2023-07-17 20:58:24,225] {taskinstance.py:1395} INFO - Marking task as SUCCESS. dag_id=get_stocks_dag, task_id=GOOG, execution_date=20230512T000000, start_date=20230717T235807, end_date=20230717T235824
[2023-07-17 20:58:24,296] {local_task_job.py:156} INFO - Task exited with return code 0
[2023-07-17 20:58:24,397] {local_task_job.py:273} INFO - 0 downstream tasks scheduled from follow-on schedule check
[2023-07-17 21:57:19,957] {taskinstance.py:1159} INFO - Dependencies all met for <TaskInstance: get_stocks_dag.GOOG scheduled__2023-05-12T00:00:00+00:00 [queued]>
[2023-07-17 21:57:19,970] {taskinstance.py:1159} INFO - Dependencies all met for <TaskInstance: get_stocks_dag.GOOG scheduled__2023-05-12T00:00:00+00:00 [queued]>
[2023-07-17 21:57:19,970] {taskinstance.py:1356} INFO - 
--------------------------------------------------------------------------------
[2023-07-17 21:57:19,970] {taskinstance.py:1357} INFO - Starting attempt 1 of 1
[2023-07-17 21:57:19,970] {taskinstance.py:1358} INFO - 
--------------------------------------------------------------------------------
[2023-07-17 21:57:19,987] {taskinstance.py:1377} INFO - Executing <Task(_PythonDecoratedOperator): GOOG> on 2023-05-12 00:00:00+00:00
[2023-07-17 21:57:19,994] {standard_task_runner.py:52} INFO - Started process 52526 to run task
[2023-07-17 21:57:19,998] {standard_task_runner.py:79} INFO - Running: ['airflow', 'tasks', 'run', 'get_stocks_dag', 'GOOG', 'scheduled__2023-05-12T00:00:00+00:00', '--job-id', '783', '--raw', '--subdir', 'DAGS_FOLDER/get_stocks.py', '--cfg-path', '/tmp/tmpooopqgq1', '--error-file', '/tmp/tmp8t9zwkip']
[2023-07-17 21:57:19,999] {standard_task_runner.py:80} INFO - Job 783: Subtask GOOG
[2023-07-17 21:57:20,088] {task_command.py:370} INFO - Running <TaskInstance: get_stocks_dag.GOOG scheduled__2023-05-12T00:00:00+00:00 [running]> on host lucas-Estudos
[2023-07-17 21:57:20,192] {taskinstance.py:1569} INFO - Exporting the following env vars:
AIRFLOW_CTX_DAG_OWNER=airflow
AIRFLOW_CTX_DAG_ID=get_stocks_dag
AIRFLOW_CTX_TASK_ID=GOOG
AIRFLOW_CTX_EXECUTION_DATE=2023-05-12T00:00:00+00:00
AIRFLOW_CTX_TRY_NUMBER=1
AIRFLOW_CTX_DAG_RUN_ID=scheduled__2023-05-12T00:00:00+00:00
[2023-07-17 21:57:22,907] {python.py:173} INFO - Done. Returned value was: None
[2023-07-17 21:57:22,984] {taskinstance.py:1395} INFO - Marking task as SUCCESS. dag_id=get_stocks_dag, task_id=GOOG, execution_date=20230512T000000, start_date=20230718T005719, end_date=20230718T005722
[2023-07-17 21:57:23,021] {local_task_job.py:156} INFO - Task exited with return code 0
[2023-07-17 21:57:23,087] {local_task_job.py:273} INFO - 0 downstream tasks scheduled from follow-on schedule check
[2023-07-18 10:30:14,760] {taskinstance.py:1159} INFO - Dependencies all met for <TaskInstance: get_stocks_dag.GOOG scheduled__2023-05-12T00:00:00+00:00 [queued]>
[2023-07-18 10:30:14,785] {taskinstance.py:1159} INFO - Dependencies all met for <TaskInstance: get_stocks_dag.GOOG scheduled__2023-05-12T00:00:00+00:00 [queued]>
[2023-07-18 10:30:14,786] {taskinstance.py:1356} INFO - 
--------------------------------------------------------------------------------
[2023-07-18 10:30:14,786] {taskinstance.py:1357} INFO - Starting attempt 1 of 1
[2023-07-18 10:30:14,787] {taskinstance.py:1358} INFO - 
--------------------------------------------------------------------------------
[2023-07-18 10:30:14,818] {taskinstance.py:1377} INFO - Executing <Task(_PythonDecoratedOperator): GOOG> on 2023-05-12 00:00:00+00:00
[2023-07-18 10:30:14,828] {standard_task_runner.py:52} INFO - Started process 12530 to run task
[2023-07-18 10:30:14,835] {standard_task_runner.py:79} INFO - Running: ['airflow', 'tasks', 'run', 'get_stocks_dag', 'GOOG', 'scheduled__2023-05-12T00:00:00+00:00', '--job-id', '1235', '--raw', '--subdir', 'DAGS_FOLDER/get_stocks.py', '--cfg-path', '/tmp/tmpfabcxd52', '--error-file', '/tmp/tmpeqjgqrbi']
[2023-07-18 10:30:14,838] {standard_task_runner.py:80} INFO - Job 1235: Subtask GOOG
[2023-07-18 10:30:15,041] {task_command.py:370} INFO - Running <TaskInstance: get_stocks_dag.GOOG scheduled__2023-05-12T00:00:00+00:00 [running]> on host lucas-Estudos
[2023-07-18 10:30:15,283] {taskinstance.py:1569} INFO - Exporting the following env vars:
AIRFLOW_CTX_DAG_OWNER=airflow
AIRFLOW_CTX_DAG_ID=get_stocks_dag
AIRFLOW_CTX_TASK_ID=GOOG
AIRFLOW_CTX_EXECUTION_DATE=2023-05-12T00:00:00+00:00
AIRFLOW_CTX_TRY_NUMBER=1
AIRFLOW_CTX_DAG_RUN_ID=scheduled__2023-05-12T00:00:00+00:00
[2023-07-18 10:30:15,927] {python.py:173} INFO - Done. Returned value was: None
[2023-07-18 10:30:15,982] {taskinstance.py:1395} INFO - Marking task as SUCCESS. dag_id=get_stocks_dag, task_id=GOOG, execution_date=20230512T000000, start_date=20230718T133014, end_date=20230718T133015
[2023-07-18 10:30:16,051] {local_task_job.py:156} INFO - Task exited with return code 0
[2023-07-18 10:30:16,172] {local_task_job.py:273} INFO - 0 downstream tasks scheduled from follow-on schedule check
