[2023-07-17 22:18:38,986] {taskinstance.py:1159} INFO - Dependencies all met for <TaskInstance: get_crypto_dag.DOGE scheduled__2023-06-19T00:00:00+00:00 [queued]>
[2023-07-17 22:18:38,998] {taskinstance.py:1159} INFO - Dependencies all met for <TaskInstance: get_crypto_dag.DOGE scheduled__2023-06-19T00:00:00+00:00 [queued]>
[2023-07-17 22:18:38,998] {taskinstance.py:1356} INFO - 
--------------------------------------------------------------------------------
[2023-07-17 22:18:38,998] {taskinstance.py:1357} INFO - Starting attempt 1 of 1
[2023-07-17 22:18:38,998] {taskinstance.py:1358} INFO - 
--------------------------------------------------------------------------------
[2023-07-17 22:18:39,012] {taskinstance.py:1377} INFO - Executing <Task(_PythonDecoratedOperator): DOGE> on 2023-06-19 00:00:00+00:00
[2023-07-17 22:18:39,019] {standard_task_runner.py:52} INFO - Started process 95799 to run task
[2023-07-17 22:18:39,021] {standard_task_runner.py:79} INFO - Running: ['airflow', 'tasks', 'run', 'get_crypto_dag', 'DOGE', 'scheduled__2023-06-19T00:00:00+00:00', '--job-id', '1098', '--raw', '--subdir', 'DAGS_FOLDER/get_crypto.py', '--cfg-path', '/tmp/tmpk8dzexf8', '--error-file', '/tmp/tmpa1hkfpgj']
[2023-07-17 22:18:39,023] {standard_task_runner.py:80} INFO - Job 1098: Subtask DOGE
[2023-07-17 22:18:39,084] {task_command.py:370} INFO - Running <TaskInstance: get_crypto_dag.DOGE scheduled__2023-06-19T00:00:00+00:00 [running]> on host lucas-Estudos
[2023-07-17 22:18:39,148] {taskinstance.py:1569} INFO - Exporting the following env vars:
AIRFLOW_CTX_DAG_OWNER=airflow
AIRFLOW_CTX_DAG_ID=get_crypto_dag
AIRFLOW_CTX_TASK_ID=DOGE
AIRFLOW_CTX_EXECUTION_DATE=2023-06-19T00:00:00+00:00
AIRFLOW_CTX_TRY_NUMBER=1
AIRFLOW_CTX_DAG_RUN_ID=scheduled__2023-06-19T00:00:00+00:00
[2023-07-17 22:18:39,752] {base.py:162} ERROR - DOGE: No timezone found, symbol may be delisted
[2023-07-17 22:18:39,762] {python.py:173} INFO - Done. Returned value was: None
[2023-07-17 22:18:39,816] {taskinstance.py:1395} INFO - Marking task as SUCCESS. dag_id=get_crypto_dag, task_id=DOGE, execution_date=20230619T000000, start_date=20230718T011838, end_date=20230718T011839
[2023-07-17 22:18:39,877] {local_task_job.py:156} INFO - Task exited with return code 0
[2023-07-17 22:18:39,996] {local_task_job.py:273} INFO - 0 downstream tasks scheduled from follow-on schedule check
[2023-07-18 10:58:08,643] {taskinstance.py:1159} INFO - Dependencies all met for <TaskInstance: get_crypto_dag.DOGE scheduled__2023-06-19T00:00:00+00:00 [queued]>
[2023-07-18 10:58:08,664] {taskinstance.py:1159} INFO - Dependencies all met for <TaskInstance: get_crypto_dag.DOGE scheduled__2023-06-19T00:00:00+00:00 [queued]>
[2023-07-18 10:58:08,664] {taskinstance.py:1356} INFO - 
--------------------------------------------------------------------------------
[2023-07-18 10:58:08,664] {taskinstance.py:1357} INFO - Starting attempt 1 of 1
[2023-07-18 10:58:08,664] {taskinstance.py:1358} INFO - 
--------------------------------------------------------------------------------
[2023-07-18 10:58:08,688] {taskinstance.py:1377} INFO - Executing <Task(_PythonDecoratedOperator): DOGE> on 2023-06-19 00:00:00+00:00
[2023-07-18 10:58:08,702] {standard_task_runner.py:52} INFO - Started process 24417 to run task
[2023-07-18 10:58:08,708] {standard_task_runner.py:79} INFO - Running: ['airflow', 'tasks', 'run', 'get_crypto_dag', 'DOGE', 'scheduled__2023-06-19T00:00:00+00:00', '--job-id', '1490', '--raw', '--subdir', 'DAGS_FOLDER/get_crypto.py', '--cfg-path', '/tmp/tmpr8k2ynmq', '--error-file', '/tmp/tmpzpz9bwtb']
[2023-07-18 10:58:08,711] {standard_task_runner.py:80} INFO - Job 1490: Subtask DOGE
[2023-07-18 10:58:08,877] {task_command.py:370} INFO - Running <TaskInstance: get_crypto_dag.DOGE scheduled__2023-06-19T00:00:00+00:00 [running]> on host lucas-Estudos
[2023-07-18 10:58:09,082] {taskinstance.py:1569} INFO - Exporting the following env vars:
AIRFLOW_CTX_DAG_OWNER=airflow
AIRFLOW_CTX_DAG_ID=get_crypto_dag
AIRFLOW_CTX_TASK_ID=DOGE
AIRFLOW_CTX_EXECUTION_DATE=2023-06-19T00:00:00+00:00
AIRFLOW_CTX_TRY_NUMBER=1
AIRFLOW_CTX_DAG_RUN_ID=scheduled__2023-06-19T00:00:00+00:00
[2023-07-18 10:58:10,674] {base.py:162} ERROR - DOGE: No timezone found, symbol may be delisted
[2023-07-18 10:58:10,684] {python.py:173} INFO - Done. Returned value was: None
[2023-07-18 10:58:10,753] {taskinstance.py:1395} INFO - Marking task as SUCCESS. dag_id=get_crypto_dag, task_id=DOGE, execution_date=20230619T000000, start_date=20230718T135808, end_date=20230718T135810
[2023-07-18 10:58:10,809] {local_task_job.py:156} INFO - Task exited with return code 0
[2023-07-18 10:58:10,923] {local_task_job.py:273} INFO - 0 downstream tasks scheduled from follow-on schedule check
