[2023-07-08 01:02:30,866] {processor.py:153} INFO - Started process (PID=35906) to work on /home/lucas/Área de Trabalho/apresentação/venv/lib/python3.10/site-packages/airflow/example_dags/plugins/workday.py
[2023-07-08 01:02:30,867] {processor.py:641} INFO - Processing file /home/lucas/Área de Trabalho/apresentação/venv/lib/python3.10/site-packages/airflow/example_dags/plugins/workday.py for tasks to queue
[2023-07-08 01:02:30,869] {logging_mixin.py:115} INFO - [2023-07-08 01:02:30,868] {dagbag.py:507} INFO - Filling up the DagBag from /home/lucas/Área de Trabalho/apresentação/venv/lib/python3.10/site-packages/airflow/example_dags/plugins/workday.py
[2023-07-08 01:02:30,873] {processor.py:653} WARNING - No viable dags retrieved from /home/lucas/Área de Trabalho/apresentação/venv/lib/python3.10/site-packages/airflow/example_dags/plugins/workday.py
[2023-07-08 01:02:30,895] {processor.py:161} INFO - Processing /home/lucas/Área de Trabalho/apresentação/venv/lib/python3.10/site-packages/airflow/example_dags/plugins/workday.py took 0.037 seconds
[2023-07-08 01:03:13,422] {processor.py:153} INFO - Started process (PID=36330) to work on /home/lucas/Área de Trabalho/apresentação/venv/lib/python3.10/site-packages/airflow/example_dags/plugins/workday.py
[2023-07-08 01:03:13,426] {processor.py:641} INFO - Processing file /home/lucas/Área de Trabalho/apresentação/venv/lib/python3.10/site-packages/airflow/example_dags/plugins/workday.py for tasks to queue
[2023-07-08 01:03:13,427] {logging_mixin.py:115} INFO - [2023-07-08 01:03:13,426] {dagbag.py:507} INFO - Filling up the DagBag from /home/lucas/Área de Trabalho/apresentação/venv/lib/python3.10/site-packages/airflow/example_dags/plugins/workday.py
[2023-07-08 01:03:13,431] {processor.py:653} WARNING - No viable dags retrieved from /home/lucas/Área de Trabalho/apresentação/venv/lib/python3.10/site-packages/airflow/example_dags/plugins/workday.py
[2023-07-08 01:03:13,451] {processor.py:161} INFO - Processing /home/lucas/Área de Trabalho/apresentação/venv/lib/python3.10/site-packages/airflow/example_dags/plugins/workday.py took 0.035 seconds
[2023-07-08 01:03:51,595] {processor.py:153} INFO - Started process (PID=36560) to work on /home/lucas/Área de Trabalho/apresentação/venv/lib/python3.10/site-packages/airflow/example_dags/plugins/workday.py
[2023-07-08 01:03:51,596] {processor.py:641} INFO - Processing file /home/lucas/Área de Trabalho/apresentação/venv/lib/python3.10/site-packages/airflow/example_dags/plugins/workday.py for tasks to queue
[2023-07-08 01:03:51,597] {logging_mixin.py:115} INFO - [2023-07-08 01:03:51,597] {dagbag.py:507} INFO - Filling up the DagBag from /home/lucas/Área de Trabalho/apresentação/venv/lib/python3.10/site-packages/airflow/example_dags/plugins/workday.py
[2023-07-08 01:03:51,601] {processor.py:653} WARNING - No viable dags retrieved from /home/lucas/Área de Trabalho/apresentação/venv/lib/python3.10/site-packages/airflow/example_dags/plugins/workday.py
[2023-07-08 01:03:51,621] {processor.py:161} INFO - Processing /home/lucas/Área de Trabalho/apresentação/venv/lib/python3.10/site-packages/airflow/example_dags/plugins/workday.py took 0.032 seconds
[2023-07-08 01:04:31,706] {processor.py:153} INFO - Started process (PID=36989) to work on /home/lucas/Área de Trabalho/apresentação/venv/lib/python3.10/site-packages/airflow/example_dags/plugins/workday.py
[2023-07-08 01:04:31,711] {processor.py:641} INFO - Processing file /home/lucas/Área de Trabalho/apresentação/venv/lib/python3.10/site-packages/airflow/example_dags/plugins/workday.py for tasks to queue
[2023-07-08 01:04:31,712] {logging_mixin.py:115} INFO - [2023-07-08 01:04:31,711] {dagbag.py:507} INFO - Filling up the DagBag from /home/lucas/Área de Trabalho/apresentação/venv/lib/python3.10/site-packages/airflow/example_dags/plugins/workday.py
[2023-07-08 01:04:31,715] {processor.py:653} WARNING - No viable dags retrieved from /home/lucas/Área de Trabalho/apresentação/venv/lib/python3.10/site-packages/airflow/example_dags/plugins/workday.py
[2023-07-08 01:04:31,740] {processor.py:161} INFO - Processing /home/lucas/Área de Trabalho/apresentação/venv/lib/python3.10/site-packages/airflow/example_dags/plugins/workday.py took 0.039 seconds
[2023-07-08 01:06:53,603] {processor.py:153} INFO - Started process (PID=38703) to work on /home/lucas/Área de Trabalho/apresentação/venv/lib/python3.10/site-packages/airflow/example_dags/plugins/workday.py
[2023-07-08 01:06:53,604] {processor.py:641} INFO - Processing file /home/lucas/Área de Trabalho/apresentação/venv/lib/python3.10/site-packages/airflow/example_dags/plugins/workday.py for tasks to queue
[2023-07-08 01:06:53,604] {logging_mixin.py:115} INFO - [2023-07-08 01:06:53,604] {dagbag.py:507} INFO - Filling up the DagBag from /home/lucas/Área de Trabalho/apresentação/venv/lib/python3.10/site-packages/airflow/example_dags/plugins/workday.py
[2023-07-08 01:06:53,606] {processor.py:653} WARNING - No viable dags retrieved from /home/lucas/Área de Trabalho/apresentação/venv/lib/python3.10/site-packages/airflow/example_dags/plugins/workday.py
[2023-07-08 01:06:53,616] {processor.py:161} INFO - Processing /home/lucas/Área de Trabalho/apresentação/venv/lib/python3.10/site-packages/airflow/example_dags/plugins/workday.py took 0.016 seconds
[2023-07-08 01:07:32,553] {processor.py:153} INFO - Started process (PID=38895) to work on /home/lucas/Área de Trabalho/apresentação/venv/lib/python3.10/site-packages/airflow/example_dags/plugins/workday.py
[2023-07-08 01:07:32,557] {processor.py:641} INFO - Processing file /home/lucas/Área de Trabalho/apresentação/venv/lib/python3.10/site-packages/airflow/example_dags/plugins/workday.py for tasks to queue
[2023-07-08 01:07:32,558] {logging_mixin.py:115} INFO - [2023-07-08 01:07:32,558] {dagbag.py:507} INFO - Filling up the DagBag from /home/lucas/Área de Trabalho/apresentação/venv/lib/python3.10/site-packages/airflow/example_dags/plugins/workday.py
[2023-07-08 01:07:32,562] {processor.py:653} WARNING - No viable dags retrieved from /home/lucas/Área de Trabalho/apresentação/venv/lib/python3.10/site-packages/airflow/example_dags/plugins/workday.py
[2023-07-08 01:07:32,582] {processor.py:161} INFO - Processing /home/lucas/Área de Trabalho/apresentação/venv/lib/python3.10/site-packages/airflow/example_dags/plugins/workday.py took 0.034 seconds
[2023-07-08 01:08:13,360] {processor.py:153} INFO - Started process (PID=38969) to work on /home/lucas/Área de Trabalho/apresentação/venv/lib/python3.10/site-packages/airflow/example_dags/plugins/workday.py
[2023-07-08 01:08:13,364] {processor.py:641} INFO - Processing file /home/lucas/Área de Trabalho/apresentação/venv/lib/python3.10/site-packages/airflow/example_dags/plugins/workday.py for tasks to queue
[2023-07-08 01:08:13,365] {logging_mixin.py:115} INFO - [2023-07-08 01:08:13,365] {dagbag.py:507} INFO - Filling up the DagBag from /home/lucas/Área de Trabalho/apresentação/venv/lib/python3.10/site-packages/airflow/example_dags/plugins/workday.py
[2023-07-08 01:08:13,369] {processor.py:653} WARNING - No viable dags retrieved from /home/lucas/Área de Trabalho/apresentação/venv/lib/python3.10/site-packages/airflow/example_dags/plugins/workday.py
[2023-07-08 01:08:13,389] {processor.py:161} INFO - Processing /home/lucas/Área de Trabalho/apresentação/venv/lib/python3.10/site-packages/airflow/example_dags/plugins/workday.py took 0.036 seconds
[2023-07-08 01:08:52,288] {processor.py:153} INFO - Started process (PID=39044) to work on /home/lucas/Área de Trabalho/apresentação/venv/lib/python3.10/site-packages/airflow/example_dags/plugins/workday.py
[2023-07-08 01:08:52,292] {processor.py:641} INFO - Processing file /home/lucas/Área de Trabalho/apresentação/venv/lib/python3.10/site-packages/airflow/example_dags/plugins/workday.py for tasks to queue
[2023-07-08 01:08:52,292] {logging_mixin.py:115} INFO - [2023-07-08 01:08:52,292] {dagbag.py:507} INFO - Filling up the DagBag from /home/lucas/Área de Trabalho/apresentação/venv/lib/python3.10/site-packages/airflow/example_dags/plugins/workday.py
[2023-07-08 01:08:52,296] {processor.py:653} WARNING - No viable dags retrieved from /home/lucas/Área de Trabalho/apresentação/venv/lib/python3.10/site-packages/airflow/example_dags/plugins/workday.py
[2023-07-08 01:08:52,321] {processor.py:161} INFO - Processing /home/lucas/Área de Trabalho/apresentação/venv/lib/python3.10/site-packages/airflow/example_dags/plugins/workday.py took 0.038 seconds
[2023-07-08 01:09:31,719] {processor.py:153} INFO - Started process (PID=39127) to work on /home/lucas/Área de Trabalho/apresentação/venv/lib/python3.10/site-packages/airflow/example_dags/plugins/workday.py
[2023-07-08 01:09:31,720] {processor.py:641} INFO - Processing file /home/lucas/Área de Trabalho/apresentação/venv/lib/python3.10/site-packages/airflow/example_dags/plugins/workday.py for tasks to queue
[2023-07-08 01:09:31,721] {logging_mixin.py:115} INFO - [2023-07-08 01:09:31,721] {dagbag.py:507} INFO - Filling up the DagBag from /home/lucas/Área de Trabalho/apresentação/venv/lib/python3.10/site-packages/airflow/example_dags/plugins/workday.py
[2023-07-08 01:09:31,725] {processor.py:653} WARNING - No viable dags retrieved from /home/lucas/Área de Trabalho/apresentação/venv/lib/python3.10/site-packages/airflow/example_dags/plugins/workday.py
[2023-07-08 01:09:31,745] {processor.py:161} INFO - Processing /home/lucas/Área de Trabalho/apresentação/venv/lib/python3.10/site-packages/airflow/example_dags/plugins/workday.py took 0.032 seconds
[2023-07-08 01:10:13,638] {processor.py:153} INFO - Started process (PID=39215) to work on /home/lucas/Área de Trabalho/apresentação/venv/lib/python3.10/site-packages/airflow/example_dags/plugins/workday.py
[2023-07-08 01:10:13,641] {processor.py:641} INFO - Processing file /home/lucas/Área de Trabalho/apresentação/venv/lib/python3.10/site-packages/airflow/example_dags/plugins/workday.py for tasks to queue
[2023-07-08 01:10:13,642] {logging_mixin.py:115} INFO - [2023-07-08 01:10:13,642] {dagbag.py:507} INFO - Filling up the DagBag from /home/lucas/Área de Trabalho/apresentação/venv/lib/python3.10/site-packages/airflow/example_dags/plugins/workday.py
[2023-07-08 01:10:13,646] {processor.py:653} WARNING - No viable dags retrieved from /home/lucas/Área de Trabalho/apresentação/venv/lib/python3.10/site-packages/airflow/example_dags/plugins/workday.py
[2023-07-08 01:10:13,666] {processor.py:161} INFO - Processing /home/lucas/Área de Trabalho/apresentação/venv/lib/python3.10/site-packages/airflow/example_dags/plugins/workday.py took 0.034 seconds
[2023-07-08 01:10:54,439] {processor.py:153} INFO - Started process (PID=39532) to work on /home/lucas/Área de Trabalho/apresentação/venv/lib/python3.10/site-packages/airflow/example_dags/plugins/workday.py
[2023-07-08 01:10:54,441] {processor.py:641} INFO - Processing file /home/lucas/Área de Trabalho/apresentação/venv/lib/python3.10/site-packages/airflow/example_dags/plugins/workday.py for tasks to queue
[2023-07-08 01:10:54,441] {logging_mixin.py:115} INFO - [2023-07-08 01:10:54,441] {dagbag.py:507} INFO - Filling up the DagBag from /home/lucas/Área de Trabalho/apresentação/venv/lib/python3.10/site-packages/airflow/example_dags/plugins/workday.py
[2023-07-08 01:10:54,442] {processor.py:653} WARNING - No viable dags retrieved from /home/lucas/Área de Trabalho/apresentação/venv/lib/python3.10/site-packages/airflow/example_dags/plugins/workday.py
[2023-07-08 01:10:54,448] {processor.py:161} INFO - Processing /home/lucas/Área de Trabalho/apresentação/venv/lib/python3.10/site-packages/airflow/example_dags/plugins/workday.py took 0.010 seconds
[2023-07-08 01:11:35,857] {processor.py:153} INFO - Started process (PID=39756) to work on /home/lucas/Área de Trabalho/apresentação/venv/lib/python3.10/site-packages/airflow/example_dags/plugins/workday.py
[2023-07-08 01:11:35,861] {processor.py:641} INFO - Processing file /home/lucas/Área de Trabalho/apresentação/venv/lib/python3.10/site-packages/airflow/example_dags/plugins/workday.py for tasks to queue
[2023-07-08 01:11:35,862] {logging_mixin.py:115} INFO - [2023-07-08 01:11:35,862] {dagbag.py:507} INFO - Filling up the DagBag from /home/lucas/Área de Trabalho/apresentação/venv/lib/python3.10/site-packages/airflow/example_dags/plugins/workday.py
[2023-07-08 01:11:35,867] {processor.py:653} WARNING - No viable dags retrieved from /home/lucas/Área de Trabalho/apresentação/venv/lib/python3.10/site-packages/airflow/example_dags/plugins/workday.py
[2023-07-08 01:11:35,888] {processor.py:161} INFO - Processing /home/lucas/Área de Trabalho/apresentação/venv/lib/python3.10/site-packages/airflow/example_dags/plugins/workday.py took 0.036 seconds
[2023-07-08 01:12:13,807] {processor.py:153} INFO - Started process (PID=39831) to work on /home/lucas/Área de Trabalho/apresentação/venv/lib/python3.10/site-packages/airflow/example_dags/plugins/workday.py
[2023-07-08 01:12:13,808] {processor.py:641} INFO - Processing file /home/lucas/Área de Trabalho/apresentação/venv/lib/python3.10/site-packages/airflow/example_dags/plugins/workday.py for tasks to queue
[2023-07-08 01:12:13,809] {logging_mixin.py:115} INFO - [2023-07-08 01:12:13,809] {dagbag.py:507} INFO - Filling up the DagBag from /home/lucas/Área de Trabalho/apresentação/venv/lib/python3.10/site-packages/airflow/example_dags/plugins/workday.py
[2023-07-08 01:12:13,813] {processor.py:653} WARNING - No viable dags retrieved from /home/lucas/Área de Trabalho/apresentação/venv/lib/python3.10/site-packages/airflow/example_dags/plugins/workday.py
[2023-07-08 01:12:13,838] {processor.py:161} INFO - Processing /home/lucas/Área de Trabalho/apresentação/venv/lib/python3.10/site-packages/airflow/example_dags/plugins/workday.py took 0.036 seconds
[2023-07-08 01:12:54,109] {processor.py:153} INFO - Started process (PID=40006) to work on /home/lucas/Área de Trabalho/apresentação/venv/lib/python3.10/site-packages/airflow/example_dags/plugins/workday.py
[2023-07-08 01:12:54,113] {processor.py:641} INFO - Processing file /home/lucas/Área de Trabalho/apresentação/venv/lib/python3.10/site-packages/airflow/example_dags/plugins/workday.py for tasks to queue
[2023-07-08 01:12:54,114] {logging_mixin.py:115} INFO - [2023-07-08 01:12:54,114] {dagbag.py:507} INFO - Filling up the DagBag from /home/lucas/Área de Trabalho/apresentação/venv/lib/python3.10/site-packages/airflow/example_dags/plugins/workday.py
[2023-07-08 01:12:54,118] {processor.py:653} WARNING - No viable dags retrieved from /home/lucas/Área de Trabalho/apresentação/venv/lib/python3.10/site-packages/airflow/example_dags/plugins/workday.py
[2023-07-08 01:12:54,139] {processor.py:161} INFO - Processing /home/lucas/Área de Trabalho/apresentação/venv/lib/python3.10/site-packages/airflow/example_dags/plugins/workday.py took 0.035 seconds
[2023-07-08 01:13:33,877] {processor.py:153} INFO - Started process (PID=40093) to work on /home/lucas/Área de Trabalho/apresentação/venv/lib/python3.10/site-packages/airflow/example_dags/plugins/workday.py
[2023-07-08 01:13:33,881] {processor.py:641} INFO - Processing file /home/lucas/Área de Trabalho/apresentação/venv/lib/python3.10/site-packages/airflow/example_dags/plugins/workday.py for tasks to queue
[2023-07-08 01:13:33,882] {logging_mixin.py:115} INFO - [2023-07-08 01:13:33,882] {dagbag.py:507} INFO - Filling up the DagBag from /home/lucas/Área de Trabalho/apresentação/venv/lib/python3.10/site-packages/airflow/example_dags/plugins/workday.py
[2023-07-08 01:13:33,886] {processor.py:653} WARNING - No viable dags retrieved from /home/lucas/Área de Trabalho/apresentação/venv/lib/python3.10/site-packages/airflow/example_dags/plugins/workday.py
[2023-07-08 01:13:33,908] {processor.py:161} INFO - Processing /home/lucas/Área de Trabalho/apresentação/venv/lib/python3.10/site-packages/airflow/example_dags/plugins/workday.py took 0.037 seconds
[2023-07-08 01:14:12,236] {processor.py:153} INFO - Started process (PID=40166) to work on /home/lucas/Área de Trabalho/apresentação/venv/lib/python3.10/site-packages/airflow/example_dags/plugins/workday.py
[2023-07-08 01:14:12,240] {processor.py:641} INFO - Processing file /home/lucas/Área de Trabalho/apresentação/venv/lib/python3.10/site-packages/airflow/example_dags/plugins/workday.py for tasks to queue
[2023-07-08 01:14:12,241] {logging_mixin.py:115} INFO - [2023-07-08 01:14:12,241] {dagbag.py:507} INFO - Filling up the DagBag from /home/lucas/Área de Trabalho/apresentação/venv/lib/python3.10/site-packages/airflow/example_dags/plugins/workday.py
[2023-07-08 01:14:12,245] {processor.py:653} WARNING - No viable dags retrieved from /home/lucas/Área de Trabalho/apresentação/venv/lib/python3.10/site-packages/airflow/example_dags/plugins/workday.py
[2023-07-08 01:14:12,266] {processor.py:161} INFO - Processing /home/lucas/Área de Trabalho/apresentação/venv/lib/python3.10/site-packages/airflow/example_dags/plugins/workday.py took 0.035 seconds
[2023-07-08 01:14:52,697] {processor.py:153} INFO - Started process (PID=40377) to work on /home/lucas/Área de Trabalho/apresentação/venv/lib/python3.10/site-packages/airflow/example_dags/plugins/workday.py
[2023-07-08 01:14:52,698] {processor.py:641} INFO - Processing file /home/lucas/Área de Trabalho/apresentação/venv/lib/python3.10/site-packages/airflow/example_dags/plugins/workday.py for tasks to queue
[2023-07-08 01:14:52,699] {logging_mixin.py:115} INFO - [2023-07-08 01:14:52,699] {dagbag.py:507} INFO - Filling up the DagBag from /home/lucas/Área de Trabalho/apresentação/venv/lib/python3.10/site-packages/airflow/example_dags/plugins/workday.py
[2023-07-08 01:14:52,703] {processor.py:653} WARNING - No viable dags retrieved from /home/lucas/Área de Trabalho/apresentação/venv/lib/python3.10/site-packages/airflow/example_dags/plugins/workday.py
[2023-07-08 01:14:52,728] {processor.py:161} INFO - Processing /home/lucas/Área de Trabalho/apresentação/venv/lib/python3.10/site-packages/airflow/example_dags/plugins/workday.py took 0.038 seconds
[2023-07-08 01:15:33,056] {processor.py:153} INFO - Started process (PID=40517) to work on /home/lucas/Área de Trabalho/apresentação/venv/lib/python3.10/site-packages/airflow/example_dags/plugins/workday.py
[2023-07-08 01:15:33,061] {processor.py:641} INFO - Processing file /home/lucas/Área de Trabalho/apresentação/venv/lib/python3.10/site-packages/airflow/example_dags/plugins/workday.py for tasks to queue
[2023-07-08 01:15:33,062] {logging_mixin.py:115} INFO - [2023-07-08 01:15:33,062] {dagbag.py:507} INFO - Filling up the DagBag from /home/lucas/Área de Trabalho/apresentação/venv/lib/python3.10/site-packages/airflow/example_dags/plugins/workday.py
[2023-07-08 01:15:33,069] {processor.py:653} WARNING - No viable dags retrieved from /home/lucas/Área de Trabalho/apresentação/venv/lib/python3.10/site-packages/airflow/example_dags/plugins/workday.py
[2023-07-08 01:15:33,097] {processor.py:161} INFO - Processing /home/lucas/Área de Trabalho/apresentação/venv/lib/python3.10/site-packages/airflow/example_dags/plugins/workday.py took 0.048 seconds
[2023-07-08 01:16:35,779] {processor.py:153} INFO - Started process (PID=40998) to work on /home/lucas/Área de Trabalho/apresentação/venv/lib/python3.10/site-packages/airflow/example_dags/plugins/workday.py
[2023-07-08 01:16:35,782] {processor.py:641} INFO - Processing file /home/lucas/Área de Trabalho/apresentação/venv/lib/python3.10/site-packages/airflow/example_dags/plugins/workday.py for tasks to queue
[2023-07-08 01:16:35,782] {logging_mixin.py:115} INFO - [2023-07-08 01:16:35,782] {dagbag.py:507} INFO - Filling up the DagBag from /home/lucas/Área de Trabalho/apresentação/venv/lib/python3.10/site-packages/airflow/example_dags/plugins/workday.py
[2023-07-08 01:16:35,818] {processor.py:653} WARNING - No viable dags retrieved from /home/lucas/Área de Trabalho/apresentação/venv/lib/python3.10/site-packages/airflow/example_dags/plugins/workday.py
[2023-07-08 01:16:35,878] {processor.py:161} INFO - Processing /home/lucas/Área de Trabalho/apresentação/venv/lib/python3.10/site-packages/airflow/example_dags/plugins/workday.py took 0.116 seconds
[2023-07-08 01:18:05,702] {processor.py:153} INFO - Started process (PID=41384) to work on /home/lucas/Área de Trabalho/apresentação/venv/lib/python3.10/site-packages/airflow/example_dags/plugins/workday.py
[2023-07-08 01:18:05,703] {processor.py:641} INFO - Processing file /home/lucas/Área de Trabalho/apresentação/venv/lib/python3.10/site-packages/airflow/example_dags/plugins/workday.py for tasks to queue
[2023-07-08 01:18:05,704] {logging_mixin.py:115} INFO - [2023-07-08 01:18:05,704] {dagbag.py:507} INFO - Filling up the DagBag from /home/lucas/Área de Trabalho/apresentação/venv/lib/python3.10/site-packages/airflow/example_dags/plugins/workday.py
[2023-07-08 01:18:05,709] {processor.py:653} WARNING - No viable dags retrieved from /home/lucas/Área de Trabalho/apresentação/venv/lib/python3.10/site-packages/airflow/example_dags/plugins/workday.py
[2023-07-08 01:18:05,730] {processor.py:161} INFO - Processing /home/lucas/Área de Trabalho/apresentação/venv/lib/python3.10/site-packages/airflow/example_dags/plugins/workday.py took 0.033 seconds
[2023-07-08 01:18:43,440] {processor.py:153} INFO - Started process (PID=41465) to work on /home/lucas/Área de Trabalho/apresentação/venv/lib/python3.10/site-packages/airflow/example_dags/plugins/workday.py
[2023-07-08 01:18:43,444] {processor.py:641} INFO - Processing file /home/lucas/Área de Trabalho/apresentação/venv/lib/python3.10/site-packages/airflow/example_dags/plugins/workday.py for tasks to queue
[2023-07-08 01:18:43,445] {logging_mixin.py:115} INFO - [2023-07-08 01:18:43,444] {dagbag.py:507} INFO - Filling up the DagBag from /home/lucas/Área de Trabalho/apresentação/venv/lib/python3.10/site-packages/airflow/example_dags/plugins/workday.py
[2023-07-08 01:18:43,449] {processor.py:653} WARNING - No viable dags retrieved from /home/lucas/Área de Trabalho/apresentação/venv/lib/python3.10/site-packages/airflow/example_dags/plugins/workday.py
[2023-07-08 01:18:43,468] {processor.py:161} INFO - Processing /home/lucas/Área de Trabalho/apresentação/venv/lib/python3.10/site-packages/airflow/example_dags/plugins/workday.py took 0.033 seconds
[2023-07-08 01:19:21,858] {processor.py:153} INFO - Started process (PID=41551) to work on /home/lucas/Área de Trabalho/apresentação/venv/lib/python3.10/site-packages/airflow/example_dags/plugins/workday.py
[2023-07-08 01:19:21,862] {processor.py:641} INFO - Processing file /home/lucas/Área de Trabalho/apresentação/venv/lib/python3.10/site-packages/airflow/example_dags/plugins/workday.py for tasks to queue
[2023-07-08 01:19:21,863] {logging_mixin.py:115} INFO - [2023-07-08 01:19:21,863] {dagbag.py:507} INFO - Filling up the DagBag from /home/lucas/Área de Trabalho/apresentação/venv/lib/python3.10/site-packages/airflow/example_dags/plugins/workday.py
[2023-07-08 01:19:21,868] {processor.py:653} WARNING - No viable dags retrieved from /home/lucas/Área de Trabalho/apresentação/venv/lib/python3.10/site-packages/airflow/example_dags/plugins/workday.py
[2023-07-08 01:19:21,889] {processor.py:161} INFO - Processing /home/lucas/Área de Trabalho/apresentação/venv/lib/python3.10/site-packages/airflow/example_dags/plugins/workday.py took 0.037 seconds
[2023-07-08 01:20:00,804] {processor.py:153} INFO - Started process (PID=41644) to work on /home/lucas/Área de Trabalho/apresentação/venv/lib/python3.10/site-packages/airflow/example_dags/plugins/workday.py
[2023-07-08 01:20:00,805] {processor.py:641} INFO - Processing file /home/lucas/Área de Trabalho/apresentação/venv/lib/python3.10/site-packages/airflow/example_dags/plugins/workday.py for tasks to queue
[2023-07-08 01:20:00,806] {logging_mixin.py:115} INFO - [2023-07-08 01:20:00,806] {dagbag.py:507} INFO - Filling up the DagBag from /home/lucas/Área de Trabalho/apresentação/venv/lib/python3.10/site-packages/airflow/example_dags/plugins/workday.py
[2023-07-08 01:20:00,810] {processor.py:653} WARNING - No viable dags retrieved from /home/lucas/Área de Trabalho/apresentação/venv/lib/python3.10/site-packages/airflow/example_dags/plugins/workday.py
[2023-07-08 01:20:00,831] {processor.py:161} INFO - Processing /home/lucas/Área de Trabalho/apresentação/venv/lib/python3.10/site-packages/airflow/example_dags/plugins/workday.py took 0.033 seconds
[2023-07-08 10:16:30,581] {processor.py:153} INFO - Started process (PID=4760) to work on /home/lucas/Área de Trabalho/apresentação/venv/lib/python3.10/site-packages/airflow/example_dags/plugins/workday.py
[2023-07-08 10:16:30,583] {processor.py:641} INFO - Processing file /home/lucas/Área de Trabalho/apresentação/venv/lib/python3.10/site-packages/airflow/example_dags/plugins/workday.py for tasks to queue
[2023-07-08 10:16:30,584] {logging_mixin.py:115} INFO - [2023-07-08 10:16:30,584] {dagbag.py:507} INFO - Filling up the DagBag from /home/lucas/Área de Trabalho/apresentação/venv/lib/python3.10/site-packages/airflow/example_dags/plugins/workday.py
[2023-07-08 10:16:30,588] {processor.py:653} WARNING - No viable dags retrieved from /home/lucas/Área de Trabalho/apresentação/venv/lib/python3.10/site-packages/airflow/example_dags/plugins/workday.py
[2023-07-08 10:16:30,607] {processor.py:161} INFO - Processing /home/lucas/Área de Trabalho/apresentação/venv/lib/python3.10/site-packages/airflow/example_dags/plugins/workday.py took 0.031 seconds
[2023-07-08 10:17:08,632] {processor.py:153} INFO - Started process (PID=5187) to work on /home/lucas/Área de Trabalho/apresentação/venv/lib/python3.10/site-packages/airflow/example_dags/plugins/workday.py
[2023-07-08 10:17:08,636] {processor.py:641} INFO - Processing file /home/lucas/Área de Trabalho/apresentação/venv/lib/python3.10/site-packages/airflow/example_dags/plugins/workday.py for tasks to queue
[2023-07-08 10:17:08,637] {logging_mixin.py:115} INFO - [2023-07-08 10:17:08,636] {dagbag.py:507} INFO - Filling up the DagBag from /home/lucas/Área de Trabalho/apresentação/venv/lib/python3.10/site-packages/airflow/example_dags/plugins/workday.py
[2023-07-08 10:17:08,641] {processor.py:653} WARNING - No viable dags retrieved from /home/lucas/Área de Trabalho/apresentação/venv/lib/python3.10/site-packages/airflow/example_dags/plugins/workday.py
[2023-07-08 10:17:08,661] {processor.py:161} INFO - Processing /home/lucas/Área de Trabalho/apresentação/venv/lib/python3.10/site-packages/airflow/example_dags/plugins/workday.py took 0.035 seconds
[2023-07-08 10:17:44,195] {processor.py:153} INFO - Started process (PID=5526) to work on /home/lucas/Área de Trabalho/apresentação/venv/lib/python3.10/site-packages/airflow/example_dags/plugins/workday.py
[2023-07-08 10:17:44,199] {processor.py:641} INFO - Processing file /home/lucas/Área de Trabalho/apresentação/venv/lib/python3.10/site-packages/airflow/example_dags/plugins/workday.py for tasks to queue
[2023-07-08 10:17:44,200] {logging_mixin.py:115} INFO - [2023-07-08 10:17:44,200] {dagbag.py:507} INFO - Filling up the DagBag from /home/lucas/Área de Trabalho/apresentação/venv/lib/python3.10/site-packages/airflow/example_dags/plugins/workday.py
[2023-07-08 10:17:44,204] {processor.py:653} WARNING - No viable dags retrieved from /home/lucas/Área de Trabalho/apresentação/venv/lib/python3.10/site-packages/airflow/example_dags/plugins/workday.py
[2023-07-08 10:17:44,225] {processor.py:161} INFO - Processing /home/lucas/Área de Trabalho/apresentação/venv/lib/python3.10/site-packages/airflow/example_dags/plugins/workday.py took 0.031 seconds
[2023-07-08 10:18:22,061] {processor.py:153} INFO - Started process (PID=5603) to work on /home/lucas/Área de Trabalho/apresentação/venv/lib/python3.10/site-packages/airflow/example_dags/plugins/workday.py
[2023-07-08 10:18:22,062] {processor.py:641} INFO - Processing file /home/lucas/Área de Trabalho/apresentação/venv/lib/python3.10/site-packages/airflow/example_dags/plugins/workday.py for tasks to queue
[2023-07-08 10:18:22,064] {logging_mixin.py:115} INFO - [2023-07-08 10:18:22,063] {dagbag.py:507} INFO - Filling up the DagBag from /home/lucas/Área de Trabalho/apresentação/venv/lib/python3.10/site-packages/airflow/example_dags/plugins/workday.py
[2023-07-08 10:18:22,067] {processor.py:653} WARNING - No viable dags retrieved from /home/lucas/Área de Trabalho/apresentação/venv/lib/python3.10/site-packages/airflow/example_dags/plugins/workday.py
[2023-07-08 10:18:22,089] {processor.py:161} INFO - Processing /home/lucas/Área de Trabalho/apresentação/venv/lib/python3.10/site-packages/airflow/example_dags/plugins/workday.py took 0.034 seconds
[2023-07-08 10:19:01,505] {processor.py:153} INFO - Started process (PID=5678) to work on /home/lucas/Área de Trabalho/apresentação/venv/lib/python3.10/site-packages/airflow/example_dags/plugins/workday.py
[2023-07-08 10:19:01,509] {processor.py:641} INFO - Processing file /home/lucas/Área de Trabalho/apresentação/venv/lib/python3.10/site-packages/airflow/example_dags/plugins/workday.py for tasks to queue
[2023-07-08 10:19:01,510] {logging_mixin.py:115} INFO - [2023-07-08 10:19:01,510] {dagbag.py:507} INFO - Filling up the DagBag from /home/lucas/Área de Trabalho/apresentação/venv/lib/python3.10/site-packages/airflow/example_dags/plugins/workday.py
[2023-07-08 10:19:01,515] {processor.py:653} WARNING - No viable dags retrieved from /home/lucas/Área de Trabalho/apresentação/venv/lib/python3.10/site-packages/airflow/example_dags/plugins/workday.py
[2023-07-08 10:19:01,535] {processor.py:161} INFO - Processing /home/lucas/Área de Trabalho/apresentação/venv/lib/python3.10/site-packages/airflow/example_dags/plugins/workday.py took 0.035 seconds
[2023-07-08 10:19:39,743] {processor.py:153} INFO - Started process (PID=5753) to work on /home/lucas/Área de Trabalho/apresentação/venv/lib/python3.10/site-packages/airflow/example_dags/plugins/workday.py
[2023-07-08 10:19:39,747] {processor.py:641} INFO - Processing file /home/lucas/Área de Trabalho/apresentação/venv/lib/python3.10/site-packages/airflow/example_dags/plugins/workday.py for tasks to queue
[2023-07-08 10:19:39,748] {logging_mixin.py:115} INFO - [2023-07-08 10:19:39,748] {dagbag.py:507} INFO - Filling up the DagBag from /home/lucas/Área de Trabalho/apresentação/venv/lib/python3.10/site-packages/airflow/example_dags/plugins/workday.py
[2023-07-08 10:19:39,752] {processor.py:653} WARNING - No viable dags retrieved from /home/lucas/Área de Trabalho/apresentação/venv/lib/python3.10/site-packages/airflow/example_dags/plugins/workday.py
[2023-07-08 10:19:39,772] {processor.py:161} INFO - Processing /home/lucas/Área de Trabalho/apresentação/venv/lib/python3.10/site-packages/airflow/example_dags/plugins/workday.py took 0.035 seconds
[2023-07-08 10:20:19,853] {processor.py:153} INFO - Started process (PID=5814) to work on /home/lucas/Área de Trabalho/apresentação/venv/lib/python3.10/site-packages/airflow/example_dags/plugins/workday.py
[2023-07-08 10:20:19,857] {processor.py:641} INFO - Processing file /home/lucas/Área de Trabalho/apresentação/venv/lib/python3.10/site-packages/airflow/example_dags/plugins/workday.py for tasks to queue
[2023-07-08 10:20:19,858] {logging_mixin.py:115} INFO - [2023-07-08 10:20:19,858] {dagbag.py:507} INFO - Filling up the DagBag from /home/lucas/Área de Trabalho/apresentação/venv/lib/python3.10/site-packages/airflow/example_dags/plugins/workday.py
[2023-07-08 10:20:19,862] {processor.py:653} WARNING - No viable dags retrieved from /home/lucas/Área de Trabalho/apresentação/venv/lib/python3.10/site-packages/airflow/example_dags/plugins/workday.py
[2023-07-08 10:20:19,882] {processor.py:161} INFO - Processing /home/lucas/Área de Trabalho/apresentação/venv/lib/python3.10/site-packages/airflow/example_dags/plugins/workday.py took 0.034 seconds
[2023-07-08 10:20:55,823] {processor.py:153} INFO - Started process (PID=5888) to work on /home/lucas/Área de Trabalho/apresentação/venv/lib/python3.10/site-packages/airflow/example_dags/plugins/workday.py
[2023-07-08 10:20:55,827] {processor.py:641} INFO - Processing file /home/lucas/Área de Trabalho/apresentação/venv/lib/python3.10/site-packages/airflow/example_dags/plugins/workday.py for tasks to queue
[2023-07-08 10:20:55,828] {logging_mixin.py:115} INFO - [2023-07-08 10:20:55,828] {dagbag.py:507} INFO - Filling up the DagBag from /home/lucas/Área de Trabalho/apresentação/venv/lib/python3.10/site-packages/airflow/example_dags/plugins/workday.py
[2023-07-08 10:20:55,832] {processor.py:653} WARNING - No viable dags retrieved from /home/lucas/Área de Trabalho/apresentação/venv/lib/python3.10/site-packages/airflow/example_dags/plugins/workday.py
[2023-07-08 10:20:55,852] {processor.py:161} INFO - Processing /home/lucas/Área de Trabalho/apresentação/venv/lib/python3.10/site-packages/airflow/example_dags/plugins/workday.py took 0.035 seconds
[2023-07-08 10:21:36,709] {processor.py:153} INFO - Started process (PID=6006) to work on /home/lucas/Área de Trabalho/apresentação/venv/lib/python3.10/site-packages/airflow/example_dags/plugins/workday.py
[2023-07-08 10:21:36,711] {processor.py:641} INFO - Processing file /home/lucas/Área de Trabalho/apresentação/venv/lib/python3.10/site-packages/airflow/example_dags/plugins/workday.py for tasks to queue
[2023-07-08 10:21:36,712] {logging_mixin.py:115} INFO - [2023-07-08 10:21:36,712] {dagbag.py:507} INFO - Filling up the DagBag from /home/lucas/Área de Trabalho/apresentação/venv/lib/python3.10/site-packages/airflow/example_dags/plugins/workday.py
[2023-07-08 10:21:36,716] {processor.py:653} WARNING - No viable dags retrieved from /home/lucas/Área de Trabalho/apresentação/venv/lib/python3.10/site-packages/airflow/example_dags/plugins/workday.py
[2023-07-08 10:21:36,737] {processor.py:161} INFO - Processing /home/lucas/Área de Trabalho/apresentação/venv/lib/python3.10/site-packages/airflow/example_dags/plugins/workday.py took 0.033 seconds
[2023-07-08 10:22:16,500] {processor.py:153} INFO - Started process (PID=6076) to work on /home/lucas/Área de Trabalho/apresentação/venv/lib/python3.10/site-packages/airflow/example_dags/plugins/workday.py
[2023-07-08 10:22:16,501] {processor.py:641} INFO - Processing file /home/lucas/Área de Trabalho/apresentação/venv/lib/python3.10/site-packages/airflow/example_dags/plugins/workday.py for tasks to queue
[2023-07-08 10:22:16,502] {logging_mixin.py:115} INFO - [2023-07-08 10:22:16,502] {dagbag.py:507} INFO - Filling up the DagBag from /home/lucas/Área de Trabalho/apresentação/venv/lib/python3.10/site-packages/airflow/example_dags/plugins/workday.py
[2023-07-08 10:22:16,506] {processor.py:653} WARNING - No viable dags retrieved from /home/lucas/Área de Trabalho/apresentação/venv/lib/python3.10/site-packages/airflow/example_dags/plugins/workday.py
[2023-07-08 10:22:16,527] {processor.py:161} INFO - Processing /home/lucas/Área de Trabalho/apresentação/venv/lib/python3.10/site-packages/airflow/example_dags/plugins/workday.py took 0.033 seconds
[2023-07-08 10:22:55,254] {processor.py:153} INFO - Started process (PID=6167) to work on /home/lucas/Área de Trabalho/apresentação/venv/lib/python3.10/site-packages/airflow/example_dags/plugins/workday.py
[2023-07-08 10:22:55,258] {processor.py:641} INFO - Processing file /home/lucas/Área de Trabalho/apresentação/venv/lib/python3.10/site-packages/airflow/example_dags/plugins/workday.py for tasks to queue
[2023-07-08 10:22:55,259] {logging_mixin.py:115} INFO - [2023-07-08 10:22:55,259] {dagbag.py:507} INFO - Filling up the DagBag from /home/lucas/Área de Trabalho/apresentação/venv/lib/python3.10/site-packages/airflow/example_dags/plugins/workday.py
[2023-07-08 10:22:55,263] {processor.py:653} WARNING - No viable dags retrieved from /home/lucas/Área de Trabalho/apresentação/venv/lib/python3.10/site-packages/airflow/example_dags/plugins/workday.py
[2023-07-08 10:22:55,284] {processor.py:161} INFO - Processing /home/lucas/Área de Trabalho/apresentação/venv/lib/python3.10/site-packages/airflow/example_dags/plugins/workday.py took 0.035 seconds
[2023-07-08 10:23:32,899] {processor.py:153} INFO - Started process (PID=6243) to work on /home/lucas/Área de Trabalho/apresentação/venv/lib/python3.10/site-packages/airflow/example_dags/plugins/workday.py
[2023-07-08 10:23:32,903] {processor.py:641} INFO - Processing file /home/lucas/Área de Trabalho/apresentação/venv/lib/python3.10/site-packages/airflow/example_dags/plugins/workday.py for tasks to queue
[2023-07-08 10:23:32,904] {logging_mixin.py:115} INFO - [2023-07-08 10:23:32,904] {dagbag.py:507} INFO - Filling up the DagBag from /home/lucas/Área de Trabalho/apresentação/venv/lib/python3.10/site-packages/airflow/example_dags/plugins/workday.py
[2023-07-08 10:23:32,908] {processor.py:653} WARNING - No viable dags retrieved from /home/lucas/Área de Trabalho/apresentação/venv/lib/python3.10/site-packages/airflow/example_dags/plugins/workday.py
[2023-07-08 10:23:32,929] {processor.py:161} INFO - Processing /home/lucas/Área de Trabalho/apresentação/venv/lib/python3.10/site-packages/airflow/example_dags/plugins/workday.py took 0.035 seconds
[2023-07-08 10:24:14,613] {processor.py:153} INFO - Started process (PID=6310) to work on /home/lucas/Área de Trabalho/apresentação/venv/lib/python3.10/site-packages/airflow/example_dags/plugins/workday.py
[2023-07-08 10:24:14,614] {processor.py:641} INFO - Processing file /home/lucas/Área de Trabalho/apresentação/venv/lib/python3.10/site-packages/airflow/example_dags/plugins/workday.py for tasks to queue
[2023-07-08 10:24:14,615] {logging_mixin.py:115} INFO - [2023-07-08 10:24:14,615] {dagbag.py:507} INFO - Filling up the DagBag from /home/lucas/Área de Trabalho/apresentação/venv/lib/python3.10/site-packages/airflow/example_dags/plugins/workday.py
[2023-07-08 10:24:14,619] {processor.py:653} WARNING - No viable dags retrieved from /home/lucas/Área de Trabalho/apresentação/venv/lib/python3.10/site-packages/airflow/example_dags/plugins/workday.py
[2023-07-08 10:24:14,641] {processor.py:161} INFO - Processing /home/lucas/Área de Trabalho/apresentação/venv/lib/python3.10/site-packages/airflow/example_dags/plugins/workday.py took 0.033 seconds
[2023-07-08 10:24:51,349] {processor.py:153} INFO - Started process (PID=6381) to work on /home/lucas/Área de Trabalho/apresentação/venv/lib/python3.10/site-packages/airflow/example_dags/plugins/workday.py
[2023-07-08 10:24:51,352] {processor.py:641} INFO - Processing file /home/lucas/Área de Trabalho/apresentação/venv/lib/python3.10/site-packages/airflow/example_dags/plugins/workday.py for tasks to queue
[2023-07-08 10:24:51,353] {logging_mixin.py:115} INFO - [2023-07-08 10:24:51,353] {dagbag.py:507} INFO - Filling up the DagBag from /home/lucas/Área de Trabalho/apresentação/venv/lib/python3.10/site-packages/airflow/example_dags/plugins/workday.py
[2023-07-08 10:24:51,357] {processor.py:653} WARNING - No viable dags retrieved from /home/lucas/Área de Trabalho/apresentação/venv/lib/python3.10/site-packages/airflow/example_dags/plugins/workday.py
[2023-07-08 10:24:51,378] {processor.py:161} INFO - Processing /home/lucas/Área de Trabalho/apresentação/venv/lib/python3.10/site-packages/airflow/example_dags/plugins/workday.py took 0.035 seconds
[2023-07-08 10:25:32,148] {processor.py:153} INFO - Started process (PID=6456) to work on /home/lucas/Área de Trabalho/apresentação/venv/lib/python3.10/site-packages/airflow/example_dags/plugins/workday.py
[2023-07-08 10:25:32,152] {processor.py:641} INFO - Processing file /home/lucas/Área de Trabalho/apresentação/venv/lib/python3.10/site-packages/airflow/example_dags/plugins/workday.py for tasks to queue
[2023-07-08 10:25:32,153] {logging_mixin.py:115} INFO - [2023-07-08 10:25:32,153] {dagbag.py:507} INFO - Filling up the DagBag from /home/lucas/Área de Trabalho/apresentação/venv/lib/python3.10/site-packages/airflow/example_dags/plugins/workday.py
[2023-07-08 10:25:32,157] {processor.py:653} WARNING - No viable dags retrieved from /home/lucas/Área de Trabalho/apresentação/venv/lib/python3.10/site-packages/airflow/example_dags/plugins/workday.py
[2023-07-08 10:25:32,178] {processor.py:161} INFO - Processing /home/lucas/Área de Trabalho/apresentação/venv/lib/python3.10/site-packages/airflow/example_dags/plugins/workday.py took 0.036 seconds
[2023-07-08 10:26:10,109] {processor.py:153} INFO - Started process (PID=6522) to work on /home/lucas/Área de Trabalho/apresentação/venv/lib/python3.10/site-packages/airflow/example_dags/plugins/workday.py
[2023-07-08 10:26:10,113] {processor.py:641} INFO - Processing file /home/lucas/Área de Trabalho/apresentação/venv/lib/python3.10/site-packages/airflow/example_dags/plugins/workday.py for tasks to queue
[2023-07-08 10:26:10,114] {logging_mixin.py:115} INFO - [2023-07-08 10:26:10,114] {dagbag.py:507} INFO - Filling up the DagBag from /home/lucas/Área de Trabalho/apresentação/venv/lib/python3.10/site-packages/airflow/example_dags/plugins/workday.py
[2023-07-08 10:26:10,118] {processor.py:653} WARNING - No viable dags retrieved from /home/lucas/Área de Trabalho/apresentação/venv/lib/python3.10/site-packages/airflow/example_dags/plugins/workday.py
[2023-07-08 10:26:10,140] {processor.py:161} INFO - Processing /home/lucas/Área de Trabalho/apresentação/venv/lib/python3.10/site-packages/airflow/example_dags/plugins/workday.py took 0.037 seconds
[2023-07-08 10:26:48,456] {processor.py:153} INFO - Started process (PID=6645) to work on /home/lucas/Área de Trabalho/apresentação/venv/lib/python3.10/site-packages/airflow/example_dags/plugins/workday.py
[2023-07-08 10:26:48,460] {processor.py:641} INFO - Processing file /home/lucas/Área de Trabalho/apresentação/venv/lib/python3.10/site-packages/airflow/example_dags/plugins/workday.py for tasks to queue
[2023-07-08 10:26:48,461] {logging_mixin.py:115} INFO - [2023-07-08 10:26:48,461] {dagbag.py:507} INFO - Filling up the DagBag from /home/lucas/Área de Trabalho/apresentação/venv/lib/python3.10/site-packages/airflow/example_dags/plugins/workday.py
[2023-07-08 10:26:48,465] {processor.py:653} WARNING - No viable dags retrieved from /home/lucas/Área de Trabalho/apresentação/venv/lib/python3.10/site-packages/airflow/example_dags/plugins/workday.py
[2023-07-08 10:26:48,486] {processor.py:161} INFO - Processing /home/lucas/Área de Trabalho/apresentação/venv/lib/python3.10/site-packages/airflow/example_dags/plugins/workday.py took 0.036 seconds
[2023-07-08 10:27:33,377] {processor.py:153} INFO - Started process (PID=6754) to work on /home/lucas/Área de Trabalho/apresentação/venv/lib/python3.10/site-packages/airflow/example_dags/plugins/workday.py
[2023-07-08 10:27:33,381] {processor.py:641} INFO - Processing file /home/lucas/Área de Trabalho/apresentação/venv/lib/python3.10/site-packages/airflow/example_dags/plugins/workday.py for tasks to queue
[2023-07-08 10:27:33,382] {logging_mixin.py:115} INFO - [2023-07-08 10:27:33,382] {dagbag.py:507} INFO - Filling up the DagBag from /home/lucas/Área de Trabalho/apresentação/venv/lib/python3.10/site-packages/airflow/example_dags/plugins/workday.py
[2023-07-08 10:27:33,386] {processor.py:653} WARNING - No viable dags retrieved from /home/lucas/Área de Trabalho/apresentação/venv/lib/python3.10/site-packages/airflow/example_dags/plugins/workday.py
[2023-07-08 10:27:33,407] {processor.py:161} INFO - Processing /home/lucas/Área de Trabalho/apresentação/venv/lib/python3.10/site-packages/airflow/example_dags/plugins/workday.py took 0.035 seconds
[2023-07-08 10:28:12,347] {processor.py:153} INFO - Started process (PID=6824) to work on /home/lucas/Área de Trabalho/apresentação/venv/lib/python3.10/site-packages/airflow/example_dags/plugins/workday.py
[2023-07-08 10:28:12,351] {processor.py:641} INFO - Processing file /home/lucas/Área de Trabalho/apresentação/venv/lib/python3.10/site-packages/airflow/example_dags/plugins/workday.py for tasks to queue
[2023-07-08 10:28:12,352] {logging_mixin.py:115} INFO - [2023-07-08 10:28:12,352] {dagbag.py:507} INFO - Filling up the DagBag from /home/lucas/Área de Trabalho/apresentação/venv/lib/python3.10/site-packages/airflow/example_dags/plugins/workday.py
[2023-07-08 10:28:12,356] {processor.py:653} WARNING - No viable dags retrieved from /home/lucas/Área de Trabalho/apresentação/venv/lib/python3.10/site-packages/airflow/example_dags/plugins/workday.py
[2023-07-08 10:28:12,377] {processor.py:161} INFO - Processing /home/lucas/Área de Trabalho/apresentação/venv/lib/python3.10/site-packages/airflow/example_dags/plugins/workday.py took 0.035 seconds
[2023-07-08 10:28:48,127] {processor.py:153} INFO - Started process (PID=6890) to work on /home/lucas/Área de Trabalho/apresentação/venv/lib/python3.10/site-packages/airflow/example_dags/plugins/workday.py
[2023-07-08 10:28:48,131] {processor.py:641} INFO - Processing file /home/lucas/Área de Trabalho/apresentação/venv/lib/python3.10/site-packages/airflow/example_dags/plugins/workday.py for tasks to queue
[2023-07-08 10:28:48,132] {logging_mixin.py:115} INFO - [2023-07-08 10:28:48,132] {dagbag.py:507} INFO - Filling up the DagBag from /home/lucas/Área de Trabalho/apresentação/venv/lib/python3.10/site-packages/airflow/example_dags/plugins/workday.py
[2023-07-08 10:28:48,136] {processor.py:653} WARNING - No viable dags retrieved from /home/lucas/Área de Trabalho/apresentação/venv/lib/python3.10/site-packages/airflow/example_dags/plugins/workday.py
[2023-07-08 10:28:48,157] {processor.py:161} INFO - Processing /home/lucas/Área de Trabalho/apresentação/venv/lib/python3.10/site-packages/airflow/example_dags/plugins/workday.py took 0.036 seconds
[2023-07-08 10:29:29,778] {processor.py:153} INFO - Started process (PID=6970) to work on /home/lucas/Área de Trabalho/apresentação/venv/lib/python3.10/site-packages/airflow/example_dags/plugins/workday.py
[2023-07-08 10:29:29,782] {processor.py:641} INFO - Processing file /home/lucas/Área de Trabalho/apresentação/venv/lib/python3.10/site-packages/airflow/example_dags/plugins/workday.py for tasks to queue
[2023-07-08 10:29:29,783] {logging_mixin.py:115} INFO - [2023-07-08 10:29:29,783] {dagbag.py:507} INFO - Filling up the DagBag from /home/lucas/Área de Trabalho/apresentação/venv/lib/python3.10/site-packages/airflow/example_dags/plugins/workday.py
[2023-07-08 10:29:29,787] {processor.py:653} WARNING - No viable dags retrieved from /home/lucas/Área de Trabalho/apresentação/venv/lib/python3.10/site-packages/airflow/example_dags/plugins/workday.py
[2023-07-08 10:29:29,811] {processor.py:161} INFO - Processing /home/lucas/Área de Trabalho/apresentação/venv/lib/python3.10/site-packages/airflow/example_dags/plugins/workday.py took 0.039 seconds
[2023-07-08 10:30:07,697] {processor.py:153} INFO - Started process (PID=7044) to work on /home/lucas/Área de Trabalho/apresentação/venv/lib/python3.10/site-packages/airflow/example_dags/plugins/workday.py
[2023-07-08 10:30:07,701] {processor.py:641} INFO - Processing file /home/lucas/Área de Trabalho/apresentação/venv/lib/python3.10/site-packages/airflow/example_dags/plugins/workday.py for tasks to queue
[2023-07-08 10:30:07,702] {logging_mixin.py:115} INFO - [2023-07-08 10:30:07,702] {dagbag.py:507} INFO - Filling up the DagBag from /home/lucas/Área de Trabalho/apresentação/venv/lib/python3.10/site-packages/airflow/example_dags/plugins/workday.py
[2023-07-08 10:30:07,706] {processor.py:653} WARNING - No viable dags retrieved from /home/lucas/Área de Trabalho/apresentação/venv/lib/python3.10/site-packages/airflow/example_dags/plugins/workday.py
[2023-07-08 10:30:07,727] {processor.py:161} INFO - Processing /home/lucas/Área de Trabalho/apresentação/venv/lib/python3.10/site-packages/airflow/example_dags/plugins/workday.py took 0.035 seconds
[2023-07-08 10:30:48,445] {processor.py:153} INFO - Started process (PID=7112) to work on /home/lucas/Área de Trabalho/apresentação/venv/lib/python3.10/site-packages/airflow/example_dags/plugins/workday.py
[2023-07-08 10:30:48,449] {processor.py:641} INFO - Processing file /home/lucas/Área de Trabalho/apresentação/venv/lib/python3.10/site-packages/airflow/example_dags/plugins/workday.py for tasks to queue
[2023-07-08 10:30:48,450] {logging_mixin.py:115} INFO - [2023-07-08 10:30:48,450] {dagbag.py:507} INFO - Filling up the DagBag from /home/lucas/Área de Trabalho/apresentação/venv/lib/python3.10/site-packages/airflow/example_dags/plugins/workday.py
[2023-07-08 10:30:48,454] {processor.py:653} WARNING - No viable dags retrieved from /home/lucas/Área de Trabalho/apresentação/venv/lib/python3.10/site-packages/airflow/example_dags/plugins/workday.py
[2023-07-08 10:30:48,475] {processor.py:161} INFO - Processing /home/lucas/Área de Trabalho/apresentação/venv/lib/python3.10/site-packages/airflow/example_dags/plugins/workday.py took 0.036 seconds
[2023-07-08 11:40:39,871] {processor.py:153} INFO - Started process (PID=11288) to work on /home/lucas/Área de Trabalho/apresentação/venv/lib/python3.10/site-packages/airflow/example_dags/plugins/workday.py
[2023-07-08 11:40:39,875] {processor.py:641} INFO - Processing file /home/lucas/Área de Trabalho/apresentação/venv/lib/python3.10/site-packages/airflow/example_dags/plugins/workday.py for tasks to queue
[2023-07-08 11:40:39,876] {logging_mixin.py:115} INFO - [2023-07-08 11:40:39,876] {dagbag.py:507} INFO - Filling up the DagBag from /home/lucas/Área de Trabalho/apresentação/venv/lib/python3.10/site-packages/airflow/example_dags/plugins/workday.py
[2023-07-08 11:40:39,880] {processor.py:653} WARNING - No viable dags retrieved from /home/lucas/Área de Trabalho/apresentação/venv/lib/python3.10/site-packages/airflow/example_dags/plugins/workday.py
[2023-07-08 11:40:39,893] {processor.py:161} INFO - Processing /home/lucas/Área de Trabalho/apresentação/venv/lib/python3.10/site-packages/airflow/example_dags/plugins/workday.py took 0.026 seconds
[2023-07-08 11:41:21,250] {processor.py:153} INFO - Started process (PID=11658) to work on /home/lucas/Área de Trabalho/apresentação/venv/lib/python3.10/site-packages/airflow/example_dags/plugins/workday.py
[2023-07-08 11:41:21,254] {processor.py:641} INFO - Processing file /home/lucas/Área de Trabalho/apresentação/venv/lib/python3.10/site-packages/airflow/example_dags/plugins/workday.py for tasks to queue
[2023-07-08 11:41:21,255] {logging_mixin.py:115} INFO - [2023-07-08 11:41:21,255] {dagbag.py:507} INFO - Filling up the DagBag from /home/lucas/Área de Trabalho/apresentação/venv/lib/python3.10/site-packages/airflow/example_dags/plugins/workday.py
[2023-07-08 11:41:21,259] {processor.py:653} WARNING - No viable dags retrieved from /home/lucas/Área de Trabalho/apresentação/venv/lib/python3.10/site-packages/airflow/example_dags/plugins/workday.py
[2023-07-08 11:41:21,279] {processor.py:161} INFO - Processing /home/lucas/Área de Trabalho/apresentação/venv/lib/python3.10/site-packages/airflow/example_dags/plugins/workday.py took 0.034 seconds
[2023-07-08 11:42:00,984] {processor.py:153} INFO - Started process (PID=11836) to work on /home/lucas/Área de Trabalho/apresentação/venv/lib/python3.10/site-packages/airflow/example_dags/plugins/workday.py
[2023-07-08 11:42:00,988] {processor.py:641} INFO - Processing file /home/lucas/Área de Trabalho/apresentação/venv/lib/python3.10/site-packages/airflow/example_dags/plugins/workday.py for tasks to queue
[2023-07-08 11:42:00,990] {logging_mixin.py:115} INFO - [2023-07-08 11:42:00,990] {dagbag.py:507} INFO - Filling up the DagBag from /home/lucas/Área de Trabalho/apresentação/venv/lib/python3.10/site-packages/airflow/example_dags/plugins/workday.py
[2023-07-08 11:42:00,994] {processor.py:653} WARNING - No viable dags retrieved from /home/lucas/Área de Trabalho/apresentação/venv/lib/python3.10/site-packages/airflow/example_dags/plugins/workday.py
[2023-07-08 11:42:01,013] {processor.py:161} INFO - Processing /home/lucas/Área de Trabalho/apresentação/venv/lib/python3.10/site-packages/airflow/example_dags/plugins/workday.py took 0.035 seconds
[2023-07-08 11:42:38,817] {processor.py:153} INFO - Started process (PID=12010) to work on /home/lucas/Área de Trabalho/apresentação/venv/lib/python3.10/site-packages/airflow/example_dags/plugins/workday.py
[2023-07-08 11:42:38,822] {processor.py:641} INFO - Processing file /home/lucas/Área de Trabalho/apresentação/venv/lib/python3.10/site-packages/airflow/example_dags/plugins/workday.py for tasks to queue
[2023-07-08 11:42:38,823] {logging_mixin.py:115} INFO - [2023-07-08 11:42:38,823] {dagbag.py:507} INFO - Filling up the DagBag from /home/lucas/Área de Trabalho/apresentação/venv/lib/python3.10/site-packages/airflow/example_dags/plugins/workday.py
[2023-07-08 11:42:38,827] {processor.py:653} WARNING - No viable dags retrieved from /home/lucas/Área de Trabalho/apresentação/venv/lib/python3.10/site-packages/airflow/example_dags/plugins/workday.py
[2023-07-08 11:42:38,856] {processor.py:161} INFO - Processing /home/lucas/Área de Trabalho/apresentação/venv/lib/python3.10/site-packages/airflow/example_dags/plugins/workday.py took 0.047 seconds
[2023-07-08 11:43:16,389] {processor.py:153} INFO - Started process (PID=12260) to work on /home/lucas/Área de Trabalho/apresentação/venv/lib/python3.10/site-packages/airflow/example_dags/plugins/workday.py
[2023-07-08 11:43:16,392] {processor.py:641} INFO - Processing file /home/lucas/Área de Trabalho/apresentação/venv/lib/python3.10/site-packages/airflow/example_dags/plugins/workday.py for tasks to queue
[2023-07-08 11:43:16,393] {logging_mixin.py:115} INFO - [2023-07-08 11:43:16,393] {dagbag.py:507} INFO - Filling up the DagBag from /home/lucas/Área de Trabalho/apresentação/venv/lib/python3.10/site-packages/airflow/example_dags/plugins/workday.py
[2023-07-08 11:43:16,394] {processor.py:653} WARNING - No viable dags retrieved from /home/lucas/Área de Trabalho/apresentação/venv/lib/python3.10/site-packages/airflow/example_dags/plugins/workday.py
[2023-07-08 11:43:16,400] {processor.py:161} INFO - Processing /home/lucas/Área de Trabalho/apresentação/venv/lib/python3.10/site-packages/airflow/example_dags/plugins/workday.py took 0.013 seconds
[2023-07-08 11:43:57,229] {processor.py:153} INFO - Started process (PID=12330) to work on /home/lucas/Área de Trabalho/apresentação/venv/lib/python3.10/site-packages/airflow/example_dags/plugins/workday.py
[2023-07-08 11:43:57,232] {processor.py:641} INFO - Processing file /home/lucas/Área de Trabalho/apresentação/venv/lib/python3.10/site-packages/airflow/example_dags/plugins/workday.py for tasks to queue
[2023-07-08 11:43:57,233] {logging_mixin.py:115} INFO - [2023-07-08 11:43:57,233] {dagbag.py:507} INFO - Filling up the DagBag from /home/lucas/Área de Trabalho/apresentação/venv/lib/python3.10/site-packages/airflow/example_dags/plugins/workday.py
[2023-07-08 11:43:57,234] {processor.py:653} WARNING - No viable dags retrieved from /home/lucas/Área de Trabalho/apresentação/venv/lib/python3.10/site-packages/airflow/example_dags/plugins/workday.py
[2023-07-08 11:43:57,242] {processor.py:161} INFO - Processing /home/lucas/Área de Trabalho/apresentação/venv/lib/python3.10/site-packages/airflow/example_dags/plugins/workday.py took 0.015 seconds
[2023-07-08 11:44:34,399] {processor.py:153} INFO - Started process (PID=12393) to work on /home/lucas/Área de Trabalho/apresentação/venv/lib/python3.10/site-packages/airflow/example_dags/plugins/workday.py
[2023-07-08 11:44:34,403] {processor.py:641} INFO - Processing file /home/lucas/Área de Trabalho/apresentação/venv/lib/python3.10/site-packages/airflow/example_dags/plugins/workday.py for tasks to queue
[2023-07-08 11:44:34,404] {logging_mixin.py:115} INFO - [2023-07-08 11:44:34,404] {dagbag.py:507} INFO - Filling up the DagBag from /home/lucas/Área de Trabalho/apresentação/venv/lib/python3.10/site-packages/airflow/example_dags/plugins/workday.py
[2023-07-08 11:44:34,409] {processor.py:653} WARNING - No viable dags retrieved from /home/lucas/Área de Trabalho/apresentação/venv/lib/python3.10/site-packages/airflow/example_dags/plugins/workday.py
[2023-07-08 11:44:34,436] {processor.py:161} INFO - Processing /home/lucas/Área de Trabalho/apresentação/venv/lib/python3.10/site-packages/airflow/example_dags/plugins/workday.py took 0.043 seconds
[2023-07-08 11:45:15,943] {processor.py:153} INFO - Started process (PID=12466) to work on /home/lucas/Área de Trabalho/apresentação/venv/lib/python3.10/site-packages/airflow/example_dags/plugins/workday.py
[2023-07-08 11:45:15,944] {processor.py:641} INFO - Processing file /home/lucas/Área de Trabalho/apresentação/venv/lib/python3.10/site-packages/airflow/example_dags/plugins/workday.py for tasks to queue
[2023-07-08 11:45:15,945] {logging_mixin.py:115} INFO - [2023-07-08 11:45:15,945] {dagbag.py:507} INFO - Filling up the DagBag from /home/lucas/Área de Trabalho/apresentação/venv/lib/python3.10/site-packages/airflow/example_dags/plugins/workday.py
[2023-07-08 11:45:15,949] {processor.py:653} WARNING - No viable dags retrieved from /home/lucas/Área de Trabalho/apresentação/venv/lib/python3.10/site-packages/airflow/example_dags/plugins/workday.py
[2023-07-08 11:45:15,970] {processor.py:161} INFO - Processing /home/lucas/Área de Trabalho/apresentação/venv/lib/python3.10/site-packages/airflow/example_dags/plugins/workday.py took 0.032 seconds
[2023-07-08 11:45:54,024] {processor.py:153} INFO - Started process (PID=12585) to work on /home/lucas/Área de Trabalho/apresentação/venv/lib/python3.10/site-packages/airflow/example_dags/plugins/workday.py
[2023-07-08 11:45:54,027] {processor.py:641} INFO - Processing file /home/lucas/Área de Trabalho/apresentação/venv/lib/python3.10/site-packages/airflow/example_dags/plugins/workday.py for tasks to queue
[2023-07-08 11:45:54,028] {logging_mixin.py:115} INFO - [2023-07-08 11:45:54,028] {dagbag.py:507} INFO - Filling up the DagBag from /home/lucas/Área de Trabalho/apresentação/venv/lib/python3.10/site-packages/airflow/example_dags/plugins/workday.py
[2023-07-08 11:45:54,029] {processor.py:653} WARNING - No viable dags retrieved from /home/lucas/Área de Trabalho/apresentação/venv/lib/python3.10/site-packages/airflow/example_dags/plugins/workday.py
[2023-07-08 11:45:54,038] {processor.py:161} INFO - Processing /home/lucas/Área de Trabalho/apresentação/venv/lib/python3.10/site-packages/airflow/example_dags/plugins/workday.py took 0.016 seconds
[2023-07-08 11:46:31,936] {processor.py:153} INFO - Started process (PID=12786) to work on /home/lucas/Área de Trabalho/apresentação/venv/lib/python3.10/site-packages/airflow/example_dags/plugins/workday.py
[2023-07-08 11:46:31,937] {processor.py:641} INFO - Processing file /home/lucas/Área de Trabalho/apresentação/venv/lib/python3.10/site-packages/airflow/example_dags/plugins/workday.py for tasks to queue
[2023-07-08 11:46:31,938] {logging_mixin.py:115} INFO - [2023-07-08 11:46:31,938] {dagbag.py:507} INFO - Filling up the DagBag from /home/lucas/Área de Trabalho/apresentação/venv/lib/python3.10/site-packages/airflow/example_dags/plugins/workday.py
[2023-07-08 11:46:31,942] {processor.py:653} WARNING - No viable dags retrieved from /home/lucas/Área de Trabalho/apresentação/venv/lib/python3.10/site-packages/airflow/example_dags/plugins/workday.py
[2023-07-08 11:46:31,963] {processor.py:161} INFO - Processing /home/lucas/Área de Trabalho/apresentação/venv/lib/python3.10/site-packages/airflow/example_dags/plugins/workday.py took 0.033 seconds
[2023-07-08 11:47:07,724] {processor.py:153} INFO - Started process (PID=12833) to work on /home/lucas/Área de Trabalho/apresentação/venv/lib/python3.10/site-packages/airflow/example_dags/plugins/workday.py
[2023-07-08 11:47:07,727] {processor.py:641} INFO - Processing file /home/lucas/Área de Trabalho/apresentação/venv/lib/python3.10/site-packages/airflow/example_dags/plugins/workday.py for tasks to queue
[2023-07-08 11:47:07,728] {logging_mixin.py:115} INFO - [2023-07-08 11:47:07,727] {dagbag.py:507} INFO - Filling up the DagBag from /home/lucas/Área de Trabalho/apresentação/venv/lib/python3.10/site-packages/airflow/example_dags/plugins/workday.py
[2023-07-08 11:47:07,729] {processor.py:653} WARNING - No viable dags retrieved from /home/lucas/Área de Trabalho/apresentação/venv/lib/python3.10/site-packages/airflow/example_dags/plugins/workday.py
[2023-07-08 11:47:07,735] {processor.py:161} INFO - Processing /home/lucas/Área de Trabalho/apresentação/venv/lib/python3.10/site-packages/airflow/example_dags/plugins/workday.py took 0.013 seconds
[2023-07-08 11:47:44,225] {processor.py:153} INFO - Started process (PID=12879) to work on /home/lucas/Área de Trabalho/apresentação/venv/lib/python3.10/site-packages/airflow/example_dags/plugins/workday.py
[2023-07-08 11:47:44,226] {processor.py:641} INFO - Processing file /home/lucas/Área de Trabalho/apresentação/venv/lib/python3.10/site-packages/airflow/example_dags/plugins/workday.py for tasks to queue
[2023-07-08 11:47:44,228] {logging_mixin.py:115} INFO - [2023-07-08 11:47:44,228] {dagbag.py:507} INFO - Filling up the DagBag from /home/lucas/Área de Trabalho/apresentação/venv/lib/python3.10/site-packages/airflow/example_dags/plugins/workday.py
[2023-07-08 11:47:44,232] {processor.py:653} WARNING - No viable dags retrieved from /home/lucas/Área de Trabalho/apresentação/venv/lib/python3.10/site-packages/airflow/example_dags/plugins/workday.py
[2023-07-08 11:47:44,256] {processor.py:161} INFO - Processing /home/lucas/Área de Trabalho/apresentação/venv/lib/python3.10/site-packages/airflow/example_dags/plugins/workday.py took 0.037 seconds
[2023-07-08 11:48:21,056] {processor.py:153} INFO - Started process (PID=12968) to work on /home/lucas/Área de Trabalho/apresentação/venv/lib/python3.10/site-packages/airflow/example_dags/plugins/workday.py
[2023-07-08 11:48:21,057] {processor.py:641} INFO - Processing file /home/lucas/Área de Trabalho/apresentação/venv/lib/python3.10/site-packages/airflow/example_dags/plugins/workday.py for tasks to queue
[2023-07-08 11:48:21,058] {logging_mixin.py:115} INFO - [2023-07-08 11:48:21,057] {dagbag.py:507} INFO - Filling up the DagBag from /home/lucas/Área de Trabalho/apresentação/venv/lib/python3.10/site-packages/airflow/example_dags/plugins/workday.py
[2023-07-08 11:48:21,059] {processor.py:653} WARNING - No viable dags retrieved from /home/lucas/Área de Trabalho/apresentação/venv/lib/python3.10/site-packages/airflow/example_dags/plugins/workday.py
[2023-07-08 11:48:21,065] {processor.py:161} INFO - Processing /home/lucas/Área de Trabalho/apresentação/venv/lib/python3.10/site-packages/airflow/example_dags/plugins/workday.py took 0.011 seconds
[2023-07-08 11:48:57,784] {processor.py:153} INFO - Started process (PID=13018) to work on /home/lucas/Área de Trabalho/apresentação/venv/lib/python3.10/site-packages/airflow/example_dags/plugins/workday.py
[2023-07-08 11:48:57,787] {processor.py:641} INFO - Processing file /home/lucas/Área de Trabalho/apresentação/venv/lib/python3.10/site-packages/airflow/example_dags/plugins/workday.py for tasks to queue
[2023-07-08 11:48:57,788] {logging_mixin.py:115} INFO - [2023-07-08 11:48:57,788] {dagbag.py:507} INFO - Filling up the DagBag from /home/lucas/Área de Trabalho/apresentação/venv/lib/python3.10/site-packages/airflow/example_dags/plugins/workday.py
[2023-07-08 11:48:57,792] {processor.py:653} WARNING - No viable dags retrieved from /home/lucas/Área de Trabalho/apresentação/venv/lib/python3.10/site-packages/airflow/example_dags/plugins/workday.py
[2023-07-08 11:48:57,813] {processor.py:161} INFO - Processing /home/lucas/Área de Trabalho/apresentação/venv/lib/python3.10/site-packages/airflow/example_dags/plugins/workday.py took 0.034 seconds
[2023-07-08 11:49:38,256] {processor.py:153} INFO - Started process (PID=13089) to work on /home/lucas/Área de Trabalho/apresentação/venv/lib/python3.10/site-packages/airflow/example_dags/plugins/workday.py
[2023-07-08 11:49:38,260] {processor.py:641} INFO - Processing file /home/lucas/Área de Trabalho/apresentação/venv/lib/python3.10/site-packages/airflow/example_dags/plugins/workday.py for tasks to queue
[2023-07-08 11:49:38,262] {logging_mixin.py:115} INFO - [2023-07-08 11:49:38,261] {dagbag.py:507} INFO - Filling up the DagBag from /home/lucas/Área de Trabalho/apresentação/venv/lib/python3.10/site-packages/airflow/example_dags/plugins/workday.py
[2023-07-08 11:49:38,266] {processor.py:653} WARNING - No viable dags retrieved from /home/lucas/Área de Trabalho/apresentação/venv/lib/python3.10/site-packages/airflow/example_dags/plugins/workday.py
[2023-07-08 11:49:38,294] {processor.py:161} INFO - Processing /home/lucas/Área de Trabalho/apresentação/venv/lib/python3.10/site-packages/airflow/example_dags/plugins/workday.py took 0.046 seconds
[2023-07-08 11:50:15,029] {processor.py:153} INFO - Started process (PID=13141) to work on /home/lucas/Área de Trabalho/apresentação/venv/lib/python3.10/site-packages/airflow/example_dags/plugins/workday.py
[2023-07-08 11:50:15,033] {processor.py:641} INFO - Processing file /home/lucas/Área de Trabalho/apresentação/venv/lib/python3.10/site-packages/airflow/example_dags/plugins/workday.py for tasks to queue
[2023-07-08 11:50:15,035] {logging_mixin.py:115} INFO - [2023-07-08 11:50:15,034] {dagbag.py:507} INFO - Filling up the DagBag from /home/lucas/Área de Trabalho/apresentação/venv/lib/python3.10/site-packages/airflow/example_dags/plugins/workday.py
[2023-07-08 11:50:15,040] {processor.py:653} WARNING - No viable dags retrieved from /home/lucas/Área de Trabalho/apresentação/venv/lib/python3.10/site-packages/airflow/example_dags/plugins/workday.py
[2023-07-08 11:50:15,085] {processor.py:161} INFO - Processing /home/lucas/Área de Trabalho/apresentação/venv/lib/python3.10/site-packages/airflow/example_dags/plugins/workday.py took 0.068 seconds
[2023-07-08 11:50:52,407] {processor.py:153} INFO - Started process (PID=13284) to work on /home/lucas/Área de Trabalho/apresentação/venv/lib/python3.10/site-packages/airflow/example_dags/plugins/workday.py
[2023-07-08 11:50:52,410] {processor.py:641} INFO - Processing file /home/lucas/Área de Trabalho/apresentação/venv/lib/python3.10/site-packages/airflow/example_dags/plugins/workday.py for tasks to queue
[2023-07-08 11:50:52,412] {logging_mixin.py:115} INFO - [2023-07-08 11:50:52,411] {dagbag.py:507} INFO - Filling up the DagBag from /home/lucas/Área de Trabalho/apresentação/venv/lib/python3.10/site-packages/airflow/example_dags/plugins/workday.py
[2023-07-08 11:50:52,415] {processor.py:653} WARNING - No viable dags retrieved from /home/lucas/Área de Trabalho/apresentação/venv/lib/python3.10/site-packages/airflow/example_dags/plugins/workday.py
[2023-07-08 11:50:52,437] {processor.py:161} INFO - Processing /home/lucas/Área de Trabalho/apresentação/venv/lib/python3.10/site-packages/airflow/example_dags/plugins/workday.py took 0.035 seconds
[2023-07-08 11:51:31,657] {processor.py:153} INFO - Started process (PID=13329) to work on /home/lucas/Área de Trabalho/apresentação/venv/lib/python3.10/site-packages/airflow/example_dags/plugins/workday.py
[2023-07-08 11:51:31,661] {processor.py:641} INFO - Processing file /home/lucas/Área de Trabalho/apresentação/venv/lib/python3.10/site-packages/airflow/example_dags/plugins/workday.py for tasks to queue
[2023-07-08 11:51:31,662] {logging_mixin.py:115} INFO - [2023-07-08 11:51:31,662] {dagbag.py:507} INFO - Filling up the DagBag from /home/lucas/Área de Trabalho/apresentação/venv/lib/python3.10/site-packages/airflow/example_dags/plugins/workday.py
[2023-07-08 11:51:31,666] {processor.py:653} WARNING - No viable dags retrieved from /home/lucas/Área de Trabalho/apresentação/venv/lib/python3.10/site-packages/airflow/example_dags/plugins/workday.py
[2023-07-08 11:51:31,687] {processor.py:161} INFO - Processing /home/lucas/Área de Trabalho/apresentação/venv/lib/python3.10/site-packages/airflow/example_dags/plugins/workday.py took 0.036 seconds
[2023-07-08 11:52:09,054] {processor.py:153} INFO - Started process (PID=13377) to work on /home/lucas/Área de Trabalho/apresentação/venv/lib/python3.10/site-packages/airflow/example_dags/plugins/workday.py
[2023-07-08 11:52:09,058] {processor.py:641} INFO - Processing file /home/lucas/Área de Trabalho/apresentação/venv/lib/python3.10/site-packages/airflow/example_dags/plugins/workday.py for tasks to queue
[2023-07-08 11:52:09,059] {logging_mixin.py:115} INFO - [2023-07-08 11:52:09,059] {dagbag.py:507} INFO - Filling up the DagBag from /home/lucas/Área de Trabalho/apresentação/venv/lib/python3.10/site-packages/airflow/example_dags/plugins/workday.py
[2023-07-08 11:52:09,063] {processor.py:653} WARNING - No viable dags retrieved from /home/lucas/Área de Trabalho/apresentação/venv/lib/python3.10/site-packages/airflow/example_dags/plugins/workday.py
[2023-07-08 11:52:09,084] {processor.py:161} INFO - Processing /home/lucas/Área de Trabalho/apresentação/venv/lib/python3.10/site-packages/airflow/example_dags/plugins/workday.py took 0.036 seconds
