[2023-07-17 16:23:21,529] {taskinstance.py:1159} INFO - Dependencies all met for <TaskInstance: get_stocks_dag.MSFT scheduled__2023-06-10T00:00:00+00:00 [queued]>
[2023-07-17 16:23:21,551] {taskinstance.py:1159} INFO - Dependencies all met for <TaskInstance: get_stocks_dag.MSFT scheduled__2023-06-10T00:00:00+00:00 [queued]>
[2023-07-17 16:23:21,551] {taskinstance.py:1356} INFO - 
--------------------------------------------------------------------------------
[2023-07-17 16:23:21,552] {taskinstance.py:1357} INFO - Starting attempt 1 of 1
[2023-07-17 16:23:21,552] {taskinstance.py:1358} INFO - 
--------------------------------------------------------------------------------
[2023-07-17 16:23:21,610] {taskinstance.py:1377} INFO - Executing <Task(_PythonDecoratedOperator): MSFT> on 2023-06-10 00:00:00+00:00
[2023-07-17 16:23:21,639] {standard_task_runner.py:52} INFO - Started process 10194 to run task
[2023-07-17 16:23:21,649] {standard_task_runner.py:79} INFO - Running: ['airflow', 'tasks', 'run', 'get_stocks_dag', 'MSFT', 'scheduled__2023-06-10T00:00:00+00:00', '--job-id', '173', '--raw', '--subdir', 'DAGS_FOLDER/get_stocks.py', '--cfg-path', '/tmp/tmpjbd9kn3h', '--error-file', '/tmp/tmpfyss6tj5']
[2023-07-17 16:23:21,665] {standard_task_runner.py:80} INFO - Job 173: Subtask MSFT
[2023-07-17 16:23:21,927] {task_command.py:370} INFO - Running <TaskInstance: get_stocks_dag.MSFT scheduled__2023-06-10T00:00:00+00:00 [running]> on host lucas-Estudos
[2023-07-17 16:23:22,178] {taskinstance.py:1569} INFO - Exporting the following env vars:
AIRFLOW_CTX_DAG_OWNER=airflow
AIRFLOW_CTX_DAG_ID=get_stocks_dag
AIRFLOW_CTX_TASK_ID=MSFT
AIRFLOW_CTX_EXECUTION_DATE=2023-06-10T00:00:00+00:00
AIRFLOW_CTX_TRY_NUMBER=1
AIRFLOW_CTX_DAG_RUN_ID=scheduled__2023-06-10T00:00:00+00:00
[2023-07-17 16:23:22,838] {python.py:173} INFO - Done. Returned value was: None
[2023-07-17 16:23:23,072] {taskinstance.py:1395} INFO - Marking task as SUCCESS. dag_id=get_stocks_dag, task_id=MSFT, execution_date=20230610T000000, start_date=20230717T192321, end_date=20230717T192323
[2023-07-17 16:23:23,175] {local_task_job.py:156} INFO - Task exited with return code 0
[2023-07-17 16:23:23,304] {local_task_job.py:273} INFO - 0 downstream tasks scheduled from follow-on schedule check
[2023-07-17 16:54:40,759] {taskinstance.py:1159} INFO - Dependencies all met for <TaskInstance: get_stocks_dag.MSFT scheduled__2023-06-10T00:00:00+00:00 [queued]>
[2023-07-17 16:54:40,778] {taskinstance.py:1159} INFO - Dependencies all met for <TaskInstance: get_stocks_dag.MSFT scheduled__2023-06-10T00:00:00+00:00 [queued]>
[2023-07-17 16:54:40,779] {taskinstance.py:1356} INFO - 
--------------------------------------------------------------------------------
[2023-07-17 16:54:40,779] {taskinstance.py:1357} INFO - Starting attempt 1 of 1
[2023-07-17 16:54:40,779] {taskinstance.py:1358} INFO - 
--------------------------------------------------------------------------------
[2023-07-17 16:54:40,797] {taskinstance.py:1377} INFO - Executing <Task(_PythonDecoratedOperator): MSFT> on 2023-06-10 00:00:00+00:00
[2023-07-17 16:54:40,815] {standard_task_runner.py:52} INFO - Started process 22995 to run task
[2023-07-17 16:54:40,835] {standard_task_runner.py:79} INFO - Running: ['airflow', 'tasks', 'run', 'get_stocks_dag', 'MSFT', 'scheduled__2023-06-10T00:00:00+00:00', '--job-id', '388', '--raw', '--subdir', 'DAGS_FOLDER/get_stocks.py', '--cfg-path', '/tmp/tmp1zbr366m', '--error-file', '/tmp/tmp0qdeew4h']
[2023-07-17 16:54:40,853] {standard_task_runner.py:80} INFO - Job 388: Subtask MSFT
[2023-07-17 16:54:40,968] {task_command.py:370} INFO - Running <TaskInstance: get_stocks_dag.MSFT scheduled__2023-06-10T00:00:00+00:00 [running]> on host lucas-Estudos
[2023-07-17 16:54:41,137] {taskinstance.py:1569} INFO - Exporting the following env vars:
AIRFLOW_CTX_DAG_OWNER=airflow
AIRFLOW_CTX_DAG_ID=get_stocks_dag
AIRFLOW_CTX_TASK_ID=MSFT
AIRFLOW_CTX_EXECUTION_DATE=2023-06-10T00:00:00+00:00
AIRFLOW_CTX_TRY_NUMBER=1
AIRFLOW_CTX_DAG_RUN_ID=scheduled__2023-06-10T00:00:00+00:00
[2023-07-17 16:54:41,940] {python.py:173} INFO - Done. Returned value was: None
[2023-07-17 16:54:41,987] {taskinstance.py:1395} INFO - Marking task as SUCCESS. dag_id=get_stocks_dag, task_id=MSFT, execution_date=20230610T000000, start_date=20230717T195440, end_date=20230717T195441
[2023-07-17 16:54:42,035] {local_task_job.py:156} INFO - Task exited with return code 0
[2023-07-17 16:54:42,114] {local_task_job.py:273} INFO - 0 downstream tasks scheduled from follow-on schedule check
[2023-07-17 21:03:52,681] {taskinstance.py:1159} INFO - Dependencies all met for <TaskInstance: get_stocks_dag.MSFT scheduled__2023-06-10T00:00:00+00:00 [queued]>
[2023-07-17 21:03:52,692] {taskinstance.py:1159} INFO - Dependencies all met for <TaskInstance: get_stocks_dag.MSFT scheduled__2023-06-10T00:00:00+00:00 [queued]>
[2023-07-17 21:03:52,692] {taskinstance.py:1356} INFO - 
--------------------------------------------------------------------------------
[2023-07-17 21:03:52,692] {taskinstance.py:1357} INFO - Starting attempt 1 of 1
[2023-07-17 21:03:52,693] {taskinstance.py:1358} INFO - 
--------------------------------------------------------------------------------
[2023-07-17 21:03:52,709] {taskinstance.py:1377} INFO - Executing <Task(_PythonDecoratedOperator): MSFT> on 2023-06-10 00:00:00+00:00
[2023-07-17 21:03:52,717] {standard_task_runner.py:52} INFO - Started process 26030 to run task
[2023-07-17 21:03:52,724] {standard_task_runner.py:79} INFO - Running: ['airflow', 'tasks', 'run', 'get_stocks_dag', 'MSFT', 'scheduled__2023-06-10T00:00:00+00:00', '--job-id', '605', '--raw', '--subdir', 'DAGS_FOLDER/get_stocks.py', '--cfg-path', '/tmp/tmp3jywyki2', '--error-file', '/tmp/tmpmrb77_32']
[2023-07-17 21:03:52,726] {standard_task_runner.py:80} INFO - Job 605: Subtask MSFT
[2023-07-17 21:03:52,920] {task_command.py:370} INFO - Running <TaskInstance: get_stocks_dag.MSFT scheduled__2023-06-10T00:00:00+00:00 [running]> on host lucas-Estudos
[2023-07-17 21:03:53,139] {taskinstance.py:1569} INFO - Exporting the following env vars:
AIRFLOW_CTX_DAG_OWNER=airflow
AIRFLOW_CTX_DAG_ID=get_stocks_dag
AIRFLOW_CTX_TASK_ID=MSFT
AIRFLOW_CTX_EXECUTION_DATE=2023-06-10T00:00:00+00:00
AIRFLOW_CTX_TRY_NUMBER=1
AIRFLOW_CTX_DAG_RUN_ID=scheduled__2023-06-10T00:00:00+00:00
[2023-07-17 21:03:55,729] {python.py:173} INFO - Done. Returned value was: None
[2023-07-17 21:03:55,784] {taskinstance.py:1395} INFO - Marking task as SUCCESS. dag_id=get_stocks_dag, task_id=MSFT, execution_date=20230610T000000, start_date=20230718T000352, end_date=20230718T000355
[2023-07-17 21:03:55,826] {local_task_job.py:156} INFO - Task exited with return code 0
[2023-07-17 21:03:55,948] {local_task_job.py:273} INFO - 0 downstream tasks scheduled from follow-on schedule check
[2023-07-17 22:08:32,992] {taskinstance.py:1159} INFO - Dependencies all met for <TaskInstance: get_stocks_dag.MSFT scheduled__2023-06-10T00:00:00+00:00 [queued]>
[2023-07-17 22:08:33,024] {taskinstance.py:1159} INFO - Dependencies all met for <TaskInstance: get_stocks_dag.MSFT scheduled__2023-06-10T00:00:00+00:00 [queued]>
[2023-07-17 22:08:33,024] {taskinstance.py:1356} INFO - 
--------------------------------------------------------------------------------
[2023-07-17 22:08:33,025] {taskinstance.py:1357} INFO - Starting attempt 1 of 1
[2023-07-17 22:08:33,025] {taskinstance.py:1358} INFO - 
--------------------------------------------------------------------------------
[2023-07-17 22:08:33,055] {taskinstance.py:1377} INFO - Executing <Task(_PythonDecoratedOperator): MSFT> on 2023-06-10 00:00:00+00:00
[2023-07-17 22:08:33,064] {standard_task_runner.py:52} INFO - Started process 75337 to run task
[2023-07-17 22:08:33,069] {standard_task_runner.py:79} INFO - Running: ['airflow', 'tasks', 'run', 'get_stocks_dag', 'MSFT', 'scheduled__2023-06-10T00:00:00+00:00', '--job-id', '950', '--raw', '--subdir', 'DAGS_FOLDER/get_stocks.py', '--cfg-path', '/tmp/tmp44iux3ll', '--error-file', '/tmp/tmptitxvr0_']
[2023-07-17 22:08:33,071] {standard_task_runner.py:80} INFO - Job 950: Subtask MSFT
[2023-07-17 22:08:33,224] {task_command.py:370} INFO - Running <TaskInstance: get_stocks_dag.MSFT scheduled__2023-06-10T00:00:00+00:00 [running]> on host lucas-Estudos
[2023-07-17 22:08:33,467] {taskinstance.py:1569} INFO - Exporting the following env vars:
AIRFLOW_CTX_DAG_OWNER=airflow
AIRFLOW_CTX_DAG_ID=get_stocks_dag
AIRFLOW_CTX_TASK_ID=MSFT
AIRFLOW_CTX_EXECUTION_DATE=2023-06-10T00:00:00+00:00
AIRFLOW_CTX_TRY_NUMBER=1
AIRFLOW_CTX_DAG_RUN_ID=scheduled__2023-06-10T00:00:00+00:00
[2023-07-17 22:08:38,154] {python.py:173} INFO - Done. Returned value was: None
[2023-07-17 22:08:38,184] {taskinstance.py:1395} INFO - Marking task as SUCCESS. dag_id=get_stocks_dag, task_id=MSFT, execution_date=20230610T000000, start_date=20230718T010832, end_date=20230718T010838
[2023-07-17 22:08:38,253] {local_task_job.py:156} INFO - Task exited with return code 0
[2023-07-17 22:08:38,359] {local_task_job.py:273} INFO - 0 downstream tasks scheduled from follow-on schedule check
[2023-07-18 10:51:23,812] {taskinstance.py:1159} INFO - Dependencies all met for <TaskInstance: get_stocks_dag.MSFT scheduled__2023-06-10T00:00:00+00:00 [queued]>
[2023-07-18 10:51:23,842] {taskinstance.py:1159} INFO - Dependencies all met for <TaskInstance: get_stocks_dag.MSFT scheduled__2023-06-10T00:00:00+00:00 [queued]>
[2023-07-18 10:51:23,842] {taskinstance.py:1356} INFO - 
--------------------------------------------------------------------------------
[2023-07-18 10:51:23,842] {taskinstance.py:1357} INFO - Starting attempt 1 of 1
[2023-07-18 10:51:23,842] {taskinstance.py:1358} INFO - 
--------------------------------------------------------------------------------
[2023-07-18 10:51:23,870] {taskinstance.py:1377} INFO - Executing <Task(_PythonDecoratedOperator): MSFT> on 2023-06-10 00:00:00+00:00
[2023-07-18 10:51:23,879] {standard_task_runner.py:52} INFO - Started process 19290 to run task
[2023-07-18 10:51:23,886] {standard_task_runner.py:79} INFO - Running: ['airflow', 'tasks', 'run', 'get_stocks_dag', 'MSFT', 'scheduled__2023-06-10T00:00:00+00:00', '--job-id', '1430', '--raw', '--subdir', 'DAGS_FOLDER/get_stocks.py', '--cfg-path', '/tmp/tmpvf8v2nwo', '--error-file', '/tmp/tmpxndehzc2']
[2023-07-18 10:51:23,888] {standard_task_runner.py:80} INFO - Job 1430: Subtask MSFT
[2023-07-18 10:51:24,070] {task_command.py:370} INFO - Running <TaskInstance: get_stocks_dag.MSFT scheduled__2023-06-10T00:00:00+00:00 [running]> on host lucas-Estudos
[2023-07-18 10:51:24,146] {taskinstance.py:1569} INFO - Exporting the following env vars:
AIRFLOW_CTX_DAG_OWNER=airflow
AIRFLOW_CTX_DAG_ID=get_stocks_dag
AIRFLOW_CTX_TASK_ID=MSFT
AIRFLOW_CTX_EXECUTION_DATE=2023-06-10T00:00:00+00:00
AIRFLOW_CTX_TRY_NUMBER=1
AIRFLOW_CTX_DAG_RUN_ID=scheduled__2023-06-10T00:00:00+00:00
[2023-07-18 10:51:24,800] {python.py:173} INFO - Done. Returned value was: None
[2023-07-18 10:51:24,856] {taskinstance.py:1395} INFO - Marking task as SUCCESS. dag_id=get_stocks_dag, task_id=MSFT, execution_date=20230610T000000, start_date=20230718T135123, end_date=20230718T135124
[2023-07-18 10:51:24,901] {local_task_job.py:156} INFO - Task exited with return code 0
[2023-07-18 10:51:25,018] {local_task_job.py:273} INFO - 0 downstream tasks scheduled from follow-on schedule check
