[2023-07-15 21:43:42,979] {processor.py:153} INFO - Started process (PID=7010) to work on /home/lucas/.local/lib/python3.10/site-packages/airflow/example_dags/plugins/workday.py
[2023-07-15 21:43:42,979] {processor.py:641} INFO - Processing file /home/lucas/.local/lib/python3.10/site-packages/airflow/example_dags/plugins/workday.py for tasks to queue
[2023-07-15 21:43:42,979] {logging_mixin.py:115} INFO - [2023-07-15 21:43:42,979] {dagbag.py:507} INFO - Filling up the DagBag from /home/lucas/.local/lib/python3.10/site-packages/airflow/example_dags/plugins/workday.py
[2023-07-15 21:43:42,981] {processor.py:653} WARNING - No viable dags retrieved from /home/lucas/.local/lib/python3.10/site-packages/airflow/example_dags/plugins/workday.py
[2023-07-15 21:43:42,989] {processor.py:161} INFO - Processing /home/lucas/.local/lib/python3.10/site-packages/airflow/example_dags/plugins/workday.py took 0.012 seconds
[2023-07-15 21:44:25,180] {processor.py:153} INFO - Started process (PID=7779) to work on /home/lucas/.local/lib/python3.10/site-packages/airflow/example_dags/plugins/workday.py
[2023-07-15 21:44:25,181] {processor.py:641} INFO - Processing file /home/lucas/.local/lib/python3.10/site-packages/airflow/example_dags/plugins/workday.py for tasks to queue
[2023-07-15 21:44:25,182] {logging_mixin.py:115} INFO - [2023-07-15 21:44:25,182] {dagbag.py:507} INFO - Filling up the DagBag from /home/lucas/.local/lib/python3.10/site-packages/airflow/example_dags/plugins/workday.py
[2023-07-15 21:44:25,186] {processor.py:653} WARNING - No viable dags retrieved from /home/lucas/.local/lib/python3.10/site-packages/airflow/example_dags/plugins/workday.py
[2023-07-15 21:44:25,207] {processor.py:161} INFO - Processing /home/lucas/.local/lib/python3.10/site-packages/airflow/example_dags/plugins/workday.py took 0.032 seconds
[2023-07-15 21:44:59,019] {processor.py:153} INFO - Started process (PID=7969) to work on /home/lucas/.local/lib/python3.10/site-packages/airflow/example_dags/plugins/workday.py
[2023-07-15 21:44:59,020] {processor.py:641} INFO - Processing file /home/lucas/.local/lib/python3.10/site-packages/airflow/example_dags/plugins/workday.py for tasks to queue
[2023-07-15 21:44:59,021] {logging_mixin.py:115} INFO - [2023-07-15 21:44:59,021] {dagbag.py:507} INFO - Filling up the DagBag from /home/lucas/.local/lib/python3.10/site-packages/airflow/example_dags/plugins/workday.py
[2023-07-15 21:44:59,026] {processor.py:653} WARNING - No viable dags retrieved from /home/lucas/.local/lib/python3.10/site-packages/airflow/example_dags/plugins/workday.py
[2023-07-15 21:44:59,051] {processor.py:161} INFO - Processing /home/lucas/.local/lib/python3.10/site-packages/airflow/example_dags/plugins/workday.py took 0.039 seconds
[2023-07-15 21:45:34,416] {processor.py:153} INFO - Started process (PID=8045) to work on /home/lucas/.local/lib/python3.10/site-packages/airflow/example_dags/plugins/workday.py
[2023-07-15 21:45:34,418] {processor.py:641} INFO - Processing file /home/lucas/.local/lib/python3.10/site-packages/airflow/example_dags/plugins/workday.py for tasks to queue
[2023-07-15 21:45:34,419] {logging_mixin.py:115} INFO - [2023-07-15 21:45:34,418] {dagbag.py:507} INFO - Filling up the DagBag from /home/lucas/.local/lib/python3.10/site-packages/airflow/example_dags/plugins/workday.py
[2023-07-15 21:45:34,423] {processor.py:653} WARNING - No viable dags retrieved from /home/lucas/.local/lib/python3.10/site-packages/airflow/example_dags/plugins/workday.py
[2023-07-15 21:45:34,449] {processor.py:161} INFO - Processing /home/lucas/.local/lib/python3.10/site-packages/airflow/example_dags/plugins/workday.py took 0.039 seconds
[2023-07-15 21:46:07,877] {processor.py:153} INFO - Started process (PID=8083) to work on /home/lucas/.local/lib/python3.10/site-packages/airflow/example_dags/plugins/workday.py
[2023-07-15 21:46:07,881] {processor.py:641} INFO - Processing file /home/lucas/.local/lib/python3.10/site-packages/airflow/example_dags/plugins/workday.py for tasks to queue
[2023-07-15 21:46:07,882] {logging_mixin.py:115} INFO - [2023-07-15 21:46:07,882] {dagbag.py:507} INFO - Filling up the DagBag from /home/lucas/.local/lib/python3.10/site-packages/airflow/example_dags/plugins/workday.py
[2023-07-15 21:46:07,886] {processor.py:653} WARNING - No viable dags retrieved from /home/lucas/.local/lib/python3.10/site-packages/airflow/example_dags/plugins/workday.py
[2023-07-15 21:46:07,908] {processor.py:161} INFO - Processing /home/lucas/.local/lib/python3.10/site-packages/airflow/example_dags/plugins/workday.py took 0.036 seconds
[2023-07-15 21:46:39,682] {processor.py:153} INFO - Started process (PID=8128) to work on /home/lucas/.local/lib/python3.10/site-packages/airflow/example_dags/plugins/workday.py
[2023-07-15 21:46:39,686] {processor.py:641} INFO - Processing file /home/lucas/.local/lib/python3.10/site-packages/airflow/example_dags/plugins/workday.py for tasks to queue
[2023-07-15 21:46:39,687] {logging_mixin.py:115} INFO - [2023-07-15 21:46:39,687] {dagbag.py:507} INFO - Filling up the DagBag from /home/lucas/.local/lib/python3.10/site-packages/airflow/example_dags/plugins/workday.py
[2023-07-15 21:46:39,691] {processor.py:653} WARNING - No viable dags retrieved from /home/lucas/.local/lib/python3.10/site-packages/airflow/example_dags/plugins/workday.py
[2023-07-15 21:46:39,712] {processor.py:161} INFO - Processing /home/lucas/.local/lib/python3.10/site-packages/airflow/example_dags/plugins/workday.py took 0.035 seconds
[2023-07-15 21:47:16,205] {processor.py:153} INFO - Started process (PID=8184) to work on /home/lucas/.local/lib/python3.10/site-packages/airflow/example_dags/plugins/workday.py
[2023-07-15 21:47:16,209] {processor.py:641} INFO - Processing file /home/lucas/.local/lib/python3.10/site-packages/airflow/example_dags/plugins/workday.py for tasks to queue
[2023-07-15 21:47:16,211] {logging_mixin.py:115} INFO - [2023-07-15 21:47:16,210] {dagbag.py:507} INFO - Filling up the DagBag from /home/lucas/.local/lib/python3.10/site-packages/airflow/example_dags/plugins/workday.py
[2023-07-15 21:47:16,216] {processor.py:653} WARNING - No viable dags retrieved from /home/lucas/.local/lib/python3.10/site-packages/airflow/example_dags/plugins/workday.py
[2023-07-15 21:47:16,249] {processor.py:161} INFO - Processing /home/lucas/.local/lib/python3.10/site-packages/airflow/example_dags/plugins/workday.py took 0.050 seconds
[2023-07-15 21:47:47,829] {processor.py:153} INFO - Started process (PID=8227) to work on /home/lucas/.local/lib/python3.10/site-packages/airflow/example_dags/plugins/workday.py
[2023-07-15 21:47:47,832] {processor.py:641} INFO - Processing file /home/lucas/.local/lib/python3.10/site-packages/airflow/example_dags/plugins/workday.py for tasks to queue
[2023-07-15 21:47:47,833] {logging_mixin.py:115} INFO - [2023-07-15 21:47:47,833] {dagbag.py:507} INFO - Filling up the DagBag from /home/lucas/.local/lib/python3.10/site-packages/airflow/example_dags/plugins/workday.py
[2023-07-15 21:47:47,838] {processor.py:653} WARNING - No viable dags retrieved from /home/lucas/.local/lib/python3.10/site-packages/airflow/example_dags/plugins/workday.py
[2023-07-15 21:47:47,869] {processor.py:161} INFO - Processing /home/lucas/.local/lib/python3.10/site-packages/airflow/example_dags/plugins/workday.py took 0.047 seconds
[2023-07-15 21:48:24,705] {processor.py:153} INFO - Started process (PID=8277) to work on /home/lucas/.local/lib/python3.10/site-packages/airflow/example_dags/plugins/workday.py
[2023-07-15 21:48:24,709] {processor.py:641} INFO - Processing file /home/lucas/.local/lib/python3.10/site-packages/airflow/example_dags/plugins/workday.py for tasks to queue
[2023-07-15 21:48:24,710] {logging_mixin.py:115} INFO - [2023-07-15 21:48:24,710] {dagbag.py:507} INFO - Filling up the DagBag from /home/lucas/.local/lib/python3.10/site-packages/airflow/example_dags/plugins/workday.py
[2023-07-15 21:48:24,715] {processor.py:653} WARNING - No viable dags retrieved from /home/lucas/.local/lib/python3.10/site-packages/airflow/example_dags/plugins/workday.py
[2023-07-15 21:48:24,741] {processor.py:161} INFO - Processing /home/lucas/.local/lib/python3.10/site-packages/airflow/example_dags/plugins/workday.py took 0.042 seconds
[2023-07-15 21:48:56,291] {processor.py:153} INFO - Started process (PID=8362) to work on /home/lucas/.local/lib/python3.10/site-packages/airflow/example_dags/plugins/workday.py
[2023-07-15 21:48:56,295] {processor.py:641} INFO - Processing file /home/lucas/.local/lib/python3.10/site-packages/airflow/example_dags/plugins/workday.py for tasks to queue
[2023-07-15 21:48:56,296] {logging_mixin.py:115} INFO - [2023-07-15 21:48:56,296] {dagbag.py:507} INFO - Filling up the DagBag from /home/lucas/.local/lib/python3.10/site-packages/airflow/example_dags/plugins/workday.py
[2023-07-15 21:48:56,300] {processor.py:653} WARNING - No viable dags retrieved from /home/lucas/.local/lib/python3.10/site-packages/airflow/example_dags/plugins/workday.py
[2023-07-15 21:48:56,320] {processor.py:161} INFO - Processing /home/lucas/.local/lib/python3.10/site-packages/airflow/example_dags/plugins/workday.py took 0.034 seconds
[2023-07-15 21:49:31,771] {processor.py:153} INFO - Started process (PID=8406) to work on /home/lucas/.local/lib/python3.10/site-packages/airflow/example_dags/plugins/workday.py
[2023-07-15 21:49:31,773] {processor.py:641} INFO - Processing file /home/lucas/.local/lib/python3.10/site-packages/airflow/example_dags/plugins/workday.py for tasks to queue
[2023-07-15 21:49:31,774] {logging_mixin.py:115} INFO - [2023-07-15 21:49:31,774] {dagbag.py:507} INFO - Filling up the DagBag from /home/lucas/.local/lib/python3.10/site-packages/airflow/example_dags/plugins/workday.py
[2023-07-15 21:49:31,778] {processor.py:653} WARNING - No viable dags retrieved from /home/lucas/.local/lib/python3.10/site-packages/airflow/example_dags/plugins/workday.py
[2023-07-15 21:49:31,800] {processor.py:161} INFO - Processing /home/lucas/.local/lib/python3.10/site-packages/airflow/example_dags/plugins/workday.py took 0.035 seconds
[2023-07-15 21:50:10,210] {processor.py:153} INFO - Started process (PID=8477) to work on /home/lucas/.local/lib/python3.10/site-packages/airflow/example_dags/plugins/workday.py
[2023-07-15 21:50:10,214] {processor.py:641} INFO - Processing file /home/lucas/.local/lib/python3.10/site-packages/airflow/example_dags/plugins/workday.py for tasks to queue
[2023-07-15 21:50:10,215] {logging_mixin.py:115} INFO - [2023-07-15 21:50:10,215] {dagbag.py:507} INFO - Filling up the DagBag from /home/lucas/.local/lib/python3.10/site-packages/airflow/example_dags/plugins/workday.py
[2023-07-15 21:50:10,220] {processor.py:653} WARNING - No viable dags retrieved from /home/lucas/.local/lib/python3.10/site-packages/airflow/example_dags/plugins/workday.py
[2023-07-15 21:50:10,244] {processor.py:161} INFO - Processing /home/lucas/.local/lib/python3.10/site-packages/airflow/example_dags/plugins/workday.py took 0.040 seconds
[2023-07-15 21:50:43,630] {processor.py:153} INFO - Started process (PID=8547) to work on /home/lucas/.local/lib/python3.10/site-packages/airflow/example_dags/plugins/workday.py
[2023-07-15 21:50:43,635] {processor.py:641} INFO - Processing file /home/lucas/.local/lib/python3.10/site-packages/airflow/example_dags/plugins/workday.py for tasks to queue
[2023-07-15 21:50:43,636] {logging_mixin.py:115} INFO - [2023-07-15 21:50:43,636] {dagbag.py:507} INFO - Filling up the DagBag from /home/lucas/.local/lib/python3.10/site-packages/airflow/example_dags/plugins/workday.py
[2023-07-15 21:50:43,641] {processor.py:653} WARNING - No viable dags retrieved from /home/lucas/.local/lib/python3.10/site-packages/airflow/example_dags/plugins/workday.py
[2023-07-15 21:50:43,668] {processor.py:161} INFO - Processing /home/lucas/.local/lib/python3.10/site-packages/airflow/example_dags/plugins/workday.py took 0.045 seconds
[2023-07-15 21:51:15,251] {processor.py:153} INFO - Started process (PID=8618) to work on /home/lucas/.local/lib/python3.10/site-packages/airflow/example_dags/plugins/workday.py
[2023-07-15 21:51:15,253] {processor.py:641} INFO - Processing file /home/lucas/.local/lib/python3.10/site-packages/airflow/example_dags/plugins/workday.py for tasks to queue
[2023-07-15 21:51:15,253] {logging_mixin.py:115} INFO - [2023-07-15 21:51:15,253] {dagbag.py:507} INFO - Filling up the DagBag from /home/lucas/.local/lib/python3.10/site-packages/airflow/example_dags/plugins/workday.py
[2023-07-15 21:51:15,257] {processor.py:653} WARNING - No viable dags retrieved from /home/lucas/.local/lib/python3.10/site-packages/airflow/example_dags/plugins/workday.py
[2023-07-15 21:51:15,279] {processor.py:161} INFO - Processing /home/lucas/.local/lib/python3.10/site-packages/airflow/example_dags/plugins/workday.py took 0.033 seconds
[2023-07-15 21:51:50,127] {processor.py:153} INFO - Started process (PID=9008) to work on /home/lucas/.local/lib/python3.10/site-packages/airflow/example_dags/plugins/workday.py
[2023-07-15 21:51:50,128] {processor.py:641} INFO - Processing file /home/lucas/.local/lib/python3.10/site-packages/airflow/example_dags/plugins/workday.py for tasks to queue
[2023-07-15 21:51:50,129] {logging_mixin.py:115} INFO - [2023-07-15 21:51:50,129] {dagbag.py:507} INFO - Filling up the DagBag from /home/lucas/.local/lib/python3.10/site-packages/airflow/example_dags/plugins/workday.py
[2023-07-15 21:51:50,133] {processor.py:653} WARNING - No viable dags retrieved from /home/lucas/.local/lib/python3.10/site-packages/airflow/example_dags/plugins/workday.py
[2023-07-15 21:51:50,157] {processor.py:161} INFO - Processing /home/lucas/.local/lib/python3.10/site-packages/airflow/example_dags/plugins/workday.py took 0.036 seconds
[2023-07-15 21:52:20,299] {processor.py:153} INFO - Started process (PID=9098) to work on /home/lucas/.local/lib/python3.10/site-packages/airflow/example_dags/plugins/workday.py
[2023-07-15 21:52:20,307] {processor.py:641} INFO - Processing file /home/lucas/.local/lib/python3.10/site-packages/airflow/example_dags/plugins/workday.py for tasks to queue
[2023-07-15 21:52:20,309] {logging_mixin.py:115} INFO - [2023-07-15 21:52:20,309] {dagbag.py:507} INFO - Filling up the DagBag from /home/lucas/.local/lib/python3.10/site-packages/airflow/example_dags/plugins/workday.py
[2023-07-15 21:52:20,314] {processor.py:653} WARNING - No viable dags retrieved from /home/lucas/.local/lib/python3.10/site-packages/airflow/example_dags/plugins/workday.py
[2023-07-15 21:52:20,347] {processor.py:161} INFO - Processing /home/lucas/.local/lib/python3.10/site-packages/airflow/example_dags/plugins/workday.py took 0.055 seconds
[2023-07-15 21:52:51,878] {processor.py:153} INFO - Started process (PID=9158) to work on /home/lucas/.local/lib/python3.10/site-packages/airflow/example_dags/plugins/workday.py
[2023-07-15 21:52:51,882] {processor.py:641} INFO - Processing file /home/lucas/.local/lib/python3.10/site-packages/airflow/example_dags/plugins/workday.py for tasks to queue
[2023-07-15 21:52:51,884] {logging_mixin.py:115} INFO - [2023-07-15 21:52:51,883] {dagbag.py:507} INFO - Filling up the DagBag from /home/lucas/.local/lib/python3.10/site-packages/airflow/example_dags/plugins/workday.py
[2023-07-15 21:52:51,888] {processor.py:653} WARNING - No viable dags retrieved from /home/lucas/.local/lib/python3.10/site-packages/airflow/example_dags/plugins/workday.py
[2023-07-15 21:52:51,909] {processor.py:161} INFO - Processing /home/lucas/.local/lib/python3.10/site-packages/airflow/example_dags/plugins/workday.py took 0.037 seconds
[2023-07-15 21:53:25,906] {processor.py:153} INFO - Started process (PID=9261) to work on /home/lucas/.local/lib/python3.10/site-packages/airflow/example_dags/plugins/workday.py
[2023-07-15 21:53:25,907] {processor.py:641} INFO - Processing file /home/lucas/.local/lib/python3.10/site-packages/airflow/example_dags/plugins/workday.py for tasks to queue
[2023-07-15 21:53:25,909] {logging_mixin.py:115} INFO - [2023-07-15 21:53:25,908] {dagbag.py:507} INFO - Filling up the DagBag from /home/lucas/.local/lib/python3.10/site-packages/airflow/example_dags/plugins/workday.py
[2023-07-15 21:53:25,911] {processor.py:653} WARNING - No viable dags retrieved from /home/lucas/.local/lib/python3.10/site-packages/airflow/example_dags/plugins/workday.py
[2023-07-15 21:53:25,926] {processor.py:161} INFO - Processing /home/lucas/.local/lib/python3.10/site-packages/airflow/example_dags/plugins/workday.py took 0.024 seconds
[2023-07-15 21:53:57,192] {processor.py:153} INFO - Started process (PID=9371) to work on /home/lucas/.local/lib/python3.10/site-packages/airflow/example_dags/plugins/workday.py
[2023-07-15 21:53:57,194] {processor.py:641} INFO - Processing file /home/lucas/.local/lib/python3.10/site-packages/airflow/example_dags/plugins/workday.py for tasks to queue
[2023-07-15 21:53:57,195] {logging_mixin.py:115} INFO - [2023-07-15 21:53:57,194] {dagbag.py:507} INFO - Filling up the DagBag from /home/lucas/.local/lib/python3.10/site-packages/airflow/example_dags/plugins/workday.py
[2023-07-15 21:53:57,199] {processor.py:653} WARNING - No viable dags retrieved from /home/lucas/.local/lib/python3.10/site-packages/airflow/example_dags/plugins/workday.py
[2023-07-15 21:53:57,221] {processor.py:161} INFO - Processing /home/lucas/.local/lib/python3.10/site-packages/airflow/example_dags/plugins/workday.py took 0.034 seconds
[2023-07-15 21:54:27,891] {processor.py:153} INFO - Started process (PID=9527) to work on /home/lucas/.local/lib/python3.10/site-packages/airflow/example_dags/plugins/workday.py
[2023-07-15 21:54:27,895] {processor.py:641} INFO - Processing file /home/lucas/.local/lib/python3.10/site-packages/airflow/example_dags/plugins/workday.py for tasks to queue
[2023-07-15 21:54:27,896] {logging_mixin.py:115} INFO - [2023-07-15 21:54:27,896] {dagbag.py:507} INFO - Filling up the DagBag from /home/lucas/.local/lib/python3.10/site-packages/airflow/example_dags/plugins/workday.py
[2023-07-15 21:54:27,899] {processor.py:653} WARNING - No viable dags retrieved from /home/lucas/.local/lib/python3.10/site-packages/airflow/example_dags/plugins/workday.py
[2023-07-15 21:54:27,922] {processor.py:161} INFO - Processing /home/lucas/.local/lib/python3.10/site-packages/airflow/example_dags/plugins/workday.py took 0.037 seconds
[2023-07-15 21:55:01,471] {processor.py:153} INFO - Started process (PID=9654) to work on /home/lucas/.local/lib/python3.10/site-packages/airflow/example_dags/plugins/workday.py
[2023-07-15 21:55:01,472] {processor.py:641} INFO - Processing file /home/lucas/.local/lib/python3.10/site-packages/airflow/example_dags/plugins/workday.py for tasks to queue
[2023-07-15 21:55:01,474] {logging_mixin.py:115} INFO - [2023-07-15 21:55:01,473] {dagbag.py:507} INFO - Filling up the DagBag from /home/lucas/.local/lib/python3.10/site-packages/airflow/example_dags/plugins/workday.py
[2023-07-15 21:55:01,479] {processor.py:653} WARNING - No viable dags retrieved from /home/lucas/.local/lib/python3.10/site-packages/airflow/example_dags/plugins/workday.py
[2023-07-15 21:55:01,505] {processor.py:161} INFO - Processing /home/lucas/.local/lib/python3.10/site-packages/airflow/example_dags/plugins/workday.py took 0.043 seconds
[2023-07-15 21:55:34,333] {processor.py:153} INFO - Started process (PID=9768) to work on /home/lucas/.local/lib/python3.10/site-packages/airflow/example_dags/plugins/workday.py
[2023-07-15 21:55:34,337] {processor.py:641} INFO - Processing file /home/lucas/.local/lib/python3.10/site-packages/airflow/example_dags/plugins/workday.py for tasks to queue
[2023-07-15 21:55:34,338] {logging_mixin.py:115} INFO - [2023-07-15 21:55:34,337] {dagbag.py:507} INFO - Filling up the DagBag from /home/lucas/.local/lib/python3.10/site-packages/airflow/example_dags/plugins/workday.py
[2023-07-15 21:55:34,342] {processor.py:653} WARNING - No viable dags retrieved from /home/lucas/.local/lib/python3.10/site-packages/airflow/example_dags/plugins/workday.py
[2023-07-15 21:55:34,363] {processor.py:161} INFO - Processing /home/lucas/.local/lib/python3.10/site-packages/airflow/example_dags/plugins/workday.py took 0.035 seconds
[2023-07-15 21:56:10,168] {processor.py:153} INFO - Started process (PID=9829) to work on /home/lucas/.local/lib/python3.10/site-packages/airflow/example_dags/plugins/workday.py
[2023-07-15 21:56:10,169] {processor.py:641} INFO - Processing file /home/lucas/.local/lib/python3.10/site-packages/airflow/example_dags/plugins/workday.py for tasks to queue
[2023-07-15 21:56:10,171] {logging_mixin.py:115} INFO - [2023-07-15 21:56:10,170] {dagbag.py:507} INFO - Filling up the DagBag from /home/lucas/.local/lib/python3.10/site-packages/airflow/example_dags/plugins/workday.py
[2023-07-15 21:56:10,175] {processor.py:653} WARNING - No viable dags retrieved from /home/lucas/.local/lib/python3.10/site-packages/airflow/example_dags/plugins/workday.py
[2023-07-15 21:56:10,200] {processor.py:161} INFO - Processing /home/lucas/.local/lib/python3.10/site-packages/airflow/example_dags/plugins/workday.py took 0.040 seconds
[2023-07-15 21:56:45,735] {processor.py:153} INFO - Started process (PID=9894) to work on /home/lucas/.local/lib/python3.10/site-packages/airflow/example_dags/plugins/workday.py
[2023-07-15 21:56:45,739] {processor.py:641} INFO - Processing file /home/lucas/.local/lib/python3.10/site-packages/airflow/example_dags/plugins/workday.py for tasks to queue
[2023-07-15 21:56:45,740] {logging_mixin.py:115} INFO - [2023-07-15 21:56:45,740] {dagbag.py:507} INFO - Filling up the DagBag from /home/lucas/.local/lib/python3.10/site-packages/airflow/example_dags/plugins/workday.py
[2023-07-15 21:56:45,745] {processor.py:653} WARNING - No viable dags retrieved from /home/lucas/.local/lib/python3.10/site-packages/airflow/example_dags/plugins/workday.py
[2023-07-15 21:56:45,768] {processor.py:161} INFO - Processing /home/lucas/.local/lib/python3.10/site-packages/airflow/example_dags/plugins/workday.py took 0.039 seconds
[2023-07-15 21:57:22,896] {processor.py:153} INFO - Started process (PID=9970) to work on /home/lucas/.local/lib/python3.10/site-packages/airflow/example_dags/plugins/workday.py
[2023-07-15 21:57:22,897] {processor.py:641} INFO - Processing file /home/lucas/.local/lib/python3.10/site-packages/airflow/example_dags/plugins/workday.py for tasks to queue
[2023-07-15 21:57:22,898] {logging_mixin.py:115} INFO - [2023-07-15 21:57:22,898] {dagbag.py:507} INFO - Filling up the DagBag from /home/lucas/.local/lib/python3.10/site-packages/airflow/example_dags/plugins/workday.py
[2023-07-15 21:57:22,902] {processor.py:653} WARNING - No viable dags retrieved from /home/lucas/.local/lib/python3.10/site-packages/airflow/example_dags/plugins/workday.py
[2023-07-15 21:57:22,924] {processor.py:161} INFO - Processing /home/lucas/.local/lib/python3.10/site-packages/airflow/example_dags/plugins/workday.py took 0.034 seconds
[2023-07-15 21:57:54,661] {processor.py:153} INFO - Started process (PID=10047) to work on /home/lucas/.local/lib/python3.10/site-packages/airflow/example_dags/plugins/workday.py
[2023-07-15 21:57:54,663] {processor.py:641} INFO - Processing file /home/lucas/.local/lib/python3.10/site-packages/airflow/example_dags/plugins/workday.py for tasks to queue
[2023-07-15 21:57:54,664] {logging_mixin.py:115} INFO - [2023-07-15 21:57:54,664] {dagbag.py:507} INFO - Filling up the DagBag from /home/lucas/.local/lib/python3.10/site-packages/airflow/example_dags/plugins/workday.py
[2023-07-15 21:57:54,669] {processor.py:653} WARNING - No viable dags retrieved from /home/lucas/.local/lib/python3.10/site-packages/airflow/example_dags/plugins/workday.py
[2023-07-15 21:57:54,695] {processor.py:161} INFO - Processing /home/lucas/.local/lib/python3.10/site-packages/airflow/example_dags/plugins/workday.py took 0.041 seconds
[2023-07-15 21:58:32,362] {processor.py:153} INFO - Started process (PID=10100) to work on /home/lucas/.local/lib/python3.10/site-packages/airflow/example_dags/plugins/workday.py
[2023-07-15 21:58:32,366] {processor.py:641} INFO - Processing file /home/lucas/.local/lib/python3.10/site-packages/airflow/example_dags/plugins/workday.py for tasks to queue
[2023-07-15 21:58:32,367] {logging_mixin.py:115} INFO - [2023-07-15 21:58:32,366] {dagbag.py:507} INFO - Filling up the DagBag from /home/lucas/.local/lib/python3.10/site-packages/airflow/example_dags/plugins/workday.py
[2023-07-15 21:58:32,370] {processor.py:653} WARNING - No viable dags retrieved from /home/lucas/.local/lib/python3.10/site-packages/airflow/example_dags/plugins/workday.py
[2023-07-15 21:58:32,392] {processor.py:161} INFO - Processing /home/lucas/.local/lib/python3.10/site-packages/airflow/example_dags/plugins/workday.py took 0.036 seconds
