[2023-07-17 22:07:05,618] {taskinstance.py:1159} INFO - Dependencies all met for <TaskInstance: get_crypto_dag.AVAX scheduled__2023-05-29T00:00:00+00:00 [queued]>
[2023-07-17 22:07:05,651] {taskinstance.py:1159} INFO - Dependencies all met for <TaskInstance: get_crypto_dag.AVAX scheduled__2023-05-29T00:00:00+00:00 [queued]>
[2023-07-17 22:07:05,651] {taskinstance.py:1356} INFO - 
--------------------------------------------------------------------------------
[2023-07-17 22:07:05,651] {taskinstance.py:1357} INFO - Starting attempt 1 of 1
[2023-07-17 22:07:05,652] {taskinstance.py:1358} INFO - 
--------------------------------------------------------------------------------
[2023-07-17 22:07:05,680] {taskinstance.py:1377} INFO - Executing <Task(_PythonDecoratedOperator): AVAX> on 2023-05-29 00:00:00+00:00
[2023-07-17 22:07:05,687] {standard_task_runner.py:52} INFO - Started process 72365 to run task
[2023-07-17 22:07:05,694] {standard_task_runner.py:79} INFO - Running: ['airflow', 'tasks', 'run', 'get_crypto_dag', 'AVAX', 'scheduled__2023-05-29T00:00:00+00:00', '--job-id', '928', '--raw', '--subdir', 'DAGS_FOLDER/get_crypto.py', '--cfg-path', '/tmp/tmpzmb_7onp', '--error-file', '/tmp/tmp20y472km']
[2023-07-17 22:07:05,695] {standard_task_runner.py:80} INFO - Job 928: Subtask AVAX
[2023-07-17 22:07:05,770] {task_command.py:370} INFO - Running <TaskInstance: get_crypto_dag.AVAX scheduled__2023-05-29T00:00:00+00:00 [running]> on host lucas-Estudos
[2023-07-17 22:07:05,858] {taskinstance.py:1569} INFO - Exporting the following env vars:
AIRFLOW_CTX_DAG_OWNER=airflow
AIRFLOW_CTX_DAG_ID=get_crypto_dag
AIRFLOW_CTX_TASK_ID=AVAX
AIRFLOW_CTX_EXECUTION_DATE=2023-05-29T00:00:00+00:00
AIRFLOW_CTX_TRY_NUMBER=1
AIRFLOW_CTX_DAG_RUN_ID=scheduled__2023-05-29T00:00:00+00:00
[2023-07-17 22:07:10,496] {base.py:162} ERROR - AVAX: No timezone found, symbol may be delisted
[2023-07-17 22:07:10,503] {python.py:173} INFO - Done. Returned value was: None
[2023-07-17 22:07:10,571] {taskinstance.py:1395} INFO - Marking task as SUCCESS. dag_id=get_crypto_dag, task_id=AVAX, execution_date=20230529T000000, start_date=20230718T010705, end_date=20230718T010710
[2023-07-17 22:07:10,643] {local_task_job.py:156} INFO - Task exited with return code 0
[2023-07-17 22:07:10,797] {local_task_job.py:273} INFO - 0 downstream tasks scheduled from follow-on schedule check
[2023-07-18 10:42:28,736] {taskinstance.py:1159} INFO - Dependencies all met for <TaskInstance: get_crypto_dag.AVAX scheduled__2023-05-29T00:00:00+00:00 [queued]>
[2023-07-18 10:42:28,768] {taskinstance.py:1159} INFO - Dependencies all met for <TaskInstance: get_crypto_dag.AVAX scheduled__2023-05-29T00:00:00+00:00 [queued]>
[2023-07-18 10:42:28,768] {taskinstance.py:1356} INFO - 
--------------------------------------------------------------------------------
[2023-07-18 10:42:28,768] {taskinstance.py:1357} INFO - Starting attempt 1 of 1
[2023-07-18 10:42:28,768] {taskinstance.py:1358} INFO - 
--------------------------------------------------------------------------------
[2023-07-18 10:42:28,796] {taskinstance.py:1377} INFO - Executing <Task(_PythonDecoratedOperator): AVAX> on 2023-05-29 00:00:00+00:00
[2023-07-18 10:42:28,806] {standard_task_runner.py:52} INFO - Started process 16053 to run task
[2023-07-18 10:42:28,812] {standard_task_runner.py:79} INFO - Running: ['airflow', 'tasks', 'run', 'get_crypto_dag', 'AVAX', 'scheduled__2023-05-29T00:00:00+00:00', '--job-id', '1348', '--raw', '--subdir', 'DAGS_FOLDER/get_crypto.py', '--cfg-path', '/tmp/tmppowcr2pe', '--error-file', '/tmp/tmptbs6nkhn']
[2023-07-18 10:42:28,814] {standard_task_runner.py:80} INFO - Job 1348: Subtask AVAX
[2023-07-18 10:42:29,002] {task_command.py:370} INFO - Running <TaskInstance: get_crypto_dag.AVAX scheduled__2023-05-29T00:00:00+00:00 [running]> on host lucas-Estudos
[2023-07-18 10:42:29,238] {taskinstance.py:1569} INFO - Exporting the following env vars:
AIRFLOW_CTX_DAG_OWNER=airflow
AIRFLOW_CTX_DAG_ID=get_crypto_dag
AIRFLOW_CTX_TASK_ID=AVAX
AIRFLOW_CTX_EXECUTION_DATE=2023-05-29T00:00:00+00:00
AIRFLOW_CTX_TRY_NUMBER=1
AIRFLOW_CTX_DAG_RUN_ID=scheduled__2023-05-29T00:00:00+00:00
[2023-07-18 10:42:29,801] {base.py:162} ERROR - AVAX: No timezone found, symbol may be delisted
[2023-07-18 10:42:29,804] {python.py:173} INFO - Done. Returned value was: None
[2023-07-18 10:42:29,828] {taskinstance.py:1395} INFO - Marking task as SUCCESS. dag_id=get_crypto_dag, task_id=AVAX, execution_date=20230529T000000, start_date=20230718T134228, end_date=20230718T134229
[2023-07-18 10:42:29,867] {local_task_job.py:156} INFO - Task exited with return code 0
[2023-07-18 10:42:29,915] {local_task_job.py:273} INFO - 0 downstream tasks scheduled from follow-on schedule check
