[2023-07-17 16:23:02,206] {taskinstance.py:1159} INFO - Dependencies all met for <TaskInstance: get_stocks_dag.MSFT scheduled__2023-05-19T00:00:00+00:00 [queued]>
[2023-07-17 16:23:02,223] {taskinstance.py:1159} INFO - Dependencies all met for <TaskInstance: get_stocks_dag.MSFT scheduled__2023-05-19T00:00:00+00:00 [queued]>
[2023-07-17 16:23:02,223] {taskinstance.py:1356} INFO - 
--------------------------------------------------------------------------------
[2023-07-17 16:23:02,223] {taskinstance.py:1357} INFO - Starting attempt 1 of 1
[2023-07-17 16:23:02,223] {taskinstance.py:1358} INFO - 
--------------------------------------------------------------------------------
[2023-07-17 16:23:02,255] {taskinstance.py:1377} INFO - Executing <Task(_PythonDecoratedOperator): MSFT> on 2023-05-19 00:00:00+00:00
[2023-07-17 16:23:02,287] {standard_task_runner.py:79} INFO - Running: ['airflow', 'tasks', 'run', 'get_stocks_dag', 'MSFT', 'scheduled__2023-05-19T00:00:00+00:00', '--job-id', '110', '--raw', '--subdir', 'DAGS_FOLDER/get_stocks.py', '--cfg-path', '/tmp/tmpjnm419nw', '--error-file', '/tmp/tmpk344yqsn']
[2023-07-17 16:23:02,295] {standard_task_runner.py:80} INFO - Job 110: Subtask MSFT
[2023-07-17 16:23:02,273] {standard_task_runner.py:52} INFO - Started process 8412 to run task
[2023-07-17 16:23:02,541] {task_command.py:370} INFO - Running <TaskInstance: get_stocks_dag.MSFT scheduled__2023-05-19T00:00:00+00:00 [running]> on host lucas-Estudos
[2023-07-17 16:23:02,896] {taskinstance.py:1569} INFO - Exporting the following env vars:
AIRFLOW_CTX_DAG_OWNER=airflow
AIRFLOW_CTX_DAG_ID=get_stocks_dag
AIRFLOW_CTX_TASK_ID=MSFT
AIRFLOW_CTX_EXECUTION_DATE=2023-05-19T00:00:00+00:00
AIRFLOW_CTX_TRY_NUMBER=1
AIRFLOW_CTX_DAG_RUN_ID=scheduled__2023-05-19T00:00:00+00:00
[2023-07-17 16:23:03,678] {python.py:173} INFO - Done. Returned value was: None
[2023-07-17 16:23:03,739] {taskinstance.py:1395} INFO - Marking task as SUCCESS. dag_id=get_stocks_dag, task_id=MSFT, execution_date=20230519T000000, start_date=20230717T192302, end_date=20230717T192303
[2023-07-17 16:23:03,778] {local_task_job.py:156} INFO - Task exited with return code 0
[2023-07-17 16:23:03,867] {local_task_job.py:273} INFO - 0 downstream tasks scheduled from follow-on schedule check
[2023-07-17 16:54:20,826] {taskinstance.py:1159} INFO - Dependencies all met for <TaskInstance: get_stocks_dag.MSFT scheduled__2023-05-19T00:00:00+00:00 [queued]>
[2023-07-17 16:54:20,856] {taskinstance.py:1159} INFO - Dependencies all met for <TaskInstance: get_stocks_dag.MSFT scheduled__2023-05-19T00:00:00+00:00 [queued]>
[2023-07-17 16:54:20,856] {taskinstance.py:1356} INFO - 
--------------------------------------------------------------------------------
[2023-07-17 16:54:20,857] {taskinstance.py:1357} INFO - Starting attempt 1 of 1
[2023-07-17 16:54:20,857] {taskinstance.py:1358} INFO - 
--------------------------------------------------------------------------------
[2023-07-17 16:54:20,907] {taskinstance.py:1377} INFO - Executing <Task(_PythonDecoratedOperator): MSFT> on 2023-05-19 00:00:00+00:00
[2023-07-17 16:54:20,918] {standard_task_runner.py:52} INFO - Started process 21122 to run task
[2023-07-17 16:54:20,925] {standard_task_runner.py:79} INFO - Running: ['airflow', 'tasks', 'run', 'get_stocks_dag', 'MSFT', 'scheduled__2023-05-19T00:00:00+00:00', '--job-id', '322', '--raw', '--subdir', 'DAGS_FOLDER/get_stocks.py', '--cfg-path', '/tmp/tmp5ys11il9', '--error-file', '/tmp/tmp1al9ahxf']
[2023-07-17 16:54:20,926] {standard_task_runner.py:80} INFO - Job 322: Subtask MSFT
[2023-07-17 16:54:21,108] {task_command.py:370} INFO - Running <TaskInstance: get_stocks_dag.MSFT scheduled__2023-05-19T00:00:00+00:00 [running]> on host lucas-Estudos
[2023-07-17 16:54:21,314] {taskinstance.py:1569} INFO - Exporting the following env vars:
AIRFLOW_CTX_DAG_OWNER=airflow
AIRFLOW_CTX_DAG_ID=get_stocks_dag
AIRFLOW_CTX_TASK_ID=MSFT
AIRFLOW_CTX_EXECUTION_DATE=2023-05-19T00:00:00+00:00
AIRFLOW_CTX_TRY_NUMBER=1
AIRFLOW_CTX_DAG_RUN_ID=scheduled__2023-05-19T00:00:00+00:00
[2023-07-17 16:54:22,278] {python.py:173} INFO - Done. Returned value was: None
[2023-07-17 16:54:22,312] {taskinstance.py:1395} INFO - Marking task as SUCCESS. dag_id=get_stocks_dag, task_id=MSFT, execution_date=20230519T000000, start_date=20230717T195420, end_date=20230717T195422
[2023-07-17 16:54:22,412] {local_task_job.py:156} INFO - Task exited with return code 0
[2023-07-17 16:54:22,534] {local_task_job.py:273} INFO - 0 downstream tasks scheduled from follow-on schedule check
[2023-07-17 20:59:33,098] {taskinstance.py:1159} INFO - Dependencies all met for <TaskInstance: get_stocks_dag.MSFT scheduled__2023-05-19T00:00:00+00:00 [queued]>
[2023-07-17 20:59:33,133] {taskinstance.py:1159} INFO - Dependencies all met for <TaskInstance: get_stocks_dag.MSFT scheduled__2023-05-19T00:00:00+00:00 [queued]>
[2023-07-17 20:59:33,133] {taskinstance.py:1356} INFO - 
--------------------------------------------------------------------------------
[2023-07-17 20:59:33,134] {taskinstance.py:1357} INFO - Starting attempt 1 of 1
[2023-07-17 20:59:33,134] {taskinstance.py:1358} INFO - 
--------------------------------------------------------------------------------
[2023-07-17 20:59:33,167] {taskinstance.py:1377} INFO - Executing <Task(_PythonDecoratedOperator): MSFT> on 2023-05-19 00:00:00+00:00
[2023-07-17 20:59:33,178] {standard_task_runner.py:52} INFO - Started process 19150 to run task
[2023-07-17 20:59:33,185] {standard_task_runner.py:79} INFO - Running: ['airflow', 'tasks', 'run', 'get_stocks_dag', 'MSFT', 'scheduled__2023-05-19T00:00:00+00:00', '--job-id', '541', '--raw', '--subdir', 'DAGS_FOLDER/get_stocks.py', '--cfg-path', '/tmp/tmpr3fouhw6', '--error-file', '/tmp/tmpedc9nk14']
[2023-07-17 20:59:33,188] {standard_task_runner.py:80} INFO - Job 541: Subtask MSFT
[2023-07-17 20:59:33,390] {task_command.py:370} INFO - Running <TaskInstance: get_stocks_dag.MSFT scheduled__2023-05-19T00:00:00+00:00 [running]> on host lucas-Estudos
[2023-07-17 20:59:33,629] {taskinstance.py:1569} INFO - Exporting the following env vars:
AIRFLOW_CTX_DAG_OWNER=airflow
AIRFLOW_CTX_DAG_ID=get_stocks_dag
AIRFLOW_CTX_TASK_ID=MSFT
AIRFLOW_CTX_EXECUTION_DATE=2023-05-19T00:00:00+00:00
AIRFLOW_CTX_TRY_NUMBER=1
AIRFLOW_CTX_DAG_RUN_ID=scheduled__2023-05-19T00:00:00+00:00
[2023-07-17 20:59:35,323] {python.py:173} INFO - Done. Returned value was: None
[2023-07-17 20:59:35,371] {taskinstance.py:1395} INFO - Marking task as SUCCESS. dag_id=get_stocks_dag, task_id=MSFT, execution_date=20230519T000000, start_date=20230717T235933, end_date=20230717T235935
[2023-07-17 20:59:35,406] {local_task_job.py:156} INFO - Task exited with return code 0
[2023-07-17 20:59:35,531] {local_task_job.py:273} INFO - 0 downstream tasks scheduled from follow-on schedule check
[2023-07-17 21:59:45,808] {taskinstance.py:1159} INFO - Dependencies all met for <TaskInstance: get_stocks_dag.MSFT scheduled__2023-05-19T00:00:00+00:00 [queued]>
[2023-07-17 21:59:45,835] {taskinstance.py:1159} INFO - Dependencies all met for <TaskInstance: get_stocks_dag.MSFT scheduled__2023-05-19T00:00:00+00:00 [queued]>
[2023-07-17 21:59:45,835] {taskinstance.py:1356} INFO - 
--------------------------------------------------------------------------------
[2023-07-17 21:59:45,835] {taskinstance.py:1357} INFO - Starting attempt 1 of 1
[2023-07-17 21:59:45,835] {taskinstance.py:1358} INFO - 
--------------------------------------------------------------------------------
[2023-07-17 21:59:45,855] {taskinstance.py:1377} INFO - Executing <Task(_PythonDecoratedOperator): MSFT> on 2023-05-19 00:00:00+00:00
[2023-07-17 21:59:45,861] {standard_task_runner.py:52} INFO - Started process 57441 to run task
[2023-07-17 21:59:45,865] {standard_task_runner.py:79} INFO - Running: ['airflow', 'tasks', 'run', 'get_stocks_dag', 'MSFT', 'scheduled__2023-05-19T00:00:00+00:00', '--job-id', '819', '--raw', '--subdir', 'DAGS_FOLDER/get_stocks.py', '--cfg-path', '/tmp/tmpyh01pfvq', '--error-file', '/tmp/tmpdshp6tuw']
[2023-07-17 21:59:45,866] {standard_task_runner.py:80} INFO - Job 819: Subtask MSFT
[2023-07-17 21:59:45,940] {task_command.py:370} INFO - Running <TaskInstance: get_stocks_dag.MSFT scheduled__2023-05-19T00:00:00+00:00 [running]> on host lucas-Estudos
[2023-07-17 21:59:46,039] {taskinstance.py:1569} INFO - Exporting the following env vars:
AIRFLOW_CTX_DAG_OWNER=airflow
AIRFLOW_CTX_DAG_ID=get_stocks_dag
AIRFLOW_CTX_TASK_ID=MSFT
AIRFLOW_CTX_EXECUTION_DATE=2023-05-19T00:00:00+00:00
AIRFLOW_CTX_TRY_NUMBER=1
AIRFLOW_CTX_DAG_RUN_ID=scheduled__2023-05-19T00:00:00+00:00
[2023-07-17 21:59:47,751] {python.py:173} INFO - Done. Returned value was: None
[2023-07-17 21:59:47,812] {taskinstance.py:1395} INFO - Marking task as SUCCESS. dag_id=get_stocks_dag, task_id=MSFT, execution_date=20230519T000000, start_date=20230718T005945, end_date=20230718T005947
[2023-07-17 21:59:47,884] {local_task_job.py:156} INFO - Task exited with return code 0
[2023-07-17 21:59:48,000] {local_task_job.py:273} INFO - 0 downstream tasks scheduled from follow-on schedule check
[2023-07-18 10:34:41,469] {taskinstance.py:1159} INFO - Dependencies all met for <TaskInstance: get_stocks_dag.MSFT scheduled__2023-05-19T00:00:00+00:00 [queued]>
[2023-07-18 10:34:41,497] {taskinstance.py:1159} INFO - Dependencies all met for <TaskInstance: get_stocks_dag.MSFT scheduled__2023-05-19T00:00:00+00:00 [queued]>
[2023-07-18 10:34:41,498] {taskinstance.py:1356} INFO - 
--------------------------------------------------------------------------------
[2023-07-18 10:34:41,498] {taskinstance.py:1357} INFO - Starting attempt 1 of 1
[2023-07-18 10:34:41,498] {taskinstance.py:1358} INFO - 
--------------------------------------------------------------------------------
[2023-07-18 10:34:41,532] {taskinstance.py:1377} INFO - Executing <Task(_PythonDecoratedOperator): MSFT> on 2023-05-19 00:00:00+00:00
[2023-07-18 10:34:41,541] {standard_task_runner.py:52} INFO - Started process 13868 to run task
[2023-07-18 10:34:41,548] {standard_task_runner.py:79} INFO - Running: ['airflow', 'tasks', 'run', 'get_stocks_dag', 'MSFT', 'scheduled__2023-05-19T00:00:00+00:00', '--job-id', '1277', '--raw', '--subdir', 'DAGS_FOLDER/get_stocks.py', '--cfg-path', '/tmp/tmp3xduxzgf', '--error-file', '/tmp/tmp1scg4_py']
[2023-07-18 10:34:41,551] {standard_task_runner.py:80} INFO - Job 1277: Subtask MSFT
[2023-07-18 10:34:41,744] {task_command.py:370} INFO - Running <TaskInstance: get_stocks_dag.MSFT scheduled__2023-05-19T00:00:00+00:00 [running]> on host lucas-Estudos
[2023-07-18 10:34:41,964] {taskinstance.py:1569} INFO - Exporting the following env vars:
AIRFLOW_CTX_DAG_OWNER=airflow
AIRFLOW_CTX_DAG_ID=get_stocks_dag
AIRFLOW_CTX_TASK_ID=MSFT
AIRFLOW_CTX_EXECUTION_DATE=2023-05-19T00:00:00+00:00
AIRFLOW_CTX_TRY_NUMBER=1
AIRFLOW_CTX_DAG_RUN_ID=scheduled__2023-05-19T00:00:00+00:00
[2023-07-18 10:34:42,682] {python.py:173} INFO - Done. Returned value was: None
[2023-07-18 10:34:42,733] {taskinstance.py:1395} INFO - Marking task as SUCCESS. dag_id=get_stocks_dag, task_id=MSFT, execution_date=20230519T000000, start_date=20230718T133441, end_date=20230718T133442
[2023-07-18 10:34:42,805] {local_task_job.py:156} INFO - Task exited with return code 0
[2023-07-18 10:34:42,918] {local_task_job.py:273} INFO - 0 downstream tasks scheduled from follow-on schedule check
