[2023-07-17 16:23:13,775] {taskinstance.py:1159} INFO - Dependencies all met for <TaskInstance: get_stocks_dag.GOOG scheduled__2023-06-01T00:00:00+00:00 [queued]>
[2023-07-17 16:23:13,803] {taskinstance.py:1159} INFO - Dependencies all met for <TaskInstance: get_stocks_dag.GOOG scheduled__2023-06-01T00:00:00+00:00 [queued]>
[2023-07-17 16:23:13,803] {taskinstance.py:1356} INFO - 
--------------------------------------------------------------------------------
[2023-07-17 16:23:13,804] {taskinstance.py:1357} INFO - Starting attempt 1 of 1
[2023-07-17 16:23:13,804] {taskinstance.py:1358} INFO - 
--------------------------------------------------------------------------------
[2023-07-17 16:23:13,877] {taskinstance.py:1377} INFO - Executing <Task(_PythonDecoratedOperator): GOOG> on 2023-06-01 00:00:00+00:00
[2023-07-17 16:23:13,895] {standard_task_runner.py:52} INFO - Started process 9408 to run task
[2023-07-17 16:23:13,912] {standard_task_runner.py:79} INFO - Running: ['airflow', 'tasks', 'run', 'get_stocks_dag', 'GOOG', 'scheduled__2023-06-01T00:00:00+00:00', '--job-id', '144', '--raw', '--subdir', 'DAGS_FOLDER/get_stocks.py', '--cfg-path', '/tmp/tmpyhjmzf4b', '--error-file', '/tmp/tmp1nga24xf']
[2023-07-17 16:23:13,914] {standard_task_runner.py:80} INFO - Job 144: Subtask GOOG
[2023-07-17 16:23:14,218] {task_command.py:370} INFO - Running <TaskInstance: get_stocks_dag.GOOG scheduled__2023-06-01T00:00:00+00:00 [running]> on host lucas-Estudos
[2023-07-17 16:23:14,558] {taskinstance.py:1569} INFO - Exporting the following env vars:
AIRFLOW_CTX_DAG_OWNER=airflow
AIRFLOW_CTX_DAG_ID=get_stocks_dag
AIRFLOW_CTX_TASK_ID=GOOG
AIRFLOW_CTX_EXECUTION_DATE=2023-06-01T00:00:00+00:00
AIRFLOW_CTX_TRY_NUMBER=1
AIRFLOW_CTX_DAG_RUN_ID=scheduled__2023-06-01T00:00:00+00:00
[2023-07-17 16:23:15,426] {python.py:173} INFO - Done. Returned value was: None
[2023-07-17 16:23:15,791] {taskinstance.py:1395} INFO - Marking task as SUCCESS. dag_id=get_stocks_dag, task_id=GOOG, execution_date=20230601T000000, start_date=20230717T192313, end_date=20230717T192315
[2023-07-17 16:23:15,880] {local_task_job.py:156} INFO - Task exited with return code 0
[2023-07-17 16:23:16,168] {local_task_job.py:273} INFO - 0 downstream tasks scheduled from follow-on schedule check
[2023-07-17 16:54:34,189] {taskinstance.py:1159} INFO - Dependencies all met for <TaskInstance: get_stocks_dag.GOOG scheduled__2023-06-01T00:00:00+00:00 [queued]>
[2023-07-17 16:54:34,245] {taskinstance.py:1159} INFO - Dependencies all met for <TaskInstance: get_stocks_dag.GOOG scheduled__2023-06-01T00:00:00+00:00 [queued]>
[2023-07-17 16:54:34,246] {taskinstance.py:1356} INFO - 
--------------------------------------------------------------------------------
[2023-07-17 16:54:34,246] {taskinstance.py:1357} INFO - Starting attempt 1 of 1
[2023-07-17 16:54:34,246] {taskinstance.py:1358} INFO - 
--------------------------------------------------------------------------------
[2023-07-17 16:54:34,310] {taskinstance.py:1377} INFO - Executing <Task(_PythonDecoratedOperator): GOOG> on 2023-06-01 00:00:00+00:00
[2023-07-17 16:54:34,333] {standard_task_runner.py:52} INFO - Started process 22270 to run task
[2023-07-17 16:54:34,348] {standard_task_runner.py:79} INFO - Running: ['airflow', 'tasks', 'run', 'get_stocks_dag', 'GOOG', 'scheduled__2023-06-01T00:00:00+00:00', '--job-id', '363', '--raw', '--subdir', 'DAGS_FOLDER/get_stocks.py', '--cfg-path', '/tmp/tmps5e2f6um', '--error-file', '/tmp/tmp6ilf9rti']
[2023-07-17 16:54:34,349] {standard_task_runner.py:80} INFO - Job 363: Subtask GOOG
[2023-07-17 16:54:34,540] {task_command.py:370} INFO - Running <TaskInstance: get_stocks_dag.GOOG scheduled__2023-06-01T00:00:00+00:00 [running]> on host lucas-Estudos
[2023-07-17 16:54:34,886] {taskinstance.py:1569} INFO - Exporting the following env vars:
AIRFLOW_CTX_DAG_OWNER=airflow
AIRFLOW_CTX_DAG_ID=get_stocks_dag
AIRFLOW_CTX_TASK_ID=GOOG
AIRFLOW_CTX_EXECUTION_DATE=2023-06-01T00:00:00+00:00
AIRFLOW_CTX_TRY_NUMBER=1
AIRFLOW_CTX_DAG_RUN_ID=scheduled__2023-06-01T00:00:00+00:00
[2023-07-17 16:54:35,689] {python.py:173} INFO - Done. Returned value was: None
[2023-07-17 16:54:35,737] {taskinstance.py:1395} INFO - Marking task as SUCCESS. dag_id=get_stocks_dag, task_id=GOOG, execution_date=20230601T000000, start_date=20230717T195434, end_date=20230717T195435
[2023-07-17 16:54:35,792] {local_task_job.py:156} INFO - Task exited with return code 0
[2023-07-17 16:54:35,866] {local_task_job.py:273} INFO - 0 downstream tasks scheduled from follow-on schedule check
[2023-07-17 21:02:07,359] {taskinstance.py:1159} INFO - Dependencies all met for <TaskInstance: get_stocks_dag.GOOG scheduled__2023-06-01T00:00:00+00:00 [queued]>
[2023-07-17 21:02:07,383] {taskinstance.py:1159} INFO - Dependencies all met for <TaskInstance: get_stocks_dag.GOOG scheduled__2023-06-01T00:00:00+00:00 [queued]>
[2023-07-17 21:02:07,383] {taskinstance.py:1356} INFO - 
--------------------------------------------------------------------------------
[2023-07-17 21:02:07,383] {taskinstance.py:1357} INFO - Starting attempt 1 of 1
[2023-07-17 21:02:07,384] {taskinstance.py:1358} INFO - 
--------------------------------------------------------------------------------
[2023-07-17 21:02:07,411] {taskinstance.py:1377} INFO - Executing <Task(_PythonDecoratedOperator): GOOG> on 2023-06-01 00:00:00+00:00
[2023-07-17 21:02:07,421] {standard_task_runner.py:52} INFO - Started process 23170 to run task
[2023-07-17 21:02:07,427] {standard_task_runner.py:79} INFO - Running: ['airflow', 'tasks', 'run', 'get_stocks_dag', 'GOOG', 'scheduled__2023-06-01T00:00:00+00:00', '--job-id', '578', '--raw', '--subdir', 'DAGS_FOLDER/get_stocks.py', '--cfg-path', '/tmp/tmp25m75b_0', '--error-file', '/tmp/tmpns_b_n7c']
[2023-07-17 21:02:07,429] {standard_task_runner.py:80} INFO - Job 578: Subtask GOOG
[2023-07-17 21:02:07,637] {task_command.py:370} INFO - Running <TaskInstance: get_stocks_dag.GOOG scheduled__2023-06-01T00:00:00+00:00 [running]> on host lucas-Estudos
[2023-07-17 21:02:07,821] {taskinstance.py:1569} INFO - Exporting the following env vars:
AIRFLOW_CTX_DAG_OWNER=airflow
AIRFLOW_CTX_DAG_ID=get_stocks_dag
AIRFLOW_CTX_TASK_ID=GOOG
AIRFLOW_CTX_EXECUTION_DATE=2023-06-01T00:00:00+00:00
AIRFLOW_CTX_TRY_NUMBER=1
AIRFLOW_CTX_DAG_RUN_ID=scheduled__2023-06-01T00:00:00+00:00
[2023-07-17 21:02:13,551] {python.py:173} INFO - Done. Returned value was: None
[2023-07-17 21:02:13,607] {taskinstance.py:1395} INFO - Marking task as SUCCESS. dag_id=get_stocks_dag, task_id=GOOG, execution_date=20230601T000000, start_date=20230718T000207, end_date=20230718T000213
[2023-07-17 21:02:13,657] {local_task_job.py:156} INFO - Task exited with return code 0
[2023-07-17 21:02:13,761] {local_task_job.py:273} INFO - 0 downstream tasks scheduled from follow-on schedule check
[2023-07-17 22:04:57,918] {taskinstance.py:1159} INFO - Dependencies all met for <TaskInstance: get_stocks_dag.GOOG scheduled__2023-06-01T00:00:00+00:00 [queued]>
[2023-07-17 22:04:57,929] {taskinstance.py:1159} INFO - Dependencies all met for <TaskInstance: get_stocks_dag.GOOG scheduled__2023-06-01T00:00:00+00:00 [queued]>
[2023-07-17 22:04:57,929] {taskinstance.py:1356} INFO - 
--------------------------------------------------------------------------------
[2023-07-17 22:04:57,929] {taskinstance.py:1357} INFO - Starting attempt 1 of 1
[2023-07-17 22:04:57,929] {taskinstance.py:1358} INFO - 
--------------------------------------------------------------------------------
[2023-07-17 22:04:57,945] {taskinstance.py:1377} INFO - Executing <Task(_PythonDecoratedOperator): GOOG> on 2023-06-01 00:00:00+00:00
[2023-07-17 22:04:57,954] {standard_task_runner.py:52} INFO - Started process 68113 to run task
[2023-07-17 22:04:57,957] {standard_task_runner.py:79} INFO - Running: ['airflow', 'tasks', 'run', 'get_stocks_dag', 'GOOG', 'scheduled__2023-06-01T00:00:00+00:00', '--job-id', '896', '--raw', '--subdir', 'DAGS_FOLDER/get_stocks.py', '--cfg-path', '/tmp/tmpa4iccwqq', '--error-file', '/tmp/tmpi4st8mzc']
[2023-07-17 22:04:57,958] {standard_task_runner.py:80} INFO - Job 896: Subtask GOOG
[2023-07-17 22:04:58,025] {task_command.py:370} INFO - Running <TaskInstance: get_stocks_dag.GOOG scheduled__2023-06-01T00:00:00+00:00 [running]> on host lucas-Estudos
[2023-07-17 22:04:58,236] {taskinstance.py:1569} INFO - Exporting the following env vars:
AIRFLOW_CTX_DAG_OWNER=airflow
AIRFLOW_CTX_DAG_ID=get_stocks_dag
AIRFLOW_CTX_TASK_ID=GOOG
AIRFLOW_CTX_EXECUTION_DATE=2023-06-01T00:00:00+00:00
AIRFLOW_CTX_TRY_NUMBER=1
AIRFLOW_CTX_DAG_RUN_ID=scheduled__2023-06-01T00:00:00+00:00
[2023-07-17 22:04:59,772] {python.py:173} INFO - Done. Returned value was: None
[2023-07-17 22:04:59,827] {taskinstance.py:1395} INFO - Marking task as SUCCESS. dag_id=get_stocks_dag, task_id=GOOG, execution_date=20230601T000000, start_date=20230718T010457, end_date=20230718T010459
[2023-07-17 22:04:59,896] {local_task_job.py:156} INFO - Task exited with return code 0
[2023-07-17 22:05:00,023] {local_task_job.py:273} INFO - 0 downstream tasks scheduled from follow-on schedule check
[2023-07-18 10:45:03,289] {taskinstance.py:1159} INFO - Dependencies all met for <TaskInstance: get_stocks_dag.GOOG scheduled__2023-06-01T00:00:00+00:00 [queued]>
[2023-07-18 10:45:03,299] {taskinstance.py:1159} INFO - Dependencies all met for <TaskInstance: get_stocks_dag.GOOG scheduled__2023-06-01T00:00:00+00:00 [queued]>
[2023-07-18 10:45:03,299] {taskinstance.py:1356} INFO - 
--------------------------------------------------------------------------------
[2023-07-18 10:45:03,299] {taskinstance.py:1357} INFO - Starting attempt 1 of 1
[2023-07-18 10:45:03,299] {taskinstance.py:1358} INFO - 
--------------------------------------------------------------------------------
[2023-07-18 10:45:03,311] {taskinstance.py:1377} INFO - Executing <Task(_PythonDecoratedOperator): GOOG> on 2023-06-01 00:00:00+00:00
[2023-07-18 10:45:03,317] {standard_task_runner.py:52} INFO - Started process 16834 to run task
[2023-07-18 10:45:03,321] {standard_task_runner.py:79} INFO - Running: ['airflow', 'tasks', 'run', 'get_stocks_dag', 'GOOG', 'scheduled__2023-06-01T00:00:00+00:00', '--job-id', '1370', '--raw', '--subdir', 'DAGS_FOLDER/get_stocks.py', '--cfg-path', '/tmp/tmp0snoup_a', '--error-file', '/tmp/tmpdegk1a9e']
[2023-07-18 10:45:03,322] {standard_task_runner.py:80} INFO - Job 1370: Subtask GOOG
[2023-07-18 10:45:03,466] {task_command.py:370} INFO - Running <TaskInstance: get_stocks_dag.GOOG scheduled__2023-06-01T00:00:00+00:00 [running]> on host lucas-Estudos
[2023-07-18 10:45:03,560] {taskinstance.py:1569} INFO - Exporting the following env vars:
AIRFLOW_CTX_DAG_OWNER=airflow
AIRFLOW_CTX_DAG_ID=get_stocks_dag
AIRFLOW_CTX_TASK_ID=GOOG
AIRFLOW_CTX_EXECUTION_DATE=2023-06-01T00:00:00+00:00
AIRFLOW_CTX_TRY_NUMBER=1
AIRFLOW_CTX_DAG_RUN_ID=scheduled__2023-06-01T00:00:00+00:00
[2023-07-18 10:45:04,029] {python.py:173} INFO - Done. Returned value was: None
[2023-07-18 10:45:04,042] {taskinstance.py:1395} INFO - Marking task as SUCCESS. dag_id=get_stocks_dag, task_id=GOOG, execution_date=20230601T000000, start_date=20230718T134503, end_date=20230718T134504
[2023-07-18 10:45:04,095] {local_task_job.py:156} INFO - Task exited with return code 0
[2023-07-18 10:45:04,208] {local_task_job.py:273} INFO - 0 downstream tasks scheduled from follow-on schedule check
