[2023-07-17 14:55:00,855] {taskinstance.py:1159} INFO - Dependencies all met for <TaskInstance: get_stocks_dag.TSLA scheduled__2023-07-14T00:00:00+00:00 [queued]>
[2023-07-17 14:55:00,859] {taskinstance.py:1159} INFO - Dependencies all met for <TaskInstance: get_stocks_dag.TSLA scheduled__2023-07-14T00:00:00+00:00 [queued]>
[2023-07-17 14:55:00,859] {taskinstance.py:1356} INFO - 
--------------------------------------------------------------------------------
[2023-07-17 14:55:00,859] {taskinstance.py:1357} INFO - Starting attempt 1 of 1
[2023-07-17 14:55:00,859] {taskinstance.py:1358} INFO - 
--------------------------------------------------------------------------------
[2023-07-17 14:55:00,867] {taskinstance.py:1377} INFO - Executing <Task(_PythonDecoratedOperator): TSLA> on 2023-07-14 00:00:00+00:00
[2023-07-17 14:55:00,869] {standard_task_runner.py:52} INFO - Started process 25386 to run task
[2023-07-17 14:55:00,872] {standard_task_runner.py:79} INFO - Running: ['airflow', 'tasks', 'run', 'get_stocks_dag', 'TSLA', 'scheduled__2023-07-14T00:00:00+00:00', '--job-id', '22', '--raw', '--subdir', 'DAGS_FOLDER/get_stocks.py', '--cfg-path', '/tmp/tmpldtycy7z', '--error-file', '/tmp/tmpie5cxaxk']
[2023-07-17 14:55:00,872] {standard_task_runner.py:80} INFO - Job 22: Subtask TSLA
[2023-07-17 14:55:00,912] {task_command.py:370} INFO - Running <TaskInstance: get_stocks_dag.TSLA scheduled__2023-07-14T00:00:00+00:00 [running]> on host lucas-Estudos
[2023-07-17 14:55:00,955] {taskinstance.py:1569} INFO - Exporting the following env vars:
AIRFLOW_CTX_DAG_OWNER=airflow
AIRFLOW_CTX_DAG_ID=get_stocks_dag
AIRFLOW_CTX_TASK_ID=TSLA
AIRFLOW_CTX_EXECUTION_DATE=2023-07-14T00:00:00+00:00
AIRFLOW_CTX_TRY_NUMBER=1
AIRFLOW_CTX_DAG_RUN_ID=scheduled__2023-07-14T00:00:00+00:00
[2023-07-17 14:55:01,548] {python.py:173} INFO - Done. Returned value was: None
[2023-07-17 14:55:01,563] {taskinstance.py:1395} INFO - Marking task as SUCCESS. dag_id=get_stocks_dag, task_id=TSLA, execution_date=20230714T000000, start_date=20230717T175500, end_date=20230717T175501
[2023-07-17 14:55:01,606] {local_task_job.py:156} INFO - Task exited with return code 0
[2023-07-17 14:55:01,644] {local_task_job.py:273} INFO - 0 downstream tasks scheduled from follow-on schedule check
[2023-07-17 16:07:05,953] {taskinstance.py:1159} INFO - Dependencies all met for <TaskInstance: get_stocks_dag.TSLA scheduled__2023-07-14T00:00:00+00:00 [queued]>
[2023-07-17 16:07:05,992] {taskinstance.py:1159} INFO - Dependencies all met for <TaskInstance: get_stocks_dag.TSLA scheduled__2023-07-14T00:00:00+00:00 [queued]>
[2023-07-17 16:07:05,992] {taskinstance.py:1356} INFO - 
--------------------------------------------------------------------------------
[2023-07-17 16:07:05,992] {taskinstance.py:1357} INFO - Starting attempt 1 of 1
[2023-07-17 16:07:05,992] {taskinstance.py:1358} INFO - 
--------------------------------------------------------------------------------
[2023-07-17 16:07:06,064] {taskinstance.py:1377} INFO - Executing <Task(_PythonDecoratedOperator): TSLA> on 2023-07-14 00:00:00+00:00
[2023-07-17 16:07:06,095] {standard_task_runner.py:52} INFO - Started process 26248 to run task
[2023-07-17 16:07:06,138] {standard_task_runner.py:79} INFO - Running: ['airflow', 'tasks', 'run', 'get_stocks_dag', 'TSLA', 'scheduled__2023-07-14T00:00:00+00:00', '--job-id', '11', '--raw', '--subdir', 'DAGS_FOLDER/get_stocks.py', '--cfg-path', '/tmp/tmpzj4edjom', '--error-file', '/tmp/tmpwmhk9y93']
[2023-07-17 16:07:06,139] {standard_task_runner.py:80} INFO - Job 11: Subtask TSLA
[2023-07-17 16:07:06,410] {task_command.py:370} INFO - Running <TaskInstance: get_stocks_dag.TSLA scheduled__2023-07-14T00:00:00+00:00 [running]> on host lucas-Estudos
[2023-07-17 16:07:06,801] {taskinstance.py:1569} INFO - Exporting the following env vars:
AIRFLOW_CTX_DAG_OWNER=airflow
AIRFLOW_CTX_DAG_ID=get_stocks_dag
AIRFLOW_CTX_TASK_ID=TSLA
AIRFLOW_CTX_EXECUTION_DATE=2023-07-14T00:00:00+00:00
AIRFLOW_CTX_TRY_NUMBER=1
AIRFLOW_CTX_DAG_RUN_ID=scheduled__2023-07-14T00:00:00+00:00
[2023-07-17 16:07:08,029] {python.py:173} INFO - Done. Returned value was: None
[2023-07-17 16:07:08,062] {taskinstance.py:1395} INFO - Marking task as SUCCESS. dag_id=get_stocks_dag, task_id=TSLA, execution_date=20230714T000000, start_date=20230717T190705, end_date=20230717T190708
[2023-07-17 16:07:08,129] {local_task_job.py:156} INFO - Task exited with return code 0
[2023-07-17 16:07:08,214] {local_task_job.py:273} INFO - 0 downstream tasks scheduled from follow-on schedule check
[2023-07-17 16:23:51,989] {taskinstance.py:1159} INFO - Dependencies all met for <TaskInstance: get_stocks_dag.TSLA scheduled__2023-07-14T00:00:00+00:00 [queued]>
[2023-07-17 16:23:52,010] {taskinstance.py:1159} INFO - Dependencies all met for <TaskInstance: get_stocks_dag.TSLA scheduled__2023-07-14T00:00:00+00:00 [queued]>
[2023-07-17 16:23:52,011] {taskinstance.py:1356} INFO - 
--------------------------------------------------------------------------------
[2023-07-17 16:23:52,011] {taskinstance.py:1357} INFO - Starting attempt 1 of 1
[2023-07-17 16:23:52,011] {taskinstance.py:1358} INFO - 
--------------------------------------------------------------------------------
[2023-07-17 16:23:52,029] {taskinstance.py:1377} INFO - Executing <Task(_PythonDecoratedOperator): TSLA> on 2023-07-14 00:00:00+00:00
[2023-07-17 16:23:52,037] {standard_task_runner.py:52} INFO - Started process 12917 to run task
[2023-07-17 16:23:52,041] {standard_task_runner.py:79} INFO - Running: ['airflow', 'tasks', 'run', 'get_stocks_dag', 'TSLA', 'scheduled__2023-07-14T00:00:00+00:00', '--job-id', '267', '--raw', '--subdir', 'DAGS_FOLDER/get_stocks.py', '--cfg-path', '/tmp/tmpi15m2e3s', '--error-file', '/tmp/tmpytq3wgsl']
[2023-07-17 16:23:52,045] {standard_task_runner.py:80} INFO - Job 267: Subtask TSLA
[2023-07-17 16:23:52,190] {task_command.py:370} INFO - Running <TaskInstance: get_stocks_dag.TSLA scheduled__2023-07-14T00:00:00+00:00 [running]> on host lucas-Estudos
[2023-07-17 16:23:52,362] {taskinstance.py:1569} INFO - Exporting the following env vars:
AIRFLOW_CTX_DAG_OWNER=airflow
AIRFLOW_CTX_DAG_ID=get_stocks_dag
AIRFLOW_CTX_TASK_ID=TSLA
AIRFLOW_CTX_EXECUTION_DATE=2023-07-14T00:00:00+00:00
AIRFLOW_CTX_TRY_NUMBER=1
AIRFLOW_CTX_DAG_RUN_ID=scheduled__2023-07-14T00:00:00+00:00
[2023-07-17 16:23:52,843] {python.py:173} INFO - Done. Returned value was: None
[2023-07-17 16:23:52,915] {taskinstance.py:1395} INFO - Marking task as SUCCESS. dag_id=get_stocks_dag, task_id=TSLA, execution_date=20230714T000000, start_date=20230717T192351, end_date=20230717T192352
[2023-07-17 16:23:52,988] {local_task_job.py:156} INFO - Task exited with return code 0
[2023-07-17 16:23:53,074] {local_task_job.py:273} INFO - 0 downstream tasks scheduled from follow-on schedule check
[2023-07-17 16:55:13,313] {taskinstance.py:1159} INFO - Dependencies all met for <TaskInstance: get_stocks_dag.TSLA scheduled__2023-07-14T00:00:00+00:00 [queued]>
[2023-07-17 16:55:13,326] {taskinstance.py:1159} INFO - Dependencies all met for <TaskInstance: get_stocks_dag.TSLA scheduled__2023-07-14T00:00:00+00:00 [queued]>
[2023-07-17 16:55:13,326] {taskinstance.py:1356} INFO - 
--------------------------------------------------------------------------------
[2023-07-17 16:55:13,326] {taskinstance.py:1357} INFO - Starting attempt 1 of 1
[2023-07-17 16:55:13,326] {taskinstance.py:1358} INFO - 
--------------------------------------------------------------------------------
[2023-07-17 16:55:13,342] {taskinstance.py:1377} INFO - Executing <Task(_PythonDecoratedOperator): TSLA> on 2023-07-14 00:00:00+00:00
[2023-07-17 16:55:13,349] {standard_task_runner.py:52} INFO - Started process 25791 to run task
[2023-07-17 16:55:13,353] {standard_task_runner.py:79} INFO - Running: ['airflow', 'tasks', 'run', 'get_stocks_dag', 'TSLA', 'scheduled__2023-07-14T00:00:00+00:00', '--job-id', '482', '--raw', '--subdir', 'DAGS_FOLDER/get_stocks.py', '--cfg-path', '/tmp/tmpeazxlrrh', '--error-file', '/tmp/tmpaw4tlnnn']
[2023-07-17 16:55:13,354] {standard_task_runner.py:80} INFO - Job 482: Subtask TSLA
[2023-07-17 16:55:13,465] {task_command.py:370} INFO - Running <TaskInstance: get_stocks_dag.TSLA scheduled__2023-07-14T00:00:00+00:00 [running]> on host lucas-Estudos
[2023-07-17 16:55:13,619] {taskinstance.py:1569} INFO - Exporting the following env vars:
AIRFLOW_CTX_DAG_OWNER=airflow
AIRFLOW_CTX_DAG_ID=get_stocks_dag
AIRFLOW_CTX_TASK_ID=TSLA
AIRFLOW_CTX_EXECUTION_DATE=2023-07-14T00:00:00+00:00
AIRFLOW_CTX_TRY_NUMBER=1
AIRFLOW_CTX_DAG_RUN_ID=scheduled__2023-07-14T00:00:00+00:00
[2023-07-17 16:55:14,072] {python.py:173} INFO - Done. Returned value was: None
[2023-07-17 16:55:14,096] {taskinstance.py:1395} INFO - Marking task as SUCCESS. dag_id=get_stocks_dag, task_id=TSLA, execution_date=20230714T000000, start_date=20230717T195513, end_date=20230717T195514
[2023-07-17 16:55:14,142] {local_task_job.py:156} INFO - Task exited with return code 0
[2023-07-17 16:55:14,218] {local_task_job.py:273} INFO - 0 downstream tasks scheduled from follow-on schedule check
[2023-07-17 21:10:11,092] {taskinstance.py:1159} INFO - Dependencies all met for <TaskInstance: get_stocks_dag.TSLA scheduled__2023-07-14T00:00:00+00:00 [queued]>
[2023-07-17 21:10:11,117] {taskinstance.py:1159} INFO - Dependencies all met for <TaskInstance: get_stocks_dag.TSLA scheduled__2023-07-14T00:00:00+00:00 [queued]>
[2023-07-17 21:10:11,117] {taskinstance.py:1356} INFO - 
--------------------------------------------------------------------------------
[2023-07-17 21:10:11,117] {taskinstance.py:1357} INFO - Starting attempt 1 of 1
[2023-07-17 21:10:11,117] {taskinstance.py:1358} INFO - 
--------------------------------------------------------------------------------
[2023-07-17 21:10:11,147] {taskinstance.py:1377} INFO - Executing <Task(_PythonDecoratedOperator): TSLA> on 2023-07-14 00:00:00+00:00
[2023-07-17 21:10:11,157] {standard_task_runner.py:52} INFO - Started process 38311 to run task
[2023-07-17 21:10:11,166] {standard_task_runner.py:79} INFO - Running: ['airflow', 'tasks', 'run', 'get_stocks_dag', 'TSLA', 'scheduled__2023-07-14T00:00:00+00:00', '--job-id', '700', '--raw', '--subdir', 'DAGS_FOLDER/get_stocks.py', '--cfg-path', '/tmp/tmpl6zrz04e', '--error-file', '/tmp/tmpuirt6_70']
[2023-07-17 21:10:11,169] {standard_task_runner.py:80} INFO - Job 700: Subtask TSLA
[2023-07-17 21:10:11,353] {task_command.py:370} INFO - Running <TaskInstance: get_stocks_dag.TSLA scheduled__2023-07-14T00:00:00+00:00 [running]> on host lucas-Estudos
[2023-07-17 21:10:11,553] {taskinstance.py:1569} INFO - Exporting the following env vars:
AIRFLOW_CTX_DAG_OWNER=airflow
AIRFLOW_CTX_DAG_ID=get_stocks_dag
AIRFLOW_CTX_TASK_ID=TSLA
AIRFLOW_CTX_EXECUTION_DATE=2023-07-14T00:00:00+00:00
AIRFLOW_CTX_TRY_NUMBER=1
AIRFLOW_CTX_DAG_RUN_ID=scheduled__2023-07-14T00:00:00+00:00
[2023-07-17 21:10:15,318] {python.py:173} INFO - Done. Returned value was: None
[2023-07-17 21:10:15,389] {taskinstance.py:1395} INFO - Marking task as SUCCESS. dag_id=get_stocks_dag, task_id=TSLA, execution_date=20230714T000000, start_date=20230718T001011, end_date=20230718T001015
[2023-07-17 21:10:15,471] {local_task_job.py:156} INFO - Task exited with return code 0
[2023-07-17 21:10:15,589] {local_task_job.py:273} INFO - 0 downstream tasks scheduled from follow-on schedule check
[2023-07-17 22:21:53,624] {taskinstance.py:1159} INFO - Dependencies all met for <TaskInstance: get_stocks_dag.TSLA scheduled__2023-07-14T00:00:00+00:00 [queued]>
[2023-07-17 22:21:53,640] {taskinstance.py:1159} INFO - Dependencies all met for <TaskInstance: get_stocks_dag.TSLA scheduled__2023-07-14T00:00:00+00:00 [queued]>
[2023-07-17 22:21:53,640] {taskinstance.py:1356} INFO - 
--------------------------------------------------------------------------------
[2023-07-17 22:21:53,640] {taskinstance.py:1357} INFO - Starting attempt 1 of 1
[2023-07-17 22:21:53,640] {taskinstance.py:1358} INFO - 
--------------------------------------------------------------------------------
[2023-07-17 22:21:53,672] {taskinstance.py:1377} INFO - Executing <Task(_PythonDecoratedOperator): TSLA> on 2023-07-14 00:00:00+00:00
[2023-07-17 22:21:53,701] {standard_task_runner.py:52} INFO - Started process 102552 to run task
[2023-07-17 22:21:53,714] {standard_task_runner.py:79} INFO - Running: ['airflow', 'tasks', 'run', 'get_stocks_dag', 'TSLA', 'scheduled__2023-07-14T00:00:00+00:00', '--job-id', '1146', '--raw', '--subdir', 'DAGS_FOLDER/get_stocks.py', '--cfg-path', '/tmp/tmphn9cmp28', '--error-file', '/tmp/tmp9lpbwlgx']
[2023-07-17 22:21:53,715] {standard_task_runner.py:80} INFO - Job 1146: Subtask TSLA
[2023-07-17 22:21:53,885] {task_command.py:370} INFO - Running <TaskInstance: get_stocks_dag.TSLA scheduled__2023-07-14T00:00:00+00:00 [running]> on host lucas-Estudos
[2023-07-17 22:21:54,040] {taskinstance.py:1569} INFO - Exporting the following env vars:
AIRFLOW_CTX_DAG_OWNER=airflow
AIRFLOW_CTX_DAG_ID=get_stocks_dag
AIRFLOW_CTX_TASK_ID=TSLA
AIRFLOW_CTX_EXECUTION_DATE=2023-07-14T00:00:00+00:00
AIRFLOW_CTX_TRY_NUMBER=1
AIRFLOW_CTX_DAG_RUN_ID=scheduled__2023-07-14T00:00:00+00:00
[2023-07-17 22:22:04,432] {python.py:173} INFO - Done. Returned value was: None
[2023-07-17 22:22:04,447] {taskinstance.py:1395} INFO - Marking task as SUCCESS. dag_id=get_stocks_dag, task_id=TSLA, execution_date=20230714T000000, start_date=20230718T012153, end_date=20230718T012204
[2023-07-17 22:22:04,525] {local_task_job.py:156} INFO - Task exited with return code 0
[2023-07-17 22:22:04,574] {local_task_job.py:273} INFO - 0 downstream tasks scheduled from follow-on schedule check
