[2023-07-17 22:08:52,953] {taskinstance.py:1159} INFO - Dependencies all met for <TaskInstance: get_crypto_dag.BTC scheduled__2023-06-01T00:00:00+00:00 [queued]>
[2023-07-17 22:08:52,972] {taskinstance.py:1159} INFO - Dependencies all met for <TaskInstance: get_crypto_dag.BTC scheduled__2023-06-01T00:00:00+00:00 [queued]>
[2023-07-17 22:08:52,972] {taskinstance.py:1356} INFO - 
--------------------------------------------------------------------------------
[2023-07-17 22:08:52,972] {taskinstance.py:1357} INFO - Starting attempt 1 of 1
[2023-07-17 22:08:52,972] {taskinstance.py:1358} INFO - 
--------------------------------------------------------------------------------
[2023-07-17 22:08:53,006] {taskinstance.py:1377} INFO - Executing <Task(_PythonDecoratedOperator): BTC> on 2023-06-01 00:00:00+00:00
[2023-07-17 22:08:53,017] {standard_task_runner.py:52} INFO - Started process 76018 to run task
[2023-07-17 22:08:53,029] {standard_task_runner.py:79} INFO - Running: ['airflow', 'tasks', 'run', 'get_crypto_dag', 'BTC', 'scheduled__2023-06-01T00:00:00+00:00', '--job-id', '955', '--raw', '--subdir', 'DAGS_FOLDER/get_crypto.py', '--cfg-path', '/tmp/tmpeuy305kw', '--error-file', '/tmp/tmp723ztq0t']
[2023-07-17 22:08:53,031] {standard_task_runner.py:80} INFO - Job 955: Subtask BTC
[2023-07-17 22:08:53,172] {task_command.py:370} INFO - Running <TaskInstance: get_crypto_dag.BTC scheduled__2023-06-01T00:00:00+00:00 [running]> on host lucas-Estudos
[2023-07-17 22:08:53,237] {taskinstance.py:1569} INFO - Exporting the following env vars:
AIRFLOW_CTX_DAG_OWNER=airflow
AIRFLOW_CTX_DAG_ID=get_crypto_dag
AIRFLOW_CTX_TASK_ID=BTC
AIRFLOW_CTX_EXECUTION_DATE=2023-06-01T00:00:00+00:00
AIRFLOW_CTX_TRY_NUMBER=1
AIRFLOW_CTX_DAG_RUN_ID=scheduled__2023-06-01T00:00:00+00:00
[2023-07-17 22:08:57,970] {base.py:297} ERROR - BTC: No price data found, symbol may be delisted (1h 2023-05-31 -> 2023-06-01)
[2023-07-17 22:08:57,976] {python.py:173} INFO - Done. Returned value was: None
[2023-07-17 22:08:58,025] {taskinstance.py:1395} INFO - Marking task as SUCCESS. dag_id=get_crypto_dag, task_id=BTC, execution_date=20230601T000000, start_date=20230718T010852, end_date=20230718T010858
[2023-07-17 22:08:58,196] {local_task_job.py:156} INFO - Task exited with return code 0
[2023-07-17 22:08:58,291] {local_task_job.py:273} INFO - 0 downstream tasks scheduled from follow-on schedule check
[2023-07-18 10:44:28,965] {taskinstance.py:1159} INFO - Dependencies all met for <TaskInstance: get_crypto_dag.BTC scheduled__2023-06-01T00:00:00+00:00 [queued]>
[2023-07-18 10:44:28,988] {taskinstance.py:1159} INFO - Dependencies all met for <TaskInstance: get_crypto_dag.BTC scheduled__2023-06-01T00:00:00+00:00 [queued]>
[2023-07-18 10:44:28,989] {taskinstance.py:1356} INFO - 
--------------------------------------------------------------------------------
[2023-07-18 10:44:28,989] {taskinstance.py:1357} INFO - Starting attempt 1 of 1
[2023-07-18 10:44:28,989] {taskinstance.py:1358} INFO - 
--------------------------------------------------------------------------------
[2023-07-18 10:44:29,017] {taskinstance.py:1377} INFO - Executing <Task(_PythonDecoratedOperator): BTC> on 2023-06-01 00:00:00+00:00
[2023-07-18 10:44:29,026] {standard_task_runner.py:52} INFO - Started process 16649 to run task
[2023-07-18 10:44:29,033] {standard_task_runner.py:79} INFO - Running: ['airflow', 'tasks', 'run', 'get_crypto_dag', 'BTC', 'scheduled__2023-06-01T00:00:00+00:00', '--job-id', '1365', '--raw', '--subdir', 'DAGS_FOLDER/get_crypto.py', '--cfg-path', '/tmp/tmpnbbesh0a', '--error-file', '/tmp/tmpnvvw87he']
[2023-07-18 10:44:29,036] {standard_task_runner.py:80} INFO - Job 1365: Subtask BTC
[2023-07-18 10:44:29,234] {task_command.py:370} INFO - Running <TaskInstance: get_crypto_dag.BTC scheduled__2023-06-01T00:00:00+00:00 [running]> on host lucas-Estudos
[2023-07-18 10:44:29,465] {taskinstance.py:1569} INFO - Exporting the following env vars:
AIRFLOW_CTX_DAG_OWNER=airflow
AIRFLOW_CTX_DAG_ID=get_crypto_dag
AIRFLOW_CTX_TASK_ID=BTC
AIRFLOW_CTX_EXECUTION_DATE=2023-06-01T00:00:00+00:00
AIRFLOW_CTX_TRY_NUMBER=1
AIRFLOW_CTX_DAG_RUN_ID=scheduled__2023-06-01T00:00:00+00:00
[2023-07-18 10:44:30,062] {base.py:297} ERROR - BTC: No price data found, symbol may be delisted (1h 2023-05-31 -> 2023-06-01)
[2023-07-18 10:44:30,068] {python.py:173} INFO - Done. Returned value was: None
[2023-07-18 10:44:30,117] {taskinstance.py:1395} INFO - Marking task as SUCCESS. dag_id=get_crypto_dag, task_id=BTC, execution_date=20230601T000000, start_date=20230718T134428, end_date=20230718T134430
[2023-07-18 10:44:30,169] {local_task_job.py:156} INFO - Task exited with return code 0
[2023-07-18 10:44:30,284] {local_task_job.py:273} INFO - 0 downstream tasks scheduled from follow-on schedule check
