[2023-07-17 22:11:19,596] {taskinstance.py:1159} INFO - Dependencies all met for <TaskInstance: get_crypto_dag.BTC scheduled__2023-06-06T00:00:00+00:00 [queued]>
[2023-07-17 22:11:19,623] {taskinstance.py:1159} INFO - Dependencies all met for <TaskInstance: get_crypto_dag.BTC scheduled__2023-06-06T00:00:00+00:00 [queued]>
[2023-07-17 22:11:19,623] {taskinstance.py:1356} INFO - 
--------------------------------------------------------------------------------
[2023-07-17 22:11:19,623] {taskinstance.py:1357} INFO - Starting attempt 1 of 1
[2023-07-17 22:11:19,623] {taskinstance.py:1358} INFO - 
--------------------------------------------------------------------------------
[2023-07-17 22:11:19,644] {taskinstance.py:1377} INFO - Executing <Task(_PythonDecoratedOperator): BTC> on 2023-06-06 00:00:00+00:00
[2023-07-17 22:11:19,648] {standard_task_runner.py:52} INFO - Started process 81008 to run task
[2023-07-17 22:11:19,650] {standard_task_runner.py:79} INFO - Running: ['airflow', 'tasks', 'run', 'get_crypto_dag', 'BTC', 'scheduled__2023-06-06T00:00:00+00:00', '--job-id', '991', '--raw', '--subdir', 'DAGS_FOLDER/get_crypto.py', '--cfg-path', '/tmp/tmpl00aifdn', '--error-file', '/tmp/tmpbvswaj33']
[2023-07-17 22:11:19,651] {standard_task_runner.py:80} INFO - Job 991: Subtask BTC
[2023-07-17 22:11:19,705] {task_command.py:370} INFO - Running <TaskInstance: get_crypto_dag.BTC scheduled__2023-06-06T00:00:00+00:00 [running]> on host lucas-Estudos
[2023-07-17 22:11:19,836] {taskinstance.py:1569} INFO - Exporting the following env vars:
AIRFLOW_CTX_DAG_OWNER=airflow
AIRFLOW_CTX_DAG_ID=get_crypto_dag
AIRFLOW_CTX_TASK_ID=BTC
AIRFLOW_CTX_EXECUTION_DATE=2023-06-06T00:00:00+00:00
AIRFLOW_CTX_TRY_NUMBER=1
AIRFLOW_CTX_DAG_RUN_ID=scheduled__2023-06-06T00:00:00+00:00
[2023-07-17 22:11:21,433] {base.py:297} ERROR - BTC: No price data found, symbol may be delisted (1h 2023-06-05 -> 2023-06-06)
[2023-07-17 22:11:21,440] {python.py:173} INFO - Done. Returned value was: None
[2023-07-17 22:11:21,560] {taskinstance.py:1395} INFO - Marking task as SUCCESS. dag_id=get_crypto_dag, task_id=BTC, execution_date=20230606T000000, start_date=20230718T011119, end_date=20230718T011121
[2023-07-17 22:11:21,629] {local_task_job.py:156} INFO - Task exited with return code 0
[2023-07-17 22:11:21,751] {local_task_job.py:273} INFO - 0 downstream tasks scheduled from follow-on schedule check
[2023-07-18 10:48:21,595] {taskinstance.py:1159} INFO - Dependencies all met for <TaskInstance: get_crypto_dag.BTC scheduled__2023-06-06T00:00:00+00:00 [queued]>
[2023-07-18 10:48:21,629] {taskinstance.py:1159} INFO - Dependencies all met for <TaskInstance: get_crypto_dag.BTC scheduled__2023-06-06T00:00:00+00:00 [queued]>
[2023-07-18 10:48:21,629] {taskinstance.py:1356} INFO - 
--------------------------------------------------------------------------------
[2023-07-18 10:48:21,629] {taskinstance.py:1357} INFO - Starting attempt 1 of 1
[2023-07-18 10:48:21,630] {taskinstance.py:1358} INFO - 
--------------------------------------------------------------------------------
[2023-07-18 10:48:21,662] {taskinstance.py:1377} INFO - Executing <Task(_PythonDecoratedOperator): BTC> on 2023-06-06 00:00:00+00:00
[2023-07-18 10:48:21,674] {standard_task_runner.py:52} INFO - Started process 17795 to run task
[2023-07-18 10:48:21,683] {standard_task_runner.py:79} INFO - Running: ['airflow', 'tasks', 'run', 'get_crypto_dag', 'BTC', 'scheduled__2023-06-06T00:00:00+00:00', '--job-id', '1401', '--raw', '--subdir', 'DAGS_FOLDER/get_crypto.py', '--cfg-path', '/tmp/tmp3yve254y', '--error-file', '/tmp/tmp45q7bia0']
[2023-07-18 10:48:21,686] {standard_task_runner.py:80} INFO - Job 1401: Subtask BTC
[2023-07-18 10:48:21,902] {task_command.py:370} INFO - Running <TaskInstance: get_crypto_dag.BTC scheduled__2023-06-06T00:00:00+00:00 [running]> on host lucas-Estudos
[2023-07-18 10:48:22,159] {taskinstance.py:1569} INFO - Exporting the following env vars:
AIRFLOW_CTX_DAG_OWNER=airflow
AIRFLOW_CTX_DAG_ID=get_crypto_dag
AIRFLOW_CTX_TASK_ID=BTC
AIRFLOW_CTX_EXECUTION_DATE=2023-06-06T00:00:00+00:00
AIRFLOW_CTX_TRY_NUMBER=1
AIRFLOW_CTX_DAG_RUN_ID=scheduled__2023-06-06T00:00:00+00:00
[2023-07-18 10:48:22,715] {base.py:297} ERROR - BTC: No price data found, symbol may be delisted (1h 2023-06-05 -> 2023-06-06)
[2023-07-18 10:48:22,721] {python.py:173} INFO - Done. Returned value was: None
[2023-07-18 10:48:22,770] {taskinstance.py:1395} INFO - Marking task as SUCCESS. dag_id=get_crypto_dag, task_id=BTC, execution_date=20230606T000000, start_date=20230718T134821, end_date=20230718T134822
[2023-07-18 10:48:22,818] {local_task_job.py:156} INFO - Task exited with return code 0
[2023-07-18 10:48:22,923] {local_task_job.py:273} INFO - 0 downstream tasks scheduled from follow-on schedule check
