[2023-07-12 12:31:23,046] {processor.py:153} INFO - Started process (PID=13916) to work on /home/lucas/Área de Trabalho/Alura/EngenhariaDados/FormacaoAirflow/venv/lib/python3.10/site-packages/airflow/example_dags/example_trigger_target_dag.py
[2023-07-12 12:31:23,047] {processor.py:641} INFO - Processing file /home/lucas/Área de Trabalho/Alura/EngenhariaDados/FormacaoAirflow/venv/lib/python3.10/site-packages/airflow/example_dags/example_trigger_target_dag.py for tasks to queue
[2023-07-12 12:31:23,047] {logging_mixin.py:115} INFO - [2023-07-12 12:31:23,047] {dagbag.py:507} INFO - Filling up the DagBag from /home/lucas/Área de Trabalho/Alura/EngenhariaDados/FormacaoAirflow/venv/lib/python3.10/site-packages/airflow/example_dags/example_trigger_target_dag.py
[2023-07-12 12:31:23,062] {processor.py:651} INFO - DAG(s) dict_keys(['example_trigger_target_dag']) retrieved from /home/lucas/Área de Trabalho/Alura/EngenhariaDados/FormacaoAirflow/venv/lib/python3.10/site-packages/airflow/example_dags/example_trigger_target_dag.py
[2023-07-12 12:31:23,122] {logging_mixin.py:115} INFO - [2023-07-12 12:31:23,121] {manager.py:508} INFO - Created Permission View: can edit on DAG:example_trigger_target_dag
[2023-07-12 12:31:23,132] {logging_mixin.py:115} INFO - [2023-07-12 12:31:23,132] {manager.py:508} INFO - Created Permission View: can delete on DAG:example_trigger_target_dag
[2023-07-12 12:31:23,138] {logging_mixin.py:115} INFO - [2023-07-12 12:31:23,138] {manager.py:508} INFO - Created Permission View: can read on DAG:example_trigger_target_dag
[2023-07-12 12:31:23,138] {logging_mixin.py:115} INFO - [2023-07-12 12:31:23,138] {dag.py:2379} INFO - Sync 1 DAGs
[2023-07-12 12:31:23,147] {logging_mixin.py:115} INFO - [2023-07-12 12:31:23,146] {dag.py:2398} INFO - Creating ORM DAG for example_trigger_target_dag
[2023-07-12 12:31:23,154] {logging_mixin.py:115} INFO - [2023-07-12 12:31:23,153] {dag.py:2927} INFO - Setting next_dagrun for example_trigger_target_dag to None, run_after=None
[2023-07-12 12:31:23,165] {processor.py:161} INFO - Processing /home/lucas/Área de Trabalho/Alura/EngenhariaDados/FormacaoAirflow/venv/lib/python3.10/site-packages/airflow/example_dags/example_trigger_target_dag.py took 0.121 seconds
[2023-07-12 12:31:57,876] {processor.py:153} INFO - Started process (PID=14123) to work on /home/lucas/Área de Trabalho/Alura/EngenhariaDados/FormacaoAirflow/venv/lib/python3.10/site-packages/airflow/example_dags/example_trigger_target_dag.py
[2023-07-12 12:31:57,877] {processor.py:641} INFO - Processing file /home/lucas/Área de Trabalho/Alura/EngenhariaDados/FormacaoAirflow/venv/lib/python3.10/site-packages/airflow/example_dags/example_trigger_target_dag.py for tasks to queue
[2023-07-12 12:31:57,877] {logging_mixin.py:115} INFO - [2023-07-12 12:31:57,877] {dagbag.py:507} INFO - Filling up the DagBag from /home/lucas/Área de Trabalho/Alura/EngenhariaDados/FormacaoAirflow/venv/lib/python3.10/site-packages/airflow/example_dags/example_trigger_target_dag.py
[2023-07-12 12:31:57,889] {processor.py:651} INFO - DAG(s) dict_keys(['example_trigger_target_dag']) retrieved from /home/lucas/Área de Trabalho/Alura/EngenhariaDados/FormacaoAirflow/venv/lib/python3.10/site-packages/airflow/example_dags/example_trigger_target_dag.py
[2023-07-12 12:31:57,899] {logging_mixin.py:115} INFO - [2023-07-12 12:31:57,899] {dag.py:2379} INFO - Sync 1 DAGs
[2023-07-12 12:31:57,914] {logging_mixin.py:115} INFO - [2023-07-12 12:31:57,914] {dag.py:2927} INFO - Setting next_dagrun for example_trigger_target_dag to None, run_after=None
[2023-07-12 12:31:57,923] {processor.py:161} INFO - Processing /home/lucas/Área de Trabalho/Alura/EngenhariaDados/FormacaoAirflow/venv/lib/python3.10/site-packages/airflow/example_dags/example_trigger_target_dag.py took 0.050 seconds
[2023-07-12 12:32:31,626] {processor.py:153} INFO - Started process (PID=14431) to work on /home/lucas/Área de Trabalho/Alura/EngenhariaDados/FormacaoAirflow/venv/lib/python3.10/site-packages/airflow/example_dags/example_trigger_target_dag.py
[2023-07-12 12:32:31,628] {processor.py:641} INFO - Processing file /home/lucas/Área de Trabalho/Alura/EngenhariaDados/FormacaoAirflow/venv/lib/python3.10/site-packages/airflow/example_dags/example_trigger_target_dag.py for tasks to queue
[2023-07-12 12:32:31,629] {logging_mixin.py:115} INFO - [2023-07-12 12:32:31,628] {dagbag.py:507} INFO - Filling up the DagBag from /home/lucas/Área de Trabalho/Alura/EngenhariaDados/FormacaoAirflow/venv/lib/python3.10/site-packages/airflow/example_dags/example_trigger_target_dag.py
[2023-07-12 12:32:31,649] {processor.py:651} INFO - DAG(s) dict_keys(['example_trigger_target_dag']) retrieved from /home/lucas/Área de Trabalho/Alura/EngenhariaDados/FormacaoAirflow/venv/lib/python3.10/site-packages/airflow/example_dags/example_trigger_target_dag.py
[2023-07-12 12:32:31,662] {logging_mixin.py:115} INFO - [2023-07-12 12:32:31,662] {dag.py:2379} INFO - Sync 1 DAGs
[2023-07-12 12:32:31,681] {logging_mixin.py:115} INFO - [2023-07-12 12:32:31,681] {dag.py:2927} INFO - Setting next_dagrun for example_trigger_target_dag to None, run_after=None
[2023-07-12 12:32:31,694] {processor.py:161} INFO - Processing /home/lucas/Área de Trabalho/Alura/EngenhariaDados/FormacaoAirflow/venv/lib/python3.10/site-packages/airflow/example_dags/example_trigger_target_dag.py took 0.074 seconds
[2023-07-12 12:33:05,348] {processor.py:153} INFO - Started process (PID=14560) to work on /home/lucas/Área de Trabalho/Alura/EngenhariaDados/FormacaoAirflow/venv/lib/python3.10/site-packages/airflow/example_dags/example_trigger_target_dag.py
[2023-07-12 12:33:05,349] {processor.py:641} INFO - Processing file /home/lucas/Área de Trabalho/Alura/EngenhariaDados/FormacaoAirflow/venv/lib/python3.10/site-packages/airflow/example_dags/example_trigger_target_dag.py for tasks to queue
[2023-07-12 12:33:05,349] {logging_mixin.py:115} INFO - [2023-07-12 12:33:05,349] {dagbag.py:507} INFO - Filling up the DagBag from /home/lucas/Área de Trabalho/Alura/EngenhariaDados/FormacaoAirflow/venv/lib/python3.10/site-packages/airflow/example_dags/example_trigger_target_dag.py
[2023-07-12 12:33:05,358] {processor.py:651} INFO - DAG(s) dict_keys(['example_trigger_target_dag']) retrieved from /home/lucas/Área de Trabalho/Alura/EngenhariaDados/FormacaoAirflow/venv/lib/python3.10/site-packages/airflow/example_dags/example_trigger_target_dag.py
[2023-07-12 12:33:05,366] {logging_mixin.py:115} INFO - [2023-07-12 12:33:05,366] {dag.py:2379} INFO - Sync 1 DAGs
[2023-07-12 12:33:05,378] {logging_mixin.py:115} INFO - [2023-07-12 12:33:05,378] {dag.py:2927} INFO - Setting next_dagrun for example_trigger_target_dag to None, run_after=None
[2023-07-12 12:33:05,390] {processor.py:161} INFO - Processing /home/lucas/Área de Trabalho/Alura/EngenhariaDados/FormacaoAirflow/venv/lib/python3.10/site-packages/airflow/example_dags/example_trigger_target_dag.py took 0.043 seconds
