[2023-07-12 12:31:32,028] {processor.py:153} INFO - Started process (PID=13949) to work on /home/lucas/Área de Trabalho/Alura/EngenhariaDados/FormacaoAirflow/venv/lib/python3.10/site-packages/airflow/example_dags/example_branch_operator.py
[2023-07-12 12:31:32,029] {processor.py:641} INFO - Processing file /home/lucas/Área de Trabalho/Alura/EngenhariaDados/FormacaoAirflow/venv/lib/python3.10/site-packages/airflow/example_dags/example_branch_operator.py for tasks to queue
[2023-07-12 12:31:32,030] {logging_mixin.py:115} INFO - [2023-07-12 12:31:32,030] {dagbag.py:507} INFO - Filling up the DagBag from /home/lucas/Área de Trabalho/Alura/EngenhariaDados/FormacaoAirflow/venv/lib/python3.10/site-packages/airflow/example_dags/example_branch_operator.py
[2023-07-12 12:31:32,040] {processor.py:651} INFO - DAG(s) dict_keys(['example_branch_operator']) retrieved from /home/lucas/Área de Trabalho/Alura/EngenhariaDados/FormacaoAirflow/venv/lib/python3.10/site-packages/airflow/example_dags/example_branch_operator.py
[2023-07-12 12:31:32,091] {logging_mixin.py:115} INFO - [2023-07-12 12:31:32,091] {manager.py:508} INFO - Created Permission View: can edit on DAG:example_branch_operator
[2023-07-12 12:31:32,102] {logging_mixin.py:115} INFO - [2023-07-12 12:31:32,102] {manager.py:508} INFO - Created Permission View: can delete on DAG:example_branch_operator
[2023-07-12 12:31:32,120] {logging_mixin.py:115} INFO - [2023-07-12 12:31:32,119] {manager.py:508} INFO - Created Permission View: can read on DAG:example_branch_operator
[2023-07-12 12:31:32,121] {logging_mixin.py:115} INFO - [2023-07-12 12:31:32,120] {dag.py:2379} INFO - Sync 1 DAGs
[2023-07-12 12:31:32,136] {logging_mixin.py:115} INFO - [2023-07-12 12:31:32,136] {dag.py:2398} INFO - Creating ORM DAG for example_branch_operator
[2023-07-12 12:31:32,148] {logging_mixin.py:115} INFO - [2023-07-12 12:31:32,148] {dag.py:2927} INFO - Setting next_dagrun for example_branch_operator to 2023-07-11T00:00:00+00:00, run_after=2023-07-12T00:00:00+00:00
[2023-07-12 12:31:32,159] {processor.py:161} INFO - Processing /home/lucas/Área de Trabalho/Alura/EngenhariaDados/FormacaoAirflow/venv/lib/python3.10/site-packages/airflow/example_dags/example_branch_operator.py took 0.136 seconds
[2023-07-12 12:32:04,751] {processor.py:153} INFO - Started process (PID=14182) to work on /home/lucas/Área de Trabalho/Alura/EngenhariaDados/FormacaoAirflow/venv/lib/python3.10/site-packages/airflow/example_dags/example_branch_operator.py
[2023-07-12 12:32:04,751] {processor.py:641} INFO - Processing file /home/lucas/Área de Trabalho/Alura/EngenhariaDados/FormacaoAirflow/venv/lib/python3.10/site-packages/airflow/example_dags/example_branch_operator.py for tasks to queue
[2023-07-12 12:32:04,751] {logging_mixin.py:115} INFO - [2023-07-12 12:32:04,751] {dagbag.py:507} INFO - Filling up the DagBag from /home/lucas/Área de Trabalho/Alura/EngenhariaDados/FormacaoAirflow/venv/lib/python3.10/site-packages/airflow/example_dags/example_branch_operator.py
[2023-07-12 12:32:04,758] {processor.py:651} INFO - DAG(s) dict_keys(['example_branch_operator']) retrieved from /home/lucas/Área de Trabalho/Alura/EngenhariaDados/FormacaoAirflow/venv/lib/python3.10/site-packages/airflow/example_dags/example_branch_operator.py
[2023-07-12 12:32:04,772] {logging_mixin.py:115} INFO - [2023-07-12 12:32:04,772] {dag.py:2379} INFO - Sync 1 DAGs
[2023-07-12 12:32:04,788] {logging_mixin.py:115} INFO - [2023-07-12 12:32:04,788] {dag.py:2927} INFO - Setting next_dagrun for example_branch_operator to 2023-07-11T00:00:00+00:00, run_after=2023-07-12T00:00:00+00:00
[2023-07-12 12:32:04,797] {processor.py:161} INFO - Processing /home/lucas/Área de Trabalho/Alura/EngenhariaDados/FormacaoAirflow/venv/lib/python3.10/site-packages/airflow/example_dags/example_branch_operator.py took 0.048 seconds
[2023-07-12 12:32:39,122] {processor.py:153} INFO - Started process (PID=14464) to work on /home/lucas/Área de Trabalho/Alura/EngenhariaDados/FormacaoAirflow/venv/lib/python3.10/site-packages/airflow/example_dags/example_branch_operator.py
[2023-07-12 12:32:39,123] {processor.py:641} INFO - Processing file /home/lucas/Área de Trabalho/Alura/EngenhariaDados/FormacaoAirflow/venv/lib/python3.10/site-packages/airflow/example_dags/example_branch_operator.py for tasks to queue
[2023-07-12 12:32:39,123] {logging_mixin.py:115} INFO - [2023-07-12 12:32:39,123] {dagbag.py:507} INFO - Filling up the DagBag from /home/lucas/Área de Trabalho/Alura/EngenhariaDados/FormacaoAirflow/venv/lib/python3.10/site-packages/airflow/example_dags/example_branch_operator.py
[2023-07-12 12:32:39,130] {processor.py:651} INFO - DAG(s) dict_keys(['example_branch_operator']) retrieved from /home/lucas/Área de Trabalho/Alura/EngenhariaDados/FormacaoAirflow/venv/lib/python3.10/site-packages/airflow/example_dags/example_branch_operator.py
[2023-07-12 12:32:39,142] {logging_mixin.py:115} INFO - [2023-07-12 12:32:39,142] {dag.py:2379} INFO - Sync 1 DAGs
[2023-07-12 12:32:39,158] {logging_mixin.py:115} INFO - [2023-07-12 12:32:39,158] {dag.py:2927} INFO - Setting next_dagrun for example_branch_operator to 2023-07-11T00:00:00+00:00, run_after=2023-07-12T00:00:00+00:00
[2023-07-12 12:32:39,167] {processor.py:161} INFO - Processing /home/lucas/Área de Trabalho/Alura/EngenhariaDados/FormacaoAirflow/venv/lib/python3.10/site-packages/airflow/example_dags/example_branch_operator.py took 0.047 seconds
[2023-07-12 12:33:14,362] {processor.py:153} INFO - Started process (PID=14628) to work on /home/lucas/Área de Trabalho/Alura/EngenhariaDados/FormacaoAirflow/venv/lib/python3.10/site-packages/airflow/example_dags/example_branch_operator.py
[2023-07-12 12:33:14,366] {processor.py:641} INFO - Processing file /home/lucas/Área de Trabalho/Alura/EngenhariaDados/FormacaoAirflow/venv/lib/python3.10/site-packages/airflow/example_dags/example_branch_operator.py for tasks to queue
[2023-07-12 12:33:14,367] {logging_mixin.py:115} INFO - [2023-07-12 12:33:14,366] {dagbag.py:507} INFO - Filling up the DagBag from /home/lucas/Área de Trabalho/Alura/EngenhariaDados/FormacaoAirflow/venv/lib/python3.10/site-packages/airflow/example_dags/example_branch_operator.py
[2023-07-12 12:33:14,388] {processor.py:651} INFO - DAG(s) dict_keys(['example_branch_operator']) retrieved from /home/lucas/Área de Trabalho/Alura/EngenhariaDados/FormacaoAirflow/venv/lib/python3.10/site-packages/airflow/example_dags/example_branch_operator.py
[2023-07-12 12:33:14,404] {logging_mixin.py:115} INFO - [2023-07-12 12:33:14,404] {dag.py:2379} INFO - Sync 1 DAGs
[2023-07-12 12:33:14,420] {logging_mixin.py:115} INFO - [2023-07-12 12:33:14,420] {dag.py:2927} INFO - Setting next_dagrun for example_branch_operator to 2023-07-11T00:00:00+00:00, run_after=2023-07-12T00:00:00+00:00
[2023-07-12 12:33:14,432] {processor.py:161} INFO - Processing /home/lucas/Área de Trabalho/Alura/EngenhariaDados/FormacaoAirflow/venv/lib/python3.10/site-packages/airflow/example_dags/example_branch_operator.py took 0.075 seconds
