[2023-07-12 12:31:33,569] {processor.py:153} INFO - Started process (PID=13951) to work on /home/lucas/Área de Trabalho/Alura/EngenhariaDados/FormacaoAirflow/venv/lib/python3.10/site-packages/airflow/example_dags/example_branch_day_of_week_operator.py
[2023-07-12 12:31:33,571] {processor.py:641} INFO - Processing file /home/lucas/Área de Trabalho/Alura/EngenhariaDados/FormacaoAirflow/venv/lib/python3.10/site-packages/airflow/example_dags/example_branch_day_of_week_operator.py for tasks to queue
[2023-07-12 12:31:33,572] {logging_mixin.py:115} INFO - [2023-07-12 12:31:33,571] {dagbag.py:507} INFO - Filling up the DagBag from /home/lucas/Área de Trabalho/Alura/EngenhariaDados/FormacaoAirflow/venv/lib/python3.10/site-packages/airflow/example_dags/example_branch_day_of_week_operator.py
[2023-07-12 12:31:33,587] {processor.py:651} INFO - DAG(s) dict_keys(['example_weekday_branch_operator']) retrieved from /home/lucas/Área de Trabalho/Alura/EngenhariaDados/FormacaoAirflow/venv/lib/python3.10/site-packages/airflow/example_dags/example_branch_day_of_week_operator.py
[2023-07-12 12:31:33,645] {logging_mixin.py:115} INFO - [2023-07-12 12:31:33,645] {manager.py:508} INFO - Created Permission View: can edit on DAG:example_weekday_branch_operator
[2023-07-12 12:31:33,652] {logging_mixin.py:115} INFO - [2023-07-12 12:31:33,652] {manager.py:508} INFO - Created Permission View: can delete on DAG:example_weekday_branch_operator
[2023-07-12 12:31:33,659] {logging_mixin.py:115} INFO - [2023-07-12 12:31:33,659] {manager.py:508} INFO - Created Permission View: can read on DAG:example_weekday_branch_operator
[2023-07-12 12:31:33,659] {logging_mixin.py:115} INFO - [2023-07-12 12:31:33,659] {dag.py:2379} INFO - Sync 1 DAGs
[2023-07-12 12:31:33,666] {logging_mixin.py:115} INFO - [2023-07-12 12:31:33,666] {dag.py:2398} INFO - Creating ORM DAG for example_weekday_branch_operator
[2023-07-12 12:31:33,676] {logging_mixin.py:115} INFO - [2023-07-12 12:31:33,676] {dag.py:2927} INFO - Setting next_dagrun for example_weekday_branch_operator to 2023-07-11T00:00:00+00:00, run_after=2023-07-12T00:00:00+00:00
[2023-07-12 12:31:33,687] {processor.py:161} INFO - Processing /home/lucas/Área de Trabalho/Alura/EngenhariaDados/FormacaoAirflow/venv/lib/python3.10/site-packages/airflow/example_dags/example_branch_day_of_week_operator.py took 0.124 seconds
[2023-07-12 12:32:07,023] {processor.py:153} INFO - Started process (PID=14241) to work on /home/lucas/Área de Trabalho/Alura/EngenhariaDados/FormacaoAirflow/venv/lib/python3.10/site-packages/airflow/example_dags/example_branch_day_of_week_operator.py
[2023-07-12 12:32:07,027] {processor.py:641} INFO - Processing file /home/lucas/Área de Trabalho/Alura/EngenhariaDados/FormacaoAirflow/venv/lib/python3.10/site-packages/airflow/example_dags/example_branch_day_of_week_operator.py for tasks to queue
[2023-07-12 12:32:07,028] {logging_mixin.py:115} INFO - [2023-07-12 12:32:07,027] {dagbag.py:507} INFO - Filling up the DagBag from /home/lucas/Área de Trabalho/Alura/EngenhariaDados/FormacaoAirflow/venv/lib/python3.10/site-packages/airflow/example_dags/example_branch_day_of_week_operator.py
[2023-07-12 12:32:07,044] {processor.py:651} INFO - DAG(s) dict_keys(['example_weekday_branch_operator']) retrieved from /home/lucas/Área de Trabalho/Alura/EngenhariaDados/FormacaoAirflow/venv/lib/python3.10/site-packages/airflow/example_dags/example_branch_day_of_week_operator.py
[2023-07-12 12:32:07,060] {logging_mixin.py:115} INFO - [2023-07-12 12:32:07,060] {dag.py:2379} INFO - Sync 1 DAGs
[2023-07-12 12:32:07,075] {logging_mixin.py:115} INFO - [2023-07-12 12:32:07,075] {dag.py:2927} INFO - Setting next_dagrun for example_weekday_branch_operator to 2023-07-11T00:00:00+00:00, run_after=2023-07-12T00:00:00+00:00
[2023-07-12 12:32:07,088] {processor.py:161} INFO - Processing /home/lucas/Área de Trabalho/Alura/EngenhariaDados/FormacaoAirflow/venv/lib/python3.10/site-packages/airflow/example_dags/example_branch_day_of_week_operator.py took 0.072 seconds
[2023-07-12 12:32:40,870] {processor.py:153} INFO - Started process (PID=14468) to work on /home/lucas/Área de Trabalho/Alura/EngenhariaDados/FormacaoAirflow/venv/lib/python3.10/site-packages/airflow/example_dags/example_branch_day_of_week_operator.py
[2023-07-12 12:32:40,874] {processor.py:641} INFO - Processing file /home/lucas/Área de Trabalho/Alura/EngenhariaDados/FormacaoAirflow/venv/lib/python3.10/site-packages/airflow/example_dags/example_branch_day_of_week_operator.py for tasks to queue
[2023-07-12 12:32:40,875] {logging_mixin.py:115} INFO - [2023-07-12 12:32:40,875] {dagbag.py:507} INFO - Filling up the DagBag from /home/lucas/Área de Trabalho/Alura/EngenhariaDados/FormacaoAirflow/venv/lib/python3.10/site-packages/airflow/example_dags/example_branch_day_of_week_operator.py
[2023-07-12 12:32:40,885] {processor.py:651} INFO - DAG(s) dict_keys(['example_weekday_branch_operator']) retrieved from /home/lucas/Área de Trabalho/Alura/EngenhariaDados/FormacaoAirflow/venv/lib/python3.10/site-packages/airflow/example_dags/example_branch_day_of_week_operator.py
[2023-07-12 12:32:40,897] {logging_mixin.py:115} INFO - [2023-07-12 12:32:40,897] {dag.py:2379} INFO - Sync 1 DAGs
[2023-07-12 12:32:40,912] {logging_mixin.py:115} INFO - [2023-07-12 12:32:40,912] {dag.py:2927} INFO - Setting next_dagrun for example_weekday_branch_operator to 2023-07-11T00:00:00+00:00, run_after=2023-07-12T00:00:00+00:00
[2023-07-12 12:32:40,925] {processor.py:161} INFO - Processing /home/lucas/Área de Trabalho/Alura/EngenhariaDados/FormacaoAirflow/venv/lib/python3.10/site-packages/airflow/example_dags/example_branch_day_of_week_operator.py took 0.060 seconds
[2023-07-12 12:33:16,621] {processor.py:153} INFO - Started process (PID=14685) to work on /home/lucas/Área de Trabalho/Alura/EngenhariaDados/FormacaoAirflow/venv/lib/python3.10/site-packages/airflow/example_dags/example_branch_day_of_week_operator.py
[2023-07-12 12:33:16,624] {processor.py:641} INFO - Processing file /home/lucas/Área de Trabalho/Alura/EngenhariaDados/FormacaoAirflow/venv/lib/python3.10/site-packages/airflow/example_dags/example_branch_day_of_week_operator.py for tasks to queue
[2023-07-12 12:33:16,625] {logging_mixin.py:115} INFO - [2023-07-12 12:33:16,625] {dagbag.py:507} INFO - Filling up the DagBag from /home/lucas/Área de Trabalho/Alura/EngenhariaDados/FormacaoAirflow/venv/lib/python3.10/site-packages/airflow/example_dags/example_branch_day_of_week_operator.py
[2023-07-12 12:33:16,643] {processor.py:651} INFO - DAG(s) dict_keys(['example_weekday_branch_operator']) retrieved from /home/lucas/Área de Trabalho/Alura/EngenhariaDados/FormacaoAirflow/venv/lib/python3.10/site-packages/airflow/example_dags/example_branch_day_of_week_operator.py
[2023-07-12 12:33:16,666] {logging_mixin.py:115} INFO - [2023-07-12 12:33:16,666] {dag.py:2379} INFO - Sync 1 DAGs
[2023-07-12 12:33:16,680] {logging_mixin.py:115} INFO - [2023-07-12 12:33:16,680] {dag.py:2927} INFO - Setting next_dagrun for example_weekday_branch_operator to 2023-07-11T00:00:00+00:00, run_after=2023-07-12T00:00:00+00:00
[2023-07-12 12:33:16,692] {processor.py:161} INFO - Processing /home/lucas/Área de Trabalho/Alura/EngenhariaDados/FormacaoAirflow/venv/lib/python3.10/site-packages/airflow/example_dags/example_branch_day_of_week_operator.py took 0.074 seconds
