[2023-07-12 12:31:24,318] {processor.py:153} INFO - Started process (PID=13920) to work on /home/lucas/Área de Trabalho/Alura/EngenhariaDados/FormacaoAirflow/venv/lib/python3.10/site-packages/airflow/example_dags/example_time_delta_sensor_async.py
[2023-07-12 12:31:24,319] {processor.py:641} INFO - Processing file /home/lucas/Área de Trabalho/Alura/EngenhariaDados/FormacaoAirflow/venv/lib/python3.10/site-packages/airflow/example_dags/example_time_delta_sensor_async.py for tasks to queue
[2023-07-12 12:31:24,320] {logging_mixin.py:115} INFO - [2023-07-12 12:31:24,320] {dagbag.py:507} INFO - Filling up the DagBag from /home/lucas/Área de Trabalho/Alura/EngenhariaDados/FormacaoAirflow/venv/lib/python3.10/site-packages/airflow/example_dags/example_time_delta_sensor_async.py
[2023-07-12 12:31:24,331] {processor.py:651} INFO - DAG(s) dict_keys(['example_time_delta_sensor_async']) retrieved from /home/lucas/Área de Trabalho/Alura/EngenhariaDados/FormacaoAirflow/venv/lib/python3.10/site-packages/airflow/example_dags/example_time_delta_sensor_async.py
[2023-07-12 12:31:24,396] {logging_mixin.py:115} INFO - [2023-07-12 12:31:24,396] {manager.py:508} INFO - Created Permission View: can edit on DAG:example_time_delta_sensor_async
[2023-07-12 12:31:24,403] {logging_mixin.py:115} INFO - [2023-07-12 12:31:24,403] {manager.py:508} INFO - Created Permission View: can delete on DAG:example_time_delta_sensor_async
[2023-07-12 12:31:24,414] {logging_mixin.py:115} INFO - [2023-07-12 12:31:24,413] {manager.py:508} INFO - Created Permission View: can read on DAG:example_time_delta_sensor_async
[2023-07-12 12:31:24,414] {logging_mixin.py:115} INFO - [2023-07-12 12:31:24,414] {dag.py:2379} INFO - Sync 1 DAGs
[2023-07-12 12:31:24,421] {logging_mixin.py:115} INFO - [2023-07-12 12:31:24,421] {dag.py:2398} INFO - Creating ORM DAG for example_time_delta_sensor_async
[2023-07-12 12:31:24,428] {logging_mixin.py:115} INFO - [2023-07-12 12:31:24,428] {dag.py:2927} INFO - Setting next_dagrun for example_time_delta_sensor_async to None, run_after=None
[2023-07-12 12:31:24,438] {processor.py:161} INFO - Processing /home/lucas/Área de Trabalho/Alura/EngenhariaDados/FormacaoAirflow/venv/lib/python3.10/site-packages/airflow/example_dags/example_time_delta_sensor_async.py took 0.126 seconds
[2023-07-12 12:31:59,003] {processor.py:153} INFO - Started process (PID=14124) to work on /home/lucas/Área de Trabalho/Alura/EngenhariaDados/FormacaoAirflow/venv/lib/python3.10/site-packages/airflow/example_dags/example_time_delta_sensor_async.py
[2023-07-12 12:31:59,006] {processor.py:641} INFO - Processing file /home/lucas/Área de Trabalho/Alura/EngenhariaDados/FormacaoAirflow/venv/lib/python3.10/site-packages/airflow/example_dags/example_time_delta_sensor_async.py for tasks to queue
[2023-07-12 12:31:59,007] {logging_mixin.py:115} INFO - [2023-07-12 12:31:59,007] {dagbag.py:507} INFO - Filling up the DagBag from /home/lucas/Área de Trabalho/Alura/EngenhariaDados/FormacaoAirflow/venv/lib/python3.10/site-packages/airflow/example_dags/example_time_delta_sensor_async.py
[2023-07-12 12:31:59,010] {processor.py:651} INFO - DAG(s) dict_keys(['example_time_delta_sensor_async']) retrieved from /home/lucas/Área de Trabalho/Alura/EngenhariaDados/FormacaoAirflow/venv/lib/python3.10/site-packages/airflow/example_dags/example_time_delta_sensor_async.py
[2023-07-12 12:31:59,027] {logging_mixin.py:115} INFO - [2023-07-12 12:31:59,027] {dag.py:2379} INFO - Sync 1 DAGs
[2023-07-12 12:31:59,042] {logging_mixin.py:115} INFO - [2023-07-12 12:31:59,042] {dag.py:2927} INFO - Setting next_dagrun for example_time_delta_sensor_async to None, run_after=None
[2023-07-12 12:31:59,058] {processor.py:161} INFO - Processing /home/lucas/Área de Trabalho/Alura/EngenhariaDados/FormacaoAirflow/venv/lib/python3.10/site-packages/airflow/example_dags/example_time_delta_sensor_async.py took 0.058 seconds
[2023-07-12 12:32:32,746] {processor.py:153} INFO - Started process (PID=14441) to work on /home/lucas/Área de Trabalho/Alura/EngenhariaDados/FormacaoAirflow/venv/lib/python3.10/site-packages/airflow/example_dags/example_time_delta_sensor_async.py
[2023-07-12 12:32:32,747] {processor.py:641} INFO - Processing file /home/lucas/Área de Trabalho/Alura/EngenhariaDados/FormacaoAirflow/venv/lib/python3.10/site-packages/airflow/example_dags/example_time_delta_sensor_async.py for tasks to queue
[2023-07-12 12:32:32,747] {logging_mixin.py:115} INFO - [2023-07-12 12:32:32,747] {dagbag.py:507} INFO - Filling up the DagBag from /home/lucas/Área de Trabalho/Alura/EngenhariaDados/FormacaoAirflow/venv/lib/python3.10/site-packages/airflow/example_dags/example_time_delta_sensor_async.py
[2023-07-12 12:32:32,751] {processor.py:651} INFO - DAG(s) dict_keys(['example_time_delta_sensor_async']) retrieved from /home/lucas/Área de Trabalho/Alura/EngenhariaDados/FormacaoAirflow/venv/lib/python3.10/site-packages/airflow/example_dags/example_time_delta_sensor_async.py
[2023-07-12 12:32:32,769] {logging_mixin.py:115} INFO - [2023-07-12 12:32:32,769] {dag.py:2379} INFO - Sync 1 DAGs
[2023-07-12 12:32:32,783] {logging_mixin.py:115} INFO - [2023-07-12 12:32:32,783] {dag.py:2927} INFO - Setting next_dagrun for example_time_delta_sensor_async to None, run_after=None
[2023-07-12 12:32:32,795] {processor.py:161} INFO - Processing /home/lucas/Área de Trabalho/Alura/EngenhariaDados/FormacaoAirflow/venv/lib/python3.10/site-packages/airflow/example_dags/example_time_delta_sensor_async.py took 0.052 seconds
[2023-07-12 12:33:06,491] {processor.py:153} INFO - Started process (PID=14561) to work on /home/lucas/Área de Trabalho/Alura/EngenhariaDados/FormacaoAirflow/venv/lib/python3.10/site-packages/airflow/example_dags/example_time_delta_sensor_async.py
[2023-07-12 12:33:06,495] {processor.py:641} INFO - Processing file /home/lucas/Área de Trabalho/Alura/EngenhariaDados/FormacaoAirflow/venv/lib/python3.10/site-packages/airflow/example_dags/example_time_delta_sensor_async.py for tasks to queue
[2023-07-12 12:33:06,496] {logging_mixin.py:115} INFO - [2023-07-12 12:33:06,496] {dagbag.py:507} INFO - Filling up the DagBag from /home/lucas/Área de Trabalho/Alura/EngenhariaDados/FormacaoAirflow/venv/lib/python3.10/site-packages/airflow/example_dags/example_time_delta_sensor_async.py
[2023-07-12 12:33:06,507] {processor.py:651} INFO - DAG(s) dict_keys(['example_time_delta_sensor_async']) retrieved from /home/lucas/Área de Trabalho/Alura/EngenhariaDados/FormacaoAirflow/venv/lib/python3.10/site-packages/airflow/example_dags/example_time_delta_sensor_async.py
[2023-07-12 12:33:06,527] {logging_mixin.py:115} INFO - [2023-07-12 12:33:06,527] {dag.py:2379} INFO - Sync 1 DAGs
[2023-07-12 12:33:06,540] {logging_mixin.py:115} INFO - [2023-07-12 12:33:06,540] {dag.py:2927} INFO - Setting next_dagrun for example_time_delta_sensor_async to None, run_after=None
[2023-07-12 12:33:06,553] {processor.py:161} INFO - Processing /home/lucas/Área de Trabalho/Alura/EngenhariaDados/FormacaoAirflow/venv/lib/python3.10/site-packages/airflow/example_dags/example_time_delta_sensor_async.py took 0.068 seconds
