[2023-07-12 12:31:16,271] {processor.py:153} INFO - Started process (PID=13898) to work on /home/lucas/Área de Trabalho/Alura/EngenhariaDados/FormacaoAirflow/venv/lib/python3.10/site-packages/airflow/example_dags/example_sla_dag.py
[2023-07-12 12:31:16,272] {processor.py:641} INFO - Processing file /home/lucas/Área de Trabalho/Alura/EngenhariaDados/FormacaoAirflow/venv/lib/python3.10/site-packages/airflow/example_dags/example_sla_dag.py for tasks to queue
[2023-07-12 12:31:16,273] {logging_mixin.py:115} INFO - [2023-07-12 12:31:16,272] {dagbag.py:507} INFO - Filling up the DagBag from /home/lucas/Área de Trabalho/Alura/EngenhariaDados/FormacaoAirflow/venv/lib/python3.10/site-packages/airflow/example_dags/example_sla_dag.py
[2023-07-12 12:31:16,301] {processor.py:651} INFO - DAG(s) dict_keys(['example_sla_dag']) retrieved from /home/lucas/Área de Trabalho/Alura/EngenhariaDados/FormacaoAirflow/venv/lib/python3.10/site-packages/airflow/example_dags/example_sla_dag.py
[2023-07-12 12:31:16,356] {logging_mixin.py:115} INFO - [2023-07-12 12:31:16,356] {manager.py:508} INFO - Created Permission View: can edit on DAG:example_sla_dag
[2023-07-12 12:31:16,366] {logging_mixin.py:115} INFO - [2023-07-12 12:31:16,366] {manager.py:508} INFO - Created Permission View: can delete on DAG:example_sla_dag
[2023-07-12 12:31:16,371] {logging_mixin.py:115} INFO - [2023-07-12 12:31:16,371] {manager.py:508} INFO - Created Permission View: can read on DAG:example_sla_dag
[2023-07-12 12:31:16,371] {logging_mixin.py:115} INFO - [2023-07-12 12:31:16,371] {dag.py:2379} INFO - Sync 1 DAGs
[2023-07-12 12:31:16,378] {logging_mixin.py:115} INFO - [2023-07-12 12:31:16,378] {dag.py:2398} INFO - Creating ORM DAG for example_sla_dag
[2023-07-12 12:31:16,387] {logging_mixin.py:115} INFO - [2023-07-12 12:31:16,387] {dag.py:2927} INFO - Setting next_dagrun for example_sla_dag to 2023-07-12T15:28:00+00:00, run_after=2023-07-12T15:30:00+00:00
[2023-07-12 12:31:16,398] {processor.py:161} INFO - Processing /home/lucas/Área de Trabalho/Alura/EngenhariaDados/FormacaoAirflow/venv/lib/python3.10/site-packages/airflow/example_dags/example_sla_dag.py took 0.132 seconds
[2023-07-12 12:31:51,617] {processor.py:153} INFO - Started process (PID=14023) to work on /home/lucas/Área de Trabalho/Alura/EngenhariaDados/FormacaoAirflow/venv/lib/python3.10/site-packages/airflow/example_dags/example_sla_dag.py
[2023-07-12 12:31:51,621] {processor.py:641} INFO - Processing file /home/lucas/Área de Trabalho/Alura/EngenhariaDados/FormacaoAirflow/venv/lib/python3.10/site-packages/airflow/example_dags/example_sla_dag.py for tasks to queue
[2023-07-12 12:31:51,622] {logging_mixin.py:115} INFO - [2023-07-12 12:31:51,622] {dagbag.py:507} INFO - Filling up the DagBag from /home/lucas/Área de Trabalho/Alura/EngenhariaDados/FormacaoAirflow/venv/lib/python3.10/site-packages/airflow/example_dags/example_sla_dag.py
[2023-07-12 12:31:51,654] {processor.py:651} INFO - DAG(s) dict_keys(['example_sla_dag']) retrieved from /home/lucas/Área de Trabalho/Alura/EngenhariaDados/FormacaoAirflow/venv/lib/python3.10/site-packages/airflow/example_dags/example_sla_dag.py
[2023-07-12 12:31:51,666] {logging_mixin.py:115} INFO - [2023-07-12 12:31:51,666] {dag.py:2379} INFO - Sync 1 DAGs
[2023-07-12 12:31:51,681] {logging_mixin.py:115} INFO - [2023-07-12 12:31:51,681] {dag.py:2927} INFO - Setting next_dagrun for example_sla_dag to 2023-07-12T15:28:00+00:00, run_after=2023-07-12T15:30:00+00:00
[2023-07-12 12:31:51,689] {processor.py:161} INFO - Processing /home/lucas/Área de Trabalho/Alura/EngenhariaDados/FormacaoAirflow/venv/lib/python3.10/site-packages/airflow/example_dags/example_sla_dag.py took 0.078 seconds
[2023-07-12 12:32:24,824] {processor.py:153} INFO - Started process (PID=14414) to work on /home/lucas/Área de Trabalho/Alura/EngenhariaDados/FormacaoAirflow/venv/lib/python3.10/site-packages/airflow/example_dags/example_sla_dag.py
[2023-07-12 12:32:24,827] {processor.py:641} INFO - Processing file /home/lucas/Área de Trabalho/Alura/EngenhariaDados/FormacaoAirflow/venv/lib/python3.10/site-packages/airflow/example_dags/example_sla_dag.py for tasks to queue
[2023-07-12 12:32:24,828] {logging_mixin.py:115} INFO - [2023-07-12 12:32:24,827] {dagbag.py:507} INFO - Filling up the DagBag from /home/lucas/Área de Trabalho/Alura/EngenhariaDados/FormacaoAirflow/venv/lib/python3.10/site-packages/airflow/example_dags/example_sla_dag.py
[2023-07-12 12:32:24,847] {processor.py:651} INFO - DAG(s) dict_keys(['example_sla_dag']) retrieved from /home/lucas/Área de Trabalho/Alura/EngenhariaDados/FormacaoAirflow/venv/lib/python3.10/site-packages/airflow/example_dags/example_sla_dag.py
[2023-07-12 12:32:24,857] {logging_mixin.py:115} INFO - [2023-07-12 12:32:24,857] {dag.py:2379} INFO - Sync 1 DAGs
[2023-07-12 12:32:24,872] {logging_mixin.py:115} INFO - [2023-07-12 12:32:24,872] {dag.py:2927} INFO - Setting next_dagrun for example_sla_dag to 2023-07-12T15:30:00+00:00, run_after=2023-07-12T15:32:00+00:00
[2023-07-12 12:32:24,882] {processor.py:161} INFO - Processing /home/lucas/Área de Trabalho/Alura/EngenhariaDados/FormacaoAirflow/venv/lib/python3.10/site-packages/airflow/example_dags/example_sla_dag.py took 0.062 seconds
[2023-07-12 12:32:58,583] {processor.py:153} INFO - Started process (PID=14540) to work on /home/lucas/Área de Trabalho/Alura/EngenhariaDados/FormacaoAirflow/venv/lib/python3.10/site-packages/airflow/example_dags/example_sla_dag.py
[2023-07-12 12:32:58,587] {processor.py:641} INFO - Processing file /home/lucas/Área de Trabalho/Alura/EngenhariaDados/FormacaoAirflow/venv/lib/python3.10/site-packages/airflow/example_dags/example_sla_dag.py for tasks to queue
[2023-07-12 12:32:58,588] {logging_mixin.py:115} INFO - [2023-07-12 12:32:58,588] {dagbag.py:507} INFO - Filling up the DagBag from /home/lucas/Área de Trabalho/Alura/EngenhariaDados/FormacaoAirflow/venv/lib/python3.10/site-packages/airflow/example_dags/example_sla_dag.py
[2023-07-12 12:32:58,621] {processor.py:651} INFO - DAG(s) dict_keys(['example_sla_dag']) retrieved from /home/lucas/Área de Trabalho/Alura/EngenhariaDados/FormacaoAirflow/venv/lib/python3.10/site-packages/airflow/example_dags/example_sla_dag.py
[2023-07-12 12:32:58,632] {logging_mixin.py:115} INFO - [2023-07-12 12:32:58,632] {dag.py:2379} INFO - Sync 1 DAGs
[2023-07-12 12:32:58,649] {logging_mixin.py:115} INFO - [2023-07-12 12:32:58,649] {dag.py:2927} INFO - Setting next_dagrun for example_sla_dag to 2023-07-12T15:30:00+00:00, run_after=2023-07-12T15:32:00+00:00
[2023-07-12 12:32:58,659] {processor.py:161} INFO - Processing /home/lucas/Área de Trabalho/Alura/EngenhariaDados/FormacaoAirflow/venv/lib/python3.10/site-packages/airflow/example_dags/example_sla_dag.py took 0.081 seconds
[2023-07-12 12:33:32,213] {processor.py:153} INFO - Started process (PID=14775) to work on /home/lucas/Área de Trabalho/Alura/EngenhariaDados/FormacaoAirflow/venv/lib/python3.10/site-packages/airflow/example_dags/example_sla_dag.py
[2023-07-12 12:33:32,215] {processor.py:641} INFO - Processing file /home/lucas/Área de Trabalho/Alura/EngenhariaDados/FormacaoAirflow/venv/lib/python3.10/site-packages/airflow/example_dags/example_sla_dag.py for tasks to queue
[2023-07-12 12:33:32,216] {logging_mixin.py:115} INFO - [2023-07-12 12:33:32,215] {dagbag.py:507} INFO - Filling up the DagBag from /home/lucas/Área de Trabalho/Alura/EngenhariaDados/FormacaoAirflow/venv/lib/python3.10/site-packages/airflow/example_dags/example_sla_dag.py
[2023-07-12 12:33:32,239] {processor.py:651} INFO - DAG(s) dict_keys(['example_sla_dag']) retrieved from /home/lucas/Área de Trabalho/Alura/EngenhariaDados/FormacaoAirflow/venv/lib/python3.10/site-packages/airflow/example_dags/example_sla_dag.py
[2023-07-12 12:33:32,258] {logging_mixin.py:115} INFO - [2023-07-12 12:33:32,258] {dag.py:2379} INFO - Sync 1 DAGs
[2023-07-12 12:33:32,293] {logging_mixin.py:115} INFO - [2023-07-12 12:33:32,292] {dag.py:2927} INFO - Setting next_dagrun for example_sla_dag to 2023-07-12T15:30:00+00:00, run_after=2023-07-12T15:32:00+00:00
[2023-07-12 12:33:32,308] {processor.py:161} INFO - Processing /home/lucas/Área de Trabalho/Alura/EngenhariaDados/FormacaoAirflow/venv/lib/python3.10/site-packages/airflow/example_dags/example_sla_dag.py took 0.098 seconds
