[2023-07-12 12:31:19,060] {processor.py:153} INFO - Started process (PID=13912) to work on /home/lucas/Área de Trabalho/Alura/EngenhariaDados/FormacaoAirflow/venv/lib/python3.10/site-packages/airflow/example_dags/example_trigger_controller_dag.py
[2023-07-12 12:31:19,061] {processor.py:641} INFO - Processing file /home/lucas/Área de Trabalho/Alura/EngenhariaDados/FormacaoAirflow/venv/lib/python3.10/site-packages/airflow/example_dags/example_trigger_controller_dag.py for tasks to queue
[2023-07-12 12:31:19,062] {logging_mixin.py:115} INFO - [2023-07-12 12:31:19,062] {dagbag.py:507} INFO - Filling up the DagBag from /home/lucas/Área de Trabalho/Alura/EngenhariaDados/FormacaoAirflow/venv/lib/python3.10/site-packages/airflow/example_dags/example_trigger_controller_dag.py
[2023-07-12 12:31:19,068] {processor.py:651} INFO - DAG(s) dict_keys(['example_trigger_controller_dag']) retrieved from /home/lucas/Área de Trabalho/Alura/EngenhariaDados/FormacaoAirflow/venv/lib/python3.10/site-packages/airflow/example_dags/example_trigger_controller_dag.py
[2023-07-12 12:31:19,142] {logging_mixin.py:115} INFO - [2023-07-12 12:31:19,141] {manager.py:508} INFO - Created Permission View: can edit on DAG:example_trigger_controller_dag
[2023-07-12 12:31:19,166] {logging_mixin.py:115} INFO - [2023-07-12 12:31:19,166] {manager.py:508} INFO - Created Permission View: can delete on DAG:example_trigger_controller_dag
[2023-07-12 12:31:19,182] {logging_mixin.py:115} INFO - [2023-07-12 12:31:19,182] {manager.py:508} INFO - Created Permission View: can read on DAG:example_trigger_controller_dag
[2023-07-12 12:31:19,183] {logging_mixin.py:115} INFO - [2023-07-12 12:31:19,183] {dag.py:2379} INFO - Sync 1 DAGs
[2023-07-12 12:31:19,191] {logging_mixin.py:115} INFO - [2023-07-12 12:31:19,191] {dag.py:2398} INFO - Creating ORM DAG for example_trigger_controller_dag
[2023-07-12 12:31:19,200] {logging_mixin.py:115} INFO - [2023-07-12 12:31:19,200] {dag.py:2927} INFO - Setting next_dagrun for example_trigger_controller_dag to 2021-01-01T00:00:00+00:00, run_after=2021-01-01T00:00:00+00:00
[2023-07-12 12:31:19,213] {processor.py:161} INFO - Processing /home/lucas/Área de Trabalho/Alura/EngenhariaDados/FormacaoAirflow/venv/lib/python3.10/site-packages/airflow/example_dags/example_trigger_controller_dag.py took 0.159 seconds
[2023-07-12 12:31:54,303] {processor.py:153} INFO - Started process (PID=14068) to work on /home/lucas/Área de Trabalho/Alura/EngenhariaDados/FormacaoAirflow/venv/lib/python3.10/site-packages/airflow/example_dags/example_trigger_controller_dag.py
[2023-07-12 12:31:54,306] {processor.py:641} INFO - Processing file /home/lucas/Área de Trabalho/Alura/EngenhariaDados/FormacaoAirflow/venv/lib/python3.10/site-packages/airflow/example_dags/example_trigger_controller_dag.py for tasks to queue
[2023-07-12 12:31:54,306] {logging_mixin.py:115} INFO - [2023-07-12 12:31:54,306] {dagbag.py:507} INFO - Filling up the DagBag from /home/lucas/Área de Trabalho/Alura/EngenhariaDados/FormacaoAirflow/venv/lib/python3.10/site-packages/airflow/example_dags/example_trigger_controller_dag.py
[2023-07-12 12:31:54,308] {processor.py:651} INFO - DAG(s) dict_keys(['example_trigger_controller_dag']) retrieved from /home/lucas/Área de Trabalho/Alura/EngenhariaDados/FormacaoAirflow/venv/lib/python3.10/site-packages/airflow/example_dags/example_trigger_controller_dag.py
[2023-07-12 12:31:54,317] {logging_mixin.py:115} INFO - [2023-07-12 12:31:54,317] {dag.py:2379} INFO - Sync 1 DAGs
[2023-07-12 12:31:54,327] {logging_mixin.py:115} INFO - [2023-07-12 12:31:54,327] {dag.py:2927} INFO - Setting next_dagrun for example_trigger_controller_dag to 2021-01-01T00:00:00+00:00, run_after=2021-01-01T00:00:00+00:00
[2023-07-12 12:31:54,340] {processor.py:161} INFO - Processing /home/lucas/Área de Trabalho/Alura/EngenhariaDados/FormacaoAirflow/venv/lib/python3.10/site-packages/airflow/example_dags/example_trigger_controller_dag.py took 0.038 seconds
[2023-07-12 12:32:27,608] {processor.py:153} INFO - Started process (PID=14418) to work on /home/lucas/Área de Trabalho/Alura/EngenhariaDados/FormacaoAirflow/venv/lib/python3.10/site-packages/airflow/example_dags/example_trigger_controller_dag.py
[2023-07-12 12:32:27,609] {processor.py:641} INFO - Processing file /home/lucas/Área de Trabalho/Alura/EngenhariaDados/FormacaoAirflow/venv/lib/python3.10/site-packages/airflow/example_dags/example_trigger_controller_dag.py for tasks to queue
[2023-07-12 12:32:27,609] {logging_mixin.py:115} INFO - [2023-07-12 12:32:27,609] {dagbag.py:507} INFO - Filling up the DagBag from /home/lucas/Área de Trabalho/Alura/EngenhariaDados/FormacaoAirflow/venv/lib/python3.10/site-packages/airflow/example_dags/example_trigger_controller_dag.py
[2023-07-12 12:32:27,611] {processor.py:651} INFO - DAG(s) dict_keys(['example_trigger_controller_dag']) retrieved from /home/lucas/Área de Trabalho/Alura/EngenhariaDados/FormacaoAirflow/venv/lib/python3.10/site-packages/airflow/example_dags/example_trigger_controller_dag.py
[2023-07-12 12:32:27,620] {logging_mixin.py:115} INFO - [2023-07-12 12:32:27,620] {dag.py:2379} INFO - Sync 1 DAGs
[2023-07-12 12:32:27,629] {logging_mixin.py:115} INFO - [2023-07-12 12:32:27,629] {dag.py:2927} INFO - Setting next_dagrun for example_trigger_controller_dag to 2021-01-01T00:00:00+00:00, run_after=2021-01-01T00:00:00+00:00
[2023-07-12 12:32:27,639] {processor.py:161} INFO - Processing /home/lucas/Área de Trabalho/Alura/EngenhariaDados/FormacaoAirflow/venv/lib/python3.10/site-packages/airflow/example_dags/example_trigger_controller_dag.py took 0.032 seconds
[2023-07-12 12:33:01,452] {processor.py:153} INFO - Started process (PID=14543) to work on /home/lucas/Área de Trabalho/Alura/EngenhariaDados/FormacaoAirflow/venv/lib/python3.10/site-packages/airflow/example_dags/example_trigger_controller_dag.py
[2023-07-12 12:33:01,455] {processor.py:641} INFO - Processing file /home/lucas/Área de Trabalho/Alura/EngenhariaDados/FormacaoAirflow/venv/lib/python3.10/site-packages/airflow/example_dags/example_trigger_controller_dag.py for tasks to queue
[2023-07-12 12:33:01,456] {logging_mixin.py:115} INFO - [2023-07-12 12:33:01,456] {dagbag.py:507} INFO - Filling up the DagBag from /home/lucas/Área de Trabalho/Alura/EngenhariaDados/FormacaoAirflow/venv/lib/python3.10/site-packages/airflow/example_dags/example_trigger_controller_dag.py
[2023-07-12 12:33:01,463] {processor.py:651} INFO - DAG(s) dict_keys(['example_trigger_controller_dag']) retrieved from /home/lucas/Área de Trabalho/Alura/EngenhariaDados/FormacaoAirflow/venv/lib/python3.10/site-packages/airflow/example_dags/example_trigger_controller_dag.py
[2023-07-12 12:33:01,486] {logging_mixin.py:115} INFO - [2023-07-12 12:33:01,486] {dag.py:2379} INFO - Sync 1 DAGs
[2023-07-12 12:33:01,501] {logging_mixin.py:115} INFO - [2023-07-12 12:33:01,501] {dag.py:2927} INFO - Setting next_dagrun for example_trigger_controller_dag to 2021-01-01T00:00:00+00:00, run_after=2021-01-01T00:00:00+00:00
[2023-07-12 12:33:01,512] {processor.py:161} INFO - Processing /home/lucas/Área de Trabalho/Alura/EngenhariaDados/FormacaoAirflow/venv/lib/python3.10/site-packages/airflow/example_dags/example_trigger_controller_dag.py took 0.066 seconds
[2023-07-12 12:33:34,612] {processor.py:153} INFO - Started process (PID=14800) to work on /home/lucas/Área de Trabalho/Alura/EngenhariaDados/FormacaoAirflow/venv/lib/python3.10/site-packages/airflow/example_dags/example_trigger_controller_dag.py
[2023-07-12 12:33:34,615] {processor.py:641} INFO - Processing file /home/lucas/Área de Trabalho/Alura/EngenhariaDados/FormacaoAirflow/venv/lib/python3.10/site-packages/airflow/example_dags/example_trigger_controller_dag.py for tasks to queue
[2023-07-12 12:33:34,615] {logging_mixin.py:115} INFO - [2023-07-12 12:33:34,615] {dagbag.py:507} INFO - Filling up the DagBag from /home/lucas/Área de Trabalho/Alura/EngenhariaDados/FormacaoAirflow/venv/lib/python3.10/site-packages/airflow/example_dags/example_trigger_controller_dag.py
[2023-07-12 12:33:34,618] {processor.py:651} INFO - DAG(s) dict_keys(['example_trigger_controller_dag']) retrieved from /home/lucas/Área de Trabalho/Alura/EngenhariaDados/FormacaoAirflow/venv/lib/python3.10/site-packages/airflow/example_dags/example_trigger_controller_dag.py
[2023-07-12 12:33:34,633] {logging_mixin.py:115} INFO - [2023-07-12 12:33:34,633] {dag.py:2379} INFO - Sync 1 DAGs
[2023-07-12 12:33:34,649] {logging_mixin.py:115} INFO - [2023-07-12 12:33:34,649] {dag.py:2927} INFO - Setting next_dagrun for example_trigger_controller_dag to 2021-01-01T00:00:00+00:00, run_after=2021-01-01T00:00:00+00:00
[2023-07-12 12:33:34,666] {processor.py:161} INFO - Processing /home/lucas/Área de Trabalho/Alura/EngenhariaDados/FormacaoAirflow/venv/lib/python3.10/site-packages/airflow/example_dags/example_trigger_controller_dag.py took 0.057 seconds
