[2023-07-12 12:31:28,322] {processor.py:153} INFO - Started process (PID=13926) to work on /home/lucas/Área de Trabalho/Alura/EngenhariaDados/FormacaoAirflow/venv/lib/python3.10/site-packages/airflow/example_dags/example_xcomargs.py
[2023-07-12 12:31:28,323] {processor.py:641} INFO - Processing file /home/lucas/Área de Trabalho/Alura/EngenhariaDados/FormacaoAirflow/venv/lib/python3.10/site-packages/airflow/example_dags/example_xcomargs.py for tasks to queue
[2023-07-12 12:31:28,324] {logging_mixin.py:115} INFO - [2023-07-12 12:31:28,324] {dagbag.py:507} INFO - Filling up the DagBag from /home/lucas/Área de Trabalho/Alura/EngenhariaDados/FormacaoAirflow/venv/lib/python3.10/site-packages/airflow/example_dags/example_xcomargs.py
[2023-07-12 12:31:28,352] {processor.py:651} INFO - DAG(s) dict_keys(['example_xcom_args', 'example_xcom_args_with_operators']) retrieved from /home/lucas/Área de Trabalho/Alura/EngenhariaDados/FormacaoAirflow/venv/lib/python3.10/site-packages/airflow/example_dags/example_xcomargs.py
[2023-07-12 12:31:28,403] {logging_mixin.py:115} INFO - [2023-07-12 12:31:28,403] {manager.py:508} INFO - Created Permission View: can edit on DAG:example_xcom_args
[2023-07-12 12:31:28,412] {logging_mixin.py:115} INFO - [2023-07-12 12:31:28,412] {manager.py:508} INFO - Created Permission View: can delete on DAG:example_xcom_args
[2023-07-12 12:31:28,417] {logging_mixin.py:115} INFO - [2023-07-12 12:31:28,417] {manager.py:508} INFO - Created Permission View: can read on DAG:example_xcom_args
[2023-07-12 12:31:28,429] {logging_mixin.py:115} INFO - [2023-07-12 12:31:28,429] {manager.py:508} INFO - Created Permission View: can edit on DAG:example_xcom_args_with_operators
[2023-07-12 12:31:28,434] {logging_mixin.py:115} INFO - [2023-07-12 12:31:28,434] {manager.py:508} INFO - Created Permission View: can delete on DAG:example_xcom_args_with_operators
[2023-07-12 12:31:28,441] {logging_mixin.py:115} INFO - [2023-07-12 12:31:28,440] {manager.py:508} INFO - Created Permission View: can read on DAG:example_xcom_args_with_operators
[2023-07-12 12:31:28,441] {logging_mixin.py:115} INFO - [2023-07-12 12:31:28,441] {dag.py:2379} INFO - Sync 2 DAGs
[2023-07-12 12:31:28,446] {logging_mixin.py:115} INFO - [2023-07-12 12:31:28,446] {dag.py:2398} INFO - Creating ORM DAG for example_xcom_args
[2023-07-12 12:31:28,446] {logging_mixin.py:115} INFO - [2023-07-12 12:31:28,446] {dag.py:2398} INFO - Creating ORM DAG for example_xcom_args_with_operators
[2023-07-12 12:31:28,454] {logging_mixin.py:115} INFO - [2023-07-12 12:31:28,453] {dag.py:2927} INFO - Setting next_dagrun for example_xcom_args to None, run_after=None
[2023-07-12 12:31:28,454] {logging_mixin.py:115} INFO - [2023-07-12 12:31:28,454] {dag.py:2927} INFO - Setting next_dagrun for example_xcom_args_with_operators to None, run_after=None
[2023-07-12 12:31:28,465] {processor.py:161} INFO - Processing /home/lucas/Área de Trabalho/Alura/EngenhariaDados/FormacaoAirflow/venv/lib/python3.10/site-packages/airflow/example_dags/example_xcomargs.py took 0.149 seconds
[2023-07-12 12:32:03,047] {processor.py:153} INFO - Started process (PID=14179) to work on /home/lucas/Área de Trabalho/Alura/EngenhariaDados/FormacaoAirflow/venv/lib/python3.10/site-packages/airflow/example_dags/example_xcomargs.py
[2023-07-12 12:32:03,051] {processor.py:641} INFO - Processing file /home/lucas/Área de Trabalho/Alura/EngenhariaDados/FormacaoAirflow/venv/lib/python3.10/site-packages/airflow/example_dags/example_xcomargs.py for tasks to queue
[2023-07-12 12:32:03,051] {logging_mixin.py:115} INFO - [2023-07-12 12:32:03,051] {dagbag.py:507} INFO - Filling up the DagBag from /home/lucas/Área de Trabalho/Alura/EngenhariaDados/FormacaoAirflow/venv/lib/python3.10/site-packages/airflow/example_dags/example_xcomargs.py
[2023-07-12 12:32:03,073] {processor.py:651} INFO - DAG(s) dict_keys(['example_xcom_args', 'example_xcom_args_with_operators']) retrieved from /home/lucas/Área de Trabalho/Alura/EngenhariaDados/FormacaoAirflow/venv/lib/python3.10/site-packages/airflow/example_dags/example_xcomargs.py
[2023-07-12 12:32:03,130] {logging_mixin.py:115} INFO - [2023-07-12 12:32:03,130] {dag.py:2379} INFO - Sync 2 DAGs
[2023-07-12 12:32:03,144] {logging_mixin.py:115} INFO - [2023-07-12 12:32:03,143] {dag.py:2927} INFO - Setting next_dagrun for example_xcom_args to None, run_after=None
[2023-07-12 12:32:03,144] {logging_mixin.py:115} INFO - [2023-07-12 12:32:03,144] {dag.py:2927} INFO - Setting next_dagrun for example_xcom_args_with_operators to None, run_after=None
[2023-07-12 12:32:03,153] {processor.py:161} INFO - Processing /home/lucas/Área de Trabalho/Alura/EngenhariaDados/FormacaoAirflow/venv/lib/python3.10/site-packages/airflow/example_dags/example_xcomargs.py took 0.110 seconds
[2023-07-12 12:32:35,624] {processor.py:153} INFO - Started process (PID=14460) to work on /home/lucas/Área de Trabalho/Alura/EngenhariaDados/FormacaoAirflow/venv/lib/python3.10/site-packages/airflow/example_dags/example_xcomargs.py
[2023-07-12 12:32:35,628] {processor.py:641} INFO - Processing file /home/lucas/Área de Trabalho/Alura/EngenhariaDados/FormacaoAirflow/venv/lib/python3.10/site-packages/airflow/example_dags/example_xcomargs.py for tasks to queue
[2023-07-12 12:32:35,629] {logging_mixin.py:115} INFO - [2023-07-12 12:32:35,629] {dagbag.py:507} INFO - Filling up the DagBag from /home/lucas/Área de Trabalho/Alura/EngenhariaDados/FormacaoAirflow/venv/lib/python3.10/site-packages/airflow/example_dags/example_xcomargs.py
[2023-07-12 12:32:35,659] {processor.py:651} INFO - DAG(s) dict_keys(['example_xcom_args', 'example_xcom_args_with_operators']) retrieved from /home/lucas/Área de Trabalho/Alura/EngenhariaDados/FormacaoAirflow/venv/lib/python3.10/site-packages/airflow/example_dags/example_xcomargs.py
[2023-07-12 12:32:35,698] {logging_mixin.py:115} INFO - [2023-07-12 12:32:35,698] {dag.py:2379} INFO - Sync 2 DAGs
[2023-07-12 12:32:35,710] {logging_mixin.py:115} INFO - [2023-07-12 12:32:35,710] {dag.py:2927} INFO - Setting next_dagrun for example_xcom_args to None, run_after=None
[2023-07-12 12:32:35,710] {logging_mixin.py:115} INFO - [2023-07-12 12:32:35,710] {dag.py:2927} INFO - Setting next_dagrun for example_xcom_args_with_operators to None, run_after=None
[2023-07-12 12:32:35,723] {processor.py:161} INFO - Processing /home/lucas/Área de Trabalho/Alura/EngenhariaDados/FormacaoAirflow/venv/lib/python3.10/site-packages/airflow/example_dags/example_xcomargs.py took 0.105 seconds
[2023-07-12 12:33:11,103] {processor.py:153} INFO - Started process (PID=14623) to work on /home/lucas/Área de Trabalho/Alura/EngenhariaDados/FormacaoAirflow/venv/lib/python3.10/site-packages/airflow/example_dags/example_xcomargs.py
[2023-07-12 12:33:11,107] {processor.py:641} INFO - Processing file /home/lucas/Área de Trabalho/Alura/EngenhariaDados/FormacaoAirflow/venv/lib/python3.10/site-packages/airflow/example_dags/example_xcomargs.py for tasks to queue
[2023-07-12 12:33:11,107] {logging_mixin.py:115} INFO - [2023-07-12 12:33:11,107] {dagbag.py:507} INFO - Filling up the DagBag from /home/lucas/Área de Trabalho/Alura/EngenhariaDados/FormacaoAirflow/venv/lib/python3.10/site-packages/airflow/example_dags/example_xcomargs.py
[2023-07-12 12:33:11,124] {processor.py:651} INFO - DAG(s) dict_keys(['example_xcom_args', 'example_xcom_args_with_operators']) retrieved from /home/lucas/Área de Trabalho/Alura/EngenhariaDados/FormacaoAirflow/venv/lib/python3.10/site-packages/airflow/example_dags/example_xcomargs.py
[2023-07-12 12:33:11,156] {logging_mixin.py:115} INFO - [2023-07-12 12:33:11,156] {dag.py:2379} INFO - Sync 2 DAGs
[2023-07-12 12:33:11,165] {logging_mixin.py:115} INFO - [2023-07-12 12:33:11,165] {dag.py:2927} INFO - Setting next_dagrun for example_xcom_args to None, run_after=None
[2023-07-12 12:33:11,165] {logging_mixin.py:115} INFO - [2023-07-12 12:33:11,165] {dag.py:2927} INFO - Setting next_dagrun for example_xcom_args_with_operators to None, run_after=None
[2023-07-12 12:33:11,181] {processor.py:161} INFO - Processing /home/lucas/Área de Trabalho/Alura/EngenhariaDados/FormacaoAirflow/venv/lib/python3.10/site-packages/airflow/example_dags/example_xcomargs.py took 0.079 seconds
