[2023-07-12 12:31:20,284] {processor.py:153} INFO - Started process (PID=13913) to work on /home/lucas/Área de Trabalho/Alura/EngenhariaDados/FormacaoAirflow/venv/lib/python3.10/site-packages/airflow/example_dags/example_task_group.py
[2023-07-12 12:31:20,285] {processor.py:641} INFO - Processing file /home/lucas/Área de Trabalho/Alura/EngenhariaDados/FormacaoAirflow/venv/lib/python3.10/site-packages/airflow/example_dags/example_task_group.py for tasks to queue
[2023-07-12 12:31:20,285] {logging_mixin.py:115} INFO - [2023-07-12 12:31:20,285] {dagbag.py:507} INFO - Filling up the DagBag from /home/lucas/Área de Trabalho/Alura/EngenhariaDados/FormacaoAirflow/venv/lib/python3.10/site-packages/airflow/example_dags/example_task_group.py
[2023-07-12 12:31:20,295] {processor.py:651} INFO - DAG(s) dict_keys(['example_task_group']) retrieved from /home/lucas/Área de Trabalho/Alura/EngenhariaDados/FormacaoAirflow/venv/lib/python3.10/site-packages/airflow/example_dags/example_task_group.py
[2023-07-12 12:31:20,359] {logging_mixin.py:115} INFO - [2023-07-12 12:31:20,359] {manager.py:508} INFO - Created Permission View: can edit on DAG:example_task_group
[2023-07-12 12:31:20,367] {logging_mixin.py:115} INFO - [2023-07-12 12:31:20,367] {manager.py:508} INFO - Created Permission View: can delete on DAG:example_task_group
[2023-07-12 12:31:20,375] {logging_mixin.py:115} INFO - [2023-07-12 12:31:20,375] {manager.py:508} INFO - Created Permission View: can read on DAG:example_task_group
[2023-07-12 12:31:20,375] {logging_mixin.py:115} INFO - [2023-07-12 12:31:20,375] {dag.py:2379} INFO - Sync 1 DAGs
[2023-07-12 12:31:20,382] {logging_mixin.py:115} INFO - [2023-07-12 12:31:20,382] {dag.py:2398} INFO - Creating ORM DAG for example_task_group
[2023-07-12 12:31:20,390] {logging_mixin.py:115} INFO - [2023-07-12 12:31:20,390] {dag.py:2927} INFO - Setting next_dagrun for example_task_group to 2023-07-11T15:31:20.389757+00:00, run_after=2023-07-12T15:31:20.389757+00:00
[2023-07-12 12:31:20,400] {processor.py:161} INFO - Processing /home/lucas/Área de Trabalho/Alura/EngenhariaDados/FormacaoAirflow/venv/lib/python3.10/site-packages/airflow/example_dags/example_task_group.py took 0.120 seconds
[2023-07-12 12:31:54,481] {processor.py:153} INFO - Started process (PID=14069) to work on /home/lucas/Área de Trabalho/Alura/EngenhariaDados/FormacaoAirflow/venv/lib/python3.10/site-packages/airflow/example_dags/example_task_group.py
[2023-07-12 12:31:54,481] {processor.py:641} INFO - Processing file /home/lucas/Área de Trabalho/Alura/EngenhariaDados/FormacaoAirflow/venv/lib/python3.10/site-packages/airflow/example_dags/example_task_group.py for tasks to queue
[2023-07-12 12:31:54,482] {logging_mixin.py:115} INFO - [2023-07-12 12:31:54,482] {dagbag.py:507} INFO - Filling up the DagBag from /home/lucas/Área de Trabalho/Alura/EngenhariaDados/FormacaoAirflow/venv/lib/python3.10/site-packages/airflow/example_dags/example_task_group.py
[2023-07-12 12:31:54,498] {processor.py:651} INFO - DAG(s) dict_keys(['example_task_group']) retrieved from /home/lucas/Área de Trabalho/Alura/EngenhariaDados/FormacaoAirflow/venv/lib/python3.10/site-packages/airflow/example_dags/example_task_group.py
[2023-07-12 12:31:54,518] {logging_mixin.py:115} INFO - [2023-07-12 12:31:54,518] {dag.py:2379} INFO - Sync 1 DAGs
[2023-07-12 12:31:54,531] {logging_mixin.py:115} INFO - [2023-07-12 12:31:54,531] {dag.py:2927} INFO - Setting next_dagrun for example_task_group to 2023-07-11T15:31:54.531505+00:00, run_after=2023-07-12T15:31:54.531505+00:00
[2023-07-12 12:31:54,542] {processor.py:161} INFO - Processing /home/lucas/Área de Trabalho/Alura/EngenhariaDados/FormacaoAirflow/venv/lib/python3.10/site-packages/airflow/example_dags/example_task_group.py took 0.066 seconds
[2023-07-12 12:32:28,740] {processor.py:153} INFO - Started process (PID=14423) to work on /home/lucas/Área de Trabalho/Alura/EngenhariaDados/FormacaoAirflow/venv/lib/python3.10/site-packages/airflow/example_dags/example_task_group.py
[2023-07-12 12:32:28,744] {processor.py:641} INFO - Processing file /home/lucas/Área de Trabalho/Alura/EngenhariaDados/FormacaoAirflow/venv/lib/python3.10/site-packages/airflow/example_dags/example_task_group.py for tasks to queue
[2023-07-12 12:32:28,744] {logging_mixin.py:115} INFO - [2023-07-12 12:32:28,744] {dagbag.py:507} INFO - Filling up the DagBag from /home/lucas/Área de Trabalho/Alura/EngenhariaDados/FormacaoAirflow/venv/lib/python3.10/site-packages/airflow/example_dags/example_task_group.py
[2023-07-12 12:32:28,748] {processor.py:651} INFO - DAG(s) dict_keys(['example_task_group']) retrieved from /home/lucas/Área de Trabalho/Alura/EngenhariaDados/FormacaoAirflow/venv/lib/python3.10/site-packages/airflow/example_dags/example_task_group.py
[2023-07-12 12:32:28,760] {logging_mixin.py:115} INFO - [2023-07-12 12:32:28,760] {dag.py:2379} INFO - Sync 1 DAGs
[2023-07-12 12:32:28,772] {logging_mixin.py:115} INFO - [2023-07-12 12:32:28,772] {dag.py:2927} INFO - Setting next_dagrun for example_task_group to 2023-07-11T15:32:28.772461+00:00, run_after=2023-07-12T15:32:28.772461+00:00
[2023-07-12 12:32:28,783] {processor.py:161} INFO - Processing /home/lucas/Área de Trabalho/Alura/EngenhariaDados/FormacaoAirflow/venv/lib/python3.10/site-packages/airflow/example_dags/example_task_group.py took 0.044 seconds
[2023-07-12 12:33:02,619] {processor.py:153} INFO - Started process (PID=14549) to work on /home/lucas/Área de Trabalho/Alura/EngenhariaDados/FormacaoAirflow/venv/lib/python3.10/site-packages/airflow/example_dags/example_task_group.py
[2023-07-12 12:33:02,620] {processor.py:641} INFO - Processing file /home/lucas/Área de Trabalho/Alura/EngenhariaDados/FormacaoAirflow/venv/lib/python3.10/site-packages/airflow/example_dags/example_task_group.py for tasks to queue
[2023-07-12 12:33:02,622] {logging_mixin.py:115} INFO - [2023-07-12 12:33:02,621] {dagbag.py:507} INFO - Filling up the DagBag from /home/lucas/Área de Trabalho/Alura/EngenhariaDados/FormacaoAirflow/venv/lib/python3.10/site-packages/airflow/example_dags/example_task_group.py
[2023-07-12 12:33:02,639] {processor.py:651} INFO - DAG(s) dict_keys(['example_task_group']) retrieved from /home/lucas/Área de Trabalho/Alura/EngenhariaDados/FormacaoAirflow/venv/lib/python3.10/site-packages/airflow/example_dags/example_task_group.py
[2023-07-12 12:33:02,660] {logging_mixin.py:115} INFO - [2023-07-12 12:33:02,660] {dag.py:2379} INFO - Sync 1 DAGs
[2023-07-12 12:33:02,674] {logging_mixin.py:115} INFO - [2023-07-12 12:33:02,674] {dag.py:2927} INFO - Setting next_dagrun for example_task_group to 2023-07-11T15:33:02.674441+00:00, run_after=2023-07-12T15:33:02.674441+00:00
[2023-07-12 12:33:02,685] {processor.py:161} INFO - Processing /home/lucas/Área de Trabalho/Alura/EngenhariaDados/FormacaoAirflow/venv/lib/python3.10/site-packages/airflow/example_dags/example_task_group.py took 0.072 seconds
[2023-07-12 12:33:35,743] {processor.py:153} INFO - Started process (PID=14832) to work on /home/lucas/Área de Trabalho/Alura/EngenhariaDados/FormacaoAirflow/venv/lib/python3.10/site-packages/airflow/example_dags/example_task_group.py
[2023-07-12 12:33:35,743] {processor.py:641} INFO - Processing file /home/lucas/Área de Trabalho/Alura/EngenhariaDados/FormacaoAirflow/venv/lib/python3.10/site-packages/airflow/example_dags/example_task_group.py for tasks to queue
[2023-07-12 12:33:35,743] {logging_mixin.py:115} INFO - [2023-07-12 12:33:35,743] {dagbag.py:507} INFO - Filling up the DagBag from /home/lucas/Área de Trabalho/Alura/EngenhariaDados/FormacaoAirflow/venv/lib/python3.10/site-packages/airflow/example_dags/example_task_group.py
[2023-07-12 12:33:35,748] {processor.py:651} INFO - DAG(s) dict_keys(['example_task_group']) retrieved from /home/lucas/Área de Trabalho/Alura/EngenhariaDados/FormacaoAirflow/venv/lib/python3.10/site-packages/airflow/example_dags/example_task_group.py
[2023-07-12 12:33:35,762] {logging_mixin.py:115} INFO - [2023-07-12 12:33:35,762] {dag.py:2379} INFO - Sync 1 DAGs
[2023-07-12 12:33:35,776] {logging_mixin.py:115} INFO - [2023-07-12 12:33:35,776] {dag.py:2927} INFO - Setting next_dagrun for example_task_group to 2023-07-11T15:33:35.776170+00:00, run_after=2023-07-12T15:33:35.776170+00:00
[2023-07-12 12:33:35,786] {processor.py:161} INFO - Processing /home/lucas/Área de Trabalho/Alura/EngenhariaDados/FormacaoAirflow/venv/lib/python3.10/site-packages/airflow/example_dags/example_task_group.py took 0.045 seconds
