[2023-07-12 12:31:17,514] {processor.py:153} INFO - Started process (PID=13910) to work on /home/lucas/Área de Trabalho/Alura/EngenhariaDados/FormacaoAirflow/venv/lib/python3.10/site-packages/airflow/example_dags/example_latest_only.py
[2023-07-12 12:31:17,514] {processor.py:641} INFO - Processing file /home/lucas/Área de Trabalho/Alura/EngenhariaDados/FormacaoAirflow/venv/lib/python3.10/site-packages/airflow/example_dags/example_latest_only.py for tasks to queue
[2023-07-12 12:31:17,515] {logging_mixin.py:115} INFO - [2023-07-12 12:31:17,515] {dagbag.py:507} INFO - Filling up the DagBag from /home/lucas/Área de Trabalho/Alura/EngenhariaDados/FormacaoAirflow/venv/lib/python3.10/site-packages/airflow/example_dags/example_latest_only.py
[2023-07-12 12:31:17,529] {processor.py:651} INFO - DAG(s) dict_keys(['latest_only']) retrieved from /home/lucas/Área de Trabalho/Alura/EngenhariaDados/FormacaoAirflow/venv/lib/python3.10/site-packages/airflow/example_dags/example_latest_only.py
[2023-07-12 12:31:17,592] {logging_mixin.py:115} INFO - [2023-07-12 12:31:17,591] {manager.py:508} INFO - Created Permission View: can edit on DAG:latest_only
[2023-07-12 12:31:17,599] {logging_mixin.py:115} INFO - [2023-07-12 12:31:17,598] {manager.py:508} INFO - Created Permission View: can delete on DAG:latest_only
[2023-07-12 12:31:17,604] {logging_mixin.py:115} INFO - [2023-07-12 12:31:17,604] {manager.py:508} INFO - Created Permission View: can read on DAG:latest_only
[2023-07-12 12:31:17,604] {logging_mixin.py:115} INFO - [2023-07-12 12:31:17,604] {dag.py:2379} INFO - Sync 1 DAGs
[2023-07-12 12:31:17,611] {logging_mixin.py:115} INFO - [2023-07-12 12:31:17,611] {dag.py:2398} INFO - Creating ORM DAG for latest_only
[2023-07-12 12:31:17,618] {logging_mixin.py:115} INFO - [2023-07-12 12:31:17,618] {dag.py:2927} INFO - Setting next_dagrun for latest_only to 2023-07-12T11:31:17.618652+00:00, run_after=2023-07-12T15:31:17.618652+00:00
[2023-07-12 12:31:17,631] {processor.py:161} INFO - Processing /home/lucas/Área de Trabalho/Alura/EngenhariaDados/FormacaoAirflow/venv/lib/python3.10/site-packages/airflow/example_dags/example_latest_only.py took 0.124 seconds
[2023-07-12 12:31:52,744] {processor.py:153} INFO - Started process (PID=14062) to work on /home/lucas/Área de Trabalho/Alura/EngenhariaDados/FormacaoAirflow/venv/lib/python3.10/site-packages/airflow/example_dags/example_latest_only.py
[2023-07-12 12:31:52,745] {processor.py:641} INFO - Processing file /home/lucas/Área de Trabalho/Alura/EngenhariaDados/FormacaoAirflow/venv/lib/python3.10/site-packages/airflow/example_dags/example_latest_only.py for tasks to queue
[2023-07-12 12:31:52,745] {logging_mixin.py:115} INFO - [2023-07-12 12:31:52,745] {dagbag.py:507} INFO - Filling up the DagBag from /home/lucas/Área de Trabalho/Alura/EngenhariaDados/FormacaoAirflow/venv/lib/python3.10/site-packages/airflow/example_dags/example_latest_only.py
[2023-07-12 12:31:52,755] {processor.py:651} INFO - DAG(s) dict_keys(['latest_only']) retrieved from /home/lucas/Área de Trabalho/Alura/EngenhariaDados/FormacaoAirflow/venv/lib/python3.10/site-packages/airflow/example_dags/example_latest_only.py
[2023-07-12 12:31:52,774] {logging_mixin.py:115} INFO - [2023-07-12 12:31:52,774] {dag.py:2379} INFO - Sync 1 DAGs
[2023-07-12 12:31:52,789] {logging_mixin.py:115} INFO - [2023-07-12 12:31:52,789] {dag.py:2927} INFO - Setting next_dagrun for latest_only to 2023-07-12T11:31:52.789250+00:00, run_after=2023-07-12T15:31:52.789250+00:00
[2023-07-12 12:31:52,801] {processor.py:161} INFO - Processing /home/lucas/Área de Trabalho/Alura/EngenhariaDados/FormacaoAirflow/venv/lib/python3.10/site-packages/airflow/example_dags/example_latest_only.py took 0.063 seconds
[2023-07-12 12:32:25,301] {processor.py:153} INFO - Started process (PID=14415) to work on /home/lucas/Área de Trabalho/Alura/EngenhariaDados/FormacaoAirflow/venv/lib/python3.10/site-packages/airflow/example_dags/example_latest_only.py
[2023-07-12 12:32:25,304] {processor.py:641} INFO - Processing file /home/lucas/Área de Trabalho/Alura/EngenhariaDados/FormacaoAirflow/venv/lib/python3.10/site-packages/airflow/example_dags/example_latest_only.py for tasks to queue
[2023-07-12 12:32:25,305] {logging_mixin.py:115} INFO - [2023-07-12 12:32:25,305] {dagbag.py:507} INFO - Filling up the DagBag from /home/lucas/Área de Trabalho/Alura/EngenhariaDados/FormacaoAirflow/venv/lib/python3.10/site-packages/airflow/example_dags/example_latest_only.py
[2023-07-12 12:32:25,310] {processor.py:651} INFO - DAG(s) dict_keys(['latest_only']) retrieved from /home/lucas/Área de Trabalho/Alura/EngenhariaDados/FormacaoAirflow/venv/lib/python3.10/site-packages/airflow/example_dags/example_latest_only.py
[2023-07-12 12:32:25,326] {logging_mixin.py:115} INFO - [2023-07-12 12:32:25,326] {dag.py:2379} INFO - Sync 1 DAGs
[2023-07-12 12:32:25,341] {logging_mixin.py:115} INFO - [2023-07-12 12:32:25,341] {dag.py:2927} INFO - Setting next_dagrun for latest_only to 2023-07-12T11:32:25.341477+00:00, run_after=2023-07-12T15:32:25.341477+00:00
[2023-07-12 12:32:25,355] {processor.py:161} INFO - Processing /home/lucas/Área de Trabalho/Alura/EngenhariaDados/FormacaoAirflow/venv/lib/python3.10/site-packages/airflow/example_dags/example_latest_only.py took 0.056 seconds
[2023-07-12 12:32:59,718] {processor.py:153} INFO - Started process (PID=14541) to work on /home/lucas/Área de Trabalho/Alura/EngenhariaDados/FormacaoAirflow/venv/lib/python3.10/site-packages/airflow/example_dags/example_latest_only.py
[2023-07-12 12:32:59,722] {processor.py:641} INFO - Processing file /home/lucas/Área de Trabalho/Alura/EngenhariaDados/FormacaoAirflow/venv/lib/python3.10/site-packages/airflow/example_dags/example_latest_only.py for tasks to queue
[2023-07-12 12:32:59,723] {logging_mixin.py:115} INFO - [2023-07-12 12:32:59,722] {dagbag.py:507} INFO - Filling up the DagBag from /home/lucas/Área de Trabalho/Alura/EngenhariaDados/FormacaoAirflow/venv/lib/python3.10/site-packages/airflow/example_dags/example_latest_only.py
[2023-07-12 12:32:59,734] {processor.py:651} INFO - DAG(s) dict_keys(['latest_only']) retrieved from /home/lucas/Área de Trabalho/Alura/EngenhariaDados/FormacaoAirflow/venv/lib/python3.10/site-packages/airflow/example_dags/example_latest_only.py
[2023-07-12 12:32:59,754] {logging_mixin.py:115} INFO - [2023-07-12 12:32:59,754] {dag.py:2379} INFO - Sync 1 DAGs
[2023-07-12 12:32:59,769] {logging_mixin.py:115} INFO - [2023-07-12 12:32:59,769] {dag.py:2927} INFO - Setting next_dagrun for latest_only to 2023-07-12T11:32:59.769167+00:00, run_after=2023-07-12T15:32:59.769167+00:00
[2023-07-12 12:32:59,781] {processor.py:161} INFO - Processing /home/lucas/Área de Trabalho/Alura/EngenhariaDados/FormacaoAirflow/venv/lib/python3.10/site-packages/airflow/example_dags/example_latest_only.py took 0.069 seconds
[2023-07-12 12:33:33,457] {processor.py:153} INFO - Started process (PID=14776) to work on /home/lucas/Área de Trabalho/Alura/EngenhariaDados/FormacaoAirflow/venv/lib/python3.10/site-packages/airflow/example_dags/example_latest_only.py
[2023-07-12 12:33:33,458] {processor.py:641} INFO - Processing file /home/lucas/Área de Trabalho/Alura/EngenhariaDados/FormacaoAirflow/venv/lib/python3.10/site-packages/airflow/example_dags/example_latest_only.py for tasks to queue
[2023-07-12 12:33:33,458] {logging_mixin.py:115} INFO - [2023-07-12 12:33:33,458] {dagbag.py:507} INFO - Filling up the DagBag from /home/lucas/Área de Trabalho/Alura/EngenhariaDados/FormacaoAirflow/venv/lib/python3.10/site-packages/airflow/example_dags/example_latest_only.py
[2023-07-12 12:33:33,463] {processor.py:651} INFO - DAG(s) dict_keys(['latest_only']) retrieved from /home/lucas/Área de Trabalho/Alura/EngenhariaDados/FormacaoAirflow/venv/lib/python3.10/site-packages/airflow/example_dags/example_latest_only.py
[2023-07-12 12:33:33,477] {logging_mixin.py:115} INFO - [2023-07-12 12:33:33,477] {dag.py:2379} INFO - Sync 1 DAGs
[2023-07-12 12:33:33,492] {logging_mixin.py:115} INFO - [2023-07-12 12:33:33,492] {dag.py:2927} INFO - Setting next_dagrun for latest_only to 2023-07-12T11:33:33.492292+00:00, run_after=2023-07-12T15:33:33.492292+00:00
[2023-07-12 12:33:33,506] {processor.py:161} INFO - Processing /home/lucas/Área de Trabalho/Alura/EngenhariaDados/FormacaoAirflow/venv/lib/python3.10/site-packages/airflow/example_dags/example_latest_only.py took 0.052 seconds
