[2023-07-12 12:31:38,397] {processor.py:153} INFO - Started process (PID=13957) to work on /home/lucas/Área de Trabalho/Alura/EngenhariaDados/FormacaoAirflow/venv/lib/python3.10/site-packages/airflow/example_dags/example_branch_operator_decorator.py
[2023-07-12 12:31:38,398] {processor.py:641} INFO - Processing file /home/lucas/Área de Trabalho/Alura/EngenhariaDados/FormacaoAirflow/venv/lib/python3.10/site-packages/airflow/example_dags/example_branch_operator_decorator.py for tasks to queue
[2023-07-12 12:31:38,398] {logging_mixin.py:115} INFO - [2023-07-12 12:31:38,398] {dagbag.py:507} INFO - Filling up the DagBag from /home/lucas/Área de Trabalho/Alura/EngenhariaDados/FormacaoAirflow/venv/lib/python3.10/site-packages/airflow/example_dags/example_branch_operator_decorator.py
[2023-07-12 12:31:38,409] {processor.py:651} INFO - DAG(s) dict_keys(['example_branch_python_operator_decorator']) retrieved from /home/lucas/Área de Trabalho/Alura/EngenhariaDados/FormacaoAirflow/venv/lib/python3.10/site-packages/airflow/example_dags/example_branch_operator_decorator.py
[2023-07-12 12:31:38,455] {logging_mixin.py:115} INFO - [2023-07-12 12:31:38,455] {manager.py:508} INFO - Created Permission View: can edit on DAG:example_branch_python_operator_decorator
[2023-07-12 12:31:38,463] {logging_mixin.py:115} INFO - [2023-07-12 12:31:38,463] {manager.py:508} INFO - Created Permission View: can delete on DAG:example_branch_python_operator_decorator
[2023-07-12 12:31:38,470] {logging_mixin.py:115} INFO - [2023-07-12 12:31:38,470] {manager.py:508} INFO - Created Permission View: can read on DAG:example_branch_python_operator_decorator
[2023-07-12 12:31:38,470] {logging_mixin.py:115} INFO - [2023-07-12 12:31:38,470] {dag.py:2379} INFO - Sync 1 DAGs
[2023-07-12 12:31:38,475] {logging_mixin.py:115} INFO - [2023-07-12 12:31:38,475] {dag.py:2398} INFO - Creating ORM DAG for example_branch_python_operator_decorator
[2023-07-12 12:31:38,483] {logging_mixin.py:115} INFO - [2023-07-12 12:31:38,483] {dag.py:2927} INFO - Setting next_dagrun for example_branch_python_operator_decorator to 2023-07-11T00:00:00+00:00, run_after=2023-07-12T00:00:00+00:00
[2023-07-12 12:31:38,495] {processor.py:161} INFO - Processing /home/lucas/Área de Trabalho/Alura/EngenhariaDados/FormacaoAirflow/venv/lib/python3.10/site-packages/airflow/example_dags/example_branch_operator_decorator.py took 0.099 seconds
[2023-07-12 12:32:12,168] {processor.py:153} INFO - Started process (PID=14298) to work on /home/lucas/Área de Trabalho/Alura/EngenhariaDados/FormacaoAirflow/venv/lib/python3.10/site-packages/airflow/example_dags/example_branch_operator_decorator.py
[2023-07-12 12:32:12,172] {processor.py:641} INFO - Processing file /home/lucas/Área de Trabalho/Alura/EngenhariaDados/FormacaoAirflow/venv/lib/python3.10/site-packages/airflow/example_dags/example_branch_operator_decorator.py for tasks to queue
[2023-07-12 12:32:12,172] {logging_mixin.py:115} INFO - [2023-07-12 12:32:12,172] {dagbag.py:507} INFO - Filling up the DagBag from /home/lucas/Área de Trabalho/Alura/EngenhariaDados/FormacaoAirflow/venv/lib/python3.10/site-packages/airflow/example_dags/example_branch_operator_decorator.py
[2023-07-12 12:32:12,184] {processor.py:651} INFO - DAG(s) dict_keys(['example_branch_python_operator_decorator']) retrieved from /home/lucas/Área de Trabalho/Alura/EngenhariaDados/FormacaoAirflow/venv/lib/python3.10/site-packages/airflow/example_dags/example_branch_operator_decorator.py
[2023-07-12 12:32:12,195] {logging_mixin.py:115} INFO - [2023-07-12 12:32:12,195] {dag.py:2379} INFO - Sync 1 DAGs
[2023-07-12 12:32:12,208] {logging_mixin.py:115} INFO - [2023-07-12 12:32:12,208] {dag.py:2927} INFO - Setting next_dagrun for example_branch_python_operator_decorator to 2023-07-11T00:00:00+00:00, run_after=2023-07-12T00:00:00+00:00
[2023-07-12 12:32:12,217] {processor.py:161} INFO - Processing /home/lucas/Área de Trabalho/Alura/EngenhariaDados/FormacaoAirflow/venv/lib/python3.10/site-packages/airflow/example_dags/example_branch_operator_decorator.py took 0.050 seconds
[2023-07-12 12:32:48,707] {processor.py:153} INFO - Started process (PID=14476) to work on /home/lucas/Área de Trabalho/Alura/EngenhariaDados/FormacaoAirflow/venv/lib/python3.10/site-packages/airflow/example_dags/example_branch_operator_decorator.py
[2023-07-12 12:32:48,711] {processor.py:641} INFO - Processing file /home/lucas/Área de Trabalho/Alura/EngenhariaDados/FormacaoAirflow/venv/lib/python3.10/site-packages/airflow/example_dags/example_branch_operator_decorator.py for tasks to queue
[2023-07-12 12:32:48,711] {logging_mixin.py:115} INFO - [2023-07-12 12:32:48,711] {dagbag.py:507} INFO - Filling up the DagBag from /home/lucas/Área de Trabalho/Alura/EngenhariaDados/FormacaoAirflow/venv/lib/python3.10/site-packages/airflow/example_dags/example_branch_operator_decorator.py
[2023-07-12 12:32:48,728] {processor.py:651} INFO - DAG(s) dict_keys(['example_branch_python_operator_decorator']) retrieved from /home/lucas/Área de Trabalho/Alura/EngenhariaDados/FormacaoAirflow/venv/lib/python3.10/site-packages/airflow/example_dags/example_branch_operator_decorator.py
[2023-07-12 12:32:48,740] {logging_mixin.py:115} INFO - [2023-07-12 12:32:48,740] {dag.py:2379} INFO - Sync 1 DAGs
[2023-07-12 12:32:48,753] {logging_mixin.py:115} INFO - [2023-07-12 12:32:48,753] {dag.py:2927} INFO - Setting next_dagrun for example_branch_python_operator_decorator to 2023-07-11T00:00:00+00:00, run_after=2023-07-12T00:00:00+00:00
[2023-07-12 12:32:48,762] {processor.py:161} INFO - Processing /home/lucas/Área de Trabalho/Alura/EngenhariaDados/FormacaoAirflow/venv/lib/python3.10/site-packages/airflow/example_dags/example_branch_operator_decorator.py took 0.058 seconds
[2023-07-12 12:33:24,484] {processor.py:153} INFO - Started process (PID=14700) to work on /home/lucas/Área de Trabalho/Alura/EngenhariaDados/FormacaoAirflow/venv/lib/python3.10/site-packages/airflow/example_dags/example_branch_operator_decorator.py
[2023-07-12 12:33:24,485] {processor.py:641} INFO - Processing file /home/lucas/Área de Trabalho/Alura/EngenhariaDados/FormacaoAirflow/venv/lib/python3.10/site-packages/airflow/example_dags/example_branch_operator_decorator.py for tasks to queue
[2023-07-12 12:33:24,485] {logging_mixin.py:115} INFO - [2023-07-12 12:33:24,485] {dagbag.py:507} INFO - Filling up the DagBag from /home/lucas/Área de Trabalho/Alura/EngenhariaDados/FormacaoAirflow/venv/lib/python3.10/site-packages/airflow/example_dags/example_branch_operator_decorator.py
[2023-07-12 12:33:24,512] {processor.py:651} INFO - DAG(s) dict_keys(['example_branch_python_operator_decorator']) retrieved from /home/lucas/Área de Trabalho/Alura/EngenhariaDados/FormacaoAirflow/venv/lib/python3.10/site-packages/airflow/example_dags/example_branch_operator_decorator.py
[2023-07-12 12:33:24,526] {logging_mixin.py:115} INFO - [2023-07-12 12:33:24,526] {dag.py:2379} INFO - Sync 1 DAGs
[2023-07-12 12:33:24,542] {logging_mixin.py:115} INFO - [2023-07-12 12:33:24,541] {dag.py:2927} INFO - Setting next_dagrun for example_branch_python_operator_decorator to 2023-07-11T00:00:00+00:00, run_after=2023-07-12T00:00:00+00:00
[2023-07-12 12:33:24,550] {processor.py:161} INFO - Processing /home/lucas/Área de Trabalho/Alura/EngenhariaDados/FormacaoAirflow/venv/lib/python3.10/site-packages/airflow/example_dags/example_branch_operator_decorator.py took 0.069 seconds
