[2023-07-12 12:31:32,770] {processor.py:153} INFO - Started process (PID=13950) to work on /home/lucas/Área de Trabalho/Alura/EngenhariaDados/FormacaoAirflow/venv/lib/python3.10/site-packages/airflow/example_dags/example_complex.py
[2023-07-12 12:31:32,771] {processor.py:641} INFO - Processing file /home/lucas/Área de Trabalho/Alura/EngenhariaDados/FormacaoAirflow/venv/lib/python3.10/site-packages/airflow/example_dags/example_complex.py for tasks to queue
[2023-07-12 12:31:32,772] {logging_mixin.py:115} INFO - [2023-07-12 12:31:32,772] {dagbag.py:507} INFO - Filling up the DagBag from /home/lucas/Área de Trabalho/Alura/EngenhariaDados/FormacaoAirflow/venv/lib/python3.10/site-packages/airflow/example_dags/example_complex.py
[2023-07-12 12:31:32,791] {processor.py:651} INFO - DAG(s) dict_keys(['example_complex']) retrieved from /home/lucas/Área de Trabalho/Alura/EngenhariaDados/FormacaoAirflow/venv/lib/python3.10/site-packages/airflow/example_dags/example_complex.py
[2023-07-12 12:31:32,848] {logging_mixin.py:115} INFO - [2023-07-12 12:31:32,848] {manager.py:508} INFO - Created Permission View: can edit on DAG:example_complex
[2023-07-12 12:31:32,857] {logging_mixin.py:115} INFO - [2023-07-12 12:31:32,857] {manager.py:508} INFO - Created Permission View: can delete on DAG:example_complex
[2023-07-12 12:31:32,863] {logging_mixin.py:115} INFO - [2023-07-12 12:31:32,863] {manager.py:508} INFO - Created Permission View: can read on DAG:example_complex
[2023-07-12 12:31:32,863] {logging_mixin.py:115} INFO - [2023-07-12 12:31:32,863] {dag.py:2379} INFO - Sync 1 DAGs
[2023-07-12 12:31:32,869] {logging_mixin.py:115} INFO - [2023-07-12 12:31:32,869] {dag.py:2398} INFO - Creating ORM DAG for example_complex
[2023-07-12 12:31:32,877] {logging_mixin.py:115} INFO - [2023-07-12 12:31:32,877] {dag.py:2927} INFO - Setting next_dagrun for example_complex to None, run_after=None
[2023-07-12 12:31:32,889] {processor.py:161} INFO - Processing /home/lucas/Área de Trabalho/Alura/EngenhariaDados/FormacaoAirflow/venv/lib/python3.10/site-packages/airflow/example_dags/example_complex.py took 0.125 seconds
[2023-07-12 12:32:05,884] {processor.py:153} INFO - Started process (PID=14187) to work on /home/lucas/Área de Trabalho/Alura/EngenhariaDados/FormacaoAirflow/venv/lib/python3.10/site-packages/airflow/example_dags/example_complex.py
[2023-07-12 12:32:05,887] {processor.py:641} INFO - Processing file /home/lucas/Área de Trabalho/Alura/EngenhariaDados/FormacaoAirflow/venv/lib/python3.10/site-packages/airflow/example_dags/example_complex.py for tasks to queue
[2023-07-12 12:32:05,888] {logging_mixin.py:115} INFO - [2023-07-12 12:32:05,888] {dagbag.py:507} INFO - Filling up the DagBag from /home/lucas/Área de Trabalho/Alura/EngenhariaDados/FormacaoAirflow/venv/lib/python3.10/site-packages/airflow/example_dags/example_complex.py
[2023-07-12 12:32:05,900] {processor.py:651} INFO - DAG(s) dict_keys(['example_complex']) retrieved from /home/lucas/Área de Trabalho/Alura/EngenhariaDados/FormacaoAirflow/venv/lib/python3.10/site-packages/airflow/example_dags/example_complex.py
[2023-07-12 12:32:05,920] {logging_mixin.py:115} INFO - [2023-07-12 12:32:05,920] {dag.py:2379} INFO - Sync 1 DAGs
[2023-07-12 12:32:05,936] {logging_mixin.py:115} INFO - [2023-07-12 12:32:05,936] {dag.py:2927} INFO - Setting next_dagrun for example_complex to None, run_after=None
[2023-07-12 12:32:05,945] {processor.py:161} INFO - Processing /home/lucas/Área de Trabalho/Alura/EngenhariaDados/FormacaoAirflow/venv/lib/python3.10/site-packages/airflow/example_dags/example_complex.py took 0.064 seconds
[2023-07-12 12:32:40,252] {processor.py:153} INFO - Started process (PID=14467) to work on /home/lucas/Área de Trabalho/Alura/EngenhariaDados/FormacaoAirflow/venv/lib/python3.10/site-packages/airflow/example_dags/example_complex.py
[2023-07-12 12:32:40,255] {processor.py:641} INFO - Processing file /home/lucas/Área de Trabalho/Alura/EngenhariaDados/FormacaoAirflow/venv/lib/python3.10/site-packages/airflow/example_dags/example_complex.py for tasks to queue
[2023-07-12 12:32:40,256] {logging_mixin.py:115} INFO - [2023-07-12 12:32:40,256] {dagbag.py:507} INFO - Filling up the DagBag from /home/lucas/Área de Trabalho/Alura/EngenhariaDados/FormacaoAirflow/venv/lib/python3.10/site-packages/airflow/example_dags/example_complex.py
[2023-07-12 12:32:40,267] {processor.py:651} INFO - DAG(s) dict_keys(['example_complex']) retrieved from /home/lucas/Área de Trabalho/Alura/EngenhariaDados/FormacaoAirflow/venv/lib/python3.10/site-packages/airflow/example_dags/example_complex.py
[2023-07-12 12:32:40,284] {logging_mixin.py:115} INFO - [2023-07-12 12:32:40,283] {dag.py:2379} INFO - Sync 1 DAGs
[2023-07-12 12:32:40,303] {logging_mixin.py:115} INFO - [2023-07-12 12:32:40,303] {dag.py:2927} INFO - Setting next_dagrun for example_complex to None, run_after=None
[2023-07-12 12:32:40,316] {processor.py:161} INFO - Processing /home/lucas/Área de Trabalho/Alura/EngenhariaDados/FormacaoAirflow/venv/lib/python3.10/site-packages/airflow/example_dags/example_complex.py took 0.065 seconds
[2023-07-12 12:33:15,487] {processor.py:153} INFO - Started process (PID=14651) to work on /home/lucas/Área de Trabalho/Alura/EngenhariaDados/FormacaoAirflow/venv/lib/python3.10/site-packages/airflow/example_dags/example_complex.py
[2023-07-12 12:33:15,491] {processor.py:641} INFO - Processing file /home/lucas/Área de Trabalho/Alura/EngenhariaDados/FormacaoAirflow/venv/lib/python3.10/site-packages/airflow/example_dags/example_complex.py for tasks to queue
[2023-07-12 12:33:15,491] {logging_mixin.py:115} INFO - [2023-07-12 12:33:15,491] {dagbag.py:507} INFO - Filling up the DagBag from /home/lucas/Área de Trabalho/Alura/EngenhariaDados/FormacaoAirflow/venv/lib/python3.10/site-packages/airflow/example_dags/example_complex.py
[2023-07-12 12:33:15,498] {processor.py:651} INFO - DAG(s) dict_keys(['example_complex']) retrieved from /home/lucas/Área de Trabalho/Alura/EngenhariaDados/FormacaoAirflow/venv/lib/python3.10/site-packages/airflow/example_dags/example_complex.py
[2023-07-12 12:33:15,510] {logging_mixin.py:115} INFO - [2023-07-12 12:33:15,510] {dag.py:2379} INFO - Sync 1 DAGs
[2023-07-12 12:33:15,523] {logging_mixin.py:115} INFO - [2023-07-12 12:33:15,523] {dag.py:2927} INFO - Setting next_dagrun for example_complex to None, run_after=None
[2023-07-12 12:33:15,533] {processor.py:161} INFO - Processing /home/lucas/Área de Trabalho/Alura/EngenhariaDados/FormacaoAirflow/venv/lib/python3.10/site-packages/airflow/example_dags/example_complex.py took 0.047 seconds
