[2023-07-12 12:31:37,173] {processor.py:153} INFO - Started process (PID=13956) to work on /home/lucas/Área de Trabalho/Alura/EngenhariaDados/FormacaoAirflow/venv/lib/python3.10/site-packages/airflow/example_dags/example_branch_python_dop_operator_3.py
[2023-07-12 12:31:37,174] {processor.py:641} INFO - Processing file /home/lucas/Área de Trabalho/Alura/EngenhariaDados/FormacaoAirflow/venv/lib/python3.10/site-packages/airflow/example_dags/example_branch_python_dop_operator_3.py for tasks to queue
[2023-07-12 12:31:37,175] {logging_mixin.py:115} INFO - [2023-07-12 12:31:37,175] {dagbag.py:507} INFO - Filling up the DagBag from /home/lucas/Área de Trabalho/Alura/EngenhariaDados/FormacaoAirflow/venv/lib/python3.10/site-packages/airflow/example_dags/example_branch_python_dop_operator_3.py
[2023-07-12 12:31:37,196] {processor.py:651} INFO - DAG(s) dict_keys(['example_branch_dop_operator_v3']) retrieved from /home/lucas/Área de Trabalho/Alura/EngenhariaDados/FormacaoAirflow/venv/lib/python3.10/site-packages/airflow/example_dags/example_branch_python_dop_operator_3.py
[2023-07-12 12:31:37,252] {logging_mixin.py:115} INFO - [2023-07-12 12:31:37,252] {manager.py:508} INFO - Created Permission View: can edit on DAG:example_branch_dop_operator_v3
[2023-07-12 12:31:37,272] {logging_mixin.py:115} INFO - [2023-07-12 12:31:37,272] {manager.py:508} INFO - Created Permission View: can delete on DAG:example_branch_dop_operator_v3
[2023-07-12 12:31:37,288] {logging_mixin.py:115} INFO - [2023-07-12 12:31:37,288] {manager.py:508} INFO - Created Permission View: can read on DAG:example_branch_dop_operator_v3
[2023-07-12 12:31:37,288] {logging_mixin.py:115} INFO - [2023-07-12 12:31:37,288] {dag.py:2379} INFO - Sync 1 DAGs
[2023-07-12 12:31:37,306] {logging_mixin.py:115} INFO - [2023-07-12 12:31:37,305] {dag.py:2398} INFO - Creating ORM DAG for example_branch_dop_operator_v3
[2023-07-12 12:31:37,331] {logging_mixin.py:115} INFO - [2023-07-12 12:31:37,331] {dag.py:2927} INFO - Setting next_dagrun for example_branch_dop_operator_v3 to 2023-07-12T15:30:00+00:00, run_after=2023-07-12T15:31:00+00:00
[2023-07-12 12:31:37,343] {processor.py:161} INFO - Processing /home/lucas/Área de Trabalho/Alura/EngenhariaDados/FormacaoAirflow/venv/lib/python3.10/site-packages/airflow/example_dags/example_branch_python_dop_operator_3.py took 0.175 seconds
[2023-07-12 12:32:09,894] {processor.py:153} INFO - Started process (PID=14245) to work on /home/lucas/Área de Trabalho/Alura/EngenhariaDados/FormacaoAirflow/venv/lib/python3.10/site-packages/airflow/example_dags/example_branch_python_dop_operator_3.py
[2023-07-12 12:32:09,895] {processor.py:641} INFO - Processing file /home/lucas/Área de Trabalho/Alura/EngenhariaDados/FormacaoAirflow/venv/lib/python3.10/site-packages/airflow/example_dags/example_branch_python_dop_operator_3.py for tasks to queue
[2023-07-12 12:32:09,896] {logging_mixin.py:115} INFO - [2023-07-12 12:32:09,896] {dagbag.py:507} INFO - Filling up the DagBag from /home/lucas/Área de Trabalho/Alura/EngenhariaDados/FormacaoAirflow/venv/lib/python3.10/site-packages/airflow/example_dags/example_branch_python_dop_operator_3.py
[2023-07-12 12:32:09,919] {processor.py:651} INFO - DAG(s) dict_keys(['example_branch_dop_operator_v3']) retrieved from /home/lucas/Área de Trabalho/Alura/EngenhariaDados/FormacaoAirflow/venv/lib/python3.10/site-packages/airflow/example_dags/example_branch_python_dop_operator_3.py
[2023-07-12 12:32:09,946] {logging_mixin.py:115} INFO - [2023-07-12 12:32:09,945] {dag.py:2379} INFO - Sync 1 DAGs
[2023-07-12 12:32:09,967] {logging_mixin.py:115} INFO - [2023-07-12 12:32:09,967] {dag.py:2927} INFO - Setting next_dagrun for example_branch_dop_operator_v3 to 2023-07-12T15:31:00+00:00, run_after=2023-07-12T15:32:00+00:00
[2023-07-12 12:32:09,979] {processor.py:161} INFO - Processing /home/lucas/Área de Trabalho/Alura/EngenhariaDados/FormacaoAirflow/venv/lib/python3.10/site-packages/airflow/example_dags/example_branch_python_dop_operator_3.py took 0.090 seconds
[2023-07-12 12:32:45,102] {processor.py:153} INFO - Started process (PID=14472) to work on /home/lucas/Área de Trabalho/Alura/EngenhariaDados/FormacaoAirflow/venv/lib/python3.10/site-packages/airflow/example_dags/example_branch_python_dop_operator_3.py
[2023-07-12 12:32:45,106] {processor.py:641} INFO - Processing file /home/lucas/Área de Trabalho/Alura/EngenhariaDados/FormacaoAirflow/venv/lib/python3.10/site-packages/airflow/example_dags/example_branch_python_dop_operator_3.py for tasks to queue
[2023-07-12 12:32:45,107] {logging_mixin.py:115} INFO - [2023-07-12 12:32:45,107] {dagbag.py:507} INFO - Filling up the DagBag from /home/lucas/Área de Trabalho/Alura/EngenhariaDados/FormacaoAirflow/venv/lib/python3.10/site-packages/airflow/example_dags/example_branch_python_dop_operator_3.py
[2023-07-12 12:32:45,115] {processor.py:651} INFO - DAG(s) dict_keys(['example_branch_dop_operator_v3']) retrieved from /home/lucas/Área de Trabalho/Alura/EngenhariaDados/FormacaoAirflow/venv/lib/python3.10/site-packages/airflow/example_dags/example_branch_python_dop_operator_3.py
[2023-07-12 12:32:45,126] {logging_mixin.py:115} INFO - [2023-07-12 12:32:45,126] {dag.py:2379} INFO - Sync 1 DAGs
[2023-07-12 12:32:45,144] {logging_mixin.py:115} INFO - [2023-07-12 12:32:45,144] {dag.py:2927} INFO - Setting next_dagrun for example_branch_dop_operator_v3 to 2023-07-12T15:31:00+00:00, run_after=2023-07-12T15:32:00+00:00
[2023-07-12 12:32:45,157] {processor.py:161} INFO - Processing /home/lucas/Área de Trabalho/Alura/EngenhariaDados/FormacaoAirflow/venv/lib/python3.10/site-packages/airflow/example_dags/example_branch_python_dop_operator_3.py took 0.060 seconds
[2023-07-12 12:33:21,188] {processor.py:153} INFO - Started process (PID=14695) to work on /home/lucas/Área de Trabalho/Alura/EngenhariaDados/FormacaoAirflow/venv/lib/python3.10/site-packages/airflow/example_dags/example_branch_python_dop_operator_3.py
[2023-07-12 12:33:21,189] {processor.py:641} INFO - Processing file /home/lucas/Área de Trabalho/Alura/EngenhariaDados/FormacaoAirflow/venv/lib/python3.10/site-packages/airflow/example_dags/example_branch_python_dop_operator_3.py for tasks to queue
[2023-07-12 12:33:21,190] {logging_mixin.py:115} INFO - [2023-07-12 12:33:21,190] {dagbag.py:507} INFO - Filling up the DagBag from /home/lucas/Área de Trabalho/Alura/EngenhariaDados/FormacaoAirflow/venv/lib/python3.10/site-packages/airflow/example_dags/example_branch_python_dop_operator_3.py
[2023-07-12 12:33:21,210] {processor.py:651} INFO - DAG(s) dict_keys(['example_branch_dop_operator_v3']) retrieved from /home/lucas/Área de Trabalho/Alura/EngenhariaDados/FormacaoAirflow/venv/lib/python3.10/site-packages/airflow/example_dags/example_branch_python_dop_operator_3.py
[2023-07-12 12:33:21,225] {logging_mixin.py:115} INFO - [2023-07-12 12:33:21,225] {dag.py:2379} INFO - Sync 1 DAGs
[2023-07-12 12:33:21,240] {logging_mixin.py:115} INFO - [2023-07-12 12:33:21,240] {dag.py:2927} INFO - Setting next_dagrun for example_branch_dop_operator_v3 to 2023-07-12T15:32:00+00:00, run_after=2023-07-12T15:33:00+00:00
[2023-07-12 12:33:21,249] {processor.py:161} INFO - Processing /home/lucas/Área de Trabalho/Alura/EngenhariaDados/FormacaoAirflow/venv/lib/python3.10/site-packages/airflow/example_dags/example_branch_python_dop_operator_3.py took 0.068 seconds
