[2023-07-12 12:31:08,760] {processor.py:153} INFO - Started process (PID=13841) to work on /home/lucas/Área de Trabalho/Alura/EngenhariaDados/FormacaoAirflow/venv/lib/python3.10/site-packages/airflow/example_dags/example_dag_decorator.py
[2023-07-12 12:31:08,761] {processor.py:641} INFO - Processing file /home/lucas/Área de Trabalho/Alura/EngenhariaDados/FormacaoAirflow/venv/lib/python3.10/site-packages/airflow/example_dags/example_dag_decorator.py for tasks to queue
[2023-07-12 12:31:08,761] {logging_mixin.py:115} INFO - [2023-07-12 12:31:08,761] {dagbag.py:507} INFO - Filling up the DagBag from /home/lucas/Área de Trabalho/Alura/EngenhariaDados/FormacaoAirflow/venv/lib/python3.10/site-packages/airflow/example_dags/example_dag_decorator.py
[2023-07-12 12:31:08,782] {processor.py:651} INFO - DAG(s) dict_keys(['example_dag_decorator']) retrieved from /home/lucas/Área de Trabalho/Alura/EngenhariaDados/FormacaoAirflow/venv/lib/python3.10/site-packages/airflow/example_dags/example_dag_decorator.py
[2023-07-12 12:31:08,838] {logging_mixin.py:115} INFO - [2023-07-12 12:31:08,838] {manager.py:508} INFO - Created Permission View: can edit on DAG:example_dag_decorator
[2023-07-12 12:31:08,847] {logging_mixin.py:115} INFO - [2023-07-12 12:31:08,847] {manager.py:508} INFO - Created Permission View: can delete on DAG:example_dag_decorator
[2023-07-12 12:31:08,854] {logging_mixin.py:115} INFO - [2023-07-12 12:31:08,854] {manager.py:508} INFO - Created Permission View: can read on DAG:example_dag_decorator
[2023-07-12 12:31:08,854] {logging_mixin.py:115} INFO - [2023-07-12 12:31:08,854] {dag.py:2379} INFO - Sync 1 DAGs
[2023-07-12 12:31:08,860] {logging_mixin.py:115} INFO - [2023-07-12 12:31:08,860] {dag.py:2398} INFO - Creating ORM DAG for example_dag_decorator
[2023-07-12 12:31:08,866] {logging_mixin.py:115} INFO - [2023-07-12 12:31:08,866] {dag.py:2927} INFO - Setting next_dagrun for example_dag_decorator to None, run_after=None
[2023-07-12 12:31:08,878] {processor.py:161} INFO - Processing /home/lucas/Área de Trabalho/Alura/EngenhariaDados/FormacaoAirflow/venv/lib/python3.10/site-packages/airflow/example_dags/example_dag_decorator.py took 0.122 seconds
[2023-07-12 12:31:46,467] {processor.py:153} INFO - Started process (PID=13967) to work on /home/lucas/Área de Trabalho/Alura/EngenhariaDados/FormacaoAirflow/venv/lib/python3.10/site-packages/airflow/example_dags/example_dag_decorator.py
[2023-07-12 12:31:46,471] {processor.py:641} INFO - Processing file /home/lucas/Área de Trabalho/Alura/EngenhariaDados/FormacaoAirflow/venv/lib/python3.10/site-packages/airflow/example_dags/example_dag_decorator.py for tasks to queue
[2023-07-12 12:31:46,471] {logging_mixin.py:115} INFO - [2023-07-12 12:31:46,471] {dagbag.py:507} INFO - Filling up the DagBag from /home/lucas/Área de Trabalho/Alura/EngenhariaDados/FormacaoAirflow/venv/lib/python3.10/site-packages/airflow/example_dags/example_dag_decorator.py
[2023-07-12 12:31:46,485] {processor.py:651} INFO - DAG(s) dict_keys(['example_dag_decorator']) retrieved from /home/lucas/Área de Trabalho/Alura/EngenhariaDados/FormacaoAirflow/venv/lib/python3.10/site-packages/airflow/example_dags/example_dag_decorator.py
[2023-07-12 12:31:46,510] {logging_mixin.py:115} INFO - [2023-07-12 12:31:46,510] {dag.py:2379} INFO - Sync 1 DAGs
[2023-07-12 12:31:46,518] {logging_mixin.py:115} INFO - [2023-07-12 12:31:46,518] {dag.py:2927} INFO - Setting next_dagrun for example_dag_decorator to None, run_after=None
[2023-07-12 12:31:46,528] {processor.py:161} INFO - Processing /home/lucas/Área de Trabalho/Alura/EngenhariaDados/FormacaoAirflow/venv/lib/python3.10/site-packages/airflow/example_dags/example_dag_decorator.py took 0.062 seconds
[2023-07-12 12:32:18,304] {processor.py:153} INFO - Started process (PID=14356) to work on /home/lucas/Área de Trabalho/Alura/EngenhariaDados/FormacaoAirflow/venv/lib/python3.10/site-packages/airflow/example_dags/example_dag_decorator.py
[2023-07-12 12:32:18,305] {processor.py:641} INFO - Processing file /home/lucas/Área de Trabalho/Alura/EngenhariaDados/FormacaoAirflow/venv/lib/python3.10/site-packages/airflow/example_dags/example_dag_decorator.py for tasks to queue
[2023-07-12 12:32:18,306] {logging_mixin.py:115} INFO - [2023-07-12 12:32:18,305] {dagbag.py:507} INFO - Filling up the DagBag from /home/lucas/Área de Trabalho/Alura/EngenhariaDados/FormacaoAirflow/venv/lib/python3.10/site-packages/airflow/example_dags/example_dag_decorator.py
[2023-07-12 12:32:18,339] {processor.py:651} INFO - DAG(s) dict_keys(['example_dag_decorator']) retrieved from /home/lucas/Área de Trabalho/Alura/EngenhariaDados/FormacaoAirflow/venv/lib/python3.10/site-packages/airflow/example_dags/example_dag_decorator.py
[2023-07-12 12:32:18,402] {logging_mixin.py:115} INFO - [2023-07-12 12:32:18,402] {dag.py:2379} INFO - Sync 1 DAGs
[2023-07-12 12:32:18,422] {logging_mixin.py:115} INFO - [2023-07-12 12:32:18,422] {dag.py:2927} INFO - Setting next_dagrun for example_dag_decorator to None, run_after=None
[2023-07-12 12:32:18,438] {processor.py:161} INFO - Processing /home/lucas/Área de Trabalho/Alura/EngenhariaDados/FormacaoAirflow/venv/lib/python3.10/site-packages/airflow/example_dags/example_dag_decorator.py took 0.137 seconds
[2023-07-12 12:32:52,306] {processor.py:153} INFO - Started process (PID=14534) to work on /home/lucas/Área de Trabalho/Alura/EngenhariaDados/FormacaoAirflow/venv/lib/python3.10/site-packages/airflow/example_dags/example_dag_decorator.py
[2023-07-12 12:32:52,307] {processor.py:641} INFO - Processing file /home/lucas/Área de Trabalho/Alura/EngenhariaDados/FormacaoAirflow/venv/lib/python3.10/site-packages/airflow/example_dags/example_dag_decorator.py for tasks to queue
[2023-07-12 12:32:52,308] {logging_mixin.py:115} INFO - [2023-07-12 12:32:52,308] {dagbag.py:507} INFO - Filling up the DagBag from /home/lucas/Área de Trabalho/Alura/EngenhariaDados/FormacaoAirflow/venv/lib/python3.10/site-packages/airflow/example_dags/example_dag_decorator.py
[2023-07-12 12:32:52,324] {processor.py:651} INFO - DAG(s) dict_keys(['example_dag_decorator']) retrieved from /home/lucas/Área de Trabalho/Alura/EngenhariaDados/FormacaoAirflow/venv/lib/python3.10/site-packages/airflow/example_dags/example_dag_decorator.py
[2023-07-12 12:32:52,335] {logging_mixin.py:115} INFO - [2023-07-12 12:32:52,335] {dag.py:2379} INFO - Sync 1 DAGs
[2023-07-12 12:32:52,348] {logging_mixin.py:115} INFO - [2023-07-12 12:32:52,348] {dag.py:2927} INFO - Setting next_dagrun for example_dag_decorator to None, run_after=None
[2023-07-12 12:32:52,356] {processor.py:161} INFO - Processing /home/lucas/Área de Trabalho/Alura/EngenhariaDados/FormacaoAirflow/venv/lib/python3.10/site-packages/airflow/example_dags/example_dag_decorator.py took 0.051 seconds
[2023-07-12 12:33:26,752] {processor.py:153} INFO - Started process (PID=14704) to work on /home/lucas/Área de Trabalho/Alura/EngenhariaDados/FormacaoAirflow/venv/lib/python3.10/site-packages/airflow/example_dags/example_dag_decorator.py
[2023-07-12 12:33:26,753] {processor.py:641} INFO - Processing file /home/lucas/Área de Trabalho/Alura/EngenhariaDados/FormacaoAirflow/venv/lib/python3.10/site-packages/airflow/example_dags/example_dag_decorator.py for tasks to queue
[2023-07-12 12:33:26,753] {logging_mixin.py:115} INFO - [2023-07-12 12:33:26,753] {dagbag.py:507} INFO - Filling up the DagBag from /home/lucas/Área de Trabalho/Alura/EngenhariaDados/FormacaoAirflow/venv/lib/python3.10/site-packages/airflow/example_dags/example_dag_decorator.py
[2023-07-12 12:33:26,766] {processor.py:651} INFO - DAG(s) dict_keys(['example_dag_decorator']) retrieved from /home/lucas/Área de Trabalho/Alura/EngenhariaDados/FormacaoAirflow/venv/lib/python3.10/site-packages/airflow/example_dags/example_dag_decorator.py
[2023-07-12 12:33:26,792] {logging_mixin.py:115} INFO - [2023-07-12 12:33:26,792] {dag.py:2379} INFO - Sync 1 DAGs
[2023-07-12 12:33:26,800] {logging_mixin.py:115} INFO - [2023-07-12 12:33:26,800] {dag.py:2927} INFO - Setting next_dagrun for example_dag_decorator to None, run_after=None
[2023-07-12 12:33:26,808] {processor.py:161} INFO - Processing /home/lucas/Área de Trabalho/Alura/EngenhariaDados/FormacaoAirflow/venv/lib/python3.10/site-packages/airflow/example_dags/example_dag_decorator.py took 0.057 seconds
