[2023-07-12 12:31:15,036] {processor.py:153} INFO - Started process (PID=13897) to work on /home/lucas/Área de Trabalho/Alura/EngenhariaDados/FormacaoAirflow/venv/lib/python3.10/site-packages/airflow/example_dags/example_python_operator.py
[2023-07-12 12:31:15,037] {processor.py:641} INFO - Processing file /home/lucas/Área de Trabalho/Alura/EngenhariaDados/FormacaoAirflow/venv/lib/python3.10/site-packages/airflow/example_dags/example_python_operator.py for tasks to queue
[2023-07-12 12:31:15,039] {logging_mixin.py:115} INFO - [2023-07-12 12:31:15,038] {dagbag.py:507} INFO - Filling up the DagBag from /home/lucas/Área de Trabalho/Alura/EngenhariaDados/FormacaoAirflow/venv/lib/python3.10/site-packages/airflow/example_dags/example_python_operator.py
[2023-07-12 12:31:15,061] {logging_mixin.py:115} INFO - [2023-07-12 12:31:15,061] {example_python_operator.py:68} WARNING - The virtalenv_python example task requires virtualenv, please install it.
[2023-07-12 12:31:15,061] {processor.py:651} INFO - DAG(s) dict_keys(['example_python_operator']) retrieved from /home/lucas/Área de Trabalho/Alura/EngenhariaDados/FormacaoAirflow/venv/lib/python3.10/site-packages/airflow/example_dags/example_python_operator.py
[2023-07-12 12:31:15,126] {logging_mixin.py:115} INFO - [2023-07-12 12:31:15,125] {manager.py:508} INFO - Created Permission View: can edit on DAG:example_python_operator
[2023-07-12 12:31:15,139] {logging_mixin.py:115} INFO - [2023-07-12 12:31:15,139] {manager.py:508} INFO - Created Permission View: can delete on DAG:example_python_operator
[2023-07-12 12:31:15,145] {logging_mixin.py:115} INFO - [2023-07-12 12:31:15,145] {manager.py:508} INFO - Created Permission View: can read on DAG:example_python_operator
[2023-07-12 12:31:15,145] {logging_mixin.py:115} INFO - [2023-07-12 12:31:15,145] {dag.py:2379} INFO - Sync 1 DAGs
[2023-07-12 12:31:15,153] {logging_mixin.py:115} INFO - [2023-07-12 12:31:15,153] {dag.py:2398} INFO - Creating ORM DAG for example_python_operator
[2023-07-12 12:31:15,161] {logging_mixin.py:115} INFO - [2023-07-12 12:31:15,160] {dag.py:2927} INFO - Setting next_dagrun for example_python_operator to None, run_after=None
[2023-07-12 12:31:15,174] {processor.py:161} INFO - Processing /home/lucas/Área de Trabalho/Alura/EngenhariaDados/FormacaoAirflow/venv/lib/python3.10/site-packages/airflow/example_dags/example_python_operator.py took 0.143 seconds
[2023-07-12 12:31:50,473] {processor.py:153} INFO - Started process (PID=13990) to work on /home/lucas/Área de Trabalho/Alura/EngenhariaDados/FormacaoAirflow/venv/lib/python3.10/site-packages/airflow/example_dags/example_python_operator.py
[2023-07-12 12:31:50,474] {processor.py:641} INFO - Processing file /home/lucas/Área de Trabalho/Alura/EngenhariaDados/FormacaoAirflow/venv/lib/python3.10/site-packages/airflow/example_dags/example_python_operator.py for tasks to queue
[2023-07-12 12:31:50,474] {logging_mixin.py:115} INFO - [2023-07-12 12:31:50,474] {dagbag.py:507} INFO - Filling up the DagBag from /home/lucas/Área de Trabalho/Alura/EngenhariaDados/FormacaoAirflow/venv/lib/python3.10/site-packages/airflow/example_dags/example_python_operator.py
[2023-07-12 12:31:50,495] {logging_mixin.py:115} INFO - [2023-07-12 12:31:50,495] {example_python_operator.py:68} WARNING - The virtalenv_python example task requires virtualenv, please install it.
[2023-07-12 12:31:50,496] {processor.py:651} INFO - DAG(s) dict_keys(['example_python_operator']) retrieved from /home/lucas/Área de Trabalho/Alura/EngenhariaDados/FormacaoAirflow/venv/lib/python3.10/site-packages/airflow/example_dags/example_python_operator.py
[2023-07-12 12:31:50,512] {logging_mixin.py:115} INFO - [2023-07-12 12:31:50,512] {dag.py:2379} INFO - Sync 1 DAGs
[2023-07-12 12:31:50,534] {logging_mixin.py:115} INFO - [2023-07-12 12:31:50,534] {dag.py:2927} INFO - Setting next_dagrun for example_python_operator to None, run_after=None
[2023-07-12 12:31:50,546] {processor.py:161} INFO - Processing /home/lucas/Área de Trabalho/Alura/EngenhariaDados/FormacaoAirflow/venv/lib/python3.10/site-packages/airflow/example_dags/example_python_operator.py took 0.076 seconds
[2023-07-12 12:32:23,694] {processor.py:153} INFO - Started process (PID=14413) to work on /home/lucas/Área de Trabalho/Alura/EngenhariaDados/FormacaoAirflow/venv/lib/python3.10/site-packages/airflow/example_dags/example_python_operator.py
[2023-07-12 12:32:23,695] {processor.py:641} INFO - Processing file /home/lucas/Área de Trabalho/Alura/EngenhariaDados/FormacaoAirflow/venv/lib/python3.10/site-packages/airflow/example_dags/example_python_operator.py for tasks to queue
[2023-07-12 12:32:23,696] {logging_mixin.py:115} INFO - [2023-07-12 12:32:23,696] {dagbag.py:507} INFO - Filling up the DagBag from /home/lucas/Área de Trabalho/Alura/EngenhariaDados/FormacaoAirflow/venv/lib/python3.10/site-packages/airflow/example_dags/example_python_operator.py
[2023-07-12 12:32:23,726] {logging_mixin.py:115} INFO - [2023-07-12 12:32:23,726] {example_python_operator.py:68} WARNING - The virtalenv_python example task requires virtualenv, please install it.
[2023-07-12 12:32:23,726] {processor.py:651} INFO - DAG(s) dict_keys(['example_python_operator']) retrieved from /home/lucas/Área de Trabalho/Alura/EngenhariaDados/FormacaoAirflow/venv/lib/python3.10/site-packages/airflow/example_dags/example_python_operator.py
[2023-07-12 12:32:23,738] {logging_mixin.py:115} INFO - [2023-07-12 12:32:23,738] {dag.py:2379} INFO - Sync 1 DAGs
[2023-07-12 12:32:23,752] {logging_mixin.py:115} INFO - [2023-07-12 12:32:23,752] {dag.py:2927} INFO - Setting next_dagrun for example_python_operator to None, run_after=None
[2023-07-12 12:32:23,761] {processor.py:161} INFO - Processing /home/lucas/Área de Trabalho/Alura/EngenhariaDados/FormacaoAirflow/venv/lib/python3.10/site-packages/airflow/example_dags/example_python_operator.py took 0.073 seconds
[2023-07-12 12:32:57,451] {processor.py:153} INFO - Started process (PID=14539) to work on /home/lucas/Área de Trabalho/Alura/EngenhariaDados/FormacaoAirflow/venv/lib/python3.10/site-packages/airflow/example_dags/example_python_operator.py
[2023-07-12 12:32:57,453] {processor.py:641} INFO - Processing file /home/lucas/Área de Trabalho/Alura/EngenhariaDados/FormacaoAirflow/venv/lib/python3.10/site-packages/airflow/example_dags/example_python_operator.py for tasks to queue
[2023-07-12 12:32:57,454] {logging_mixin.py:115} INFO - [2023-07-12 12:32:57,454] {dagbag.py:507} INFO - Filling up the DagBag from /home/lucas/Área de Trabalho/Alura/EngenhariaDados/FormacaoAirflow/venv/lib/python3.10/site-packages/airflow/example_dags/example_python_operator.py
[2023-07-12 12:32:57,483] {logging_mixin.py:115} INFO - [2023-07-12 12:32:57,483] {example_python_operator.py:68} WARNING - The virtalenv_python example task requires virtualenv, please install it.
[2023-07-12 12:32:57,483] {processor.py:651} INFO - DAG(s) dict_keys(['example_python_operator']) retrieved from /home/lucas/Área de Trabalho/Alura/EngenhariaDados/FormacaoAirflow/venv/lib/python3.10/site-packages/airflow/example_dags/example_python_operator.py
[2023-07-12 12:32:57,495] {logging_mixin.py:115} INFO - [2023-07-12 12:32:57,495] {dag.py:2379} INFO - Sync 1 DAGs
[2023-07-12 12:32:57,508] {logging_mixin.py:115} INFO - [2023-07-12 12:32:57,508] {dag.py:2927} INFO - Setting next_dagrun for example_python_operator to None, run_after=None
[2023-07-12 12:32:57,516] {processor.py:161} INFO - Processing /home/lucas/Área de Trabalho/Alura/EngenhariaDados/FormacaoAirflow/venv/lib/python3.10/site-packages/airflow/example_dags/example_python_operator.py took 0.071 seconds
[2023-07-12 12:33:31,708] {processor.py:153} INFO - Started process (PID=14774) to work on /home/lucas/Área de Trabalho/Alura/EngenhariaDados/FormacaoAirflow/venv/lib/python3.10/site-packages/airflow/example_dags/example_python_operator.py
[2023-07-12 12:33:31,712] {processor.py:641} INFO - Processing file /home/lucas/Área de Trabalho/Alura/EngenhariaDados/FormacaoAirflow/venv/lib/python3.10/site-packages/airflow/example_dags/example_python_operator.py for tasks to queue
[2023-07-12 12:33:31,712] {logging_mixin.py:115} INFO - [2023-07-12 12:33:31,712] {dagbag.py:507} INFO - Filling up the DagBag from /home/lucas/Área de Trabalho/Alura/EngenhariaDados/FormacaoAirflow/venv/lib/python3.10/site-packages/airflow/example_dags/example_python_operator.py
[2023-07-12 12:33:31,737] {logging_mixin.py:115} INFO - [2023-07-12 12:33:31,737] {example_python_operator.py:68} WARNING - The virtalenv_python example task requires virtualenv, please install it.
[2023-07-12 12:33:31,737] {processor.py:651} INFO - DAG(s) dict_keys(['example_python_operator']) retrieved from /home/lucas/Área de Trabalho/Alura/EngenhariaDados/FormacaoAirflow/venv/lib/python3.10/site-packages/airflow/example_dags/example_python_operator.py
[2023-07-12 12:33:31,756] {logging_mixin.py:115} INFO - [2023-07-12 12:33:31,756] {dag.py:2379} INFO - Sync 1 DAGs
[2023-07-12 12:33:31,783] {logging_mixin.py:115} INFO - [2023-07-12 12:33:31,783] {dag.py:2927} INFO - Setting next_dagrun for example_python_operator to None, run_after=None
[2023-07-12 12:33:31,799] {processor.py:161} INFO - Processing /home/lucas/Área de Trabalho/Alura/EngenhariaDados/FormacaoAirflow/venv/lib/python3.10/site-packages/airflow/example_dags/example_python_operator.py took 0.093 seconds
