[2023-07-12 12:31:30,791] {processor.py:153} INFO - Started process (PID=13934) to work on /home/lucas/Área de Trabalho/Alura/EngenhariaDados/FormacaoAirflow/venv/lib/python3.10/site-packages/airflow/example_dags/example_bash_operator.py
[2023-07-12 12:31:30,791] {processor.py:641} INFO - Processing file /home/lucas/Área de Trabalho/Alura/EngenhariaDados/FormacaoAirflow/venv/lib/python3.10/site-packages/airflow/example_dags/example_bash_operator.py for tasks to queue
[2023-07-12 12:31:30,792] {logging_mixin.py:115} INFO - [2023-07-12 12:31:30,792] {dagbag.py:507} INFO - Filling up the DagBag from /home/lucas/Área de Trabalho/Alura/EngenhariaDados/FormacaoAirflow/venv/lib/python3.10/site-packages/airflow/example_dags/example_bash_operator.py
[2023-07-12 12:31:30,805] {processor.py:651} INFO - DAG(s) dict_keys(['example_bash_operator']) retrieved from /home/lucas/Área de Trabalho/Alura/EngenhariaDados/FormacaoAirflow/venv/lib/python3.10/site-packages/airflow/example_dags/example_bash_operator.py
[2023-07-12 12:31:30,867] {logging_mixin.py:115} INFO - [2023-07-12 12:31:30,867] {manager.py:508} INFO - Created Permission View: can edit on DAG:example_bash_operator
[2023-07-12 12:31:30,876] {logging_mixin.py:115} INFO - [2023-07-12 12:31:30,876] {manager.py:508} INFO - Created Permission View: can delete on DAG:example_bash_operator
[2023-07-12 12:31:30,883] {logging_mixin.py:115} INFO - [2023-07-12 12:31:30,882] {manager.py:508} INFO - Created Permission View: can read on DAG:example_bash_operator
[2023-07-12 12:31:30,883] {logging_mixin.py:115} INFO - [2023-07-12 12:31:30,883] {dag.py:2379} INFO - Sync 1 DAGs
[2023-07-12 12:31:30,887] {logging_mixin.py:115} INFO - [2023-07-12 12:31:30,887] {dag.py:2398} INFO - Creating ORM DAG for example_bash_operator
[2023-07-12 12:31:30,894] {logging_mixin.py:115} INFO - [2023-07-12 12:31:30,894] {dag.py:2927} INFO - Setting next_dagrun for example_bash_operator to 2023-07-11T00:00:00+00:00, run_after=2023-07-12T00:00:00+00:00
[2023-07-12 12:31:30,903] {processor.py:161} INFO - Processing /home/lucas/Área de Trabalho/Alura/EngenhariaDados/FormacaoAirflow/venv/lib/python3.10/site-packages/airflow/example_dags/example_bash_operator.py took 0.115 seconds
[2023-07-12 12:32:04,559] {processor.py:153} INFO - Started process (PID=14181) to work on /home/lucas/Área de Trabalho/Alura/EngenhariaDados/FormacaoAirflow/venv/lib/python3.10/site-packages/airflow/example_dags/example_bash_operator.py
[2023-07-12 12:32:04,559] {processor.py:641} INFO - Processing file /home/lucas/Área de Trabalho/Alura/EngenhariaDados/FormacaoAirflow/venv/lib/python3.10/site-packages/airflow/example_dags/example_bash_operator.py for tasks to queue
[2023-07-12 12:32:04,560] {logging_mixin.py:115} INFO - [2023-07-12 12:32:04,560] {dagbag.py:507} INFO - Filling up the DagBag from /home/lucas/Área de Trabalho/Alura/EngenhariaDados/FormacaoAirflow/venv/lib/python3.10/site-packages/airflow/example_dags/example_bash_operator.py
[2023-07-12 12:32:04,566] {processor.py:651} INFO - DAG(s) dict_keys(['example_bash_operator']) retrieved from /home/lucas/Área de Trabalho/Alura/EngenhariaDados/FormacaoAirflow/venv/lib/python3.10/site-packages/airflow/example_dags/example_bash_operator.py
[2023-07-12 12:32:04,575] {logging_mixin.py:115} INFO - [2023-07-12 12:32:04,575] {dag.py:2379} INFO - Sync 1 DAGs
[2023-07-12 12:32:04,588] {logging_mixin.py:115} INFO - [2023-07-12 12:32:04,588] {dag.py:2927} INFO - Setting next_dagrun for example_bash_operator to 2023-07-11T00:00:00+00:00, run_after=2023-07-12T00:00:00+00:00
[2023-07-12 12:32:04,596] {processor.py:161} INFO - Processing /home/lucas/Área de Trabalho/Alura/EngenhariaDados/FormacaoAirflow/venv/lib/python3.10/site-packages/airflow/example_dags/example_bash_operator.py took 0.039 seconds
[2023-07-12 12:32:38,002] {processor.py:153} INFO - Started process (PID=14462) to work on /home/lucas/Área de Trabalho/Alura/EngenhariaDados/FormacaoAirflow/venv/lib/python3.10/site-packages/airflow/example_dags/example_bash_operator.py
[2023-07-12 12:32:38,003] {processor.py:641} INFO - Processing file /home/lucas/Área de Trabalho/Alura/EngenhariaDados/FormacaoAirflow/venv/lib/python3.10/site-packages/airflow/example_dags/example_bash_operator.py for tasks to queue
[2023-07-12 12:32:38,004] {logging_mixin.py:115} INFO - [2023-07-12 12:32:38,004] {dagbag.py:507} INFO - Filling up the DagBag from /home/lucas/Área de Trabalho/Alura/EngenhariaDados/FormacaoAirflow/venv/lib/python3.10/site-packages/airflow/example_dags/example_bash_operator.py
[2023-07-12 12:32:38,025] {processor.py:651} INFO - DAG(s) dict_keys(['example_bash_operator']) retrieved from /home/lucas/Área de Trabalho/Alura/EngenhariaDados/FormacaoAirflow/venv/lib/python3.10/site-packages/airflow/example_dags/example_bash_operator.py
[2023-07-12 12:32:38,040] {logging_mixin.py:115} INFO - [2023-07-12 12:32:38,040] {dag.py:2379} INFO - Sync 1 DAGs
[2023-07-12 12:32:38,065] {logging_mixin.py:115} INFO - [2023-07-12 12:32:38,065] {dag.py:2927} INFO - Setting next_dagrun for example_bash_operator to 2023-07-11T00:00:00+00:00, run_after=2023-07-12T00:00:00+00:00
[2023-07-12 12:32:38,078] {processor.py:161} INFO - Processing /home/lucas/Área de Trabalho/Alura/EngenhariaDados/FormacaoAirflow/venv/lib/python3.10/site-packages/airflow/example_dags/example_bash_operator.py took 0.081 seconds
[2023-07-12 12:33:12,797] {processor.py:153} INFO - Started process (PID=14625) to work on /home/lucas/Área de Trabalho/Alura/EngenhariaDados/FormacaoAirflow/venv/lib/python3.10/site-packages/airflow/example_dags/example_bash_operator.py
[2023-07-12 12:33:12,801] {processor.py:641} INFO - Processing file /home/lucas/Área de Trabalho/Alura/EngenhariaDados/FormacaoAirflow/venv/lib/python3.10/site-packages/airflow/example_dags/example_bash_operator.py for tasks to queue
[2023-07-12 12:33:12,802] {logging_mixin.py:115} INFO - [2023-07-12 12:33:12,802] {dagbag.py:507} INFO - Filling up the DagBag from /home/lucas/Área de Trabalho/Alura/EngenhariaDados/FormacaoAirflow/venv/lib/python3.10/site-packages/airflow/example_dags/example_bash_operator.py
[2023-07-12 12:33:12,824] {processor.py:651} INFO - DAG(s) dict_keys(['example_bash_operator']) retrieved from /home/lucas/Área de Trabalho/Alura/EngenhariaDados/FormacaoAirflow/venv/lib/python3.10/site-packages/airflow/example_dags/example_bash_operator.py
[2023-07-12 12:33:12,839] {logging_mixin.py:115} INFO - [2023-07-12 12:33:12,839] {dag.py:2379} INFO - Sync 1 DAGs
[2023-07-12 12:33:12,856] {logging_mixin.py:115} INFO - [2023-07-12 12:33:12,856] {dag.py:2927} INFO - Setting next_dagrun for example_bash_operator to 2023-07-11T00:00:00+00:00, run_after=2023-07-12T00:00:00+00:00
[2023-07-12 12:33:12,868] {processor.py:161} INFO - Processing /home/lucas/Área de Trabalho/Alura/EngenhariaDados/FormacaoAirflow/venv/lib/python3.10/site-packages/airflow/example_dags/example_bash_operator.py took 0.077 seconds
