[2023-07-12 12:31:35,939] {processor.py:153} INFO - Started process (PID=13955) to work on /home/lucas/Área de Trabalho/Alura/EngenhariaDados/FormacaoAirflow/venv/lib/python3.10/site-packages/airflow/example_dags/example_branch_datetime_operator.py
[2023-07-12 12:31:35,940] {processor.py:641} INFO - Processing file /home/lucas/Área de Trabalho/Alura/EngenhariaDados/FormacaoAirflow/venv/lib/python3.10/site-packages/airflow/example_dags/example_branch_datetime_operator.py for tasks to queue
[2023-07-12 12:31:35,941] {logging_mixin.py:115} INFO - [2023-07-12 12:31:35,941] {dagbag.py:507} INFO - Filling up the DagBag from /home/lucas/Área de Trabalho/Alura/EngenhariaDados/FormacaoAirflow/venv/lib/python3.10/site-packages/airflow/example_dags/example_branch_datetime_operator.py
[2023-07-12 12:31:35,952] {processor.py:651} INFO - DAG(s) dict_keys(['example_branch_datetime_operator_2']) retrieved from /home/lucas/Área de Trabalho/Alura/EngenhariaDados/FormacaoAirflow/venv/lib/python3.10/site-packages/airflow/example_dags/example_branch_datetime_operator.py
[2023-07-12 12:31:36,018] {logging_mixin.py:115} INFO - [2023-07-12 12:31:36,018] {manager.py:508} INFO - Created Permission View: can edit on DAG:example_branch_datetime_operator_2
[2023-07-12 12:31:36,028] {logging_mixin.py:115} INFO - [2023-07-12 12:31:36,027] {manager.py:508} INFO - Created Permission View: can delete on DAG:example_branch_datetime_operator_2
[2023-07-12 12:31:36,036] {logging_mixin.py:115} INFO - [2023-07-12 12:31:36,035] {manager.py:508} INFO - Created Permission View: can read on DAG:example_branch_datetime_operator_2
[2023-07-12 12:31:36,036] {logging_mixin.py:115} INFO - [2023-07-12 12:31:36,036] {dag.py:2379} INFO - Sync 1 DAGs
[2023-07-12 12:31:36,044] {logging_mixin.py:115} INFO - [2023-07-12 12:31:36,044] {dag.py:2398} INFO - Creating ORM DAG for example_branch_datetime_operator_2
[2023-07-12 12:31:36,057] {logging_mixin.py:115} INFO - [2023-07-12 12:31:36,057] {dag.py:2927} INFO - Setting next_dagrun for example_branch_datetime_operator_2 to 2023-07-11T00:00:00+00:00, run_after=2023-07-12T00:00:00+00:00
[2023-07-12 12:31:36,071] {processor.py:161} INFO - Processing /home/lucas/Área de Trabalho/Alura/EngenhariaDados/FormacaoAirflow/venv/lib/python3.10/site-packages/airflow/example_dags/example_branch_datetime_operator.py took 0.139 seconds
[2023-07-12 12:32:09,293] {processor.py:153} INFO - Started process (PID=14244) to work on /home/lucas/Área de Trabalho/Alura/EngenhariaDados/FormacaoAirflow/venv/lib/python3.10/site-packages/airflow/example_dags/example_branch_datetime_operator.py
[2023-07-12 12:32:09,294] {processor.py:641} INFO - Processing file /home/lucas/Área de Trabalho/Alura/EngenhariaDados/FormacaoAirflow/venv/lib/python3.10/site-packages/airflow/example_dags/example_branch_datetime_operator.py for tasks to queue
[2023-07-12 12:32:09,294] {logging_mixin.py:115} INFO - [2023-07-12 12:32:09,294] {dagbag.py:507} INFO - Filling up the DagBag from /home/lucas/Área de Trabalho/Alura/EngenhariaDados/FormacaoAirflow/venv/lib/python3.10/site-packages/airflow/example_dags/example_branch_datetime_operator.py
[2023-07-12 12:32:09,304] {processor.py:651} INFO - DAG(s) dict_keys(['example_branch_datetime_operator_2']) retrieved from /home/lucas/Área de Trabalho/Alura/EngenhariaDados/FormacaoAirflow/venv/lib/python3.10/site-packages/airflow/example_dags/example_branch_datetime_operator.py
[2023-07-12 12:32:09,321] {logging_mixin.py:115} INFO - [2023-07-12 12:32:09,321] {dag.py:2379} INFO - Sync 1 DAGs
[2023-07-12 12:32:09,340] {logging_mixin.py:115} INFO - [2023-07-12 12:32:09,340] {dag.py:2927} INFO - Setting next_dagrun for example_branch_datetime_operator_2 to 2023-07-11T00:00:00+00:00, run_after=2023-07-12T00:00:00+00:00
[2023-07-12 12:32:09,360] {processor.py:161} INFO - Processing /home/lucas/Área de Trabalho/Alura/EngenhariaDados/FormacaoAirflow/venv/lib/python3.10/site-packages/airflow/example_dags/example_branch_datetime_operator.py took 0.071 seconds
[2023-07-12 12:32:43,950] {processor.py:153} INFO - Started process (PID=14471) to work on /home/lucas/Área de Trabalho/Alura/EngenhariaDados/FormacaoAirflow/venv/lib/python3.10/site-packages/airflow/example_dags/example_branch_datetime_operator.py
[2023-07-12 12:32:43,958] {processor.py:641} INFO - Processing file /home/lucas/Área de Trabalho/Alura/EngenhariaDados/FormacaoAirflow/venv/lib/python3.10/site-packages/airflow/example_dags/example_branch_datetime_operator.py for tasks to queue
[2023-07-12 12:32:43,958] {logging_mixin.py:115} INFO - [2023-07-12 12:32:43,958] {dagbag.py:507} INFO - Filling up the DagBag from /home/lucas/Área de Trabalho/Alura/EngenhariaDados/FormacaoAirflow/venv/lib/python3.10/site-packages/airflow/example_dags/example_branch_datetime_operator.py
[2023-07-12 12:32:43,963] {processor.py:651} INFO - DAG(s) dict_keys(['example_branch_datetime_operator_2']) retrieved from /home/lucas/Área de Trabalho/Alura/EngenhariaDados/FormacaoAirflow/venv/lib/python3.10/site-packages/airflow/example_dags/example_branch_datetime_operator.py
[2023-07-12 12:32:43,974] {logging_mixin.py:115} INFO - [2023-07-12 12:32:43,974] {dag.py:2379} INFO - Sync 1 DAGs
[2023-07-12 12:32:43,988] {logging_mixin.py:115} INFO - [2023-07-12 12:32:43,988] {dag.py:2927} INFO - Setting next_dagrun for example_branch_datetime_operator_2 to 2023-07-11T00:00:00+00:00, run_after=2023-07-12T00:00:00+00:00
[2023-07-12 12:32:44,000] {processor.py:161} INFO - Processing /home/lucas/Área de Trabalho/Alura/EngenhariaDados/FormacaoAirflow/venv/lib/python3.10/site-packages/airflow/example_dags/example_branch_datetime_operator.py took 0.051 seconds
[2023-07-12 12:33:20,047] {processor.py:153} INFO - Started process (PID=14694) to work on /home/lucas/Área de Trabalho/Alura/EngenhariaDados/FormacaoAirflow/venv/lib/python3.10/site-packages/airflow/example_dags/example_branch_datetime_operator.py
[2023-07-12 12:33:20,050] {processor.py:641} INFO - Processing file /home/lucas/Área de Trabalho/Alura/EngenhariaDados/FormacaoAirflow/venv/lib/python3.10/site-packages/airflow/example_dags/example_branch_datetime_operator.py for tasks to queue
[2023-07-12 12:33:20,051] {logging_mixin.py:115} INFO - [2023-07-12 12:33:20,051] {dagbag.py:507} INFO - Filling up the DagBag from /home/lucas/Área de Trabalho/Alura/EngenhariaDados/FormacaoAirflow/venv/lib/python3.10/site-packages/airflow/example_dags/example_branch_datetime_operator.py
[2023-07-12 12:33:20,057] {processor.py:651} INFO - DAG(s) dict_keys(['example_branch_datetime_operator_2']) retrieved from /home/lucas/Área de Trabalho/Alura/EngenhariaDados/FormacaoAirflow/venv/lib/python3.10/site-packages/airflow/example_dags/example_branch_datetime_operator.py
[2023-07-12 12:33:20,070] {logging_mixin.py:115} INFO - [2023-07-12 12:33:20,070] {dag.py:2379} INFO - Sync 1 DAGs
[2023-07-12 12:33:20,084] {logging_mixin.py:115} INFO - [2023-07-12 12:33:20,084] {dag.py:2927} INFO - Setting next_dagrun for example_branch_datetime_operator_2 to 2023-07-11T00:00:00+00:00, run_after=2023-07-12T00:00:00+00:00
[2023-07-12 12:33:20,100] {processor.py:161} INFO - Processing /home/lucas/Área de Trabalho/Alura/EngenhariaDados/FormacaoAirflow/venv/lib/python3.10/site-packages/airflow/example_dags/example_branch_datetime_operator.py took 0.055 seconds
