[2023-07-12 12:31:13,800] {processor.py:153} INFO - Started process (PID=13896) to work on /home/lucas/Área de Trabalho/Alura/EngenhariaDados/FormacaoAirflow/venv/lib/python3.10/site-packages/airflow/example_dags/example_task_group_decorator.py
[2023-07-12 12:31:13,801] {processor.py:641} INFO - Processing file /home/lucas/Área de Trabalho/Alura/EngenhariaDados/FormacaoAirflow/venv/lib/python3.10/site-packages/airflow/example_dags/example_task_group_decorator.py for tasks to queue
[2023-07-12 12:31:13,802] {logging_mixin.py:115} INFO - [2023-07-12 12:31:13,802] {dagbag.py:507} INFO - Filling up the DagBag from /home/lucas/Área de Trabalho/Alura/EngenhariaDados/FormacaoAirflow/venv/lib/python3.10/site-packages/airflow/example_dags/example_task_group_decorator.py
[2023-07-12 12:31:13,837] {processor.py:651} INFO - DAG(s) dict_keys(['example_task_group_decorator']) retrieved from /home/lucas/Área de Trabalho/Alura/EngenhariaDados/FormacaoAirflow/venv/lib/python3.10/site-packages/airflow/example_dags/example_task_group_decorator.py
[2023-07-12 12:31:13,893] {logging_mixin.py:115} INFO - [2023-07-12 12:31:13,893] {manager.py:508} INFO - Created Permission View: can edit on DAG:example_task_group_decorator
[2023-07-12 12:31:13,900] {logging_mixin.py:115} INFO - [2023-07-12 12:31:13,899] {manager.py:508} INFO - Created Permission View: can delete on DAG:example_task_group_decorator
[2023-07-12 12:31:13,906] {logging_mixin.py:115} INFO - [2023-07-12 12:31:13,906] {manager.py:508} INFO - Created Permission View: can read on DAG:example_task_group_decorator
[2023-07-12 12:31:13,906] {logging_mixin.py:115} INFO - [2023-07-12 12:31:13,906] {dag.py:2379} INFO - Sync 1 DAGs
[2023-07-12 12:31:13,914] {logging_mixin.py:115} INFO - [2023-07-12 12:31:13,914] {dag.py:2398} INFO - Creating ORM DAG for example_task_group_decorator
[2023-07-12 12:31:13,925] {logging_mixin.py:115} INFO - [2023-07-12 12:31:13,925] {dag.py:2927} INFO - Setting next_dagrun for example_task_group_decorator to 2023-07-11T15:31:13.925384+00:00, run_after=2023-07-12T15:31:13.925384+00:00
[2023-07-12 12:31:13,936] {processor.py:161} INFO - Processing /home/lucas/Área de Trabalho/Alura/EngenhariaDados/FormacaoAirflow/venv/lib/python3.10/site-packages/airflow/example_dags/example_task_group_decorator.py took 0.141 seconds
[2023-07-12 12:31:49,341] {processor.py:153} INFO - Started process (PID=13973) to work on /home/lucas/Área de Trabalho/Alura/EngenhariaDados/FormacaoAirflow/venv/lib/python3.10/site-packages/airflow/example_dags/example_task_group_decorator.py
[2023-07-12 12:31:49,345] {processor.py:641} INFO - Processing file /home/lucas/Área de Trabalho/Alura/EngenhariaDados/FormacaoAirflow/venv/lib/python3.10/site-packages/airflow/example_dags/example_task_group_decorator.py for tasks to queue
[2023-07-12 12:31:49,345] {logging_mixin.py:115} INFO - [2023-07-12 12:31:49,345] {dagbag.py:507} INFO - Filling up the DagBag from /home/lucas/Área de Trabalho/Alura/EngenhariaDados/FormacaoAirflow/venv/lib/python3.10/site-packages/airflow/example_dags/example_task_group_decorator.py
[2023-07-12 12:31:49,361] {processor.py:651} INFO - DAG(s) dict_keys(['example_task_group_decorator']) retrieved from /home/lucas/Área de Trabalho/Alura/EngenhariaDados/FormacaoAirflow/venv/lib/python3.10/site-packages/airflow/example_dags/example_task_group_decorator.py
[2023-07-12 12:31:49,388] {logging_mixin.py:115} INFO - [2023-07-12 12:31:49,388] {dag.py:2379} INFO - Sync 1 DAGs
[2023-07-12 12:31:49,397] {logging_mixin.py:115} INFO - [2023-07-12 12:31:49,397] {dag.py:2927} INFO - Setting next_dagrun for example_task_group_decorator to 2023-07-11T15:31:49.397347+00:00, run_after=2023-07-12T15:31:49.397347+00:00
[2023-07-12 12:31:49,407] {processor.py:161} INFO - Processing /home/lucas/Área de Trabalho/Alura/EngenhariaDados/FormacaoAirflow/venv/lib/python3.10/site-packages/airflow/example_dags/example_task_group_decorator.py took 0.067 seconds
[2023-07-12 12:32:22,448] {processor.py:153} INFO - Started process (PID=14383) to work on /home/lucas/Área de Trabalho/Alura/EngenhariaDados/FormacaoAirflow/venv/lib/python3.10/site-packages/airflow/example_dags/example_task_group_decorator.py
[2023-07-12 12:32:22,452] {processor.py:641} INFO - Processing file /home/lucas/Área de Trabalho/Alura/EngenhariaDados/FormacaoAirflow/venv/lib/python3.10/site-packages/airflow/example_dags/example_task_group_decorator.py for tasks to queue
[2023-07-12 12:32:22,452] {logging_mixin.py:115} INFO - [2023-07-12 12:32:22,452] {dagbag.py:507} INFO - Filling up the DagBag from /home/lucas/Área de Trabalho/Alura/EngenhariaDados/FormacaoAirflow/venv/lib/python3.10/site-packages/airflow/example_dags/example_task_group_decorator.py
[2023-07-12 12:32:22,478] {processor.py:651} INFO - DAG(s) dict_keys(['example_task_group_decorator']) retrieved from /home/lucas/Área de Trabalho/Alura/EngenhariaDados/FormacaoAirflow/venv/lib/python3.10/site-packages/airflow/example_dags/example_task_group_decorator.py
[2023-07-12 12:32:22,523] {logging_mixin.py:115} INFO - [2023-07-12 12:32:22,523] {dag.py:2379} INFO - Sync 1 DAGs
[2023-07-12 12:32:22,538] {logging_mixin.py:115} INFO - [2023-07-12 12:32:22,538] {dag.py:2927} INFO - Setting next_dagrun for example_task_group_decorator to 2023-07-11T15:32:22.538498+00:00, run_after=2023-07-12T15:32:22.538498+00:00
[2023-07-12 12:32:22,551] {processor.py:161} INFO - Processing /home/lucas/Área de Trabalho/Alura/EngenhariaDados/FormacaoAirflow/venv/lib/python3.10/site-packages/airflow/example_dags/example_task_group_decorator.py took 0.105 seconds
[2023-07-12 12:32:56,315] {processor.py:153} INFO - Started process (PID=14538) to work on /home/lucas/Área de Trabalho/Alura/EngenhariaDados/FormacaoAirflow/venv/lib/python3.10/site-packages/airflow/example_dags/example_task_group_decorator.py
[2023-07-12 12:32:56,319] {processor.py:641} INFO - Processing file /home/lucas/Área de Trabalho/Alura/EngenhariaDados/FormacaoAirflow/venv/lib/python3.10/site-packages/airflow/example_dags/example_task_group_decorator.py for tasks to queue
[2023-07-12 12:32:56,320] {logging_mixin.py:115} INFO - [2023-07-12 12:32:56,320] {dagbag.py:507} INFO - Filling up the DagBag from /home/lucas/Área de Trabalho/Alura/EngenhariaDados/FormacaoAirflow/venv/lib/python3.10/site-packages/airflow/example_dags/example_task_group_decorator.py
[2023-07-12 12:32:56,360] {processor.py:651} INFO - DAG(s) dict_keys(['example_task_group_decorator']) retrieved from /home/lucas/Área de Trabalho/Alura/EngenhariaDados/FormacaoAirflow/venv/lib/python3.10/site-packages/airflow/example_dags/example_task_group_decorator.py
[2023-07-12 12:32:56,371] {logging_mixin.py:115} INFO - [2023-07-12 12:32:56,371] {dag.py:2379} INFO - Sync 1 DAGs
[2023-07-12 12:32:56,383] {logging_mixin.py:115} INFO - [2023-07-12 12:32:56,383] {dag.py:2927} INFO - Setting next_dagrun for example_task_group_decorator to 2023-07-11T15:32:56.383608+00:00, run_after=2023-07-12T15:32:56.383608+00:00
[2023-07-12 12:32:56,395] {processor.py:161} INFO - Processing /home/lucas/Área de Trabalho/Alura/EngenhariaDados/FormacaoAirflow/venv/lib/python3.10/site-packages/airflow/example_dags/example_task_group_decorator.py took 0.085 seconds
[2023-07-12 12:33:30,472] {processor.py:153} INFO - Started process (PID=14744) to work on /home/lucas/Área de Trabalho/Alura/EngenhariaDados/FormacaoAirflow/venv/lib/python3.10/site-packages/airflow/example_dags/example_task_group_decorator.py
[2023-07-12 12:33:30,476] {processor.py:641} INFO - Processing file /home/lucas/Área de Trabalho/Alura/EngenhariaDados/FormacaoAirflow/venv/lib/python3.10/site-packages/airflow/example_dags/example_task_group_decorator.py for tasks to queue
[2023-07-12 12:33:30,476] {logging_mixin.py:115} INFO - [2023-07-12 12:33:30,476] {dagbag.py:507} INFO - Filling up the DagBag from /home/lucas/Área de Trabalho/Alura/EngenhariaDados/FormacaoAirflow/venv/lib/python3.10/site-packages/airflow/example_dags/example_task_group_decorator.py
[2023-07-12 12:33:30,499] {processor.py:651} INFO - DAG(s) dict_keys(['example_task_group_decorator']) retrieved from /home/lucas/Área de Trabalho/Alura/EngenhariaDados/FormacaoAirflow/venv/lib/python3.10/site-packages/airflow/example_dags/example_task_group_decorator.py
[2023-07-12 12:33:30,549] {logging_mixin.py:115} INFO - [2023-07-12 12:33:30,549] {dag.py:2379} INFO - Sync 1 DAGs
[2023-07-12 12:33:30,571] {logging_mixin.py:115} INFO - [2023-07-12 12:33:30,571] {dag.py:2927} INFO - Setting next_dagrun for example_task_group_decorator to 2023-07-11T15:33:30.570813+00:00, run_after=2023-07-12T15:33:30.570813+00:00
[2023-07-12 12:33:30,584] {processor.py:161} INFO - Processing /home/lucas/Área de Trabalho/Alura/EngenhariaDados/FormacaoAirflow/venv/lib/python3.10/site-packages/airflow/example_dags/example_task_group_decorator.py took 0.115 seconds
