[2023-07-12 12:31:02,561] {processor.py:153} INFO - Started process (PID=13766) to work on /home/lucas/Área de Trabalho/Alura/EngenhariaDados/FormacaoAirflow/venv/lib/python3.10/site-packages/airflow/example_dags/tutorial_taskflow_api_etl_virtualenv.py
[2023-07-12 12:31:02,562] {processor.py:641} INFO - Processing file /home/lucas/Área de Trabalho/Alura/EngenhariaDados/FormacaoAirflow/venv/lib/python3.10/site-packages/airflow/example_dags/tutorial_taskflow_api_etl_virtualenv.py for tasks to queue
[2023-07-12 12:31:02,562] {logging_mixin.py:115} INFO - [2023-07-12 12:31:02,562] {dagbag.py:507} INFO - Filling up the DagBag from /home/lucas/Área de Trabalho/Alura/EngenhariaDados/FormacaoAirflow/venv/lib/python3.10/site-packages/airflow/example_dags/tutorial_taskflow_api_etl_virtualenv.py
[2023-07-12 12:31:02,578] {logging_mixin.py:115} INFO - [2023-07-12 12:31:02,578] {tutorial_taskflow_api_etl_virtualenv.py:29} WARNING - The tutorial_taskflow_api_etl_virtualenv example DAG requires virtualenv, please install it.
[2023-07-12 12:31:02,578] {processor.py:653} WARNING - No viable dags retrieved from /home/lucas/Área de Trabalho/Alura/EngenhariaDados/FormacaoAirflow/venv/lib/python3.10/site-packages/airflow/example_dags/tutorial_taskflow_api_etl_virtualenv.py
[2023-07-12 12:31:02,589] {processor.py:161} INFO - Processing /home/lucas/Área de Trabalho/Alura/EngenhariaDados/FormacaoAirflow/venv/lib/python3.10/site-packages/airflow/example_dags/tutorial_taskflow_api_etl_virtualenv.py took 0.031 seconds
[2023-07-12 12:31:40,068] {processor.py:153} INFO - Started process (PID=13959) to work on /home/lucas/Área de Trabalho/Alura/EngenhariaDados/FormacaoAirflow/venv/lib/python3.10/site-packages/airflow/example_dags/tutorial_taskflow_api_etl_virtualenv.py
[2023-07-12 12:31:40,069] {processor.py:641} INFO - Processing file /home/lucas/Área de Trabalho/Alura/EngenhariaDados/FormacaoAirflow/venv/lib/python3.10/site-packages/airflow/example_dags/tutorial_taskflow_api_etl_virtualenv.py for tasks to queue
[2023-07-12 12:31:40,069] {logging_mixin.py:115} INFO - [2023-07-12 12:31:40,069] {dagbag.py:507} INFO - Filling up the DagBag from /home/lucas/Área de Trabalho/Alura/EngenhariaDados/FormacaoAirflow/venv/lib/python3.10/site-packages/airflow/example_dags/tutorial_taskflow_api_etl_virtualenv.py
[2023-07-12 12:31:40,087] {logging_mixin.py:115} INFO - [2023-07-12 12:31:40,087] {tutorial_taskflow_api_etl_virtualenv.py:29} WARNING - The tutorial_taskflow_api_etl_virtualenv example DAG requires virtualenv, please install it.
[2023-07-12 12:31:40,087] {processor.py:653} WARNING - No viable dags retrieved from /home/lucas/Área de Trabalho/Alura/EngenhariaDados/FormacaoAirflow/venv/lib/python3.10/site-packages/airflow/example_dags/tutorial_taskflow_api_etl_virtualenv.py
[2023-07-12 12:31:40,095] {processor.py:161} INFO - Processing /home/lucas/Área de Trabalho/Alura/EngenhariaDados/FormacaoAirflow/venv/lib/python3.10/site-packages/airflow/example_dags/tutorial_taskflow_api_etl_virtualenv.py took 0.030 seconds
[2023-07-12 12:32:11,024] {processor.py:153} INFO - Started process (PID=14268) to work on /home/lucas/Área de Trabalho/Alura/EngenhariaDados/FormacaoAirflow/venv/lib/python3.10/site-packages/airflow/example_dags/tutorial_taskflow_api_etl_virtualenv.py
[2023-07-12 12:32:11,027] {processor.py:641} INFO - Processing file /home/lucas/Área de Trabalho/Alura/EngenhariaDados/FormacaoAirflow/venv/lib/python3.10/site-packages/airflow/example_dags/tutorial_taskflow_api_etl_virtualenv.py for tasks to queue
[2023-07-12 12:32:11,028] {logging_mixin.py:115} INFO - [2023-07-12 12:32:11,028] {dagbag.py:507} INFO - Filling up the DagBag from /home/lucas/Área de Trabalho/Alura/EngenhariaDados/FormacaoAirflow/venv/lib/python3.10/site-packages/airflow/example_dags/tutorial_taskflow_api_etl_virtualenv.py
[2023-07-12 12:32:11,037] {logging_mixin.py:115} INFO - [2023-07-12 12:32:11,036] {tutorial_taskflow_api_etl_virtualenv.py:29} WARNING - The tutorial_taskflow_api_etl_virtualenv example DAG requires virtualenv, please install it.
[2023-07-12 12:32:11,037] {processor.py:653} WARNING - No viable dags retrieved from /home/lucas/Área de Trabalho/Alura/EngenhariaDados/FormacaoAirflow/venv/lib/python3.10/site-packages/airflow/example_dags/tutorial_taskflow_api_etl_virtualenv.py
[2023-07-12 12:32:11,043] {processor.py:161} INFO - Processing /home/lucas/Área de Trabalho/Alura/EngenhariaDados/FormacaoAirflow/venv/lib/python3.10/site-packages/airflow/example_dags/tutorial_taskflow_api_etl_virtualenv.py took 0.020 seconds
[2023-07-12 12:32:42,006] {processor.py:153} INFO - Started process (PID=14469) to work on /home/lucas/Área de Trabalho/Alura/EngenhariaDados/FormacaoAirflow/venv/lib/python3.10/site-packages/airflow/example_dags/tutorial_taskflow_api_etl_virtualenv.py
[2023-07-12 12:32:42,009] {processor.py:641} INFO - Processing file /home/lucas/Área de Trabalho/Alura/EngenhariaDados/FormacaoAirflow/venv/lib/python3.10/site-packages/airflow/example_dags/tutorial_taskflow_api_etl_virtualenv.py for tasks to queue
[2023-07-12 12:32:42,009] {logging_mixin.py:115} INFO - [2023-07-12 12:32:42,009] {dagbag.py:507} INFO - Filling up the DagBag from /home/lucas/Área de Trabalho/Alura/EngenhariaDados/FormacaoAirflow/venv/lib/python3.10/site-packages/airflow/example_dags/tutorial_taskflow_api_etl_virtualenv.py
[2023-07-12 12:32:42,019] {logging_mixin.py:115} INFO - [2023-07-12 12:32:42,019] {tutorial_taskflow_api_etl_virtualenv.py:29} WARNING - The tutorial_taskflow_api_etl_virtualenv example DAG requires virtualenv, please install it.
[2023-07-12 12:32:42,019] {processor.py:653} WARNING - No viable dags retrieved from /home/lucas/Área de Trabalho/Alura/EngenhariaDados/FormacaoAirflow/venv/lib/python3.10/site-packages/airflow/example_dags/tutorial_taskflow_api_etl_virtualenv.py
[2023-07-12 12:32:42,026] {processor.py:161} INFO - Processing /home/lucas/Área de Trabalho/Alura/EngenhariaDados/FormacaoAirflow/venv/lib/python3.10/site-packages/airflow/example_dags/tutorial_taskflow_api_etl_virtualenv.py took 0.022 seconds
[2023-07-12 12:33:13,929] {processor.py:153} INFO - Started process (PID=14626) to work on /home/lucas/Área de Trabalho/Alura/EngenhariaDados/FormacaoAirflow/venv/lib/python3.10/site-packages/airflow/example_dags/tutorial_taskflow_api_etl_virtualenv.py
[2023-07-12 12:33:13,933] {processor.py:641} INFO - Processing file /home/lucas/Área de Trabalho/Alura/EngenhariaDados/FormacaoAirflow/venv/lib/python3.10/site-packages/airflow/example_dags/tutorial_taskflow_api_etl_virtualenv.py for tasks to queue
[2023-07-12 12:33:13,934] {logging_mixin.py:115} INFO - [2023-07-12 12:33:13,934] {dagbag.py:507} INFO - Filling up the DagBag from /home/lucas/Área de Trabalho/Alura/EngenhariaDados/FormacaoAirflow/venv/lib/python3.10/site-packages/airflow/example_dags/tutorial_taskflow_api_etl_virtualenv.py
[2023-07-12 12:33:13,960] {logging_mixin.py:115} INFO - [2023-07-12 12:33:13,960] {tutorial_taskflow_api_etl_virtualenv.py:29} WARNING - The tutorial_taskflow_api_etl_virtualenv example DAG requires virtualenv, please install it.
[2023-07-12 12:33:13,961] {processor.py:653} WARNING - No viable dags retrieved from /home/lucas/Área de Trabalho/Alura/EngenhariaDados/FormacaoAirflow/venv/lib/python3.10/site-packages/airflow/example_dags/tutorial_taskflow_api_etl_virtualenv.py
[2023-07-12 12:33:13,968] {processor.py:161} INFO - Processing /home/lucas/Área de Trabalho/Alura/EngenhariaDados/FormacaoAirflow/venv/lib/python3.10/site-packages/airflow/example_dags/tutorial_taskflow_api_etl_virtualenv.py took 0.044 seconds
