[2023-07-12 12:31:17,787] {processor.py:153} INFO - Started process (PID=13911) to work on /home/lucas/Área de Trabalho/Alura/EngenhariaDados/FormacaoAirflow/venv/lib/python3.10/site-packages/airflow/example_dags/tutorial_etl_dag.py
[2023-07-12 12:31:17,787] {processor.py:641} INFO - Processing file /home/lucas/Área de Trabalho/Alura/EngenhariaDados/FormacaoAirflow/venv/lib/python3.10/site-packages/airflow/example_dags/tutorial_etl_dag.py for tasks to queue
[2023-07-12 12:31:17,788] {logging_mixin.py:115} INFO - [2023-07-12 12:31:17,788] {dagbag.py:507} INFO - Filling up the DagBag from /home/lucas/Área de Trabalho/Alura/EngenhariaDados/FormacaoAirflow/venv/lib/python3.10/site-packages/airflow/example_dags/tutorial_etl_dag.py
[2023-07-12 12:31:17,795] {processor.py:651} INFO - DAG(s) dict_keys(['tutorial_etl_dag']) retrieved from /home/lucas/Área de Trabalho/Alura/EngenhariaDados/FormacaoAirflow/venv/lib/python3.10/site-packages/airflow/example_dags/tutorial_etl_dag.py
[2023-07-12 12:31:17,849] {logging_mixin.py:115} INFO - [2023-07-12 12:31:17,849] {manager.py:508} INFO - Created Permission View: can edit on DAG:tutorial_etl_dag
[2023-07-12 12:31:17,856] {logging_mixin.py:115} INFO - [2023-07-12 12:31:17,856] {manager.py:508} INFO - Created Permission View: can delete on DAG:tutorial_etl_dag
[2023-07-12 12:31:17,863] {logging_mixin.py:115} INFO - [2023-07-12 12:31:17,863] {manager.py:508} INFO - Created Permission View: can read on DAG:tutorial_etl_dag
[2023-07-12 12:31:17,863] {logging_mixin.py:115} INFO - [2023-07-12 12:31:17,863] {dag.py:2379} INFO - Sync 1 DAGs
[2023-07-12 12:31:17,868] {logging_mixin.py:115} INFO - [2023-07-12 12:31:17,868] {dag.py:2398} INFO - Creating ORM DAG for tutorial_etl_dag
[2023-07-12 12:31:17,874] {logging_mixin.py:115} INFO - [2023-07-12 12:31:17,874] {dag.py:2927} INFO - Setting next_dagrun for tutorial_etl_dag to None, run_after=None
[2023-07-12 12:31:17,885] {processor.py:161} INFO - Processing /home/lucas/Área de Trabalho/Alura/EngenhariaDados/FormacaoAirflow/venv/lib/python3.10/site-packages/airflow/example_dags/tutorial_etl_dag.py took 0.100 seconds
[2023-07-12 12:31:53,177] {processor.py:153} INFO - Started process (PID=14063) to work on /home/lucas/Área de Trabalho/Alura/EngenhariaDados/FormacaoAirflow/venv/lib/python3.10/site-packages/airflow/example_dags/tutorial_etl_dag.py
[2023-07-12 12:31:53,178] {processor.py:641} INFO - Processing file /home/lucas/Área de Trabalho/Alura/EngenhariaDados/FormacaoAirflow/venv/lib/python3.10/site-packages/airflow/example_dags/tutorial_etl_dag.py for tasks to queue
[2023-07-12 12:31:53,179] {logging_mixin.py:115} INFO - [2023-07-12 12:31:53,179] {dagbag.py:507} INFO - Filling up the DagBag from /home/lucas/Área de Trabalho/Alura/EngenhariaDados/FormacaoAirflow/venv/lib/python3.10/site-packages/airflow/example_dags/tutorial_etl_dag.py
[2023-07-12 12:31:53,194] {processor.py:651} INFO - DAG(s) dict_keys(['tutorial_etl_dag']) retrieved from /home/lucas/Área de Trabalho/Alura/EngenhariaDados/FormacaoAirflow/venv/lib/python3.10/site-packages/airflow/example_dags/tutorial_etl_dag.py
[2023-07-12 12:31:53,213] {logging_mixin.py:115} INFO - [2023-07-12 12:31:53,212] {dag.py:2379} INFO - Sync 1 DAGs
[2023-07-12 12:31:53,225] {logging_mixin.py:115} INFO - [2023-07-12 12:31:53,225] {dag.py:2927} INFO - Setting next_dagrun for tutorial_etl_dag to None, run_after=None
[2023-07-12 12:31:53,241] {processor.py:161} INFO - Processing /home/lucas/Área de Trabalho/Alura/EngenhariaDados/FormacaoAirflow/venv/lib/python3.10/site-packages/airflow/example_dags/tutorial_etl_dag.py took 0.069 seconds
[2023-07-12 12:32:26,487] {processor.py:153} INFO - Started process (PID=14417) to work on /home/lucas/Área de Trabalho/Alura/EngenhariaDados/FormacaoAirflow/venv/lib/python3.10/site-packages/airflow/example_dags/tutorial_etl_dag.py
[2023-07-12 12:32:26,489] {processor.py:641} INFO - Processing file /home/lucas/Área de Trabalho/Alura/EngenhariaDados/FormacaoAirflow/venv/lib/python3.10/site-packages/airflow/example_dags/tutorial_etl_dag.py for tasks to queue
[2023-07-12 12:32:26,490] {logging_mixin.py:115} INFO - [2023-07-12 12:32:26,490] {dagbag.py:507} INFO - Filling up the DagBag from /home/lucas/Área de Trabalho/Alura/EngenhariaDados/FormacaoAirflow/venv/lib/python3.10/site-packages/airflow/example_dags/tutorial_etl_dag.py
[2023-07-12 12:32:26,506] {processor.py:651} INFO - DAG(s) dict_keys(['tutorial_etl_dag']) retrieved from /home/lucas/Área de Trabalho/Alura/EngenhariaDados/FormacaoAirflow/venv/lib/python3.10/site-packages/airflow/example_dags/tutorial_etl_dag.py
[2023-07-12 12:32:26,524] {logging_mixin.py:115} INFO - [2023-07-12 12:32:26,524] {dag.py:2379} INFO - Sync 1 DAGs
[2023-07-12 12:32:26,538] {logging_mixin.py:115} INFO - [2023-07-12 12:32:26,538] {dag.py:2927} INFO - Setting next_dagrun for tutorial_etl_dag to None, run_after=None
[2023-07-12 12:32:26,550] {processor.py:161} INFO - Processing /home/lucas/Área de Trabalho/Alura/EngenhariaDados/FormacaoAirflow/venv/lib/python3.10/site-packages/airflow/example_dags/tutorial_etl_dag.py took 0.068 seconds
[2023-07-12 12:33:00,851] {processor.py:153} INFO - Started process (PID=14542) to work on /home/lucas/Área de Trabalho/Alura/EngenhariaDados/FormacaoAirflow/venv/lib/python3.10/site-packages/airflow/example_dags/tutorial_etl_dag.py
[2023-07-12 12:33:00,855] {processor.py:641} INFO - Processing file /home/lucas/Área de Trabalho/Alura/EngenhariaDados/FormacaoAirflow/venv/lib/python3.10/site-packages/airflow/example_dags/tutorial_etl_dag.py for tasks to queue
[2023-07-12 12:33:00,856] {logging_mixin.py:115} INFO - [2023-07-12 12:33:00,856] {dagbag.py:507} INFO - Filling up the DagBag from /home/lucas/Área de Trabalho/Alura/EngenhariaDados/FormacaoAirflow/venv/lib/python3.10/site-packages/airflow/example_dags/tutorial_etl_dag.py
[2023-07-12 12:33:00,872] {processor.py:651} INFO - DAG(s) dict_keys(['tutorial_etl_dag']) retrieved from /home/lucas/Área de Trabalho/Alura/EngenhariaDados/FormacaoAirflow/venv/lib/python3.10/site-packages/airflow/example_dags/tutorial_etl_dag.py
[2023-07-12 12:33:00,892] {logging_mixin.py:115} INFO - [2023-07-12 12:33:00,892] {dag.py:2379} INFO - Sync 1 DAGs
[2023-07-12 12:33:00,904] {logging_mixin.py:115} INFO - [2023-07-12 12:33:00,904] {dag.py:2927} INFO - Setting next_dagrun for tutorial_etl_dag to None, run_after=None
[2023-07-12 12:33:00,915] {processor.py:161} INFO - Processing /home/lucas/Área de Trabalho/Alura/EngenhariaDados/FormacaoAirflow/venv/lib/python3.10/site-packages/airflow/example_dags/tutorial_etl_dag.py took 0.070 seconds
[2023-07-12 12:33:34,045] {processor.py:153} INFO - Started process (PID=14777) to work on /home/lucas/Área de Trabalho/Alura/EngenhariaDados/FormacaoAirflow/venv/lib/python3.10/site-packages/airflow/example_dags/tutorial_etl_dag.py
[2023-07-12 12:33:34,046] {processor.py:641} INFO - Processing file /home/lucas/Área de Trabalho/Alura/EngenhariaDados/FormacaoAirflow/venv/lib/python3.10/site-packages/airflow/example_dags/tutorial_etl_dag.py for tasks to queue
[2023-07-12 12:33:34,047] {logging_mixin.py:115} INFO - [2023-07-12 12:33:34,047] {dagbag.py:507} INFO - Filling up the DagBag from /home/lucas/Área de Trabalho/Alura/EngenhariaDados/FormacaoAirflow/venv/lib/python3.10/site-packages/airflow/example_dags/tutorial_etl_dag.py
[2023-07-12 12:33:34,057] {processor.py:651} INFO - DAG(s) dict_keys(['tutorial_etl_dag']) retrieved from /home/lucas/Área de Trabalho/Alura/EngenhariaDados/FormacaoAirflow/venv/lib/python3.10/site-packages/airflow/example_dags/tutorial_etl_dag.py
[2023-07-12 12:33:34,079] {logging_mixin.py:115} INFO - [2023-07-12 12:33:34,079] {dag.py:2379} INFO - Sync 1 DAGs
[2023-07-12 12:33:34,105] {logging_mixin.py:115} INFO - [2023-07-12 12:33:34,105] {dag.py:2927} INFO - Setting next_dagrun for tutorial_etl_dag to None, run_after=None
[2023-07-12 12:33:34,128] {processor.py:161} INFO - Processing /home/lucas/Área de Trabalho/Alura/EngenhariaDados/FormacaoAirflow/venv/lib/python3.10/site-packages/airflow/example_dags/tutorial_etl_dag.py took 0.086 seconds
