[2023-07-12 12:31:27,923] {processor.py:153} INFO - Started process (PID=13925) to work on /home/lucas/Área de Trabalho/Alura/EngenhariaDados/FormacaoAirflow/venv/lib/python3.10/site-packages/airflow/example_dags/tutorial.py
[2023-07-12 12:31:27,924] {processor.py:641} INFO - Processing file /home/lucas/Área de Trabalho/Alura/EngenhariaDados/FormacaoAirflow/venv/lib/python3.10/site-packages/airflow/example_dags/tutorial.py for tasks to queue
[2023-07-12 12:31:27,925] {logging_mixin.py:115} INFO - [2023-07-12 12:31:27,925] {dagbag.py:507} INFO - Filling up the DagBag from /home/lucas/Área de Trabalho/Alura/EngenhariaDados/FormacaoAirflow/venv/lib/python3.10/site-packages/airflow/example_dags/tutorial.py
[2023-07-12 12:31:27,937] {processor.py:651} INFO - DAG(s) dict_keys(['tutorial']) retrieved from /home/lucas/Área de Trabalho/Alura/EngenhariaDados/FormacaoAirflow/venv/lib/python3.10/site-packages/airflow/example_dags/tutorial.py
[2023-07-12 12:31:27,993] {logging_mixin.py:115} INFO - [2023-07-12 12:31:27,993] {manager.py:508} INFO - Created Permission View: can edit on DAG:tutorial
[2023-07-12 12:31:28,003] {logging_mixin.py:115} INFO - [2023-07-12 12:31:28,003] {manager.py:508} INFO - Created Permission View: can delete on DAG:tutorial
[2023-07-12 12:31:28,008] {logging_mixin.py:115} INFO - [2023-07-12 12:31:28,008] {manager.py:508} INFO - Created Permission View: can read on DAG:tutorial
[2023-07-12 12:31:28,008] {logging_mixin.py:115} INFO - [2023-07-12 12:31:28,008] {dag.py:2379} INFO - Sync 1 DAGs
[2023-07-12 12:31:28,014] {logging_mixin.py:115} INFO - [2023-07-12 12:31:28,014] {dag.py:2398} INFO - Creating ORM DAG for tutorial
[2023-07-12 12:31:28,021] {logging_mixin.py:115} INFO - [2023-07-12 12:31:28,020] {dag.py:2927} INFO - Setting next_dagrun for tutorial to 2023-07-11T15:31:28.020802+00:00, run_after=2023-07-12T15:31:28.020802+00:00
[2023-07-12 12:31:28,030] {processor.py:161} INFO - Processing /home/lucas/Área de Trabalho/Alura/EngenhariaDados/FormacaoAirflow/venv/lib/python3.10/site-packages/airflow/example_dags/tutorial.py took 0.112 seconds
[2023-07-12 12:32:01,885] {processor.py:153} INFO - Started process (PID=14149) to work on /home/lucas/Área de Trabalho/Alura/EngenhariaDados/FormacaoAirflow/venv/lib/python3.10/site-packages/airflow/example_dags/tutorial.py
[2023-07-12 12:32:01,886] {processor.py:641} INFO - Processing file /home/lucas/Área de Trabalho/Alura/EngenhariaDados/FormacaoAirflow/venv/lib/python3.10/site-packages/airflow/example_dags/tutorial.py for tasks to queue
[2023-07-12 12:32:01,886] {logging_mixin.py:115} INFO - [2023-07-12 12:32:01,886] {dagbag.py:507} INFO - Filling up the DagBag from /home/lucas/Área de Trabalho/Alura/EngenhariaDados/FormacaoAirflow/venv/lib/python3.10/site-packages/airflow/example_dags/tutorial.py
[2023-07-12 12:32:01,890] {processor.py:651} INFO - DAG(s) dict_keys(['tutorial']) retrieved from /home/lucas/Área de Trabalho/Alura/EngenhariaDados/FormacaoAirflow/venv/lib/python3.10/site-packages/airflow/example_dags/tutorial.py
[2023-07-12 12:32:01,900] {logging_mixin.py:115} INFO - [2023-07-12 12:32:01,900] {dag.py:2379} INFO - Sync 1 DAGs
[2023-07-12 12:32:01,912] {logging_mixin.py:115} INFO - [2023-07-12 12:32:01,912] {dag.py:2927} INFO - Setting next_dagrun for tutorial to 2023-07-11T15:32:01.911868+00:00, run_after=2023-07-12T15:32:01.911868+00:00
[2023-07-12 12:32:01,922] {processor.py:161} INFO - Processing /home/lucas/Área de Trabalho/Alura/EngenhariaDados/FormacaoAirflow/venv/lib/python3.10/site-packages/airflow/example_dags/tutorial.py took 0.038 seconds
[2023-07-12 12:32:34,950] {processor.py:153} INFO - Started process (PID=14459) to work on /home/lucas/Área de Trabalho/Alura/EngenhariaDados/FormacaoAirflow/venv/lib/python3.10/site-packages/airflow/example_dags/tutorial.py
[2023-07-12 12:32:34,954] {processor.py:641} INFO - Processing file /home/lucas/Área de Trabalho/Alura/EngenhariaDados/FormacaoAirflow/venv/lib/python3.10/site-packages/airflow/example_dags/tutorial.py for tasks to queue
[2023-07-12 12:32:34,954] {logging_mixin.py:115} INFO - [2023-07-12 12:32:34,954] {dagbag.py:507} INFO - Filling up the DagBag from /home/lucas/Área de Trabalho/Alura/EngenhariaDados/FormacaoAirflow/venv/lib/python3.10/site-packages/airflow/example_dags/tutorial.py
[2023-07-12 12:32:34,960] {processor.py:651} INFO - DAG(s) dict_keys(['tutorial']) retrieved from /home/lucas/Área de Trabalho/Alura/EngenhariaDados/FormacaoAirflow/venv/lib/python3.10/site-packages/airflow/example_dags/tutorial.py
[2023-07-12 12:32:34,976] {logging_mixin.py:115} INFO - [2023-07-12 12:32:34,976] {dag.py:2379} INFO - Sync 1 DAGs
[2023-07-12 12:32:34,991] {logging_mixin.py:115} INFO - [2023-07-12 12:32:34,991] {dag.py:2927} INFO - Setting next_dagrun for tutorial to 2023-07-11T15:32:34.991539+00:00, run_after=2023-07-12T15:32:34.991539+00:00
[2023-07-12 12:32:35,009] {processor.py:161} INFO - Processing /home/lucas/Área de Trabalho/Alura/EngenhariaDados/FormacaoAirflow/venv/lib/python3.10/site-packages/airflow/example_dags/tutorial.py took 0.061 seconds
[2023-07-12 12:33:09,951] {processor.py:153} INFO - Started process (PID=14588) to work on /home/lucas/Área de Trabalho/Alura/EngenhariaDados/FormacaoAirflow/venv/lib/python3.10/site-packages/airflow/example_dags/tutorial.py
[2023-07-12 12:33:09,951] {processor.py:641} INFO - Processing file /home/lucas/Área de Trabalho/Alura/EngenhariaDados/FormacaoAirflow/venv/lib/python3.10/site-packages/airflow/example_dags/tutorial.py for tasks to queue
[2023-07-12 12:33:09,952] {logging_mixin.py:115} INFO - [2023-07-12 12:33:09,952] {dagbag.py:507} INFO - Filling up the DagBag from /home/lucas/Área de Trabalho/Alura/EngenhariaDados/FormacaoAirflow/venv/lib/python3.10/site-packages/airflow/example_dags/tutorial.py
[2023-07-12 12:33:09,958] {processor.py:651} INFO - DAG(s) dict_keys(['tutorial']) retrieved from /home/lucas/Área de Trabalho/Alura/EngenhariaDados/FormacaoAirflow/venv/lib/python3.10/site-packages/airflow/example_dags/tutorial.py
[2023-07-12 12:33:09,975] {logging_mixin.py:115} INFO - [2023-07-12 12:33:09,975] {dag.py:2379} INFO - Sync 1 DAGs
[2023-07-12 12:33:09,990] {logging_mixin.py:115} INFO - [2023-07-12 12:33:09,990] {dag.py:2927} INFO - Setting next_dagrun for tutorial to 2023-07-11T15:33:09.990587+00:00, run_after=2023-07-12T15:33:09.990587+00:00
[2023-07-12 12:33:10,003] {processor.py:161} INFO - Processing /home/lucas/Área de Trabalho/Alura/EngenhariaDados/FormacaoAirflow/venv/lib/python3.10/site-packages/airflow/example_dags/tutorial.py took 0.056 seconds
