[2023-07-12 12:31:10,021] {processor.py:153} INFO - Started process (PID=13842) to work on /home/lucas/Área de Trabalho/Alura/EngenhariaDados/FormacaoAirflow/venv/lib/python3.10/site-packages/airflow/example_dags/tutorial_taskflow_api_etl.py
[2023-07-12 12:31:10,022] {processor.py:641} INFO - Processing file /home/lucas/Área de Trabalho/Alura/EngenhariaDados/FormacaoAirflow/venv/lib/python3.10/site-packages/airflow/example_dags/tutorial_taskflow_api_etl.py for tasks to queue
[2023-07-12 12:31:10,024] {logging_mixin.py:115} INFO - [2023-07-12 12:31:10,023] {dagbag.py:507} INFO - Filling up the DagBag from /home/lucas/Área de Trabalho/Alura/EngenhariaDados/FormacaoAirflow/venv/lib/python3.10/site-packages/airflow/example_dags/tutorial_taskflow_api_etl.py
[2023-07-12 12:31:10,047] {processor.py:651} INFO - DAG(s) dict_keys(['tutorial_taskflow_api_etl']) retrieved from /home/lucas/Área de Trabalho/Alura/EngenhariaDados/FormacaoAirflow/venv/lib/python3.10/site-packages/airflow/example_dags/tutorial_taskflow_api_etl.py
[2023-07-12 12:31:10,101] {logging_mixin.py:115} INFO - [2023-07-12 12:31:10,101] {manager.py:508} INFO - Created Permission View: can edit on DAG:tutorial_taskflow_api_etl
[2023-07-12 12:31:10,111] {logging_mixin.py:115} INFO - [2023-07-12 12:31:10,111] {manager.py:508} INFO - Created Permission View: can delete on DAG:tutorial_taskflow_api_etl
[2023-07-12 12:31:10,118] {logging_mixin.py:115} INFO - [2023-07-12 12:31:10,117] {manager.py:508} INFO - Created Permission View: can read on DAG:tutorial_taskflow_api_etl
[2023-07-12 12:31:10,118] {logging_mixin.py:115} INFO - [2023-07-12 12:31:10,118] {dag.py:2379} INFO - Sync 1 DAGs
[2023-07-12 12:31:10,124] {logging_mixin.py:115} INFO - [2023-07-12 12:31:10,124] {dag.py:2398} INFO - Creating ORM DAG for tutorial_taskflow_api_etl
[2023-07-12 12:31:10,131] {logging_mixin.py:115} INFO - [2023-07-12 12:31:10,131] {dag.py:2927} INFO - Setting next_dagrun for tutorial_taskflow_api_etl to None, run_after=None
[2023-07-12 12:31:10,143] {processor.py:161} INFO - Processing /home/lucas/Área de Trabalho/Alura/EngenhariaDados/FormacaoAirflow/venv/lib/python3.10/site-packages/airflow/example_dags/tutorial_taskflow_api_etl.py took 0.128 seconds
[2023-07-12 12:31:47,599] {processor.py:153} INFO - Started process (PID=13970) to work on /home/lucas/Área de Trabalho/Alura/EngenhariaDados/FormacaoAirflow/venv/lib/python3.10/site-packages/airflow/example_dags/tutorial_taskflow_api_etl.py
[2023-07-12 12:31:47,603] {processor.py:641} INFO - Processing file /home/lucas/Área de Trabalho/Alura/EngenhariaDados/FormacaoAirflow/venv/lib/python3.10/site-packages/airflow/example_dags/tutorial_taskflow_api_etl.py for tasks to queue
[2023-07-12 12:31:47,603] {logging_mixin.py:115} INFO - [2023-07-12 12:31:47,603] {dagbag.py:507} INFO - Filling up the DagBag from /home/lucas/Área de Trabalho/Alura/EngenhariaDados/FormacaoAirflow/venv/lib/python3.10/site-packages/airflow/example_dags/tutorial_taskflow_api_etl.py
[2023-07-12 12:31:47,613] {processor.py:651} INFO - DAG(s) dict_keys(['tutorial_taskflow_api_etl']) retrieved from /home/lucas/Área de Trabalho/Alura/EngenhariaDados/FormacaoAirflow/venv/lib/python3.10/site-packages/airflow/example_dags/tutorial_taskflow_api_etl.py
[2023-07-12 12:31:47,639] {logging_mixin.py:115} INFO - [2023-07-12 12:31:47,639] {dag.py:2379} INFO - Sync 1 DAGs
[2023-07-12 12:31:47,647] {logging_mixin.py:115} INFO - [2023-07-12 12:31:47,647] {dag.py:2927} INFO - Setting next_dagrun for tutorial_taskflow_api_etl to None, run_after=None
[2023-07-12 12:31:47,656] {processor.py:161} INFO - Processing /home/lucas/Área de Trabalho/Alura/EngenhariaDados/FormacaoAirflow/venv/lib/python3.10/site-packages/airflow/example_dags/tutorial_taskflow_api_etl.py took 0.058 seconds
[2023-07-12 12:32:19,546] {processor.py:153} INFO - Started process (PID=14357) to work on /home/lucas/Área de Trabalho/Alura/EngenhariaDados/FormacaoAirflow/venv/lib/python3.10/site-packages/airflow/example_dags/tutorial_taskflow_api_etl.py
[2023-07-12 12:32:19,549] {processor.py:641} INFO - Processing file /home/lucas/Área de Trabalho/Alura/EngenhariaDados/FormacaoAirflow/venv/lib/python3.10/site-packages/airflow/example_dags/tutorial_taskflow_api_etl.py for tasks to queue
[2023-07-12 12:32:19,550] {logging_mixin.py:115} INFO - [2023-07-12 12:32:19,550] {dagbag.py:507} INFO - Filling up the DagBag from /home/lucas/Área de Trabalho/Alura/EngenhariaDados/FormacaoAirflow/venv/lib/python3.10/site-packages/airflow/example_dags/tutorial_taskflow_api_etl.py
[2023-07-12 12:32:19,560] {processor.py:651} INFO - DAG(s) dict_keys(['tutorial_taskflow_api_etl']) retrieved from /home/lucas/Área de Trabalho/Alura/EngenhariaDados/FormacaoAirflow/venv/lib/python3.10/site-packages/airflow/example_dags/tutorial_taskflow_api_etl.py
[2023-07-12 12:32:19,588] {logging_mixin.py:115} INFO - [2023-07-12 12:32:19,588] {dag.py:2379} INFO - Sync 1 DAGs
[2023-07-12 12:32:19,596] {logging_mixin.py:115} INFO - [2023-07-12 12:32:19,596] {dag.py:2927} INFO - Setting next_dagrun for tutorial_taskflow_api_etl to None, run_after=None
[2023-07-12 12:32:19,610] {processor.py:161} INFO - Processing /home/lucas/Área de Trabalho/Alura/EngenhariaDados/FormacaoAirflow/venv/lib/python3.10/site-packages/airflow/example_dags/tutorial_taskflow_api_etl.py took 0.065 seconds
[2023-07-12 12:32:53,447] {processor.py:153} INFO - Started process (PID=14535) to work on /home/lucas/Área de Trabalho/Alura/EngenhariaDados/FormacaoAirflow/venv/lib/python3.10/site-packages/airflow/example_dags/tutorial_taskflow_api_etl.py
[2023-07-12 12:32:53,451] {processor.py:641} INFO - Processing file /home/lucas/Área de Trabalho/Alura/EngenhariaDados/FormacaoAirflow/venv/lib/python3.10/site-packages/airflow/example_dags/tutorial_taskflow_api_etl.py for tasks to queue
[2023-07-12 12:32:53,452] {logging_mixin.py:115} INFO - [2023-07-12 12:32:53,451] {dagbag.py:507} INFO - Filling up the DagBag from /home/lucas/Área de Trabalho/Alura/EngenhariaDados/FormacaoAirflow/venv/lib/python3.10/site-packages/airflow/example_dags/tutorial_taskflow_api_etl.py
[2023-07-12 12:32:53,464] {processor.py:651} INFO - DAG(s) dict_keys(['tutorial_taskflow_api_etl']) retrieved from /home/lucas/Área de Trabalho/Alura/EngenhariaDados/FormacaoAirflow/venv/lib/python3.10/site-packages/airflow/example_dags/tutorial_taskflow_api_etl.py
[2023-07-12 12:32:53,472] {logging_mixin.py:115} INFO - [2023-07-12 12:32:53,472] {dag.py:2379} INFO - Sync 1 DAGs
[2023-07-12 12:32:53,483] {logging_mixin.py:115} INFO - [2023-07-12 12:32:53,483] {dag.py:2927} INFO - Setting next_dagrun for tutorial_taskflow_api_etl to None, run_after=None
[2023-07-12 12:32:53,493] {processor.py:161} INFO - Processing /home/lucas/Área de Trabalho/Alura/EngenhariaDados/FormacaoAirflow/venv/lib/python3.10/site-packages/airflow/example_dags/tutorial_taskflow_api_etl.py took 0.048 seconds
[2023-07-12 12:33:27,071] {processor.py:153} INFO - Started process (PID=14705) to work on /home/lucas/Área de Trabalho/Alura/EngenhariaDados/FormacaoAirflow/venv/lib/python3.10/site-packages/airflow/example_dags/tutorial_taskflow_api_etl.py
[2023-07-12 12:33:27,075] {processor.py:641} INFO - Processing file /home/lucas/Área de Trabalho/Alura/EngenhariaDados/FormacaoAirflow/venv/lib/python3.10/site-packages/airflow/example_dags/tutorial_taskflow_api_etl.py for tasks to queue
[2023-07-12 12:33:27,075] {logging_mixin.py:115} INFO - [2023-07-12 12:33:27,075] {dagbag.py:507} INFO - Filling up the DagBag from /home/lucas/Área de Trabalho/Alura/EngenhariaDados/FormacaoAirflow/venv/lib/python3.10/site-packages/airflow/example_dags/tutorial_taskflow_api_etl.py
[2023-07-12 12:33:27,086] {processor.py:651} INFO - DAG(s) dict_keys(['tutorial_taskflow_api_etl']) retrieved from /home/lucas/Área de Trabalho/Alura/EngenhariaDados/FormacaoAirflow/venv/lib/python3.10/site-packages/airflow/example_dags/tutorial_taskflow_api_etl.py
[2023-07-12 12:33:27,115] {logging_mixin.py:115} INFO - [2023-07-12 12:33:27,115] {dag.py:2379} INFO - Sync 1 DAGs
[2023-07-12 12:33:27,125] {logging_mixin.py:115} INFO - [2023-07-12 12:33:27,125] {dag.py:2927} INFO - Setting next_dagrun for tutorial_taskflow_api_etl to None, run_after=None
[2023-07-12 12:33:27,136] {processor.py:161} INFO - Processing /home/lucas/Área de Trabalho/Alura/EngenhariaDados/FormacaoAirflow/venv/lib/python3.10/site-packages/airflow/example_dags/tutorial_taskflow_api_etl.py took 0.066 seconds
