[2023-07-17 16:23:18,319] {taskinstance.py:1159} INFO - Dependencies all met for <TaskInstance: get_stocks_dag.AAPL scheduled__2023-06-08T00:00:00+00:00 [queued]>
[2023-07-17 16:23:18,345] {taskinstance.py:1159} INFO - Dependencies all met for <TaskInstance: get_stocks_dag.AAPL scheduled__2023-06-08T00:00:00+00:00 [queued]>
[2023-07-17 16:23:18,346] {taskinstance.py:1356} INFO - 
--------------------------------------------------------------------------------
[2023-07-17 16:23:18,346] {taskinstance.py:1357} INFO - Starting attempt 1 of 1
[2023-07-17 16:23:18,346] {taskinstance.py:1358} INFO - 
--------------------------------------------------------------------------------
[2023-07-17 16:23:18,381] {taskinstance.py:1377} INFO - Executing <Task(_PythonDecoratedOperator): AAPL> on 2023-06-08 00:00:00+00:00
[2023-07-17 16:23:18,389] {standard_task_runner.py:52} INFO - Started process 9893 to run task
[2023-07-17 16:23:18,397] {standard_task_runner.py:79} INFO - Running: ['airflow', 'tasks', 'run', 'get_stocks_dag', 'AAPL', 'scheduled__2023-06-08T00:00:00+00:00', '--job-id', '162', '--raw', '--subdir', 'DAGS_FOLDER/get_stocks.py', '--cfg-path', '/tmp/tmp10undjaw', '--error-file', '/tmp/tmpclljmp_7']
[2023-07-17 16:23:18,399] {standard_task_runner.py:80} INFO - Job 162: Subtask AAPL
[2023-07-17 16:23:18,575] {task_command.py:370} INFO - Running <TaskInstance: get_stocks_dag.AAPL scheduled__2023-06-08T00:00:00+00:00 [running]> on host lucas-Estudos
[2023-07-17 16:23:18,884] {taskinstance.py:1569} INFO - Exporting the following env vars:
AIRFLOW_CTX_DAG_OWNER=airflow
AIRFLOW_CTX_DAG_ID=get_stocks_dag
AIRFLOW_CTX_TASK_ID=AAPL
AIRFLOW_CTX_EXECUTION_DATE=2023-06-08T00:00:00+00:00
AIRFLOW_CTX_TRY_NUMBER=1
AIRFLOW_CTX_DAG_RUN_ID=scheduled__2023-06-08T00:00:00+00:00
[2023-07-17 16:23:19,641] {python.py:173} INFO - Done. Returned value was: None
[2023-07-17 16:23:19,779] {taskinstance.py:1395} INFO - Marking task as SUCCESS. dag_id=get_stocks_dag, task_id=AAPL, execution_date=20230608T000000, start_date=20230717T192318, end_date=20230717T192319
[2023-07-17 16:23:19,896] {local_task_job.py:156} INFO - Task exited with return code 0
[2023-07-17 16:23:20,137] {local_task_job.py:273} INFO - 0 downstream tasks scheduled from follow-on schedule check
[2023-07-17 16:54:38,878] {taskinstance.py:1159} INFO - Dependencies all met for <TaskInstance: get_stocks_dag.AAPL scheduled__2023-06-08T00:00:00+00:00 [queued]>
[2023-07-17 16:54:38,890] {taskinstance.py:1159} INFO - Dependencies all met for <TaskInstance: get_stocks_dag.AAPL scheduled__2023-06-08T00:00:00+00:00 [queued]>
[2023-07-17 16:54:38,890] {taskinstance.py:1356} INFO - 
--------------------------------------------------------------------------------
[2023-07-17 16:54:38,890] {taskinstance.py:1357} INFO - Starting attempt 1 of 1
[2023-07-17 16:54:38,890] {taskinstance.py:1358} INFO - 
--------------------------------------------------------------------------------
[2023-07-17 16:54:38,912] {taskinstance.py:1377} INFO - Executing <Task(_PythonDecoratedOperator): AAPL> on 2023-06-08 00:00:00+00:00
[2023-07-17 16:54:38,926] {standard_task_runner.py:79} INFO - Running: ['airflow', 'tasks', 'run', 'get_stocks_dag', 'AAPL', 'scheduled__2023-06-08T00:00:00+00:00', '--job-id', '378', '--raw', '--subdir', 'DAGS_FOLDER/get_stocks.py', '--cfg-path', '/tmp/tmpwpfav9g3', '--error-file', '/tmp/tmpg1ww6_xt']
[2023-07-17 16:54:38,927] {standard_task_runner.py:80} INFO - Job 378: Subtask AAPL
[2023-07-17 16:54:38,919] {standard_task_runner.py:52} INFO - Started process 22749 to run task
[2023-07-17 16:54:39,074] {task_command.py:370} INFO - Running <TaskInstance: get_stocks_dag.AAPL scheduled__2023-06-08T00:00:00+00:00 [running]> on host lucas-Estudos
[2023-07-17 16:54:39,286] {taskinstance.py:1569} INFO - Exporting the following env vars:
AIRFLOW_CTX_DAG_OWNER=airflow
AIRFLOW_CTX_DAG_ID=get_stocks_dag
AIRFLOW_CTX_TASK_ID=AAPL
AIRFLOW_CTX_EXECUTION_DATE=2023-06-08T00:00:00+00:00
AIRFLOW_CTX_TRY_NUMBER=1
AIRFLOW_CTX_DAG_RUN_ID=scheduled__2023-06-08T00:00:00+00:00
[2023-07-17 16:54:39,741] {python.py:173} INFO - Done. Returned value was: None
[2023-07-17 16:54:39,937] {taskinstance.py:1395} INFO - Marking task as SUCCESS. dag_id=get_stocks_dag, task_id=AAPL, execution_date=20230608T000000, start_date=20230717T195438, end_date=20230717T195439
[2023-07-17 16:54:40,012] {local_task_job.py:156} INFO - Task exited with return code 0
[2023-07-17 16:54:40,146] {local_task_job.py:273} INFO - 0 downstream tasks scheduled from follow-on schedule check
[2023-07-17 21:03:16,046] {taskinstance.py:1159} INFO - Dependencies all met for <TaskInstance: get_stocks_dag.AAPL scheduled__2023-06-08T00:00:00+00:00 [queued]>
[2023-07-17 21:03:16,071] {taskinstance.py:1159} INFO - Dependencies all met for <TaskInstance: get_stocks_dag.AAPL scheduled__2023-06-08T00:00:00+00:00 [queued]>
[2023-07-17 21:03:16,071] {taskinstance.py:1356} INFO - 
--------------------------------------------------------------------------------
[2023-07-17 21:03:16,071] {taskinstance.py:1357} INFO - Starting attempt 1 of 1
[2023-07-17 21:03:16,071] {taskinstance.py:1358} INFO - 
--------------------------------------------------------------------------------
[2023-07-17 21:03:16,101] {taskinstance.py:1377} INFO - Executing <Task(_PythonDecoratedOperator): AAPL> on 2023-06-08 00:00:00+00:00
[2023-07-17 21:03:16,110] {standard_task_runner.py:52} INFO - Started process 25043 to run task
[2023-07-17 21:03:16,118] {standard_task_runner.py:79} INFO - Running: ['airflow', 'tasks', 'run', 'get_stocks_dag', 'AAPL', 'scheduled__2023-06-08T00:00:00+00:00', '--job-id', '596', '--raw', '--subdir', 'DAGS_FOLDER/get_stocks.py', '--cfg-path', '/tmp/tmpt0jlx6zc', '--error-file', '/tmp/tmpv6ffnulv']
[2023-07-17 21:03:16,120] {standard_task_runner.py:80} INFO - Job 596: Subtask AAPL
[2023-07-17 21:03:16,318] {task_command.py:370} INFO - Running <TaskInstance: get_stocks_dag.AAPL scheduled__2023-06-08T00:00:00+00:00 [running]> on host lucas-Estudos
[2023-07-17 21:03:16,544] {taskinstance.py:1569} INFO - Exporting the following env vars:
AIRFLOW_CTX_DAG_OWNER=airflow
AIRFLOW_CTX_DAG_ID=get_stocks_dag
AIRFLOW_CTX_TASK_ID=AAPL
AIRFLOW_CTX_EXECUTION_DATE=2023-06-08T00:00:00+00:00
AIRFLOW_CTX_TRY_NUMBER=1
AIRFLOW_CTX_DAG_RUN_ID=scheduled__2023-06-08T00:00:00+00:00
[2023-07-17 21:03:20,318] {python.py:173} INFO - Done. Returned value was: None
[2023-07-17 21:03:20,368] {taskinstance.py:1395} INFO - Marking task as SUCCESS. dag_id=get_stocks_dag, task_id=AAPL, execution_date=20230608T000000, start_date=20230718T000316, end_date=20230718T000320
[2023-07-17 21:03:20,427] {local_task_job.py:156} INFO - Task exited with return code 0
[2023-07-17 21:03:20,549] {local_task_job.py:273} INFO - 0 downstream tasks scheduled from follow-on schedule check
[2023-07-17 22:07:32,654] {taskinstance.py:1159} INFO - Dependencies all met for <TaskInstance: get_stocks_dag.AAPL scheduled__2023-06-08T00:00:00+00:00 [queued]>
[2023-07-17 22:07:32,677] {taskinstance.py:1159} INFO - Dependencies all met for <TaskInstance: get_stocks_dag.AAPL scheduled__2023-06-08T00:00:00+00:00 [queued]>
[2023-07-17 22:07:32,677] {taskinstance.py:1356} INFO - 
--------------------------------------------------------------------------------
[2023-07-17 22:07:32,677] {taskinstance.py:1357} INFO - Starting attempt 1 of 1
[2023-07-17 22:07:32,677] {taskinstance.py:1358} INFO - 
--------------------------------------------------------------------------------
[2023-07-17 22:07:32,693] {taskinstance.py:1377} INFO - Executing <Task(_PythonDecoratedOperator): AAPL> on 2023-06-08 00:00:00+00:00
[2023-07-17 22:07:32,701] {standard_task_runner.py:52} INFO - Started process 73298 to run task
[2023-07-17 22:07:32,704] {standard_task_runner.py:79} INFO - Running: ['airflow', 'tasks', 'run', 'get_stocks_dag', 'AAPL', 'scheduled__2023-06-08T00:00:00+00:00', '--job-id', '934', '--raw', '--subdir', 'DAGS_FOLDER/get_stocks.py', '--cfg-path', '/tmp/tmpsnfnchlt', '--error-file', '/tmp/tmp93x_2gej']
[2023-07-17 22:07:32,705] {standard_task_runner.py:80} INFO - Job 934: Subtask AAPL
[2023-07-17 22:07:32,770] {task_command.py:370} INFO - Running <TaskInstance: get_stocks_dag.AAPL scheduled__2023-06-08T00:00:00+00:00 [running]> on host lucas-Estudos
[2023-07-17 22:07:32,871] {taskinstance.py:1569} INFO - Exporting the following env vars:
AIRFLOW_CTX_DAG_OWNER=airflow
AIRFLOW_CTX_DAG_ID=get_stocks_dag
AIRFLOW_CTX_TASK_ID=AAPL
AIRFLOW_CTX_EXECUTION_DATE=2023-06-08T00:00:00+00:00
AIRFLOW_CTX_TRY_NUMBER=1
AIRFLOW_CTX_DAG_RUN_ID=scheduled__2023-06-08T00:00:00+00:00
[2023-07-17 22:07:34,506] {python.py:173} INFO - Done. Returned value was: None
[2023-07-17 22:07:34,559] {taskinstance.py:1395} INFO - Marking task as SUCCESS. dag_id=get_stocks_dag, task_id=AAPL, execution_date=20230608T000000, start_date=20230718T010732, end_date=20230718T010734
[2023-07-17 22:07:34,603] {local_task_job.py:156} INFO - Task exited with return code 0
[2023-07-17 22:07:34,746] {local_task_job.py:273} INFO - 0 downstream tasks scheduled from follow-on schedule check
[2023-07-18 10:50:13,699] {taskinstance.py:1159} INFO - Dependencies all met for <TaskInstance: get_stocks_dag.AAPL scheduled__2023-06-08T00:00:00+00:00 [queued]>
[2023-07-18 10:50:13,719] {taskinstance.py:1159} INFO - Dependencies all met for <TaskInstance: get_stocks_dag.AAPL scheduled__2023-06-08T00:00:00+00:00 [queued]>
[2023-07-18 10:50:13,719] {taskinstance.py:1356} INFO - 
--------------------------------------------------------------------------------
[2023-07-18 10:50:13,720] {taskinstance.py:1357} INFO - Starting attempt 1 of 1
[2023-07-18 10:50:13,720] {taskinstance.py:1358} INFO - 
--------------------------------------------------------------------------------
[2023-07-18 10:50:13,743] {taskinstance.py:1377} INFO - Executing <Task(_PythonDecoratedOperator): AAPL> on 2023-06-08 00:00:00+00:00
[2023-07-18 10:50:13,752] {standard_task_runner.py:52} INFO - Started process 18912 to run task
[2023-07-18 10:50:13,758] {standard_task_runner.py:79} INFO - Running: ['airflow', 'tasks', 'run', 'get_stocks_dag', 'AAPL', 'scheduled__2023-06-08T00:00:00+00:00', '--job-id', '1419', '--raw', '--subdir', 'DAGS_FOLDER/get_stocks.py', '--cfg-path', '/tmp/tmpbv2akla1', '--error-file', '/tmp/tmpmsz9f5e6']
[2023-07-18 10:50:13,760] {standard_task_runner.py:80} INFO - Job 1419: Subtask AAPL
[2023-07-18 10:50:13,926] {task_command.py:370} INFO - Running <TaskInstance: get_stocks_dag.AAPL scheduled__2023-06-08T00:00:00+00:00 [running]> on host lucas-Estudos
[2023-07-18 10:50:14,112] {taskinstance.py:1569} INFO - Exporting the following env vars:
AIRFLOW_CTX_DAG_OWNER=airflow
AIRFLOW_CTX_DAG_ID=get_stocks_dag
AIRFLOW_CTX_TASK_ID=AAPL
AIRFLOW_CTX_EXECUTION_DATE=2023-06-08T00:00:00+00:00
AIRFLOW_CTX_TRY_NUMBER=1
AIRFLOW_CTX_DAG_RUN_ID=scheduled__2023-06-08T00:00:00+00:00
[2023-07-18 10:50:14,751] {python.py:173} INFO - Done. Returned value was: None
[2023-07-18 10:50:14,794] {taskinstance.py:1395} INFO - Marking task as SUCCESS. dag_id=get_stocks_dag, task_id=AAPL, execution_date=20230608T000000, start_date=20230718T135013, end_date=20230718T135014
[2023-07-18 10:50:14,853] {local_task_job.py:156} INFO - Task exited with return code 0
[2023-07-18 10:50:14,956] {local_task_job.py:273} INFO - 0 downstream tasks scheduled from follow-on schedule check
