[2023-07-18 11:08:59,759] {taskinstance.py:1159} INFO - Dependencies all met for <TaskInstance: get_crypto_dag.BTC scheduled__2023-07-03T00:00:00+00:00 [queued]>
[2023-07-18 11:08:59,782] {taskinstance.py:1159} INFO - Dependencies all met for <TaskInstance: get_crypto_dag.BTC scheduled__2023-07-03T00:00:00+00:00 [queued]>
[2023-07-18 11:08:59,782] {taskinstance.py:1356} INFO - 
--------------------------------------------------------------------------------
[2023-07-18 11:08:59,783] {taskinstance.py:1357} INFO - Starting attempt 1 of 1
[2023-07-18 11:08:59,783] {taskinstance.py:1358} INFO - 
--------------------------------------------------------------------------------
[2023-07-18 11:08:59,814] {taskinstance.py:1377} INFO - Executing <Task(_PythonDecoratedOperator): BTC> on 2023-07-03 00:00:00+00:00
[2023-07-18 11:08:59,824] {standard_task_runner.py:52} INFO - Started process 27460 to run task
[2023-07-18 11:08:59,831] {standard_task_runner.py:79} INFO - Running: ['airflow', 'tasks', 'run', 'get_crypto_dag', 'BTC', 'scheduled__2023-07-03T00:00:00+00:00', '--job-id', '1588', '--raw', '--subdir', 'DAGS_FOLDER/get_crypto.py', '--cfg-path', '/tmp/tmpckcmirx4', '--error-file', '/tmp/tmpojhdnlfr']
[2023-07-18 11:08:59,833] {standard_task_runner.py:80} INFO - Job 1588: Subtask BTC
[2023-07-18 11:09:00,018] {task_command.py:370} INFO - Running <TaskInstance: get_crypto_dag.BTC scheduled__2023-07-03T00:00:00+00:00 [running]> on host lucas-Estudos
[2023-07-18 11:09:00,244] {taskinstance.py:1569} INFO - Exporting the following env vars:
AIRFLOW_CTX_DAG_OWNER=airflow
AIRFLOW_CTX_DAG_ID=get_crypto_dag
AIRFLOW_CTX_TASK_ID=BTC
AIRFLOW_CTX_EXECUTION_DATE=2023-07-03T00:00:00+00:00
AIRFLOW_CTX_TRY_NUMBER=1
AIRFLOW_CTX_DAG_RUN_ID=scheduled__2023-07-03T00:00:00+00:00
[2023-07-18 11:09:00,829] {base.py:297} ERROR - BTC: No price data found, symbol may be delisted (1h 2023-07-02 -> 2023-07-03)
[2023-07-18 11:09:00,836] {python.py:173} INFO - Done. Returned value was: None
[2023-07-18 11:09:00,890] {taskinstance.py:1395} INFO - Marking task as SUCCESS. dag_id=get_crypto_dag, task_id=BTC, execution_date=20230703T000000, start_date=20230718T140859, end_date=20230718T140900
[2023-07-18 11:09:00,969] {local_task_job.py:156} INFO - Task exited with return code 0
[2023-07-18 11:09:01,080] {local_task_job.py:273} INFO - 0 downstream tasks scheduled from follow-on schedule check
