[2023-07-18 11:09:46,236] {taskinstance.py:1159} INFO - Dependencies all met for <TaskInstance: get_crypto_dag.ETH scheduled__2023-07-04T00:00:00+00:00 [queued]>
[2023-07-18 11:09:46,257] {taskinstance.py:1159} INFO - Dependencies all met for <TaskInstance: get_crypto_dag.ETH scheduled__2023-07-04T00:00:00+00:00 [queued]>
[2023-07-18 11:09:46,257] {taskinstance.py:1356} INFO - 
--------------------------------------------------------------------------------
[2023-07-18 11:09:46,258] {taskinstance.py:1357} INFO - Starting attempt 1 of 1
[2023-07-18 11:09:46,258] {taskinstance.py:1358} INFO - 
--------------------------------------------------------------------------------
[2023-07-18 11:09:46,285] {taskinstance.py:1377} INFO - Executing <Task(_PythonDecoratedOperator): ETH> on 2023-07-04 00:00:00+00:00
[2023-07-18 11:09:46,294] {standard_task_runner.py:52} INFO - Started process 27683 to run task
[2023-07-18 11:09:46,300] {standard_task_runner.py:79} INFO - Running: ['airflow', 'tasks', 'run', 'get_crypto_dag', 'ETH', 'scheduled__2023-07-04T00:00:00+00:00', '--job-id', '1595', '--raw', '--subdir', 'DAGS_FOLDER/get_crypto.py', '--cfg-path', '/tmp/tmpahc6gkmd', '--error-file', '/tmp/tmppzzzr7xq']
[2023-07-18 11:09:46,302] {standard_task_runner.py:80} INFO - Job 1595: Subtask ETH
[2023-07-18 11:09:46,460] {task_command.py:370} INFO - Running <TaskInstance: get_crypto_dag.ETH scheduled__2023-07-04T00:00:00+00:00 [running]> on host lucas-Estudos
[2023-07-18 11:09:46,657] {taskinstance.py:1569} INFO - Exporting the following env vars:
AIRFLOW_CTX_DAG_OWNER=airflow
AIRFLOW_CTX_DAG_ID=get_crypto_dag
AIRFLOW_CTX_TASK_ID=ETH
AIRFLOW_CTX_EXECUTION_DATE=2023-07-04T00:00:00+00:00
AIRFLOW_CTX_TRY_NUMBER=1
AIRFLOW_CTX_DAG_RUN_ID=scheduled__2023-07-04T00:00:00+00:00
[2023-07-18 11:09:47,110] {base.py:162} ERROR - ETH: No timezone found, symbol may be delisted
[2023-07-18 11:09:47,117] {python.py:173} INFO - Done. Returned value was: None
[2023-07-18 11:09:47,167] {taskinstance.py:1395} INFO - Marking task as SUCCESS. dag_id=get_crypto_dag, task_id=ETH, execution_date=20230704T000000, start_date=20230718T140946, end_date=20230718T140947
[2023-07-18 11:09:47,235] {local_task_job.py:156} INFO - Task exited with return code 0
[2023-07-18 11:09:47,342] {local_task_job.py:273} INFO - 0 downstream tasks scheduled from follow-on schedule check
