[2023-07-17 22:00:54,163] {taskinstance.py:1159} INFO - Dependencies all met for <TaskInstance: get_crypto_dag.DOGE scheduled__2023-05-17T00:00:00+00:00 [queued]>
[2023-07-17 22:00:54,199] {taskinstance.py:1159} INFO - Dependencies all met for <TaskInstance: get_crypto_dag.DOGE scheduled__2023-05-17T00:00:00+00:00 [queued]>
[2023-07-17 22:00:54,199] {taskinstance.py:1356} INFO - 
--------------------------------------------------------------------------------
[2023-07-17 22:00:54,200] {taskinstance.py:1357} INFO - Starting attempt 1 of 1
[2023-07-17 22:00:54,200] {taskinstance.py:1358} INFO - 
--------------------------------------------------------------------------------
[2023-07-17 22:00:54,229] {taskinstance.py:1377} INFO - Executing <Task(_PythonDecoratedOperator): DOGE> on 2023-05-17 00:00:00+00:00
[2023-07-17 22:00:54,235] {standard_task_runner.py:52} INFO - Started process 59816 to run task
[2023-07-17 22:00:54,238] {standard_task_runner.py:79} INFO - Running: ['airflow', 'tasks', 'run', 'get_crypto_dag', 'DOGE', 'scheduled__2023-05-17T00:00:00+00:00', '--job-id', '837', '--raw', '--subdir', 'DAGS_FOLDER/get_crypto.py', '--cfg-path', '/tmp/tmpi6m7edm7', '--error-file', '/tmp/tmpsq4tk5j8']
[2023-07-17 22:00:54,240] {standard_task_runner.py:80} INFO - Job 837: Subtask DOGE
[2023-07-17 22:00:54,388] {task_command.py:370} INFO - Running <TaskInstance: get_crypto_dag.DOGE scheduled__2023-05-17T00:00:00+00:00 [running]> on host lucas-Estudos
[2023-07-17 22:00:54,630] {taskinstance.py:1569} INFO - Exporting the following env vars:
AIRFLOW_CTX_DAG_OWNER=airflow
AIRFLOW_CTX_DAG_ID=get_crypto_dag
AIRFLOW_CTX_TASK_ID=DOGE
AIRFLOW_CTX_EXECUTION_DATE=2023-05-17T00:00:00+00:00
AIRFLOW_CTX_TRY_NUMBER=1
AIRFLOW_CTX_DAG_RUN_ID=scheduled__2023-05-17T00:00:00+00:00
[2023-07-17 22:00:58,248] {base.py:162} ERROR - DOGE: No timezone found, symbol may be delisted
[2023-07-17 22:00:58,257] {python.py:173} INFO - Done. Returned value was: None
[2023-07-17 22:00:58,310] {taskinstance.py:1395} INFO - Marking task as SUCCESS. dag_id=get_crypto_dag, task_id=DOGE, execution_date=20230517T000000, start_date=20230718T010054, end_date=20230718T010058
[2023-07-17 22:00:58,387] {local_task_job.py:156} INFO - Task exited with return code 0
[2023-07-17 22:00:58,691] {local_task_job.py:273} INFO - 0 downstream tasks scheduled from follow-on schedule check
[2023-07-18 10:33:11,039] {taskinstance.py:1159} INFO - Dependencies all met for <TaskInstance: get_crypto_dag.DOGE scheduled__2023-05-17T00:00:00+00:00 [queued]>
[2023-07-18 10:33:11,065] {taskinstance.py:1159} INFO - Dependencies all met for <TaskInstance: get_crypto_dag.DOGE scheduled__2023-05-17T00:00:00+00:00 [queued]>
[2023-07-18 10:33:11,066] {taskinstance.py:1356} INFO - 
--------------------------------------------------------------------------------
[2023-07-18 10:33:11,066] {taskinstance.py:1357} INFO - Starting attempt 1 of 1
[2023-07-18 10:33:11,066] {taskinstance.py:1358} INFO - 
--------------------------------------------------------------------------------
[2023-07-18 10:33:11,099] {taskinstance.py:1377} INFO - Executing <Task(_PythonDecoratedOperator): DOGE> on 2023-05-17 00:00:00+00:00
[2023-07-18 10:33:11,109] {standard_task_runner.py:52} INFO - Started process 13463 to run task
[2023-07-18 10:33:11,116] {standard_task_runner.py:79} INFO - Running: ['airflow', 'tasks', 'run', 'get_crypto_dag', 'DOGE', 'scheduled__2023-05-17T00:00:00+00:00', '--job-id', '1263', '--raw', '--subdir', 'DAGS_FOLDER/get_crypto.py', '--cfg-path', '/tmp/tmpkqwb5vr9', '--error-file', '/tmp/tmpu0dtniqg']
[2023-07-18 10:33:11,118] {standard_task_runner.py:80} INFO - Job 1263: Subtask DOGE
[2023-07-18 10:33:11,309] {task_command.py:370} INFO - Running <TaskInstance: get_crypto_dag.DOGE scheduled__2023-05-17T00:00:00+00:00 [running]> on host lucas-Estudos
[2023-07-18 10:33:11,522] {taskinstance.py:1569} INFO - Exporting the following env vars:
AIRFLOW_CTX_DAG_OWNER=airflow
AIRFLOW_CTX_DAG_ID=get_crypto_dag
AIRFLOW_CTX_TASK_ID=DOGE
AIRFLOW_CTX_EXECUTION_DATE=2023-05-17T00:00:00+00:00
AIRFLOW_CTX_TRY_NUMBER=1
AIRFLOW_CTX_DAG_RUN_ID=scheduled__2023-05-17T00:00:00+00:00
[2023-07-18 10:33:12,108] {base.py:162} ERROR - DOGE: No timezone found, symbol may be delisted
[2023-07-18 10:33:12,120] {python.py:173} INFO - Done. Returned value was: None
[2023-07-18 10:33:12,238] {taskinstance.py:1395} INFO - Marking task as SUCCESS. dag_id=get_crypto_dag, task_id=DOGE, execution_date=20230517T000000, start_date=20230718T133311, end_date=20230718T133312
[2023-07-18 10:33:12,291] {local_task_job.py:156} INFO - Task exited with return code 0
[2023-07-18 10:33:12,400] {local_task_job.py:273} INFO - 0 downstream tasks scheduled from follow-on schedule check
