[2023-07-17 16:23:06,691] {taskinstance.py:1159} INFO - Dependencies all met for <TaskInstance: get_stocks_dag.TSLA scheduled__2023-05-27T00:00:00+00:00 [queued]>
[2023-07-17 16:23:06,716] {taskinstance.py:1159} INFO - Dependencies all met for <TaskInstance: get_stocks_dag.TSLA scheduled__2023-05-27T00:00:00+00:00 [queued]>
[2023-07-17 16:23:06,716] {taskinstance.py:1356} INFO - 
--------------------------------------------------------------------------------
[2023-07-17 16:23:06,716] {taskinstance.py:1357} INFO - Starting attempt 1 of 1
[2023-07-17 16:23:06,716] {taskinstance.py:1358} INFO - 
--------------------------------------------------------------------------------
[2023-07-17 16:23:06,738] {taskinstance.py:1377} INFO - Executing <Task(_PythonDecoratedOperator): TSLA> on 2023-05-27 00:00:00+00:00
[2023-07-17 16:23:06,782] {standard_task_runner.py:52} INFO - Started process 8893 to run task
[2023-07-17 16:23:06,787] {standard_task_runner.py:79} INFO - Running: ['airflow', 'tasks', 'run', 'get_stocks_dag', 'TSLA', 'scheduled__2023-05-27T00:00:00+00:00', '--job-id', '131', '--raw', '--subdir', 'DAGS_FOLDER/get_stocks.py', '--cfg-path', '/tmp/tmpb9aw4dgq', '--error-file', '/tmp/tmpqza1hwu9']
[2023-07-17 16:23:06,788] {standard_task_runner.py:80} INFO - Job 131: Subtask TSLA
[2023-07-17 16:23:06,920] {task_command.py:370} INFO - Running <TaskInstance: get_stocks_dag.TSLA scheduled__2023-05-27T00:00:00+00:00 [running]> on host lucas-Estudos
[2023-07-17 16:23:07,094] {taskinstance.py:1569} INFO - Exporting the following env vars:
AIRFLOW_CTX_DAG_OWNER=airflow
AIRFLOW_CTX_DAG_ID=get_stocks_dag
AIRFLOW_CTX_TASK_ID=TSLA
AIRFLOW_CTX_EXECUTION_DATE=2023-05-27T00:00:00+00:00
AIRFLOW_CTX_TRY_NUMBER=1
AIRFLOW_CTX_DAG_RUN_ID=scheduled__2023-05-27T00:00:00+00:00
[2023-07-17 16:23:07,696] {python.py:173} INFO - Done. Returned value was: None
[2023-07-17 16:23:07,776] {taskinstance.py:1395} INFO - Marking task as SUCCESS. dag_id=get_stocks_dag, task_id=TSLA, execution_date=20230527T000000, start_date=20230717T192306, end_date=20230717T192307
[2023-07-17 16:23:07,876] {local_task_job.py:156} INFO - Task exited with return code 0
[2023-07-17 16:23:07,965] {local_task_job.py:273} INFO - 0 downstream tasks scheduled from follow-on schedule check
[2023-07-17 16:54:28,251] {taskinstance.py:1159} INFO - Dependencies all met for <TaskInstance: get_stocks_dag.TSLA scheduled__2023-05-27T00:00:00+00:00 [queued]>
[2023-07-17 16:54:28,298] {taskinstance.py:1159} INFO - Dependencies all met for <TaskInstance: get_stocks_dag.TSLA scheduled__2023-05-27T00:00:00+00:00 [queued]>
[2023-07-17 16:54:28,298] {taskinstance.py:1356} INFO - 
--------------------------------------------------------------------------------
[2023-07-17 16:54:28,298] {taskinstance.py:1357} INFO - Starting attempt 1 of 1
[2023-07-17 16:54:28,299] {taskinstance.py:1358} INFO - 
--------------------------------------------------------------------------------
[2023-07-17 16:54:28,412] {taskinstance.py:1377} INFO - Executing <Task(_PythonDecoratedOperator): TSLA> on 2023-05-27 00:00:00+00:00
[2023-07-17 16:54:28,459] {standard_task_runner.py:52} INFO - Started process 21764 to run task
[2023-07-17 16:54:28,499] {standard_task_runner.py:79} INFO - Running: ['airflow', 'tasks', 'run', 'get_stocks_dag', 'TSLA', 'scheduled__2023-05-27T00:00:00+00:00', '--job-id', '346', '--raw', '--subdir', 'DAGS_FOLDER/get_stocks.py', '--cfg-path', '/tmp/tmpbxyce6h4', '--error-file', '/tmp/tmpboznvbfl']
[2023-07-17 16:54:28,519] {standard_task_runner.py:80} INFO - Job 346: Subtask TSLA
[2023-07-17 16:54:28,689] {task_command.py:370} INFO - Running <TaskInstance: get_stocks_dag.TSLA scheduled__2023-05-27T00:00:00+00:00 [running]> on host lucas-Estudos
[2023-07-17 16:54:28,974] {taskinstance.py:1569} INFO - Exporting the following env vars:
AIRFLOW_CTX_DAG_OWNER=airflow
AIRFLOW_CTX_DAG_ID=get_stocks_dag
AIRFLOW_CTX_TASK_ID=TSLA
AIRFLOW_CTX_EXECUTION_DATE=2023-05-27T00:00:00+00:00
AIRFLOW_CTX_TRY_NUMBER=1
AIRFLOW_CTX_DAG_RUN_ID=scheduled__2023-05-27T00:00:00+00:00
[2023-07-17 16:54:29,868] {python.py:173} INFO - Done. Returned value was: None
[2023-07-17 16:54:29,898] {taskinstance.py:1395} INFO - Marking task as SUCCESS. dag_id=get_stocks_dag, task_id=TSLA, execution_date=20230527T000000, start_date=20230717T195428, end_date=20230717T195429
[2023-07-17 16:54:29,954] {local_task_job.py:156} INFO - Task exited with return code 0
[2023-07-17 16:54:30,011] {local_task_job.py:273} INFO - 0 downstream tasks scheduled from follow-on schedule check
[2023-07-17 21:01:19,022] {taskinstance.py:1159} INFO - Dependencies all met for <TaskInstance: get_stocks_dag.TSLA scheduled__2023-05-27T00:00:00+00:00 [queued]>
[2023-07-17 21:01:19,045] {taskinstance.py:1159} INFO - Dependencies all met for <TaskInstance: get_stocks_dag.TSLA scheduled__2023-05-27T00:00:00+00:00 [queued]>
[2023-07-17 21:01:19,045] {taskinstance.py:1356} INFO - 
--------------------------------------------------------------------------------
[2023-07-17 21:01:19,045] {taskinstance.py:1357} INFO - Starting attempt 1 of 1
[2023-07-17 21:01:19,045] {taskinstance.py:1358} INFO - 
--------------------------------------------------------------------------------
[2023-07-17 21:01:19,071] {taskinstance.py:1377} INFO - Executing <Task(_PythonDecoratedOperator): TSLA> on 2023-05-27 00:00:00+00:00
[2023-07-17 21:01:19,082] {standard_task_runner.py:52} INFO - Started process 21952 to run task
[2023-07-17 21:01:19,088] {standard_task_runner.py:79} INFO - Running: ['airflow', 'tasks', 'run', 'get_stocks_dag', 'TSLA', 'scheduled__2023-05-27T00:00:00+00:00', '--job-id', '567', '--raw', '--subdir', 'DAGS_FOLDER/get_stocks.py', '--cfg-path', '/tmp/tmpv53dlkjn', '--error-file', '/tmp/tmpg8a04uru']
[2023-07-17 21:01:19,090] {standard_task_runner.py:80} INFO - Job 567: Subtask TSLA
[2023-07-17 21:01:19,270] {task_command.py:370} INFO - Running <TaskInstance: get_stocks_dag.TSLA scheduled__2023-05-27T00:00:00+00:00 [running]> on host lucas-Estudos
[2023-07-17 21:01:19,488] {taskinstance.py:1569} INFO - Exporting the following env vars:
AIRFLOW_CTX_DAG_OWNER=airflow
AIRFLOW_CTX_DAG_ID=get_stocks_dag
AIRFLOW_CTX_TASK_ID=TSLA
AIRFLOW_CTX_EXECUTION_DATE=2023-05-27T00:00:00+00:00
AIRFLOW_CTX_TRY_NUMBER=1
AIRFLOW_CTX_DAG_RUN_ID=scheduled__2023-05-27T00:00:00+00:00
[2023-07-17 21:01:22,254] {python.py:173} INFO - Done. Returned value was: None
[2023-07-17 21:01:22,307] {taskinstance.py:1395} INFO - Marking task as SUCCESS. dag_id=get_stocks_dag, task_id=TSLA, execution_date=20230527T000000, start_date=20230718T000119, end_date=20230718T000122
[2023-07-17 21:01:22,353] {local_task_job.py:156} INFO - Task exited with return code 0
[2023-07-17 21:01:22,473] {local_task_job.py:273} INFO - 0 downstream tasks scheduled from follow-on schedule check
[2023-07-17 22:03:25,972] {taskinstance.py:1159} INFO - Dependencies all met for <TaskInstance: get_stocks_dag.TSLA scheduled__2023-05-27T00:00:00+00:00 [queued]>
[2023-07-17 22:03:26,005] {taskinstance.py:1159} INFO - Dependencies all met for <TaskInstance: get_stocks_dag.TSLA scheduled__2023-05-27T00:00:00+00:00 [queued]>
[2023-07-17 22:03:26,005] {taskinstance.py:1356} INFO - 
--------------------------------------------------------------------------------
[2023-07-17 22:03:26,005] {taskinstance.py:1357} INFO - Starting attempt 1 of 1
[2023-07-17 22:03:26,005] {taskinstance.py:1358} INFO - 
--------------------------------------------------------------------------------
[2023-07-17 22:03:26,026] {taskinstance.py:1377} INFO - Executing <Task(_PythonDecoratedOperator): TSLA> on 2023-05-27 00:00:00+00:00
[2023-07-17 22:03:26,034] {standard_task_runner.py:52} INFO - Started process 64917 to run task
[2023-07-17 22:03:26,037] {standard_task_runner.py:79} INFO - Running: ['airflow', 'tasks', 'run', 'get_stocks_dag', 'TSLA', 'scheduled__2023-05-27T00:00:00+00:00', '--job-id', '873', '--raw', '--subdir', 'DAGS_FOLDER/get_stocks.py', '--cfg-path', '/tmp/tmpj4s9eiui', '--error-file', '/tmp/tmp2ycevpgk']
[2023-07-17 22:03:26,039] {standard_task_runner.py:80} INFO - Job 873: Subtask TSLA
[2023-07-17 22:03:26,139] {task_command.py:370} INFO - Running <TaskInstance: get_stocks_dag.TSLA scheduled__2023-05-27T00:00:00+00:00 [running]> on host lucas-Estudos
[2023-07-17 22:03:26,258] {taskinstance.py:1569} INFO - Exporting the following env vars:
AIRFLOW_CTX_DAG_OWNER=airflow
AIRFLOW_CTX_DAG_ID=get_stocks_dag
AIRFLOW_CTX_TASK_ID=TSLA
AIRFLOW_CTX_EXECUTION_DATE=2023-05-27T00:00:00+00:00
AIRFLOW_CTX_TRY_NUMBER=1
AIRFLOW_CTX_DAG_RUN_ID=scheduled__2023-05-27T00:00:00+00:00
[2023-07-17 22:03:26,891] {python.py:173} INFO - Done. Returned value was: None
[2023-07-17 22:03:26,945] {taskinstance.py:1395} INFO - Marking task as SUCCESS. dag_id=get_stocks_dag, task_id=TSLA, execution_date=20230527T000000, start_date=20230718T010325, end_date=20230718T010326
[2023-07-17 22:03:27,013] {local_task_job.py:156} INFO - Task exited with return code 0
[2023-07-17 22:03:27,235] {local_task_job.py:273} INFO - 0 downstream tasks scheduled from follow-on schedule check
[2023-07-18 10:41:35,484] {taskinstance.py:1159} INFO - Dependencies all met for <TaskInstance: get_stocks_dag.TSLA scheduled__2023-05-27T00:00:00+00:00 [queued]>
[2023-07-18 10:41:35,509] {taskinstance.py:1159} INFO - Dependencies all met for <TaskInstance: get_stocks_dag.TSLA scheduled__2023-05-27T00:00:00+00:00 [queued]>
[2023-07-18 10:41:35,509] {taskinstance.py:1356} INFO - 
--------------------------------------------------------------------------------
[2023-07-18 10:41:35,509] {taskinstance.py:1357} INFO - Starting attempt 1 of 1
[2023-07-18 10:41:35,510] {taskinstance.py:1358} INFO - 
--------------------------------------------------------------------------------
[2023-07-18 10:41:35,539] {taskinstance.py:1377} INFO - Executing <Task(_PythonDecoratedOperator): TSLA> on 2023-05-27 00:00:00+00:00
[2023-07-18 10:41:35,552] {standard_task_runner.py:52} INFO - Started process 15819 to run task
[2023-07-18 10:41:35,558] {standard_task_runner.py:79} INFO - Running: ['airflow', 'tasks', 'run', 'get_stocks_dag', 'TSLA', 'scheduled__2023-05-27T00:00:00+00:00', '--job-id', '1340', '--raw', '--subdir', 'DAGS_FOLDER/get_stocks.py', '--cfg-path', '/tmp/tmpbjraax63', '--error-file', '/tmp/tmpgufoe56k']
[2023-07-18 10:41:35,560] {standard_task_runner.py:80} INFO - Job 1340: Subtask TSLA
[2023-07-18 10:41:35,769] {task_command.py:370} INFO - Running <TaskInstance: get_stocks_dag.TSLA scheduled__2023-05-27T00:00:00+00:00 [running]> on host lucas-Estudos
[2023-07-18 10:41:36,001] {taskinstance.py:1569} INFO - Exporting the following env vars:
AIRFLOW_CTX_DAG_OWNER=airflow
AIRFLOW_CTX_DAG_ID=get_stocks_dag
AIRFLOW_CTX_TASK_ID=TSLA
AIRFLOW_CTX_EXECUTION_DATE=2023-05-27T00:00:00+00:00
AIRFLOW_CTX_TRY_NUMBER=1
AIRFLOW_CTX_DAG_RUN_ID=scheduled__2023-05-27T00:00:00+00:00
[2023-07-18 10:41:39,582] {python.py:173} INFO - Done. Returned value was: None
[2023-07-18 10:41:39,638] {taskinstance.py:1395} INFO - Marking task as SUCCESS. dag_id=get_stocks_dag, task_id=TSLA, execution_date=20230527T000000, start_date=20230718T134135, end_date=20230718T134139
[2023-07-18 10:41:39,706] {local_task_job.py:156} INFO - Task exited with return code 0
[2023-07-18 10:41:39,835] {local_task_job.py:273} INFO - 0 downstream tasks scheduled from follow-on schedule check
