[2023-07-17 16:22:50,491] {taskinstance.py:1159} INFO - Dependencies all met for <TaskInstance: get_stocks_dag.TSLA scheduled__2023-05-11T00:00:00+00:00 [queued]>
[2023-07-17 16:22:50,528] {taskinstance.py:1159} INFO - Dependencies all met for <TaskInstance: get_stocks_dag.TSLA scheduled__2023-05-11T00:00:00+00:00 [queued]>
[2023-07-17 16:22:50,529] {taskinstance.py:1356} INFO - 
--------------------------------------------------------------------------------
[2023-07-17 16:22:50,529] {taskinstance.py:1357} INFO - Starting attempt 1 of 1
[2023-07-17 16:22:50,529] {taskinstance.py:1358} INFO - 
--------------------------------------------------------------------------------
[2023-07-17 16:22:50,628] {taskinstance.py:1377} INFO - Executing <Task(_PythonDecoratedOperator): TSLA> on 2023-05-11 00:00:00+00:00
[2023-07-17 16:22:50,640] {standard_task_runner.py:52} INFO - Started process 7354 to run task
[2023-07-17 16:22:50,698] {standard_task_runner.py:79} INFO - Running: ['airflow', 'tasks', 'run', 'get_stocks_dag', 'TSLA', 'scheduled__2023-05-11T00:00:00+00:00', '--job-id', '77', '--raw', '--subdir', 'DAGS_FOLDER/get_stocks.py', '--cfg-path', '/tmp/tmpn8ek3n9c', '--error-file', '/tmp/tmppujucgo3']
[2023-07-17 16:22:50,699] {standard_task_runner.py:80} INFO - Job 77: Subtask TSLA
[2023-07-17 16:22:51,027] {task_command.py:370} INFO - Running <TaskInstance: get_stocks_dag.TSLA scheduled__2023-05-11T00:00:00+00:00 [running]> on host lucas-Estudos
[2023-07-17 16:22:51,192] {taskinstance.py:1569} INFO - Exporting the following env vars:
AIRFLOW_CTX_DAG_OWNER=airflow
AIRFLOW_CTX_DAG_ID=get_stocks_dag
AIRFLOW_CTX_TASK_ID=TSLA
AIRFLOW_CTX_EXECUTION_DATE=2023-05-11T00:00:00+00:00
AIRFLOW_CTX_TRY_NUMBER=1
AIRFLOW_CTX_DAG_RUN_ID=scheduled__2023-05-11T00:00:00+00:00
[2023-07-17 16:22:52,187] {python.py:173} INFO - Done. Returned value was: None
[2023-07-17 16:22:52,285] {taskinstance.py:1395} INFO - Marking task as SUCCESS. dag_id=get_stocks_dag, task_id=TSLA, execution_date=20230511T000000, start_date=20230717T192250, end_date=20230717T192252
[2023-07-17 16:22:52,381] {local_task_job.py:156} INFO - Task exited with return code 0
[2023-07-17 16:22:52,576] {local_task_job.py:273} INFO - 0 downstream tasks scheduled from follow-on schedule check
[2023-07-17 16:54:10,142] {taskinstance.py:1159} INFO - Dependencies all met for <TaskInstance: get_stocks_dag.TSLA scheduled__2023-05-11T00:00:00+00:00 [queued]>
[2023-07-17 16:54:10,174] {taskinstance.py:1159} INFO - Dependencies all met for <TaskInstance: get_stocks_dag.TSLA scheduled__2023-05-11T00:00:00+00:00 [queued]>
[2023-07-17 16:54:10,174] {taskinstance.py:1356} INFO - 
--------------------------------------------------------------------------------
[2023-07-17 16:54:10,174] {taskinstance.py:1357} INFO - Starting attempt 1 of 1
[2023-07-17 16:54:10,174] {taskinstance.py:1358} INFO - 
--------------------------------------------------------------------------------
[2023-07-17 16:54:10,203] {taskinstance.py:1377} INFO - Executing <Task(_PythonDecoratedOperator): TSLA> on 2023-05-11 00:00:00+00:00
[2023-07-17 16:54:10,213] {standard_task_runner.py:52} INFO - Started process 20231 to run task
[2023-07-17 16:54:10,223] {standard_task_runner.py:79} INFO - Running: ['airflow', 'tasks', 'run', 'get_stocks_dag', 'TSLA', 'scheduled__2023-05-11T00:00:00+00:00', '--job-id', '294', '--raw', '--subdir', 'DAGS_FOLDER/get_stocks.py', '--cfg-path', '/tmp/tmp0wb2gecu', '--error-file', '/tmp/tmplh3f06d9']
[2023-07-17 16:54:10,224] {standard_task_runner.py:80} INFO - Job 294: Subtask TSLA
[2023-07-17 16:54:10,353] {task_command.py:370} INFO - Running <TaskInstance: get_stocks_dag.TSLA scheduled__2023-05-11T00:00:00+00:00 [running]> on host lucas-Estudos
[2023-07-17 16:54:10,874] {taskinstance.py:1569} INFO - Exporting the following env vars:
AIRFLOW_CTX_DAG_OWNER=airflow
AIRFLOW_CTX_DAG_ID=get_stocks_dag
AIRFLOW_CTX_TASK_ID=TSLA
AIRFLOW_CTX_EXECUTION_DATE=2023-05-11T00:00:00+00:00
AIRFLOW_CTX_TRY_NUMBER=1
AIRFLOW_CTX_DAG_RUN_ID=scheduled__2023-05-11T00:00:00+00:00
[2023-07-17 16:54:11,655] {python.py:173} INFO - Done. Returned value was: None
[2023-07-17 16:54:11,777] {taskinstance.py:1395} INFO - Marking task as SUCCESS. dag_id=get_stocks_dag, task_id=TSLA, execution_date=20230511T000000, start_date=20230717T195410, end_date=20230717T195411
[2023-07-17 16:54:11,857] {local_task_job.py:156} INFO - Task exited with return code 0
[2023-07-17 16:54:11,964] {local_task_job.py:273} INFO - 0 downstream tasks scheduled from follow-on schedule check
[2023-07-17 20:57:58,194] {taskinstance.py:1159} INFO - Dependencies all met for <TaskInstance: get_stocks_dag.TSLA scheduled__2023-05-11T00:00:00+00:00 [queued]>
[2023-07-17 20:57:58,203] {taskinstance.py:1159} INFO - Dependencies all met for <TaskInstance: get_stocks_dag.TSLA scheduled__2023-05-11T00:00:00+00:00 [queued]>
[2023-07-17 20:57:58,204] {taskinstance.py:1356} INFO - 
--------------------------------------------------------------------------------
[2023-07-17 20:57:58,204] {taskinstance.py:1357} INFO - Starting attempt 1 of 1
[2023-07-17 20:57:58,204] {taskinstance.py:1358} INFO - 
--------------------------------------------------------------------------------
[2023-07-17 20:57:58,214] {taskinstance.py:1377} INFO - Executing <Task(_PythonDecoratedOperator): TSLA> on 2023-05-11 00:00:00+00:00
[2023-07-17 20:57:58,220] {standard_task_runner.py:52} INFO - Started process 16595 to run task
[2023-07-17 20:57:58,223] {standard_task_runner.py:79} INFO - Running: ['airflow', 'tasks', 'run', 'get_stocks_dag', 'TSLA', 'scheduled__2023-05-11T00:00:00+00:00', '--job-id', '519', '--raw', '--subdir', 'DAGS_FOLDER/get_stocks.py', '--cfg-path', '/tmp/tmp60uf4260', '--error-file', '/tmp/tmplp0l474n']
[2023-07-17 20:57:58,224] {standard_task_runner.py:80} INFO - Job 519: Subtask TSLA
[2023-07-17 20:57:58,309] {task_command.py:370} INFO - Running <TaskInstance: get_stocks_dag.TSLA scheduled__2023-05-11T00:00:00+00:00 [running]> on host lucas-Estudos
[2023-07-17 20:57:58,550] {taskinstance.py:1569} INFO - Exporting the following env vars:
AIRFLOW_CTX_DAG_OWNER=airflow
AIRFLOW_CTX_DAG_ID=get_stocks_dag
AIRFLOW_CTX_TASK_ID=TSLA
AIRFLOW_CTX_EXECUTION_DATE=2023-05-11T00:00:00+00:00
AIRFLOW_CTX_TRY_NUMBER=1
AIRFLOW_CTX_DAG_RUN_ID=scheduled__2023-05-11T00:00:00+00:00
[2023-07-17 20:58:00,494] {python.py:173} INFO - Done. Returned value was: None
[2023-07-17 20:58:00,672] {taskinstance.py:1395} INFO - Marking task as SUCCESS. dag_id=get_stocks_dag, task_id=TSLA, execution_date=20230511T000000, start_date=20230717T235758, end_date=20230717T235800
[2023-07-17 20:58:00,724] {local_task_job.py:156} INFO - Task exited with return code 0
[2023-07-17 20:58:00,864] {local_task_job.py:273} INFO - 0 downstream tasks scheduled from follow-on schedule check
[2023-07-17 21:56:22,796] {taskinstance.py:1159} INFO - Dependencies all met for <TaskInstance: get_stocks_dag.TSLA scheduled__2023-05-11T00:00:00+00:00 [queued]>
[2023-07-17 21:56:22,826] {taskinstance.py:1159} INFO - Dependencies all met for <TaskInstance: get_stocks_dag.TSLA scheduled__2023-05-11T00:00:00+00:00 [queued]>
[2023-07-17 21:56:22,827] {taskinstance.py:1356} INFO - 
--------------------------------------------------------------------------------
[2023-07-17 21:56:22,827] {taskinstance.py:1357} INFO - Starting attempt 1 of 1
[2023-07-17 21:56:22,827] {taskinstance.py:1358} INFO - 
--------------------------------------------------------------------------------
[2023-07-17 21:56:22,854] {taskinstance.py:1377} INFO - Executing <Task(_PythonDecoratedOperator): TSLA> on 2023-05-11 00:00:00+00:00
[2023-07-17 21:56:22,862] {standard_task_runner.py:52} INFO - Started process 50650 to run task
[2023-07-17 21:56:22,867] {standard_task_runner.py:79} INFO - Running: ['airflow', 'tasks', 'run', 'get_stocks_dag', 'TSLA', 'scheduled__2023-05-11T00:00:00+00:00', '--job-id', '770', '--raw', '--subdir', 'DAGS_FOLDER/get_stocks.py', '--cfg-path', '/tmp/tmp2be6a8k5', '--error-file', '/tmp/tmpjv6e3u2e']
[2023-07-17 21:56:22,868] {standard_task_runner.py:80} INFO - Job 770: Subtask TSLA
[2023-07-17 21:56:22,978] {task_command.py:370} INFO - Running <TaskInstance: get_stocks_dag.TSLA scheduled__2023-05-11T00:00:00+00:00 [running]> on host lucas-Estudos
[2023-07-17 21:56:23,073] {taskinstance.py:1569} INFO - Exporting the following env vars:
AIRFLOW_CTX_DAG_OWNER=airflow
AIRFLOW_CTX_DAG_ID=get_stocks_dag
AIRFLOW_CTX_TASK_ID=TSLA
AIRFLOW_CTX_EXECUTION_DATE=2023-05-11T00:00:00+00:00
AIRFLOW_CTX_TRY_NUMBER=1
AIRFLOW_CTX_DAG_RUN_ID=scheduled__2023-05-11T00:00:00+00:00
[2023-07-17 21:56:26,733] {python.py:173} INFO - Done. Returned value was: None
[2023-07-17 21:56:26,784] {taskinstance.py:1395} INFO - Marking task as SUCCESS. dag_id=get_stocks_dag, task_id=TSLA, execution_date=20230511T000000, start_date=20230718T005622, end_date=20230718T005626
[2023-07-17 21:56:26,856] {local_task_job.py:156} INFO - Task exited with return code 0
[2023-07-17 21:56:26,984] {local_task_job.py:273} INFO - 0 downstream tasks scheduled from follow-on schedule check
[2023-07-18 10:29:13,327] {taskinstance.py:1159} INFO - Dependencies all met for <TaskInstance: get_stocks_dag.TSLA scheduled__2023-05-11T00:00:00+00:00 [queued]>
[2023-07-18 10:29:13,333] {taskinstance.py:1159} INFO - Dependencies all met for <TaskInstance: get_stocks_dag.TSLA scheduled__2023-05-11T00:00:00+00:00 [queued]>
[2023-07-18 10:29:13,333] {taskinstance.py:1356} INFO - 
--------------------------------------------------------------------------------
[2023-07-18 10:29:13,333] {taskinstance.py:1357} INFO - Starting attempt 1 of 1
[2023-07-18 10:29:13,333] {taskinstance.py:1358} INFO - 
--------------------------------------------------------------------------------
[2023-07-18 10:29:13,342] {taskinstance.py:1377} INFO - Executing <Task(_PythonDecoratedOperator): TSLA> on 2023-05-11 00:00:00+00:00
[2023-07-18 10:29:13,346] {standard_task_runner.py:52} INFO - Started process 12249 to run task
[2023-07-18 10:29:13,348] {standard_task_runner.py:79} INFO - Running: ['airflow', 'tasks', 'run', 'get_stocks_dag', 'TSLA', 'scheduled__2023-05-11T00:00:00+00:00', '--job-id', '1226', '--raw', '--subdir', 'DAGS_FOLDER/get_stocks.py', '--cfg-path', '/tmp/tmpxyhth8s3', '--error-file', '/tmp/tmp46epby9z']
[2023-07-18 10:29:13,349] {standard_task_runner.py:80} INFO - Job 1226: Subtask TSLA
[2023-07-18 10:29:13,399] {task_command.py:370} INFO - Running <TaskInstance: get_stocks_dag.TSLA scheduled__2023-05-11T00:00:00+00:00 [running]> on host lucas-Estudos
[2023-07-18 10:29:13,498] {taskinstance.py:1569} INFO - Exporting the following env vars:
AIRFLOW_CTX_DAG_OWNER=airflow
AIRFLOW_CTX_DAG_ID=get_stocks_dag
AIRFLOW_CTX_TASK_ID=TSLA
AIRFLOW_CTX_EXECUTION_DATE=2023-05-11T00:00:00+00:00
AIRFLOW_CTX_TRY_NUMBER=1
AIRFLOW_CTX_DAG_RUN_ID=scheduled__2023-05-11T00:00:00+00:00
[2023-07-18 10:29:14,183] {python.py:173} INFO - Done. Returned value was: None
[2023-07-18 10:29:14,232] {taskinstance.py:1395} INFO - Marking task as SUCCESS. dag_id=get_stocks_dag, task_id=TSLA, execution_date=20230511T000000, start_date=20230718T132913, end_date=20230718T132914
[2023-07-18 10:29:14,283] {local_task_job.py:156} INFO - Task exited with return code 0
[2023-07-18 10:29:14,456] {local_task_job.py:273} INFO - 0 downstream tasks scheduled from follow-on schedule check
