[2023-07-17 16:23:45,113] {taskinstance.py:1159} INFO - Dependencies all met for <TaskInstance: get_stocks_dag.TSLA scheduled__2023-07-06T00:00:00+00:00 [queued]>
[2023-07-17 16:23:45,124] {taskinstance.py:1159} INFO - Dependencies all met for <TaskInstance: get_stocks_dag.TSLA scheduled__2023-07-06T00:00:00+00:00 [queued]>
[2023-07-17 16:23:45,124] {taskinstance.py:1356} INFO - 
--------------------------------------------------------------------------------
[2023-07-17 16:23:45,124] {taskinstance.py:1357} INFO - Starting attempt 1 of 1
[2023-07-17 16:23:45,124] {taskinstance.py:1358} INFO - 
--------------------------------------------------------------------------------
[2023-07-17 16:23:45,143] {taskinstance.py:1377} INFO - Executing <Task(_PythonDecoratedOperator): TSLA> on 2023-07-06 00:00:00+00:00
[2023-07-17 16:23:45,147] {standard_task_runner.py:52} INFO - Started process 12275 to run task
[2023-07-17 16:23:45,151] {standard_task_runner.py:79} INFO - Running: ['airflow', 'tasks', 'run', 'get_stocks_dag', 'TSLA', 'scheduled__2023-07-06T00:00:00+00:00', '--job-id', '242', '--raw', '--subdir', 'DAGS_FOLDER/get_stocks.py', '--cfg-path', '/tmp/tmpavgyxunw', '--error-file', '/tmp/tmpfogp3tq9']
[2023-07-17 16:23:45,152] {standard_task_runner.py:80} INFO - Job 242: Subtask TSLA
[2023-07-17 16:23:45,255] {task_command.py:370} INFO - Running <TaskInstance: get_stocks_dag.TSLA scheduled__2023-07-06T00:00:00+00:00 [running]> on host lucas-Estudos
[2023-07-17 16:23:45,373] {taskinstance.py:1569} INFO - Exporting the following env vars:
AIRFLOW_CTX_DAG_OWNER=airflow
AIRFLOW_CTX_DAG_ID=get_stocks_dag
AIRFLOW_CTX_TASK_ID=TSLA
AIRFLOW_CTX_EXECUTION_DATE=2023-07-06T00:00:00+00:00
AIRFLOW_CTX_TRY_NUMBER=1
AIRFLOW_CTX_DAG_RUN_ID=scheduled__2023-07-06T00:00:00+00:00
[2023-07-17 16:23:45,850] {python.py:173} INFO - Done. Returned value was: None
[2023-07-17 16:23:45,921] {taskinstance.py:1395} INFO - Marking task as SUCCESS. dag_id=get_stocks_dag, task_id=TSLA, execution_date=20230706T000000, start_date=20230717T192345, end_date=20230717T192345
[2023-07-17 16:23:45,968] {local_task_job.py:156} INFO - Task exited with return code 0
[2023-07-17 16:23:46,119] {local_task_job.py:273} INFO - 0 downstream tasks scheduled from follow-on schedule check
[2023-07-17 16:55:03,974] {taskinstance.py:1159} INFO - Dependencies all met for <TaskInstance: get_stocks_dag.TSLA scheduled__2023-07-06T00:00:00+00:00 [queued]>
[2023-07-17 16:55:04,005] {taskinstance.py:1159} INFO - Dependencies all met for <TaskInstance: get_stocks_dag.TSLA scheduled__2023-07-06T00:00:00+00:00 [queued]>
[2023-07-17 16:55:04,005] {taskinstance.py:1356} INFO - 
--------------------------------------------------------------------------------
[2023-07-17 16:55:04,005] {taskinstance.py:1357} INFO - Starting attempt 1 of 1
[2023-07-17 16:55:04,005] {taskinstance.py:1358} INFO - 
--------------------------------------------------------------------------------
[2023-07-17 16:55:04,128] {taskinstance.py:1377} INFO - Executing <Task(_PythonDecoratedOperator): TSLA> on 2023-07-06 00:00:00+00:00
[2023-07-17 16:55:04,142] {standard_task_runner.py:79} INFO - Running: ['airflow', 'tasks', 'run', 'get_stocks_dag', 'TSLA', 'scheduled__2023-07-06T00:00:00+00:00', '--job-id', '456', '--raw', '--subdir', 'DAGS_FOLDER/get_stocks.py', '--cfg-path', '/tmp/tmpgdcj0wpc', '--error-file', '/tmp/tmpg4y_25vk']
[2023-07-17 16:55:04,143] {standard_task_runner.py:80} INFO - Job 456: Subtask TSLA
[2023-07-17 16:55:04,134] {standard_task_runner.py:52} INFO - Started process 25004 to run task
[2023-07-17 16:55:04,365] {task_command.py:370} INFO - Running <TaskInstance: get_stocks_dag.TSLA scheduled__2023-07-06T00:00:00+00:00 [running]> on host lucas-Estudos
[2023-07-17 16:55:04,675] {taskinstance.py:1569} INFO - Exporting the following env vars:
AIRFLOW_CTX_DAG_OWNER=airflow
AIRFLOW_CTX_DAG_ID=get_stocks_dag
AIRFLOW_CTX_TASK_ID=TSLA
AIRFLOW_CTX_EXECUTION_DATE=2023-07-06T00:00:00+00:00
AIRFLOW_CTX_TRY_NUMBER=1
AIRFLOW_CTX_DAG_RUN_ID=scheduled__2023-07-06T00:00:00+00:00
[2023-07-17 16:55:05,348] {python.py:173} INFO - Done. Returned value was: None
[2023-07-17 16:55:05,382] {taskinstance.py:1395} INFO - Marking task as SUCCESS. dag_id=get_stocks_dag, task_id=TSLA, execution_date=20230706T000000, start_date=20230717T195503, end_date=20230717T195505
[2023-07-17 16:55:05,450] {local_task_job.py:156} INFO - Task exited with return code 0
[2023-07-17 16:55:05,499] {local_task_job.py:273} INFO - 0 downstream tasks scheduled from follow-on schedule check
[2023-07-17 21:08:50,099] {taskinstance.py:1159} INFO - Dependencies all met for <TaskInstance: get_stocks_dag.TSLA scheduled__2023-07-06T00:00:00+00:00 [queued]>
[2023-07-17 21:08:50,112] {taskinstance.py:1159} INFO - Dependencies all met for <TaskInstance: get_stocks_dag.TSLA scheduled__2023-07-06T00:00:00+00:00 [queued]>
[2023-07-17 21:08:50,113] {taskinstance.py:1356} INFO - 
--------------------------------------------------------------------------------
[2023-07-17 21:08:50,113] {taskinstance.py:1357} INFO - Starting attempt 1 of 1
[2023-07-17 21:08:50,113] {taskinstance.py:1358} INFO - 
--------------------------------------------------------------------------------
[2023-07-17 21:08:50,135] {taskinstance.py:1377} INFO - Executing <Task(_PythonDecoratedOperator): TSLA> on 2023-07-06 00:00:00+00:00
[2023-07-17 21:08:50,146] {standard_task_runner.py:52} INFO - Started process 36124 to run task
[2023-07-17 21:08:50,153] {standard_task_runner.py:79} INFO - Running: ['airflow', 'tasks', 'run', 'get_stocks_dag', 'TSLA', 'scheduled__2023-07-06T00:00:00+00:00', '--job-id', '679', '--raw', '--subdir', 'DAGS_FOLDER/get_stocks.py', '--cfg-path', '/tmp/tmpcpoylvy6', '--error-file', '/tmp/tmp59e1jcl_']
[2023-07-17 21:08:50,155] {standard_task_runner.py:80} INFO - Job 679: Subtask TSLA
[2023-07-17 21:08:50,356] {task_command.py:370} INFO - Running <TaskInstance: get_stocks_dag.TSLA scheduled__2023-07-06T00:00:00+00:00 [running]> on host lucas-Estudos
[2023-07-17 21:08:50,599] {taskinstance.py:1569} INFO - Exporting the following env vars:
AIRFLOW_CTX_DAG_OWNER=airflow
AIRFLOW_CTX_DAG_ID=get_stocks_dag
AIRFLOW_CTX_TASK_ID=TSLA
AIRFLOW_CTX_EXECUTION_DATE=2023-07-06T00:00:00+00:00
AIRFLOW_CTX_TRY_NUMBER=1
AIRFLOW_CTX_DAG_RUN_ID=scheduled__2023-07-06T00:00:00+00:00
[2023-07-17 21:08:54,288] {python.py:173} INFO - Done. Returned value was: None
[2023-07-17 21:08:54,344] {taskinstance.py:1395} INFO - Marking task as SUCCESS. dag_id=get_stocks_dag, task_id=TSLA, execution_date=20230706T000000, start_date=20230718T000850, end_date=20230718T000854
[2023-07-17 21:08:54,419] {local_task_job.py:156} INFO - Task exited with return code 0
[2023-07-17 21:08:54,558] {local_task_job.py:273} INFO - 0 downstream tasks scheduled from follow-on schedule check
[2023-07-17 22:18:43,631] {taskinstance.py:1159} INFO - Dependencies all met for <TaskInstance: get_stocks_dag.TSLA scheduled__2023-07-06T00:00:00+00:00 [queued]>
[2023-07-17 22:18:43,668] {taskinstance.py:1159} INFO - Dependencies all met for <TaskInstance: get_stocks_dag.TSLA scheduled__2023-07-06T00:00:00+00:00 [queued]>
[2023-07-17 22:18:43,669] {taskinstance.py:1356} INFO - 
--------------------------------------------------------------------------------
[2023-07-17 22:18:43,669] {taskinstance.py:1357} INFO - Starting attempt 1 of 1
[2023-07-17 22:18:43,669] {taskinstance.py:1358} INFO - 
--------------------------------------------------------------------------------
[2023-07-17 22:18:43,691] {taskinstance.py:1377} INFO - Executing <Task(_PythonDecoratedOperator): TSLA> on 2023-07-06 00:00:00+00:00
[2023-07-17 22:18:43,699] {standard_task_runner.py:52} INFO - Started process 95927 to run task
[2023-07-17 22:18:43,704] {standard_task_runner.py:79} INFO - Running: ['airflow', 'tasks', 'run', 'get_stocks_dag', 'TSLA', 'scheduled__2023-07-06T00:00:00+00:00', '--job-id', '1100', '--raw', '--subdir', 'DAGS_FOLDER/get_stocks.py', '--cfg-path', '/tmp/tmp8341wv7g', '--error-file', '/tmp/tmpd95a7yy4']
[2023-07-17 22:18:43,705] {standard_task_runner.py:80} INFO - Job 1100: Subtask TSLA
[2023-07-17 22:18:43,802] {task_command.py:370} INFO - Running <TaskInstance: get_stocks_dag.TSLA scheduled__2023-07-06T00:00:00+00:00 [running]> on host lucas-Estudos
[2023-07-17 22:18:43,989] {taskinstance.py:1569} INFO - Exporting the following env vars:
AIRFLOW_CTX_DAG_OWNER=airflow
AIRFLOW_CTX_DAG_ID=get_stocks_dag
AIRFLOW_CTX_TASK_ID=TSLA
AIRFLOW_CTX_EXECUTION_DATE=2023-07-06T00:00:00+00:00
AIRFLOW_CTX_TRY_NUMBER=1
AIRFLOW_CTX_DAG_RUN_ID=scheduled__2023-07-06T00:00:00+00:00
[2023-07-17 22:18:46,664] {python.py:173} INFO - Done. Returned value was: None
[2023-07-17 22:18:46,720] {taskinstance.py:1395} INFO - Marking task as SUCCESS. dag_id=get_stocks_dag, task_id=TSLA, execution_date=20230706T000000, start_date=20230718T011843, end_date=20230718T011846
[2023-07-17 22:18:46,767] {local_task_job.py:156} INFO - Task exited with return code 0
[2023-07-17 22:18:46,936] {local_task_job.py:273} INFO - 0 downstream tasks scheduled from follow-on schedule check
[2023-07-18 11:10:49,913] {taskinstance.py:1159} INFO - Dependencies all met for <TaskInstance: get_stocks_dag.TSLA scheduled__2023-07-06T00:00:00+00:00 [queued]>
[2023-07-18 11:10:49,939] {taskinstance.py:1159} INFO - Dependencies all met for <TaskInstance: get_stocks_dag.TSLA scheduled__2023-07-06T00:00:00+00:00 [queued]>
[2023-07-18 11:10:49,940] {taskinstance.py:1356} INFO - 
--------------------------------------------------------------------------------
[2023-07-18 11:10:49,940] {taskinstance.py:1357} INFO - Starting attempt 1 of 1
[2023-07-18 11:10:49,940] {taskinstance.py:1358} INFO - 
--------------------------------------------------------------------------------
[2023-07-18 11:10:49,966] {taskinstance.py:1377} INFO - Executing <Task(_PythonDecoratedOperator): TSLA> on 2023-07-06 00:00:00+00:00
[2023-07-18 11:10:49,976] {standard_task_runner.py:52} INFO - Started process 27978 to run task
[2023-07-18 11:10:49,982] {standard_task_runner.py:79} INFO - Running: ['airflow', 'tasks', 'run', 'get_stocks_dag', 'TSLA', 'scheduled__2023-07-06T00:00:00+00:00', '--job-id', '1605', '--raw', '--subdir', 'DAGS_FOLDER/get_stocks.py', '--cfg-path', '/tmp/tmp9n2a59yu', '--error-file', '/tmp/tmpmcmaxvii']
[2023-07-18 11:10:49,984] {standard_task_runner.py:80} INFO - Job 1605: Subtask TSLA
[2023-07-18 11:10:50,178] {task_command.py:370} INFO - Running <TaskInstance: get_stocks_dag.TSLA scheduled__2023-07-06T00:00:00+00:00 [running]> on host lucas-Estudos
[2023-07-18 11:10:50,449] {taskinstance.py:1569} INFO - Exporting the following env vars:
AIRFLOW_CTX_DAG_OWNER=airflow
AIRFLOW_CTX_DAG_ID=get_stocks_dag
AIRFLOW_CTX_TASK_ID=TSLA
AIRFLOW_CTX_EXECUTION_DATE=2023-07-06T00:00:00+00:00
AIRFLOW_CTX_TRY_NUMBER=1
AIRFLOW_CTX_DAG_RUN_ID=scheduled__2023-07-06T00:00:00+00:00
[2023-07-18 11:10:51,053] {python.py:173} INFO - Done. Returned value was: None
[2023-07-18 11:10:51,099] {taskinstance.py:1395} INFO - Marking task as SUCCESS. dag_id=get_stocks_dag, task_id=TSLA, execution_date=20230706T000000, start_date=20230718T141049, end_date=20230718T141051
[2023-07-18 11:10:51,157] {local_task_job.py:156} INFO - Task exited with return code 0
[2023-07-18 11:10:51,283] {local_task_job.py:273} INFO - 0 downstream tasks scheduled from follow-on schedule check
