[2023-07-17 22:04:21,031] {taskinstance.py:1159} INFO - Dependencies all met for <TaskInstance: get_crypto_dag.AVAX scheduled__2023-05-24T00:00:00+00:00 [queued]>
[2023-07-17 22:04:21,043] {taskinstance.py:1159} INFO - Dependencies all met for <TaskInstance: get_crypto_dag.AVAX scheduled__2023-05-24T00:00:00+00:00 [queued]>
[2023-07-17 22:04:21,043] {taskinstance.py:1356} INFO - 
--------------------------------------------------------------------------------
[2023-07-17 22:04:21,043] {taskinstance.py:1357} INFO - Starting attempt 1 of 1
[2023-07-17 22:04:21,043] {taskinstance.py:1358} INFO - 
--------------------------------------------------------------------------------
[2023-07-17 22:04:21,063] {taskinstance.py:1377} INFO - Executing <Task(_PythonDecoratedOperator): AVAX> on 2023-05-24 00:00:00+00:00
[2023-07-17 22:04:21,072] {standard_task_runner.py:52} INFO - Started process 66786 to run task
[2023-07-17 22:04:21,075] {standard_task_runner.py:79} INFO - Running: ['airflow', 'tasks', 'run', 'get_crypto_dag', 'AVAX', 'scheduled__2023-05-24T00:00:00+00:00', '--job-id', '887', '--raw', '--subdir', 'DAGS_FOLDER/get_crypto.py', '--cfg-path', '/tmp/tmp6g__2sqx', '--error-file', '/tmp/tmpxq02fe8q']
[2023-07-17 22:04:21,076] {standard_task_runner.py:80} INFO - Job 887: Subtask AVAX
[2023-07-17 22:04:21,150] {task_command.py:370} INFO - Running <TaskInstance: get_crypto_dag.AVAX scheduled__2023-05-24T00:00:00+00:00 [running]> on host lucas-Estudos
[2023-07-17 22:04:21,372] {taskinstance.py:1569} INFO - Exporting the following env vars:
AIRFLOW_CTX_DAG_OWNER=airflow
AIRFLOW_CTX_DAG_ID=get_crypto_dag
AIRFLOW_CTX_TASK_ID=AVAX
AIRFLOW_CTX_EXECUTION_DATE=2023-05-24T00:00:00+00:00
AIRFLOW_CTX_TRY_NUMBER=1
AIRFLOW_CTX_DAG_RUN_ID=scheduled__2023-05-24T00:00:00+00:00
[2023-07-17 22:04:32,953] {base.py:162} ERROR - AVAX: No timezone found, symbol may be delisted
[2023-07-17 22:04:32,961] {python.py:173} INFO - Done. Returned value was: None
[2023-07-17 22:04:33,066] {taskinstance.py:1395} INFO - Marking task as SUCCESS. dag_id=get_crypto_dag, task_id=AVAX, execution_date=20230524T000000, start_date=20230718T010421, end_date=20230718T010433
[2023-07-17 22:04:33,138] {local_task_job.py:156} INFO - Task exited with return code 0
[2023-07-17 22:04:33,262] {local_task_job.py:273} INFO - 0 downstream tasks scheduled from follow-on schedule check
[2023-07-18 10:38:09,591] {taskinstance.py:1159} INFO - Dependencies all met for <TaskInstance: get_crypto_dag.AVAX scheduled__2023-05-24T00:00:00+00:00 [queued]>
[2023-07-18 10:38:09,616] {taskinstance.py:1159} INFO - Dependencies all met for <TaskInstance: get_crypto_dag.AVAX scheduled__2023-05-24T00:00:00+00:00 [queued]>
[2023-07-18 10:38:09,616] {taskinstance.py:1356} INFO - 
--------------------------------------------------------------------------------
[2023-07-18 10:38:09,616] {taskinstance.py:1357} INFO - Starting attempt 1 of 1
[2023-07-18 10:38:09,616] {taskinstance.py:1358} INFO - 
--------------------------------------------------------------------------------
[2023-07-18 10:38:09,648] {taskinstance.py:1377} INFO - Executing <Task(_PythonDecoratedOperator): AVAX> on 2023-05-24 00:00:00+00:00
[2023-07-18 10:38:09,662] {standard_task_runner.py:52} INFO - Started process 14808 to run task
[2023-07-18 10:38:09,670] {standard_task_runner.py:79} INFO - Running: ['airflow', 'tasks', 'run', 'get_crypto_dag', 'AVAX', 'scheduled__2023-05-24T00:00:00+00:00', '--job-id', '1309', '--raw', '--subdir', 'DAGS_FOLDER/get_crypto.py', '--cfg-path', '/tmp/tmpjs9r17_6', '--error-file', '/tmp/tmp_escwm7v']
[2023-07-18 10:38:09,673] {standard_task_runner.py:80} INFO - Job 1309: Subtask AVAX
[2023-07-18 10:38:09,877] {task_command.py:370} INFO - Running <TaskInstance: get_crypto_dag.AVAX scheduled__2023-05-24T00:00:00+00:00 [running]> on host lucas-Estudos
[2023-07-18 10:38:10,137] {taskinstance.py:1569} INFO - Exporting the following env vars:
AIRFLOW_CTX_DAG_OWNER=airflow
AIRFLOW_CTX_DAG_ID=get_crypto_dag
AIRFLOW_CTX_TASK_ID=AVAX
AIRFLOW_CTX_EXECUTION_DATE=2023-05-24T00:00:00+00:00
AIRFLOW_CTX_TRY_NUMBER=1
AIRFLOW_CTX_DAG_RUN_ID=scheduled__2023-05-24T00:00:00+00:00
[2023-07-18 10:38:10,721] {base.py:162} ERROR - AVAX: No timezone found, symbol may be delisted
[2023-07-18 10:38:10,730] {python.py:173} INFO - Done. Returned value was: None
[2023-07-18 10:38:10,778] {taskinstance.py:1395} INFO - Marking task as SUCCESS. dag_id=get_crypto_dag, task_id=AVAX, execution_date=20230524T000000, start_date=20230718T133809, end_date=20230718T133810
[2023-07-18 10:38:10,845] {local_task_job.py:156} INFO - Task exited with return code 0
[2023-07-18 10:38:10,969] {local_task_job.py:273} INFO - 0 downstream tasks scheduled from follow-on schedule check
