[2023-07-17 22:02:42,492] {taskinstance.py:1159} INFO - Dependencies all met for <TaskInstance: get_crypto_dag.DOGE scheduled__2023-05-21T00:00:00+00:00 [queued]>
[2023-07-17 22:02:42,506] {taskinstance.py:1159} INFO - Dependencies all met for <TaskInstance: get_crypto_dag.DOGE scheduled__2023-05-21T00:00:00+00:00 [queued]>
[2023-07-17 22:02:42,506] {taskinstance.py:1356} INFO - 
--------------------------------------------------------------------------------
[2023-07-17 22:02:42,506] {taskinstance.py:1357} INFO - Starting attempt 1 of 1
[2023-07-17 22:02:42,506] {taskinstance.py:1358} INFO - 
--------------------------------------------------------------------------------
[2023-07-17 22:02:42,526] {taskinstance.py:1377} INFO - Executing <Task(_PythonDecoratedOperator): DOGE> on 2023-05-21 00:00:00+00:00
[2023-07-17 22:02:42,534] {standard_task_runner.py:52} INFO - Started process 63463 to run task
[2023-07-17 22:02:42,537] {standard_task_runner.py:79} INFO - Running: ['airflow', 'tasks', 'run', 'get_crypto_dag', 'DOGE', 'scheduled__2023-05-21T00:00:00+00:00', '--job-id', '863', '--raw', '--subdir', 'DAGS_FOLDER/get_crypto.py', '--cfg-path', '/tmp/tmpkyvhihuj', '--error-file', '/tmp/tmptfk8ufr4']
[2023-07-17 22:02:42,538] {standard_task_runner.py:80} INFO - Job 863: Subtask DOGE
[2023-07-17 22:02:42,658] {task_command.py:370} INFO - Running <TaskInstance: get_crypto_dag.DOGE scheduled__2023-05-21T00:00:00+00:00 [running]> on host lucas-Estudos
[2023-07-17 22:02:42,791] {taskinstance.py:1569} INFO - Exporting the following env vars:
AIRFLOW_CTX_DAG_OWNER=airflow
AIRFLOW_CTX_DAG_ID=get_crypto_dag
AIRFLOW_CTX_TASK_ID=DOGE
AIRFLOW_CTX_EXECUTION_DATE=2023-05-21T00:00:00+00:00
AIRFLOW_CTX_TRY_NUMBER=1
AIRFLOW_CTX_DAG_RUN_ID=scheduled__2023-05-21T00:00:00+00:00
[2023-07-17 22:02:51,512] {base.py:162} ERROR - DOGE: No timezone found, symbol may be delisted
[2023-07-17 22:02:51,519] {python.py:173} INFO - Done. Returned value was: None
[2023-07-17 22:02:51,588] {taskinstance.py:1395} INFO - Marking task as SUCCESS. dag_id=get_crypto_dag, task_id=DOGE, execution_date=20230521T000000, start_date=20230718T010242, end_date=20230718T010251
[2023-07-17 22:02:51,650] {local_task_job.py:156} INFO - Task exited with return code 0
[2023-07-17 22:02:51,762] {local_task_job.py:273} INFO - 0 downstream tasks scheduled from follow-on schedule check
[2023-07-18 10:36:35,168] {taskinstance.py:1159} INFO - Dependencies all met for <TaskInstance: get_crypto_dag.DOGE scheduled__2023-05-21T00:00:00+00:00 [queued]>
[2023-07-18 10:36:35,191] {taskinstance.py:1159} INFO - Dependencies all met for <TaskInstance: get_crypto_dag.DOGE scheduled__2023-05-21T00:00:00+00:00 [queued]>
[2023-07-18 10:36:35,192] {taskinstance.py:1356} INFO - 
--------------------------------------------------------------------------------
[2023-07-18 10:36:35,192] {taskinstance.py:1357} INFO - Starting attempt 1 of 1
[2023-07-18 10:36:35,192] {taskinstance.py:1358} INFO - 
--------------------------------------------------------------------------------
[2023-07-18 10:36:35,221] {taskinstance.py:1377} INFO - Executing <Task(_PythonDecoratedOperator): DOGE> on 2023-05-21 00:00:00+00:00
[2023-07-18 10:36:35,231] {standard_task_runner.py:52} INFO - Started process 14373 to run task
[2023-07-18 10:36:35,238] {standard_task_runner.py:79} INFO - Running: ['airflow', 'tasks', 'run', 'get_crypto_dag', 'DOGE', 'scheduled__2023-05-21T00:00:00+00:00', '--job-id', '1295', '--raw', '--subdir', 'DAGS_FOLDER/get_crypto.py', '--cfg-path', '/tmp/tmprqyj6n8e', '--error-file', '/tmp/tmpg1d5swhw']
[2023-07-18 10:36:35,240] {standard_task_runner.py:80} INFO - Job 1295: Subtask DOGE
[2023-07-18 10:36:35,422] {task_command.py:370} INFO - Running <TaskInstance: get_crypto_dag.DOGE scheduled__2023-05-21T00:00:00+00:00 [running]> on host lucas-Estudos
[2023-07-18 10:36:35,643] {taskinstance.py:1569} INFO - Exporting the following env vars:
AIRFLOW_CTX_DAG_OWNER=airflow
AIRFLOW_CTX_DAG_ID=get_crypto_dag
AIRFLOW_CTX_TASK_ID=DOGE
AIRFLOW_CTX_EXECUTION_DATE=2023-05-21T00:00:00+00:00
AIRFLOW_CTX_TRY_NUMBER=1
AIRFLOW_CTX_DAG_RUN_ID=scheduled__2023-05-21T00:00:00+00:00
[2023-07-18 10:36:40,610] {base.py:162} ERROR - DOGE: No timezone found, symbol may be delisted
[2023-07-18 10:36:40,617] {python.py:173} INFO - Done. Returned value was: None
[2023-07-18 10:36:40,673] {taskinstance.py:1395} INFO - Marking task as SUCCESS. dag_id=get_crypto_dag, task_id=DOGE, execution_date=20230521T000000, start_date=20230718T133635, end_date=20230718T133640
[2023-07-18 10:36:40,727] {local_task_job.py:156} INFO - Task exited with return code 0
[2023-07-18 10:36:40,846] {local_task_job.py:273} INFO - 0 downstream tasks scheduled from follow-on schedule check
