[2023-07-17 22:01:30,386] {taskinstance.py:1159} INFO - Dependencies all met for <TaskInstance: get_crypto_dag.AVAX scheduled__2023-05-18T00:00:00+00:00 [queued]>
[2023-07-17 22:01:30,398] {taskinstance.py:1159} INFO - Dependencies all met for <TaskInstance: get_crypto_dag.AVAX scheduled__2023-05-18T00:00:00+00:00 [queued]>
[2023-07-17 22:01:30,398] {taskinstance.py:1356} INFO - 
--------------------------------------------------------------------------------
[2023-07-17 22:01:30,399] {taskinstance.py:1357} INFO - Starting attempt 1 of 1
[2023-07-17 22:01:30,399] {taskinstance.py:1358} INFO - 
--------------------------------------------------------------------------------
[2023-07-17 22:01:30,416] {taskinstance.py:1377} INFO - Executing <Task(_PythonDecoratedOperator): AVAX> on 2023-05-18 00:00:00+00:00
[2023-07-17 22:01:30,424] {standard_task_runner.py:52} INFO - Started process 61007 to run task
[2023-07-17 22:01:30,430] {standard_task_runner.py:79} INFO - Running: ['airflow', 'tasks', 'run', 'get_crypto_dag', 'AVAX', 'scheduled__2023-05-18T00:00:00+00:00', '--job-id', '846', '--raw', '--subdir', 'DAGS_FOLDER/get_crypto.py', '--cfg-path', '/tmp/tmpo0bpd4_4', '--error-file', '/tmp/tmpwb1cpdbo']
[2023-07-17 22:01:30,431] {standard_task_runner.py:80} INFO - Job 846: Subtask AVAX
[2023-07-17 22:01:30,529] {task_command.py:370} INFO - Running <TaskInstance: get_crypto_dag.AVAX scheduled__2023-05-18T00:00:00+00:00 [running]> on host lucas-Estudos
[2023-07-17 22:01:30,632] {taskinstance.py:1569} INFO - Exporting the following env vars:
AIRFLOW_CTX_DAG_OWNER=airflow
AIRFLOW_CTX_DAG_ID=get_crypto_dag
AIRFLOW_CTX_TASK_ID=AVAX
AIRFLOW_CTX_EXECUTION_DATE=2023-05-18T00:00:00+00:00
AIRFLOW_CTX_TRY_NUMBER=1
AIRFLOW_CTX_DAG_RUN_ID=scheduled__2023-05-18T00:00:00+00:00
[2023-07-17 22:01:35,123] {base.py:162} ERROR - AVAX: No timezone found, symbol may be delisted
[2023-07-17 22:01:35,126] {python.py:173} INFO - Done. Returned value was: None
[2023-07-17 22:01:35,144] {taskinstance.py:1395} INFO - Marking task as SUCCESS. dag_id=get_crypto_dag, task_id=AVAX, execution_date=20230518T000000, start_date=20230718T010130, end_date=20230718T010135
[2023-07-17 22:01:35,181] {local_task_job.py:156} INFO - Task exited with return code 0
[2023-07-17 22:01:35,228] {local_task_job.py:273} INFO - 0 downstream tasks scheduled from follow-on schedule check
[2023-07-18 10:34:07,414] {taskinstance.py:1159} INFO - Dependencies all met for <TaskInstance: get_crypto_dag.AVAX scheduled__2023-05-18T00:00:00+00:00 [queued]>
[2023-07-18 10:34:07,455] {taskinstance.py:1159} INFO - Dependencies all met for <TaskInstance: get_crypto_dag.AVAX scheduled__2023-05-18T00:00:00+00:00 [queued]>
[2023-07-18 10:34:07,456] {taskinstance.py:1356} INFO - 
--------------------------------------------------------------------------------
[2023-07-18 10:34:07,456] {taskinstance.py:1357} INFO - Starting attempt 1 of 1
[2023-07-18 10:34:07,456] {taskinstance.py:1358} INFO - 
--------------------------------------------------------------------------------
[2023-07-18 10:34:07,483] {taskinstance.py:1377} INFO - Executing <Task(_PythonDecoratedOperator): AVAX> on 2023-05-18 00:00:00+00:00
[2023-07-18 10:34:07,494] {standard_task_runner.py:52} INFO - Started process 13719 to run task
[2023-07-18 10:34:07,498] {standard_task_runner.py:79} INFO - Running: ['airflow', 'tasks', 'run', 'get_crypto_dag', 'AVAX', 'scheduled__2023-05-18T00:00:00+00:00', '--job-id', '1272', '--raw', '--subdir', 'DAGS_FOLDER/get_crypto.py', '--cfg-path', '/tmp/tmp9pcxkopq', '--error-file', '/tmp/tmpokgvszir']
[2023-07-18 10:34:07,499] {standard_task_runner.py:80} INFO - Job 1272: Subtask AVAX
[2023-07-18 10:34:07,563] {task_command.py:370} INFO - Running <TaskInstance: get_crypto_dag.AVAX scheduled__2023-05-18T00:00:00+00:00 [running]> on host lucas-Estudos
[2023-07-18 10:34:07,640] {taskinstance.py:1569} INFO - Exporting the following env vars:
AIRFLOW_CTX_DAG_OWNER=airflow
AIRFLOW_CTX_DAG_ID=get_crypto_dag
AIRFLOW_CTX_TASK_ID=AVAX
AIRFLOW_CTX_EXECUTION_DATE=2023-05-18T00:00:00+00:00
AIRFLOW_CTX_TRY_NUMBER=1
AIRFLOW_CTX_DAG_RUN_ID=scheduled__2023-05-18T00:00:00+00:00
[2023-07-18 10:34:08,126] {base.py:162} ERROR - AVAX: No timezone found, symbol may be delisted
[2023-07-18 10:34:08,134] {python.py:173} INFO - Done. Returned value was: None
[2023-07-18 10:34:08,311] {taskinstance.py:1395} INFO - Marking task as SUCCESS. dag_id=get_crypto_dag, task_id=AVAX, execution_date=20230518T000000, start_date=20230718T133407, end_date=20230718T133408
[2023-07-18 10:34:08,393] {local_task_job.py:156} INFO - Task exited with return code 0
[2023-07-18 10:34:08,497] {local_task_job.py:273} INFO - 0 downstream tasks scheduled from follow-on schedule check
