[2023-07-18 11:03:45,764] {taskinstance.py:1159} INFO - Dependencies all met for <TaskInstance: get_crypto_dag.AVAX scheduled__2023-06-26T00:00:00+00:00 [queued]>
[2023-07-18 11:03:45,788] {taskinstance.py:1159} INFO - Dependencies all met for <TaskInstance: get_crypto_dag.AVAX scheduled__2023-06-26T00:00:00+00:00 [queued]>
[2023-07-18 11:03:45,788] {taskinstance.py:1356} INFO - 
--------------------------------------------------------------------------------
[2023-07-18 11:03:45,788] {taskinstance.py:1357} INFO - Starting attempt 1 of 1
[2023-07-18 11:03:45,788] {taskinstance.py:1358} INFO - 
--------------------------------------------------------------------------------
[2023-07-18 11:03:45,820] {taskinstance.py:1377} INFO - Executing <Task(_PythonDecoratedOperator): AVAX> on 2023-06-26 00:00:00+00:00
[2023-07-18 11:03:45,829] {standard_task_runner.py:52} INFO - Started process 25947 to run task
[2023-07-18 11:03:45,836] {standard_task_runner.py:79} INFO - Running: ['airflow', 'tasks', 'run', 'get_crypto_dag', 'AVAX', 'scheduled__2023-06-26T00:00:00+00:00', '--job-id', '1540', '--raw', '--subdir', 'DAGS_FOLDER/get_crypto.py', '--cfg-path', '/tmp/tmp9m7l0icp', '--error-file', '/tmp/tmplucpytg8']
[2023-07-18 11:03:45,838] {standard_task_runner.py:80} INFO - Job 1540: Subtask AVAX
[2023-07-18 11:03:46,018] {task_command.py:370} INFO - Running <TaskInstance: get_crypto_dag.AVAX scheduled__2023-06-26T00:00:00+00:00 [running]> on host lucas-Estudos
[2023-07-18 11:03:46,234] {taskinstance.py:1569} INFO - Exporting the following env vars:
AIRFLOW_CTX_DAG_OWNER=airflow
AIRFLOW_CTX_DAG_ID=get_crypto_dag
AIRFLOW_CTX_TASK_ID=AVAX
AIRFLOW_CTX_EXECUTION_DATE=2023-06-26T00:00:00+00:00
AIRFLOW_CTX_TRY_NUMBER=1
AIRFLOW_CTX_DAG_RUN_ID=scheduled__2023-06-26T00:00:00+00:00
[2023-07-18 11:03:46,729] {base.py:162} ERROR - AVAX: No timezone found, symbol may be delisted
[2023-07-18 11:03:46,735] {python.py:173} INFO - Done. Returned value was: None
[2023-07-18 11:03:46,867] {taskinstance.py:1395} INFO - Marking task as SUCCESS. dag_id=get_crypto_dag, task_id=AVAX, execution_date=20230626T000000, start_date=20230718T140345, end_date=20230718T140346
[2023-07-18 11:03:46,931] {local_task_job.py:156} INFO - Task exited with return code 0
[2023-07-18 11:03:47,040] {local_task_job.py:273} INFO - 0 downstream tasks scheduled from follow-on schedule check
