[2023-07-17 22:01:23,268] {taskinstance.py:1159} INFO - Dependencies all met for <TaskInstance: get_crypto_dag.DOGE scheduled__2023-05-18T00:00:00+00:00 [queued]>
[2023-07-17 22:01:23,298] {taskinstance.py:1159} INFO - Dependencies all met for <TaskInstance: get_crypto_dag.DOGE scheduled__2023-05-18T00:00:00+00:00 [queued]>
[2023-07-17 22:01:23,298] {taskinstance.py:1356} INFO - 
--------------------------------------------------------------------------------
[2023-07-17 22:01:23,298] {taskinstance.py:1357} INFO - Starting attempt 1 of 1
[2023-07-17 22:01:23,298] {taskinstance.py:1358} INFO - 
--------------------------------------------------------------------------------
[2023-07-17 22:01:23,320] {taskinstance.py:1377} INFO - Executing <Task(_PythonDecoratedOperator): DOGE> on 2023-05-18 00:00:00+00:00
[2023-07-17 22:01:23,331] {standard_task_runner.py:52} INFO - Started process 60799 to run task
[2023-07-17 22:01:23,334] {standard_task_runner.py:79} INFO - Running: ['airflow', 'tasks', 'run', 'get_crypto_dag', 'DOGE', 'scheduled__2023-05-18T00:00:00+00:00', '--job-id', '844', '--raw', '--subdir', 'DAGS_FOLDER/get_crypto.py', '--cfg-path', '/tmp/tmpbimgoxdv', '--error-file', '/tmp/tmpjgppzy7v']
[2023-07-17 22:01:23,336] {standard_task_runner.py:80} INFO - Job 844: Subtask DOGE
[2023-07-17 22:01:23,426] {task_command.py:370} INFO - Running <TaskInstance: get_crypto_dag.DOGE scheduled__2023-05-18T00:00:00+00:00 [running]> on host lucas-Estudos
[2023-07-17 22:01:23,539] {taskinstance.py:1569} INFO - Exporting the following env vars:
AIRFLOW_CTX_DAG_OWNER=airflow
AIRFLOW_CTX_DAG_ID=get_crypto_dag
AIRFLOW_CTX_TASK_ID=DOGE
AIRFLOW_CTX_EXECUTION_DATE=2023-05-18T00:00:00+00:00
AIRFLOW_CTX_TRY_NUMBER=1
AIRFLOW_CTX_DAG_RUN_ID=scheduled__2023-05-18T00:00:00+00:00
[2023-07-17 22:01:27,128] {base.py:162} ERROR - DOGE: No timezone found, symbol may be delisted
[2023-07-17 22:01:27,138] {python.py:173} INFO - Done. Returned value was: None
[2023-07-17 22:01:27,210] {taskinstance.py:1395} INFO - Marking task as SUCCESS. dag_id=get_crypto_dag, task_id=DOGE, execution_date=20230518T000000, start_date=20230718T010123, end_date=20230718T010127
[2023-07-17 22:01:27,283] {local_task_job.py:156} INFO - Task exited with return code 0
[2023-07-17 22:01:27,421] {local_task_job.py:273} INFO - 0 downstream tasks scheduled from follow-on schedule check
[2023-07-18 10:33:54,509] {taskinstance.py:1159} INFO - Dependencies all met for <TaskInstance: get_crypto_dag.DOGE scheduled__2023-05-18T00:00:00+00:00 [queued]>
[2023-07-18 10:33:54,536] {taskinstance.py:1159} INFO - Dependencies all met for <TaskInstance: get_crypto_dag.DOGE scheduled__2023-05-18T00:00:00+00:00 [queued]>
[2023-07-18 10:33:54,537] {taskinstance.py:1356} INFO - 
--------------------------------------------------------------------------------
[2023-07-18 10:33:54,537] {taskinstance.py:1357} INFO - Starting attempt 1 of 1
[2023-07-18 10:33:54,537] {taskinstance.py:1358} INFO - 
--------------------------------------------------------------------------------
[2023-07-18 10:33:54,564] {taskinstance.py:1377} INFO - Executing <Task(_PythonDecoratedOperator): DOGE> on 2023-05-18 00:00:00+00:00
[2023-07-18 10:33:54,574] {standard_task_runner.py:52} INFO - Started process 13665 to run task
[2023-07-18 10:33:54,581] {standard_task_runner.py:79} INFO - Running: ['airflow', 'tasks', 'run', 'get_crypto_dag', 'DOGE', 'scheduled__2023-05-18T00:00:00+00:00', '--job-id', '1270', '--raw', '--subdir', 'DAGS_FOLDER/get_crypto.py', '--cfg-path', '/tmp/tmpjjng18h7', '--error-file', '/tmp/tmpukir9wmz']
[2023-07-18 10:33:54,583] {standard_task_runner.py:80} INFO - Job 1270: Subtask DOGE
[2023-07-18 10:33:54,776] {task_command.py:370} INFO - Running <TaskInstance: get_crypto_dag.DOGE scheduled__2023-05-18T00:00:00+00:00 [running]> on host lucas-Estudos
[2023-07-18 10:33:54,994] {taskinstance.py:1569} INFO - Exporting the following env vars:
AIRFLOW_CTX_DAG_OWNER=airflow
AIRFLOW_CTX_DAG_ID=get_crypto_dag
AIRFLOW_CTX_TASK_ID=DOGE
AIRFLOW_CTX_EXECUTION_DATE=2023-05-18T00:00:00+00:00
AIRFLOW_CTX_TRY_NUMBER=1
AIRFLOW_CTX_DAG_RUN_ID=scheduled__2023-05-18T00:00:00+00:00
[2023-07-18 10:33:55,837] {base.py:162} ERROR - DOGE: No timezone found, symbol may be delisted
[2023-07-18 10:33:55,847] {python.py:173} INFO - Done. Returned value was: None
[2023-07-18 10:33:55,897] {taskinstance.py:1395} INFO - Marking task as SUCCESS. dag_id=get_crypto_dag, task_id=DOGE, execution_date=20230518T000000, start_date=20230718T133354, end_date=20230718T133355
[2023-07-18 10:33:55,958] {local_task_job.py:156} INFO - Task exited with return code 0
[2023-07-18 10:33:56,077] {local_task_job.py:273} INFO - 0 downstream tasks scheduled from follow-on schedule check
