[2023-07-17 16:23:45,230] {taskinstance.py:1159} INFO - Dependencies all met for <TaskInstance: get_stocks_dag.GOOG scheduled__2023-07-06T00:00:00+00:00 [queued]>
[2023-07-17 16:23:45,247] {taskinstance.py:1159} INFO - Dependencies all met for <TaskInstance: get_stocks_dag.GOOG scheduled__2023-07-06T00:00:00+00:00 [queued]>
[2023-07-17 16:23:45,247] {taskinstance.py:1356} INFO - 
--------------------------------------------------------------------------------
[2023-07-17 16:23:45,247] {taskinstance.py:1357} INFO - Starting attempt 1 of 1
[2023-07-17 16:23:45,247] {taskinstance.py:1358} INFO - 
--------------------------------------------------------------------------------
[2023-07-17 16:23:45,269] {taskinstance.py:1377} INFO - Executing <Task(_PythonDecoratedOperator): GOOG> on 2023-07-06 00:00:00+00:00
[2023-07-17 16:23:45,277] {standard_task_runner.py:52} INFO - Started process 12286 to run task
[2023-07-17 16:23:45,289] {standard_task_runner.py:79} INFO - Running: ['airflow', 'tasks', 'run', 'get_stocks_dag', 'GOOG', 'scheduled__2023-07-06T00:00:00+00:00', '--job-id', '245', '--raw', '--subdir', 'DAGS_FOLDER/get_stocks.py', '--cfg-path', '/tmp/tmpgbrvbyf0', '--error-file', '/tmp/tmp9s9g3kyg']
[2023-07-17 16:23:45,290] {standard_task_runner.py:80} INFO - Job 245: Subtask GOOG
[2023-07-17 16:23:45,376] {task_command.py:370} INFO - Running <TaskInstance: get_stocks_dag.GOOG scheduled__2023-07-06T00:00:00+00:00 [running]> on host lucas-Estudos
[2023-07-17 16:23:45,472] {taskinstance.py:1569} INFO - Exporting the following env vars:
AIRFLOW_CTX_DAG_OWNER=airflow
AIRFLOW_CTX_DAG_ID=get_stocks_dag
AIRFLOW_CTX_TASK_ID=GOOG
AIRFLOW_CTX_EXECUTION_DATE=2023-07-06T00:00:00+00:00
AIRFLOW_CTX_TRY_NUMBER=1
AIRFLOW_CTX_DAG_RUN_ID=scheduled__2023-07-06T00:00:00+00:00
[2023-07-17 16:23:45,930] {python.py:173} INFO - Done. Returned value was: None
[2023-07-17 16:23:46,011] {taskinstance.py:1395} INFO - Marking task as SUCCESS. dag_id=get_stocks_dag, task_id=GOOG, execution_date=20230706T000000, start_date=20230717T192345, end_date=20230717T192346
[2023-07-17 16:23:46,060] {local_task_job.py:156} INFO - Task exited with return code 0
[2023-07-17 16:23:46,199] {local_task_job.py:273} INFO - 0 downstream tasks scheduled from follow-on schedule check
[2023-07-17 16:55:04,452] {taskinstance.py:1159} INFO - Dependencies all met for <TaskInstance: get_stocks_dag.GOOG scheduled__2023-07-06T00:00:00+00:00 [queued]>
[2023-07-17 16:55:04,465] {taskinstance.py:1159} INFO - Dependencies all met for <TaskInstance: get_stocks_dag.GOOG scheduled__2023-07-06T00:00:00+00:00 [queued]>
[2023-07-17 16:55:04,465] {taskinstance.py:1356} INFO - 
--------------------------------------------------------------------------------
[2023-07-17 16:55:04,465] {taskinstance.py:1357} INFO - Starting attempt 1 of 1
[2023-07-17 16:55:04,466] {taskinstance.py:1358} INFO - 
--------------------------------------------------------------------------------
[2023-07-17 16:55:04,486] {taskinstance.py:1377} INFO - Executing <Task(_PythonDecoratedOperator): GOOG> on 2023-07-06 00:00:00+00:00
[2023-07-17 16:55:04,494] {standard_task_runner.py:52} INFO - Started process 25034 to run task
[2023-07-17 16:55:04,511] {standard_task_runner.py:79} INFO - Running: ['airflow', 'tasks', 'run', 'get_stocks_dag', 'GOOG', 'scheduled__2023-07-06T00:00:00+00:00', '--job-id', '461', '--raw', '--subdir', 'DAGS_FOLDER/get_stocks.py', '--cfg-path', '/tmp/tmpm_k5ff4y', '--error-file', '/tmp/tmphtrxyw8y']
[2023-07-17 16:55:04,512] {standard_task_runner.py:80} INFO - Job 461: Subtask GOOG
[2023-07-17 16:55:04,660] {task_command.py:370} INFO - Running <TaskInstance: get_stocks_dag.GOOG scheduled__2023-07-06T00:00:00+00:00 [running]> on host lucas-Estudos
[2023-07-17 16:55:04,891] {taskinstance.py:1569} INFO - Exporting the following env vars:
AIRFLOW_CTX_DAG_OWNER=airflow
AIRFLOW_CTX_DAG_ID=get_stocks_dag
AIRFLOW_CTX_TASK_ID=GOOG
AIRFLOW_CTX_EXECUTION_DATE=2023-07-06T00:00:00+00:00
AIRFLOW_CTX_TRY_NUMBER=1
AIRFLOW_CTX_DAG_RUN_ID=scheduled__2023-07-06T00:00:00+00:00
[2023-07-17 16:55:05,588] {python.py:173} INFO - Done. Returned value was: None
[2023-07-17 16:55:05,606] {taskinstance.py:1395} INFO - Marking task as SUCCESS. dag_id=get_stocks_dag, task_id=GOOG, execution_date=20230706T000000, start_date=20230717T195504, end_date=20230717T195505
[2023-07-17 16:55:05,625] {local_task_job.py:156} INFO - Task exited with return code 0
[2023-07-17 16:55:05,668] {local_task_job.py:273} INFO - 0 downstream tasks scheduled from follow-on schedule check
[2023-07-17 21:08:46,121] {taskinstance.py:1159} INFO - Dependencies all met for <TaskInstance: get_stocks_dag.GOOG scheduled__2023-07-06T00:00:00+00:00 [queued]>
[2023-07-17 21:08:46,129] {taskinstance.py:1159} INFO - Dependencies all met for <TaskInstance: get_stocks_dag.GOOG scheduled__2023-07-06T00:00:00+00:00 [queued]>
[2023-07-17 21:08:46,129] {taskinstance.py:1356} INFO - 
--------------------------------------------------------------------------------
[2023-07-17 21:08:46,129] {taskinstance.py:1357} INFO - Starting attempt 1 of 1
[2023-07-17 21:08:46,129] {taskinstance.py:1358} INFO - 
--------------------------------------------------------------------------------
[2023-07-17 21:08:46,140] {taskinstance.py:1377} INFO - Executing <Task(_PythonDecoratedOperator): GOOG> on 2023-07-06 00:00:00+00:00
[2023-07-17 21:08:46,144] {standard_task_runner.py:52} INFO - Started process 36008 to run task
[2023-07-17 21:08:46,147] {standard_task_runner.py:79} INFO - Running: ['airflow', 'tasks', 'run', 'get_stocks_dag', 'GOOG', 'scheduled__2023-07-06T00:00:00+00:00', '--job-id', '678', '--raw', '--subdir', 'DAGS_FOLDER/get_stocks.py', '--cfg-path', '/tmp/tmpbrv52gms', '--error-file', '/tmp/tmp5zfj7u6o']
[2023-07-17 21:08:46,147] {standard_task_runner.py:80} INFO - Job 678: Subtask GOOG
[2023-07-17 21:08:46,277] {task_command.py:370} INFO - Running <TaskInstance: get_stocks_dag.GOOG scheduled__2023-07-06T00:00:00+00:00 [running]> on host lucas-Estudos
[2023-07-17 21:08:46,523] {taskinstance.py:1569} INFO - Exporting the following env vars:
AIRFLOW_CTX_DAG_OWNER=airflow
AIRFLOW_CTX_DAG_ID=get_stocks_dag
AIRFLOW_CTX_TASK_ID=GOOG
AIRFLOW_CTX_EXECUTION_DATE=2023-07-06T00:00:00+00:00
AIRFLOW_CTX_TRY_NUMBER=1
AIRFLOW_CTX_DAG_RUN_ID=scheduled__2023-07-06T00:00:00+00:00
[2023-07-17 21:08:48,187] {python.py:173} INFO - Done. Returned value was: None
[2023-07-17 21:08:48,281] {taskinstance.py:1395} INFO - Marking task as SUCCESS. dag_id=get_stocks_dag, task_id=GOOG, execution_date=20230706T000000, start_date=20230718T000846, end_date=20230718T000848
[2023-07-17 21:08:48,367] {local_task_job.py:156} INFO - Task exited with return code 0
[2023-07-17 21:08:48,502] {local_task_job.py:273} INFO - 0 downstream tasks scheduled from follow-on schedule check
[2023-07-17 22:18:28,274] {taskinstance.py:1159} INFO - Dependencies all met for <TaskInstance: get_stocks_dag.GOOG scheduled__2023-07-06T00:00:00+00:00 [queued]>
[2023-07-17 22:18:28,288] {taskinstance.py:1159} INFO - Dependencies all met for <TaskInstance: get_stocks_dag.GOOG scheduled__2023-07-06T00:00:00+00:00 [queued]>
[2023-07-17 22:18:28,289] {taskinstance.py:1356} INFO - 
--------------------------------------------------------------------------------
[2023-07-17 22:18:28,289] {taskinstance.py:1357} INFO - Starting attempt 1 of 1
[2023-07-17 22:18:28,289] {taskinstance.py:1358} INFO - 
--------------------------------------------------------------------------------
[2023-07-17 22:18:28,313] {taskinstance.py:1377} INFO - Executing <Task(_PythonDecoratedOperator): GOOG> on 2023-07-06 00:00:00+00:00
[2023-07-17 22:18:28,321] {standard_task_runner.py:52} INFO - Started process 95424 to run task
[2023-07-17 22:18:28,330] {standard_task_runner.py:79} INFO - Running: ['airflow', 'tasks', 'run', 'get_stocks_dag', 'GOOG', 'scheduled__2023-07-06T00:00:00+00:00', '--job-id', '1096', '--raw', '--subdir', 'DAGS_FOLDER/get_stocks.py', '--cfg-path', '/tmp/tmpjqhk95nf', '--error-file', '/tmp/tmpn5qzvhqo']
[2023-07-17 22:18:28,332] {standard_task_runner.py:80} INFO - Job 1096: Subtask GOOG
[2023-07-17 22:18:28,439] {task_command.py:370} INFO - Running <TaskInstance: get_stocks_dag.GOOG scheduled__2023-07-06T00:00:00+00:00 [running]> on host lucas-Estudos
[2023-07-17 22:18:28,548] {taskinstance.py:1569} INFO - Exporting the following env vars:
AIRFLOW_CTX_DAG_OWNER=airflow
AIRFLOW_CTX_DAG_ID=get_stocks_dag
AIRFLOW_CTX_TASK_ID=GOOG
AIRFLOW_CTX_EXECUTION_DATE=2023-07-06T00:00:00+00:00
AIRFLOW_CTX_TRY_NUMBER=1
AIRFLOW_CTX_DAG_RUN_ID=scheduled__2023-07-06T00:00:00+00:00
[2023-07-17 22:18:31,527] {python.py:173} INFO - Done. Returned value was: None
[2023-07-17 22:18:31,580] {taskinstance.py:1395} INFO - Marking task as SUCCESS. dag_id=get_stocks_dag, task_id=GOOG, execution_date=20230706T000000, start_date=20230718T011828, end_date=20230718T011831
[2023-07-17 22:18:31,638] {local_task_job.py:156} INFO - Task exited with return code 0
[2023-07-17 22:18:31,760] {local_task_job.py:273} INFO - 0 downstream tasks scheduled from follow-on schedule check
[2023-07-18 11:10:53,944] {taskinstance.py:1159} INFO - Dependencies all met for <TaskInstance: get_stocks_dag.GOOG scheduled__2023-07-06T00:00:00+00:00 [queued]>
[2023-07-18 11:10:53,966] {taskinstance.py:1159} INFO - Dependencies all met for <TaskInstance: get_stocks_dag.GOOG scheduled__2023-07-06T00:00:00+00:00 [queued]>
[2023-07-18 11:10:53,967] {taskinstance.py:1356} INFO - 
--------------------------------------------------------------------------------
[2023-07-18 11:10:53,967] {taskinstance.py:1357} INFO - Starting attempt 1 of 1
[2023-07-18 11:10:53,967] {taskinstance.py:1358} INFO - 
--------------------------------------------------------------------------------
[2023-07-18 11:10:53,992] {taskinstance.py:1377} INFO - Executing <Task(_PythonDecoratedOperator): GOOG> on 2023-07-06 00:00:00+00:00
[2023-07-18 11:10:54,002] {standard_task_runner.py:52} INFO - Started process 28004 to run task
[2023-07-18 11:10:54,009] {standard_task_runner.py:79} INFO - Running: ['airflow', 'tasks', 'run', 'get_stocks_dag', 'GOOG', 'scheduled__2023-07-06T00:00:00+00:00', '--job-id', '1606', '--raw', '--subdir', 'DAGS_FOLDER/get_stocks.py', '--cfg-path', '/tmp/tmpfo6jgps0', '--error-file', '/tmp/tmpi9hwdbss']
[2023-07-18 11:10:54,011] {standard_task_runner.py:80} INFO - Job 1606: Subtask GOOG
[2023-07-18 11:10:54,195] {task_command.py:370} INFO - Running <TaskInstance: get_stocks_dag.GOOG scheduled__2023-07-06T00:00:00+00:00 [running]> on host lucas-Estudos
[2023-07-18 11:10:54,433] {taskinstance.py:1569} INFO - Exporting the following env vars:
AIRFLOW_CTX_DAG_OWNER=airflow
AIRFLOW_CTX_DAG_ID=get_stocks_dag
AIRFLOW_CTX_TASK_ID=GOOG
AIRFLOW_CTX_EXECUTION_DATE=2023-07-06T00:00:00+00:00
AIRFLOW_CTX_TRY_NUMBER=1
AIRFLOW_CTX_DAG_RUN_ID=scheduled__2023-07-06T00:00:00+00:00
[2023-07-18 11:10:55,007] {python.py:173} INFO - Done. Returned value was: None
[2023-07-18 11:10:55,021] {taskinstance.py:1395} INFO - Marking task as SUCCESS. dag_id=get_stocks_dag, task_id=GOOG, execution_date=20230706T000000, start_date=20230718T141053, end_date=20230718T141055
[2023-07-18 11:10:55,064] {local_task_job.py:156} INFO - Task exited with return code 0
[2023-07-18 11:10:55,151] {local_task_job.py:273} INFO - 0 downstream tasks scheduled from follow-on schedule check
