[2023-07-18 11:09:37,804] {taskinstance.py:1159} INFO - Dependencies all met for <TaskInstance: get_crypto_dag.DOGE scheduled__2023-07-04T00:00:00+00:00 [queued]>
[2023-07-18 11:09:37,825] {taskinstance.py:1159} INFO - Dependencies all met for <TaskInstance: get_crypto_dag.DOGE scheduled__2023-07-04T00:00:00+00:00 [queued]>
[2023-07-18 11:09:37,826] {taskinstance.py:1356} INFO - 
--------------------------------------------------------------------------------
[2023-07-18 11:09:37,826] {taskinstance.py:1357} INFO - Starting attempt 1 of 1
[2023-07-18 11:09:37,826] {taskinstance.py:1358} INFO - 
--------------------------------------------------------------------------------
[2023-07-18 11:09:37,857] {taskinstance.py:1377} INFO - Executing <Task(_PythonDecoratedOperator): DOGE> on 2023-07-04 00:00:00+00:00
[2023-07-18 11:09:37,866] {standard_task_runner.py:52} INFO - Started process 27655 to run task
[2023-07-18 11:09:37,874] {standard_task_runner.py:79} INFO - Running: ['airflow', 'tasks', 'run', 'get_crypto_dag', 'DOGE', 'scheduled__2023-07-04T00:00:00+00:00', '--job-id', '1594', '--raw', '--subdir', 'DAGS_FOLDER/get_crypto.py', '--cfg-path', '/tmp/tmpjz6x0o9n', '--error-file', '/tmp/tmp0vtamk96']
[2023-07-18 11:09:37,876] {standard_task_runner.py:80} INFO - Job 1594: Subtask DOGE
[2023-07-18 11:09:38,055] {task_command.py:370} INFO - Running <TaskInstance: get_crypto_dag.DOGE scheduled__2023-07-04T00:00:00+00:00 [running]> on host lucas-Estudos
[2023-07-18 11:09:38,285] {taskinstance.py:1569} INFO - Exporting the following env vars:
AIRFLOW_CTX_DAG_OWNER=airflow
AIRFLOW_CTX_DAG_ID=get_crypto_dag
AIRFLOW_CTX_TASK_ID=DOGE
AIRFLOW_CTX_EXECUTION_DATE=2023-07-04T00:00:00+00:00
AIRFLOW_CTX_TRY_NUMBER=1
AIRFLOW_CTX_DAG_RUN_ID=scheduled__2023-07-04T00:00:00+00:00
[2023-07-18 11:09:38,793] {base.py:162} ERROR - DOGE: No timezone found, symbol may be delisted
[2023-07-18 11:09:38,801] {python.py:173} INFO - Done. Returned value was: None
[2023-07-18 11:09:38,841] {taskinstance.py:1395} INFO - Marking task as SUCCESS. dag_id=get_crypto_dag, task_id=DOGE, execution_date=20230704T000000, start_date=20230718T140937, end_date=20230718T140938
[2023-07-18 11:09:38,888] {local_task_job.py:156} INFO - Task exited with return code 0
[2023-07-18 11:09:38,982] {local_task_job.py:273} INFO - 0 downstream tasks scheduled from follow-on schedule check
