[2023-07-17 16:23:12,550] {taskinstance.py:1159} INFO - Dependencies all met for <TaskInstance: get_stocks_dag.MSFT scheduled__2023-05-30T00:00:00+00:00 [queued]>
[2023-07-17 16:23:12,583] {taskinstance.py:1159} INFO - Dependencies all met for <TaskInstance: get_stocks_dag.MSFT scheduled__2023-05-30T00:00:00+00:00 [queued]>
[2023-07-17 16:23:12,583] {taskinstance.py:1356} INFO - 
--------------------------------------------------------------------------------
[2023-07-17 16:23:12,583] {taskinstance.py:1357} INFO - Starting attempt 1 of 1
[2023-07-17 16:23:12,583] {taskinstance.py:1358} INFO - 
--------------------------------------------------------------------------------
[2023-07-17 16:23:12,652] {taskinstance.py:1377} INFO - Executing <Task(_PythonDecoratedOperator): MSFT> on 2023-05-30 00:00:00+00:00
[2023-07-17 16:23:12,666] {standard_task_runner.py:52} INFO - Started process 9309 to run task
[2023-07-17 16:23:12,685] {standard_task_runner.py:79} INFO - Running: ['airflow', 'tasks', 'run', 'get_stocks_dag', 'MSFT', 'scheduled__2023-05-30T00:00:00+00:00', '--job-id', '135', '--raw', '--subdir', 'DAGS_FOLDER/get_stocks.py', '--cfg-path', '/tmp/tmpdpkrv0rz', '--error-file', '/tmp/tmps6jlb4uc']
[2023-07-17 16:23:12,686] {standard_task_runner.py:80} INFO - Job 135: Subtask MSFT
[2023-07-17 16:23:12,883] {task_command.py:370} INFO - Running <TaskInstance: get_stocks_dag.MSFT scheduled__2023-05-30T00:00:00+00:00 [running]> on host lucas-Estudos
[2023-07-17 16:23:13,141] {taskinstance.py:1569} INFO - Exporting the following env vars:
AIRFLOW_CTX_DAG_OWNER=airflow
AIRFLOW_CTX_DAG_ID=get_stocks_dag
AIRFLOW_CTX_TASK_ID=MSFT
AIRFLOW_CTX_EXECUTION_DATE=2023-05-30T00:00:00+00:00
AIRFLOW_CTX_TRY_NUMBER=1
AIRFLOW_CTX_DAG_RUN_ID=scheduled__2023-05-30T00:00:00+00:00
[2023-07-17 16:23:13,762] {base.py:297} ERROR - MSFT: No price data found, symbol may be delisted (1h 2023-05-29 -> 2023-05-30)
[2023-07-17 16:23:13,891] {python.py:173} INFO - Done. Returned value was: None
[2023-07-17 16:23:13,952] {taskinstance.py:1395} INFO - Marking task as SUCCESS. dag_id=get_stocks_dag, task_id=MSFT, execution_date=20230530T000000, start_date=20230717T192312, end_date=20230717T192313
[2023-07-17 16:23:14,025] {local_task_job.py:156} INFO - Task exited with return code 0
[2023-07-17 16:23:14,287] {local_task_job.py:273} INFO - 0 downstream tasks scheduled from follow-on schedule check
[2023-07-17 16:54:29,044] {taskinstance.py:1159} INFO - Dependencies all met for <TaskInstance: get_stocks_dag.MSFT scheduled__2023-05-30T00:00:00+00:00 [queued]>
[2023-07-17 16:54:29,077] {taskinstance.py:1159} INFO - Dependencies all met for <TaskInstance: get_stocks_dag.MSFT scheduled__2023-05-30T00:00:00+00:00 [queued]>
[2023-07-17 16:54:29,078] {taskinstance.py:1356} INFO - 
--------------------------------------------------------------------------------
[2023-07-17 16:54:29,078] {taskinstance.py:1357} INFO - Starting attempt 1 of 1
[2023-07-17 16:54:29,078] {taskinstance.py:1358} INFO - 
--------------------------------------------------------------------------------
[2023-07-17 16:54:29,112] {taskinstance.py:1377} INFO - Executing <Task(_PythonDecoratedOperator): MSFT> on 2023-05-30 00:00:00+00:00
[2023-07-17 16:54:29,121] {standard_task_runner.py:52} INFO - Started process 21823 to run task
[2023-07-17 16:54:29,128] {standard_task_runner.py:79} INFO - Running: ['airflow', 'tasks', 'run', 'get_stocks_dag', 'MSFT', 'scheduled__2023-05-30T00:00:00+00:00', '--job-id', '351', '--raw', '--subdir', 'DAGS_FOLDER/get_stocks.py', '--cfg-path', '/tmp/tmpz069x09v', '--error-file', '/tmp/tmp3xcf1kb5']
[2023-07-17 16:54:29,129] {standard_task_runner.py:80} INFO - Job 351: Subtask MSFT
[2023-07-17 16:54:29,333] {task_command.py:370} INFO - Running <TaskInstance: get_stocks_dag.MSFT scheduled__2023-05-30T00:00:00+00:00 [running]> on host lucas-Estudos
[2023-07-17 16:54:29,591] {taskinstance.py:1569} INFO - Exporting the following env vars:
AIRFLOW_CTX_DAG_OWNER=airflow
AIRFLOW_CTX_DAG_ID=get_stocks_dag
AIRFLOW_CTX_TASK_ID=MSFT
AIRFLOW_CTX_EXECUTION_DATE=2023-05-30T00:00:00+00:00
AIRFLOW_CTX_TRY_NUMBER=1
AIRFLOW_CTX_DAG_RUN_ID=scheduled__2023-05-30T00:00:00+00:00
[2023-07-17 16:54:30,176] {base.py:297} ERROR - MSFT: No price data found, symbol may be delisted (1h 2023-05-29 -> 2023-05-30)
[2023-07-17 16:54:30,179] {python.py:173} INFO - Done. Returned value was: None
[2023-07-17 16:54:30,206] {taskinstance.py:1395} INFO - Marking task as SUCCESS. dag_id=get_stocks_dag, task_id=MSFT, execution_date=20230530T000000, start_date=20230717T195429, end_date=20230717T195430
[2023-07-17 16:54:30,236] {local_task_job.py:156} INFO - Task exited with return code 0
[2023-07-17 16:54:30,281] {local_task_job.py:273} INFO - 0 downstream tasks scheduled from follow-on schedule check
[2023-07-17 21:01:22,987] {taskinstance.py:1159} INFO - Dependencies all met for <TaskInstance: get_stocks_dag.MSFT scheduled__2023-05-30T00:00:00+00:00 [queued]>
[2023-07-17 21:01:22,994] {taskinstance.py:1159} INFO - Dependencies all met for <TaskInstance: get_stocks_dag.MSFT scheduled__2023-05-30T00:00:00+00:00 [queued]>
[2023-07-17 21:01:22,994] {taskinstance.py:1356} INFO - 
--------------------------------------------------------------------------------
[2023-07-17 21:01:22,994] {taskinstance.py:1357} INFO - Starting attempt 1 of 1
[2023-07-17 21:01:22,994] {taskinstance.py:1358} INFO - 
--------------------------------------------------------------------------------
[2023-07-17 21:01:23,003] {taskinstance.py:1377} INFO - Executing <Task(_PythonDecoratedOperator): MSFT> on 2023-05-30 00:00:00+00:00
[2023-07-17 21:01:23,007] {standard_task_runner.py:52} INFO - Started process 22092 to run task
[2023-07-17 21:01:23,009] {standard_task_runner.py:79} INFO - Running: ['airflow', 'tasks', 'run', 'get_stocks_dag', 'MSFT', 'scheduled__2023-05-30T00:00:00+00:00', '--job-id', '569', '--raw', '--subdir', 'DAGS_FOLDER/get_stocks.py', '--cfg-path', '/tmp/tmp821zsy51', '--error-file', '/tmp/tmpwp1w1sam']
[2023-07-17 21:01:23,010] {standard_task_runner.py:80} INFO - Job 569: Subtask MSFT
[2023-07-17 21:01:23,119] {task_command.py:370} INFO - Running <TaskInstance: get_stocks_dag.MSFT scheduled__2023-05-30T00:00:00+00:00 [running]> on host lucas-Estudos
[2023-07-17 21:01:23,356] {taskinstance.py:1569} INFO - Exporting the following env vars:
AIRFLOW_CTX_DAG_OWNER=airflow
AIRFLOW_CTX_DAG_ID=get_stocks_dag
AIRFLOW_CTX_TASK_ID=MSFT
AIRFLOW_CTX_EXECUTION_DATE=2023-05-30T00:00:00+00:00
AIRFLOW_CTX_TRY_NUMBER=1
AIRFLOW_CTX_DAG_RUN_ID=scheduled__2023-05-30T00:00:00+00:00
[2023-07-17 21:01:34,073] {base.py:297} ERROR - MSFT: No price data found, symbol may be delisted (1h 2023-05-29 -> 2023-05-30)
[2023-07-17 21:01:34,080] {python.py:173} INFO - Done. Returned value was: None
[2023-07-17 21:01:34,131] {taskinstance.py:1395} INFO - Marking task as SUCCESS. dag_id=get_stocks_dag, task_id=MSFT, execution_date=20230530T000000, start_date=20230718T000122, end_date=20230718T000134
[2023-07-17 21:01:34,202] {local_task_job.py:156} INFO - Task exited with return code 0
[2023-07-17 21:01:34,309] {local_task_job.py:273} INFO - 0 downstream tasks scheduled from follow-on schedule check
[2023-07-17 22:03:56,912] {taskinstance.py:1159} INFO - Dependencies all met for <TaskInstance: get_stocks_dag.MSFT scheduled__2023-05-30T00:00:00+00:00 [queued]>
[2023-07-17 22:03:56,928] {taskinstance.py:1159} INFO - Dependencies all met for <TaskInstance: get_stocks_dag.MSFT scheduled__2023-05-30T00:00:00+00:00 [queued]>
[2023-07-17 22:03:56,928] {taskinstance.py:1356} INFO - 
--------------------------------------------------------------------------------
[2023-07-17 22:03:56,928] {taskinstance.py:1357} INFO - Starting attempt 1 of 1
[2023-07-17 22:03:56,928] {taskinstance.py:1358} INFO - 
--------------------------------------------------------------------------------
[2023-07-17 22:03:56,943] {taskinstance.py:1377} INFO - Executing <Task(_PythonDecoratedOperator): MSFT> on 2023-05-30 00:00:00+00:00
[2023-07-17 22:03:56,950] {standard_task_runner.py:52} INFO - Started process 65994 to run task
[2023-07-17 22:03:56,953] {standard_task_runner.py:79} INFO - Running: ['airflow', 'tasks', 'run', 'get_stocks_dag', 'MSFT', 'scheduled__2023-05-30T00:00:00+00:00', '--job-id', '881', '--raw', '--subdir', 'DAGS_FOLDER/get_stocks.py', '--cfg-path', '/tmp/tmpqcfrj6ue', '--error-file', '/tmp/tmpvsrtm2pz']
[2023-07-17 22:03:56,954] {standard_task_runner.py:80} INFO - Job 881: Subtask MSFT
[2023-07-17 22:03:57,023] {task_command.py:370} INFO - Running <TaskInstance: get_stocks_dag.MSFT scheduled__2023-05-30T00:00:00+00:00 [running]> on host lucas-Estudos
[2023-07-17 22:03:57,186] {taskinstance.py:1569} INFO - Exporting the following env vars:
AIRFLOW_CTX_DAG_OWNER=airflow
AIRFLOW_CTX_DAG_ID=get_stocks_dag
AIRFLOW_CTX_TASK_ID=MSFT
AIRFLOW_CTX_EXECUTION_DATE=2023-05-30T00:00:00+00:00
AIRFLOW_CTX_TRY_NUMBER=1
AIRFLOW_CTX_DAG_RUN_ID=scheduled__2023-05-30T00:00:00+00:00
[2023-07-17 22:03:57,867] {base.py:297} ERROR - MSFT: No price data found, symbol may be delisted (1h 2023-05-29 -> 2023-05-30)
[2023-07-17 22:03:57,874] {python.py:173} INFO - Done. Returned value was: None
[2023-07-17 22:03:57,936] {taskinstance.py:1395} INFO - Marking task as SUCCESS. dag_id=get_stocks_dag, task_id=MSFT, execution_date=20230530T000000, start_date=20230718T010356, end_date=20230718T010357
[2023-07-17 22:03:58,009] {local_task_job.py:156} INFO - Task exited with return code 0
[2023-07-17 22:03:58,272] {local_task_job.py:273} INFO - 0 downstream tasks scheduled from follow-on schedule check
[2023-07-18 10:42:54,370] {taskinstance.py:1159} INFO - Dependencies all met for <TaskInstance: get_stocks_dag.MSFT scheduled__2023-05-30T00:00:00+00:00 [queued]>
[2023-07-18 10:42:54,390] {taskinstance.py:1159} INFO - Dependencies all met for <TaskInstance: get_stocks_dag.MSFT scheduled__2023-05-30T00:00:00+00:00 [queued]>
[2023-07-18 10:42:54,391] {taskinstance.py:1356} INFO - 
--------------------------------------------------------------------------------
[2023-07-18 10:42:54,391] {taskinstance.py:1357} INFO - Starting attempt 1 of 1
[2023-07-18 10:42:54,391] {taskinstance.py:1358} INFO - 
--------------------------------------------------------------------------------
[2023-07-18 10:42:54,421] {taskinstance.py:1377} INFO - Executing <Task(_PythonDecoratedOperator): MSFT> on 2023-05-30 00:00:00+00:00
[2023-07-18 10:42:54,433] {standard_task_runner.py:52} INFO - Started process 16207 to run task
[2023-07-18 10:42:54,439] {standard_task_runner.py:79} INFO - Running: ['airflow', 'tasks', 'run', 'get_stocks_dag', 'MSFT', 'scheduled__2023-05-30T00:00:00+00:00', '--job-id', '1352', '--raw', '--subdir', 'DAGS_FOLDER/get_stocks.py', '--cfg-path', '/tmp/tmpsc_bk9j4', '--error-file', '/tmp/tmp8ch7k4a0']
[2023-07-18 10:42:54,440] {standard_task_runner.py:80} INFO - Job 1352: Subtask MSFT
[2023-07-18 10:42:54,605] {task_command.py:370} INFO - Running <TaskInstance: get_stocks_dag.MSFT scheduled__2023-05-30T00:00:00+00:00 [running]> on host lucas-Estudos
[2023-07-18 10:42:54,788] {taskinstance.py:1569} INFO - Exporting the following env vars:
AIRFLOW_CTX_DAG_OWNER=airflow
AIRFLOW_CTX_DAG_ID=get_stocks_dag
AIRFLOW_CTX_TASK_ID=MSFT
AIRFLOW_CTX_EXECUTION_DATE=2023-05-30T00:00:00+00:00
AIRFLOW_CTX_TRY_NUMBER=1
AIRFLOW_CTX_DAG_RUN_ID=scheduled__2023-05-30T00:00:00+00:00
[2023-07-18 10:42:55,409] {taskinstance.py:1889} ERROR - Task failed with exception
Traceback (most recent call last):
  File "/home/lucas/.local/lib/python3.10/site-packages/airflow/decorators/base.py", line 179, in execute
    return_value = super().execute(context)
  File "/home/lucas/.local/lib/python3.10/site-packages/airflow/operators/python.py", line 171, in execute
    return_value = self.execute_callable()
  File "/home/lucas/.local/lib/python3.10/site-packages/airflow/operators/python.py", line 189, in execute_callable
    return self.python_callable(*self.op_args, **self.op_kwargs)
  File "/home/lucas/Ãrea de Trabalho/Alura/EngenhariaDados/3-Executores do Airflow/Local and Celery/airflow_pipeline/dags/get_stocks.py", line 19, in get_history
    yfinance.Ticker(ticker).history(
  File "/home/lucas/.local/lib/python3.10/site-packages/yfinance/utils.py", line 105, in wrapper
    result = func(*args, **kwargs)
  File "/home/lucas/.local/lib/python3.10/site-packages/yfinance/base.py", line 299, in history
    logger.debug(f'{self.ticker}: yfinance received OHLC data: {quotes.index[0]} -> {quotes.index[-1]}')
  File "/home/lucas/.local/lib/python3.10/site-packages/pandas/core/indexes/base.py", line 5175, in __getitem__
    return getitem(key)
  File "/home/lucas/.local/lib/python3.10/site-packages/pandas/core/arrays/datetimelike.py", line 370, in __getitem__
    "Union[DatetimeLikeArrayT, DTScalarOrNaT]", super().__getitem__(key)
  File "/home/lucas/.local/lib/python3.10/site-packages/pandas/core/arrays/_mixins.py", line 272, in __getitem__
    result = self._ndarray[key]
IndexError: index 0 is out of bounds for axis 0 with size 0
[2023-07-18 10:42:55,449] {taskinstance.py:1395} INFO - Marking task as FAILED. dag_id=get_stocks_dag, task_id=MSFT, execution_date=20230530T000000, start_date=20230718T134254, end_date=20230718T134255
[2023-07-18 10:42:55,471] {standard_task_runner.py:92} ERROR - Failed to execute job 1352 for task MSFT (index 0 is out of bounds for axis 0 with size 0; 16207)
[2023-07-18 10:42:55,496] {local_task_job.py:156} INFO - Task exited with return code 1
[2023-07-18 10:42:55,644] {local_task_job.py:273} INFO - 0 downstream tasks scheduled from follow-on schedule check
