[2023-07-17 16:22:58,397] {taskinstance.py:1159} INFO - Dependencies all met for <TaskInstance: get_stocks_dag.MSFT scheduled__2023-05-18T00:00:00+00:00 [queued]>
[2023-07-17 16:22:58,410] {taskinstance.py:1159} INFO - Dependencies all met for <TaskInstance: get_stocks_dag.MSFT scheduled__2023-05-18T00:00:00+00:00 [queued]>
[2023-07-17 16:22:58,410] {taskinstance.py:1356} INFO - 
--------------------------------------------------------------------------------
[2023-07-17 16:22:58,410] {taskinstance.py:1357} INFO - Starting attempt 1 of 1
[2023-07-17 16:22:58,410] {taskinstance.py:1358} INFO - 
--------------------------------------------------------------------------------
[2023-07-17 16:22:58,434] {taskinstance.py:1377} INFO - Executing <Task(_PythonDecoratedOperator): MSFT> on 2023-05-18 00:00:00+00:00
[2023-07-17 16:22:58,440] {standard_task_runner.py:52} INFO - Started process 8238 to run task
[2023-07-17 16:22:58,445] {standard_task_runner.py:79} INFO - Running: ['airflow', 'tasks', 'run', 'get_stocks_dag', 'MSFT', 'scheduled__2023-05-18T00:00:00+00:00', '--job-id', '103', '--raw', '--subdir', 'DAGS_FOLDER/get_stocks.py', '--cfg-path', '/tmp/tmp8yjtmb89', '--error-file', '/tmp/tmpyewxus_y']
[2023-07-17 16:22:58,446] {standard_task_runner.py:80} INFO - Job 103: Subtask MSFT
[2023-07-17 16:22:58,566] {task_command.py:370} INFO - Running <TaskInstance: get_stocks_dag.MSFT scheduled__2023-05-18T00:00:00+00:00 [running]> on host lucas-Estudos
[2023-07-17 16:22:58,776] {taskinstance.py:1569} INFO - Exporting the following env vars:
AIRFLOW_CTX_DAG_OWNER=airflow
AIRFLOW_CTX_DAG_ID=get_stocks_dag
AIRFLOW_CTX_TASK_ID=MSFT
AIRFLOW_CTX_EXECUTION_DATE=2023-05-18T00:00:00+00:00
AIRFLOW_CTX_TRY_NUMBER=1
AIRFLOW_CTX_DAG_RUN_ID=scheduled__2023-05-18T00:00:00+00:00
[2023-07-17 16:22:59,253] {python.py:173} INFO - Done. Returned value was: None
[2023-07-17 16:22:59,282] {taskinstance.py:1395} INFO - Marking task as SUCCESS. dag_id=get_stocks_dag, task_id=MSFT, execution_date=20230518T000000, start_date=20230717T192258, end_date=20230717T192259
[2023-07-17 16:22:59,313] {local_task_job.py:156} INFO - Task exited with return code 0
[2023-07-17 16:22:59,387] {local_task_job.py:273} INFO - 0 downstream tasks scheduled from follow-on schedule check
[2023-07-17 16:54:20,030] {taskinstance.py:1159} INFO - Dependencies all met for <TaskInstance: get_stocks_dag.MSFT scheduled__2023-05-18T00:00:00+00:00 [queued]>
[2023-07-17 16:54:20,056] {taskinstance.py:1159} INFO - Dependencies all met for <TaskInstance: get_stocks_dag.MSFT scheduled__2023-05-18T00:00:00+00:00 [queued]>
[2023-07-17 16:54:20,057] {taskinstance.py:1356} INFO - 
--------------------------------------------------------------------------------
[2023-07-17 16:54:20,057] {taskinstance.py:1357} INFO - Starting attempt 1 of 1
[2023-07-17 16:54:20,057] {taskinstance.py:1358} INFO - 
--------------------------------------------------------------------------------
[2023-07-17 16:54:20,119] {taskinstance.py:1377} INFO - Executing <Task(_PythonDecoratedOperator): MSFT> on 2023-05-18 00:00:00+00:00
[2023-07-17 16:54:20,129] {standard_task_runner.py:52} INFO - Started process 21076 to run task
[2023-07-17 16:54:20,172] {standard_task_runner.py:79} INFO - Running: ['airflow', 'tasks', 'run', 'get_stocks_dag', 'MSFT', 'scheduled__2023-05-18T00:00:00+00:00', '--job-id', '319', '--raw', '--subdir', 'DAGS_FOLDER/get_stocks.py', '--cfg-path', '/tmp/tmpllkhvj99', '--error-file', '/tmp/tmp622koxiz']
[2023-07-17 16:54:20,174] {standard_task_runner.py:80} INFO - Job 319: Subtask MSFT
[2023-07-17 16:54:20,468] {task_command.py:370} INFO - Running <TaskInstance: get_stocks_dag.MSFT scheduled__2023-05-18T00:00:00+00:00 [running]> on host lucas-Estudos
[2023-07-17 16:54:20,854] {taskinstance.py:1569} INFO - Exporting the following env vars:
AIRFLOW_CTX_DAG_OWNER=airflow
AIRFLOW_CTX_DAG_ID=get_stocks_dag
AIRFLOW_CTX_TASK_ID=MSFT
AIRFLOW_CTX_EXECUTION_DATE=2023-05-18T00:00:00+00:00
AIRFLOW_CTX_TRY_NUMBER=1
AIRFLOW_CTX_DAG_RUN_ID=scheduled__2023-05-18T00:00:00+00:00
[2023-07-17 16:54:21,710] {python.py:173} INFO - Done. Returned value was: None
[2023-07-17 16:54:21,798] {taskinstance.py:1395} INFO - Marking task as SUCCESS. dag_id=get_stocks_dag, task_id=MSFT, execution_date=20230518T000000, start_date=20230717T195420, end_date=20230717T195421
[2023-07-17 16:54:21,898] {local_task_job.py:156} INFO - Task exited with return code 0
[2023-07-17 16:54:22,010] {local_task_job.py:273} INFO - 0 downstream tasks scheduled from follow-on schedule check
[2023-07-17 20:59:13,555] {taskinstance.py:1159} INFO - Dependencies all met for <TaskInstance: get_stocks_dag.MSFT scheduled__2023-05-18T00:00:00+00:00 [queued]>
[2023-07-17 20:59:13,564] {taskinstance.py:1159} INFO - Dependencies all met for <TaskInstance: get_stocks_dag.MSFT scheduled__2023-05-18T00:00:00+00:00 [queued]>
[2023-07-17 20:59:13,564] {taskinstance.py:1356} INFO - 
--------------------------------------------------------------------------------
[2023-07-17 20:59:13,564] {taskinstance.py:1357} INFO - Starting attempt 1 of 1
[2023-07-17 20:59:13,564] {taskinstance.py:1358} INFO - 
--------------------------------------------------------------------------------
[2023-07-17 20:59:13,575] {taskinstance.py:1377} INFO - Executing <Task(_PythonDecoratedOperator): MSFT> on 2023-05-18 00:00:00+00:00
[2023-07-17 20:59:13,580] {standard_task_runner.py:52} INFO - Started process 18625 to run task
[2023-07-17 20:59:13,583] {standard_task_runner.py:79} INFO - Running: ['airflow', 'tasks', 'run', 'get_stocks_dag', 'MSFT', 'scheduled__2023-05-18T00:00:00+00:00', '--job-id', '537', '--raw', '--subdir', 'DAGS_FOLDER/get_stocks.py', '--cfg-path', '/tmp/tmpyibm4svp', '--error-file', '/tmp/tmpdylmdi7u']
[2023-07-17 20:59:13,584] {standard_task_runner.py:80} INFO - Job 537: Subtask MSFT
[2023-07-17 20:59:13,696] {task_command.py:370} INFO - Running <TaskInstance: get_stocks_dag.MSFT scheduled__2023-05-18T00:00:00+00:00 [running]> on host lucas-Estudos
[2023-07-17 20:59:13,952] {taskinstance.py:1569} INFO - Exporting the following env vars:
AIRFLOW_CTX_DAG_OWNER=airflow
AIRFLOW_CTX_DAG_ID=get_stocks_dag
AIRFLOW_CTX_TASK_ID=MSFT
AIRFLOW_CTX_EXECUTION_DATE=2023-05-18T00:00:00+00:00
AIRFLOW_CTX_TRY_NUMBER=1
AIRFLOW_CTX_DAG_RUN_ID=scheduled__2023-05-18T00:00:00+00:00
[2023-07-17 20:59:20,950] {python.py:173} INFO - Done. Returned value was: None
[2023-07-17 20:59:21,006] {taskinstance.py:1395} INFO - Marking task as SUCCESS. dag_id=get_stocks_dag, task_id=MSFT, execution_date=20230518T000000, start_date=20230717T235913, end_date=20230717T235921
[2023-07-17 20:59:21,050] {local_task_job.py:156} INFO - Task exited with return code 0
[2023-07-17 20:59:21,161] {local_task_job.py:273} INFO - 0 downstream tasks scheduled from follow-on schedule check
[2023-07-17 21:59:13,811] {taskinstance.py:1159} INFO - Dependencies all met for <TaskInstance: get_stocks_dag.MSFT scheduled__2023-05-18T00:00:00+00:00 [queued]>
[2023-07-17 21:59:13,824] {taskinstance.py:1159} INFO - Dependencies all met for <TaskInstance: get_stocks_dag.MSFT scheduled__2023-05-18T00:00:00+00:00 [queued]>
[2023-07-17 21:59:13,825] {taskinstance.py:1356} INFO - 
--------------------------------------------------------------------------------
[2023-07-17 21:59:13,825] {taskinstance.py:1357} INFO - Starting attempt 1 of 1
[2023-07-17 21:59:13,825] {taskinstance.py:1358} INFO - 
--------------------------------------------------------------------------------
[2023-07-17 21:59:13,844] {taskinstance.py:1377} INFO - Executing <Task(_PythonDecoratedOperator): MSFT> on 2023-05-18 00:00:00+00:00
[2023-07-17 21:59:13,851] {standard_task_runner.py:52} INFO - Started process 56403 to run task
[2023-07-17 21:59:13,855] {standard_task_runner.py:79} INFO - Running: ['airflow', 'tasks', 'run', 'get_stocks_dag', 'MSFT', 'scheduled__2023-05-18T00:00:00+00:00', '--job-id', '811', '--raw', '--subdir', 'DAGS_FOLDER/get_stocks.py', '--cfg-path', '/tmp/tmp06hrube1', '--error-file', '/tmp/tmpa8uui1_q']
[2023-07-17 21:59:13,856] {standard_task_runner.py:80} INFO - Job 811: Subtask MSFT
[2023-07-17 21:59:13,961] {task_command.py:370} INFO - Running <TaskInstance: get_stocks_dag.MSFT scheduled__2023-05-18T00:00:00+00:00 [running]> on host lucas-Estudos
[2023-07-17 21:59:14,076] {taskinstance.py:1569} INFO - Exporting the following env vars:
AIRFLOW_CTX_DAG_OWNER=airflow
AIRFLOW_CTX_DAG_ID=get_stocks_dag
AIRFLOW_CTX_TASK_ID=MSFT
AIRFLOW_CTX_EXECUTION_DATE=2023-05-18T00:00:00+00:00
AIRFLOW_CTX_TRY_NUMBER=1
AIRFLOW_CTX_DAG_RUN_ID=scheduled__2023-05-18T00:00:00+00:00
[2023-07-17 21:59:16,731] {python.py:173} INFO - Done. Returned value was: None
[2023-07-17 21:59:16,789] {taskinstance.py:1395} INFO - Marking task as SUCCESS. dag_id=get_stocks_dag, task_id=MSFT, execution_date=20230518T000000, start_date=20230718T005913, end_date=20230718T005916
[2023-07-17 21:59:16,840] {local_task_job.py:156} INFO - Task exited with return code 0
[2023-07-17 21:59:16,961] {local_task_job.py:273} INFO - 0 downstream tasks scheduled from follow-on schedule check
[2023-07-18 10:34:28,319] {taskinstance.py:1159} INFO - Dependencies all met for <TaskInstance: get_stocks_dag.MSFT scheduled__2023-05-18T00:00:00+00:00 [queued]>
[2023-07-18 10:34:28,343] {taskinstance.py:1159} INFO - Dependencies all met for <TaskInstance: get_stocks_dag.MSFT scheduled__2023-05-18T00:00:00+00:00 [queued]>
[2023-07-18 10:34:28,343] {taskinstance.py:1356} INFO - 
--------------------------------------------------------------------------------
[2023-07-18 10:34:28,344] {taskinstance.py:1357} INFO - Starting attempt 1 of 1
[2023-07-18 10:34:28,344] {taskinstance.py:1358} INFO - 
--------------------------------------------------------------------------------
[2023-07-18 10:34:28,375] {taskinstance.py:1377} INFO - Executing <Task(_PythonDecoratedOperator): MSFT> on 2023-05-18 00:00:00+00:00
[2023-07-18 10:34:28,385] {standard_task_runner.py:52} INFO - Started process 13813 to run task
[2023-07-18 10:34:28,392] {standard_task_runner.py:79} INFO - Running: ['airflow', 'tasks', 'run', 'get_stocks_dag', 'MSFT', 'scheduled__2023-05-18T00:00:00+00:00', '--job-id', '1275', '--raw', '--subdir', 'DAGS_FOLDER/get_stocks.py', '--cfg-path', '/tmp/tmps4dofpqf', '--error-file', '/tmp/tmp_st9q97q']
[2023-07-18 10:34:28,394] {standard_task_runner.py:80} INFO - Job 1275: Subtask MSFT
[2023-07-18 10:34:28,586] {task_command.py:370} INFO - Running <TaskInstance: get_stocks_dag.MSFT scheduled__2023-05-18T00:00:00+00:00 [running]> on host lucas-Estudos
[2023-07-18 10:34:28,820] {taskinstance.py:1569} INFO - Exporting the following env vars:
AIRFLOW_CTX_DAG_OWNER=airflow
AIRFLOW_CTX_DAG_ID=get_stocks_dag
AIRFLOW_CTX_TASK_ID=MSFT
AIRFLOW_CTX_EXECUTION_DATE=2023-05-18T00:00:00+00:00
AIRFLOW_CTX_TRY_NUMBER=1
AIRFLOW_CTX_DAG_RUN_ID=scheduled__2023-05-18T00:00:00+00:00
[2023-07-18 10:34:29,417] {python.py:173} INFO - Done. Returned value was: None
[2023-07-18 10:34:29,468] {taskinstance.py:1395} INFO - Marking task as SUCCESS. dag_id=get_stocks_dag, task_id=MSFT, execution_date=20230518T000000, start_date=20230718T133428, end_date=20230718T133429
[2023-07-18 10:34:29,527] {local_task_job.py:156} INFO - Task exited with return code 0
[2023-07-18 10:34:29,641] {local_task_job.py:273} INFO - 0 downstream tasks scheduled from follow-on schedule check
