[2023-07-17 16:22:50,407] {taskinstance.py:1159} INFO - Dependencies all met for <TaskInstance: get_stocks_dag.GOOG scheduled__2023-05-11T00:00:00+00:00 [queued]>
[2023-07-17 16:22:50,431] {taskinstance.py:1159} INFO - Dependencies all met for <TaskInstance: get_stocks_dag.GOOG scheduled__2023-05-11T00:00:00+00:00 [queued]>
[2023-07-17 16:22:50,431] {taskinstance.py:1356} INFO - 
--------------------------------------------------------------------------------
[2023-07-17 16:22:50,431] {taskinstance.py:1357} INFO - Starting attempt 1 of 1
[2023-07-17 16:22:50,431] {taskinstance.py:1358} INFO - 
--------------------------------------------------------------------------------
[2023-07-17 16:22:50,477] {taskinstance.py:1377} INFO - Executing <Task(_PythonDecoratedOperator): GOOG> on 2023-05-11 00:00:00+00:00
[2023-07-17 16:22:50,486] {standard_task_runner.py:52} INFO - Started process 7343 to run task
[2023-07-17 16:22:50,561] {standard_task_runner.py:79} INFO - Running: ['airflow', 'tasks', 'run', 'get_stocks_dag', 'GOOG', 'scheduled__2023-05-11T00:00:00+00:00', '--job-id', '76', '--raw', '--subdir', 'DAGS_FOLDER/get_stocks.py', '--cfg-path', '/tmp/tmpulgeu2ip', '--error-file', '/tmp/tmpfjy0i5bh']
[2023-07-17 16:22:50,562] {standard_task_runner.py:80} INFO - Job 76: Subtask GOOG
[2023-07-17 16:22:50,855] {task_command.py:370} INFO - Running <TaskInstance: get_stocks_dag.GOOG scheduled__2023-05-11T00:00:00+00:00 [running]> on host lucas-Estudos
[2023-07-17 16:22:51,143] {taskinstance.py:1569} INFO - Exporting the following env vars:
AIRFLOW_CTX_DAG_OWNER=airflow
AIRFLOW_CTX_DAG_ID=get_stocks_dag
AIRFLOW_CTX_TASK_ID=GOOG
AIRFLOW_CTX_EXECUTION_DATE=2023-05-11T00:00:00+00:00
AIRFLOW_CTX_TRY_NUMBER=1
AIRFLOW_CTX_DAG_RUN_ID=scheduled__2023-05-11T00:00:00+00:00
[2023-07-17 16:22:51,837] {python.py:173} INFO - Done. Returned value was: None
[2023-07-17 16:22:51,891] {taskinstance.py:1395} INFO - Marking task as SUCCESS. dag_id=get_stocks_dag, task_id=GOOG, execution_date=20230511T000000, start_date=20230717T192250, end_date=20230717T192251
[2023-07-17 16:22:51,967] {local_task_job.py:156} INFO - Task exited with return code 0
[2023-07-17 16:22:52,171] {local_task_job.py:273} INFO - 0 downstream tasks scheduled from follow-on schedule check
[2023-07-17 16:54:10,721] {taskinstance.py:1159} INFO - Dependencies all met for <TaskInstance: get_stocks_dag.GOOG scheduled__2023-05-11T00:00:00+00:00 [queued]>
[2023-07-17 16:54:10,789] {taskinstance.py:1159} INFO - Dependencies all met for <TaskInstance: get_stocks_dag.GOOG scheduled__2023-05-11T00:00:00+00:00 [queued]>
[2023-07-17 16:54:10,807] {taskinstance.py:1356} INFO - 
--------------------------------------------------------------------------------
[2023-07-17 16:54:10,807] {taskinstance.py:1357} INFO - Starting attempt 1 of 1
[2023-07-17 16:54:10,807] {taskinstance.py:1358} INFO - 
--------------------------------------------------------------------------------
[2023-07-17 16:54:10,910] {taskinstance.py:1377} INFO - Executing <Task(_PythonDecoratedOperator): GOOG> on 2023-05-11 00:00:00+00:00
[2023-07-17 16:54:10,934] {standard_task_runner.py:52} INFO - Started process 20314 to run task
[2023-07-17 16:54:10,964] {standard_task_runner.py:79} INFO - Running: ['airflow', 'tasks', 'run', 'get_stocks_dag', 'GOOG', 'scheduled__2023-05-11T00:00:00+00:00', '--job-id', '300', '--raw', '--subdir', 'DAGS_FOLDER/get_stocks.py', '--cfg-path', '/tmp/tmpnmkwzhiw', '--error-file', '/tmp/tmpzm672dht']
[2023-07-17 16:54:10,975] {standard_task_runner.py:80} INFO - Job 300: Subtask GOOG
[2023-07-17 16:54:11,369] {task_command.py:370} INFO - Running <TaskInstance: get_stocks_dag.GOOG scheduled__2023-05-11T00:00:00+00:00 [running]> on host lucas-Estudos
[2023-07-17 16:54:11,658] {taskinstance.py:1569} INFO - Exporting the following env vars:
AIRFLOW_CTX_DAG_OWNER=airflow
AIRFLOW_CTX_DAG_ID=get_stocks_dag
AIRFLOW_CTX_TASK_ID=GOOG
AIRFLOW_CTX_EXECUTION_DATE=2023-05-11T00:00:00+00:00
AIRFLOW_CTX_TRY_NUMBER=1
AIRFLOW_CTX_DAG_RUN_ID=scheduled__2023-05-11T00:00:00+00:00
[2023-07-17 16:54:12,235] {python.py:173} INFO - Done. Returned value was: None
[2023-07-17 16:54:12,261] {taskinstance.py:1395} INFO - Marking task as SUCCESS. dag_id=get_stocks_dag, task_id=GOOG, execution_date=20230511T000000, start_date=20230717T195410, end_date=20230717T195412
[2023-07-17 16:54:12,320] {local_task_job.py:156} INFO - Task exited with return code 0
[2023-07-17 16:54:12,385] {local_task_job.py:273} INFO - 0 downstream tasks scheduled from follow-on schedule check
[2023-07-17 20:57:52,741] {taskinstance.py:1159} INFO - Dependencies all met for <TaskInstance: get_stocks_dag.GOOG scheduled__2023-05-11T00:00:00+00:00 [queued]>
[2023-07-17 20:57:52,751] {taskinstance.py:1159} INFO - Dependencies all met for <TaskInstance: get_stocks_dag.GOOG scheduled__2023-05-11T00:00:00+00:00 [queued]>
[2023-07-17 20:57:52,751] {taskinstance.py:1356} INFO - 
--------------------------------------------------------------------------------
[2023-07-17 20:57:52,751] {taskinstance.py:1357} INFO - Starting attempt 1 of 1
[2023-07-17 20:57:52,752] {taskinstance.py:1358} INFO - 
--------------------------------------------------------------------------------
[2023-07-17 20:57:52,763] {taskinstance.py:1377} INFO - Executing <Task(_PythonDecoratedOperator): GOOG> on 2023-05-11 00:00:00+00:00
[2023-07-17 20:57:52,768] {standard_task_runner.py:52} INFO - Started process 16466 to run task
[2023-07-17 20:57:52,771] {standard_task_runner.py:79} INFO - Running: ['airflow', 'tasks', 'run', 'get_stocks_dag', 'GOOG', 'scheduled__2023-05-11T00:00:00+00:00', '--job-id', '518', '--raw', '--subdir', 'DAGS_FOLDER/get_stocks.py', '--cfg-path', '/tmp/tmpsr4h7vt4', '--error-file', '/tmp/tmppkjnu7qf']
[2023-07-17 20:57:52,772] {standard_task_runner.py:80} INFO - Job 518: Subtask GOOG
[2023-07-17 20:57:52,936] {task_command.py:370} INFO - Running <TaskInstance: get_stocks_dag.GOOG scheduled__2023-05-11T00:00:00+00:00 [running]> on host lucas-Estudos
[2023-07-17 20:57:53,143] {taskinstance.py:1569} INFO - Exporting the following env vars:
AIRFLOW_CTX_DAG_OWNER=airflow
AIRFLOW_CTX_DAG_ID=get_stocks_dag
AIRFLOW_CTX_TASK_ID=GOOG
AIRFLOW_CTX_EXECUTION_DATE=2023-05-11T00:00:00+00:00
AIRFLOW_CTX_TRY_NUMBER=1
AIRFLOW_CTX_DAG_RUN_ID=scheduled__2023-05-11T00:00:00+00:00
[2023-07-17 20:57:57,087] {python.py:173} INFO - Done. Returned value was: None
[2023-07-17 20:57:57,140] {taskinstance.py:1395} INFO - Marking task as SUCCESS. dag_id=get_stocks_dag, task_id=GOOG, execution_date=20230511T000000, start_date=20230717T235752, end_date=20230717T235757
[2023-07-17 20:57:57,199] {local_task_job.py:156} INFO - Task exited with return code 0
[2023-07-17 20:57:57,316] {local_task_job.py:273} INFO - 0 downstream tasks scheduled from follow-on schedule check
[2023-07-17 21:56:50,205] {taskinstance.py:1159} INFO - Dependencies all met for <TaskInstance: get_stocks_dag.GOOG scheduled__2023-05-11T00:00:00+00:00 [queued]>
[2023-07-17 21:56:50,242] {taskinstance.py:1159} INFO - Dependencies all met for <TaskInstance: get_stocks_dag.GOOG scheduled__2023-05-11T00:00:00+00:00 [queued]>
[2023-07-17 21:56:50,242] {taskinstance.py:1356} INFO - 
--------------------------------------------------------------------------------
[2023-07-17 21:56:50,242] {taskinstance.py:1357} INFO - Starting attempt 1 of 1
[2023-07-17 21:56:50,243] {taskinstance.py:1358} INFO - 
--------------------------------------------------------------------------------
[2023-07-17 21:56:50,274] {taskinstance.py:1377} INFO - Executing <Task(_PythonDecoratedOperator): GOOG> on 2023-05-11 00:00:00+00:00
[2023-07-17 21:56:50,284] {standard_task_runner.py:52} INFO - Started process 51527 to run task
[2023-07-17 21:56:50,290] {standard_task_runner.py:79} INFO - Running: ['airflow', 'tasks', 'run', 'get_stocks_dag', 'GOOG', 'scheduled__2023-05-11T00:00:00+00:00', '--job-id', '777', '--raw', '--subdir', 'DAGS_FOLDER/get_stocks.py', '--cfg-path', '/tmp/tmpmmzw3thw', '--error-file', '/tmp/tmp8h_dfbl8']
[2023-07-17 21:56:50,291] {standard_task_runner.py:80} INFO - Job 777: Subtask GOOG
[2023-07-17 21:56:50,399] {task_command.py:370} INFO - Running <TaskInstance: get_stocks_dag.GOOG scheduled__2023-05-11T00:00:00+00:00 [running]> on host lucas-Estudos
[2023-07-17 21:56:50,481] {taskinstance.py:1569} INFO - Exporting the following env vars:
AIRFLOW_CTX_DAG_OWNER=airflow
AIRFLOW_CTX_DAG_ID=get_stocks_dag
AIRFLOW_CTX_TASK_ID=GOOG
AIRFLOW_CTX_EXECUTION_DATE=2023-05-11T00:00:00+00:00
AIRFLOW_CTX_TRY_NUMBER=1
AIRFLOW_CTX_DAG_RUN_ID=scheduled__2023-05-11T00:00:00+00:00
[2023-07-17 21:56:54,175] {python.py:173} INFO - Done. Returned value was: None
[2023-07-17 21:56:54,248] {taskinstance.py:1395} INFO - Marking task as SUCCESS. dag_id=get_stocks_dag, task_id=GOOG, execution_date=20230511T000000, start_date=20230718T005650, end_date=20230718T005654
[2023-07-17 21:56:54,322] {local_task_job.py:156} INFO - Task exited with return code 0
[2023-07-17 21:56:54,428] {local_task_job.py:273} INFO - 0 downstream tasks scheduled from follow-on schedule check
[2023-07-18 10:29:10,685] {taskinstance.py:1159} INFO - Dependencies all met for <TaskInstance: get_stocks_dag.GOOG scheduled__2023-05-11T00:00:00+00:00 [queued]>
[2023-07-18 10:29:10,709] {taskinstance.py:1159} INFO - Dependencies all met for <TaskInstance: get_stocks_dag.GOOG scheduled__2023-05-11T00:00:00+00:00 [queued]>
[2023-07-18 10:29:10,710] {taskinstance.py:1356} INFO - 
--------------------------------------------------------------------------------
[2023-07-18 10:29:10,710] {taskinstance.py:1357} INFO - Starting attempt 1 of 1
[2023-07-18 10:29:10,710] {taskinstance.py:1358} INFO - 
--------------------------------------------------------------------------------
[2023-07-18 10:29:10,739] {taskinstance.py:1377} INFO - Executing <Task(_PythonDecoratedOperator): GOOG> on 2023-05-11 00:00:00+00:00
[2023-07-18 10:29:10,749] {standard_task_runner.py:52} INFO - Started process 12226 to run task
[2023-07-18 10:29:10,756] {standard_task_runner.py:79} INFO - Running: ['airflow', 'tasks', 'run', 'get_stocks_dag', 'GOOG', 'scheduled__2023-05-11T00:00:00+00:00', '--job-id', '1225', '--raw', '--subdir', 'DAGS_FOLDER/get_stocks.py', '--cfg-path', '/tmp/tmp2qmsso7g', '--error-file', '/tmp/tmpdl5ciy9r']
[2023-07-18 10:29:10,759] {standard_task_runner.py:80} INFO - Job 1225: Subtask GOOG
[2023-07-18 10:29:10,858] {task_command.py:370} INFO - Running <TaskInstance: get_stocks_dag.GOOG scheduled__2023-05-11T00:00:00+00:00 [running]> on host lucas-Estudos
[2023-07-18 10:29:11,016] {taskinstance.py:1569} INFO - Exporting the following env vars:
AIRFLOW_CTX_DAG_OWNER=airflow
AIRFLOW_CTX_DAG_ID=get_stocks_dag
AIRFLOW_CTX_TASK_ID=GOOG
AIRFLOW_CTX_EXECUTION_DATE=2023-05-11T00:00:00+00:00
AIRFLOW_CTX_TRY_NUMBER=1
AIRFLOW_CTX_DAG_RUN_ID=scheduled__2023-05-11T00:00:00+00:00
[2023-07-18 10:29:11,675] {python.py:173} INFO - Done. Returned value was: None
[2023-07-18 10:29:11,694] {taskinstance.py:1395} INFO - Marking task as SUCCESS. dag_id=get_stocks_dag, task_id=GOOG, execution_date=20230511T000000, start_date=20230718T132910, end_date=20230718T132911
[2023-07-18 10:29:11,730] {local_task_job.py:156} INFO - Task exited with return code 0
[2023-07-18 10:29:11,843] {local_task_job.py:273} INFO - 0 downstream tasks scheduled from follow-on schedule check
