[2023-07-18 11:09:59,104] {taskinstance.py:1159} INFO - Dependencies all met for <TaskInstance: get_crypto_dag.BTC scheduled__2023-07-05T00:00:00+00:00 [queued]>
[2023-07-18 11:09:59,131] {taskinstance.py:1159} INFO - Dependencies all met for <TaskInstance: get_crypto_dag.BTC scheduled__2023-07-05T00:00:00+00:00 [queued]>
[2023-07-18 11:09:59,131] {taskinstance.py:1356} INFO - 
--------------------------------------------------------------------------------
[2023-07-18 11:09:59,132] {taskinstance.py:1357} INFO - Starting attempt 1 of 1
[2023-07-18 11:09:59,132] {taskinstance.py:1358} INFO - 
--------------------------------------------------------------------------------
[2023-07-18 11:09:59,168] {taskinstance.py:1377} INFO - Executing <Task(_PythonDecoratedOperator): BTC> on 2023-07-05 00:00:00+00:00
[2023-07-18 11:09:59,180] {standard_task_runner.py:52} INFO - Started process 27747 to run task
[2023-07-18 11:09:59,188] {standard_task_runner.py:79} INFO - Running: ['airflow', 'tasks', 'run', 'get_crypto_dag', 'BTC', 'scheduled__2023-07-05T00:00:00+00:00', '--job-id', '1597', '--raw', '--subdir', 'DAGS_FOLDER/get_crypto.py', '--cfg-path', '/tmp/tmpqb_lwfsb', '--error-file', '/tmp/tmp3m010hp9']
[2023-07-18 11:09:59,190] {standard_task_runner.py:80} INFO - Job 1597: Subtask BTC
[2023-07-18 11:09:59,392] {task_command.py:370} INFO - Running <TaskInstance: get_crypto_dag.BTC scheduled__2023-07-05T00:00:00+00:00 [running]> on host lucas-Estudos
[2023-07-18 11:09:59,635] {taskinstance.py:1569} INFO - Exporting the following env vars:
AIRFLOW_CTX_DAG_OWNER=airflow
AIRFLOW_CTX_DAG_ID=get_crypto_dag
AIRFLOW_CTX_TASK_ID=BTC
AIRFLOW_CTX_EXECUTION_DATE=2023-07-05T00:00:00+00:00
AIRFLOW_CTX_TRY_NUMBER=1
AIRFLOW_CTX_DAG_RUN_ID=scheduled__2023-07-05T00:00:00+00:00
[2023-07-18 11:10:00,318] {base.py:297} ERROR - BTC: No price data found, symbol may be delisted (1h 2023-07-04 -> 2023-07-05)
[2023-07-18 11:10:00,324] {python.py:173} INFO - Done. Returned value was: None
[2023-07-18 11:10:00,369] {taskinstance.py:1395} INFO - Marking task as SUCCESS. dag_id=get_crypto_dag, task_id=BTC, execution_date=20230705T000000, start_date=20230718T140959, end_date=20230718T141000
[2023-07-18 11:10:00,443] {local_task_job.py:156} INFO - Task exited with return code 0
[2023-07-18 11:10:00,567] {local_task_job.py:273} INFO - 0 downstream tasks scheduled from follow-on schedule check
