[2023-07-12 12:36:34,407] {taskinstance.py:1159} INFO - Dependencies all met for <TaskInstance: TwitterDAG.twitter_datascience scheduled__2023-07-07T00:00:00+00:00 [queued]>
[2023-07-12 12:36:34,415] {taskinstance.py:1159} INFO - Dependencies all met for <TaskInstance: TwitterDAG.twitter_datascience scheduled__2023-07-07T00:00:00+00:00 [queued]>
[2023-07-12 12:36:34,415] {taskinstance.py:1356} INFO - 
--------------------------------------------------------------------------------
[2023-07-12 12:36:34,415] {taskinstance.py:1357} INFO - Starting attempt 1 of 1
[2023-07-12 12:36:34,415] {taskinstance.py:1358} INFO - 
--------------------------------------------------------------------------------
[2023-07-12 12:36:34,429] {taskinstance.py:1377} INFO - Executing <Task(TwitterOperator): twitter_datascience> on 2023-07-07 00:00:00+00:00
[2023-07-12 12:36:34,432] {standard_task_runner.py:52} INFO - Started process 15695 to run task
[2023-07-12 12:36:34,438] {standard_task_runner.py:79} INFO - Running: ['airflow', 'tasks', 'run', 'TwitterDAG', 'twitter_datascience', 'scheduled__2023-07-07T00:00:00+00:00', '--job-id', '6', '--raw', '--subdir', 'DAGS_FOLDER/twitter_dag.py', '--cfg-path', '/tmp/tmp93jgpi4i', '--error-file', '/tmp/tmpfk03unoz']
[2023-07-12 12:36:34,438] {standard_task_runner.py:80} INFO - Job 6: Subtask twitter_datascience
[2023-07-12 12:36:34,470] {task_command.py:370} INFO - Running <TaskInstance: TwitterDAG.twitter_datascience scheduled__2023-07-07T00:00:00+00:00 [running]> on host lucas-Estudos
[2023-07-12 12:36:34,512] {taskinstance.py:1569} INFO - Exporting the following env vars:
AIRFLOW_CTX_DAG_OWNER=airflow
AIRFLOW_CTX_DAG_ID=TwitterDAG
AIRFLOW_CTX_TASK_ID=twitter_datascience
AIRFLOW_CTX_EXECUTION_DATE=2023-07-07T00:00:00+00:00
AIRFLOW_CTX_TRY_NUMBER=1
AIRFLOW_CTX_DAG_RUN_ID=scheduled__2023-07-07T00:00:00+00:00
[2023-07-12 12:36:34,517] {base.py:68} INFO - Using connection ID 'twitter_default' for task execution.
[2023-07-12 12:36:34,518] {twitter_hook.py:34} INFO - URL: https://labdados.com/2/tweets/search/recent?query=datascience&tweet.fields=author_id,conversation_id,created_at,id,in_reply_to_user_id,public_metrics,lang,text&expansions=author_id&user.fields=id,name,username,created_at&start_time=2023-07-07T00:00:00.00Z&end_time=2023-07-08T00:00:00.00Z
[2023-07-12 12:36:35,111] {taskinstance.py:1395} INFO - Marking task as SUCCESS. dag_id=TwitterDAG, task_id=twitter_datascience, execution_date=20230707T000000, start_date=20230712T153634, end_date=20230712T153635
[2023-07-12 12:36:35,129] {local_task_job.py:156} INFO - Task exited with return code 0
[2023-07-12 12:36:35,165] {local_task_job.py:273} INFO - 0 downstream tasks scheduled from follow-on schedule check
[2023-07-12 13:50:35,230] {taskinstance.py:1159} INFO - Dependencies all met for <TaskInstance: TwitterDAG.twitter_datascience scheduled__2023-07-07T00:00:00+00:00 [queued]>
[2023-07-12 13:50:35,235] {taskinstance.py:1159} INFO - Dependencies all met for <TaskInstance: TwitterDAG.twitter_datascience scheduled__2023-07-07T00:00:00+00:00 [queued]>
[2023-07-12 13:50:35,235] {taskinstance.py:1356} INFO - 
--------------------------------------------------------------------------------
[2023-07-12 13:50:35,235] {taskinstance.py:1357} INFO - Starting attempt 1 of 1
[2023-07-12 13:50:35,235] {taskinstance.py:1358} INFO - 
--------------------------------------------------------------------------------
[2023-07-12 13:50:35,244] {taskinstance.py:1377} INFO - Executing <Task(TwitterOperator): twitter_datascience> on 2023-07-07 00:00:00+00:00
[2023-07-12 13:50:35,246] {standard_task_runner.py:52} INFO - Started process 20815 to run task
[2023-07-12 13:50:35,248] {standard_task_runner.py:79} INFO - Running: ['airflow', 'tasks', 'run', 'TwitterDAG', 'twitter_datascience', 'scheduled__2023-07-07T00:00:00+00:00', '--job-id', '6', '--raw', '--subdir', 'DAGS_FOLDER/twitter_dag.py', '--cfg-path', '/tmp/tmpbguxg7p2', '--error-file', '/tmp/tmp5g9qhl6n']
[2023-07-12 13:50:35,249] {standard_task_runner.py:80} INFO - Job 6: Subtask twitter_datascience
[2023-07-12 13:50:35,284] {task_command.py:370} INFO - Running <TaskInstance: TwitterDAG.twitter_datascience scheduled__2023-07-07T00:00:00+00:00 [running]> on host lucas-Estudos
[2023-07-12 13:50:35,333] {taskinstance.py:1569} INFO - Exporting the following env vars:
AIRFLOW_CTX_DAG_OWNER=airflow
AIRFLOW_CTX_DAG_ID=TwitterDAG
AIRFLOW_CTX_TASK_ID=twitter_datascience
AIRFLOW_CTX_EXECUTION_DATE=2023-07-07T00:00:00+00:00
AIRFLOW_CTX_TRY_NUMBER=1
AIRFLOW_CTX_DAG_RUN_ID=scheduled__2023-07-07T00:00:00+00:00
[2023-07-12 13:50:35,339] {base.py:68} INFO - Using connection ID 'twitter_default' for task execution.
[2023-07-12 13:50:35,340] {twitter_hook.py:34} INFO - URL: https://labdados.com/2/tweets/search/recent?query=datascience&tweet.fields=author_id,conversation_id,created_at,id,in_reply_to_user_id,public_metrics,lang,text&expansions=author_id&user.fields=id,name,username,created_at&start_time=2023-07-07T00:00:00.00Z&end_time=2023-07-08T00:00:00.00Z
[2023-07-12 13:50:36,023] {twitter_hook.py:34} INFO - URL: https://labdados.com/2/tweets/search/recent?query=datascience&tweet.fields=author_id,conversation_id,created_at,id,in_reply_to_user_id,public_metrics,lang,text&expansions=author_id&user.fields=id,name,username,created_at&start_time=2023-07-07T00:00:00.00Z&end_time=2023-07-08T00:00:00.00Z&next_token=1234567890abcdef
[2023-07-12 13:50:36,136] {taskinstance.py:1395} INFO - Marking task as SUCCESS. dag_id=TwitterDAG, task_id=twitter_datascience, execution_date=20230707T000000, start_date=20230712T165035, end_date=20230712T165036
[2023-07-12 13:50:36,186] {local_task_job.py:156} INFO - Task exited with return code 0
[2023-07-12 13:50:36,223] {local_task_job.py:273} INFO - 0 downstream tasks scheduled from follow-on schedule check
