[2023-07-17 22:12:08,978] {taskinstance.py:1159} INFO - Dependencies all met for <TaskInstance: get_crypto_dag.ETH scheduled__2023-06-07T00:00:00+00:00 [queued]>
[2023-07-17 22:12:09,002] {taskinstance.py:1159} INFO - Dependencies all met for <TaskInstance: get_crypto_dag.ETH scheduled__2023-06-07T00:00:00+00:00 [queued]>
[2023-07-17 22:12:09,002] {taskinstance.py:1356} INFO - 
--------------------------------------------------------------------------------
[2023-07-17 22:12:09,002] {taskinstance.py:1357} INFO - Starting attempt 1 of 1
[2023-07-17 22:12:09,003] {taskinstance.py:1358} INFO - 
--------------------------------------------------------------------------------
[2023-07-17 22:12:09,021] {taskinstance.py:1377} INFO - Executing <Task(_PythonDecoratedOperator): ETH> on 2023-06-07 00:00:00+00:00
[2023-07-17 22:12:09,028] {standard_task_runner.py:52} INFO - Started process 82665 to run task
[2023-07-17 22:12:09,033] {standard_task_runner.py:79} INFO - Running: ['airflow', 'tasks', 'run', 'get_crypto_dag', 'ETH', 'scheduled__2023-06-07T00:00:00+00:00', '--job-id', '1002', '--raw', '--subdir', 'DAGS_FOLDER/get_crypto.py', '--cfg-path', '/tmp/tmp1uy83edl', '--error-file', '/tmp/tmprrzkk3kz']
[2023-07-17 22:12:09,035] {standard_task_runner.py:80} INFO - Job 1002: Subtask ETH
[2023-07-17 22:12:09,120] {task_command.py:370} INFO - Running <TaskInstance: get_crypto_dag.ETH scheduled__2023-06-07T00:00:00+00:00 [running]> on host lucas-Estudos
[2023-07-17 22:12:09,203] {taskinstance.py:1569} INFO - Exporting the following env vars:
AIRFLOW_CTX_DAG_OWNER=airflow
AIRFLOW_CTX_DAG_ID=get_crypto_dag
AIRFLOW_CTX_TASK_ID=ETH
AIRFLOW_CTX_EXECUTION_DATE=2023-06-07T00:00:00+00:00
AIRFLOW_CTX_TRY_NUMBER=1
AIRFLOW_CTX_DAG_RUN_ID=scheduled__2023-06-07T00:00:00+00:00
[2023-07-17 22:12:09,691] {base.py:162} ERROR - ETH: No timezone found, symbol may be delisted
[2023-07-17 22:12:09,700] {python.py:173} INFO - Done. Returned value was: None
[2023-07-17 22:12:09,749] {taskinstance.py:1395} INFO - Marking task as SUCCESS. dag_id=get_crypto_dag, task_id=ETH, execution_date=20230607T000000, start_date=20230718T011208, end_date=20230718T011209
[2023-07-17 22:12:09,806] {local_task_job.py:156} INFO - Task exited with return code 0
[2023-07-17 22:12:09,933] {local_task_job.py:273} INFO - 0 downstream tasks scheduled from follow-on schedule check
[2023-07-18 10:48:53,907] {taskinstance.py:1159} INFO - Dependencies all met for <TaskInstance: get_crypto_dag.ETH scheduled__2023-06-07T00:00:00+00:00 [queued]>
[2023-07-18 10:48:53,932] {taskinstance.py:1159} INFO - Dependencies all met for <TaskInstance: get_crypto_dag.ETH scheduled__2023-06-07T00:00:00+00:00 [queued]>
[2023-07-18 10:48:53,932] {taskinstance.py:1356} INFO - 
--------------------------------------------------------------------------------
[2023-07-18 10:48:53,933] {taskinstance.py:1357} INFO - Starting attempt 1 of 1
[2023-07-18 10:48:53,933] {taskinstance.py:1358} INFO - 
--------------------------------------------------------------------------------
[2023-07-18 10:48:53,961] {taskinstance.py:1377} INFO - Executing <Task(_PythonDecoratedOperator): ETH> on 2023-06-07 00:00:00+00:00
[2023-07-18 10:48:53,973] {standard_task_runner.py:52} INFO - Started process 17939 to run task
[2023-07-18 10:48:53,980] {standard_task_runner.py:79} INFO - Running: ['airflow', 'tasks', 'run', 'get_crypto_dag', 'ETH', 'scheduled__2023-06-07T00:00:00+00:00', '--job-id', '1406', '--raw', '--subdir', 'DAGS_FOLDER/get_crypto.py', '--cfg-path', '/tmp/tmpqkf3jmrv', '--error-file', '/tmp/tmperuovezi']
[2023-07-18 10:48:53,982] {standard_task_runner.py:80} INFO - Job 1406: Subtask ETH
[2023-07-18 10:48:54,177] {task_command.py:370} INFO - Running <TaskInstance: get_crypto_dag.ETH scheduled__2023-06-07T00:00:00+00:00 [running]> on host lucas-Estudos
[2023-07-18 10:48:54,424] {taskinstance.py:1569} INFO - Exporting the following env vars:
AIRFLOW_CTX_DAG_OWNER=airflow
AIRFLOW_CTX_DAG_ID=get_crypto_dag
AIRFLOW_CTX_TASK_ID=ETH
AIRFLOW_CTX_EXECUTION_DATE=2023-06-07T00:00:00+00:00
AIRFLOW_CTX_TRY_NUMBER=1
AIRFLOW_CTX_DAG_RUN_ID=scheduled__2023-06-07T00:00:00+00:00
[2023-07-18 10:48:55,042] {base.py:162} ERROR - ETH: No timezone found, symbol may be delisted
[2023-07-18 10:48:55,056] {python.py:173} INFO - Done. Returned value was: None
[2023-07-18 10:48:55,177] {taskinstance.py:1395} INFO - Marking task as SUCCESS. dag_id=get_crypto_dag, task_id=ETH, execution_date=20230607T000000, start_date=20230718T134853, end_date=20230718T134855
[2023-07-18 10:48:55,236] {local_task_job.py:156} INFO - Task exited with return code 0
[2023-07-18 10:48:55,356] {local_task_job.py:273} INFO - 0 downstream tasks scheduled from follow-on schedule check
