[2023-07-17 16:22:56,059] {taskinstance.py:1159} INFO - Dependencies all met for <TaskInstance: get_stocks_dag.TSLA scheduled__2023-05-13T00:00:00+00:00 [queued]>
[2023-07-17 16:22:56,110] {taskinstance.py:1159} INFO - Dependencies all met for <TaskInstance: get_stocks_dag.TSLA scheduled__2023-05-13T00:00:00+00:00 [queued]>
[2023-07-17 16:22:56,110] {taskinstance.py:1356} INFO - 
--------------------------------------------------------------------------------
[2023-07-17 16:22:56,111] {taskinstance.py:1357} INFO - Starting attempt 1 of 1
[2023-07-17 16:22:56,111] {taskinstance.py:1358} INFO - 
--------------------------------------------------------------------------------
[2023-07-17 16:22:56,151] {taskinstance.py:1377} INFO - Executing <Task(_PythonDecoratedOperator): TSLA> on 2023-05-13 00:00:00+00:00
[2023-07-17 16:22:56,171] {standard_task_runner.py:52} INFO - Started process 7937 to run task
[2023-07-17 16:22:56,183] {standard_task_runner.py:79} INFO - Running: ['airflow', 'tasks', 'run', 'get_stocks_dag', 'TSLA', 'scheduled__2023-05-13T00:00:00+00:00', '--job-id', '97', '--raw', '--subdir', 'DAGS_FOLDER/get_stocks.py', '--cfg-path', '/tmp/tmpajg4aow1', '--error-file', '/tmp/tmpn3wi3csc']
[2023-07-17 16:22:56,204] {standard_task_runner.py:80} INFO - Job 97: Subtask TSLA
[2023-07-17 16:22:56,433] {task_command.py:370} INFO - Running <TaskInstance: get_stocks_dag.TSLA scheduled__2023-05-13T00:00:00+00:00 [running]> on host lucas-Estudos
[2023-07-17 16:22:56,859] {taskinstance.py:1569} INFO - Exporting the following env vars:
AIRFLOW_CTX_DAG_OWNER=airflow
AIRFLOW_CTX_DAG_ID=get_stocks_dag
AIRFLOW_CTX_TASK_ID=TSLA
AIRFLOW_CTX_EXECUTION_DATE=2023-05-13T00:00:00+00:00
AIRFLOW_CTX_TRY_NUMBER=1
AIRFLOW_CTX_DAG_RUN_ID=scheduled__2023-05-13T00:00:00+00:00
[2023-07-17 16:22:57,580] {python.py:173} INFO - Done. Returned value was: None
[2023-07-17 16:22:57,675] {taskinstance.py:1395} INFO - Marking task as SUCCESS. dag_id=get_stocks_dag, task_id=TSLA, execution_date=20230513T000000, start_date=20230717T192256, end_date=20230717T192257
[2023-07-17 16:22:57,743] {local_task_job.py:156} INFO - Task exited with return code 0
[2023-07-17 16:22:57,842] {local_task_job.py:273} INFO - 0 downstream tasks scheduled from follow-on schedule check
[2023-07-17 16:54:16,979] {taskinstance.py:1159} INFO - Dependencies all met for <TaskInstance: get_stocks_dag.TSLA scheduled__2023-05-13T00:00:00+00:00 [queued]>
[2023-07-17 16:54:17,070] {taskinstance.py:1159} INFO - Dependencies all met for <TaskInstance: get_stocks_dag.TSLA scheduled__2023-05-13T00:00:00+00:00 [queued]>
[2023-07-17 16:54:17,070] {taskinstance.py:1356} INFO - 
--------------------------------------------------------------------------------
[2023-07-17 16:54:17,070] {taskinstance.py:1357} INFO - Starting attempt 1 of 1
[2023-07-17 16:54:17,071] {taskinstance.py:1358} INFO - 
--------------------------------------------------------------------------------
[2023-07-17 16:54:17,181] {taskinstance.py:1377} INFO - Executing <Task(_PythonDecoratedOperator): TSLA> on 2023-05-13 00:00:00+00:00
[2023-07-17 16:54:17,205] {standard_task_runner.py:52} INFO - Started process 20677 to run task
[2023-07-17 16:54:17,214] {standard_task_runner.py:79} INFO - Running: ['airflow', 'tasks', 'run', 'get_stocks_dag', 'TSLA', 'scheduled__2023-05-13T00:00:00+00:00', '--job-id', '308', '--raw', '--subdir', 'DAGS_FOLDER/get_stocks.py', '--cfg-path', '/tmp/tmphdixotxr', '--error-file', '/tmp/tmpeviz8r6k']
[2023-07-17 16:54:17,215] {standard_task_runner.py:80} INFO - Job 308: Subtask TSLA
[2023-07-17 16:54:17,450] {task_command.py:370} INFO - Running <TaskInstance: get_stocks_dag.TSLA scheduled__2023-05-13T00:00:00+00:00 [running]> on host lucas-Estudos
[2023-07-17 16:54:17,872] {taskinstance.py:1569} INFO - Exporting the following env vars:
AIRFLOW_CTX_DAG_OWNER=airflow
AIRFLOW_CTX_DAG_ID=get_stocks_dag
AIRFLOW_CTX_TASK_ID=TSLA
AIRFLOW_CTX_EXECUTION_DATE=2023-05-13T00:00:00+00:00
AIRFLOW_CTX_TRY_NUMBER=1
AIRFLOW_CTX_DAG_RUN_ID=scheduled__2023-05-13T00:00:00+00:00
[2023-07-17 16:54:18,643] {python.py:173} INFO - Done. Returned value was: None
[2023-07-17 16:54:18,693] {taskinstance.py:1395} INFO - Marking task as SUCCESS. dag_id=get_stocks_dag, task_id=TSLA, execution_date=20230513T000000, start_date=20230717T195416, end_date=20230717T195418
[2023-07-17 16:54:18,756] {local_task_job.py:156} INFO - Task exited with return code 0
[2023-07-17 16:54:18,969] {local_task_job.py:273} INFO - 0 downstream tasks scheduled from follow-on schedule check
[2023-07-17 20:58:26,000] {taskinstance.py:1159} INFO - Dependencies all met for <TaskInstance: get_stocks_dag.TSLA scheduled__2023-05-13T00:00:00+00:00 [queued]>
[2023-07-17 20:58:26,011] {taskinstance.py:1159} INFO - Dependencies all met for <TaskInstance: get_stocks_dag.TSLA scheduled__2023-05-13T00:00:00+00:00 [queued]>
[2023-07-17 20:58:26,011] {taskinstance.py:1356} INFO - 
--------------------------------------------------------------------------------
[2023-07-17 20:58:26,011] {taskinstance.py:1357} INFO - Starting attempt 1 of 1
[2023-07-17 20:58:26,012] {taskinstance.py:1358} INFO - 
--------------------------------------------------------------------------------
[2023-07-17 20:58:26,026] {taskinstance.py:1377} INFO - Executing <Task(_PythonDecoratedOperator): TSLA> on 2023-05-13 00:00:00+00:00
[2023-07-17 20:58:26,035] {standard_task_runner.py:52} INFO - Started process 17333 to run task
[2023-07-17 20:58:26,040] {standard_task_runner.py:79} INFO - Running: ['airflow', 'tasks', 'run', 'get_stocks_dag', 'TSLA', 'scheduled__2023-05-13T00:00:00+00:00', '--job-id', '527', '--raw', '--subdir', 'DAGS_FOLDER/get_stocks.py', '--cfg-path', '/tmp/tmpx0o3m712', '--error-file', '/tmp/tmpoy5spda8']
[2023-07-17 20:58:26,041] {standard_task_runner.py:80} INFO - Job 527: Subtask TSLA
[2023-07-17 20:58:26,192] {task_command.py:370} INFO - Running <TaskInstance: get_stocks_dag.TSLA scheduled__2023-05-13T00:00:00+00:00 [running]> on host lucas-Estudos
[2023-07-17 20:58:26,423] {taskinstance.py:1569} INFO - Exporting the following env vars:
AIRFLOW_CTX_DAG_OWNER=airflow
AIRFLOW_CTX_DAG_ID=get_stocks_dag
AIRFLOW_CTX_TASK_ID=TSLA
AIRFLOW_CTX_EXECUTION_DATE=2023-05-13T00:00:00+00:00
AIRFLOW_CTX_TRY_NUMBER=1
AIRFLOW_CTX_DAG_RUN_ID=scheduled__2023-05-13T00:00:00+00:00
[2023-07-17 20:58:37,613] {python.py:173} INFO - Done. Returned value was: None
[2023-07-17 20:58:37,664] {taskinstance.py:1395} INFO - Marking task as SUCCESS. dag_id=get_stocks_dag, task_id=TSLA, execution_date=20230513T000000, start_date=20230717T235826, end_date=20230717T235837
[2023-07-17 20:58:37,731] {local_task_job.py:156} INFO - Task exited with return code 0
[2023-07-17 20:58:37,837] {local_task_job.py:273} INFO - 0 downstream tasks scheduled from follow-on schedule check
[2023-07-17 21:57:47,696] {taskinstance.py:1159} INFO - Dependencies all met for <TaskInstance: get_stocks_dag.TSLA scheduled__2023-05-13T00:00:00+00:00 [queued]>
[2023-07-17 21:57:47,709] {taskinstance.py:1159} INFO - Dependencies all met for <TaskInstance: get_stocks_dag.TSLA scheduled__2023-05-13T00:00:00+00:00 [queued]>
[2023-07-17 21:57:47,709] {taskinstance.py:1356} INFO - 
--------------------------------------------------------------------------------
[2023-07-17 21:57:47,710] {taskinstance.py:1357} INFO - Starting attempt 1 of 1
[2023-07-17 21:57:47,710] {taskinstance.py:1358} INFO - 
--------------------------------------------------------------------------------
[2023-07-17 21:57:47,728] {taskinstance.py:1377} INFO - Executing <Task(_PythonDecoratedOperator): TSLA> on 2023-05-13 00:00:00+00:00
[2023-07-17 21:57:47,737] {standard_task_runner.py:52} INFO - Started process 53480 to run task
[2023-07-17 21:57:47,744] {standard_task_runner.py:79} INFO - Running: ['airflow', 'tasks', 'run', 'get_stocks_dag', 'TSLA', 'scheduled__2023-05-13T00:00:00+00:00', '--job-id', '790', '--raw', '--subdir', 'DAGS_FOLDER/get_stocks.py', '--cfg-path', '/tmp/tmpfxpcevbk', '--error-file', '/tmp/tmpjmh5aipq']
[2023-07-17 21:57:47,745] {standard_task_runner.py:80} INFO - Job 790: Subtask TSLA
[2023-07-17 21:57:47,851] {task_command.py:370} INFO - Running <TaskInstance: get_stocks_dag.TSLA scheduled__2023-05-13T00:00:00+00:00 [running]> on host lucas-Estudos
[2023-07-17 21:57:47,963] {taskinstance.py:1569} INFO - Exporting the following env vars:
AIRFLOW_CTX_DAG_OWNER=airflow
AIRFLOW_CTX_DAG_ID=get_stocks_dag
AIRFLOW_CTX_TASK_ID=TSLA
AIRFLOW_CTX_EXECUTION_DATE=2023-05-13T00:00:00+00:00
AIRFLOW_CTX_TRY_NUMBER=1
AIRFLOW_CTX_DAG_RUN_ID=scheduled__2023-05-13T00:00:00+00:00
[2023-07-17 21:57:50,703] {python.py:173} INFO - Done. Returned value was: None
[2023-07-17 21:57:50,754] {taskinstance.py:1395} INFO - Marking task as SUCCESS. dag_id=get_stocks_dag, task_id=TSLA, execution_date=20230513T000000, start_date=20230718T005747, end_date=20230718T005750
[2023-07-17 21:57:50,815] {local_task_job.py:156} INFO - Task exited with return code 0
[2023-07-17 21:57:50,936] {local_task_job.py:273} INFO - 0 downstream tasks scheduled from follow-on schedule check
[2023-07-18 10:30:42,301] {taskinstance.py:1159} INFO - Dependencies all met for <TaskInstance: get_stocks_dag.TSLA scheduled__2023-05-13T00:00:00+00:00 [queued]>
[2023-07-18 10:30:42,326] {taskinstance.py:1159} INFO - Dependencies all met for <TaskInstance: get_stocks_dag.TSLA scheduled__2023-05-13T00:00:00+00:00 [queued]>
[2023-07-18 10:30:42,327] {taskinstance.py:1356} INFO - 
--------------------------------------------------------------------------------
[2023-07-18 10:30:42,327] {taskinstance.py:1357} INFO - Starting attempt 1 of 1
[2023-07-18 10:30:42,327] {taskinstance.py:1358} INFO - 
--------------------------------------------------------------------------------
[2023-07-18 10:30:42,356] {taskinstance.py:1377} INFO - Executing <Task(_PythonDecoratedOperator): TSLA> on 2023-05-13 00:00:00+00:00
[2023-07-18 10:30:42,365] {standard_task_runner.py:52} INFO - Started process 12673 to run task
[2023-07-18 10:30:42,373] {standard_task_runner.py:79} INFO - Running: ['airflow', 'tasks', 'run', 'get_stocks_dag', 'TSLA', 'scheduled__2023-05-13T00:00:00+00:00', '--job-id', '1240', '--raw', '--subdir', 'DAGS_FOLDER/get_stocks.py', '--cfg-path', '/tmp/tmp2d5apkae', '--error-file', '/tmp/tmp3hx6a36v']
[2023-07-18 10:30:42,375] {standard_task_runner.py:80} INFO - Job 1240: Subtask TSLA
[2023-07-18 10:30:42,493] {task_command.py:370} INFO - Running <TaskInstance: get_stocks_dag.TSLA scheduled__2023-05-13T00:00:00+00:00 [running]> on host lucas-Estudos
[2023-07-18 10:30:42,552] {taskinstance.py:1569} INFO - Exporting the following env vars:
AIRFLOW_CTX_DAG_OWNER=airflow
AIRFLOW_CTX_DAG_ID=get_stocks_dag
AIRFLOW_CTX_TASK_ID=TSLA
AIRFLOW_CTX_EXECUTION_DATE=2023-05-13T00:00:00+00:00
AIRFLOW_CTX_TRY_NUMBER=1
AIRFLOW_CTX_DAG_RUN_ID=scheduled__2023-05-13T00:00:00+00:00
[2023-07-18 10:30:44,139] {python.py:173} INFO - Done. Returned value was: None
[2023-07-18 10:30:44,155] {taskinstance.py:1395} INFO - Marking task as SUCCESS. dag_id=get_stocks_dag, task_id=TSLA, execution_date=20230513T000000, start_date=20230718T133042, end_date=20230718T133044
[2023-07-18 10:30:44,190] {local_task_job.py:156} INFO - Task exited with return code 0
[2023-07-18 10:30:44,223] {local_task_job.py:273} INFO - 0 downstream tasks scheduled from follow-on schedule check
