[2023-07-17 22:16:29,615] {taskinstance.py:1159} INFO - Dependencies all met for <TaskInstance: get_crypto_dag.BTC scheduled__2023-06-16T00:00:00+00:00 [queued]>
[2023-07-17 22:16:29,649] {taskinstance.py:1159} INFO - Dependencies all met for <TaskInstance: get_crypto_dag.BTC scheduled__2023-06-16T00:00:00+00:00 [queued]>
[2023-07-17 22:16:29,650] {taskinstance.py:1356} INFO - 
--------------------------------------------------------------------------------
[2023-07-17 22:16:29,650] {taskinstance.py:1357} INFO - Starting attempt 1 of 1
[2023-07-17 22:16:29,651] {taskinstance.py:1358} INFO - 
--------------------------------------------------------------------------------
[2023-07-17 22:16:29,686] {taskinstance.py:1377} INFO - Executing <Task(_PythonDecoratedOperator): BTC> on 2023-06-16 00:00:00+00:00
[2023-07-17 22:16:29,698] {standard_task_runner.py:52} INFO - Started process 91444 to run task
[2023-07-17 22:16:29,705] {standard_task_runner.py:79} INFO - Running: ['airflow', 'tasks', 'run', 'get_crypto_dag', 'BTC', 'scheduled__2023-06-16T00:00:00+00:00', '--job-id', '1068', '--raw', '--subdir', 'DAGS_FOLDER/get_crypto.py', '--cfg-path', '/tmp/tmp6otzlcnd', '--error-file', '/tmp/tmpuns_0294']
[2023-07-17 22:16:29,707] {standard_task_runner.py:80} INFO - Job 1068: Subtask BTC
[2023-07-17 22:16:29,906] {task_command.py:370} INFO - Running <TaskInstance: get_crypto_dag.BTC scheduled__2023-06-16T00:00:00+00:00 [running]> on host lucas-Estudos
[2023-07-17 22:16:30,139] {taskinstance.py:1569} INFO - Exporting the following env vars:
AIRFLOW_CTX_DAG_OWNER=airflow
AIRFLOW_CTX_DAG_ID=get_crypto_dag
AIRFLOW_CTX_TASK_ID=BTC
AIRFLOW_CTX_EXECUTION_DATE=2023-06-16T00:00:00+00:00
AIRFLOW_CTX_TRY_NUMBER=1
AIRFLOW_CTX_DAG_RUN_ID=scheduled__2023-06-16T00:00:00+00:00
[2023-07-17 22:16:31,644] {base.py:297} ERROR - BTC: No price data found, symbol may be delisted (1h 2023-06-15 -> 2023-06-16)
[2023-07-17 22:16:31,648] {python.py:173} INFO - Done. Returned value was: None
[2023-07-17 22:16:31,695] {taskinstance.py:1395} INFO - Marking task as SUCCESS. dag_id=get_crypto_dag, task_id=BTC, execution_date=20230616T000000, start_date=20230718T011629, end_date=20230718T011631
[2023-07-17 22:16:31,765] {local_task_job.py:156} INFO - Task exited with return code 0
[2023-07-17 22:16:31,894] {local_task_job.py:273} INFO - 0 downstream tasks scheduled from follow-on schedule check
[2023-07-18 10:55:38,854] {taskinstance.py:1159} INFO - Dependencies all met for <TaskInstance: get_crypto_dag.BTC scheduled__2023-06-16T00:00:00+00:00 [queued]>
[2023-07-18 10:55:38,875] {taskinstance.py:1159} INFO - Dependencies all met for <TaskInstance: get_crypto_dag.BTC scheduled__2023-06-16T00:00:00+00:00 [queued]>
[2023-07-18 10:55:38,875] {taskinstance.py:1356} INFO - 
--------------------------------------------------------------------------------
[2023-07-18 10:55:38,875] {taskinstance.py:1357} INFO - Starting attempt 1 of 1
[2023-07-18 10:55:38,875] {taskinstance.py:1358} INFO - 
--------------------------------------------------------------------------------
[2023-07-18 10:55:38,900] {taskinstance.py:1377} INFO - Executing <Task(_PythonDecoratedOperator): BTC> on 2023-06-16 00:00:00+00:00
[2023-07-18 10:55:38,909] {standard_task_runner.py:52} INFO - Started process 21586 to run task
[2023-07-18 10:55:38,916] {standard_task_runner.py:79} INFO - Running: ['airflow', 'tasks', 'run', 'get_crypto_dag', 'BTC', 'scheduled__2023-06-16T00:00:00+00:00', '--job-id', '1469', '--raw', '--subdir', 'DAGS_FOLDER/get_crypto.py', '--cfg-path', '/tmp/tmpp9qt1rmq', '--error-file', '/tmp/tmp8nv9tia1']
[2023-07-18 10:55:38,918] {standard_task_runner.py:80} INFO - Job 1469: Subtask BTC
[2023-07-18 10:55:39,088] {task_command.py:370} INFO - Running <TaskInstance: get_crypto_dag.BTC scheduled__2023-06-16T00:00:00+00:00 [running]> on host lucas-Estudos
[2023-07-18 10:55:39,291] {taskinstance.py:1569} INFO - Exporting the following env vars:
AIRFLOW_CTX_DAG_OWNER=airflow
AIRFLOW_CTX_DAG_ID=get_crypto_dag
AIRFLOW_CTX_TASK_ID=BTC
AIRFLOW_CTX_EXECUTION_DATE=2023-06-16T00:00:00+00:00
AIRFLOW_CTX_TRY_NUMBER=1
AIRFLOW_CTX_DAG_RUN_ID=scheduled__2023-06-16T00:00:00+00:00
[2023-07-18 10:55:42,937] {base.py:280} ERROR - BTC: No price data found, symbol may be delisted (1h 2023-06-15 -> 2023-06-16)
[2023-07-18 10:55:42,943] {python.py:173} INFO - Done. Returned value was: None
[2023-07-18 10:55:42,993] {taskinstance.py:1395} INFO - Marking task as SUCCESS. dag_id=get_crypto_dag, task_id=BTC, execution_date=20230616T000000, start_date=20230718T135538, end_date=20230718T135542
[2023-07-18 10:55:43,065] {local_task_job.py:156} INFO - Task exited with return code 0
[2023-07-18 10:55:43,174] {local_task_job.py:273} INFO - 0 downstream tasks scheduled from follow-on schedule check
