[2023-07-17 14:54:53,243] {taskinstance.py:1159} INFO - Dependencies all met for <TaskInstance: get_stocks_dag.AAPL scheduled__2023-07-14T00:00:00+00:00 [queued]>
[2023-07-17 14:54:53,249] {taskinstance.py:1159} INFO - Dependencies all met for <TaskInstance: get_stocks_dag.AAPL scheduled__2023-07-14T00:00:00+00:00 [queued]>
[2023-07-17 14:54:53,249] {taskinstance.py:1356} INFO - 
--------------------------------------------------------------------------------
[2023-07-17 14:54:53,249] {taskinstance.py:1357} INFO - Starting attempt 1 of 1
[2023-07-17 14:54:53,249] {taskinstance.py:1358} INFO - 
--------------------------------------------------------------------------------
[2023-07-17 14:54:53,262] {taskinstance.py:1377} INFO - Executing <Task(_PythonDecoratedOperator): AAPL> on 2023-07-14 00:00:00+00:00
[2023-07-17 14:54:53,267] {standard_task_runner.py:52} INFO - Started process 25260 to run task
[2023-07-17 14:54:53,269] {standard_task_runner.py:79} INFO - Running: ['airflow', 'tasks', 'run', 'get_stocks_dag', 'AAPL', 'scheduled__2023-07-14T00:00:00+00:00', '--job-id', '19', '--raw', '--subdir', 'DAGS_FOLDER/get_stocks.py', '--cfg-path', '/tmp/tmp9ziarr_y', '--error-file', '/tmp/tmpwj7jttpv']
[2023-07-17 14:54:53,270] {standard_task_runner.py:80} INFO - Job 19: Subtask AAPL
[2023-07-17 14:54:53,305] {task_command.py:370} INFO - Running <TaskInstance: get_stocks_dag.AAPL scheduled__2023-07-14T00:00:00+00:00 [running]> on host lucas-Estudos
[2023-07-17 14:54:53,356] {taskinstance.py:1569} INFO - Exporting the following env vars:
AIRFLOW_CTX_DAG_OWNER=airflow
AIRFLOW_CTX_DAG_ID=get_stocks_dag
AIRFLOW_CTX_TASK_ID=AAPL
AIRFLOW_CTX_EXECUTION_DATE=2023-07-14T00:00:00+00:00
AIRFLOW_CTX_TRY_NUMBER=1
AIRFLOW_CTX_DAG_RUN_ID=scheduled__2023-07-14T00:00:00+00:00
[2023-07-17 14:54:53,944] {python.py:173} INFO - Done. Returned value was: None
[2023-07-17 14:54:53,957] {taskinstance.py:1395} INFO - Marking task as SUCCESS. dag_id=get_stocks_dag, task_id=AAPL, execution_date=20230714T000000, start_date=20230717T175453, end_date=20230717T175453
[2023-07-17 14:54:54,004] {local_task_job.py:156} INFO - Task exited with return code 0
[2023-07-17 14:54:54,043] {local_task_job.py:273} INFO - 0 downstream tasks scheduled from follow-on schedule check
[2023-07-17 16:07:06,952] {taskinstance.py:1159} INFO - Dependencies all met for <TaskInstance: get_stocks_dag.AAPL scheduled__2023-07-14T00:00:00+00:00 [queued]>
[2023-07-17 16:07:07,039] {taskinstance.py:1159} INFO - Dependencies all met for <TaskInstance: get_stocks_dag.AAPL scheduled__2023-07-14T00:00:00+00:00 [queued]>
[2023-07-17 16:07:07,042] {taskinstance.py:1356} INFO - 
--------------------------------------------------------------------------------
[2023-07-17 16:07:07,043] {taskinstance.py:1357} INFO - Starting attempt 1 of 1
[2023-07-17 16:07:07,043] {taskinstance.py:1358} INFO - 
--------------------------------------------------------------------------------
[2023-07-17 16:07:07,128] {taskinstance.py:1377} INFO - Executing <Task(_PythonDecoratedOperator): AAPL> on 2023-07-14 00:00:00+00:00
[2023-07-17 16:07:07,145] {standard_task_runner.py:52} INFO - Started process 26296 to run task
[2023-07-17 16:07:07,176] {standard_task_runner.py:79} INFO - Running: ['airflow', 'tasks', 'run', 'get_stocks_dag', 'AAPL', 'scheduled__2023-07-14T00:00:00+00:00', '--job-id', '18', '--raw', '--subdir', 'DAGS_FOLDER/get_stocks.py', '--cfg-path', '/tmp/tmpd3nvfh4c', '--error-file', '/tmp/tmpf69yn26a']
[2023-07-17 16:07:07,177] {standard_task_runner.py:80} INFO - Job 18: Subtask AAPL
[2023-07-17 16:07:07,514] {task_command.py:370} INFO - Running <TaskInstance: get_stocks_dag.AAPL scheduled__2023-07-14T00:00:00+00:00 [running]> on host lucas-Estudos
[2023-07-17 16:07:07,857] {taskinstance.py:1569} INFO - Exporting the following env vars:
AIRFLOW_CTX_DAG_OWNER=airflow
AIRFLOW_CTX_DAG_ID=get_stocks_dag
AIRFLOW_CTX_TASK_ID=AAPL
AIRFLOW_CTX_EXECUTION_DATE=2023-07-14T00:00:00+00:00
AIRFLOW_CTX_TRY_NUMBER=1
AIRFLOW_CTX_DAG_RUN_ID=scheduled__2023-07-14T00:00:00+00:00
[2023-07-17 16:07:08,531] {python.py:173} INFO - Done. Returned value was: None
[2023-07-17 16:07:08,564] {taskinstance.py:1395} INFO - Marking task as SUCCESS. dag_id=get_stocks_dag, task_id=AAPL, execution_date=20230714T000000, start_date=20230717T190706, end_date=20230717T190708
[2023-07-17 16:07:08,605] {local_task_job.py:156} INFO - Task exited with return code 0
[2023-07-17 16:07:08,697] {local_task_job.py:273} INFO - 0 downstream tasks scheduled from follow-on schedule check
[2023-07-17 16:23:52,042] {taskinstance.py:1159} INFO - Dependencies all met for <TaskInstance: get_stocks_dag.AAPL scheduled__2023-07-14T00:00:00+00:00 [queued]>
[2023-07-17 16:23:52,058] {taskinstance.py:1159} INFO - Dependencies all met for <TaskInstance: get_stocks_dag.AAPL scheduled__2023-07-14T00:00:00+00:00 [queued]>
[2023-07-17 16:23:52,059] {taskinstance.py:1356} INFO - 
--------------------------------------------------------------------------------
[2023-07-17 16:23:52,059] {taskinstance.py:1357} INFO - Starting attempt 1 of 1
[2023-07-17 16:23:52,059] {taskinstance.py:1358} INFO - 
--------------------------------------------------------------------------------
[2023-07-17 16:23:52,087] {taskinstance.py:1377} INFO - Executing <Task(_PythonDecoratedOperator): AAPL> on 2023-07-14 00:00:00+00:00
[2023-07-17 16:23:52,096] {standard_task_runner.py:52} INFO - Started process 12920 to run task
[2023-07-17 16:23:52,113] {standard_task_runner.py:79} INFO - Running: ['airflow', 'tasks', 'run', 'get_stocks_dag', 'AAPL', 'scheduled__2023-07-14T00:00:00+00:00', '--job-id', '269', '--raw', '--subdir', 'DAGS_FOLDER/get_stocks.py', '--cfg-path', '/tmp/tmp3j_8bt8t', '--error-file', '/tmp/tmp8eerof9d']
[2023-07-17 16:23:52,114] {standard_task_runner.py:80} INFO - Job 269: Subtask AAPL
[2023-07-17 16:23:52,261] {task_command.py:370} INFO - Running <TaskInstance: get_stocks_dag.AAPL scheduled__2023-07-14T00:00:00+00:00 [running]> on host lucas-Estudos
[2023-07-17 16:23:52,424] {taskinstance.py:1569} INFO - Exporting the following env vars:
AIRFLOW_CTX_DAG_OWNER=airflow
AIRFLOW_CTX_DAG_ID=get_stocks_dag
AIRFLOW_CTX_TASK_ID=AAPL
AIRFLOW_CTX_EXECUTION_DATE=2023-07-14T00:00:00+00:00
AIRFLOW_CTX_TRY_NUMBER=1
AIRFLOW_CTX_DAG_RUN_ID=scheduled__2023-07-14T00:00:00+00:00
[2023-07-17 16:23:52,881] {python.py:173} INFO - Done. Returned value was: None
[2023-07-17 16:23:52,935] {taskinstance.py:1395} INFO - Marking task as SUCCESS. dag_id=get_stocks_dag, task_id=AAPL, execution_date=20230714T000000, start_date=20230717T192352, end_date=20230717T192352
[2023-07-17 16:23:53,001] {local_task_job.py:156} INFO - Task exited with return code 0
[2023-07-17 16:23:53,093] {local_task_job.py:273} INFO - 0 downstream tasks scheduled from follow-on schedule check
[2023-07-17 16:55:13,412] {taskinstance.py:1159} INFO - Dependencies all met for <TaskInstance: get_stocks_dag.AAPL scheduled__2023-07-14T00:00:00+00:00 [queued]>
[2023-07-17 16:55:13,425] {taskinstance.py:1159} INFO - Dependencies all met for <TaskInstance: get_stocks_dag.AAPL scheduled__2023-07-14T00:00:00+00:00 [queued]>
[2023-07-17 16:55:13,425] {taskinstance.py:1356} INFO - 
--------------------------------------------------------------------------------
[2023-07-17 16:55:13,425] {taskinstance.py:1357} INFO - Starting attempt 1 of 1
[2023-07-17 16:55:13,425] {taskinstance.py:1358} INFO - 
--------------------------------------------------------------------------------
[2023-07-17 16:55:13,462] {taskinstance.py:1377} INFO - Executing <Task(_PythonDecoratedOperator): AAPL> on 2023-07-14 00:00:00+00:00
[2023-07-17 16:55:13,474] {standard_task_runner.py:52} INFO - Started process 25801 to run task
[2023-07-17 16:55:13,477] {standard_task_runner.py:79} INFO - Running: ['airflow', 'tasks', 'run', 'get_stocks_dag', 'AAPL', 'scheduled__2023-07-14T00:00:00+00:00', '--job-id', '484', '--raw', '--subdir', 'DAGS_FOLDER/get_stocks.py', '--cfg-path', '/tmp/tmpt5ty5d6f', '--error-file', '/tmp/tmp_n5k_16l']
[2023-07-17 16:55:13,478] {standard_task_runner.py:80} INFO - Job 484: Subtask AAPL
[2023-07-17 16:55:13,610] {task_command.py:370} INFO - Running <TaskInstance: get_stocks_dag.AAPL scheduled__2023-07-14T00:00:00+00:00 [running]> on host lucas-Estudos
[2023-07-17 16:55:13,761] {taskinstance.py:1569} INFO - Exporting the following env vars:
AIRFLOW_CTX_DAG_OWNER=airflow
AIRFLOW_CTX_DAG_ID=get_stocks_dag
AIRFLOW_CTX_TASK_ID=AAPL
AIRFLOW_CTX_EXECUTION_DATE=2023-07-14T00:00:00+00:00
AIRFLOW_CTX_TRY_NUMBER=1
AIRFLOW_CTX_DAG_RUN_ID=scheduled__2023-07-14T00:00:00+00:00
[2023-07-17 16:55:14,244] {python.py:173} INFO - Done. Returned value was: None
[2023-07-17 16:55:14,269] {taskinstance.py:1395} INFO - Marking task as SUCCESS. dag_id=get_stocks_dag, task_id=AAPL, execution_date=20230714T000000, start_date=20230717T195513, end_date=20230717T195514
[2023-07-17 16:55:14,304] {local_task_job.py:156} INFO - Task exited with return code 0
[2023-07-17 16:55:14,365] {local_task_job.py:273} INFO - 0 downstream tasks scheduled from follow-on schedule check
[2023-07-17 21:10:12,546] {taskinstance.py:1159} INFO - Dependencies all met for <TaskInstance: get_stocks_dag.AAPL scheduled__2023-07-14T00:00:00+00:00 [queued]>
[2023-07-17 21:10:12,567] {taskinstance.py:1159} INFO - Dependencies all met for <TaskInstance: get_stocks_dag.AAPL scheduled__2023-07-14T00:00:00+00:00 [queued]>
[2023-07-17 21:10:12,567] {taskinstance.py:1356} INFO - 
--------------------------------------------------------------------------------
[2023-07-17 21:10:12,567] {taskinstance.py:1357} INFO - Starting attempt 1 of 1
[2023-07-17 21:10:12,567] {taskinstance.py:1358} INFO - 
--------------------------------------------------------------------------------
[2023-07-17 21:10:12,592] {taskinstance.py:1377} INFO - Executing <Task(_PythonDecoratedOperator): AAPL> on 2023-07-14 00:00:00+00:00
[2023-07-17 21:10:12,601] {standard_task_runner.py:52} INFO - Started process 38378 to run task
[2023-07-17 21:10:12,607] {standard_task_runner.py:79} INFO - Running: ['airflow', 'tasks', 'run', 'get_stocks_dag', 'AAPL', 'scheduled__2023-07-14T00:00:00+00:00', '--job-id', '701', '--raw', '--subdir', 'DAGS_FOLDER/get_stocks.py', '--cfg-path', '/tmp/tmpotlsenlq', '--error-file', '/tmp/tmp5u0qfneq']
[2023-07-17 21:10:12,609] {standard_task_runner.py:80} INFO - Job 701: Subtask AAPL
[2023-07-17 21:10:12,774] {task_command.py:370} INFO - Running <TaskInstance: get_stocks_dag.AAPL scheduled__2023-07-14T00:00:00+00:00 [running]> on host lucas-Estudos
[2023-07-17 21:10:12,975] {taskinstance.py:1569} INFO - Exporting the following env vars:
AIRFLOW_CTX_DAG_OWNER=airflow
AIRFLOW_CTX_DAG_ID=get_stocks_dag
AIRFLOW_CTX_TASK_ID=AAPL
AIRFLOW_CTX_EXECUTION_DATE=2023-07-14T00:00:00+00:00
AIRFLOW_CTX_TRY_NUMBER=1
AIRFLOW_CTX_DAG_RUN_ID=scheduled__2023-07-14T00:00:00+00:00
[2023-07-17 21:10:26,653] {python.py:173} INFO - Done. Returned value was: None
[2023-07-17 21:10:26,707] {taskinstance.py:1395} INFO - Marking task as SUCCESS. dag_id=get_stocks_dag, task_id=AAPL, execution_date=20230714T000000, start_date=20230718T001012, end_date=20230718T001026
[2023-07-17 21:10:26,762] {local_task_job.py:156} INFO - Task exited with return code 0
[2023-07-17 21:10:26,870] {local_task_job.py:273} INFO - 0 downstream tasks scheduled from follow-on schedule check
[2023-07-17 22:21:29,785] {taskinstance.py:1159} INFO - Dependencies all met for <TaskInstance: get_stocks_dag.AAPL scheduled__2023-07-14T00:00:00+00:00 [queued]>
[2023-07-17 22:21:29,799] {taskinstance.py:1159} INFO - Dependencies all met for <TaskInstance: get_stocks_dag.AAPL scheduled__2023-07-14T00:00:00+00:00 [queued]>
[2023-07-17 22:21:29,799] {taskinstance.py:1356} INFO - 
--------------------------------------------------------------------------------
[2023-07-17 22:21:29,800] {taskinstance.py:1357} INFO - Starting attempt 1 of 1
[2023-07-17 22:21:29,800] {taskinstance.py:1358} INFO - 
--------------------------------------------------------------------------------
[2023-07-17 22:21:29,815] {taskinstance.py:1377} INFO - Executing <Task(_PythonDecoratedOperator): AAPL> on 2023-07-14 00:00:00+00:00
[2023-07-17 22:21:29,820] {standard_task_runner.py:52} INFO - Started process 101563 to run task
[2023-07-17 22:21:29,823] {standard_task_runner.py:79} INFO - Running: ['airflow', 'tasks', 'run', 'get_stocks_dag', 'AAPL', 'scheduled__2023-07-14T00:00:00+00:00', '--job-id', '1139', '--raw', '--subdir', 'DAGS_FOLDER/get_stocks.py', '--cfg-path', '/tmp/tmprpw0am9y', '--error-file', '/tmp/tmpx4paeftk']
[2023-07-17 22:21:29,824] {standard_task_runner.py:80} INFO - Job 1139: Subtask AAPL
[2023-07-17 22:21:29,950] {task_command.py:370} INFO - Running <TaskInstance: get_stocks_dag.AAPL scheduled__2023-07-14T00:00:00+00:00 [running]> on host lucas-Estudos
[2023-07-17 22:21:30,187] {taskinstance.py:1569} INFO - Exporting the following env vars:
AIRFLOW_CTX_DAG_OWNER=airflow
AIRFLOW_CTX_DAG_ID=get_stocks_dag
AIRFLOW_CTX_TASK_ID=AAPL
AIRFLOW_CTX_EXECUTION_DATE=2023-07-14T00:00:00+00:00
AIRFLOW_CTX_TRY_NUMBER=1
AIRFLOW_CTX_DAG_RUN_ID=scheduled__2023-07-14T00:00:00+00:00
[2023-07-17 22:21:30,942] {python.py:173} INFO - Done. Returned value was: None
[2023-07-17 22:21:30,999] {taskinstance.py:1395} INFO - Marking task as SUCCESS. dag_id=get_stocks_dag, task_id=AAPL, execution_date=20230714T000000, start_date=20230718T012129, end_date=20230718T012130
[2023-07-17 22:21:31,080] {local_task_job.py:156} INFO - Task exited with return code 0
[2023-07-17 22:21:31,209] {local_task_job.py:273} INFO - 0 downstream tasks scheduled from follow-on schedule check
