[2023-07-17 22:05:42,925] {taskinstance.py:1159} INFO - Dependencies all met for <TaskInstance: get_crypto_dag.DOGE scheduled__2023-05-26T00:00:00+00:00 [queued]>
[2023-07-17 22:05:42,936] {taskinstance.py:1159} INFO - Dependencies all met for <TaskInstance: get_crypto_dag.DOGE scheduled__2023-05-26T00:00:00+00:00 [queued]>
[2023-07-17 22:05:42,936] {taskinstance.py:1356} INFO - 
--------------------------------------------------------------------------------
[2023-07-17 22:05:42,936] {taskinstance.py:1357} INFO - Starting attempt 1 of 1
[2023-07-17 22:05:42,937] {taskinstance.py:1358} INFO - 
--------------------------------------------------------------------------------
[2023-07-17 22:05:42,956] {taskinstance.py:1377} INFO - Executing <Task(_PythonDecoratedOperator): DOGE> on 2023-05-26 00:00:00+00:00
[2023-07-17 22:05:42,961] {standard_task_runner.py:52} INFO - Started process 69631 to run task
[2023-07-17 22:05:42,963] {standard_task_runner.py:79} INFO - Running: ['airflow', 'tasks', 'run', 'get_crypto_dag', 'DOGE', 'scheduled__2023-05-26T00:00:00+00:00', '--job-id', '908', '--raw', '--subdir', 'DAGS_FOLDER/get_crypto.py', '--cfg-path', '/tmp/tmpz7d7rw76', '--error-file', '/tmp/tmpfyaqq3jj']
[2023-07-17 22:05:42,964] {standard_task_runner.py:80} INFO - Job 908: Subtask DOGE
[2023-07-17 22:05:43,029] {task_command.py:370} INFO - Running <TaskInstance: get_crypto_dag.DOGE scheduled__2023-05-26T00:00:00+00:00 [running]> on host lucas-Estudos
[2023-07-17 22:05:43,158] {taskinstance.py:1569} INFO - Exporting the following env vars:
AIRFLOW_CTX_DAG_OWNER=airflow
AIRFLOW_CTX_DAG_ID=get_crypto_dag
AIRFLOW_CTX_TASK_ID=DOGE
AIRFLOW_CTX_EXECUTION_DATE=2023-05-26T00:00:00+00:00
AIRFLOW_CTX_TRY_NUMBER=1
AIRFLOW_CTX_DAG_RUN_ID=scheduled__2023-05-26T00:00:00+00:00
[2023-07-17 22:05:46,820] {base.py:162} ERROR - DOGE: No timezone found, symbol may be delisted
[2023-07-17 22:05:46,832] {python.py:173} INFO - Done. Returned value was: None
[2023-07-17 22:05:46,893] {taskinstance.py:1395} INFO - Marking task as SUCCESS. dag_id=get_crypto_dag, task_id=DOGE, execution_date=20230526T000000, start_date=20230718T010542, end_date=20230718T010546
[2023-07-17 22:05:46,954] {local_task_job.py:156} INFO - Task exited with return code 0
[2023-07-17 22:05:47,151] {local_task_job.py:273} INFO - 0 downstream tasks scheduled from follow-on schedule check
[2023-07-18 10:40:32,959] {taskinstance.py:1159} INFO - Dependencies all met for <TaskInstance: get_crypto_dag.DOGE scheduled__2023-05-26T00:00:00+00:00 [queued]>
[2023-07-18 10:40:32,969] {taskinstance.py:1159} INFO - Dependencies all met for <TaskInstance: get_crypto_dag.DOGE scheduled__2023-05-26T00:00:00+00:00 [queued]>
[2023-07-18 10:40:32,969] {taskinstance.py:1356} INFO - 
--------------------------------------------------------------------------------
[2023-07-18 10:40:32,969] {taskinstance.py:1357} INFO - Starting attempt 1 of 1
[2023-07-18 10:40:32,969] {taskinstance.py:1358} INFO - 
--------------------------------------------------------------------------------
[2023-07-18 10:40:32,979] {taskinstance.py:1377} INFO - Executing <Task(_PythonDecoratedOperator): DOGE> on 2023-05-26 00:00:00+00:00
[2023-07-18 10:40:32,983] {standard_task_runner.py:52} INFO - Started process 15453 to run task
[2023-07-18 10:40:32,986] {standard_task_runner.py:79} INFO - Running: ['airflow', 'tasks', 'run', 'get_crypto_dag', 'DOGE', 'scheduled__2023-05-26T00:00:00+00:00', '--job-id', '1330', '--raw', '--subdir', 'DAGS_FOLDER/get_crypto.py', '--cfg-path', '/tmp/tmpmwxa0oer', '--error-file', '/tmp/tmp0v98ptfz']
[2023-07-18 10:40:32,987] {standard_task_runner.py:80} INFO - Job 1330: Subtask DOGE
[2023-07-18 10:40:33,062] {task_command.py:370} INFO - Running <TaskInstance: get_crypto_dag.DOGE scheduled__2023-05-26T00:00:00+00:00 [running]> on host lucas-Estudos
[2023-07-18 10:40:33,176] {taskinstance.py:1569} INFO - Exporting the following env vars:
AIRFLOW_CTX_DAG_OWNER=airflow
AIRFLOW_CTX_DAG_ID=get_crypto_dag
AIRFLOW_CTX_TASK_ID=DOGE
AIRFLOW_CTX_EXECUTION_DATE=2023-05-26T00:00:00+00:00
AIRFLOW_CTX_TRY_NUMBER=1
AIRFLOW_CTX_DAG_RUN_ID=scheduled__2023-05-26T00:00:00+00:00
[2023-07-18 10:40:33,780] {base.py:162} ERROR - DOGE: No timezone found, symbol may be delisted
[2023-07-18 10:40:33,789] {python.py:173} INFO - Done. Returned value was: None
[2023-07-18 10:40:33,848] {taskinstance.py:1395} INFO - Marking task as SUCCESS. dag_id=get_crypto_dag, task_id=DOGE, execution_date=20230526T000000, start_date=20230718T134032, end_date=20230718T134033
[2023-07-18 10:40:33,921] {local_task_job.py:156} INFO - Task exited with return code 0
[2023-07-18 10:40:33,965] {local_task_job.py:273} INFO - 0 downstream tasks scheduled from follow-on schedule check
