[2023-07-17 21:57:12,434] {taskinstance.py:1159} INFO - Dependencies all met for <TaskInstance: get_crypto_dag.ETH scheduled__2023-05-10T00:00:00+00:00 [queued]>
[2023-07-17 21:57:12,448] {taskinstance.py:1159} INFO - Dependencies all met for <TaskInstance: get_crypto_dag.ETH scheduled__2023-05-10T00:00:00+00:00 [queued]>
[2023-07-17 21:57:12,448] {taskinstance.py:1356} INFO - 
--------------------------------------------------------------------------------
[2023-07-17 21:57:12,448] {taskinstance.py:1357} INFO - Starting attempt 1 of 1
[2023-07-17 21:57:12,448] {taskinstance.py:1358} INFO - 
--------------------------------------------------------------------------------
[2023-07-17 21:57:12,467] {taskinstance.py:1377} INFO - Executing <Task(_PythonDecoratedOperator): ETH> on 2023-05-10 00:00:00+00:00
[2023-07-17 21:57:12,475] {standard_task_runner.py:52} INFO - Started process 52281 to run task
[2023-07-17 21:57:12,479] {standard_task_runner.py:79} INFO - Running: ['airflow', 'tasks', 'run', 'get_crypto_dag', 'ETH', 'scheduled__2023-05-10T00:00:00+00:00', '--job-id', '781', '--raw', '--subdir', 'DAGS_FOLDER/get_crypto.py', '--cfg-path', '/tmp/tmpivgzt524', '--error-file', '/tmp/tmpj1lboxt1']
[2023-07-17 21:57:12,480] {standard_task_runner.py:80} INFO - Job 781: Subtask ETH
[2023-07-17 21:57:12,576] {task_command.py:370} INFO - Running <TaskInstance: get_crypto_dag.ETH scheduled__2023-05-10T00:00:00+00:00 [running]> on host lucas-Estudos
[2023-07-17 21:57:12,687] {taskinstance.py:1569} INFO - Exporting the following env vars:
AIRFLOW_CTX_DAG_OWNER=airflow
AIRFLOW_CTX_DAG_ID=get_crypto_dag
AIRFLOW_CTX_TASK_ID=ETH
AIRFLOW_CTX_EXECUTION_DATE=2023-05-10T00:00:00+00:00
AIRFLOW_CTX_TRY_NUMBER=1
AIRFLOW_CTX_DAG_RUN_ID=scheduled__2023-05-10T00:00:00+00:00
[2023-07-17 21:57:25,481] {base.py:162} ERROR - ETH: No timezone found, symbol may be delisted
[2023-07-17 21:57:25,490] {python.py:173} INFO - Done. Returned value was: None
[2023-07-17 21:57:25,542] {taskinstance.py:1395} INFO - Marking task as SUCCESS. dag_id=get_crypto_dag, task_id=ETH, execution_date=20230510T000000, start_date=20230718T005712, end_date=20230718T005725
[2023-07-17 21:57:25,604] {local_task_job.py:156} INFO - Task exited with return code 0
[2023-07-17 21:57:25,717] {local_task_job.py:273} INFO - 0 downstream tasks scheduled from follow-on schedule check
[2023-07-18 10:27:56,913] {taskinstance.py:1159} INFO - Dependencies all met for <TaskInstance: get_crypto_dag.ETH scheduled__2023-05-10T00:00:00+00:00 [queued]>
[2023-07-18 10:27:56,938] {taskinstance.py:1159} INFO - Dependencies all met for <TaskInstance: get_crypto_dag.ETH scheduled__2023-05-10T00:00:00+00:00 [queued]>
[2023-07-18 10:27:56,939] {taskinstance.py:1356} INFO - 
--------------------------------------------------------------------------------
[2023-07-18 10:27:56,939] {taskinstance.py:1357} INFO - Starting attempt 1 of 1
[2023-07-18 10:27:56,939] {taskinstance.py:1358} INFO - 
--------------------------------------------------------------------------------
[2023-07-18 10:27:56,969] {taskinstance.py:1377} INFO - Executing <Task(_PythonDecoratedOperator): ETH> on 2023-05-10 00:00:00+00:00
[2023-07-18 10:27:56,979] {standard_task_runner.py:52} INFO - Started process 11822 to run task
[2023-07-18 10:27:56,987] {standard_task_runner.py:79} INFO - Running: ['airflow', 'tasks', 'run', 'get_crypto_dag', 'ETH', 'scheduled__2023-05-10T00:00:00+00:00', '--job-id', '1214', '--raw', '--subdir', 'DAGS_FOLDER/get_crypto.py', '--cfg-path', '/tmp/tmpavk29exn', '--error-file', '/tmp/tmpgximmm1g']
[2023-07-18 10:27:56,989] {standard_task_runner.py:80} INFO - Job 1214: Subtask ETH
[2023-07-18 10:27:57,201] {task_command.py:370} INFO - Running <TaskInstance: get_crypto_dag.ETH scheduled__2023-05-10T00:00:00+00:00 [running]> on host lucas-Estudos
[2023-07-18 10:27:57,441] {taskinstance.py:1569} INFO - Exporting the following env vars:
AIRFLOW_CTX_DAG_OWNER=airflow
AIRFLOW_CTX_DAG_ID=get_crypto_dag
AIRFLOW_CTX_TASK_ID=ETH
AIRFLOW_CTX_EXECUTION_DATE=2023-05-10T00:00:00+00:00
AIRFLOW_CTX_TRY_NUMBER=1
AIRFLOW_CTX_DAG_RUN_ID=scheduled__2023-05-10T00:00:00+00:00
[2023-07-18 10:27:58,142] {base.py:162} ERROR - ETH: No timezone found, symbol may be delisted
[2023-07-18 10:27:58,154] {python.py:173} INFO - Done. Returned value was: None
[2023-07-18 10:27:58,237] {taskinstance.py:1395} INFO - Marking task as SUCCESS. dag_id=get_crypto_dag, task_id=ETH, execution_date=20230510T000000, start_date=20230718T132756, end_date=20230718T132758
[2023-07-18 10:27:58,283] {local_task_job.py:156} INFO - Task exited with return code 0
[2023-07-18 10:27:58,408] {local_task_job.py:273} INFO - 0 downstream tasks scheduled from follow-on schedule check
