[2023-07-14T23:36:30.632-0300] {taskinstance.py:1103} INFO - Dependencies all met for dep_context=non-requeueable deps ti=<TaskInstance: TwitterDAG.twitter_datascience scheduled__2023-07-14T00:00:00+00:00 [queued]>
[2023-07-14T23:36:30.640-0300] {taskinstance.py:1103} INFO - Dependencies all met for dep_context=requeueable deps ti=<TaskInstance: TwitterDAG.twitter_datascience scheduled__2023-07-14T00:00:00+00:00 [queued]>
[2023-07-14T23:36:30.640-0300] {taskinstance.py:1308} INFO - Starting attempt 1 of 1
[2023-07-14T23:36:30.657-0300] {taskinstance.py:1327} INFO - Executing <Task(TwitterOperator): twitter_datascience> on 2023-07-14 00:00:00+00:00
[2023-07-14T23:36:30.660-0300] {standard_task_runner.py:57} INFO - Started process 19721 to run task
[2023-07-14T23:36:30.664-0300] {standard_task_runner.py:84} INFO - Running: ['airflow', 'tasks', 'run', 'TwitterDAG', 'twitter_datascience', 'scheduled__2023-07-14T00:00:00+00:00', '--job-id', '67', '--raw', '--subdir', 'DAGS_FOLDER/twitter_dag.py', '--cfg-path', '/tmp/tmp68k0718v']
[2023-07-14T23:36:30.665-0300] {standard_task_runner.py:85} INFO - Job 67: Subtask twitter_datascience
[2023-07-14T23:36:30.709-0300] {task_command.py:410} INFO - Running <TaskInstance: TwitterDAG.twitter_datascience scheduled__2023-07-14T00:00:00+00:00 [running]> on host lucas-Estudos
[2023-07-14T23:36:30.787-0300] {taskinstance.py:1545} INFO - Exporting env vars: AIRFLOW_CTX_DAG_OWNER='airflow' AIRFLOW_CTX_DAG_ID='TwitterDAG' AIRFLOW_CTX_TASK_ID='twitter_datascience' AIRFLOW_CTX_EXECUTION_DATE='2023-07-14T00:00:00+00:00' AIRFLOW_CTX_TRY_NUMBER='1' AIRFLOW_CTX_DAG_RUN_ID='scheduled__2023-07-14T00:00:00+00:00'
[2023-07-14T23:36:30.795-0300] {base.py:73} INFO - Using connection ID 'twitter_default' for task execution.
[2023-07-14T23:36:30.797-0300] {twitter_hook.py:34} INFO - URL: https://labdados.com/2/tweets/search/recent?query=datascience&tweet.fields=author_id,conversation_id,created_at,id,in_reply_to_user_id,public_metrics,lang,text&expansions=author_id&user.fields=id,name,username,created_at&start_time=2023-07-14T00:00:00.00Z&end_time=2023-07-15T00:00:00.00Z
[2023-07-14T23:36:32.198-0300] {twitter_hook.py:34} INFO - URL: https://labdados.com/2/tweets/search/recent?query=datascience&tweet.fields=author_id,conversation_id,created_at,id,in_reply_to_user_id,public_metrics,lang,text&expansions=author_id&user.fields=id,name,username,created_at&start_time=2023-07-14T00:00:00.00Z&end_time=2023-07-15T00:00:00.00Z&next_token=1234567890abcdef
[2023-07-14T23:36:32.293-0300] {twitter_hook.py:34} INFO - URL: https://labdados.com/2/tweets/search/recent?query=datascience&tweet.fields=author_id,conversation_id,created_at,id,in_reply_to_user_id,public_metrics,lang,text&expansions=author_id&user.fields=id,name,username,created_at&start_time=2023-07-14T00:00:00.00Z&end_time=2023-07-15T00:00:00.00Z&next_token=1234567890abcdef
[2023-07-14T23:36:32.387-0300] {twitter_hook.py:34} INFO - URL: https://labdados.com/2/tweets/search/recent?query=datascience&tweet.fields=author_id,conversation_id,created_at,id,in_reply_to_user_id,public_metrics,lang,text&expansions=author_id&user.fields=id,name,username,created_at&start_time=2023-07-14T00:00:00.00Z&end_time=2023-07-15T00:00:00.00Z&next_token=1234567890abcdef
[2023-07-14T23:36:32.480-0300] {twitter_hook.py:34} INFO - URL: https://labdados.com/2/tweets/search/recent?query=datascience&tweet.fields=author_id,conversation_id,created_at,id,in_reply_to_user_id,public_metrics,lang,text&expansions=author_id&user.fields=id,name,username,created_at&start_time=2023-07-14T00:00:00.00Z&end_time=2023-07-15T00:00:00.00Z&next_token=1234567890abcdef
[2023-07-14T23:36:32.594-0300] {taskinstance.py:1345} INFO - Marking task as SUCCESS. dag_id=TwitterDAG, task_id=twitter_datascience, execution_date=20230714T000000, start_date=20230715T023630, end_date=20230715T023632
[2023-07-14T23:36:32.642-0300] {local_task_job_runner.py:225} INFO - Task exited with return code 0
[2023-07-14T23:36:32.684-0300] {taskinstance.py:2653} INFO - 1 downstream tasks scheduled from follow-on schedule check
[2023-07-14T23:45:19.019-0300] {taskinstance.py:1103} INFO - Dependencies all met for dep_context=non-requeueable deps ti=<TaskInstance: TwitterDAG.twitter_datascience scheduled__2023-07-14T00:00:00+00:00 [queued]>
[2023-07-14T23:45:19.028-0300] {taskinstance.py:1103} INFO - Dependencies all met for dep_context=requeueable deps ti=<TaskInstance: TwitterDAG.twitter_datascience scheduled__2023-07-14T00:00:00+00:00 [queued]>
[2023-07-14T23:45:19.028-0300] {taskinstance.py:1308} INFO - Starting attempt 1 of 1
[2023-07-14T23:45:19.043-0300] {taskinstance.py:1327} INFO - Executing <Task(TwitterOperator): twitter_datascience> on 2023-07-14 00:00:00+00:00
[2023-07-14T23:45:19.047-0300] {standard_task_runner.py:57} INFO - Started process 26376 to run task
[2023-07-14T23:45:19.050-0300] {standard_task_runner.py:84} INFO - Running: ['airflow', 'tasks', 'run', 'TwitterDAG', 'twitter_datascience', 'scheduled__2023-07-14T00:00:00+00:00', '--job-id', '83', '--raw', '--subdir', 'DAGS_FOLDER/twitter_dag.py', '--cfg-path', '/tmp/tmp90o_1fqw']
[2023-07-14T23:45:19.051-0300] {standard_task_runner.py:85} INFO - Job 83: Subtask twitter_datascience
[2023-07-14T23:45:19.093-0300] {task_command.py:410} INFO - Running <TaskInstance: TwitterDAG.twitter_datascience scheduled__2023-07-14T00:00:00+00:00 [running]> on host lucas-Estudos
[2023-07-14T23:45:19.170-0300] {taskinstance.py:1545} INFO - Exporting env vars: AIRFLOW_CTX_DAG_OWNER='airflow' AIRFLOW_CTX_DAG_ID='TwitterDAG' AIRFLOW_CTX_TASK_ID='twitter_datascience' AIRFLOW_CTX_EXECUTION_DATE='2023-07-14T00:00:00+00:00' AIRFLOW_CTX_TRY_NUMBER='1' AIRFLOW_CTX_DAG_RUN_ID='scheduled__2023-07-14T00:00:00+00:00'
[2023-07-14T23:45:19.179-0300] {base.py:73} INFO - Using connection ID 'twitter_default' for task execution.
[2023-07-14T23:45:19.181-0300] {twitter_hook.py:34} INFO - URL: https://labdados.com/2/tweets/search/recent?query=datascience&tweet.fields=author_id,conversation_id,created_at,id,in_reply_to_user_id,public_metrics,lang,text&expansions=author_id&user.fields=id,name,username,created_at&start_time=2023-07-14T00:00:00.00Z&end_time=2023-07-15T00:00:00.00Z
[2023-07-14T23:45:19.701-0300] {twitter_hook.py:34} INFO - URL: https://labdados.com/2/tweets/search/recent?query=datascience&tweet.fields=author_id,conversation_id,created_at,id,in_reply_to_user_id,public_metrics,lang,text&expansions=author_id&user.fields=id,name,username,created_at&start_time=2023-07-14T00:00:00.00Z&end_time=2023-07-15T00:00:00.00Z&next_token=1234567890abcdef
[2023-07-14T23:45:19.814-0300] {taskinstance.py:1345} INFO - Marking task as SUCCESS. dag_id=TwitterDAG, task_id=twitter_datascience, execution_date=20230714T000000, start_date=20230715T024519, end_date=20230715T024519
[2023-07-14T23:45:19.863-0300] {local_task_job_runner.py:225} INFO - Task exited with return code 0
[2023-07-14T23:45:19.900-0300] {taskinstance.py:2653} INFO - 1 downstream tasks scheduled from follow-on schedule check
[2023-07-15T12:15:49.681-0300] {taskinstance.py:1103} INFO - Dependencies all met for dep_context=non-requeueable deps ti=<TaskInstance: TwitterDAG.twitter_datascience scheduled__2023-07-14T00:00:00+00:00 [queued]>
[2023-07-15T12:15:49.705-0300] {taskinstance.py:1103} INFO - Dependencies all met for dep_context=requeueable deps ti=<TaskInstance: TwitterDAG.twitter_datascience scheduled__2023-07-14T00:00:00+00:00 [queued]>
[2023-07-15T12:15:49.706-0300] {taskinstance.py:1308} INFO - Starting attempt 1 of 1
[2023-07-15T12:15:49.739-0300] {taskinstance.py:1327} INFO - Executing <Task(TwitterOperator): twitter_datascience> on 2023-07-14 00:00:00+00:00
[2023-07-15T12:15:49.749-0300] {standard_task_runner.py:57} INFO - Started process 15295 to run task
[2023-07-15T12:15:49.767-0300] {standard_task_runner.py:84} INFO - Running: ['airflow', 'tasks', 'run', 'TwitterDAG', 'twitter_datascience', 'scheduled__2023-07-14T00:00:00+00:00', '--job-id', '103', '--raw', '--subdir', 'DAGS_FOLDER/twitter_dag.py', '--cfg-path', '/tmp/tmpsik5udgy']
[2023-07-15T12:15:49.770-0300] {standard_task_runner.py:85} INFO - Job 103: Subtask twitter_datascience
[2023-07-15T12:15:49.877-0300] {task_command.py:410} INFO - Running <TaskInstance: TwitterDAG.twitter_datascience scheduled__2023-07-14T00:00:00+00:00 [running]> on host lucas-Estudos
[2023-07-15T12:15:50.035-0300] {taskinstance.py:1545} INFO - Exporting env vars: AIRFLOW_CTX_DAG_OWNER='airflow' AIRFLOW_CTX_DAG_ID='TwitterDAG' AIRFLOW_CTX_TASK_ID='twitter_datascience' AIRFLOW_CTX_EXECUTION_DATE='2023-07-14T00:00:00+00:00' AIRFLOW_CTX_TRY_NUMBER='1' AIRFLOW_CTX_DAG_RUN_ID='scheduled__2023-07-14T00:00:00+00:00'
[2023-07-15T12:15:50.046-0300] {base.py:73} INFO - Using connection ID 'twitter_default' for task execution.
[2023-07-15T12:15:50.047-0300] {twitter_hook.py:34} INFO - URL: https://labdados.com/2/tweets/search/recent?query=datascience&tweet.fields=author_id,conversation_id,created_at,id,in_reply_to_user_id,public_metrics,lang,text&expansions=author_id&user.fields=id,name,username,created_at&start_time=2023-07-14T00:00:00.00Z&end_time=2023-07-15T00:00:00.00Z
[2023-07-15T12:15:50.859-0300] {taskinstance.py:1345} INFO - Marking task as SUCCESS. dag_id=TwitterDAG, task_id=twitter_datascience, execution_date=20230714T000000, start_date=20230715T151549, end_date=20230715T151550
[2023-07-15T12:15:50.933-0300] {local_task_job_runner.py:225} INFO - Task exited with return code 0
[2023-07-15T12:15:50.998-0300] {taskinstance.py:2653} INFO - 1 downstream tasks scheduled from follow-on schedule check
