[2023-07-17 16:23:41,586] {taskinstance.py:1159} INFO - Dependencies all met for <TaskInstance: get_stocks_dag.MSFT scheduled__2023-07-04T00:00:00+00:00 [queued]>
[2023-07-17 16:23:41,643] {taskinstance.py:1159} INFO - Dependencies all met for <TaskInstance: get_stocks_dag.MSFT scheduled__2023-07-04T00:00:00+00:00 [queued]>
[2023-07-17 16:23:41,644] {taskinstance.py:1356} INFO - 
--------------------------------------------------------------------------------
[2023-07-17 16:23:41,644] {taskinstance.py:1357} INFO - Starting attempt 1 of 1
[2023-07-17 16:23:41,644] {taskinstance.py:1358} INFO - 
--------------------------------------------------------------------------------
[2023-07-17 16:23:41,693] {taskinstance.py:1377} INFO - Executing <Task(_PythonDecoratedOperator): MSFT> on 2023-07-04 00:00:00+00:00
[2023-07-17 16:23:41,728] {standard_task_runner.py:79} INFO - Running: ['airflow', 'tasks', 'run', 'get_stocks_dag', 'MSFT', 'scheduled__2023-07-04T00:00:00+00:00', '--job-id', '233', '--raw', '--subdir', 'DAGS_FOLDER/get_stocks.py', '--cfg-path', '/tmp/tmpwcusssm_', '--error-file', '/tmp/tmplx5doz30']
[2023-07-17 16:23:41,734] {standard_task_runner.py:80} INFO - Job 233: Subtask MSFT
[2023-07-17 16:23:41,717] {standard_task_runner.py:52} INFO - Started process 11947 to run task
[2023-07-17 16:23:42,038] {task_command.py:370} INFO - Running <TaskInstance: get_stocks_dag.MSFT scheduled__2023-07-04T00:00:00+00:00 [running]> on host lucas-Estudos
[2023-07-17 16:23:42,540] {taskinstance.py:1569} INFO - Exporting the following env vars:
AIRFLOW_CTX_DAG_OWNER=airflow
AIRFLOW_CTX_DAG_ID=get_stocks_dag
AIRFLOW_CTX_TASK_ID=MSFT
AIRFLOW_CTX_EXECUTION_DATE=2023-07-04T00:00:00+00:00
AIRFLOW_CTX_TRY_NUMBER=1
AIRFLOW_CTX_DAG_RUN_ID=scheduled__2023-07-04T00:00:00+00:00
[2023-07-17 16:23:43,354] {python.py:173} INFO - Done. Returned value was: None
[2023-07-17 16:23:43,452] {taskinstance.py:1395} INFO - Marking task as SUCCESS. dag_id=get_stocks_dag, task_id=MSFT, execution_date=20230704T000000, start_date=20230717T192341, end_date=20230717T192343
[2023-07-17 16:23:43,564] {local_task_job.py:156} INFO - Task exited with return code 0
[2023-07-17 16:23:43,638] {local_task_job.py:273} INFO - 0 downstream tasks scheduled from follow-on schedule check
[2023-07-17 16:55:01,286] {taskinstance.py:1159} INFO - Dependencies all met for <TaskInstance: get_stocks_dag.MSFT scheduled__2023-07-04T00:00:00+00:00 [queued]>
[2023-07-17 16:55:01,326] {taskinstance.py:1159} INFO - Dependencies all met for <TaskInstance: get_stocks_dag.MSFT scheduled__2023-07-04T00:00:00+00:00 [queued]>
[2023-07-17 16:55:01,326] {taskinstance.py:1356} INFO - 
--------------------------------------------------------------------------------
[2023-07-17 16:55:01,327] {taskinstance.py:1357} INFO - Starting attempt 1 of 1
[2023-07-17 16:55:01,327] {taskinstance.py:1358} INFO - 
--------------------------------------------------------------------------------
[2023-07-17 16:55:01,348] {taskinstance.py:1377} INFO - Executing <Task(_PythonDecoratedOperator): MSFT> on 2023-07-04 00:00:00+00:00
[2023-07-17 16:55:01,362] {standard_task_runner.py:52} INFO - Started process 24746 to run task
[2023-07-17 16:55:01,389] {standard_task_runner.py:79} INFO - Running: ['airflow', 'tasks', 'run', 'get_stocks_dag', 'MSFT', 'scheduled__2023-07-04T00:00:00+00:00', '--job-id', '449', '--raw', '--subdir', 'DAGS_FOLDER/get_stocks.py', '--cfg-path', '/tmp/tmpqtfegpe7', '--error-file', '/tmp/tmpm4dr80d3']
[2023-07-17 16:55:01,390] {standard_task_runner.py:80} INFO - Job 449: Subtask MSFT
[2023-07-17 16:55:01,613] {task_command.py:370} INFO - Running <TaskInstance: get_stocks_dag.MSFT scheduled__2023-07-04T00:00:00+00:00 [running]> on host lucas-Estudos
[2023-07-17 16:55:01,888] {taskinstance.py:1569} INFO - Exporting the following env vars:
AIRFLOW_CTX_DAG_OWNER=airflow
AIRFLOW_CTX_DAG_ID=get_stocks_dag
AIRFLOW_CTX_TASK_ID=MSFT
AIRFLOW_CTX_EXECUTION_DATE=2023-07-04T00:00:00+00:00
AIRFLOW_CTX_TRY_NUMBER=1
AIRFLOW_CTX_DAG_RUN_ID=scheduled__2023-07-04T00:00:00+00:00
[2023-07-17 16:55:02,850] {python.py:173} INFO - Done. Returned value was: None
[2023-07-17 16:55:02,963] {taskinstance.py:1395} INFO - Marking task as SUCCESS. dag_id=get_stocks_dag, task_id=MSFT, execution_date=20230704T000000, start_date=20230717T195501, end_date=20230717T195502
[2023-07-17 16:55:03,061] {local_task_job.py:156} INFO - Task exited with return code 0
[2023-07-17 16:55:03,304] {local_task_job.py:273} INFO - 0 downstream tasks scheduled from follow-on schedule check
[2023-07-17 21:08:07,557] {taskinstance.py:1159} INFO - Dependencies all met for <TaskInstance: get_stocks_dag.MSFT scheduled__2023-07-04T00:00:00+00:00 [queued]>
[2023-07-17 21:08:07,565] {taskinstance.py:1159} INFO - Dependencies all met for <TaskInstance: get_stocks_dag.MSFT scheduled__2023-07-04T00:00:00+00:00 [queued]>
[2023-07-17 21:08:07,565] {taskinstance.py:1356} INFO - 
--------------------------------------------------------------------------------
[2023-07-17 21:08:07,565] {taskinstance.py:1357} INFO - Starting attempt 1 of 1
[2023-07-17 21:08:07,565] {taskinstance.py:1358} INFO - 
--------------------------------------------------------------------------------
[2023-07-17 21:08:07,575] {taskinstance.py:1377} INFO - Executing <Task(_PythonDecoratedOperator): MSFT> on 2023-07-04 00:00:00+00:00
[2023-07-17 21:08:07,579] {standard_task_runner.py:52} INFO - Started process 34952 to run task
[2023-07-17 21:08:07,582] {standard_task_runner.py:79} INFO - Running: ['airflow', 'tasks', 'run', 'get_stocks_dag', 'MSFT', 'scheduled__2023-07-04T00:00:00+00:00', '--job-id', '669', '--raw', '--subdir', 'DAGS_FOLDER/get_stocks.py', '--cfg-path', '/tmp/tmpxs86vzzr', '--error-file', '/tmp/tmpmka94mo7']
[2023-07-17 21:08:07,583] {standard_task_runner.py:80} INFO - Job 669: Subtask MSFT
[2023-07-17 21:08:07,689] {task_command.py:370} INFO - Running <TaskInstance: get_stocks_dag.MSFT scheduled__2023-07-04T00:00:00+00:00 [running]> on host lucas-Estudos
[2023-07-17 21:08:07,910] {taskinstance.py:1569} INFO - Exporting the following env vars:
AIRFLOW_CTX_DAG_OWNER=airflow
AIRFLOW_CTX_DAG_ID=get_stocks_dag
AIRFLOW_CTX_TASK_ID=MSFT
AIRFLOW_CTX_EXECUTION_DATE=2023-07-04T00:00:00+00:00
AIRFLOW_CTX_TRY_NUMBER=1
AIRFLOW_CTX_DAG_RUN_ID=scheduled__2023-07-04T00:00:00+00:00
[2023-07-17 21:08:14,680] {python.py:173} INFO - Done. Returned value was: None
[2023-07-17 21:08:14,733] {taskinstance.py:1395} INFO - Marking task as SUCCESS. dag_id=get_stocks_dag, task_id=MSFT, execution_date=20230704T000000, start_date=20230718T000807, end_date=20230718T000814
[2023-07-17 21:08:14,814] {local_task_job.py:156} INFO - Task exited with return code 0
[2023-07-17 21:08:14,923] {local_task_job.py:273} INFO - 0 downstream tasks scheduled from follow-on schedule check
[2023-07-17 22:17:28,677] {taskinstance.py:1159} INFO - Dependencies all met for <TaskInstance: get_stocks_dag.MSFT scheduled__2023-07-04T00:00:00+00:00 [queued]>
[2023-07-17 22:17:28,709] {taskinstance.py:1159} INFO - Dependencies all met for <TaskInstance: get_stocks_dag.MSFT scheduled__2023-07-04T00:00:00+00:00 [queued]>
[2023-07-17 22:17:28,709] {taskinstance.py:1356} INFO - 
--------------------------------------------------------------------------------
[2023-07-17 22:17:28,710] {taskinstance.py:1357} INFO - Starting attempt 1 of 1
[2023-07-17 22:17:28,710] {taskinstance.py:1358} INFO - 
--------------------------------------------------------------------------------
[2023-07-17 22:17:28,727] {taskinstance.py:1377} INFO - Executing <Task(_PythonDecoratedOperator): MSFT> on 2023-07-04 00:00:00+00:00
[2023-07-17 22:17:28,734] {standard_task_runner.py:52} INFO - Started process 93402 to run task
[2023-07-17 22:17:28,739] {standard_task_runner.py:79} INFO - Running: ['airflow', 'tasks', 'run', 'get_stocks_dag', 'MSFT', 'scheduled__2023-07-04T00:00:00+00:00', '--job-id', '1081', '--raw', '--subdir', 'DAGS_FOLDER/get_stocks.py', '--cfg-path', '/tmp/tmpbi1pt85h', '--error-file', '/tmp/tmpct6pd5dn']
[2023-07-17 22:17:28,740] {standard_task_runner.py:80} INFO - Job 1081: Subtask MSFT
[2023-07-17 22:17:28,817] {task_command.py:370} INFO - Running <TaskInstance: get_stocks_dag.MSFT scheduled__2023-07-04T00:00:00+00:00 [running]> on host lucas-Estudos
[2023-07-17 22:17:28,893] {taskinstance.py:1569} INFO - Exporting the following env vars:
AIRFLOW_CTX_DAG_OWNER=airflow
AIRFLOW_CTX_DAG_ID=get_stocks_dag
AIRFLOW_CTX_TASK_ID=MSFT
AIRFLOW_CTX_EXECUTION_DATE=2023-07-04T00:00:00+00:00
AIRFLOW_CTX_TRY_NUMBER=1
AIRFLOW_CTX_DAG_RUN_ID=scheduled__2023-07-04T00:00:00+00:00
[2023-07-17 22:17:31,609] {python.py:173} INFO - Done. Returned value was: None
[2023-07-17 22:17:31,660] {taskinstance.py:1395} INFO - Marking task as SUCCESS. dag_id=get_stocks_dag, task_id=MSFT, execution_date=20230704T000000, start_date=20230718T011728, end_date=20230718T011731
[2023-07-17 22:17:31,729] {local_task_job.py:156} INFO - Task exited with return code 0
[2023-07-17 22:17:31,851] {local_task_job.py:273} INFO - 0 downstream tasks scheduled from follow-on schedule check
[2023-07-18 11:09:12,760] {taskinstance.py:1159} INFO - Dependencies all met for <TaskInstance: get_stocks_dag.MSFT scheduled__2023-07-04T00:00:00+00:00 [queued]>
[2023-07-18 11:09:12,785] {taskinstance.py:1159} INFO - Dependencies all met for <TaskInstance: get_stocks_dag.MSFT scheduled__2023-07-04T00:00:00+00:00 [queued]>
[2023-07-18 11:09:12,786] {taskinstance.py:1356} INFO - 
--------------------------------------------------------------------------------
[2023-07-18 11:09:12,786] {taskinstance.py:1357} INFO - Starting attempt 1 of 1
[2023-07-18 11:09:12,787] {taskinstance.py:1358} INFO - 
--------------------------------------------------------------------------------
[2023-07-18 11:09:12,816] {taskinstance.py:1377} INFO - Executing <Task(_PythonDecoratedOperator): MSFT> on 2023-07-04 00:00:00+00:00
[2023-07-18 11:09:12,826] {standard_task_runner.py:52} INFO - Started process 27532 to run task
[2023-07-18 11:09:12,833] {standard_task_runner.py:79} INFO - Running: ['airflow', 'tasks', 'run', 'get_stocks_dag', 'MSFT', 'scheduled__2023-07-04T00:00:00+00:00', '--job-id', '1590', '--raw', '--subdir', 'DAGS_FOLDER/get_stocks.py', '--cfg-path', '/tmp/tmplm2s6dhk', '--error-file', '/tmp/tmp1r5qq9tc']
[2023-07-18 11:09:12,836] {standard_task_runner.py:80} INFO - Job 1590: Subtask MSFT
[2023-07-18 11:09:13,045] {task_command.py:370} INFO - Running <TaskInstance: get_stocks_dag.MSFT scheduled__2023-07-04T00:00:00+00:00 [running]> on host lucas-Estudos
[2023-07-18 11:09:13,291] {taskinstance.py:1569} INFO - Exporting the following env vars:
AIRFLOW_CTX_DAG_OWNER=airflow
AIRFLOW_CTX_DAG_ID=get_stocks_dag
AIRFLOW_CTX_TASK_ID=MSFT
AIRFLOW_CTX_EXECUTION_DATE=2023-07-04T00:00:00+00:00
AIRFLOW_CTX_TRY_NUMBER=1
AIRFLOW_CTX_DAG_RUN_ID=scheduled__2023-07-04T00:00:00+00:00
[2023-07-18 11:09:13,782] {python.py:173} INFO - Done. Returned value was: None
[2023-07-18 11:09:13,836] {taskinstance.py:1395} INFO - Marking task as SUCCESS. dag_id=get_stocks_dag, task_id=MSFT, execution_date=20230704T000000, start_date=20230718T140912, end_date=20230718T140913
[2023-07-18 11:09:13,889] {local_task_job.py:156} INFO - Task exited with return code 0
[2023-07-18 11:09:13,993] {local_task_job.py:273} INFO - 0 downstream tasks scheduled from follow-on schedule check
