[2023-07-17 16:23:02,116] {taskinstance.py:1159} INFO - Dependencies all met for <TaskInstance: get_stocks_dag.GOOG scheduled__2023-05-20T00:00:00+00:00 [queued]>
[2023-07-17 16:23:02,144] {taskinstance.py:1159} INFO - Dependencies all met for <TaskInstance: get_stocks_dag.GOOG scheduled__2023-05-20T00:00:00+00:00 [queued]>
[2023-07-17 16:23:02,144] {taskinstance.py:1356} INFO - 
--------------------------------------------------------------------------------
[2023-07-17 16:23:02,144] {taskinstance.py:1357} INFO - Starting attempt 1 of 1
[2023-07-17 16:23:02,144] {taskinstance.py:1358} INFO - 
--------------------------------------------------------------------------------
[2023-07-17 16:23:02,191] {taskinstance.py:1377} INFO - Executing <Task(_PythonDecoratedOperator): GOOG> on 2023-05-20 00:00:00+00:00
[2023-07-17 16:23:02,209] {standard_task_runner.py:52} INFO - Started process 8405 to run task
[2023-07-17 16:23:02,216] {standard_task_runner.py:79} INFO - Running: ['airflow', 'tasks', 'run', 'get_stocks_dag', 'GOOG', 'scheduled__2023-05-20T00:00:00+00:00', '--job-id', '109', '--raw', '--subdir', 'DAGS_FOLDER/get_stocks.py', '--cfg-path', '/tmp/tmpm0u33h9p', '--error-file', '/tmp/tmpbd4yxm7w']
[2023-07-17 16:23:02,217] {standard_task_runner.py:80} INFO - Job 109: Subtask GOOG
[2023-07-17 16:23:02,451] {task_command.py:370} INFO - Running <TaskInstance: get_stocks_dag.GOOG scheduled__2023-05-20T00:00:00+00:00 [running]> on host lucas-Estudos
[2023-07-17 16:23:02,809] {taskinstance.py:1569} INFO - Exporting the following env vars:
AIRFLOW_CTX_DAG_OWNER=airflow
AIRFLOW_CTX_DAG_ID=get_stocks_dag
AIRFLOW_CTX_TASK_ID=GOOG
AIRFLOW_CTX_EXECUTION_DATE=2023-05-20T00:00:00+00:00
AIRFLOW_CTX_TRY_NUMBER=1
AIRFLOW_CTX_DAG_RUN_ID=scheduled__2023-05-20T00:00:00+00:00
[2023-07-17 16:23:03,625] {python.py:173} INFO - Done. Returned value was: None
[2023-07-17 16:23:03,709] {taskinstance.py:1395} INFO - Marking task as SUCCESS. dag_id=get_stocks_dag, task_id=GOOG, execution_date=20230520T000000, start_date=20230717T192302, end_date=20230717T192303
[2023-07-17 16:23:03,782] {local_task_job.py:156} INFO - Task exited with return code 0
[2023-07-17 16:23:03,893] {local_task_job.py:273} INFO - 0 downstream tasks scheduled from follow-on schedule check
[2023-07-17 16:54:22,101] {taskinstance.py:1159} INFO - Dependencies all met for <TaskInstance: get_stocks_dag.GOOG scheduled__2023-05-20T00:00:00+00:00 [queued]>
[2023-07-17 16:54:22,125] {taskinstance.py:1159} INFO - Dependencies all met for <TaskInstance: get_stocks_dag.GOOG scheduled__2023-05-20T00:00:00+00:00 [queued]>
[2023-07-17 16:54:22,126] {taskinstance.py:1356} INFO - 
--------------------------------------------------------------------------------
[2023-07-17 16:54:22,126] {taskinstance.py:1357} INFO - Starting attempt 1 of 1
[2023-07-17 16:54:22,126] {taskinstance.py:1358} INFO - 
--------------------------------------------------------------------------------
[2023-07-17 16:54:22,160] {taskinstance.py:1377} INFO - Executing <Task(_PythonDecoratedOperator): GOOG> on 2023-05-20 00:00:00+00:00
[2023-07-17 16:54:22,171] {standard_task_runner.py:52} INFO - Started process 21228 to run task
[2023-07-17 16:54:22,192] {standard_task_runner.py:79} INFO - Running: ['airflow', 'tasks', 'run', 'get_stocks_dag', 'GOOG', 'scheduled__2023-05-20T00:00:00+00:00', '--job-id', '331', '--raw', '--subdir', 'DAGS_FOLDER/get_stocks.py', '--cfg-path', '/tmp/tmpafmgtb4b', '--error-file', '/tmp/tmphe6s3gi7']
[2023-07-17 16:54:22,193] {standard_task_runner.py:80} INFO - Job 331: Subtask GOOG
[2023-07-17 16:54:22,472] {task_command.py:370} INFO - Running <TaskInstance: get_stocks_dag.GOOG scheduled__2023-05-20T00:00:00+00:00 [running]> on host lucas-Estudos
[2023-07-17 16:54:22,728] {taskinstance.py:1569} INFO - Exporting the following env vars:
AIRFLOW_CTX_DAG_OWNER=airflow
AIRFLOW_CTX_DAG_ID=get_stocks_dag
AIRFLOW_CTX_TASK_ID=GOOG
AIRFLOW_CTX_EXECUTION_DATE=2023-05-20T00:00:00+00:00
AIRFLOW_CTX_TRY_NUMBER=1
AIRFLOW_CTX_DAG_RUN_ID=scheduled__2023-05-20T00:00:00+00:00
[2023-07-17 16:54:23,426] {python.py:173} INFO - Done. Returned value was: None
[2023-07-17 16:54:23,463] {taskinstance.py:1395} INFO - Marking task as SUCCESS. dag_id=get_stocks_dag, task_id=GOOG, execution_date=20230520T000000, start_date=20230717T195422, end_date=20230717T195423
[2023-07-17 16:54:23,544] {local_task_job.py:156} INFO - Task exited with return code 0
[2023-07-17 16:54:23,628] {local_task_job.py:273} INFO - 0 downstream tasks scheduled from follow-on schedule check
[2023-07-17 20:59:51,564] {taskinstance.py:1159} INFO - Dependencies all met for <TaskInstance: get_stocks_dag.GOOG scheduled__2023-05-20T00:00:00+00:00 [queued]>
[2023-07-17 20:59:51,577] {taskinstance.py:1159} INFO - Dependencies all met for <TaskInstance: get_stocks_dag.GOOG scheduled__2023-05-20T00:00:00+00:00 [queued]>
[2023-07-17 20:59:51,577] {taskinstance.py:1356} INFO - 
--------------------------------------------------------------------------------
[2023-07-17 20:59:51,578] {taskinstance.py:1357} INFO - Starting attempt 1 of 1
[2023-07-17 20:59:51,578] {taskinstance.py:1358} INFO - 
--------------------------------------------------------------------------------
[2023-07-17 20:59:51,598] {taskinstance.py:1377} INFO - Executing <Task(_PythonDecoratedOperator): GOOG> on 2023-05-20 00:00:00+00:00
[2023-07-17 20:59:51,610] {standard_task_runner.py:52} INFO - Started process 19609 to run task
[2023-07-17 20:59:51,617] {standard_task_runner.py:79} INFO - Running: ['airflow', 'tasks', 'run', 'get_stocks_dag', 'GOOG', 'scheduled__2023-05-20T00:00:00+00:00', '--job-id', '546', '--raw', '--subdir', 'DAGS_FOLDER/get_stocks.py', '--cfg-path', '/tmp/tmp9w7yjv1u', '--error-file', '/tmp/tmpft3hj92u']
[2023-07-17 20:59:51,619] {standard_task_runner.py:80} INFO - Job 546: Subtask GOOG
[2023-07-17 20:59:51,812] {task_command.py:370} INFO - Running <TaskInstance: get_stocks_dag.GOOG scheduled__2023-05-20T00:00:00+00:00 [running]> on host lucas-Estudos
[2023-07-17 20:59:52,058] {taskinstance.py:1569} INFO - Exporting the following env vars:
AIRFLOW_CTX_DAG_OWNER=airflow
AIRFLOW_CTX_DAG_ID=get_stocks_dag
AIRFLOW_CTX_TASK_ID=GOOG
AIRFLOW_CTX_EXECUTION_DATE=2023-05-20T00:00:00+00:00
AIRFLOW_CTX_TRY_NUMBER=1
AIRFLOW_CTX_DAG_RUN_ID=scheduled__2023-05-20T00:00:00+00:00
[2023-07-17 20:59:56,898] {python.py:173} INFO - Done. Returned value was: None
[2023-07-17 20:59:56,954] {taskinstance.py:1395} INFO - Marking task as SUCCESS. dag_id=get_stocks_dag, task_id=GOOG, execution_date=20230520T000000, start_date=20230717T235951, end_date=20230717T235956
[2023-07-17 20:59:57,019] {local_task_job.py:156} INFO - Task exited with return code 0
[2023-07-17 20:59:57,129] {local_task_job.py:273} INFO - 0 downstream tasks scheduled from follow-on schedule check
[2023-07-17 22:00:30,817] {taskinstance.py:1159} INFO - Dependencies all met for <TaskInstance: get_stocks_dag.GOOG scheduled__2023-05-20T00:00:00+00:00 [queued]>
[2023-07-17 22:00:30,854] {taskinstance.py:1159} INFO - Dependencies all met for <TaskInstance: get_stocks_dag.GOOG scheduled__2023-05-20T00:00:00+00:00 [queued]>
[2023-07-17 22:00:30,854] {taskinstance.py:1356} INFO - 
--------------------------------------------------------------------------------
[2023-07-17 22:00:30,854] {taskinstance.py:1357} INFO - Starting attempt 1 of 1
[2023-07-17 22:00:30,855] {taskinstance.py:1358} INFO - 
--------------------------------------------------------------------------------
[2023-07-17 22:00:30,900] {taskinstance.py:1377} INFO - Executing <Task(_PythonDecoratedOperator): GOOG> on 2023-05-20 00:00:00+00:00
[2023-07-17 22:00:30,918] {standard_task_runner.py:52} INFO - Started process 58966 to run task
[2023-07-17 22:00:30,928] {standard_task_runner.py:79} INFO - Running: ['airflow', 'tasks', 'run', 'get_stocks_dag', 'GOOG', 'scheduled__2023-05-20T00:00:00+00:00', '--job-id', '831', '--raw', '--subdir', 'DAGS_FOLDER/get_stocks.py', '--cfg-path', '/tmp/tmp7j1k5g8j', '--error-file', '/tmp/tmpq8g2tf2t']
[2023-07-17 22:00:30,932] {standard_task_runner.py:80} INFO - Job 831: Subtask GOOG
[2023-07-17 22:00:31,100] {task_command.py:370} INFO - Running <TaskInstance: get_stocks_dag.GOOG scheduled__2023-05-20T00:00:00+00:00 [running]> on host lucas-Estudos
[2023-07-17 22:00:31,251] {taskinstance.py:1569} INFO - Exporting the following env vars:
AIRFLOW_CTX_DAG_OWNER=airflow
AIRFLOW_CTX_DAG_ID=get_stocks_dag
AIRFLOW_CTX_TASK_ID=GOOG
AIRFLOW_CTX_EXECUTION_DATE=2023-05-20T00:00:00+00:00
AIRFLOW_CTX_TRY_NUMBER=1
AIRFLOW_CTX_DAG_RUN_ID=scheduled__2023-05-20T00:00:00+00:00
[2023-07-17 22:00:34,929] {python.py:173} INFO - Done. Returned value was: None
[2023-07-17 22:00:34,985] {taskinstance.py:1395} INFO - Marking task as SUCCESS. dag_id=get_stocks_dag, task_id=GOOG, execution_date=20230520T000000, start_date=20230718T010030, end_date=20230718T010034
[2023-07-17 22:00:35,038] {local_task_job.py:156} INFO - Task exited with return code 0
[2023-07-17 22:00:35,169] {local_task_job.py:273} INFO - 0 downstream tasks scheduled from follow-on schedule check
[2023-07-18 10:35:58,128] {taskinstance.py:1159} INFO - Dependencies all met for <TaskInstance: get_stocks_dag.GOOG scheduled__2023-05-20T00:00:00+00:00 [queued]>
[2023-07-18 10:35:58,151] {taskinstance.py:1159} INFO - Dependencies all met for <TaskInstance: get_stocks_dag.GOOG scheduled__2023-05-20T00:00:00+00:00 [queued]>
[2023-07-18 10:35:58,152] {taskinstance.py:1356} INFO - 
--------------------------------------------------------------------------------
[2023-07-18 10:35:58,152] {taskinstance.py:1357} INFO - Starting attempt 1 of 1
[2023-07-18 10:35:58,152] {taskinstance.py:1358} INFO - 
--------------------------------------------------------------------------------
[2023-07-18 10:35:58,181] {taskinstance.py:1377} INFO - Executing <Task(_PythonDecoratedOperator): GOOG> on 2023-05-20 00:00:00+00:00
[2023-07-18 10:35:58,191] {standard_task_runner.py:52} INFO - Started process 14204 to run task
[2023-07-18 10:35:58,197] {standard_task_runner.py:79} INFO - Running: ['airflow', 'tasks', 'run', 'get_stocks_dag', 'GOOG', 'scheduled__2023-05-20T00:00:00+00:00', '--job-id', '1289', '--raw', '--subdir', 'DAGS_FOLDER/get_stocks.py', '--cfg-path', '/tmp/tmp90qc5x6g', '--error-file', '/tmp/tmpvx3yeue8']
[2023-07-18 10:35:58,200] {standard_task_runner.py:80} INFO - Job 1289: Subtask GOOG
[2023-07-18 10:35:58,381] {task_command.py:370} INFO - Running <TaskInstance: get_stocks_dag.GOOG scheduled__2023-05-20T00:00:00+00:00 [running]> on host lucas-Estudos
[2023-07-18 10:35:58,576] {taskinstance.py:1569} INFO - Exporting the following env vars:
AIRFLOW_CTX_DAG_OWNER=airflow
AIRFLOW_CTX_DAG_ID=get_stocks_dag
AIRFLOW_CTX_TASK_ID=GOOG
AIRFLOW_CTX_EXECUTION_DATE=2023-05-20T00:00:00+00:00
AIRFLOW_CTX_TRY_NUMBER=1
AIRFLOW_CTX_DAG_RUN_ID=scheduled__2023-05-20T00:00:00+00:00
[2023-07-18 10:35:59,133] {python.py:173} INFO - Done. Returned value was: None
[2023-07-18 10:35:59,251] {taskinstance.py:1395} INFO - Marking task as SUCCESS. dag_id=get_stocks_dag, task_id=GOOG, execution_date=20230520T000000, start_date=20230718T133558, end_date=20230718T133559
[2023-07-18 10:35:59,293] {local_task_job.py:156} INFO - Task exited with return code 0
[2023-07-18 10:35:59,407] {local_task_job.py:273} INFO - 0 downstream tasks scheduled from follow-on schedule check
