[2023-07-17 21:55:21,057] {taskinstance.py:1159} INFO - Dependencies all met for <TaskInstance: get_crypto_dag.DOGE scheduled__2023-05-07T00:00:00+00:00 [queued]>
[2023-07-17 21:55:21,090] {taskinstance.py:1159} INFO - Dependencies all met for <TaskInstance: get_crypto_dag.DOGE scheduled__2023-05-07T00:00:00+00:00 [queued]>
[2023-07-17 21:55:21,090] {taskinstance.py:1356} INFO - 
--------------------------------------------------------------------------------
[2023-07-17 21:55:21,091] {taskinstance.py:1357} INFO - Starting attempt 1 of 1
[2023-07-17 21:55:21,091] {taskinstance.py:1358} INFO - 
--------------------------------------------------------------------------------
[2023-07-17 21:55:21,123] {taskinstance.py:1377} INFO - Executing <Task(_PythonDecoratedOperator): DOGE> on 2023-05-07 00:00:00+00:00
[2023-07-17 21:55:21,132] {standard_task_runner.py:52} INFO - Started process 48526 to run task
[2023-07-17 21:55:21,139] {standard_task_runner.py:79} INFO - Running: ['airflow', 'tasks', 'run', 'get_crypto_dag', 'DOGE', 'scheduled__2023-05-07T00:00:00+00:00', '--job-id', '756', '--raw', '--subdir', 'DAGS_FOLDER/get_crypto.py', '--cfg-path', '/tmp/tmp1mikeopj', '--error-file', '/tmp/tmp5lbjndpm']
[2023-07-17 21:55:21,140] {standard_task_runner.py:80} INFO - Job 756: Subtask DOGE
[2023-07-17 21:55:21,239] {task_command.py:370} INFO - Running <TaskInstance: get_crypto_dag.DOGE scheduled__2023-05-07T00:00:00+00:00 [running]> on host lucas-Estudos
[2023-07-17 21:55:21,330] {taskinstance.py:1569} INFO - Exporting the following env vars:
AIRFLOW_CTX_DAG_OWNER=airflow
AIRFLOW_CTX_DAG_ID=get_crypto_dag
AIRFLOW_CTX_TASK_ID=DOGE
AIRFLOW_CTX_EXECUTION_DATE=2023-05-07T00:00:00+00:00
AIRFLOW_CTX_TRY_NUMBER=1
AIRFLOW_CTX_DAG_RUN_ID=scheduled__2023-05-07T00:00:00+00:00
[2023-07-17 21:55:25,036] {base.py:162} ERROR - DOGE: No timezone found, symbol may be delisted
[2023-07-17 21:55:25,046] {python.py:173} INFO - Done. Returned value was: None
[2023-07-17 21:55:25,099] {taskinstance.py:1395} INFO - Marking task as SUCCESS. dag_id=get_crypto_dag, task_id=DOGE, execution_date=20230507T000000, start_date=20230718T005521, end_date=20230718T005525
[2023-07-17 21:55:25,163] {local_task_job.py:156} INFO - Task exited with return code 0
[2023-07-17 21:55:25,277] {local_task_job.py:273} INFO - 0 downstream tasks scheduled from follow-on schedule check
[2023-07-18 10:26:20,834] {taskinstance.py:1159} INFO - Dependencies all met for <TaskInstance: get_crypto_dag.DOGE scheduled__2023-05-07T00:00:00+00:00 [queued]>
[2023-07-18 10:26:20,860] {taskinstance.py:1159} INFO - Dependencies all met for <TaskInstance: get_crypto_dag.DOGE scheduled__2023-05-07T00:00:00+00:00 [queued]>
[2023-07-18 10:26:20,861] {taskinstance.py:1356} INFO - 
--------------------------------------------------------------------------------
[2023-07-18 10:26:20,861] {taskinstance.py:1357} INFO - Starting attempt 1 of 1
[2023-07-18 10:26:20,861] {taskinstance.py:1358} INFO - 
--------------------------------------------------------------------------------
[2023-07-18 10:26:20,891] {taskinstance.py:1377} INFO - Executing <Task(_PythonDecoratedOperator): DOGE> on 2023-05-07 00:00:00+00:00
[2023-07-18 10:26:20,901] {standard_task_runner.py:52} INFO - Started process 11338 to run task
[2023-07-18 10:26:20,909] {standard_task_runner.py:79} INFO - Running: ['airflow', 'tasks', 'run', 'get_crypto_dag', 'DOGE', 'scheduled__2023-05-07T00:00:00+00:00', '--job-id', '1199', '--raw', '--subdir', 'DAGS_FOLDER/get_crypto.py', '--cfg-path', '/tmp/tmpdkr19fqr', '--error-file', '/tmp/tmpppih0fcf']
[2023-07-18 10:26:20,911] {standard_task_runner.py:80} INFO - Job 1199: Subtask DOGE
[2023-07-18 10:26:21,105] {task_command.py:370} INFO - Running <TaskInstance: get_crypto_dag.DOGE scheduled__2023-05-07T00:00:00+00:00 [running]> on host lucas-Estudos
[2023-07-18 10:26:21,335] {taskinstance.py:1569} INFO - Exporting the following env vars:
AIRFLOW_CTX_DAG_OWNER=airflow
AIRFLOW_CTX_DAG_ID=get_crypto_dag
AIRFLOW_CTX_TASK_ID=DOGE
AIRFLOW_CTX_EXECUTION_DATE=2023-05-07T00:00:00+00:00
AIRFLOW_CTX_TRY_NUMBER=1
AIRFLOW_CTX_DAG_RUN_ID=scheduled__2023-05-07T00:00:00+00:00
[2023-07-18 10:26:21,990] {base.py:162} ERROR - DOGE: No timezone found, symbol may be delisted
[2023-07-18 10:26:21,998] {python.py:173} INFO - Done. Returned value was: None
[2023-07-18 10:26:22,049] {taskinstance.py:1395} INFO - Marking task as SUCCESS. dag_id=get_crypto_dag, task_id=DOGE, execution_date=20230507T000000, start_date=20230718T132620, end_date=20230718T132622
[2023-07-18 10:26:22,125] {local_task_job.py:156} INFO - Task exited with return code 0
[2023-07-18 10:26:22,247] {local_task_job.py:273} INFO - 0 downstream tasks scheduled from follow-on schedule check
