[2023-07-17 16:22:45,569] {taskinstance.py:1159} INFO - Dependencies all met for <TaskInstance: get_stocks_dag.AAPL scheduled__2023-05-02T00:00:00+00:00 [queued]>
[2023-07-17 16:22:45,602] {taskinstance.py:1159} INFO - Dependencies all met for <TaskInstance: get_stocks_dag.AAPL scheduled__2023-05-02T00:00:00+00:00 [queued]>
[2023-07-17 16:22:45,602] {taskinstance.py:1356} INFO - 
--------------------------------------------------------------------------------
[2023-07-17 16:22:45,602] {taskinstance.py:1357} INFO - Starting attempt 2 of 1
[2023-07-17 16:22:45,602] {taskinstance.py:1358} INFO - 
--------------------------------------------------------------------------------
[2023-07-17 16:22:45,655] {taskinstance.py:1377} INFO - Executing <Task(_PythonDecoratedOperator): AAPL> on 2023-05-02 00:00:00+00:00
[2023-07-17 16:22:45,675] {standard_task_runner.py:52} INFO - Started process 6817 to run task
[2023-07-17 16:22:45,692] {standard_task_runner.py:79} INFO - Running: ['airflow', 'tasks', 'run', 'get_stocks_dag', 'AAPL', 'scheduled__2023-05-02T00:00:00+00:00', '--job-id', '56', '--raw', '--subdir', 'DAGS_FOLDER/get_stocks.py', '--cfg-path', '/tmp/tmpsnf38emr', '--error-file', '/tmp/tmpoig5k5lh']
[2023-07-17 16:22:45,693] {standard_task_runner.py:80} INFO - Job 56: Subtask AAPL
[2023-07-17 16:22:46,112] {task_command.py:370} INFO - Running <TaskInstance: get_stocks_dag.AAPL scheduled__2023-05-02T00:00:00+00:00 [running]> on host lucas-Estudos
[2023-07-17 16:22:46,382] {taskinstance.py:1569} INFO - Exporting the following env vars:
AIRFLOW_CTX_DAG_OWNER=airflow
AIRFLOW_CTX_DAG_ID=get_stocks_dag
AIRFLOW_CTX_TASK_ID=AAPL
AIRFLOW_CTX_EXECUTION_DATE=2023-05-02T00:00:00+00:00
AIRFLOW_CTX_TRY_NUMBER=2
AIRFLOW_CTX_DAG_RUN_ID=scheduled__2023-05-02T00:00:00+00:00
[2023-07-17 16:22:47,233] {python.py:173} INFO - Done. Returned value was: None
[2023-07-17 16:22:47,297] {taskinstance.py:1395} INFO - Marking task as SUCCESS. dag_id=get_stocks_dag, task_id=AAPL, execution_date=20230502T000000, start_date=20230717T192245, end_date=20230717T192247
[2023-07-17 16:22:47,369] {local_task_job.py:156} INFO - Task exited with return code 0
[2023-07-17 16:22:47,566] {local_task_job.py:273} INFO - 0 downstream tasks scheduled from follow-on schedule check
