[2023-07-08 01:05:19,961] {taskinstance.py:1159} INFO - Dependencies all met for <TaskInstance: dados_climaticos.cria_pasta scheduled__2022-08-15T00:00:00+00:00 [queued]>
[2023-07-08 01:05:19,967] {taskinstance.py:1159} INFO - Dependencies all met for <TaskInstance: dados_climaticos.cria_pasta scheduled__2022-08-15T00:00:00+00:00 [queued]>
[2023-07-08 01:05:19,968] {taskinstance.py:1356} INFO - 
--------------------------------------------------------------------------------
[2023-07-08 01:05:19,968] {taskinstance.py:1357} INFO - Starting attempt 1 of 1
[2023-07-08 01:05:19,968] {taskinstance.py:1358} INFO - 
--------------------------------------------------------------------------------
[2023-07-08 01:05:19,980] {taskinstance.py:1377} INFO - Executing <Task(BashOperator): cria_pasta> on 2022-08-15 00:00:00+00:00
[2023-07-08 01:05:19,984] {standard_task_runner.py:52} INFO - Started process 37705 to run task
[2023-07-08 01:05:19,987] {standard_task_runner.py:79} INFO - Running: ['airflow', 'tasks', 'run', 'dados_climaticos', 'cria_pasta', 'scheduled__2022-08-15T00:00:00+00:00', '--job-id', '24', '--raw', '--subdir', 'DAGS_FOLDER/dados_climaticos.py', '--cfg-path', '/tmp/tmpq59j2g5f', '--error-file', '/tmp/tmp77m0c0o6']
[2023-07-08 01:05:19,987] {standard_task_runner.py:80} INFO - Job 24: Subtask cria_pasta
[2023-07-08 01:05:20,025] {task_command.py:370} INFO - Running <TaskInstance: dados_climaticos.cria_pasta scheduled__2022-08-15T00:00:00+00:00 [running]> on host lucas-Estudos
[2023-07-08 01:05:20,077] {taskinstance.py:1569} INFO - Exporting the following env vars:
AIRFLOW_CTX_DAG_OWNER=airflow
AIRFLOW_CTX_DAG_ID=dados_climaticos
AIRFLOW_CTX_TASK_ID=cria_pasta
AIRFLOW_CTX_EXECUTION_DATE=2022-08-15T00:00:00+00:00
AIRFLOW_CTX_TRY_NUMBER=1
AIRFLOW_CTX_DAG_RUN_ID=scheduled__2022-08-15T00:00:00+00:00
[2023-07-08 01:05:20,078] {subprocess.py:62} INFO - Tmp dir root location: 
 /tmp
[2023-07-08 01:05:20,078] {subprocess.py:74} INFO - Running command: ['bash', '-c', 'mkdir -p "/home/lucas/Área de Trabalho/apresentação/DadosExtraidos/semana=2022-08-22"']
[2023-07-08 01:05:20,087] {subprocess.py:85} INFO - Output:
[2023-07-08 01:05:20,090] {subprocess.py:96} INFO - Command exited with return code 0
[2023-07-08 01:05:20,109] {taskinstance.py:1395} INFO - Marking task as SUCCESS. dag_id=dados_climaticos, task_id=cria_pasta, execution_date=20220815T000000, start_date=20230708T040519, end_date=20230708T040520
[2023-07-08 01:05:20,158] {local_task_job.py:156} INFO - Task exited with return code 0
[2023-07-08 01:05:20,183] {local_task_job.py:273} INFO - 1 downstream tasks scheduled from follow-on schedule check
