[2023-07-17 16:23:42,875] {taskinstance.py:1159} INFO - Dependencies all met for <TaskInstance: get_stocks_dag.MSFT scheduled__2023-07-05T00:00:00+00:00 [queued]>
[2023-07-17 16:23:42,888] {taskinstance.py:1159} INFO - Dependencies all met for <TaskInstance: get_stocks_dag.MSFT scheduled__2023-07-05T00:00:00+00:00 [queued]>
[2023-07-17 16:23:42,889] {taskinstance.py:1356} INFO - 
--------------------------------------------------------------------------------
[2023-07-17 16:23:42,889] {taskinstance.py:1357} INFO - Starting attempt 1 of 1
[2023-07-17 16:23:42,889] {taskinstance.py:1358} INFO - 
--------------------------------------------------------------------------------
[2023-07-17 16:23:42,917] {taskinstance.py:1377} INFO - Executing <Task(_PythonDecoratedOperator): MSFT> on 2023-07-05 00:00:00+00:00
[2023-07-17 16:23:42,957] {standard_task_runner.py:52} INFO - Started process 12154 to run task
[2023-07-17 16:23:42,965] {standard_task_runner.py:79} INFO - Running: ['airflow', 'tasks', 'run', 'get_stocks_dag', 'MSFT', 'scheduled__2023-07-05T00:00:00+00:00', '--job-id', '241', '--raw', '--subdir', 'DAGS_FOLDER/get_stocks.py', '--cfg-path', '/tmp/tmpdjaqu4o3', '--error-file', '/tmp/tmpq1sk_c0s']
[2023-07-17 16:23:42,985] {standard_task_runner.py:80} INFO - Job 241: Subtask MSFT
[2023-07-17 16:23:43,169] {task_command.py:370} INFO - Running <TaskInstance: get_stocks_dag.MSFT scheduled__2023-07-05T00:00:00+00:00 [running]> on host lucas-Estudos
[2023-07-17 16:23:43,472] {taskinstance.py:1569} INFO - Exporting the following env vars:
AIRFLOW_CTX_DAG_OWNER=airflow
AIRFLOW_CTX_DAG_ID=get_stocks_dag
AIRFLOW_CTX_TASK_ID=MSFT
AIRFLOW_CTX_EXECUTION_DATE=2023-07-05T00:00:00+00:00
AIRFLOW_CTX_TRY_NUMBER=1
AIRFLOW_CTX_DAG_RUN_ID=scheduled__2023-07-05T00:00:00+00:00
[2023-07-17 16:23:44,063] {base.py:297} ERROR - MSFT: No price data found, symbol may be delisted (1h 2023-07-04 -> 2023-07-05)
[2023-07-17 16:23:44,069] {python.py:173} INFO - Done. Returned value was: None
[2023-07-17 16:23:44,115] {taskinstance.py:1395} INFO - Marking task as SUCCESS. dag_id=get_stocks_dag, task_id=MSFT, execution_date=20230705T000000, start_date=20230717T192342, end_date=20230717T192344
[2023-07-17 16:23:44,167] {local_task_job.py:156} INFO - Task exited with return code 0
[2023-07-17 16:23:44,280] {local_task_job.py:273} INFO - 0 downstream tasks scheduled from follow-on schedule check
[2023-07-17 16:55:03,681] {taskinstance.py:1159} INFO - Dependencies all met for <TaskInstance: get_stocks_dag.MSFT scheduled__2023-07-05T00:00:00+00:00 [queued]>
[2023-07-17 16:55:03,700] {taskinstance.py:1159} INFO - Dependencies all met for <TaskInstance: get_stocks_dag.MSFT scheduled__2023-07-05T00:00:00+00:00 [queued]>
[2023-07-17 16:55:03,701] {taskinstance.py:1356} INFO - 
--------------------------------------------------------------------------------
[2023-07-17 16:55:03,701] {taskinstance.py:1357} INFO - Starting attempt 1 of 1
[2023-07-17 16:55:03,701] {taskinstance.py:1358} INFO - 
--------------------------------------------------------------------------------
[2023-07-17 16:55:03,790] {taskinstance.py:1377} INFO - Executing <Task(_PythonDecoratedOperator): MSFT> on 2023-07-05 00:00:00+00:00
[2023-07-17 16:55:03,798] {standard_task_runner.py:52} INFO - Started process 24986 to run task
[2023-07-17 16:55:03,806] {standard_task_runner.py:79} INFO - Running: ['airflow', 'tasks', 'run', 'get_stocks_dag', 'MSFT', 'scheduled__2023-07-05T00:00:00+00:00', '--job-id', '455', '--raw', '--subdir', 'DAGS_FOLDER/get_stocks.py', '--cfg-path', '/tmp/tmpb4df5k5e', '--error-file', '/tmp/tmpsooaw3su']
[2023-07-17 16:55:03,807] {standard_task_runner.py:80} INFO - Job 455: Subtask MSFT
[2023-07-17 16:55:03,990] {task_command.py:370} INFO - Running <TaskInstance: get_stocks_dag.MSFT scheduled__2023-07-05T00:00:00+00:00 [running]> on host lucas-Estudos
[2023-07-17 16:55:04,245] {taskinstance.py:1569} INFO - Exporting the following env vars:
AIRFLOW_CTX_DAG_OWNER=airflow
AIRFLOW_CTX_DAG_ID=get_stocks_dag
AIRFLOW_CTX_TASK_ID=MSFT
AIRFLOW_CTX_EXECUTION_DATE=2023-07-05T00:00:00+00:00
AIRFLOW_CTX_TRY_NUMBER=1
AIRFLOW_CTX_DAG_RUN_ID=scheduled__2023-07-05T00:00:00+00:00
[2023-07-17 16:55:04,878] {base.py:297} ERROR - MSFT: No price data found, symbol may be delisted (1h 2023-07-04 -> 2023-07-05)
[2023-07-17 16:55:04,882] {python.py:173} INFO - Done. Returned value was: None
[2023-07-17 16:55:04,925] {taskinstance.py:1395} INFO - Marking task as SUCCESS. dag_id=get_stocks_dag, task_id=MSFT, execution_date=20230705T000000, start_date=20230717T195503, end_date=20230717T195504
[2023-07-17 16:55:05,000] {local_task_job.py:156} INFO - Task exited with return code 0
[2023-07-17 16:55:05,086] {local_task_job.py:273} INFO - 0 downstream tasks scheduled from follow-on schedule check
[2023-07-17 21:08:25,470] {taskinstance.py:1159} INFO - Dependencies all met for <TaskInstance: get_stocks_dag.MSFT scheduled__2023-07-05T00:00:00+00:00 [queued]>
[2023-07-17 21:08:25,480] {taskinstance.py:1159} INFO - Dependencies all met for <TaskInstance: get_stocks_dag.MSFT scheduled__2023-07-05T00:00:00+00:00 [queued]>
[2023-07-17 21:08:25,480] {taskinstance.py:1356} INFO - 
--------------------------------------------------------------------------------
[2023-07-17 21:08:25,480] {taskinstance.py:1357} INFO - Starting attempt 1 of 1
[2023-07-17 21:08:25,480] {taskinstance.py:1358} INFO - 
--------------------------------------------------------------------------------
[2023-07-17 21:08:25,491] {taskinstance.py:1377} INFO - Executing <Task(_PythonDecoratedOperator): MSFT> on 2023-07-05 00:00:00+00:00
[2023-07-17 21:08:25,496] {standard_task_runner.py:52} INFO - Started process 35437 to run task
[2023-07-17 21:08:25,498] {standard_task_runner.py:79} INFO - Running: ['airflow', 'tasks', 'run', 'get_stocks_dag', 'MSFT', 'scheduled__2023-07-05T00:00:00+00:00', '--job-id', '673', '--raw', '--subdir', 'DAGS_FOLDER/get_stocks.py', '--cfg-path', '/tmp/tmpoaq7ma0c', '--error-file', '/tmp/tmp67bs87_f']
[2023-07-17 21:08:25,499] {standard_task_runner.py:80} INFO - Job 673: Subtask MSFT
[2023-07-17 21:08:25,659] {task_command.py:370} INFO - Running <TaskInstance: get_stocks_dag.MSFT scheduled__2023-07-05T00:00:00+00:00 [running]> on host lucas-Estudos
[2023-07-17 21:08:25,901] {taskinstance.py:1569} INFO - Exporting the following env vars:
AIRFLOW_CTX_DAG_OWNER=airflow
AIRFLOW_CTX_DAG_ID=get_stocks_dag
AIRFLOW_CTX_TASK_ID=MSFT
AIRFLOW_CTX_EXECUTION_DATE=2023-07-05T00:00:00+00:00
AIRFLOW_CTX_TRY_NUMBER=1
AIRFLOW_CTX_DAG_RUN_ID=scheduled__2023-07-05T00:00:00+00:00
[2023-07-17 21:08:38,505] {base.py:297} ERROR - MSFT: No price data found, symbol may be delisted (1h 2023-07-04 -> 2023-07-05)
[2023-07-17 21:08:38,513] {python.py:173} INFO - Done. Returned value was: None
[2023-07-17 21:08:38,563] {taskinstance.py:1395} INFO - Marking task as SUCCESS. dag_id=get_stocks_dag, task_id=MSFT, execution_date=20230705T000000, start_date=20230718T000825, end_date=20230718T000838
[2023-07-17 21:08:38,611] {local_task_job.py:156} INFO - Task exited with return code 0
[2023-07-17 21:08:38,709] {local_task_job.py:273} INFO - 0 downstream tasks scheduled from follow-on schedule check
[2023-07-17 22:17:52,482] {taskinstance.py:1159} INFO - Dependencies all met for <TaskInstance: get_stocks_dag.MSFT scheduled__2023-07-05T00:00:00+00:00 [queued]>
[2023-07-17 22:17:52,496] {taskinstance.py:1159} INFO - Dependencies all met for <TaskInstance: get_stocks_dag.MSFT scheduled__2023-07-05T00:00:00+00:00 [queued]>
[2023-07-17 22:17:52,496] {taskinstance.py:1356} INFO - 
--------------------------------------------------------------------------------
[2023-07-17 22:17:52,496] {taskinstance.py:1357} INFO - Starting attempt 1 of 1
[2023-07-17 22:17:52,497] {taskinstance.py:1358} INFO - 
--------------------------------------------------------------------------------
[2023-07-17 22:17:52,512] {taskinstance.py:1377} INFO - Executing <Task(_PythonDecoratedOperator): MSFT> on 2023-07-05 00:00:00+00:00
[2023-07-17 22:17:52,519] {standard_task_runner.py:52} INFO - Started process 94218 to run task
[2023-07-17 22:17:52,523] {standard_task_runner.py:79} INFO - Running: ['airflow', 'tasks', 'run', 'get_stocks_dag', 'MSFT', 'scheduled__2023-07-05T00:00:00+00:00', '--job-id', '1087', '--raw', '--subdir', 'DAGS_FOLDER/get_stocks.py', '--cfg-path', '/tmp/tmpp4vfj565', '--error-file', '/tmp/tmpo03881d0']
[2023-07-17 22:17:52,524] {standard_task_runner.py:80} INFO - Job 1087: Subtask MSFT
[2023-07-17 22:17:52,610] {task_command.py:370} INFO - Running <TaskInstance: get_stocks_dag.MSFT scheduled__2023-07-05T00:00:00+00:00 [running]> on host lucas-Estudos
[2023-07-17 22:17:52,681] {taskinstance.py:1569} INFO - Exporting the following env vars:
AIRFLOW_CTX_DAG_OWNER=airflow
AIRFLOW_CTX_DAG_ID=get_stocks_dag
AIRFLOW_CTX_TASK_ID=MSFT
AIRFLOW_CTX_EXECUTION_DATE=2023-07-05T00:00:00+00:00
AIRFLOW_CTX_TRY_NUMBER=1
AIRFLOW_CTX_DAG_RUN_ID=scheduled__2023-07-05T00:00:00+00:00
[2023-07-17 22:18:01,559] {base.py:297} ERROR - MSFT: No price data found, symbol may be delisted (1h 2023-07-04 -> 2023-07-05)
[2023-07-17 22:18:01,567] {python.py:173} INFO - Done. Returned value was: None
[2023-07-17 22:18:01,620] {taskinstance.py:1395} INFO - Marking task as SUCCESS. dag_id=get_stocks_dag, task_id=MSFT, execution_date=20230705T000000, start_date=20230718T011752, end_date=20230718T011801
[2023-07-17 22:18:01,699] {local_task_job.py:156} INFO - Task exited with return code 0
[2023-07-17 22:18:01,805] {local_task_job.py:273} INFO - 0 downstream tasks scheduled from follow-on schedule check
[2023-07-18 11:10:26,485] {taskinstance.py:1159} INFO - Dependencies all met for <TaskInstance: get_stocks_dag.MSFT scheduled__2023-07-05T00:00:00+00:00 [queued]>
[2023-07-18 11:10:26,496] {taskinstance.py:1159} INFO - Dependencies all met for <TaskInstance: get_stocks_dag.MSFT scheduled__2023-07-05T00:00:00+00:00 [queued]>
[2023-07-18 11:10:26,496] {taskinstance.py:1356} INFO - 
--------------------------------------------------------------------------------
[2023-07-18 11:10:26,497] {taskinstance.py:1357} INFO - Starting attempt 1 of 1
[2023-07-18 11:10:26,497] {taskinstance.py:1358} INFO - 
--------------------------------------------------------------------------------
[2023-07-18 11:10:26,511] {taskinstance.py:1377} INFO - Executing <Task(_PythonDecoratedOperator): MSFT> on 2023-07-05 00:00:00+00:00
[2023-07-18 11:10:26,520] {standard_task_runner.py:52} INFO - Started process 27890 to run task
[2023-07-18 11:10:26,523] {standard_task_runner.py:79} INFO - Running: ['airflow', 'tasks', 'run', 'get_stocks_dag', 'MSFT', 'scheduled__2023-07-05T00:00:00+00:00', '--job-id', '1602', '--raw', '--subdir', 'DAGS_FOLDER/get_stocks.py', '--cfg-path', '/tmp/tmp2ct3bx3d', '--error-file', '/tmp/tmpsd23sen5']
[2023-07-18 11:10:26,524] {standard_task_runner.py:80} INFO - Job 1602: Subtask MSFT
[2023-07-18 11:10:26,593] {task_command.py:370} INFO - Running <TaskInstance: get_stocks_dag.MSFT scheduled__2023-07-05T00:00:00+00:00 [running]> on host lucas-Estudos
[2023-07-18 11:10:26,669] {taskinstance.py:1569} INFO - Exporting the following env vars:
AIRFLOW_CTX_DAG_OWNER=airflow
AIRFLOW_CTX_DAG_ID=get_stocks_dag
AIRFLOW_CTX_TASK_ID=MSFT
AIRFLOW_CTX_EXECUTION_DATE=2023-07-05T00:00:00+00:00
AIRFLOW_CTX_TRY_NUMBER=1
AIRFLOW_CTX_DAG_RUN_ID=scheduled__2023-07-05T00:00:00+00:00
[2023-07-18 11:10:28,199] {taskinstance.py:1889} ERROR - Task failed with exception
Traceback (most recent call last):
  File "/home/lucas/.local/lib/python3.10/site-packages/airflow/decorators/base.py", line 179, in execute
    return_value = super().execute(context)
  File "/home/lucas/.local/lib/python3.10/site-packages/airflow/operators/python.py", line 171, in execute
    return_value = self.execute_callable()
  File "/home/lucas/.local/lib/python3.10/site-packages/airflow/operators/python.py", line 189, in execute_callable
    return self.python_callable(*self.op_args, **self.op_kwargs)
  File "/home/lucas/Ãrea de Trabalho/Alura/EngenhariaDados/3-Executores do Airflow/Local and Celery/airflow_pipeline/dags/get_stocks.py", line 19, in get_history
    yfinance.Ticker(ticker).history(
  File "/home/lucas/.local/lib/python3.10/site-packages/yfinance/utils.py", line 105, in wrapper
    result = func(*args, **kwargs)
  File "/home/lucas/.local/lib/python3.10/site-packages/yfinance/base.py", line 299, in history
    logger.debug(f'{self.ticker}: yfinance received OHLC data: {quotes.index[0]} -> {quotes.index[-1]}')
  File "/home/lucas/.local/lib/python3.10/site-packages/pandas/core/indexes/base.py", line 5175, in __getitem__
    return getitem(key)
  File "/home/lucas/.local/lib/python3.10/site-packages/pandas/core/arrays/datetimelike.py", line 370, in __getitem__
    "Union[DatetimeLikeArrayT, DTScalarOrNaT]", super().__getitem__(key)
  File "/home/lucas/.local/lib/python3.10/site-packages/pandas/core/arrays/_mixins.py", line 272, in __getitem__
    result = self._ndarray[key]
IndexError: index 0 is out of bounds for axis 0 with size 0
[2023-07-18 11:10:28,250] {taskinstance.py:1395} INFO - Marking task as FAILED. dag_id=get_stocks_dag, task_id=MSFT, execution_date=20230705T000000, start_date=20230718T141026, end_date=20230718T141028
[2023-07-18 11:10:28,274] {standard_task_runner.py:92} ERROR - Failed to execute job 1602 for task MSFT (index 0 is out of bounds for axis 0 with size 0; 27890)
[2023-07-18 11:10:28,302] {local_task_job.py:156} INFO - Task exited with return code 1
[2023-07-18 11:10:28,406] {local_task_job.py:273} INFO - 0 downstream tasks scheduled from follow-on schedule check
