[2023-07-17 21:59:52,459] {taskinstance.py:1159} INFO - Dependencies all met for <TaskInstance: get_crypto_dag.ETH scheduled__2023-05-15T00:00:00+00:00 [queued]>
[2023-07-17 21:59:52,470] {taskinstance.py:1159} INFO - Dependencies all met for <TaskInstance: get_crypto_dag.ETH scheduled__2023-05-15T00:00:00+00:00 [queued]>
[2023-07-17 21:59:52,470] {taskinstance.py:1356} INFO - 
--------------------------------------------------------------------------------
[2023-07-17 21:59:52,470] {taskinstance.py:1357} INFO - Starting attempt 1 of 1
[2023-07-17 21:59:52,470] {taskinstance.py:1358} INFO - 
--------------------------------------------------------------------------------
[2023-07-17 21:59:52,487] {taskinstance.py:1377} INFO - Executing <Task(_PythonDecoratedOperator): ETH> on 2023-05-15 00:00:00+00:00
[2023-07-17 21:59:52,493] {standard_task_runner.py:52} INFO - Started process 57680 to run task
[2023-07-17 21:59:52,497] {standard_task_runner.py:79} INFO - Running: ['airflow', 'tasks', 'run', 'get_crypto_dag', 'ETH', 'scheduled__2023-05-15T00:00:00+00:00', '--job-id', '821', '--raw', '--subdir', 'DAGS_FOLDER/get_crypto.py', '--cfg-path', '/tmp/tmpi62651ka', '--error-file', '/tmp/tmp55iwpumv']
[2023-07-17 21:59:52,499] {standard_task_runner.py:80} INFO - Job 821: Subtask ETH
[2023-07-17 21:59:52,565] {task_command.py:370} INFO - Running <TaskInstance: get_crypto_dag.ETH scheduled__2023-05-15T00:00:00+00:00 [running]> on host lucas-Estudos
[2023-07-17 21:59:52,665] {taskinstance.py:1569} INFO - Exporting the following env vars:
AIRFLOW_CTX_DAG_OWNER=airflow
AIRFLOW_CTX_DAG_ID=get_crypto_dag
AIRFLOW_CTX_TASK_ID=ETH
AIRFLOW_CTX_EXECUTION_DATE=2023-05-15T00:00:00+00:00
AIRFLOW_CTX_TRY_NUMBER=1
AIRFLOW_CTX_DAG_RUN_ID=scheduled__2023-05-15T00:00:00+00:00
[2023-07-17 21:59:56,296] {base.py:162} ERROR - ETH: No timezone found, symbol may be delisted
[2023-07-17 21:59:56,305] {python.py:173} INFO - Done. Returned value was: None
[2023-07-17 21:59:56,350] {taskinstance.py:1395} INFO - Marking task as SUCCESS. dag_id=get_crypto_dag, task_id=ETH, execution_date=20230515T000000, start_date=20230718T005952, end_date=20230718T005956
[2023-07-17 21:59:56,404] {local_task_job.py:156} INFO - Task exited with return code 0
[2023-07-17 21:59:56,507] {local_task_job.py:273} INFO - 0 downstream tasks scheduled from follow-on schedule check
[2023-07-18 10:31:46,911] {taskinstance.py:1159} INFO - Dependencies all met for <TaskInstance: get_crypto_dag.ETH scheduled__2023-05-15T00:00:00+00:00 [queued]>
[2023-07-18 10:31:46,938] {taskinstance.py:1159} INFO - Dependencies all met for <TaskInstance: get_crypto_dag.ETH scheduled__2023-05-15T00:00:00+00:00 [queued]>
[2023-07-18 10:31:46,938] {taskinstance.py:1356} INFO - 
--------------------------------------------------------------------------------
[2023-07-18 10:31:46,939] {taskinstance.py:1357} INFO - Starting attempt 1 of 1
[2023-07-18 10:31:46,939] {taskinstance.py:1358} INFO - 
--------------------------------------------------------------------------------
[2023-07-18 10:31:46,972] {taskinstance.py:1377} INFO - Executing <Task(_PythonDecoratedOperator): ETH> on 2023-05-15 00:00:00+00:00
[2023-07-18 10:31:46,982] {standard_task_runner.py:52} INFO - Started process 13074 to run task
[2023-07-18 10:31:46,992] {standard_task_runner.py:79} INFO - Running: ['airflow', 'tasks', 'run', 'get_crypto_dag', 'ETH', 'scheduled__2023-05-15T00:00:00+00:00', '--job-id', '1250', '--raw', '--subdir', 'DAGS_FOLDER/get_crypto.py', '--cfg-path', '/tmp/tmpfpe39r7l', '--error-file', '/tmp/tmpqg7si5iq']
[2023-07-18 10:31:46,995] {standard_task_runner.py:80} INFO - Job 1250: Subtask ETH
[2023-07-18 10:31:47,147] {task_command.py:370} INFO - Running <TaskInstance: get_crypto_dag.ETH scheduled__2023-05-15T00:00:00+00:00 [running]> on host lucas-Estudos
[2023-07-18 10:31:47,270] {taskinstance.py:1569} INFO - Exporting the following env vars:
AIRFLOW_CTX_DAG_OWNER=airflow
AIRFLOW_CTX_DAG_ID=get_crypto_dag
AIRFLOW_CTX_TASK_ID=ETH
AIRFLOW_CTX_EXECUTION_DATE=2023-05-15T00:00:00+00:00
AIRFLOW_CTX_TRY_NUMBER=1
AIRFLOW_CTX_DAG_RUN_ID=scheduled__2023-05-15T00:00:00+00:00
[2023-07-18 10:31:47,727] {base.py:162} ERROR - ETH: No timezone found, symbol may be delisted
[2023-07-18 10:31:47,737] {python.py:173} INFO - Done. Returned value was: None
[2023-07-18 10:31:47,791] {taskinstance.py:1395} INFO - Marking task as SUCCESS. dag_id=get_crypto_dag, task_id=ETH, execution_date=20230515T000000, start_date=20230718T133146, end_date=20230718T133147
[2023-07-18 10:31:47,848] {local_task_job.py:156} INFO - Task exited with return code 0
[2023-07-18 10:31:47,953] {local_task_job.py:273} INFO - 0 downstream tasks scheduled from follow-on schedule check
