[2023-07-17 16:22:55,924] {taskinstance.py:1159} INFO - Dependencies all met for <TaskInstance: get_stocks_dag.MSFT scheduled__2023-05-17T00:00:00+00:00 [queued]>
[2023-07-17 16:22:55,940] {taskinstance.py:1159} INFO - Dependencies all met for <TaskInstance: get_stocks_dag.MSFT scheduled__2023-05-17T00:00:00+00:00 [queued]>
[2023-07-17 16:22:55,940] {taskinstance.py:1356} INFO - 
--------------------------------------------------------------------------------
[2023-07-17 16:22:55,940] {taskinstance.py:1357} INFO - Starting attempt 1 of 1
[2023-07-17 16:22:55,940] {taskinstance.py:1358} INFO - 
--------------------------------------------------------------------------------
[2023-07-17 16:22:55,980] {taskinstance.py:1377} INFO - Executing <Task(_PythonDecoratedOperator): MSFT> on 2023-05-17 00:00:00+00:00
[2023-07-17 16:22:55,986] {standard_task_runner.py:52} INFO - Started process 7906 to run task
[2023-07-17 16:22:56,018] {standard_task_runner.py:79} INFO - Running: ['airflow', 'tasks', 'run', 'get_stocks_dag', 'MSFT', 'scheduled__2023-05-17T00:00:00+00:00', '--job-id', '96', '--raw', '--subdir', 'DAGS_FOLDER/get_stocks.py', '--cfg-path', '/tmp/tmp1s8u103w', '--error-file', '/tmp/tmpvic0ase5']
[2023-07-17 16:22:56,019] {standard_task_runner.py:80} INFO - Job 96: Subtask MSFT
[2023-07-17 16:22:56,265] {task_command.py:370} INFO - Running <TaskInstance: get_stocks_dag.MSFT scheduled__2023-05-17T00:00:00+00:00 [running]> on host lucas-Estudos
[2023-07-17 16:22:56,689] {taskinstance.py:1569} INFO - Exporting the following env vars:
AIRFLOW_CTX_DAG_OWNER=airflow
AIRFLOW_CTX_DAG_ID=get_stocks_dag
AIRFLOW_CTX_TASK_ID=MSFT
AIRFLOW_CTX_EXECUTION_DATE=2023-05-17T00:00:00+00:00
AIRFLOW_CTX_TRY_NUMBER=1
AIRFLOW_CTX_DAG_RUN_ID=scheduled__2023-05-17T00:00:00+00:00
[2023-07-17 16:22:57,484] {python.py:173} INFO - Done. Returned value was: None
[2023-07-17 16:22:57,613] {taskinstance.py:1395} INFO - Marking task as SUCCESS. dag_id=get_stocks_dag, task_id=MSFT, execution_date=20230517T000000, start_date=20230717T192255, end_date=20230717T192257
[2023-07-17 16:22:57,691] {local_task_job.py:156} INFO - Task exited with return code 0
[2023-07-17 16:22:57,799] {local_task_job.py:273} INFO - 0 downstream tasks scheduled from follow-on schedule check
[2023-07-17 16:54:17,708] {taskinstance.py:1159} INFO - Dependencies all met for <TaskInstance: get_stocks_dag.MSFT scheduled__2023-05-17T00:00:00+00:00 [queued]>
[2023-07-17 16:54:17,729] {taskinstance.py:1159} INFO - Dependencies all met for <TaskInstance: get_stocks_dag.MSFT scheduled__2023-05-17T00:00:00+00:00 [queued]>
[2023-07-17 16:54:17,729] {taskinstance.py:1356} INFO - 
--------------------------------------------------------------------------------
[2023-07-17 16:54:17,729] {taskinstance.py:1357} INFO - Starting attempt 1 of 1
[2023-07-17 16:54:17,729] {taskinstance.py:1358} INFO - 
--------------------------------------------------------------------------------
[2023-07-17 16:54:17,764] {taskinstance.py:1377} INFO - Executing <Task(_PythonDecoratedOperator): MSFT> on 2023-05-17 00:00:00+00:00
[2023-07-17 16:54:17,775] {standard_task_runner.py:52} INFO - Started process 20737 to run task
[2023-07-17 16:54:17,793] {standard_task_runner.py:79} INFO - Running: ['airflow', 'tasks', 'run', 'get_stocks_dag', 'MSFT', 'scheduled__2023-05-17T00:00:00+00:00', '--job-id', '315', '--raw', '--subdir', 'DAGS_FOLDER/get_stocks.py', '--cfg-path', '/tmp/tmpj3vj12ta', '--error-file', '/tmp/tmp2aojlmu1']
[2023-07-17 16:54:17,794] {standard_task_runner.py:80} INFO - Job 315: Subtask MSFT
[2023-07-17 16:54:18,004] {task_command.py:370} INFO - Running <TaskInstance: get_stocks_dag.MSFT scheduled__2023-05-17T00:00:00+00:00 [running]> on host lucas-Estudos
[2023-07-17 16:54:18,344] {taskinstance.py:1569} INFO - Exporting the following env vars:
AIRFLOW_CTX_DAG_OWNER=airflow
AIRFLOW_CTX_DAG_ID=get_stocks_dag
AIRFLOW_CTX_TASK_ID=MSFT
AIRFLOW_CTX_EXECUTION_DATE=2023-05-17T00:00:00+00:00
AIRFLOW_CTX_TRY_NUMBER=1
AIRFLOW_CTX_DAG_RUN_ID=scheduled__2023-05-17T00:00:00+00:00
[2023-07-17 16:54:19,038] {python.py:173} INFO - Done. Returned value was: None
[2023-07-17 16:54:19,076] {taskinstance.py:1395} INFO - Marking task as SUCCESS. dag_id=get_stocks_dag, task_id=MSFT, execution_date=20230517T000000, start_date=20230717T195417, end_date=20230717T195419
[2023-07-17 16:54:19,205] {local_task_job.py:156} INFO - Task exited with return code 0
[2023-07-17 16:54:19,441] {local_task_job.py:273} INFO - 0 downstream tasks scheduled from follow-on schedule check
[2023-07-17 20:58:55,257] {taskinstance.py:1159} INFO - Dependencies all met for <TaskInstance: get_stocks_dag.MSFT scheduled__2023-05-17T00:00:00+00:00 [queued]>
[2023-07-17 20:58:55,265] {taskinstance.py:1159} INFO - Dependencies all met for <TaskInstance: get_stocks_dag.MSFT scheduled__2023-05-17T00:00:00+00:00 [queued]>
[2023-07-17 20:58:55,265] {taskinstance.py:1356} INFO - 
--------------------------------------------------------------------------------
[2023-07-17 20:58:55,265] {taskinstance.py:1357} INFO - Starting attempt 1 of 1
[2023-07-17 20:58:55,265] {taskinstance.py:1358} INFO - 
--------------------------------------------------------------------------------
[2023-07-17 20:58:55,274] {taskinstance.py:1377} INFO - Executing <Task(_PythonDecoratedOperator): MSFT> on 2023-05-17 00:00:00+00:00
[2023-07-17 20:58:55,279] {standard_task_runner.py:52} INFO - Started process 18089 to run task
[2023-07-17 20:58:55,281] {standard_task_runner.py:79} INFO - Running: ['airflow', 'tasks', 'run', 'get_stocks_dag', 'MSFT', 'scheduled__2023-05-17T00:00:00+00:00', '--job-id', '533', '--raw', '--subdir', 'DAGS_FOLDER/get_stocks.py', '--cfg-path', '/tmp/tmpwobstla5', '--error-file', '/tmp/tmpnl5wub_e']
[2023-07-17 20:58:55,282] {standard_task_runner.py:80} INFO - Job 533: Subtask MSFT
[2023-07-17 20:58:55,346] {task_command.py:370} INFO - Running <TaskInstance: get_stocks_dag.MSFT scheduled__2023-05-17T00:00:00+00:00 [running]> on host lucas-Estudos
[2023-07-17 20:58:55,417] {taskinstance.py:1569} INFO - Exporting the following env vars:
AIRFLOW_CTX_DAG_OWNER=airflow
AIRFLOW_CTX_DAG_ID=get_stocks_dag
AIRFLOW_CTX_TASK_ID=MSFT
AIRFLOW_CTX_EXECUTION_DATE=2023-05-17T00:00:00+00:00
AIRFLOW_CTX_TRY_NUMBER=1
AIRFLOW_CTX_DAG_RUN_ID=scheduled__2023-05-17T00:00:00+00:00
[2023-07-17 20:59:05,532] {python.py:173} INFO - Done. Returned value was: None
[2023-07-17 20:59:05,588] {taskinstance.py:1395} INFO - Marking task as SUCCESS. dag_id=get_stocks_dag, task_id=MSFT, execution_date=20230517T000000, start_date=20230717T235855, end_date=20230717T235905
[2023-07-17 20:59:05,656] {local_task_job.py:156} INFO - Task exited with return code 0
[2023-07-17 20:59:05,765] {local_task_job.py:273} INFO - 0 downstream tasks scheduled from follow-on schedule check
[2023-07-17 21:58:49,832] {taskinstance.py:1159} INFO - Dependencies all met for <TaskInstance: get_stocks_dag.MSFT scheduled__2023-05-17T00:00:00+00:00 [queued]>
[2023-07-17 21:58:49,856] {taskinstance.py:1159} INFO - Dependencies all met for <TaskInstance: get_stocks_dag.MSFT scheduled__2023-05-17T00:00:00+00:00 [queued]>
[2023-07-17 21:58:49,856] {taskinstance.py:1356} INFO - 
--------------------------------------------------------------------------------
[2023-07-17 21:58:49,856] {taskinstance.py:1357} INFO - Starting attempt 1 of 1
[2023-07-17 21:58:49,856] {taskinstance.py:1358} INFO - 
--------------------------------------------------------------------------------
[2023-07-17 21:58:49,874] {taskinstance.py:1377} INFO - Executing <Task(_PythonDecoratedOperator): MSFT> on 2023-05-17 00:00:00+00:00
[2023-07-17 21:58:49,882] {standard_task_runner.py:52} INFO - Started process 55581 to run task
[2023-07-17 21:58:49,888] {standard_task_runner.py:79} INFO - Running: ['airflow', 'tasks', 'run', 'get_stocks_dag', 'MSFT', 'scheduled__2023-05-17T00:00:00+00:00', '--job-id', '805', '--raw', '--subdir', 'DAGS_FOLDER/get_stocks.py', '--cfg-path', '/tmp/tmpxxmtypaw', '--error-file', '/tmp/tmpj9z8t99a']
[2023-07-17 21:58:49,889] {standard_task_runner.py:80} INFO - Job 805: Subtask MSFT
[2023-07-17 21:58:50,007] {task_command.py:370} INFO - Running <TaskInstance: get_stocks_dag.MSFT scheduled__2023-05-17T00:00:00+00:00 [running]> on host lucas-Estudos
[2023-07-17 21:58:50,111] {taskinstance.py:1569} INFO - Exporting the following env vars:
AIRFLOW_CTX_DAG_OWNER=airflow
AIRFLOW_CTX_DAG_ID=get_stocks_dag
AIRFLOW_CTX_TASK_ID=MSFT
AIRFLOW_CTX_EXECUTION_DATE=2023-05-17T00:00:00+00:00
AIRFLOW_CTX_TRY_NUMBER=1
AIRFLOW_CTX_DAG_RUN_ID=scheduled__2023-05-17T00:00:00+00:00
[2023-07-17 21:59:02,897] {python.py:173} INFO - Done. Returned value was: None
[2023-07-17 21:59:02,974] {taskinstance.py:1395} INFO - Marking task as SUCCESS. dag_id=get_stocks_dag, task_id=MSFT, execution_date=20230517T000000, start_date=20230718T005849, end_date=20230718T005902
[2023-07-17 21:59:03,031] {local_task_job.py:156} INFO - Task exited with return code 0
[2023-07-17 21:59:03,173] {local_task_job.py:273} INFO - 0 downstream tasks scheduled from follow-on schedule check
[2023-07-18 10:33:02,000] {taskinstance.py:1159} INFO - Dependencies all met for <TaskInstance: get_stocks_dag.MSFT scheduled__2023-05-17T00:00:00+00:00 [queued]>
[2023-07-18 10:33:02,022] {taskinstance.py:1159} INFO - Dependencies all met for <TaskInstance: get_stocks_dag.MSFT scheduled__2023-05-17T00:00:00+00:00 [queued]>
[2023-07-18 10:33:02,022] {taskinstance.py:1356} INFO - 
--------------------------------------------------------------------------------
[2023-07-18 10:33:02,022] {taskinstance.py:1357} INFO - Starting attempt 1 of 1
[2023-07-18 10:33:02,022] {taskinstance.py:1358} INFO - 
--------------------------------------------------------------------------------
[2023-07-18 10:33:02,053] {taskinstance.py:1377} INFO - Executing <Task(_PythonDecoratedOperator): MSFT> on 2023-05-17 00:00:00+00:00
[2023-07-18 10:33:02,062] {standard_task_runner.py:52} INFO - Started process 13428 to run task
[2023-07-18 10:33:02,068] {standard_task_runner.py:79} INFO - Running: ['airflow', 'tasks', 'run', 'get_stocks_dag', 'MSFT', 'scheduled__2023-05-17T00:00:00+00:00', '--job-id', '1262', '--raw', '--subdir', 'DAGS_FOLDER/get_stocks.py', '--cfg-path', '/tmp/tmpqioc38y5', '--error-file', '/tmp/tmpde4ljkh4']
[2023-07-18 10:33:02,070] {standard_task_runner.py:80} INFO - Job 1262: Subtask MSFT
[2023-07-18 10:33:02,253] {task_command.py:370} INFO - Running <TaskInstance: get_stocks_dag.MSFT scheduled__2023-05-17T00:00:00+00:00 [running]> on host lucas-Estudos
[2023-07-18 10:33:02,465] {taskinstance.py:1569} INFO - Exporting the following env vars:
AIRFLOW_CTX_DAG_OWNER=airflow
AIRFLOW_CTX_DAG_ID=get_stocks_dag
AIRFLOW_CTX_TASK_ID=MSFT
AIRFLOW_CTX_EXECUTION_DATE=2023-05-17T00:00:00+00:00
AIRFLOW_CTX_TRY_NUMBER=1
AIRFLOW_CTX_DAG_RUN_ID=scheduled__2023-05-17T00:00:00+00:00
[2023-07-18 10:33:03,146] {python.py:173} INFO - Done. Returned value was: None
[2023-07-18 10:33:03,196] {taskinstance.py:1395} INFO - Marking task as SUCCESS. dag_id=get_stocks_dag, task_id=MSFT, execution_date=20230517T000000, start_date=20230718T133302, end_date=20230718T133303
[2023-07-18 10:33:03,246] {local_task_job.py:156} INFO - Task exited with return code 0
[2023-07-18 10:33:03,323] {local_task_job.py:273} INFO - 0 downstream tasks scheduled from follow-on schedule check
