[2023-07-18 11:07:57,796] {taskinstance.py:1159} INFO - Dependencies all met for <TaskInstance: get_crypto_dag.BTC scheduled__2023-07-01T00:00:00+00:00 [queued]>
[2023-07-18 11:07:57,817] {taskinstance.py:1159} INFO - Dependencies all met for <TaskInstance: get_crypto_dag.BTC scheduled__2023-07-01T00:00:00+00:00 [queued]>
[2023-07-18 11:07:57,817] {taskinstance.py:1356} INFO - 
--------------------------------------------------------------------------------
[2023-07-18 11:07:57,817] {taskinstance.py:1357} INFO - Starting attempt 1 of 1
[2023-07-18 11:07:57,818] {taskinstance.py:1358} INFO - 
--------------------------------------------------------------------------------
[2023-07-18 11:07:57,846] {taskinstance.py:1377} INFO - Executing <Task(_PythonDecoratedOperator): BTC> on 2023-07-01 00:00:00+00:00
[2023-07-18 11:07:57,855] {standard_task_runner.py:52} INFO - Started process 27142 to run task
[2023-07-18 11:07:57,862] {standard_task_runner.py:79} INFO - Running: ['airflow', 'tasks', 'run', 'get_crypto_dag', 'BTC', 'scheduled__2023-07-01T00:00:00+00:00', '--job-id', '1578', '--raw', '--subdir', 'DAGS_FOLDER/get_crypto.py', '--cfg-path', '/tmp/tmpls0xoinr', '--error-file', '/tmp/tmp2sydgyg2']
[2023-07-18 11:07:57,864] {standard_task_runner.py:80} INFO - Job 1578: Subtask BTC
[2023-07-18 11:07:58,051] {task_command.py:370} INFO - Running <TaskInstance: get_crypto_dag.BTC scheduled__2023-07-01T00:00:00+00:00 [running]> on host lucas-Estudos
[2023-07-18 11:07:58,257] {taskinstance.py:1569} INFO - Exporting the following env vars:
AIRFLOW_CTX_DAG_OWNER=airflow
AIRFLOW_CTX_DAG_ID=get_crypto_dag
AIRFLOW_CTX_TASK_ID=BTC
AIRFLOW_CTX_EXECUTION_DATE=2023-07-01T00:00:00+00:00
AIRFLOW_CTX_TRY_NUMBER=1
AIRFLOW_CTX_DAG_RUN_ID=scheduled__2023-07-01T00:00:00+00:00
[2023-07-18 11:07:58,870] {base.py:297} ERROR - BTC: No price data found, symbol may be delisted (1h 2023-06-30 -> 2023-07-01)
[2023-07-18 11:07:58,876] {python.py:173} INFO - Done. Returned value was: None
[2023-07-18 11:07:58,924] {taskinstance.py:1395} INFO - Marking task as SUCCESS. dag_id=get_crypto_dag, task_id=BTC, execution_date=20230701T000000, start_date=20230718T140757, end_date=20230718T140758
[2023-07-18 11:07:58,997] {local_task_job.py:156} INFO - Task exited with return code 0
[2023-07-18 11:07:59,106] {local_task_job.py:273} INFO - 0 downstream tasks scheduled from follow-on schedule check
