[2023-07-17 21:53:35,601] {taskinstance.py:1159} INFO - Dependencies all met for <TaskInstance: get_crypto_dag.ETH scheduled__2023-05-03T00:00:00+00:00 [queued]>
[2023-07-17 21:53:35,633] {taskinstance.py:1159} INFO - Dependencies all met for <TaskInstance: get_crypto_dag.ETH scheduled__2023-05-03T00:00:00+00:00 [queued]>
[2023-07-17 21:53:35,634] {taskinstance.py:1356} INFO - 
--------------------------------------------------------------------------------
[2023-07-17 21:53:35,634] {taskinstance.py:1357} INFO - Starting attempt 1 of 1
[2023-07-17 21:53:35,634] {taskinstance.py:1358} INFO - 
--------------------------------------------------------------------------------
[2023-07-17 21:53:35,665] {taskinstance.py:1377} INFO - Executing <Task(_PythonDecoratedOperator): ETH> on 2023-05-03 00:00:00+00:00
[2023-07-17 21:53:35,674] {standard_task_runner.py:52} INFO - Started process 44976 to run task
[2023-07-17 21:53:35,682] {standard_task_runner.py:79} INFO - Running: ['airflow', 'tasks', 'run', 'get_crypto_dag', 'ETH', 'scheduled__2023-05-03T00:00:00+00:00', '--job-id', '729', '--raw', '--subdir', 'DAGS_FOLDER/get_crypto.py', '--cfg-path', '/tmp/tmp48_jfo_g', '--error-file', '/tmp/tmpj7bgxlvn']
[2023-07-17 21:53:35,684] {standard_task_runner.py:80} INFO - Job 729: Subtask ETH
[2023-07-17 21:53:35,789] {task_command.py:370} INFO - Running <TaskInstance: get_crypto_dag.ETH scheduled__2023-05-03T00:00:00+00:00 [running]> on host lucas-Estudos
[2023-07-17 21:53:35,887] {taskinstance.py:1569} INFO - Exporting the following env vars:
AIRFLOW_CTX_DAG_OWNER=airflow
AIRFLOW_CTX_DAG_ID=get_crypto_dag
AIRFLOW_CTX_TASK_ID=ETH
AIRFLOW_CTX_EXECUTION_DATE=2023-05-03T00:00:00+00:00
AIRFLOW_CTX_TRY_NUMBER=1
AIRFLOW_CTX_DAG_RUN_ID=scheduled__2023-05-03T00:00:00+00:00
[2023-07-17 21:53:40,337] {base.py:162} ERROR - ETH: No timezone found, symbol may be delisted
[2023-07-17 21:53:40,345] {python.py:173} INFO - Done. Returned value was: None
[2023-07-17 21:53:40,397] {taskinstance.py:1395} INFO - Marking task as SUCCESS. dag_id=get_crypto_dag, task_id=ETH, execution_date=20230503T000000, start_date=20230718T005335, end_date=20230718T005340
[2023-07-17 21:53:40,470] {local_task_job.py:156} INFO - Task exited with return code 0
[2023-07-17 21:53:40,585] {local_task_job.py:273} INFO - 0 downstream tasks scheduled from follow-on schedule check
[2023-07-18 10:23:16,618] {taskinstance.py:1159} INFO - Dependencies all met for <TaskInstance: get_crypto_dag.ETH scheduled__2023-05-03T00:00:00+00:00 [queued]>
[2023-07-18 10:23:16,641] {taskinstance.py:1159} INFO - Dependencies all met for <TaskInstance: get_crypto_dag.ETH scheduled__2023-05-03T00:00:00+00:00 [queued]>
[2023-07-18 10:23:16,642] {taskinstance.py:1356} INFO - 
--------------------------------------------------------------------------------
[2023-07-18 10:23:16,642] {taskinstance.py:1357} INFO - Starting attempt 1 of 1
[2023-07-18 10:23:16,642] {taskinstance.py:1358} INFO - 
--------------------------------------------------------------------------------
[2023-07-18 10:23:16,672] {taskinstance.py:1377} INFO - Executing <Task(_PythonDecoratedOperator): ETH> on 2023-05-03 00:00:00+00:00
[2023-07-18 10:23:16,682] {standard_task_runner.py:52} INFO - Started process 10453 to run task
[2023-07-18 10:23:16,689] {standard_task_runner.py:79} INFO - Running: ['airflow', 'tasks', 'run', 'get_crypto_dag', 'ETH', 'scheduled__2023-05-03T00:00:00+00:00', '--job-id', '1170', '--raw', '--subdir', 'DAGS_FOLDER/get_crypto.py', '--cfg-path', '/tmp/tmpobb1p0xz', '--error-file', '/tmp/tmpch6xrzpc']
[2023-07-18 10:23:16,691] {standard_task_runner.py:80} INFO - Job 1170: Subtask ETH
[2023-07-18 10:23:16,878] {task_command.py:370} INFO - Running <TaskInstance: get_crypto_dag.ETH scheduled__2023-05-03T00:00:00+00:00 [running]> on host lucas-Estudos
[2023-07-18 10:23:17,091] {taskinstance.py:1569} INFO - Exporting the following env vars:
AIRFLOW_CTX_DAG_OWNER=airflow
AIRFLOW_CTX_DAG_ID=get_crypto_dag
AIRFLOW_CTX_TASK_ID=ETH
AIRFLOW_CTX_EXECUTION_DATE=2023-05-03T00:00:00+00:00
AIRFLOW_CTX_TRY_NUMBER=1
AIRFLOW_CTX_DAG_RUN_ID=scheduled__2023-05-03T00:00:00+00:00
[2023-07-18 10:23:17,668] {base.py:162} ERROR - ETH: No timezone found, symbol may be delisted
[2023-07-18 10:23:17,677] {python.py:173} INFO - Done. Returned value was: None
[2023-07-18 10:23:17,726] {taskinstance.py:1395} INFO - Marking task as SUCCESS. dag_id=get_crypto_dag, task_id=ETH, execution_date=20230503T000000, start_date=20230718T132316, end_date=20230718T132317
[2023-07-18 10:23:17,785] {local_task_job.py:156} INFO - Task exited with return code 0
[2023-07-18 10:23:17,898] {local_task_job.py:273} INFO - 0 downstream tasks scheduled from follow-on schedule check
