[2023-07-17 16:23:48,828] {taskinstance.py:1159} INFO - Dependencies all met for <TaskInstance: get_stocks_dag.AAPL scheduled__2023-07-08T00:00:00+00:00 [queued]>
[2023-07-17 16:23:48,861] {taskinstance.py:1159} INFO - Dependencies all met for <TaskInstance: get_stocks_dag.AAPL scheduled__2023-07-08T00:00:00+00:00 [queued]>
[2023-07-17 16:23:48,861] {taskinstance.py:1356} INFO - 
--------------------------------------------------------------------------------
[2023-07-17 16:23:48,862] {taskinstance.py:1357} INFO - Starting attempt 1 of 1
[2023-07-17 16:23:48,862] {taskinstance.py:1358} INFO - 
--------------------------------------------------------------------------------
[2023-07-17 16:23:48,916] {taskinstance.py:1377} INFO - Executing <Task(_PythonDecoratedOperator): AAPL> on 2023-07-08 00:00:00+00:00
[2023-07-17 16:23:48,926] {standard_task_runner.py:52} INFO - Started process 12616 to run task
[2023-07-17 16:23:48,931] {standard_task_runner.py:79} INFO - Running: ['airflow', 'tasks', 'run', 'get_stocks_dag', 'AAPL', 'scheduled__2023-07-08T00:00:00+00:00', '--job-id', '254', '--raw', '--subdir', 'DAGS_FOLDER/get_stocks.py', '--cfg-path', '/tmp/tmp887e8z4i', '--error-file', '/tmp/tmptquvvz93']
[2023-07-17 16:23:48,932] {standard_task_runner.py:80} INFO - Job 254: Subtask AAPL
[2023-07-17 16:23:49,114] {task_command.py:370} INFO - Running <TaskInstance: get_stocks_dag.AAPL scheduled__2023-07-08T00:00:00+00:00 [running]> on host lucas-Estudos
[2023-07-17 16:23:49,329] {taskinstance.py:1569} INFO - Exporting the following env vars:
AIRFLOW_CTX_DAG_OWNER=airflow
AIRFLOW_CTX_DAG_ID=get_stocks_dag
AIRFLOW_CTX_TASK_ID=AAPL
AIRFLOW_CTX_EXECUTION_DATE=2023-07-08T00:00:00+00:00
AIRFLOW_CTX_TRY_NUMBER=1
AIRFLOW_CTX_DAG_RUN_ID=scheduled__2023-07-08T00:00:00+00:00
[2023-07-17 16:23:50,490] {python.py:173} INFO - Done. Returned value was: None
[2023-07-17 16:23:50,567] {taskinstance.py:1395} INFO - Marking task as SUCCESS. dag_id=get_stocks_dag, task_id=AAPL, execution_date=20230708T000000, start_date=20230717T192348, end_date=20230717T192350
[2023-07-17 16:23:50,633] {local_task_job.py:156} INFO - Task exited with return code 0
[2023-07-17 16:23:50,723] {local_task_job.py:273} INFO - 0 downstream tasks scheduled from follow-on schedule check
[2023-07-17 16:55:10,050] {taskinstance.py:1159} INFO - Dependencies all met for <TaskInstance: get_stocks_dag.AAPL scheduled__2023-07-08T00:00:00+00:00 [queued]>
[2023-07-17 16:55:10,141] {taskinstance.py:1159} INFO - Dependencies all met for <TaskInstance: get_stocks_dag.AAPL scheduled__2023-07-08T00:00:00+00:00 [queued]>
[2023-07-17 16:55:10,141] {taskinstance.py:1356} INFO - 
--------------------------------------------------------------------------------
[2023-07-17 16:55:10,141] {taskinstance.py:1357} INFO - Starting attempt 1 of 1
[2023-07-17 16:55:10,141] {taskinstance.py:1358} INFO - 
--------------------------------------------------------------------------------
[2023-07-17 16:55:10,223] {taskinstance.py:1377} INFO - Executing <Task(_PythonDecoratedOperator): AAPL> on 2023-07-08 00:00:00+00:00
[2023-07-17 16:55:10,245] {standard_task_runner.py:52} INFO - Started process 25507 to run task
[2023-07-17 16:55:10,264] {standard_task_runner.py:79} INFO - Running: ['airflow', 'tasks', 'run', 'get_stocks_dag', 'AAPL', 'scheduled__2023-07-08T00:00:00+00:00', '--job-id', '469', '--raw', '--subdir', 'DAGS_FOLDER/get_stocks.py', '--cfg-path', '/tmp/tmpgzyq8rac', '--error-file', '/tmp/tmpe7hvtysn']
[2023-07-17 16:55:10,266] {standard_task_runner.py:80} INFO - Job 469: Subtask AAPL
[2023-07-17 16:55:10,493] {task_command.py:370} INFO - Running <TaskInstance: get_stocks_dag.AAPL scheduled__2023-07-08T00:00:00+00:00 [running]> on host lucas-Estudos
[2023-07-17 16:55:10,767] {taskinstance.py:1569} INFO - Exporting the following env vars:
AIRFLOW_CTX_DAG_OWNER=airflow
AIRFLOW_CTX_DAG_ID=get_stocks_dag
AIRFLOW_CTX_TASK_ID=AAPL
AIRFLOW_CTX_EXECUTION_DATE=2023-07-08T00:00:00+00:00
AIRFLOW_CTX_TRY_NUMBER=1
AIRFLOW_CTX_DAG_RUN_ID=scheduled__2023-07-08T00:00:00+00:00
[2023-07-17 16:55:11,985] {python.py:173} INFO - Done. Returned value was: None
[2023-07-17 16:55:12,099] {taskinstance.py:1395} INFO - Marking task as SUCCESS. dag_id=get_stocks_dag, task_id=AAPL, execution_date=20230708T000000, start_date=20230717T195510, end_date=20230717T195512
[2023-07-17 16:55:12,157] {local_task_job.py:156} INFO - Task exited with return code 0
[2023-07-17 16:55:12,381] {local_task_job.py:273} INFO - 0 downstream tasks scheduled from follow-on schedule check
[2023-07-17 21:09:11,149] {taskinstance.py:1159} INFO - Dependencies all met for <TaskInstance: get_stocks_dag.AAPL scheduled__2023-07-08T00:00:00+00:00 [queued]>
[2023-07-17 21:09:11,174] {taskinstance.py:1159} INFO - Dependencies all met for <TaskInstance: get_stocks_dag.AAPL scheduled__2023-07-08T00:00:00+00:00 [queued]>
[2023-07-17 21:09:11,174] {taskinstance.py:1356} INFO - 
--------------------------------------------------------------------------------
[2023-07-17 21:09:11,174] {taskinstance.py:1357} INFO - Starting attempt 1 of 1
[2023-07-17 21:09:11,174] {taskinstance.py:1358} INFO - 
--------------------------------------------------------------------------------
[2023-07-17 21:09:11,201] {taskinstance.py:1377} INFO - Executing <Task(_PythonDecoratedOperator): AAPL> on 2023-07-08 00:00:00+00:00
[2023-07-17 21:09:11,212] {standard_task_runner.py:52} INFO - Started process 36687 to run task
[2023-07-17 21:09:11,218] {standard_task_runner.py:79} INFO - Running: ['airflow', 'tasks', 'run', 'get_stocks_dag', 'AAPL', 'scheduled__2023-07-08T00:00:00+00:00', '--job-id', '684', '--raw', '--subdir', 'DAGS_FOLDER/get_stocks.py', '--cfg-path', '/tmp/tmpca0ywkas', '--error-file', '/tmp/tmp_xmag7lf']
[2023-07-17 21:09:11,221] {standard_task_runner.py:80} INFO - Job 684: Subtask AAPL
[2023-07-17 21:09:11,412] {task_command.py:370} INFO - Running <TaskInstance: get_stocks_dag.AAPL scheduled__2023-07-08T00:00:00+00:00 [running]> on host lucas-Estudos
[2023-07-17 21:09:11,638] {taskinstance.py:1569} INFO - Exporting the following env vars:
AIRFLOW_CTX_DAG_OWNER=airflow
AIRFLOW_CTX_DAG_ID=get_stocks_dag
AIRFLOW_CTX_TASK_ID=AAPL
AIRFLOW_CTX_EXECUTION_DATE=2023-07-08T00:00:00+00:00
AIRFLOW_CTX_TRY_NUMBER=1
AIRFLOW_CTX_DAG_RUN_ID=scheduled__2023-07-08T00:00:00+00:00
[2023-07-17 21:09:22,281] {python.py:173} INFO - Done. Returned value was: None
[2023-07-17 21:09:22,344] {taskinstance.py:1395} INFO - Marking task as SUCCESS. dag_id=get_stocks_dag, task_id=AAPL, execution_date=20230708T000000, start_date=20230718T000911, end_date=20230718T000922
[2023-07-17 21:09:22,423] {local_task_job.py:156} INFO - Task exited with return code 0
[2023-07-17 21:09:22,530] {local_task_job.py:273} INFO - 0 downstream tasks scheduled from follow-on schedule check
[2023-07-17 22:19:18,775] {taskinstance.py:1159} INFO - Dependencies all met for <TaskInstance: get_stocks_dag.AAPL scheduled__2023-07-08T00:00:00+00:00 [queued]>
[2023-07-17 22:19:18,803] {taskinstance.py:1159} INFO - Dependencies all met for <TaskInstance: get_stocks_dag.AAPL scheduled__2023-07-08T00:00:00+00:00 [queued]>
[2023-07-17 22:19:18,803] {taskinstance.py:1356} INFO - 
--------------------------------------------------------------------------------
[2023-07-17 22:19:18,804] {taskinstance.py:1357} INFO - Starting attempt 1 of 1
[2023-07-17 22:19:18,804] {taskinstance.py:1358} INFO - 
--------------------------------------------------------------------------------
[2023-07-17 22:19:18,823] {taskinstance.py:1377} INFO - Executing <Task(_PythonDecoratedOperator): AAPL> on 2023-07-08 00:00:00+00:00
[2023-07-17 22:19:18,831] {standard_task_runner.py:52} INFO - Started process 97115 to run task
[2023-07-17 22:19:18,835] {standard_task_runner.py:79} INFO - Running: ['airflow', 'tasks', 'run', 'get_stocks_dag', 'AAPL', 'scheduled__2023-07-08T00:00:00+00:00', '--job-id', '1109', '--raw', '--subdir', 'DAGS_FOLDER/get_stocks.py', '--cfg-path', '/tmp/tmpqd3i_bk8', '--error-file', '/tmp/tmph3niqlsr']
[2023-07-17 22:19:18,836] {standard_task_runner.py:80} INFO - Job 1109: Subtask AAPL
[2023-07-17 22:19:18,903] {task_command.py:370} INFO - Running <TaskInstance: get_stocks_dag.AAPL scheduled__2023-07-08T00:00:00+00:00 [running]> on host lucas-Estudos
[2023-07-17 22:19:18,979] {taskinstance.py:1569} INFO - Exporting the following env vars:
AIRFLOW_CTX_DAG_OWNER=airflow
AIRFLOW_CTX_DAG_ID=get_stocks_dag
AIRFLOW_CTX_TASK_ID=AAPL
AIRFLOW_CTX_EXECUTION_DATE=2023-07-08T00:00:00+00:00
AIRFLOW_CTX_TRY_NUMBER=1
AIRFLOW_CTX_DAG_RUN_ID=scheduled__2023-07-08T00:00:00+00:00
[2023-07-17 22:19:22,996] {python.py:173} INFO - Done. Returned value was: None
[2023-07-17 22:19:23,014] {taskinstance.py:1395} INFO - Marking task as SUCCESS. dag_id=get_stocks_dag, task_id=AAPL, execution_date=20230708T000000, start_date=20230718T011918, end_date=20230718T011923
[2023-07-17 22:19:23,065] {local_task_job.py:156} INFO - Task exited with return code 0
[2023-07-17 22:19:23,109] {local_task_job.py:273} INFO - 0 downstream tasks scheduled from follow-on schedule check
