[2023-07-17 22:14:04,647] {taskinstance.py:1159} INFO - Dependencies all met for <TaskInstance: get_crypto_dag.DOGE scheduled__2023-06-11T00:00:00+00:00 [queued]>
[2023-07-17 22:14:04,657] {taskinstance.py:1159} INFO - Dependencies all met for <TaskInstance: get_crypto_dag.DOGE scheduled__2023-06-11T00:00:00+00:00 [queued]>
[2023-07-17 22:14:04,657] {taskinstance.py:1356} INFO - 
--------------------------------------------------------------------------------
[2023-07-17 22:14:04,657] {taskinstance.py:1357} INFO - Starting attempt 1 of 1
[2023-07-17 22:14:04,657] {taskinstance.py:1358} INFO - 
--------------------------------------------------------------------------------
[2023-07-17 22:14:04,669] {taskinstance.py:1377} INFO - Executing <Task(_PythonDecoratedOperator): DOGE> on 2023-06-11 00:00:00+00:00
[2023-07-17 22:14:04,678] {standard_task_runner.py:52} INFO - Started process 86562 to run task
[2023-07-17 22:14:04,680] {standard_task_runner.py:79} INFO - Running: ['airflow', 'tasks', 'run', 'get_crypto_dag', 'DOGE', 'scheduled__2023-06-11T00:00:00+00:00', '--job-id', '1032', '--raw', '--subdir', 'DAGS_FOLDER/get_crypto.py', '--cfg-path', '/tmp/tmp5p_m5638', '--error-file', '/tmp/tmptj3f4njf']
[2023-07-17 22:14:04,681] {standard_task_runner.py:80} INFO - Job 1032: Subtask DOGE
[2023-07-17 22:14:04,744] {task_command.py:370} INFO - Running <TaskInstance: get_crypto_dag.DOGE scheduled__2023-06-11T00:00:00+00:00 [running]> on host lucas-Estudos
[2023-07-17 22:14:04,803] {taskinstance.py:1569} INFO - Exporting the following env vars:
AIRFLOW_CTX_DAG_OWNER=airflow
AIRFLOW_CTX_DAG_ID=get_crypto_dag
AIRFLOW_CTX_TASK_ID=DOGE
AIRFLOW_CTX_EXECUTION_DATE=2023-06-11T00:00:00+00:00
AIRFLOW_CTX_TRY_NUMBER=1
AIRFLOW_CTX_DAG_RUN_ID=scheduled__2023-06-11T00:00:00+00:00
[2023-07-17 22:14:07,363] {base.py:162} ERROR - DOGE: No timezone found, symbol may be delisted
[2023-07-17 22:14:07,373] {python.py:173} INFO - Done. Returned value was: None
[2023-07-17 22:14:07,423] {taskinstance.py:1395} INFO - Marking task as SUCCESS. dag_id=get_crypto_dag, task_id=DOGE, execution_date=20230611T000000, start_date=20230718T011404, end_date=20230718T011407
[2023-07-17 22:14:07,505] {local_task_job.py:156} INFO - Task exited with return code 0
[2023-07-17 22:14:07,616] {local_task_job.py:273} INFO - 0 downstream tasks scheduled from follow-on schedule check
[2023-07-18 10:52:33,146] {taskinstance.py:1159} INFO - Dependencies all met for <TaskInstance: get_crypto_dag.DOGE scheduled__2023-06-11T00:00:00+00:00 [queued]>
[2023-07-18 10:52:33,173] {taskinstance.py:1159} INFO - Dependencies all met for <TaskInstance: get_crypto_dag.DOGE scheduled__2023-06-11T00:00:00+00:00 [queued]>
[2023-07-18 10:52:33,174] {taskinstance.py:1356} INFO - 
--------------------------------------------------------------------------------
[2023-07-18 10:52:33,174] {taskinstance.py:1357} INFO - Starting attempt 1 of 1
[2023-07-18 10:52:33,174] {taskinstance.py:1358} INFO - 
--------------------------------------------------------------------------------
[2023-07-18 10:52:33,210] {taskinstance.py:1377} INFO - Executing <Task(_PythonDecoratedOperator): DOGE> on 2023-06-11 00:00:00+00:00
[2023-07-18 10:52:33,222] {standard_task_runner.py:52} INFO - Started process 20774 to run task
[2023-07-18 10:52:33,231] {standard_task_runner.py:79} INFO - Running: ['airflow', 'tasks', 'run', 'get_crypto_dag', 'DOGE', 'scheduled__2023-06-11T00:00:00+00:00', '--job-id', '1440', '--raw', '--subdir', 'DAGS_FOLDER/get_crypto.py', '--cfg-path', '/tmp/tmphi9ae673', '--error-file', '/tmp/tmpptnxco4r']
[2023-07-18 10:52:33,234] {standard_task_runner.py:80} INFO - Job 1440: Subtask DOGE
[2023-07-18 10:52:33,421] {task_command.py:370} INFO - Running <TaskInstance: get_crypto_dag.DOGE scheduled__2023-06-11T00:00:00+00:00 [running]> on host lucas-Estudos
[2023-07-18 10:52:33,637] {taskinstance.py:1569} INFO - Exporting the following env vars:
AIRFLOW_CTX_DAG_OWNER=airflow
AIRFLOW_CTX_DAG_ID=get_crypto_dag
AIRFLOW_CTX_TASK_ID=DOGE
AIRFLOW_CTX_EXECUTION_DATE=2023-06-11T00:00:00+00:00
AIRFLOW_CTX_TRY_NUMBER=1
AIRFLOW_CTX_DAG_RUN_ID=scheduled__2023-06-11T00:00:00+00:00
[2023-07-18 10:52:42,376] {base.py:162} ERROR - DOGE: No timezone found, symbol may be delisted
[2023-07-18 10:52:42,383] {python.py:173} INFO - Done. Returned value was: None
[2023-07-18 10:52:42,433] {taskinstance.py:1395} INFO - Marking task as SUCCESS. dag_id=get_crypto_dag, task_id=DOGE, execution_date=20230611T000000, start_date=20230718T135233, end_date=20230718T135242
[2023-07-18 10:52:42,496] {local_task_job.py:156} INFO - Task exited with return code 0
[2023-07-18 10:52:42,597] {local_task_job.py:273} INFO - 0 downstream tasks scheduled from follow-on schedule check
