[2023-07-08 01:02:32,010] {processor.py:153} INFO - Started process (PID=35922) to work on /home/lucas/Área de Trabalho/apresentação/venv/lib/python3.10/site-packages/airflow/example_dags/subdags/subdag.py
[2023-07-08 01:02:32,011] {processor.py:641} INFO - Processing file /home/lucas/Área de Trabalho/apresentação/venv/lib/python3.10/site-packages/airflow/example_dags/subdags/subdag.py for tasks to queue
[2023-07-08 01:02:32,011] {logging_mixin.py:115} INFO - [2023-07-08 01:02:32,011] {dagbag.py:507} INFO - Filling up the DagBag from /home/lucas/Área de Trabalho/apresentação/venv/lib/python3.10/site-packages/airflow/example_dags/subdags/subdag.py
[2023-07-08 01:02:32,012] {processor.py:653} WARNING - No viable dags retrieved from /home/lucas/Área de Trabalho/apresentação/venv/lib/python3.10/site-packages/airflow/example_dags/subdags/subdag.py
[2023-07-08 01:02:32,022] {processor.py:161} INFO - Processing /home/lucas/Área de Trabalho/apresentação/venv/lib/python3.10/site-packages/airflow/example_dags/subdags/subdag.py took 0.014 seconds
[2023-07-08 01:03:14,582] {processor.py:153} INFO - Started process (PID=36331) to work on /home/lucas/Área de Trabalho/apresentação/venv/lib/python3.10/site-packages/airflow/example_dags/subdags/subdag.py
[2023-07-08 01:03:14,586] {processor.py:641} INFO - Processing file /home/lucas/Área de Trabalho/apresentação/venv/lib/python3.10/site-packages/airflow/example_dags/subdags/subdag.py for tasks to queue
[2023-07-08 01:03:14,587] {logging_mixin.py:115} INFO - [2023-07-08 01:03:14,587] {dagbag.py:507} INFO - Filling up the DagBag from /home/lucas/Área de Trabalho/apresentação/venv/lib/python3.10/site-packages/airflow/example_dags/subdags/subdag.py
[2023-07-08 01:03:14,590] {processor.py:653} WARNING - No viable dags retrieved from /home/lucas/Área de Trabalho/apresentação/venv/lib/python3.10/site-packages/airflow/example_dags/subdags/subdag.py
[2023-07-08 01:03:14,610] {processor.py:161} INFO - Processing /home/lucas/Área de Trabalho/apresentação/venv/lib/python3.10/site-packages/airflow/example_dags/subdags/subdag.py took 0.033 seconds
[2023-07-08 01:03:52,747] {processor.py:153} INFO - Started process (PID=36562) to work on /home/lucas/Área de Trabalho/apresentação/venv/lib/python3.10/site-packages/airflow/example_dags/subdags/subdag.py
[2023-07-08 01:03:52,748] {processor.py:641} INFO - Processing file /home/lucas/Área de Trabalho/apresentação/venv/lib/python3.10/site-packages/airflow/example_dags/subdags/subdag.py for tasks to queue
[2023-07-08 01:03:52,748] {logging_mixin.py:115} INFO - [2023-07-08 01:03:52,748] {dagbag.py:507} INFO - Filling up the DagBag from /home/lucas/Área de Trabalho/apresentação/venv/lib/python3.10/site-packages/airflow/example_dags/subdags/subdag.py
[2023-07-08 01:03:52,750] {processor.py:653} WARNING - No viable dags retrieved from /home/lucas/Área de Trabalho/apresentação/venv/lib/python3.10/site-packages/airflow/example_dags/subdags/subdag.py
[2023-07-08 01:03:52,757] {processor.py:161} INFO - Processing /home/lucas/Área de Trabalho/apresentação/venv/lib/python3.10/site-packages/airflow/example_dags/subdags/subdag.py took 0.012 seconds
[2023-07-08 01:04:32,869] {processor.py:153} INFO - Started process (PID=37013) to work on /home/lucas/Área de Trabalho/apresentação/venv/lib/python3.10/site-packages/airflow/example_dags/subdags/subdag.py
[2023-07-08 01:04:32,870] {processor.py:641} INFO - Processing file /home/lucas/Área de Trabalho/apresentação/venv/lib/python3.10/site-packages/airflow/example_dags/subdags/subdag.py for tasks to queue
[2023-07-08 01:04:32,871] {logging_mixin.py:115} INFO - [2023-07-08 01:04:32,871] {dagbag.py:507} INFO - Filling up the DagBag from /home/lucas/Área de Trabalho/apresentação/venv/lib/python3.10/site-packages/airflow/example_dags/subdags/subdag.py
[2023-07-08 01:04:32,875] {processor.py:653} WARNING - No viable dags retrieved from /home/lucas/Área de Trabalho/apresentação/venv/lib/python3.10/site-packages/airflow/example_dags/subdags/subdag.py
[2023-07-08 01:04:32,895] {processor.py:161} INFO - Processing /home/lucas/Área de Trabalho/apresentação/venv/lib/python3.10/site-packages/airflow/example_dags/subdags/subdag.py took 0.031 seconds
[2023-07-08 01:06:54,738] {processor.py:153} INFO - Started process (PID=38704) to work on /home/lucas/Área de Trabalho/apresentação/venv/lib/python3.10/site-packages/airflow/example_dags/subdags/subdag.py
[2023-07-08 01:06:54,742] {processor.py:641} INFO - Processing file /home/lucas/Área de Trabalho/apresentação/venv/lib/python3.10/site-packages/airflow/example_dags/subdags/subdag.py for tasks to queue
[2023-07-08 01:06:54,744] {logging_mixin.py:115} INFO - [2023-07-08 01:06:54,743] {dagbag.py:507} INFO - Filling up the DagBag from /home/lucas/Área de Trabalho/apresentação/venv/lib/python3.10/site-packages/airflow/example_dags/subdags/subdag.py
[2023-07-08 01:06:54,747] {processor.py:653} WARNING - No viable dags retrieved from /home/lucas/Área de Trabalho/apresentação/venv/lib/python3.10/site-packages/airflow/example_dags/subdags/subdag.py
[2023-07-08 01:06:54,768] {processor.py:161} INFO - Processing /home/lucas/Área de Trabalho/apresentação/venv/lib/python3.10/site-packages/airflow/example_dags/subdags/subdag.py took 0.034 seconds
[2023-07-08 01:07:33,719] {processor.py:153} INFO - Started process (PID=38896) to work on /home/lucas/Área de Trabalho/apresentação/venv/lib/python3.10/site-packages/airflow/example_dags/subdags/subdag.py
[2023-07-08 01:07:33,723] {processor.py:641} INFO - Processing file /home/lucas/Área de Trabalho/apresentação/venv/lib/python3.10/site-packages/airflow/example_dags/subdags/subdag.py for tasks to queue
[2023-07-08 01:07:33,725] {logging_mixin.py:115} INFO - [2023-07-08 01:07:33,725] {dagbag.py:507} INFO - Filling up the DagBag from /home/lucas/Área de Trabalho/apresentação/venv/lib/python3.10/site-packages/airflow/example_dags/subdags/subdag.py
[2023-07-08 01:07:33,728] {processor.py:653} WARNING - No viable dags retrieved from /home/lucas/Área de Trabalho/apresentação/venv/lib/python3.10/site-packages/airflow/example_dags/subdags/subdag.py
[2023-07-08 01:07:33,757] {processor.py:161} INFO - Processing /home/lucas/Área de Trabalho/apresentação/venv/lib/python3.10/site-packages/airflow/example_dags/subdags/subdag.py took 0.043 seconds
[2023-07-08 01:08:14,525] {processor.py:153} INFO - Started process (PID=38970) to work on /home/lucas/Área de Trabalho/apresentação/venv/lib/python3.10/site-packages/airflow/example_dags/subdags/subdag.py
[2023-07-08 01:08:14,526] {processor.py:641} INFO - Processing file /home/lucas/Área de Trabalho/apresentação/venv/lib/python3.10/site-packages/airflow/example_dags/subdags/subdag.py for tasks to queue
[2023-07-08 01:08:14,527] {logging_mixin.py:115} INFO - [2023-07-08 01:08:14,527] {dagbag.py:507} INFO - Filling up the DagBag from /home/lucas/Área de Trabalho/apresentação/venv/lib/python3.10/site-packages/airflow/example_dags/subdags/subdag.py
[2023-07-08 01:08:14,530] {processor.py:653} WARNING - No viable dags retrieved from /home/lucas/Área de Trabalho/apresentação/venv/lib/python3.10/site-packages/airflow/example_dags/subdags/subdag.py
[2023-07-08 01:08:14,550] {processor.py:161} INFO - Processing /home/lucas/Área de Trabalho/apresentação/venv/lib/python3.10/site-packages/airflow/example_dags/subdags/subdag.py took 0.031 seconds
[2023-07-08 01:08:52,889] {processor.py:153} INFO - Started process (PID=39045) to work on /home/lucas/Área de Trabalho/apresentação/venv/lib/python3.10/site-packages/airflow/example_dags/subdags/subdag.py
[2023-07-08 01:08:52,890] {processor.py:641} INFO - Processing file /home/lucas/Área de Trabalho/apresentação/venv/lib/python3.10/site-packages/airflow/example_dags/subdags/subdag.py for tasks to queue
[2023-07-08 01:08:52,891] {logging_mixin.py:115} INFO - [2023-07-08 01:08:52,891] {dagbag.py:507} INFO - Filling up the DagBag from /home/lucas/Área de Trabalho/apresentação/venv/lib/python3.10/site-packages/airflow/example_dags/subdags/subdag.py
[2023-07-08 01:08:52,894] {processor.py:653} WARNING - No viable dags retrieved from /home/lucas/Área de Trabalho/apresentação/venv/lib/python3.10/site-packages/airflow/example_dags/subdags/subdag.py
[2023-07-08 01:08:52,914] {processor.py:161} INFO - Processing /home/lucas/Área de Trabalho/apresentação/venv/lib/python3.10/site-packages/airflow/example_dags/subdags/subdag.py took 0.030 seconds
[2023-07-08 01:09:32,876] {processor.py:153} INFO - Started process (PID=39128) to work on /home/lucas/Área de Trabalho/apresentação/venv/lib/python3.10/site-packages/airflow/example_dags/subdags/subdag.py
[2023-07-08 01:09:32,880] {processor.py:641} INFO - Processing file /home/lucas/Área de Trabalho/apresentação/venv/lib/python3.10/site-packages/airflow/example_dags/subdags/subdag.py for tasks to queue
[2023-07-08 01:09:32,881] {logging_mixin.py:115} INFO - [2023-07-08 01:09:32,881] {dagbag.py:507} INFO - Filling up the DagBag from /home/lucas/Área de Trabalho/apresentação/venv/lib/python3.10/site-packages/airflow/example_dags/subdags/subdag.py
[2023-07-08 01:09:32,884] {processor.py:653} WARNING - No viable dags retrieved from /home/lucas/Área de Trabalho/apresentação/venv/lib/python3.10/site-packages/airflow/example_dags/subdags/subdag.py
[2023-07-08 01:09:32,904] {processor.py:161} INFO - Processing /home/lucas/Área de Trabalho/apresentação/venv/lib/python3.10/site-packages/airflow/example_dags/subdags/subdag.py took 0.033 seconds
[2023-07-08 01:10:14,793] {processor.py:153} INFO - Started process (PID=39216) to work on /home/lucas/Área de Trabalho/apresentação/venv/lib/python3.10/site-packages/airflow/example_dags/subdags/subdag.py
[2023-07-08 01:10:14,797] {processor.py:641} INFO - Processing file /home/lucas/Área de Trabalho/apresentação/venv/lib/python3.10/site-packages/airflow/example_dags/subdags/subdag.py for tasks to queue
[2023-07-08 01:10:14,798] {logging_mixin.py:115} INFO - [2023-07-08 01:10:14,798] {dagbag.py:507} INFO - Filling up the DagBag from /home/lucas/Área de Trabalho/apresentação/venv/lib/python3.10/site-packages/airflow/example_dags/subdags/subdag.py
[2023-07-08 01:10:14,801] {processor.py:653} WARNING - No viable dags retrieved from /home/lucas/Área de Trabalho/apresentação/venv/lib/python3.10/site-packages/airflow/example_dags/subdags/subdag.py
[2023-07-08 01:10:14,822] {processor.py:161} INFO - Processing /home/lucas/Área de Trabalho/apresentação/venv/lib/python3.10/site-packages/airflow/example_dags/subdags/subdag.py took 0.034 seconds
[2023-07-08 01:10:55,318] {processor.py:153} INFO - Started process (PID=39534) to work on /home/lucas/Área de Trabalho/apresentação/venv/lib/python3.10/site-packages/airflow/example_dags/subdags/subdag.py
[2023-07-08 01:10:55,322] {processor.py:641} INFO - Processing file /home/lucas/Área de Trabalho/apresentação/venv/lib/python3.10/site-packages/airflow/example_dags/subdags/subdag.py for tasks to queue
[2023-07-08 01:10:55,323] {logging_mixin.py:115} INFO - [2023-07-08 01:10:55,322] {dagbag.py:507} INFO - Filling up the DagBag from /home/lucas/Área de Trabalho/apresentação/venv/lib/python3.10/site-packages/airflow/example_dags/subdags/subdag.py
[2023-07-08 01:10:55,325] {processor.py:653} WARNING - No viable dags retrieved from /home/lucas/Área de Trabalho/apresentação/venv/lib/python3.10/site-packages/airflow/example_dags/subdags/subdag.py
[2023-07-08 01:10:55,340] {processor.py:161} INFO - Processing /home/lucas/Área de Trabalho/apresentação/venv/lib/python3.10/site-packages/airflow/example_dags/subdags/subdag.py took 0.027 seconds
[2023-07-08 01:11:37,029] {processor.py:153} INFO - Started process (PID=39757) to work on /home/lucas/Área de Trabalho/apresentação/venv/lib/python3.10/site-packages/airflow/example_dags/subdags/subdag.py
[2023-07-08 01:11:37,033] {processor.py:641} INFO - Processing file /home/lucas/Área de Trabalho/apresentação/venv/lib/python3.10/site-packages/airflow/example_dags/subdags/subdag.py for tasks to queue
[2023-07-08 01:11:37,034] {logging_mixin.py:115} INFO - [2023-07-08 01:11:37,034] {dagbag.py:507} INFO - Filling up the DagBag from /home/lucas/Área de Trabalho/apresentação/venv/lib/python3.10/site-packages/airflow/example_dags/subdags/subdag.py
[2023-07-08 01:11:37,037] {processor.py:653} WARNING - No viable dags retrieved from /home/lucas/Área de Trabalho/apresentação/venv/lib/python3.10/site-packages/airflow/example_dags/subdags/subdag.py
[2023-07-08 01:11:37,058] {processor.py:161} INFO - Processing /home/lucas/Área de Trabalho/apresentação/venv/lib/python3.10/site-packages/airflow/example_dags/subdags/subdag.py took 0.034 seconds
[2023-07-08 01:12:14,996] {processor.py:153} INFO - Started process (PID=39838) to work on /home/lucas/Área de Trabalho/apresentação/venv/lib/python3.10/site-packages/airflow/example_dags/subdags/subdag.py
[2023-07-08 01:12:15,000] {processor.py:641} INFO - Processing file /home/lucas/Área de Trabalho/apresentação/venv/lib/python3.10/site-packages/airflow/example_dags/subdags/subdag.py for tasks to queue
[2023-07-08 01:12:15,001] {logging_mixin.py:115} INFO - [2023-07-08 01:12:15,001] {dagbag.py:507} INFO - Filling up the DagBag from /home/lucas/Área de Trabalho/apresentação/venv/lib/python3.10/site-packages/airflow/example_dags/subdags/subdag.py
[2023-07-08 01:12:15,004] {processor.py:653} WARNING - No viable dags retrieved from /home/lucas/Área de Trabalho/apresentação/venv/lib/python3.10/site-packages/airflow/example_dags/subdags/subdag.py
[2023-07-08 01:12:15,026] {processor.py:161} INFO - Processing /home/lucas/Área de Trabalho/apresentação/venv/lib/python3.10/site-packages/airflow/example_dags/subdags/subdag.py took 0.037 seconds
[2023-07-08 01:12:55,268] {processor.py:153} INFO - Started process (PID=40008) to work on /home/lucas/Área de Trabalho/apresentação/venv/lib/python3.10/site-packages/airflow/example_dags/subdags/subdag.py
[2023-07-08 01:12:55,269] {processor.py:641} INFO - Processing file /home/lucas/Área de Trabalho/apresentação/venv/lib/python3.10/site-packages/airflow/example_dags/subdags/subdag.py for tasks to queue
[2023-07-08 01:12:55,270] {logging_mixin.py:115} INFO - [2023-07-08 01:12:55,270] {dagbag.py:507} INFO - Filling up the DagBag from /home/lucas/Área de Trabalho/apresentação/venv/lib/python3.10/site-packages/airflow/example_dags/subdags/subdag.py
[2023-07-08 01:12:55,273] {processor.py:653} WARNING - No viable dags retrieved from /home/lucas/Área de Trabalho/apresentação/venv/lib/python3.10/site-packages/airflow/example_dags/subdags/subdag.py
[2023-07-08 01:12:55,295] {processor.py:161} INFO - Processing /home/lucas/Área de Trabalho/apresentação/venv/lib/python3.10/site-packages/airflow/example_dags/subdags/subdag.py took 0.033 seconds
[2023-07-08 01:13:35,042] {processor.py:153} INFO - Started process (PID=40094) to work on /home/lucas/Área de Trabalho/apresentação/venv/lib/python3.10/site-packages/airflow/example_dags/subdags/subdag.py
[2023-07-08 01:13:35,046] {processor.py:641} INFO - Processing file /home/lucas/Área de Trabalho/apresentação/venv/lib/python3.10/site-packages/airflow/example_dags/subdags/subdag.py for tasks to queue
[2023-07-08 01:13:35,047] {logging_mixin.py:115} INFO - [2023-07-08 01:13:35,047] {dagbag.py:507} INFO - Filling up the DagBag from /home/lucas/Área de Trabalho/apresentação/venv/lib/python3.10/site-packages/airflow/example_dags/subdags/subdag.py
[2023-07-08 01:13:35,050] {processor.py:653} WARNING - No viable dags retrieved from /home/lucas/Área de Trabalho/apresentação/venv/lib/python3.10/site-packages/airflow/example_dags/subdags/subdag.py
[2023-07-08 01:13:35,072] {processor.py:161} INFO - Processing /home/lucas/Área de Trabalho/apresentação/venv/lib/python3.10/site-packages/airflow/example_dags/subdags/subdag.py took 0.035 seconds
[2023-07-08 01:14:17,135] {processor.py:153} INFO - Started process (PID=40177) to work on /home/lucas/Área de Trabalho/apresentação/venv/lib/python3.10/site-packages/airflow/example_dags/subdags/subdag.py
[2023-07-08 01:14:17,137] {processor.py:641} INFO - Processing file /home/lucas/Área de Trabalho/apresentação/venv/lib/python3.10/site-packages/airflow/example_dags/subdags/subdag.py for tasks to queue
[2023-07-08 01:14:17,138] {logging_mixin.py:115} INFO - [2023-07-08 01:14:17,137] {dagbag.py:507} INFO - Filling up the DagBag from /home/lucas/Área de Trabalho/apresentação/venv/lib/python3.10/site-packages/airflow/example_dags/subdags/subdag.py
[2023-07-08 01:14:17,140] {processor.py:653} WARNING - No viable dags retrieved from /home/lucas/Área de Trabalho/apresentação/venv/lib/python3.10/site-packages/airflow/example_dags/subdags/subdag.py
[2023-07-08 01:14:17,164] {processor.py:161} INFO - Processing /home/lucas/Área de Trabalho/apresentação/venv/lib/python3.10/site-packages/airflow/example_dags/subdags/subdag.py took 0.034 seconds
[2023-07-08 01:14:55,430] {processor.py:153} INFO - Started process (PID=40398) to work on /home/lucas/Área de Trabalho/apresentação/venv/lib/python3.10/site-packages/airflow/example_dags/subdags/subdag.py
[2023-07-08 01:14:55,432] {processor.py:641} INFO - Processing file /home/lucas/Área de Trabalho/apresentação/venv/lib/python3.10/site-packages/airflow/example_dags/subdags/subdag.py for tasks to queue
[2023-07-08 01:14:55,433] {logging_mixin.py:115} INFO - [2023-07-08 01:14:55,433] {dagbag.py:507} INFO - Filling up the DagBag from /home/lucas/Área de Trabalho/apresentação/venv/lib/python3.10/site-packages/airflow/example_dags/subdags/subdag.py
[2023-07-08 01:14:55,437] {processor.py:653} WARNING - No viable dags retrieved from /home/lucas/Área de Trabalho/apresentação/venv/lib/python3.10/site-packages/airflow/example_dags/subdags/subdag.py
[2023-07-08 01:14:55,460] {processor.py:161} INFO - Processing /home/lucas/Área de Trabalho/apresentação/venv/lib/python3.10/site-packages/airflow/example_dags/subdags/subdag.py took 0.036 seconds
[2023-07-08 01:15:34,221] {processor.py:153} INFO - Started process (PID=40518) to work on /home/lucas/Área de Trabalho/apresentação/venv/lib/python3.10/site-packages/airflow/example_dags/subdags/subdag.py
[2023-07-08 01:15:34,225] {processor.py:641} INFO - Processing file /home/lucas/Área de Trabalho/apresentação/venv/lib/python3.10/site-packages/airflow/example_dags/subdags/subdag.py for tasks to queue
[2023-07-08 01:15:34,226] {logging_mixin.py:115} INFO - [2023-07-08 01:15:34,226] {dagbag.py:507} INFO - Filling up the DagBag from /home/lucas/Área de Trabalho/apresentação/venv/lib/python3.10/site-packages/airflow/example_dags/subdags/subdag.py
[2023-07-08 01:15:34,231] {processor.py:653} WARNING - No viable dags retrieved from /home/lucas/Área de Trabalho/apresentação/venv/lib/python3.10/site-packages/airflow/example_dags/subdags/subdag.py
[2023-07-08 01:15:34,256] {processor.py:161} INFO - Processing /home/lucas/Área de Trabalho/apresentação/venv/lib/python3.10/site-packages/airflow/example_dags/subdags/subdag.py took 0.042 seconds
[2023-07-08 01:16:37,107] {processor.py:153} INFO - Started process (PID=41036) to work on /home/lucas/Área de Trabalho/apresentação/venv/lib/python3.10/site-packages/airflow/example_dags/subdags/subdag.py
[2023-07-08 01:16:37,109] {processor.py:641} INFO - Processing file /home/lucas/Área de Trabalho/apresentação/venv/lib/python3.10/site-packages/airflow/example_dags/subdags/subdag.py for tasks to queue
[2023-07-08 01:16:37,109] {logging_mixin.py:115} INFO - [2023-07-08 01:16:37,109] {dagbag.py:507} INFO - Filling up the DagBag from /home/lucas/Área de Trabalho/apresentação/venv/lib/python3.10/site-packages/airflow/example_dags/subdags/subdag.py
[2023-07-08 01:16:37,148] {processor.py:653} WARNING - No viable dags retrieved from /home/lucas/Área de Trabalho/apresentação/venv/lib/python3.10/site-packages/airflow/example_dags/subdags/subdag.py
[2023-07-08 01:16:37,201] {processor.py:161} INFO - Processing /home/lucas/Área de Trabalho/apresentação/venv/lib/python3.10/site-packages/airflow/example_dags/subdags/subdag.py took 0.100 seconds
[2023-07-08 01:18:06,868] {processor.py:153} INFO - Started process (PID=41391) to work on /home/lucas/Área de Trabalho/apresentação/venv/lib/python3.10/site-packages/airflow/example_dags/subdags/subdag.py
[2023-07-08 01:18:06,870] {processor.py:641} INFO - Processing file /home/lucas/Área de Trabalho/apresentação/venv/lib/python3.10/site-packages/airflow/example_dags/subdags/subdag.py for tasks to queue
[2023-07-08 01:18:06,871] {logging_mixin.py:115} INFO - [2023-07-08 01:18:06,871] {dagbag.py:507} INFO - Filling up the DagBag from /home/lucas/Área de Trabalho/apresentação/venv/lib/python3.10/site-packages/airflow/example_dags/subdags/subdag.py
[2023-07-08 01:18:06,875] {processor.py:653} WARNING - No viable dags retrieved from /home/lucas/Área de Trabalho/apresentação/venv/lib/python3.10/site-packages/airflow/example_dags/subdags/subdag.py
[2023-07-08 01:18:06,901] {processor.py:161} INFO - Processing /home/lucas/Área de Trabalho/apresentação/venv/lib/python3.10/site-packages/airflow/example_dags/subdags/subdag.py took 0.038 seconds
[2023-07-08 01:18:44,605] {processor.py:153} INFO - Started process (PID=41466) to work on /home/lucas/Área de Trabalho/apresentação/venv/lib/python3.10/site-packages/airflow/example_dags/subdags/subdag.py
[2023-07-08 01:18:44,609] {processor.py:641} INFO - Processing file /home/lucas/Área de Trabalho/apresentação/venv/lib/python3.10/site-packages/airflow/example_dags/subdags/subdag.py for tasks to queue
[2023-07-08 01:18:44,610] {logging_mixin.py:115} INFO - [2023-07-08 01:18:44,610] {dagbag.py:507} INFO - Filling up the DagBag from /home/lucas/Área de Trabalho/apresentação/venv/lib/python3.10/site-packages/airflow/example_dags/subdags/subdag.py
[2023-07-08 01:18:44,613] {processor.py:653} WARNING - No viable dags retrieved from /home/lucas/Área de Trabalho/apresentação/venv/lib/python3.10/site-packages/airflow/example_dags/subdags/subdag.py
[2023-07-08 01:18:44,635] {processor.py:161} INFO - Processing /home/lucas/Área de Trabalho/apresentação/venv/lib/python3.10/site-packages/airflow/example_dags/subdags/subdag.py took 0.035 seconds
[2023-07-08 01:19:23,041] {processor.py:153} INFO - Started process (PID=41553) to work on /home/lucas/Área de Trabalho/apresentação/venv/lib/python3.10/site-packages/airflow/example_dags/subdags/subdag.py
[2023-07-08 01:19:23,045] {processor.py:641} INFO - Processing file /home/lucas/Área de Trabalho/apresentação/venv/lib/python3.10/site-packages/airflow/example_dags/subdags/subdag.py for tasks to queue
[2023-07-08 01:19:23,047] {logging_mixin.py:115} INFO - [2023-07-08 01:19:23,046] {dagbag.py:507} INFO - Filling up the DagBag from /home/lucas/Área de Trabalho/apresentação/venv/lib/python3.10/site-packages/airflow/example_dags/subdags/subdag.py
[2023-07-08 01:19:23,050] {processor.py:653} WARNING - No viable dags retrieved from /home/lucas/Área de Trabalho/apresentação/venv/lib/python3.10/site-packages/airflow/example_dags/subdags/subdag.py
[2023-07-08 01:19:23,076] {processor.py:161} INFO - Processing /home/lucas/Área de Trabalho/apresentação/venv/lib/python3.10/site-packages/airflow/example_dags/subdags/subdag.py took 0.041 seconds
[2023-07-08 01:20:01,966] {processor.py:153} INFO - Started process (PID=41647) to work on /home/lucas/Área de Trabalho/apresentação/venv/lib/python3.10/site-packages/airflow/example_dags/subdags/subdag.py
[2023-07-08 01:20:01,970] {processor.py:641} INFO - Processing file /home/lucas/Área de Trabalho/apresentação/venv/lib/python3.10/site-packages/airflow/example_dags/subdags/subdag.py for tasks to queue
[2023-07-08 01:20:01,971] {logging_mixin.py:115} INFO - [2023-07-08 01:20:01,970] {dagbag.py:507} INFO - Filling up the DagBag from /home/lucas/Área de Trabalho/apresentação/venv/lib/python3.10/site-packages/airflow/example_dags/subdags/subdag.py
[2023-07-08 01:20:01,973] {processor.py:653} WARNING - No viable dags retrieved from /home/lucas/Área de Trabalho/apresentação/venv/lib/python3.10/site-packages/airflow/example_dags/subdags/subdag.py
[2023-07-08 01:20:01,995] {processor.py:161} INFO - Processing /home/lucas/Área de Trabalho/apresentação/venv/lib/python3.10/site-packages/airflow/example_dags/subdags/subdag.py took 0.036 seconds
[2023-07-08 10:16:31,740] {processor.py:153} INFO - Started process (PID=4761) to work on /home/lucas/Área de Trabalho/apresentação/venv/lib/python3.10/site-packages/airflow/example_dags/subdags/subdag.py
[2023-07-08 10:16:31,741] {processor.py:641} INFO - Processing file /home/lucas/Área de Trabalho/apresentação/venv/lib/python3.10/site-packages/airflow/example_dags/subdags/subdag.py for tasks to queue
[2023-07-08 10:16:31,742] {logging_mixin.py:115} INFO - [2023-07-08 10:16:31,742] {dagbag.py:507} INFO - Filling up the DagBag from /home/lucas/Área de Trabalho/apresentação/venv/lib/python3.10/site-packages/airflow/example_dags/subdags/subdag.py
[2023-07-08 10:16:31,745] {processor.py:653} WARNING - No viable dags retrieved from /home/lucas/Área de Trabalho/apresentação/venv/lib/python3.10/site-packages/airflow/example_dags/subdags/subdag.py
[2023-07-08 10:16:31,765] {processor.py:161} INFO - Processing /home/lucas/Área de Trabalho/apresentação/venv/lib/python3.10/site-packages/airflow/example_dags/subdags/subdag.py took 0.032 seconds
[2023-07-08 10:17:08,926] {processor.py:153} INFO - Started process (PID=5188) to work on /home/lucas/Área de Trabalho/apresentação/venv/lib/python3.10/site-packages/airflow/example_dags/subdags/subdag.py
[2023-07-08 10:17:08,927] {processor.py:641} INFO - Processing file /home/lucas/Área de Trabalho/apresentação/venv/lib/python3.10/site-packages/airflow/example_dags/subdags/subdag.py for tasks to queue
[2023-07-08 10:17:08,928] {logging_mixin.py:115} INFO - [2023-07-08 10:17:08,928] {dagbag.py:507} INFO - Filling up the DagBag from /home/lucas/Área de Trabalho/apresentação/venv/lib/python3.10/site-packages/airflow/example_dags/subdags/subdag.py
[2023-07-08 10:17:08,929] {processor.py:653} WARNING - No viable dags retrieved from /home/lucas/Área de Trabalho/apresentação/venv/lib/python3.10/site-packages/airflow/example_dags/subdags/subdag.py
[2023-07-08 10:17:08,939] {processor.py:161} INFO - Processing /home/lucas/Área de Trabalho/apresentação/venv/lib/python3.10/site-packages/airflow/example_dags/subdags/subdag.py took 0.015 seconds
[2023-07-08 10:17:45,345] {processor.py:153} INFO - Started process (PID=5527) to work on /home/lucas/Área de Trabalho/apresentação/venv/lib/python3.10/site-packages/airflow/example_dags/subdags/subdag.py
[2023-07-08 10:17:45,348] {processor.py:641} INFO - Processing file /home/lucas/Área de Trabalho/apresentação/venv/lib/python3.10/site-packages/airflow/example_dags/subdags/subdag.py for tasks to queue
[2023-07-08 10:17:45,349] {logging_mixin.py:115} INFO - [2023-07-08 10:17:45,349] {dagbag.py:507} INFO - Filling up the DagBag from /home/lucas/Área de Trabalho/apresentação/venv/lib/python3.10/site-packages/airflow/example_dags/subdags/subdag.py
[2023-07-08 10:17:45,350] {processor.py:653} WARNING - No viable dags retrieved from /home/lucas/Área de Trabalho/apresentação/venv/lib/python3.10/site-packages/airflow/example_dags/subdags/subdag.py
[2023-07-08 10:17:45,358] {processor.py:161} INFO - Processing /home/lucas/Área de Trabalho/apresentação/venv/lib/python3.10/site-packages/airflow/example_dags/subdags/subdag.py took 0.016 seconds
[2023-07-08 10:18:23,218] {processor.py:153} INFO - Started process (PID=5604) to work on /home/lucas/Área de Trabalho/apresentação/venv/lib/python3.10/site-packages/airflow/example_dags/subdags/subdag.py
[2023-07-08 10:18:23,222] {processor.py:641} INFO - Processing file /home/lucas/Área de Trabalho/apresentação/venv/lib/python3.10/site-packages/airflow/example_dags/subdags/subdag.py for tasks to queue
[2023-07-08 10:18:23,223] {logging_mixin.py:115} INFO - [2023-07-08 10:18:23,223] {dagbag.py:507} INFO - Filling up the DagBag from /home/lucas/Área de Trabalho/apresentação/venv/lib/python3.10/site-packages/airflow/example_dags/subdags/subdag.py
[2023-07-08 10:18:23,226] {processor.py:653} WARNING - No viable dags retrieved from /home/lucas/Área de Trabalho/apresentação/venv/lib/python3.10/site-packages/airflow/example_dags/subdags/subdag.py
[2023-07-08 10:18:23,246] {processor.py:161} INFO - Processing /home/lucas/Área de Trabalho/apresentação/venv/lib/python3.10/site-packages/airflow/example_dags/subdags/subdag.py took 0.033 seconds
[2023-07-08 10:19:01,725] {processor.py:153} INFO - Started process (PID=5679) to work on /home/lucas/Área de Trabalho/apresentação/venv/lib/python3.10/site-packages/airflow/example_dags/subdags/subdag.py
[2023-07-08 10:19:01,729] {processor.py:641} INFO - Processing file /home/lucas/Área de Trabalho/apresentação/venv/lib/python3.10/site-packages/airflow/example_dags/subdags/subdag.py for tasks to queue
[2023-07-08 10:19:01,730] {logging_mixin.py:115} INFO - [2023-07-08 10:19:01,730] {dagbag.py:507} INFO - Filling up the DagBag from /home/lucas/Área de Trabalho/apresentação/venv/lib/python3.10/site-packages/airflow/example_dags/subdags/subdag.py
[2023-07-08 10:19:01,733] {processor.py:653} WARNING - No viable dags retrieved from /home/lucas/Área de Trabalho/apresentação/venv/lib/python3.10/site-packages/airflow/example_dags/subdags/subdag.py
[2023-07-08 10:19:01,754] {processor.py:161} INFO - Processing /home/lucas/Área de Trabalho/apresentação/venv/lib/python3.10/site-packages/airflow/example_dags/subdags/subdag.py took 0.034 seconds
[2023-07-08 10:19:40,905] {processor.py:153} INFO - Started process (PID=5754) to work on /home/lucas/Área de Trabalho/apresentação/venv/lib/python3.10/site-packages/airflow/example_dags/subdags/subdag.py
[2023-07-08 10:19:40,909] {processor.py:641} INFO - Processing file /home/lucas/Área de Trabalho/apresentação/venv/lib/python3.10/site-packages/airflow/example_dags/subdags/subdag.py for tasks to queue
[2023-07-08 10:19:40,910] {logging_mixin.py:115} INFO - [2023-07-08 10:19:40,910] {dagbag.py:507} INFO - Filling up the DagBag from /home/lucas/Área de Trabalho/apresentação/venv/lib/python3.10/site-packages/airflow/example_dags/subdags/subdag.py
[2023-07-08 10:19:40,913] {processor.py:653} WARNING - No viable dags retrieved from /home/lucas/Área de Trabalho/apresentação/venv/lib/python3.10/site-packages/airflow/example_dags/subdags/subdag.py
[2023-07-08 10:19:40,933] {processor.py:161} INFO - Processing /home/lucas/Área de Trabalho/apresentação/venv/lib/python3.10/site-packages/airflow/example_dags/subdags/subdag.py took 0.034 seconds
[2023-07-08 10:20:20,062] {processor.py:153} INFO - Started process (PID=5815) to work on /home/lucas/Área de Trabalho/apresentação/venv/lib/python3.10/site-packages/airflow/example_dags/subdags/subdag.py
[2023-07-08 10:20:20,063] {processor.py:641} INFO - Processing file /home/lucas/Área de Trabalho/apresentação/venv/lib/python3.10/site-packages/airflow/example_dags/subdags/subdag.py for tasks to queue
[2023-07-08 10:20:20,064] {logging_mixin.py:115} INFO - [2023-07-08 10:20:20,064] {dagbag.py:507} INFO - Filling up the DagBag from /home/lucas/Área de Trabalho/apresentação/venv/lib/python3.10/site-packages/airflow/example_dags/subdags/subdag.py
[2023-07-08 10:20:20,067] {processor.py:653} WARNING - No viable dags retrieved from /home/lucas/Área de Trabalho/apresentação/venv/lib/python3.10/site-packages/airflow/example_dags/subdags/subdag.py
[2023-07-08 10:20:20,088] {processor.py:161} INFO - Processing /home/lucas/Área de Trabalho/apresentação/venv/lib/python3.10/site-packages/airflow/example_dags/subdags/subdag.py took 0.031 seconds
[2023-07-08 10:20:58,473] {processor.py:153} INFO - Started process (PID=5891) to work on /home/lucas/Área de Trabalho/apresentação/venv/lib/python3.10/site-packages/airflow/example_dags/subdags/subdag.py
[2023-07-08 10:20:58,477] {processor.py:641} INFO - Processing file /home/lucas/Área de Trabalho/apresentação/venv/lib/python3.10/site-packages/airflow/example_dags/subdags/subdag.py for tasks to queue
[2023-07-08 10:20:58,478] {logging_mixin.py:115} INFO - [2023-07-08 10:20:58,478] {dagbag.py:507} INFO - Filling up the DagBag from /home/lucas/Área de Trabalho/apresentação/venv/lib/python3.10/site-packages/airflow/example_dags/subdags/subdag.py
[2023-07-08 10:20:58,481] {processor.py:653} WARNING - No viable dags retrieved from /home/lucas/Área de Trabalho/apresentação/venv/lib/python3.10/site-packages/airflow/example_dags/subdags/subdag.py
[2023-07-08 10:20:58,501] {processor.py:161} INFO - Processing /home/lucas/Área de Trabalho/apresentação/venv/lib/python3.10/site-packages/airflow/example_dags/subdags/subdag.py took 0.034 seconds
[2023-07-08 10:21:37,876] {processor.py:153} INFO - Started process (PID=6010) to work on /home/lucas/Área de Trabalho/apresentação/venv/lib/python3.10/site-packages/airflow/example_dags/subdags/subdag.py
[2023-07-08 10:21:37,878] {processor.py:641} INFO - Processing file /home/lucas/Área de Trabalho/apresentação/venv/lib/python3.10/site-packages/airflow/example_dags/subdags/subdag.py for tasks to queue
[2023-07-08 10:21:37,879] {logging_mixin.py:115} INFO - [2023-07-08 10:21:37,879] {dagbag.py:507} INFO - Filling up the DagBag from /home/lucas/Área de Trabalho/apresentação/venv/lib/python3.10/site-packages/airflow/example_dags/subdags/subdag.py
[2023-07-08 10:21:37,883] {processor.py:653} WARNING - No viable dags retrieved from /home/lucas/Área de Trabalho/apresentação/venv/lib/python3.10/site-packages/airflow/example_dags/subdags/subdag.py
[2023-07-08 10:21:37,905] {processor.py:161} INFO - Processing /home/lucas/Área de Trabalho/apresentação/venv/lib/python3.10/site-packages/airflow/example_dags/subdags/subdag.py took 0.037 seconds
[2023-07-08 10:22:17,667] {processor.py:153} INFO - Started process (PID=6077) to work on /home/lucas/Área de Trabalho/apresentação/venv/lib/python3.10/site-packages/airflow/example_dags/subdags/subdag.py
[2023-07-08 10:22:17,671] {processor.py:641} INFO - Processing file /home/lucas/Área de Trabalho/apresentação/venv/lib/python3.10/site-packages/airflow/example_dags/subdags/subdag.py for tasks to queue
[2023-07-08 10:22:17,672] {logging_mixin.py:115} INFO - [2023-07-08 10:22:17,672] {dagbag.py:507} INFO - Filling up the DagBag from /home/lucas/Área de Trabalho/apresentação/venv/lib/python3.10/site-packages/airflow/example_dags/subdags/subdag.py
[2023-07-08 10:22:17,675] {processor.py:653} WARNING - No viable dags retrieved from /home/lucas/Área de Trabalho/apresentação/venv/lib/python3.10/site-packages/airflow/example_dags/subdags/subdag.py
[2023-07-08 10:22:17,696] {processor.py:161} INFO - Processing /home/lucas/Área de Trabalho/apresentação/venv/lib/python3.10/site-packages/airflow/example_dags/subdags/subdag.py took 0.034 seconds
[2023-07-08 10:22:56,413] {processor.py:153} INFO - Started process (PID=6168) to work on /home/lucas/Área de Trabalho/apresentação/venv/lib/python3.10/site-packages/airflow/example_dags/subdags/subdag.py
[2023-07-08 10:22:56,417] {processor.py:641} INFO - Processing file /home/lucas/Área de Trabalho/apresentação/venv/lib/python3.10/site-packages/airflow/example_dags/subdags/subdag.py for tasks to queue
[2023-07-08 10:22:56,418] {logging_mixin.py:115} INFO - [2023-07-08 10:22:56,418] {dagbag.py:507} INFO - Filling up the DagBag from /home/lucas/Área de Trabalho/apresentação/venv/lib/python3.10/site-packages/airflow/example_dags/subdags/subdag.py
[2023-07-08 10:22:56,421] {processor.py:653} WARNING - No viable dags retrieved from /home/lucas/Área de Trabalho/apresentação/venv/lib/python3.10/site-packages/airflow/example_dags/subdags/subdag.py
[2023-07-08 10:22:56,442] {processor.py:161} INFO - Processing /home/lucas/Área de Trabalho/apresentação/venv/lib/python3.10/site-packages/airflow/example_dags/subdags/subdag.py took 0.034 seconds
[2023-07-08 10:23:34,078] {processor.py:153} INFO - Started process (PID=6244) to work on /home/lucas/Área de Trabalho/apresentação/venv/lib/python3.10/site-packages/airflow/example_dags/subdags/subdag.py
[2023-07-08 10:23:34,082] {processor.py:641} INFO - Processing file /home/lucas/Área de Trabalho/apresentação/venv/lib/python3.10/site-packages/airflow/example_dags/subdags/subdag.py for tasks to queue
[2023-07-08 10:23:34,083] {logging_mixin.py:115} INFO - [2023-07-08 10:23:34,083] {dagbag.py:507} INFO - Filling up the DagBag from /home/lucas/Área de Trabalho/apresentação/venv/lib/python3.10/site-packages/airflow/example_dags/subdags/subdag.py
[2023-07-08 10:23:34,086] {processor.py:653} WARNING - No viable dags retrieved from /home/lucas/Área de Trabalho/apresentação/venv/lib/python3.10/site-packages/airflow/example_dags/subdags/subdag.py
[2023-07-08 10:23:34,108] {processor.py:161} INFO - Processing /home/lucas/Área de Trabalho/apresentação/venv/lib/python3.10/site-packages/airflow/example_dags/subdags/subdag.py took 0.036 seconds
[2023-07-08 10:24:15,792] {processor.py:153} INFO - Started process (PID=6311) to work on /home/lucas/Área de Trabalho/apresentação/venv/lib/python3.10/site-packages/airflow/example_dags/subdags/subdag.py
[2023-07-08 10:24:15,796] {processor.py:641} INFO - Processing file /home/lucas/Área de Trabalho/apresentação/venv/lib/python3.10/site-packages/airflow/example_dags/subdags/subdag.py for tasks to queue
[2023-07-08 10:24:15,797] {logging_mixin.py:115} INFO - [2023-07-08 10:24:15,797] {dagbag.py:507} INFO - Filling up the DagBag from /home/lucas/Área de Trabalho/apresentação/venv/lib/python3.10/site-packages/airflow/example_dags/subdags/subdag.py
[2023-07-08 10:24:15,800] {processor.py:653} WARNING - No viable dags retrieved from /home/lucas/Área de Trabalho/apresentação/venv/lib/python3.10/site-packages/airflow/example_dags/subdags/subdag.py
[2023-07-08 10:24:15,821] {processor.py:161} INFO - Processing /home/lucas/Área de Trabalho/apresentação/venv/lib/python3.10/site-packages/airflow/example_dags/subdags/subdag.py took 0.036 seconds
[2023-07-08 10:24:51,537] {processor.py:153} INFO - Started process (PID=6382) to work on /home/lucas/Área de Trabalho/apresentação/venv/lib/python3.10/site-packages/airflow/example_dags/subdags/subdag.py
[2023-07-08 10:24:51,538] {processor.py:641} INFO - Processing file /home/lucas/Área de Trabalho/apresentação/venv/lib/python3.10/site-packages/airflow/example_dags/subdags/subdag.py for tasks to queue
[2023-07-08 10:24:51,539] {logging_mixin.py:115} INFO - [2023-07-08 10:24:51,539] {dagbag.py:507} INFO - Filling up the DagBag from /home/lucas/Área de Trabalho/apresentação/venv/lib/python3.10/site-packages/airflow/example_dags/subdags/subdag.py
[2023-07-08 10:24:51,542] {processor.py:653} WARNING - No viable dags retrieved from /home/lucas/Área de Trabalho/apresentação/venv/lib/python3.10/site-packages/airflow/example_dags/subdags/subdag.py
[2023-07-08 10:24:51,563] {processor.py:161} INFO - Processing /home/lucas/Área de Trabalho/apresentação/venv/lib/python3.10/site-packages/airflow/example_dags/subdags/subdag.py took 0.031 seconds
[2023-07-08 10:25:33,304] {processor.py:153} INFO - Started process (PID=6457) to work on /home/lucas/Área de Trabalho/apresentação/venv/lib/python3.10/site-packages/airflow/example_dags/subdags/subdag.py
[2023-07-08 10:25:33,308] {processor.py:641} INFO - Processing file /home/lucas/Área de Trabalho/apresentação/venv/lib/python3.10/site-packages/airflow/example_dags/subdags/subdag.py for tasks to queue
[2023-07-08 10:25:33,310] {logging_mixin.py:115} INFO - [2023-07-08 10:25:33,309] {dagbag.py:507} INFO - Filling up the DagBag from /home/lucas/Área de Trabalho/apresentação/venv/lib/python3.10/site-packages/airflow/example_dags/subdags/subdag.py
[2023-07-08 10:25:33,312] {processor.py:653} WARNING - No viable dags retrieved from /home/lucas/Área de Trabalho/apresentação/venv/lib/python3.10/site-packages/airflow/example_dags/subdags/subdag.py
[2023-07-08 10:25:33,334] {processor.py:161} INFO - Processing /home/lucas/Área de Trabalho/apresentação/venv/lib/python3.10/site-packages/airflow/example_dags/subdags/subdag.py took 0.035 seconds
[2023-07-08 10:26:11,287] {processor.py:153} INFO - Started process (PID=6574) to work on /home/lucas/Área de Trabalho/apresentação/venv/lib/python3.10/site-packages/airflow/example_dags/subdags/subdag.py
[2023-07-08 10:26:11,291] {processor.py:641} INFO - Processing file /home/lucas/Área de Trabalho/apresentação/venv/lib/python3.10/site-packages/airflow/example_dags/subdags/subdag.py for tasks to queue
[2023-07-08 10:26:11,292] {logging_mixin.py:115} INFO - [2023-07-08 10:26:11,292] {dagbag.py:507} INFO - Filling up the DagBag from /home/lucas/Área de Trabalho/apresentação/venv/lib/python3.10/site-packages/airflow/example_dags/subdags/subdag.py
[2023-07-08 10:26:11,295] {processor.py:653} WARNING - No viable dags retrieved from /home/lucas/Área de Trabalho/apresentação/venv/lib/python3.10/site-packages/airflow/example_dags/subdags/subdag.py
[2023-07-08 10:26:11,316] {processor.py:161} INFO - Processing /home/lucas/Área de Trabalho/apresentação/venv/lib/python3.10/site-packages/airflow/example_dags/subdags/subdag.py took 0.035 seconds
[2023-07-08 10:26:49,619] {processor.py:153} INFO - Started process (PID=6646) to work on /home/lucas/Área de Trabalho/apresentação/venv/lib/python3.10/site-packages/airflow/example_dags/subdags/subdag.py
[2023-07-08 10:26:49,623] {processor.py:641} INFO - Processing file /home/lucas/Área de Trabalho/apresentação/venv/lib/python3.10/site-packages/airflow/example_dags/subdags/subdag.py for tasks to queue
[2023-07-08 10:26:49,624] {logging_mixin.py:115} INFO - [2023-07-08 10:26:49,624] {dagbag.py:507} INFO - Filling up the DagBag from /home/lucas/Área de Trabalho/apresentação/venv/lib/python3.10/site-packages/airflow/example_dags/subdags/subdag.py
[2023-07-08 10:26:49,627] {processor.py:653} WARNING - No viable dags retrieved from /home/lucas/Área de Trabalho/apresentação/venv/lib/python3.10/site-packages/airflow/example_dags/subdags/subdag.py
[2023-07-08 10:26:49,648] {processor.py:161} INFO - Processing /home/lucas/Área de Trabalho/apresentação/venv/lib/python3.10/site-packages/airflow/example_dags/subdags/subdag.py took 0.034 seconds
[2023-07-08 10:27:34,110] {processor.py:153} INFO - Started process (PID=6755) to work on /home/lucas/Área de Trabalho/apresentação/venv/lib/python3.10/site-packages/airflow/example_dags/subdags/subdag.py
[2023-07-08 10:27:34,114] {processor.py:641} INFO - Processing file /home/lucas/Área de Trabalho/apresentação/venv/lib/python3.10/site-packages/airflow/example_dags/subdags/subdag.py for tasks to queue
[2023-07-08 10:27:34,115] {logging_mixin.py:115} INFO - [2023-07-08 10:27:34,115] {dagbag.py:507} INFO - Filling up the DagBag from /home/lucas/Área de Trabalho/apresentação/venv/lib/python3.10/site-packages/airflow/example_dags/subdags/subdag.py
[2023-07-08 10:27:34,117] {processor.py:653} WARNING - No viable dags retrieved from /home/lucas/Área de Trabalho/apresentação/venv/lib/python3.10/site-packages/airflow/example_dags/subdags/subdag.py
[2023-07-08 10:27:34,138] {processor.py:161} INFO - Processing /home/lucas/Área de Trabalho/apresentação/venv/lib/python3.10/site-packages/airflow/example_dags/subdags/subdag.py took 0.035 seconds
[2023-07-08 10:28:13,518] {processor.py:153} INFO - Started process (PID=6825) to work on /home/lucas/Área de Trabalho/apresentação/venv/lib/python3.10/site-packages/airflow/example_dags/subdags/subdag.py
[2023-07-08 10:28:13,522] {processor.py:641} INFO - Processing file /home/lucas/Área de Trabalho/apresentação/venv/lib/python3.10/site-packages/airflow/example_dags/subdags/subdag.py for tasks to queue
[2023-07-08 10:28:13,524] {logging_mixin.py:115} INFO - [2023-07-08 10:28:13,523] {dagbag.py:507} INFO - Filling up the DagBag from /home/lucas/Área de Trabalho/apresentação/venv/lib/python3.10/site-packages/airflow/example_dags/subdags/subdag.py
[2023-07-08 10:28:13,526] {processor.py:653} WARNING - No viable dags retrieved from /home/lucas/Área de Trabalho/apresentação/venv/lib/python3.10/site-packages/airflow/example_dags/subdags/subdag.py
[2023-07-08 10:28:13,546] {processor.py:161} INFO - Processing /home/lucas/Área de Trabalho/apresentação/venv/lib/python3.10/site-packages/airflow/example_dags/subdags/subdag.py took 0.033 seconds
[2023-07-08 10:28:57,403] {processor.py:153} INFO - Started process (PID=6907) to work on /home/lucas/Área de Trabalho/apresentação/venv/lib/python3.10/site-packages/airflow/example_dags/subdags/subdag.py
[2023-07-08 10:28:57,404] {processor.py:641} INFO - Processing file /home/lucas/Área de Trabalho/apresentação/venv/lib/python3.10/site-packages/airflow/example_dags/subdags/subdag.py for tasks to queue
[2023-07-08 10:28:57,405] {logging_mixin.py:115} INFO - [2023-07-08 10:28:57,405] {dagbag.py:507} INFO - Filling up the DagBag from /home/lucas/Área de Trabalho/apresentação/venv/lib/python3.10/site-packages/airflow/example_dags/subdags/subdag.py
[2023-07-08 10:28:57,408] {processor.py:653} WARNING - No viable dags retrieved from /home/lucas/Área de Trabalho/apresentação/venv/lib/python3.10/site-packages/airflow/example_dags/subdags/subdag.py
[2023-07-08 10:28:57,429] {processor.py:161} INFO - Processing /home/lucas/Área de Trabalho/apresentação/venv/lib/python3.10/site-packages/airflow/example_dags/subdags/subdag.py took 0.032 seconds
[2023-07-08 10:29:40,243] {processor.py:153} INFO - Started process (PID=6991) to work on /home/lucas/Área de Trabalho/apresentação/venv/lib/python3.10/site-packages/airflow/example_dags/subdags/subdag.py
[2023-07-08 10:29:40,246] {processor.py:641} INFO - Processing file /home/lucas/Área de Trabalho/apresentação/venv/lib/python3.10/site-packages/airflow/example_dags/subdags/subdag.py for tasks to queue
[2023-07-08 10:29:40,248] {logging_mixin.py:115} INFO - [2023-07-08 10:29:40,247] {dagbag.py:507} INFO - Filling up the DagBag from /home/lucas/Área de Trabalho/apresentação/venv/lib/python3.10/site-packages/airflow/example_dags/subdags/subdag.py
[2023-07-08 10:29:40,250] {processor.py:653} WARNING - No viable dags retrieved from /home/lucas/Área de Trabalho/apresentação/venv/lib/python3.10/site-packages/airflow/example_dags/subdags/subdag.py
[2023-07-08 10:29:40,271] {processor.py:161} INFO - Processing /home/lucas/Área de Trabalho/apresentação/venv/lib/python3.10/site-packages/airflow/example_dags/subdags/subdag.py took 0.034 seconds
[2023-07-08 10:30:18,140] {processor.py:153} INFO - Started process (PID=7061) to work on /home/lucas/Área de Trabalho/apresentação/venv/lib/python3.10/site-packages/airflow/example_dags/subdags/subdag.py
[2023-07-08 10:30:18,141] {processor.py:641} INFO - Processing file /home/lucas/Área de Trabalho/apresentação/venv/lib/python3.10/site-packages/airflow/example_dags/subdags/subdag.py for tasks to queue
[2023-07-08 10:30:18,142] {logging_mixin.py:115} INFO - [2023-07-08 10:30:18,142] {dagbag.py:507} INFO - Filling up the DagBag from /home/lucas/Área de Trabalho/apresentação/venv/lib/python3.10/site-packages/airflow/example_dags/subdags/subdag.py
[2023-07-08 10:30:18,145] {processor.py:653} WARNING - No viable dags retrieved from /home/lucas/Área de Trabalho/apresentação/venv/lib/python3.10/site-packages/airflow/example_dags/subdags/subdag.py
[2023-07-08 10:30:18,166] {processor.py:161} INFO - Processing /home/lucas/Área de Trabalho/apresentação/venv/lib/python3.10/site-packages/airflow/example_dags/subdags/subdag.py took 0.032 seconds
[2023-07-08 10:31:01,131] {processor.py:153} INFO - Started process (PID=7137) to work on /home/lucas/Área de Trabalho/apresentação/venv/lib/python3.10/site-packages/airflow/example_dags/subdags/subdag.py
[2023-07-08 10:31:01,135] {processor.py:641} INFO - Processing file /home/lucas/Área de Trabalho/apresentação/venv/lib/python3.10/site-packages/airflow/example_dags/subdags/subdag.py for tasks to queue
[2023-07-08 10:31:01,136] {logging_mixin.py:115} INFO - [2023-07-08 10:31:01,136] {dagbag.py:507} INFO - Filling up the DagBag from /home/lucas/Área de Trabalho/apresentação/venv/lib/python3.10/site-packages/airflow/example_dags/subdags/subdag.py
[2023-07-08 10:31:01,139] {processor.py:653} WARNING - No viable dags retrieved from /home/lucas/Área de Trabalho/apresentação/venv/lib/python3.10/site-packages/airflow/example_dags/subdags/subdag.py
[2023-07-08 10:31:01,160] {processor.py:161} INFO - Processing /home/lucas/Área de Trabalho/apresentação/venv/lib/python3.10/site-packages/airflow/example_dags/subdags/subdag.py took 0.034 seconds
[2023-07-08 11:40:41,017] {processor.py:153} INFO - Started process (PID=11328) to work on /home/lucas/Área de Trabalho/apresentação/venv/lib/python3.10/site-packages/airflow/example_dags/subdags/subdag.py
[2023-07-08 11:40:41,018] {processor.py:641} INFO - Processing file /home/lucas/Área de Trabalho/apresentação/venv/lib/python3.10/site-packages/airflow/example_dags/subdags/subdag.py for tasks to queue
[2023-07-08 11:40:41,019] {logging_mixin.py:115} INFO - [2023-07-08 11:40:41,019] {dagbag.py:507} INFO - Filling up the DagBag from /home/lucas/Área de Trabalho/apresentação/venv/lib/python3.10/site-packages/airflow/example_dags/subdags/subdag.py
[2023-07-08 11:40:41,020] {processor.py:653} WARNING - No viable dags retrieved from /home/lucas/Área de Trabalho/apresentação/venv/lib/python3.10/site-packages/airflow/example_dags/subdags/subdag.py
[2023-07-08 11:40:41,035] {processor.py:161} INFO - Processing /home/lucas/Área de Trabalho/apresentação/venv/lib/python3.10/site-packages/airflow/example_dags/subdags/subdag.py took 0.022 seconds
[2023-07-08 11:41:22,408] {processor.py:153} INFO - Started process (PID=11659) to work on /home/lucas/Área de Trabalho/apresentação/venv/lib/python3.10/site-packages/airflow/example_dags/subdags/subdag.py
[2023-07-08 11:41:22,424] {processor.py:641} INFO - Processing file /home/lucas/Área de Trabalho/apresentação/venv/lib/python3.10/site-packages/airflow/example_dags/subdags/subdag.py for tasks to queue
[2023-07-08 11:41:22,425] {logging_mixin.py:115} INFO - [2023-07-08 11:41:22,425] {dagbag.py:507} INFO - Filling up the DagBag from /home/lucas/Área de Trabalho/apresentação/venv/lib/python3.10/site-packages/airflow/example_dags/subdags/subdag.py
[2023-07-08 11:41:22,428] {processor.py:653} WARNING - No viable dags retrieved from /home/lucas/Área de Trabalho/apresentação/venv/lib/python3.10/site-packages/airflow/example_dags/subdags/subdag.py
[2023-07-08 11:41:22,448] {processor.py:161} INFO - Processing /home/lucas/Área de Trabalho/apresentação/venv/lib/python3.10/site-packages/airflow/example_dags/subdags/subdag.py took 0.046 seconds
[2023-07-08 11:42:02,147] {processor.py:153} INFO - Started process (PID=11837) to work on /home/lucas/Área de Trabalho/apresentação/venv/lib/python3.10/site-packages/airflow/example_dags/subdags/subdag.py
[2023-07-08 11:42:02,151] {processor.py:641} INFO - Processing file /home/lucas/Área de Trabalho/apresentação/venv/lib/python3.10/site-packages/airflow/example_dags/subdags/subdag.py for tasks to queue
[2023-07-08 11:42:02,152] {logging_mixin.py:115} INFO - [2023-07-08 11:42:02,151] {dagbag.py:507} INFO - Filling up the DagBag from /home/lucas/Área de Trabalho/apresentação/venv/lib/python3.10/site-packages/airflow/example_dags/subdags/subdag.py
[2023-07-08 11:42:02,154] {processor.py:653} WARNING - No viable dags retrieved from /home/lucas/Área de Trabalho/apresentação/venv/lib/python3.10/site-packages/airflow/example_dags/subdags/subdag.py
[2023-07-08 11:42:02,175] {processor.py:161} INFO - Processing /home/lucas/Área de Trabalho/apresentação/venv/lib/python3.10/site-packages/airflow/example_dags/subdags/subdag.py took 0.034 seconds
[2023-07-08 11:42:39,976] {processor.py:153} INFO - Started process (PID=12011) to work on /home/lucas/Área de Trabalho/apresentação/venv/lib/python3.10/site-packages/airflow/example_dags/subdags/subdag.py
[2023-07-08 11:42:39,980] {processor.py:641} INFO - Processing file /home/lucas/Área de Trabalho/apresentação/venv/lib/python3.10/site-packages/airflow/example_dags/subdags/subdag.py for tasks to queue
[2023-07-08 11:42:39,982] {logging_mixin.py:115} INFO - [2023-07-08 11:42:39,982] {dagbag.py:507} INFO - Filling up the DagBag from /home/lucas/Área de Trabalho/apresentação/venv/lib/python3.10/site-packages/airflow/example_dags/subdags/subdag.py
[2023-07-08 11:42:39,984] {processor.py:653} WARNING - No viable dags retrieved from /home/lucas/Área de Trabalho/apresentação/venv/lib/python3.10/site-packages/airflow/example_dags/subdags/subdag.py
[2023-07-08 11:42:40,005] {processor.py:161} INFO - Processing /home/lucas/Área de Trabalho/apresentação/venv/lib/python3.10/site-packages/airflow/example_dags/subdags/subdag.py took 0.034 seconds
[2023-07-08 11:43:16,802] {processor.py:153} INFO - Started process (PID=12261) to work on /home/lucas/Área de Trabalho/apresentação/venv/lib/python3.10/site-packages/airflow/example_dags/subdags/subdag.py
[2023-07-08 11:43:16,806] {processor.py:641} INFO - Processing file /home/lucas/Área de Trabalho/apresentação/venv/lib/python3.10/site-packages/airflow/example_dags/subdags/subdag.py for tasks to queue
[2023-07-08 11:43:16,807] {logging_mixin.py:115} INFO - [2023-07-08 11:43:16,807] {dagbag.py:507} INFO - Filling up the DagBag from /home/lucas/Área de Trabalho/apresentação/venv/lib/python3.10/site-packages/airflow/example_dags/subdags/subdag.py
[2023-07-08 11:43:16,810] {processor.py:653} WARNING - No viable dags retrieved from /home/lucas/Área de Trabalho/apresentação/venv/lib/python3.10/site-packages/airflow/example_dags/subdags/subdag.py
[2023-07-08 11:43:16,830] {processor.py:161} INFO - Processing /home/lucas/Área de Trabalho/apresentação/venv/lib/python3.10/site-packages/airflow/example_dags/subdags/subdag.py took 0.033 seconds
[2023-07-08 11:43:57,978] {processor.py:153} INFO - Started process (PID=12331) to work on /home/lucas/Área de Trabalho/apresentação/venv/lib/python3.10/site-packages/airflow/example_dags/subdags/subdag.py
[2023-07-08 11:43:57,980] {processor.py:641} INFO - Processing file /home/lucas/Área de Trabalho/apresentação/venv/lib/python3.10/site-packages/airflow/example_dags/subdags/subdag.py for tasks to queue
[2023-07-08 11:43:57,981] {logging_mixin.py:115} INFO - [2023-07-08 11:43:57,980] {dagbag.py:507} INFO - Filling up the DagBag from /home/lucas/Área de Trabalho/apresentação/venv/lib/python3.10/site-packages/airflow/example_dags/subdags/subdag.py
[2023-07-08 11:43:57,984] {processor.py:653} WARNING - No viable dags retrieved from /home/lucas/Área de Trabalho/apresentação/venv/lib/python3.10/site-packages/airflow/example_dags/subdags/subdag.py
[2023-07-08 11:43:58,007] {processor.py:161} INFO - Processing /home/lucas/Área de Trabalho/apresentação/venv/lib/python3.10/site-packages/airflow/example_dags/subdags/subdag.py took 0.034 seconds
[2023-07-08 11:44:35,362] {processor.py:153} INFO - Started process (PID=12394) to work on /home/lucas/Área de Trabalho/apresentação/venv/lib/python3.10/site-packages/airflow/example_dags/subdags/subdag.py
[2023-07-08 11:44:35,363] {processor.py:641} INFO - Processing file /home/lucas/Área de Trabalho/apresentação/venv/lib/python3.10/site-packages/airflow/example_dags/subdags/subdag.py for tasks to queue
[2023-07-08 11:44:35,365] {logging_mixin.py:115} INFO - [2023-07-08 11:44:35,364] {dagbag.py:507} INFO - Filling up the DagBag from /home/lucas/Área de Trabalho/apresentação/venv/lib/python3.10/site-packages/airflow/example_dags/subdags/subdag.py
[2023-07-08 11:44:35,367] {processor.py:653} WARNING - No viable dags retrieved from /home/lucas/Área de Trabalho/apresentação/venv/lib/python3.10/site-packages/airflow/example_dags/subdags/subdag.py
[2023-07-08 11:44:35,388] {processor.py:161} INFO - Processing /home/lucas/Área de Trabalho/apresentação/venv/lib/python3.10/site-packages/airflow/example_dags/subdags/subdag.py took 0.031 seconds
[2023-07-08 11:45:17,125] {processor.py:153} INFO - Started process (PID=12470) to work on /home/lucas/Área de Trabalho/apresentação/venv/lib/python3.10/site-packages/airflow/example_dags/subdags/subdag.py
[2023-07-08 11:45:17,129] {processor.py:641} INFO - Processing file /home/lucas/Área de Trabalho/apresentação/venv/lib/python3.10/site-packages/airflow/example_dags/subdags/subdag.py for tasks to queue
[2023-07-08 11:45:17,130] {logging_mixin.py:115} INFO - [2023-07-08 11:45:17,130] {dagbag.py:507} INFO - Filling up the DagBag from /home/lucas/Área de Trabalho/apresentação/venv/lib/python3.10/site-packages/airflow/example_dags/subdags/subdag.py
[2023-07-08 11:45:17,133] {processor.py:653} WARNING - No viable dags retrieved from /home/lucas/Área de Trabalho/apresentação/venv/lib/python3.10/site-packages/airflow/example_dags/subdags/subdag.py
[2023-07-08 11:45:17,153] {processor.py:161} INFO - Processing /home/lucas/Área de Trabalho/apresentação/venv/lib/python3.10/site-packages/airflow/example_dags/subdags/subdag.py took 0.034 seconds
[2023-07-08 11:45:55,171] {processor.py:153} INFO - Started process (PID=12595) to work on /home/lucas/Área de Trabalho/apresentação/venv/lib/python3.10/site-packages/airflow/example_dags/subdags/subdag.py
[2023-07-08 11:45:55,175] {processor.py:641} INFO - Processing file /home/lucas/Área de Trabalho/apresentação/venv/lib/python3.10/site-packages/airflow/example_dags/subdags/subdag.py for tasks to queue
[2023-07-08 11:45:55,177] {logging_mixin.py:115} INFO - [2023-07-08 11:45:55,176] {dagbag.py:507} INFO - Filling up the DagBag from /home/lucas/Área de Trabalho/apresentação/venv/lib/python3.10/site-packages/airflow/example_dags/subdags/subdag.py
[2023-07-08 11:45:55,180] {processor.py:653} WARNING - No viable dags retrieved from /home/lucas/Área de Trabalho/apresentação/venv/lib/python3.10/site-packages/airflow/example_dags/subdags/subdag.py
[2023-07-08 11:45:55,202] {processor.py:161} INFO - Processing /home/lucas/Área de Trabalho/apresentação/venv/lib/python3.10/site-packages/airflow/example_dags/subdags/subdag.py took 0.036 seconds
[2023-07-08 11:46:33,092] {processor.py:153} INFO - Started process (PID=12787) to work on /home/lucas/Área de Trabalho/apresentação/venv/lib/python3.10/site-packages/airflow/example_dags/subdags/subdag.py
[2023-07-08 11:46:33,093] {processor.py:641} INFO - Processing file /home/lucas/Área de Trabalho/apresentação/venv/lib/python3.10/site-packages/airflow/example_dags/subdags/subdag.py for tasks to queue
[2023-07-08 11:46:33,094] {logging_mixin.py:115} INFO - [2023-07-08 11:46:33,094] {dagbag.py:507} INFO - Filling up the DagBag from /home/lucas/Área de Trabalho/apresentação/venv/lib/python3.10/site-packages/airflow/example_dags/subdags/subdag.py
[2023-07-08 11:46:33,096] {processor.py:653} WARNING - No viable dags retrieved from /home/lucas/Área de Trabalho/apresentação/venv/lib/python3.10/site-packages/airflow/example_dags/subdags/subdag.py
[2023-07-08 11:46:33,118] {processor.py:161} INFO - Processing /home/lucas/Área de Trabalho/apresentação/venv/lib/python3.10/site-packages/airflow/example_dags/subdags/subdag.py took 0.032 seconds
[2023-07-08 11:47:15,056] {processor.py:153} INFO - Started process (PID=12851) to work on /home/lucas/Área de Trabalho/apresentação/venv/lib/python3.10/site-packages/airflow/example_dags/subdags/subdag.py
[2023-07-08 11:47:15,061] {processor.py:641} INFO - Processing file /home/lucas/Área de Trabalho/apresentação/venv/lib/python3.10/site-packages/airflow/example_dags/subdags/subdag.py for tasks to queue
[2023-07-08 11:47:15,062] {logging_mixin.py:115} INFO - [2023-07-08 11:47:15,062] {dagbag.py:507} INFO - Filling up the DagBag from /home/lucas/Área de Trabalho/apresentação/venv/lib/python3.10/site-packages/airflow/example_dags/subdags/subdag.py
[2023-07-08 11:47:15,065] {processor.py:653} WARNING - No viable dags retrieved from /home/lucas/Área de Trabalho/apresentação/venv/lib/python3.10/site-packages/airflow/example_dags/subdags/subdag.py
[2023-07-08 11:47:15,092] {processor.py:161} INFO - Processing /home/lucas/Área de Trabalho/apresentação/venv/lib/python3.10/site-packages/airflow/example_dags/subdags/subdag.py took 0.042 seconds
[2023-07-08 11:47:50,087] {processor.py:153} INFO - Started process (PID=12921) to work on /home/lucas/Área de Trabalho/apresentação/venv/lib/python3.10/site-packages/airflow/example_dags/subdags/subdag.py
[2023-07-08 11:47:50,088] {processor.py:641} INFO - Processing file /home/lucas/Área de Trabalho/apresentação/venv/lib/python3.10/site-packages/airflow/example_dags/subdags/subdag.py for tasks to queue
[2023-07-08 11:47:50,089] {logging_mixin.py:115} INFO - [2023-07-08 11:47:50,089] {dagbag.py:507} INFO - Filling up the DagBag from /home/lucas/Área de Trabalho/apresentação/venv/lib/python3.10/site-packages/airflow/example_dags/subdags/subdag.py
[2023-07-08 11:47:50,092] {processor.py:653} WARNING - No viable dags retrieved from /home/lucas/Área de Trabalho/apresentação/venv/lib/python3.10/site-packages/airflow/example_dags/subdags/subdag.py
[2023-07-08 11:47:50,114] {processor.py:161} INFO - Processing /home/lucas/Área de Trabalho/apresentação/venv/lib/python3.10/site-packages/airflow/example_dags/subdags/subdag.py took 0.033 seconds
[2023-07-08 11:48:27,781] {processor.py:153} INFO - Started process (PID=12974) to work on /home/lucas/Área de Trabalho/apresentação/venv/lib/python3.10/site-packages/airflow/example_dags/subdags/subdag.py
[2023-07-08 11:48:27,785] {processor.py:641} INFO - Processing file /home/lucas/Área de Trabalho/apresentação/venv/lib/python3.10/site-packages/airflow/example_dags/subdags/subdag.py for tasks to queue
[2023-07-08 11:48:27,785] {logging_mixin.py:115} INFO - [2023-07-08 11:48:27,785] {dagbag.py:507} INFO - Filling up the DagBag from /home/lucas/Área de Trabalho/apresentação/venv/lib/python3.10/site-packages/airflow/example_dags/subdags/subdag.py
[2023-07-08 11:48:27,786] {processor.py:653} WARNING - No viable dags retrieved from /home/lucas/Área de Trabalho/apresentação/venv/lib/python3.10/site-packages/airflow/example_dags/subdags/subdag.py
[2023-07-08 11:48:27,794] {processor.py:161} INFO - Processing /home/lucas/Área de Trabalho/apresentação/venv/lib/python3.10/site-packages/airflow/example_dags/subdags/subdag.py took 0.016 seconds
[2023-07-08 11:49:04,220] {processor.py:153} INFO - Started process (PID=13025) to work on /home/lucas/Área de Trabalho/apresentação/venv/lib/python3.10/site-packages/airflow/example_dags/subdags/subdag.py
[2023-07-08 11:49:04,224] {processor.py:641} INFO - Processing file /home/lucas/Área de Trabalho/apresentação/venv/lib/python3.10/site-packages/airflow/example_dags/subdags/subdag.py for tasks to queue
[2023-07-08 11:49:04,225] {logging_mixin.py:115} INFO - [2023-07-08 11:49:04,225] {dagbag.py:507} INFO - Filling up the DagBag from /home/lucas/Área de Trabalho/apresentação/venv/lib/python3.10/site-packages/airflow/example_dags/subdags/subdag.py
[2023-07-08 11:49:04,228] {processor.py:653} WARNING - No viable dags retrieved from /home/lucas/Área de Trabalho/apresentação/venv/lib/python3.10/site-packages/airflow/example_dags/subdags/subdag.py
[2023-07-08 11:49:04,249] {processor.py:161} INFO - Processing /home/lucas/Área de Trabalho/apresentação/venv/lib/python3.10/site-packages/airflow/example_dags/subdags/subdag.py took 0.035 seconds
[2023-07-08 11:49:39,432] {processor.py:153} INFO - Started process (PID=13090) to work on /home/lucas/Área de Trabalho/apresentação/venv/lib/python3.10/site-packages/airflow/example_dags/subdags/subdag.py
[2023-07-08 11:49:39,436] {processor.py:641} INFO - Processing file /home/lucas/Área de Trabalho/apresentação/venv/lib/python3.10/site-packages/airflow/example_dags/subdags/subdag.py for tasks to queue
[2023-07-08 11:49:39,437] {logging_mixin.py:115} INFO - [2023-07-08 11:49:39,437] {dagbag.py:507} INFO - Filling up the DagBag from /home/lucas/Área de Trabalho/apresentação/venv/lib/python3.10/site-packages/airflow/example_dags/subdags/subdag.py
[2023-07-08 11:49:39,441] {processor.py:653} WARNING - No viable dags retrieved from /home/lucas/Área de Trabalho/apresentação/venv/lib/python3.10/site-packages/airflow/example_dags/subdags/subdag.py
[2023-07-08 11:49:39,468] {processor.py:161} INFO - Processing /home/lucas/Área de Trabalho/apresentação/venv/lib/python3.10/site-packages/airflow/example_dags/subdags/subdag.py took 0.043 seconds
[2023-07-08 11:50:15,224] {processor.py:153} INFO - Started process (PID=13143) to work on /home/lucas/Área de Trabalho/apresentação/venv/lib/python3.10/site-packages/airflow/example_dags/subdags/subdag.py
[2023-07-08 11:50:15,225] {processor.py:641} INFO - Processing file /home/lucas/Área de Trabalho/apresentação/venv/lib/python3.10/site-packages/airflow/example_dags/subdags/subdag.py for tasks to queue
[2023-07-08 11:50:15,226] {logging_mixin.py:115} INFO - [2023-07-08 11:50:15,226] {dagbag.py:507} INFO - Filling up the DagBag from /home/lucas/Área de Trabalho/apresentação/venv/lib/python3.10/site-packages/airflow/example_dags/subdags/subdag.py
[2023-07-08 11:50:15,229] {processor.py:653} WARNING - No viable dags retrieved from /home/lucas/Área de Trabalho/apresentação/venv/lib/python3.10/site-packages/airflow/example_dags/subdags/subdag.py
[2023-07-08 11:50:15,256] {processor.py:161} INFO - Processing /home/lucas/Área de Trabalho/apresentação/venv/lib/python3.10/site-packages/airflow/example_dags/subdags/subdag.py took 0.038 seconds
[2023-07-08 11:50:53,439] {processor.py:153} INFO - Started process (PID=13285) to work on /home/lucas/Área de Trabalho/apresentação/venv/lib/python3.10/site-packages/airflow/example_dags/subdags/subdag.py
[2023-07-08 11:50:53,443] {processor.py:641} INFO - Processing file /home/lucas/Área de Trabalho/apresentação/venv/lib/python3.10/site-packages/airflow/example_dags/subdags/subdag.py for tasks to queue
[2023-07-08 11:50:53,444] {logging_mixin.py:115} INFO - [2023-07-08 11:50:53,444] {dagbag.py:507} INFO - Filling up the DagBag from /home/lucas/Área de Trabalho/apresentação/venv/lib/python3.10/site-packages/airflow/example_dags/subdags/subdag.py
[2023-07-08 11:50:53,447] {processor.py:653} WARNING - No viable dags retrieved from /home/lucas/Área de Trabalho/apresentação/venv/lib/python3.10/site-packages/airflow/example_dags/subdags/subdag.py
[2023-07-08 11:50:53,468] {processor.py:161} INFO - Processing /home/lucas/Área de Trabalho/apresentação/venv/lib/python3.10/site-packages/airflow/example_dags/subdags/subdag.py took 0.034 seconds
[2023-07-08 11:51:32,813] {processor.py:153} INFO - Started process (PID=13330) to work on /home/lucas/Área de Trabalho/apresentação/venv/lib/python3.10/site-packages/airflow/example_dags/subdags/subdag.py
[2023-07-08 11:51:32,817] {processor.py:641} INFO - Processing file /home/lucas/Área de Trabalho/apresentação/venv/lib/python3.10/site-packages/airflow/example_dags/subdags/subdag.py for tasks to queue
[2023-07-08 11:51:32,818] {logging_mixin.py:115} INFO - [2023-07-08 11:51:32,817] {dagbag.py:507} INFO - Filling up the DagBag from /home/lucas/Área de Trabalho/apresentação/venv/lib/python3.10/site-packages/airflow/example_dags/subdags/subdag.py
[2023-07-08 11:51:32,820] {processor.py:653} WARNING - No viable dags retrieved from /home/lucas/Área de Trabalho/apresentação/venv/lib/python3.10/site-packages/airflow/example_dags/subdags/subdag.py
[2023-07-08 11:51:32,841] {processor.py:161} INFO - Processing /home/lucas/Área de Trabalho/apresentação/venv/lib/python3.10/site-packages/airflow/example_dags/subdags/subdag.py took 0.034 seconds
[2023-07-08 11:52:09,989] {processor.py:153} INFO - Started process (PID=13378) to work on /home/lucas/Área de Trabalho/apresentação/venv/lib/python3.10/site-packages/airflow/example_dags/subdags/subdag.py
[2023-07-08 11:52:09,993] {processor.py:641} INFO - Processing file /home/lucas/Área de Trabalho/apresentação/venv/lib/python3.10/site-packages/airflow/example_dags/subdags/subdag.py for tasks to queue
[2023-07-08 11:52:09,994] {logging_mixin.py:115} INFO - [2023-07-08 11:52:09,993] {dagbag.py:507} INFO - Filling up the DagBag from /home/lucas/Área de Trabalho/apresentação/venv/lib/python3.10/site-packages/airflow/example_dags/subdags/subdag.py
[2023-07-08 11:52:09,996] {processor.py:653} WARNING - No viable dags retrieved from /home/lucas/Área de Trabalho/apresentação/venv/lib/python3.10/site-packages/airflow/example_dags/subdags/subdag.py
[2023-07-08 11:52:10,017] {processor.py:161} INFO - Processing /home/lucas/Área de Trabalho/apresentação/venv/lib/python3.10/site-packages/airflow/example_dags/subdags/subdag.py took 0.034 seconds
