[2023-07-17 22:02:26,086] {taskinstance.py:1159} INFO - Dependencies all met for <TaskInstance: get_crypto_dag.ETH scheduled__2023-05-20T00:00:00+00:00 [queued]>
[2023-07-17 22:02:26,101] {taskinstance.py:1159} INFO - Dependencies all met for <TaskInstance: get_crypto_dag.ETH scheduled__2023-05-20T00:00:00+00:00 [queued]>
[2023-07-17 22:02:26,101] {taskinstance.py:1356} INFO - 
--------------------------------------------------------------------------------
[2023-07-17 22:02:26,101] {taskinstance.py:1357} INFO - Starting attempt 1 of 1
[2023-07-17 22:02:26,101] {taskinstance.py:1358} INFO - 
--------------------------------------------------------------------------------
[2023-07-17 22:02:26,128] {taskinstance.py:1377} INFO - Executing <Task(_PythonDecoratedOperator): ETH> on 2023-05-20 00:00:00+00:00
[2023-07-17 22:02:26,144] {standard_task_runner.py:52} INFO - Started process 62875 to run task
[2023-07-17 22:02:26,159] {standard_task_runner.py:79} INFO - Running: ['airflow', 'tasks', 'run', 'get_crypto_dag', 'ETH', 'scheduled__2023-05-20T00:00:00+00:00', '--job-id', '859', '--raw', '--subdir', 'DAGS_FOLDER/get_crypto.py', '--cfg-path', '/tmp/tmpkpplz75k', '--error-file', '/tmp/tmpae2qo59w']
[2023-07-17 22:02:26,162] {standard_task_runner.py:80} INFO - Job 859: Subtask ETH
[2023-07-17 22:02:26,271] {task_command.py:370} INFO - Running <TaskInstance: get_crypto_dag.ETH scheduled__2023-05-20T00:00:00+00:00 [running]> on host lucas-Estudos
[2023-07-17 22:02:26,386] {taskinstance.py:1569} INFO - Exporting the following env vars:
AIRFLOW_CTX_DAG_OWNER=airflow
AIRFLOW_CTX_DAG_ID=get_crypto_dag
AIRFLOW_CTX_TASK_ID=ETH
AIRFLOW_CTX_EXECUTION_DATE=2023-05-20T00:00:00+00:00
AIRFLOW_CTX_TRY_NUMBER=1
AIRFLOW_CTX_DAG_RUN_ID=scheduled__2023-05-20T00:00:00+00:00
[2023-07-17 22:02:31,072] {base.py:162} ERROR - ETH: No timezone found, symbol may be delisted
[2023-07-17 22:02:31,085] {python.py:173} INFO - Done. Returned value was: None
[2023-07-17 22:02:31,141] {taskinstance.py:1395} INFO - Marking task as SUCCESS. dag_id=get_crypto_dag, task_id=ETH, execution_date=20230520T000000, start_date=20230718T010226, end_date=20230718T010231
[2023-07-17 22:02:31,277] {local_task_job.py:156} INFO - Task exited with return code 0
[2023-07-17 22:02:31,384] {local_task_job.py:273} INFO - 0 downstream tasks scheduled from follow-on schedule check
[2023-07-18 10:36:02,154] {taskinstance.py:1159} INFO - Dependencies all met for <TaskInstance: get_crypto_dag.ETH scheduled__2023-05-20T00:00:00+00:00 [queued]>
[2023-07-18 10:36:02,176] {taskinstance.py:1159} INFO - Dependencies all met for <TaskInstance: get_crypto_dag.ETH scheduled__2023-05-20T00:00:00+00:00 [queued]>
[2023-07-18 10:36:02,177] {taskinstance.py:1356} INFO - 
--------------------------------------------------------------------------------
[2023-07-18 10:36:02,177] {taskinstance.py:1357} INFO - Starting attempt 1 of 1
[2023-07-18 10:36:02,177] {taskinstance.py:1358} INFO - 
--------------------------------------------------------------------------------
[2023-07-18 10:36:02,205] {taskinstance.py:1377} INFO - Executing <Task(_PythonDecoratedOperator): ETH> on 2023-05-20 00:00:00+00:00
[2023-07-18 10:36:02,214] {standard_task_runner.py:52} INFO - Started process 14228 to run task
[2023-07-18 10:36:02,221] {standard_task_runner.py:79} INFO - Running: ['airflow', 'tasks', 'run', 'get_crypto_dag', 'ETH', 'scheduled__2023-05-20T00:00:00+00:00', '--job-id', '1290', '--raw', '--subdir', 'DAGS_FOLDER/get_crypto.py', '--cfg-path', '/tmp/tmp_5l6itta', '--error-file', '/tmp/tmphtr0gg23']
[2023-07-18 10:36:02,224] {standard_task_runner.py:80} INFO - Job 1290: Subtask ETH
[2023-07-18 10:36:02,403] {task_command.py:370} INFO - Running <TaskInstance: get_crypto_dag.ETH scheduled__2023-05-20T00:00:00+00:00 [running]> on host lucas-Estudos
[2023-07-18 10:36:02,631] {taskinstance.py:1569} INFO - Exporting the following env vars:
AIRFLOW_CTX_DAG_OWNER=airflow
AIRFLOW_CTX_DAG_ID=get_crypto_dag
AIRFLOW_CTX_TASK_ID=ETH
AIRFLOW_CTX_EXECUTION_DATE=2023-05-20T00:00:00+00:00
AIRFLOW_CTX_TRY_NUMBER=1
AIRFLOW_CTX_DAG_RUN_ID=scheduled__2023-05-20T00:00:00+00:00
[2023-07-18 10:36:03,227] {base.py:162} ERROR - ETH: No timezone found, symbol may be delisted
[2023-07-18 10:36:03,237] {python.py:173} INFO - Done. Returned value was: None
[2023-07-18 10:36:03,286] {taskinstance.py:1395} INFO - Marking task as SUCCESS. dag_id=get_crypto_dag, task_id=ETH, execution_date=20230520T000000, start_date=20230718T133602, end_date=20230718T133603
[2023-07-18 10:36:03,357] {local_task_job.py:156} INFO - Task exited with return code 0
[2023-07-18 10:36:03,479] {local_task_job.py:273} INFO - 0 downstream tasks scheduled from follow-on schedule check
